[2025-11-08 22:14:23,990] INFO: Task received by worker
[2025-11-08 22:14:23,991] INFO: Starting task: Kleinanzeigen Product Scraper
[2025-11-08 22:14:23,992] DEBUG: Input data: {
  "searchQuery": "Druckerpatrone",
  "maxPages": "1",
  "brands": [
    {
      "brand": "Canon"
    }
  ]
}
[2025-11-08 22:14:24,001] INFO: Scraping 1 brand(s): Canon
[2025-11-08 22:14:25,939] INFO: Processing brand: Canon
[2025-11-08 22:14:26,344] DEBUG: Loading page 1: https://www.kleinanzeigen.de/s-Druckerpatrone-Canon/k0
[2025-11-08 22:14:33,220] DEBUG: Found 27 product in the page: 1
[2025-11-08 22:14:33,222] DEBUG: Fetching details: <a class="ellipsis" href="/s-anzeige/ankauf-ihrer-leeren-canon-und-hp-305-hp-305xl-hp-307xl-hp-304-hp-304xl-hp-303-hp-303xl-hp-302-hp-302xl-hp-301-301xl-62-62xl-300-300xl-901-leere-patronen-volle-ueberlagerte-druckerpatronen-toner/1764977037-225-9683">Ankauf Ihrer leeren Canon und HP 305 HP 305XL HP 307XL HP 304 HP 304XL HP 303 HP 303XL HP 302 HP 302XL HP 301 301XL 62 62XL 300 300XL 901 leere Patronen, volle überlagerte Druckerpatronen Toner</a>
[2025-11-08 22:14:38,173] INFO: Product saved: Ankauf Ihrer leeren Canon und HP 305 HP 305XL HP 3...
[2025-11-08 22:14:38,174] DEBUG: Fetching details: <a class="ellipsis" href="/s-anzeige/ankauf-ihrer-leeren-vollen-hp-und-canon-540-541-545-546-560-561-575-576-585-586-510-511-512-513-40-41-37-38-50-51-leere-volle-ueberlagerte-druckerpatronen-tintenpatronen-toner-hp-62-302-303-304-305/1117663714-225-9683">Ankauf Ihrer leeren, vollen HP und Canon 540 541 545 546 560 561 575 576 585 586 510 511 512 513 40 41 37 38 50 51 leere, volle überlagerte Druckerpatronen Tintenpatronen Toner + HP 62 302 303 304 305</a>
[2025-11-08 22:14:41,954] INFO: Product saved: Ankauf Ihrer leeren vollen HP und Canon 540 541 54...
[2025-11-08 22:14:41,956] DEBUG: Fetching details: <a class="ellipsis" href="/s-anzeige/canon-druckerpatronen-570-571-incl-canon-ts5055/3240340319-225-922">Canon Druckerpatronen 570/571 incl. Canon TS5055</a>
[2025-11-08 22:14:44,890] INFO: Product saved: Canon Druckerpatronen 570/571 incl. Canon TS5055...
[2025-11-08 22:14:44,895] DEBUG: Fetching details: <a class="ellipsis" href="/s-anzeige/druckerpatronen-fuer-canon-pixma-drucker/3240337721-225-26046">Druckerpatronen für Canon Pixma Drucker</a>
[2025-11-08 22:14:49,482] INFO: Product saved: Druckerpatronen für Canon Pixma Drucker...
[2025-11-08 22:14:49,483] DEBUG: Fetching details: <a class="ellipsis" href="/s-anzeige/2-druckerpatronen-fuer-canon-drucker-pg545xl-cl546xl-/3240335923-225-4571">2 Druckerpatronen für Canon Drucker: PG545XL,CL546XL.</a>
[2025-11-08 22:14:52,142] INFO: Product saved: 2 Druckerpatronen für Canon Drucker: PG545XLCL546X...
[2025-11-08 22:14:52,148] DEBUG: Fetching details: <a class="ellipsis" href="/s-anzeige/druckerpatronen-canon-ts-7450a/3240330396-225-16973">Druckerpatronen Canon TS 7450a</a>
[2025-11-08 22:14:54,181] INFO: Product saved: Druckerpatronen Canon TS 7450a...
[2025-11-08 22:14:54,182] DEBUG: Fetching details: <a class="ellipsis" href="/s-anzeige/28x-druckerpatronen-tintenpartonen-canon-drucker-551-und-550/3240304614-225-4711">28x Druckerpatronen Tintenpartonen Canon  Drucker 551 und 550</a>
[2025-11-08 22:14:56,359] INFO: Product saved: 28x Druckerpatronen Tintenpartonen Canon  Drucker ...
[2025-11-08 22:14:56,365] DEBUG: Fetching details: <a class="ellipsis" href="/s-anzeige/3x-original-canon-cli-551-xl-druckerpatronen-neu-druckertinte/3240302834-225-7924">3x Original Canon CLI 551 (XL) Druckerpatronen  neu, Druckertinte</a>
[2025-11-08 22:15:00,040] INFO: Product saved: 3x Original Canon CLI 551 (XL) Druckerpatronen  ne...
[2025-11-08 22:15:00,044] DEBUG: Fetching details: <a class="ellipsis" href="/s-anzeige/lxtek-druckerpatronen-580-581-multipack-kompatibel-fuer-canon-tr85/3240292302-225-9602">LxTek Druckerpatronen 580 581 Multipack Kompatibel für Canon TR85</a>
[2025-11-08 22:15:02,170] INFO: Product saved: LxTek Druckerpatronen 580 581 Multipack Kompatibel...
[2025-11-08 22:15:02,172] DEBUG: Fetching details: <a class="ellipsis" href="/s-anzeige/druckerpatrone-canon-ts-7450a-pg-560xl-black/3240205781-225-16973">Druckerpatrone Canon TS 7450a PG-560XL black</a>
[2025-11-08 22:15:04,125] INFO: Product saved: Druckerpatrone Canon TS 7450a PG-560XL black...
[2025-11-08 22:15:04,126] DEBUG: Fetching details: <a class="ellipsis" href="/s-anzeige/canon-pixmal-druckerpatronen-neu-blau-rot-schwarz-geld/3240195102-225-2490">Canon Pixmal Druckerpatronen neu blau rot schwarz Geld</a>
[2025-11-08 22:15:06,416] INFO: Product saved: Canon Pixmal Druckerpatronen neu blau rot schwarz ...
[2025-11-08 22:15:06,420] DEBUG: Fetching details: <a class="ellipsis" href="/s-anzeige/canon-pg-575-druckerpatrone/3240195077-225-25295">Canon PG 575 Druckerpatrone</a>
[2025-11-08 22:15:08,934] INFO: Product saved: Canon PG 575 Druckerpatrone...
[2025-11-08 22:15:08,940] DEBUG: Fetching details: <a class="ellipsis" href="/s-anzeige/druckerpatronen-mit-chip-fuer-canon-drucker-kopierer/3240186983-225-4104">Druckerpatronen mit Chip für Canon Drucker  / Kopierer</a>
[2025-11-08 22:15:12,540] INFO: Product saved: Druckerpatronen mit Chip für Canon Drucker  / Kopi...
[2025-11-08 22:15:12,547] DEBUG: Fetching details: <a class="ellipsis" href="/s-anzeige/druckerpatronen-canon/3240186887-225-16366">Druckerpatronen Canon</a>
[2025-11-08 22:15:15,234] INFO: Product saved: Druckerpatronen Canon...
[2025-11-08 22:15:15,235] DEBUG: Fetching details: <a class="ellipsis" href="/s-anzeige/druckerpatronen-fuer-canon-drucker/3240119637-225-5424">Druckerpatronen für Canon Drucker</a>
[2025-11-08 22:15:17,550] INFO: Product saved: Druckerpatronen für Canon Drucker...
[2025-11-08 22:15:17,551] DEBUG: Fetching details: <a class="ellipsis" href="/s-anzeige/druckerpatronen-canon-mg-6150/3240111041-225-8830">Druckerpatronen canon mg 6150</a>
[2025-11-08 22:15:30,404] INFO: Product saved: Druckerpatronen canon mg 6150...
[2025-11-08 22:15:30,405] DEBUG: Fetching details: <a class="ellipsis" href="/s-anzeige/druckerpatronen-canon-mg-6150/3240111039-225-8830">Druckerpatronen canon mg 6150</a>
[2025-11-08 22:15:42,471] INFO: Product saved: Druckerpatronen canon mg 6150...
[2025-11-08 22:15:42,472] DEBUG: Fetching details: <a class="ellipsis" href="/s-anzeige/kompatibel-canon-pgi-570xl-cli-571xl-druckerpatronen-multipack/3240095927-225-9419">Kompatibel Canon PGI-570XL/CLI-571XL Druckerpatronen Multipack</a>
[2025-11-08 22:15:44,573] INFO: Product saved: Kompatibel Canon PGI-570XL/CLI-571XL Druckerpatron...
[2025-11-08 22:15:44,575] DEBUG: Fetching details: <a class="ellipsis" href="/s-anzeige/druckerpatronen-canon-pixma/3240072819-93-8594">Druckerpatronen Canon Pixma</a>
[2025-11-08 22:15:47,009] INFO: Product saved: Druckerpatronen Canon Pixma...
[2025-11-08 22:15:47,012] DEBUG: Fetching details: <span class="ellipsis ref-not-linked" data-url="/s-anzeige/2-originale-druckerpatronen-und-5-kompatible-canon-maxify/3239996186-225-7980">2 originale Druckerpatronen und 5 kompatible Canon Maxify</span>
[2025-11-08 22:15:47,028] ERROR: Ad parse error: 'href'
[2025-11-08 22:15:47,030] DEBUG: Fetching details: <a class="ellipsis" href="/s-anzeige/4-kompatible-druckerpatronen-canon-pixma/3239990973-225-7980">4 kompatible Druckerpatronen Canon Pixma</a>
[2025-11-08 22:15:50,613] INFO: Product saved: 4 kompatible Druckerpatronen Canon Pixma...
[2025-11-08 22:15:50,614] DEBUG: Fetching details: <a class="ellipsis" href="/s-anzeige/druckerpatronen-canon-526/3239980805-225-7527">Druckerpatronen Canon 526</a>
[2025-11-08 22:15:53,214] INFO: Product saved: Druckerpatronen Canon 526...
[2025-11-08 22:15:53,215] DEBUG: Fetching details: <a class="ellipsis" href="/s-anzeige/druckerpatronen-xl-canon/3239936651-225-3460">Druckerpatronen XL Canon</a>
[2025-11-08 22:15:55,205] INFO: Product saved: Druckerpatronen XL Canon...
[2025-11-08 22:15:55,207] DEBUG: Fetching details: <a class="ellipsis" href="/s-anzeige/druckerpatrone-canon-540-black-pg-540/3239901733-225-7422">Druckerpatrone Canon 540 Black - PG-540</a>
[2025-11-08 22:15:57,117] INFO: Product saved: Druckerpatrone Canon 540 Black - PG-540...
[2025-11-08 22:15:57,118] DEBUG: Fetching details: <a class="ellipsis" href="/s-anzeige/atopink-pg540xl-schwarz-druckerpatrone-pg-540-xl-canon/3239898527-225-9358">ATOPINK  PG540XL schwarz, Druckerpatrone PG-540 XL Canon</a>
[2025-11-08 22:16:00,189] INFO: Product saved: ATOPINK  PG540XL schwarz Druckerpatrone PG-540 XL ...
[2025-11-08 22:16:00,192] DEBUG: Fetching details: <a class="ellipsis" href="/s-anzeige/canon-580-581-druckerpatronen-neu/3239841199-225-3199">Canon 580/581 Druckerpatronen neu</a>
[2025-11-08 22:16:02,428] INFO: Product saved: Canon 580/581 Druckerpatronen neu...
[2025-11-08 22:16:02,432] DEBUG: Fetching details: <span class="ellipsis ref-not-linked" data-url="/s-anzeige/canon-druckerpatrone-neu-color-546/3239826608-18-1147">Canon Druckerpatrone neu Color 546</span>
[2025-11-08 22:16:02,435] ERROR: Ad parse error: 'href'
[2025-11-08 22:16:03,616] INFO: Scraping complete: 25 products
[2025-11-08 22:16:03,627] INFO: Task completed successfully
