[2025-11-10 15:17:07,001] INFO: Task received by worker
[2025-11-10 15:17:07,002] INFO: Starting task: Kleinanzeigen Product Scraper
[2025-11-10 15:17:07,002] DEBUG: Input data: {
  "searchQuery": "Druckerpatrone",
  "brands": [
    {
      "brand": "HP"
    },
    {
      "brand": "Canon"
    },
    {
      "brand": "Epson"
    }
  ],
  "maxPages": 5
}
[2025-11-10 15:17:07,175] INFO: Scraping 3 brand(s): HP, Canon, Epson
[2025-11-10 15:17:08,534] INFO: Processing brand: HP
[2025-11-10 15:17:08,873] DEBUG: Loading page 1: https://www.kleinanzeigen.de/s-Druckerpatrone-HP/k0
[2025-11-10 15:17:13,244] DEBUG: Found 27 product in the page: 1
[2025-11-10 15:17:13,245] DEBUG: Fetching details: https://www.kleinanzeigen.de/s-anzeige/ankauf-ihrer-leeren-canon-und-hp-305-hp-305xl-hp-307xl-hp-304-hp-304xl-hp-303-hp-303xl-hp-302-hp-302xl-hp-301-301xl-62-62xl-300-300xl-901-leere-patronen-volle-ueberlagerte-druckerpatronen-toner/1764977037-225-9683
[2025-11-10 15:17:16,919] INFO: Product saved: Ankauf Ihrer leeren Canon und HP 305 HP 305XL HP 3...
[2025-11-10 15:17:16,920] DEBUG: Fetching details: https://www.kleinanzeigen.de/s-anzeige/ankauf-ihrer-leeren-vollen-hp-und-canon-540-541-545-546-560-561-575-576-585-586-510-511-512-513-40-41-37-38-50-51-leere-volle-ueberlagerte-druckerpatronen-tintenpatronen-toner-hp-62-302-303-304-305/1117663714-225-9683
[2025-11-10 15:17:19,433] INFO: Product saved: Ankauf Ihrer leeren vollen HP und Canon 540 541 54...
[2025-11-10 15:17:19,433] DEBUG: Fetching details: https://www.kleinanzeigen.de/s-anzeige/druckerpatronen-hp-953-xl/3242255882-225-6919
[2025-11-10 15:17:22,360] INFO: Product saved: Druckerpatronen HP 953 XL...
[2025-11-10 15:17:22,361] DEBUG: Fetching details: https://www.kleinanzeigen.de/s-anzeige/original-druckerpatrone-hp301xl/3242253067-225-2677
[2025-11-10 15:17:23,971] INFO: Product saved: Original Druckerpatrone hp301xl...
[2025-11-10 15:17:23,972] DEBUG: Fetching details: https://www.kleinanzeigen.de/s-anzeige/druckerpatrone-fuer-hp-drucker-zu-verschenken/3242246158-225-1834
[2025-11-10 15:17:25,169] INFO: Product saved: Druckerpatrone für HP Drucker zu verschenken...
[2025-11-10 15:17:25,170] DEBUG: Fetching details: https://www.kleinanzeigen.de/s-anzeige/hp-302-druckerpatrone/3242237656-225-4826
[2025-11-10 15:17:28,018] INFO: Product saved: HP 302 Druckerpatrone...
[2025-11-10 15:17:28,018] DEBUG: Fetching details: https://www.kleinanzeigen.de/s-anzeige/-satz-originale-hp-963xl-druckerpatronen-2026/3242228597-225-1950
[2025-11-10 15:17:29,808] INFO: Product saved: ---  Satz originale HP 963XL Druckerpatronen - - -...
[2025-11-10 15:17:29,810] DEBUG: Fetching details: https://www.kleinanzeigen.de/s-anzeige/hp-druckerpatronen-4-pack-950-951/3242224879-225-4895
[2025-11-10 15:17:31,243] INFO: Product saved: HP Druckerpatronen 4-Pack 950 951...
[2025-11-10 15:17:31,243] DEBUG: Fetching details: https://www.kleinanzeigen.de/s-anzeige/druckerpatronen-hp-drucker-farben-schwarz/3242220754-225-3507
[2025-11-10 15:17:32,570] INFO: Product saved: Druckerpatronen HP Drucker Farben+Schwarz...
[2025-11-10 15:17:32,571] DEBUG: Fetching details: https://www.kleinanzeigen.de/s-anzeige/2-druckerpatronen-schwarz-hp-901/3242219511-225-16495
[2025-11-10 15:17:34,335] INFO: Product saved: 2 Druckerpatronen schwarz HP 901...
[2025-11-10 15:17:34,335] DEBUG: Fetching details: https://www.kleinanzeigen.de/s-anzeige/hp-62xl-druckerpatronen/3242156403-225-9259
[2025-11-10 15:17:35,836] INFO: Product saved: HP 62XL Druckerpatronen...
[2025-11-10 15:17:35,837] DEBUG: Fetching details: https://www.kleinanzeigen.de/s-anzeige/hp-953xl-original-neu-druckerpatrone-tintenpatrone-4er-paket/3242149640-225-7964
[2025-11-10 15:17:37,765] INFO: Product saved: HP 953XL Original NEU Druckerpatrone Tintenpatrone...
[2025-11-10 15:17:37,767] DEBUG: Fetching details: https://www.kleinanzeigen.de/s-anzeige/tomax-druckerpatronen-950xl-951xl-hp-schwarz-cyan-magenta/3242124884-225-7439
[2025-11-10 15:17:39,824] INFO: Product saved: ToMax Druckerpatronen 950XL/951XL HP - schwarz/cya...
[2025-11-10 15:17:39,825] DEBUG: Fetching details: https://www.kleinanzeigen.de/s-anzeige/hp-62xl-black-druckerpatrone-haltbar-juni-2027/3242100640-225-16834
[2025-11-10 15:17:41,334] INFO: Product saved: HP 62XL Black Druckerpatrone haltbar Juni 2027...
[2025-11-10 15:17:41,334] DEBUG: Fetching details: https://www.kleinanzeigen.de/s-anzeige/druckerpatrone-hp-216-a/3242093140-225-1554
[2025-11-10 15:17:42,698] INFO: Product saved: Druckerpatrone hp 216 A...
[2025-11-10 15:17:42,706] ERROR: Ad parse error: can only concatenate str (not "NoneType") to str
[2025-11-10 15:17:42,707] ERROR: Ad parse error: can only concatenate str (not "NoneType") to str
[2025-11-10 15:17:42,708] DEBUG: Fetching details: https://www.kleinanzeigen.de/s-anzeige/hp-druckerpatrone-991xc-cyan-blau/3242014899-225-8771
[2025-11-10 15:17:44,209] INFO: Product saved: hp Druckerpatrone 991xc Cyan / Blau...
[2025-11-10 15:17:44,210] DEBUG: Fetching details: https://www.kleinanzeigen.de/s-anzeige/hp-druckerpatronen-991xc-magenta-rot-2x/3242011022-225-8771
[2025-11-10 15:17:45,881] INFO: Product saved: hp Druckerpatronen 991xc Magenta / Rot 2x...
[2025-11-10 15:17:45,881] DEBUG: Fetching details: https://www.kleinanzeigen.de/s-anzeige/druckerpatrone-wiederaufbereitet-fuer-hp-302-color-neu/3242010947-225-2512
[2025-11-10 15:17:47,369] INFO: Product saved: Druckerpatrone wiederaufbereitet für HP 302 Color ...
[2025-11-10 15:17:47,370] DEBUG: Fetching details: https://www.kleinanzeigen.de/s-anzeige/hp-druckerpatronen-991xc-yellow-gelb/3242008059-225-8771
[2025-11-10 15:17:48,825] INFO: Product saved: hp Druckerpatronen 991xc Yellow / Gelb...
[2025-11-10 15:17:48,826] DEBUG: Fetching details: https://www.kleinanzeigen.de/s-anzeige/hp-druckerpatronen-991xc-black-schwarz/3242002581-225-8771
[2025-11-10 15:17:50,294] INFO: Product saved: hp Druckerpatronen 991xc Black / Schwarz...
[2025-11-10 15:17:50,295] DEBUG: Fetching details: https://www.kleinanzeigen.de/s-anzeige/druckerpatrone-hp-951-xl/3241991389-225-2779
[2025-11-10 15:17:52,103] INFO: Product saved: Druckerpatrone HP 951 XL...
[2025-11-10 15:17:52,124] ERROR: Ad parse error: can only concatenate str (not "NoneType") to str
[2025-11-10 15:17:52,126] DEBUG: Fetching details: https://www.kleinanzeigen.de/s-anzeige/hp-druckerpatrone-modell-305-schwarz-x-2/3241938078-225-9296
[2025-11-10 15:17:54,162] INFO: Product saved: HP Druckerpatrone Modell 305 Schwarz x 2...
[2025-11-10 15:17:54,163] ERROR: Ad parse error: can only concatenate str (not "NoneType") to str
[2025-11-10 15:17:54,164] ERROR: Ad parse error: can only concatenate str (not "NoneType") to str
[2025-11-10 15:17:55,166] DEBUG: Loading page 2: https://www.kleinanzeigen.de/s-seite:2/Druckerpatrone-HP/k0
[2025-11-10 15:17:57,001] DEBUG: Found 25 product in the page: 2
[2025-11-10 15:17:57,003] DEBUG: Fetching details: https://www.kleinanzeigen.de/s-anzeige/3x-druckerpatrone-ersatz-hp-78-xl-schwarz-farbig-bk/3241894980-225-4302
[2025-11-10 15:17:58,751] INFO: Product saved: 3x Druckerpatrone Ersatz HP 78 xl schwarz farbig b...
[2025-11-10 15:17:58,753] DEBUG: Fetching details: https://www.kleinanzeigen.de/s-anzeige/hp-druckerpatrone-schwarz/3241893359-225-30133
[2025-11-10 15:18:00,274] INFO: Product saved: HP Druckerpatrone  schwarz...
[2025-11-10 15:18:00,276] DEBUG: Fetching details: https://www.kleinanzeigen.de/s-anzeige/hp-11-magenta-druckerpatronen-tintendrucker-patronen/3241848088-225-4234
[2025-11-10 15:18:01,561] INFO: Product saved: HP 11 magenta Druckerpatronen Tintendrucker Patron...
[2025-11-10 15:18:01,562] ERROR: Ad parse error: can only concatenate str (not "NoneType") to str
[2025-11-10 15:18:01,563] DEBUG: Fetching details: https://www.kleinanzeigen.de/s-anzeige/hp-22-druckerpatrone/3241795301-225-4014
[2025-11-10 15:18:02,935] INFO: Product saved: HP 22 Druckerpatrone...
[2025-11-10 15:18:02,936] DEBUG: Fetching details: https://www.kleinanzeigen.de/s-anzeige/original-verpackte-hp-druckerpatronen-302-xl-schwarz-und-dreifarb/3241776948-225-4388
[2025-11-10 15:18:05,068] INFO: Product saved: Original verpackte HP Druckerpatronen 302 XL Schwa...
[2025-11-10 15:18:05,069] DEBUG: Fetching details: https://www.kleinanzeigen.de/s-anzeige/hp-druckerpatronen-nr-300/3241750754-225-442
[2025-11-10 15:18:07,126] INFO: Product saved: HP Druckerpatronen Nr. 300...
[2025-11-10 15:18:07,126] DEBUG: Fetching details: https://www.kleinanzeigen.de/s-anzeige/neu-druckerpatronen-digital-revolution-alternativ-zu-hp/3183543661-225-9008
[2025-11-10 15:18:08,702] INFO: Product saved: Neu-Druckerpatronen - Digital Revolution alternati...
[2025-11-10 15:18:08,703] DEBUG: Fetching details: https://www.kleinanzeigen.de/s-anzeige/druckerpatronen-fuer-hp-drucker/3241708521-225-17266
[2025-11-10 15:18:10,523] INFO: Product saved: Druckerpatronen für HP Drucker...
[2025-11-10 15:18:10,525] DEBUG: Fetching details: https://www.kleinanzeigen.de/s-anzeige/hp-druckerpatrone/3241702727-225-963
[2025-11-10 15:18:11,904] INFO: Product saved: HP-Druckerpatrone...
[2025-11-10 15:18:11,905] DEBUG: Fetching details: https://www.kleinanzeigen.de/s-anzeige/17-leere-druckerpatronen-black-hp301-kmp-canon-545-isy/3241693908-225-4293
[2025-11-10 15:18:13,430] INFO: Product saved: 17 leere Druckerpatronen black HP301 KMP Canon 545...
[2025-11-10 15:18:13,431] DEBUG: Fetching details: https://www.kleinanzeigen.de/s-anzeige/druckerpatronen-h364xl-fuer-hp/3241693017-225-958
[2025-11-10 15:18:14,859] INFO: Product saved: Druckerpatronen H364XL für HP...
[2025-11-10 15:18:14,860] DEBUG: Fetching details: https://www.kleinanzeigen.de/s-anzeige/hp-6230-drucker-und-hp-934-druckerpatronen/3241680039-225-1912
[2025-11-10 15:18:16,725] INFO: Product saved: HP 6230 Drucker und HP 934 Druckerpatronen...
[2025-11-10 15:18:16,726] DEBUG: Fetching details: https://www.kleinanzeigen.de/s-anzeige/druckerpatrone-305-xl-black-hp-desk-jet/3241638215-225-7532
[2025-11-10 15:18:18,716] INFO: Product saved: Druckerpatrone 305 XL black HP Desk Jet...
[2025-11-10 15:18:18,717] DEBUG: Fetching details: https://www.kleinanzeigen.de/s-anzeige/druckerpatrone-hp-305/3241565234-225-19492
[2025-11-10 15:18:20,029] INFO: Product saved: Druckerpatrone hp 305...
[2025-11-10 15:18:20,030] DEBUG: Fetching details: https://www.kleinanzeigen.de/s-anzeige/hp-druckerpatronen-903xl-cyan-yellow-magenta/3241553902-225-2322
[2025-11-10 15:18:21,238] INFO: Product saved: HP Druckerpatronen 903XL Cyan Yellow Magenta...
[2025-11-10 15:18:21,239] DEBUG: Fetching details: https://www.kleinanzeigen.de/s-anzeige/hp-302-druckerpatronen-schwarz-2-packung/3241544968-225-6593
[2025-11-10 15:18:22,594] INFO: Product saved: HP 302 Druckerpatronen Schwarz 2 Packung...
[2025-11-10 15:18:22,595] DEBUG: Fetching details: https://www.kleinanzeigen.de/s-anzeige/hp-304-original-druckerpatronen-black-tricolor/3241521590-225-4896
[2025-11-10 15:18:23,952] INFO: Product saved: HP 304 Original Druckerpatronen black + tricolor...
[2025-11-10 15:18:23,953] DEBUG: Fetching details: https://www.kleinanzeigen.de/s-anzeige/leere-druckerpatronen-original-hp-912/3241480070-225-1091
[2025-11-10 15:18:25,227] INFO: Product saved: leere Druckerpatronen original HP 912...
[2025-11-10 15:18:25,228] DEBUG: Fetching details: https://www.kleinanzeigen.de/s-anzeige/hp-druckerpatronen/3241468100-225-4823
[2025-11-10 15:18:26,637] INFO: Product saved: HP Druckerpatronen...
[2025-11-10 15:18:26,639] ERROR: Ad parse error: can only concatenate str (not "NoneType") to str
[2025-11-10 15:18:26,640] DEBUG: Fetching details: https://www.kleinanzeigen.de/s-anzeige/druckerpatrone-hp-933xl-cyan-original-/3241427542-225-18262
[2025-11-10 15:18:29,146] INFO: Product saved: Druckerpatrone HP 933XL Cyan *Original*...
[2025-11-10 15:18:29,148] DEBUG: Fetching details: https://www.kleinanzeigen.de/s-anzeige/druckerpatrone-hp-933xl-magenta-original-/3241419176-225-18262
[2025-11-10 15:18:38,926] INFO: Product saved: Druckerpatrone HP 933XL Magenta *Original*...
[2025-11-10 15:18:38,927] DEBUG: Fetching details: https://www.kleinanzeigen.de/s-anzeige/hp-drucker-scanner-deskjet-2630-mit-vollen-druckerpatronen/3241413051-225-7981
[2025-11-10 15:18:41,531] INFO: Product saved: HP Drucker/Scanner Deskjet 2630 - mit vollen Druck...
[2025-11-10 15:18:41,543] ERROR: Ad parse error: can only concatenate str (not "NoneType") to str
[2025-11-10 15:18:42,547] DEBUG: Loading page 3: https://www.kleinanzeigen.de/s-seite:3/Druckerpatrone-HP/k0
[2025-11-10 15:18:44,764] DEBUG: Found 25 product in the page: 3
[2025-11-10 15:18:44,770] DEBUG: Fetching details: https://www.kleinanzeigen.de/s-anzeige/druckerpatronen-hp-364-xl/3241410663-225-254
[2025-11-10 15:18:46,801] INFO: Product saved: Druckerpatronen HP 364 XL...
[2025-11-10 15:18:46,804] DEBUG: Fetching details: https://www.kleinanzeigen.de/s-anzeige/hp-druckerpatronen/3241362912-225-2645
[2025-11-10 15:18:48,790] INFO: Product saved: HP Druckerpatronen...
[2025-11-10 15:18:48,792] DEBUG: Fetching details: https://www.kleinanzeigen.de/s-anzeige/toner-hp-cc531a-hp-304a-cyan-druckerpatrone-neu-ovp-/3241335948-225-6896
[2025-11-10 15:18:50,665] INFO: Product saved: Toner HP CC531A HP 304A cyan Druckerpatrone *neu/O...
[2025-11-10 15:18:50,666] DEBUG: Fetching details: https://www.kleinanzeigen.de/s-anzeige/drucker-hp-deskjet-2700-series-druckerpatrone-schwarz/3241324456-225-8083
[2025-11-10 15:18:52,706] INFO: Product saved: Drucker HP DeskJet 2700 Series + Druckerpatrone sc...
[2025-11-10 15:18:52,708] DEBUG: Fetching details: https://www.kleinanzeigen.de/s-anzeige/toner-hp-cc533a-hp-304a-magenta-druckerpatrone-neu-ovp-/3241316633-225-6896
[2025-11-10 15:18:55,208] INFO: Product saved: Toner HP CC533A HP 304A magenta Druckerpatrone *ne...
[2025-11-10 15:18:55,210] DEBUG: Fetching details: https://www.kleinanzeigen.de/s-anzeige/toner-hp-cc530a-304a-schwarze-druckerpatrone-neu-ovp-/3241296534-225-6896
[2025-11-10 15:18:56,808] INFO: Product saved: Toner HP CC530A 304A schwarze Druckerpatrone *neu/...
[2025-11-10 15:18:56,810] DEBUG: Fetching details: https://www.kleinanzeigen.de/s-anzeige/hp-953xl-bk-druckerpatronen/3241283016-225-8172
[2025-11-10 15:18:58,027] INFO: Product saved: HP 953Xl BK Druckerpatronen...
[2025-11-10 15:18:58,030] DEBUG: Fetching details: https://www.kleinanzeigen.de/s-anzeige/druckerpatrone-hp23-tricolour-neu-in-originalverpackung/3241272254-225-1688
[2025-11-10 15:18:59,385] INFO: Product saved: Druckerpatrone HP23 Tricolour neu in Originalverpa...
[2025-11-10 15:18:59,387] DEBUG: Fetching details: https://www.kleinanzeigen.de/s-anzeige/4x-hp-304-druckerpatrone/3241255484-225-2576
[2025-11-10 15:19:00,904] INFO: Product saved: 4x HP 304 Druckerpatrone...
[2025-11-10 15:19:00,905] DEBUG: Fetching details: https://www.kleinanzeigen.de/s-anzeige/hp-druckerpatronen-903/3241231609-225-1463
[2025-11-10 15:19:02,524] INFO: Product saved: HP Druckerpatronen 903...
[2025-11-10 15:19:02,526] DEBUG: Fetching details: https://www.kleinanzeigen.de/s-anzeige/hp-druckerpatronen-ovp/3241183539-225-3526
[2025-11-10 15:19:04,143] INFO: Product saved: HP Druckerpatronen OVP...
[2025-11-10 15:19:04,144] DEBUG: Fetching details: https://www.kleinanzeigen.de/s-anzeige/4x-druckerpatronen-hp-953xl-b-m-y-b-nicht-original-/3241172567-225-1542
[2025-11-10 15:19:05,837] INFO: Product saved: 4x Druckerpatronen HP 953XL B/M/Y/B NICHT ORIGINAL...
[2025-11-10 15:19:05,839] DEBUG: Fetching details: https://www.kleinanzeigen.de/s-anzeige/druckerpatronen-schwarz-hp-office-jet/3241168090-225-993
[2025-11-10 15:19:07,570] INFO: Product saved: Druckerpatronen schwarz HP Office Jet...
[2025-11-10 15:19:07,571] DEBUG: Fetching details: https://www.kleinanzeigen.de/s-anzeige/hp-druckerpatronen-303-xl/3241150778-225-20397
[2025-11-10 15:19:09,152] INFO: Product saved: HP Druckerpatronen 303 XL...
[2025-11-10 15:19:09,154] DEBUG: Fetching details: https://www.kleinanzeigen.de/s-anzeige/hp-933-xl-druckerpatronen/3241129061-225-7333
[2025-11-10 15:19:10,843] INFO: Product saved: Hp 933 xl Druckerpatronen...
[2025-11-10 15:19:10,845] DEBUG: Fetching details: https://www.kleinanzeigen.de/s-anzeige/hp-45-black-druckerpatronen-orginal-packung/3241109753-225-1063
[2025-11-10 15:19:12,260] INFO: Product saved: HP 45  Black Druckerpatronen  orginal packung...
[2025-11-10 15:19:12,261] DEBUG: Fetching details: https://www.kleinanzeigen.de/s-anzeige/druckerpatronen-fuer-hp-6422/3241074853-225-5834
[2025-11-10 15:19:13,560] INFO: Product saved: Druckerpatronen für HP 6422...
[2025-11-10 15:19:13,560] DEBUG: Fetching details: https://www.kleinanzeigen.de/s-anzeige/original-hp305xl-druckerpatrone-farbig-neu-versand-moeglich-/3241062693-225-1558
[2025-11-10 15:19:14,911] INFO: Product saved: Original HP305XL Druckerpatrone farbig *Neu* Versa...
[2025-11-10 15:19:14,913] DEBUG: Fetching details: https://www.kleinanzeigen.de/s-anzeige/druckerpatronen-hp-364-schwarz-2-stueck/3241041792-225-7666
[2025-11-10 15:19:16,731] INFO: Product saved: Druckerpatronen HP 364 - schwarz - 2 Stück...
[2025-11-10 15:19:16,732] DEBUG: Fetching details: https://www.kleinanzeigen.de/s-anzeige/druckerpatronen-fuer-hp-diverse/3241026285-225-6445
[2025-11-10 15:19:19,053] INFO: Product saved: Druckerpatronen für HP diverse...
[2025-11-10 15:19:19,054] DEBUG: Fetching details: https://www.kleinanzeigen.de/s-anzeige/hp-301-druckerpatronen-neu-wegen-fehlkauf/3240996329-225-20556
[2025-11-10 15:19:20,633] INFO: Product saved: HP 301 Druckerpatronen  neu wegen Fehlkauf...
[2025-11-10 15:19:20,635] DEBUG: Fetching details: https://www.kleinanzeigen.de/s-anzeige/druckerpatronen-hp-305-neu-s-w-farbe/3240940291-225-3106
[2025-11-10 15:19:21,848] INFO: Product saved: DRUCKERPATRONEN HP 305—NEU—S/W&Farbe...
[2025-11-10 15:19:21,849] DEBUG: Fetching details: https://www.kleinanzeigen.de/s-anzeige/hp-drucker-officejet-8012-3-xl-druckerpatronen/3240830825-225-2657
[2025-11-10 15:19:23,114] INFO: Product saved: HP Drucker Officejet 8012 + 3 XL Druckerpatronen...
[2025-11-10 15:19:23,115] DEBUG: Fetching details: https://www.kleinanzeigen.de/s-anzeige/neu-hp-tinten-druckerpatronen-schwarz/3240808554-225-9241
[2025-11-10 15:19:24,337] INFO: Product saved: NEU HP Tinten Druckerpatronen Schwarz...
[2025-11-10 15:19:24,338] DEBUG: Fetching details: https://www.kleinanzeigen.de/s-anzeige/druckerpatrone-hp-300-schwarz/3240802108-225-2124
[2025-11-10 15:19:25,772] INFO: Product saved: Druckerpatrone HP 300 schwarz...
[2025-11-10 15:19:26,772] DEBUG: Loading page 4: https://www.kleinanzeigen.de/s-seite:4/Druckerpatrone-HP/k0
[2025-11-10 15:19:27,954] DEBUG: Found 25 product in the page: 4
[2025-11-10 15:19:27,955] DEBUG: Fetching details: https://www.kleinanzeigen.de/s-anzeige/hp-druckerpatrone-304-original-verpackt/3240769663-225-1761
[2025-11-10 15:19:29,497] INFO: Product saved: hp Druckerpatrone 304 original verpackt...
[2025-11-10 15:19:29,497] DEBUG: Fetching details: https://www.kleinanzeigen.de/s-anzeige/hp-903xl-druckerpatronen-schwarz-cyan-magenta-original/3240751312-225-877
[2025-11-10 15:19:30,639] INFO: Product saved: HP 903XL Druckerpatronen Schwarz Cyan Magenta - Or...
[2025-11-10 15:19:30,639] DEBUG: Fetching details: https://www.kleinanzeigen.de/s-anzeige/hp903-xl-druckerpatrone-gelb/3240748156-225-9195
[2025-11-10 15:19:31,940] INFO: Product saved: HP903 XL Druckerpatrone - Gelb...
[2025-11-10 15:19:31,940] DEBUG: Fetching details: https://www.kleinanzeigen.de/s-anzeige/hp903-xl-druckerpatrone-schwarz/3240741763-225-9195
[2025-11-10 15:19:33,397] INFO: Product saved: HP903 XL Druckerpatrone - Schwarz...
[2025-11-10 15:19:33,398] DEBUG: Fetching details: https://www.kleinanzeigen.de/s-anzeige/hp-300-ink-cartridge-combo-2-pack-druckerpatronen/3240734916-225-4526
[2025-11-10 15:19:34,764] INFO: Product saved: HP 300 Ink Cartridge Combo 2 Pack Druckerpatronen...
[2025-11-10 15:19:34,765] DEBUG: Fetching details: https://www.kleinanzeigen.de/s-anzeige/hp-druckerpatronen/3240727106-225-1649
[2025-11-10 15:19:36,612] INFO: Product saved: hp-Druckerpatronen...
[2025-11-10 15:19:36,613] ERROR: Ad parse error: can only concatenate str (not "NoneType") to str
[2025-11-10 15:19:36,614] DEBUG: Fetching details: https://www.kleinanzeigen.de/s-anzeige/neue-originale-hp-951-magenta-druckerpatrone/3240689607-225-7729
[2025-11-10 15:19:38,042] INFO: Product saved: Neue Originale HP 951  Magenta Druckerpatrone...
[2025-11-10 15:19:38,043] DEBUG: Fetching details: https://www.kleinanzeigen.de/s-anzeige/hp-druckerpatronen-953-4-pack/3240674938-225-4495
[2025-11-10 15:19:39,490] INFO: Product saved: HP Druckerpatronen 953 / 4-pack...
[2025-11-10 15:19:39,492] DEBUG: Fetching details: https://www.kleinanzeigen.de/s-anzeige/hp-druckerpatronen-10-11-alle-ovp-22-stueck/3240655069-225-2826
[2025-11-10 15:19:41,366] INFO: Product saved: HP Druckerpatronen 10 - 11 alle OVP 22 Stück...
[2025-11-10 15:19:41,370] DEBUG: Fetching details: https://www.kleinanzeigen.de/s-anzeige/druckerpatronen-hp363/3240654642-225-5834
[2025-11-10 15:19:42,826] INFO: Product saved: Druckerpatronen HP363...
[2025-11-10 15:19:42,828] DEBUG: Fetching details: https://www.kleinanzeigen.de/s-anzeige/hp-druckerpatronen-981yc-original-produkte-4er-set-farbe-in-ovp/3240637650-225-4816
[2025-11-10 15:19:44,312] INFO: Product saved: HP Druckerpatronen 981YC Original Produkte 4er-Set...
[2025-11-10 15:19:44,315] DEBUG: Fetching details: https://www.kleinanzeigen.de/s-anzeige/hp-935-druckerpatronen/3240637197-225-6406
[2025-11-10 15:19:46,709] INFO: Product saved: HP 935 Druckerpatronen...
[2025-11-10 15:19:46,711] DEBUG: Fetching details: https://www.kleinanzeigen.de/s-anzeige/druckerpatrone-hp-951-xl-magenta/3240620402-225-6021
[2025-11-10 15:19:48,835] INFO: Product saved: Druckerpatrone HP 951 XL magenta...
[2025-11-10 15:19:48,837] DEBUG: Fetching details: https://www.kleinanzeigen.de/s-anzeige/druckerpatrone-hp-951xl-magenta/3240615823-225-6021
[2025-11-10 15:19:50,639] INFO: Product saved: Druckerpatrone HP 951XL magenta...
[2025-11-10 15:19:50,642] DEBUG: Fetching details: https://www.kleinanzeigen.de/s-anzeige/druckerpatrone-hp-17-a-schwarz/3240607032-225-9509
[2025-11-10 15:19:52,610] INFO: Product saved: Druckerpatrone HP 17 A schwarz...
[2025-11-10 15:19:52,612] DEBUG: Fetching details: https://www.kleinanzeigen.de/s-anzeige/druckerpatronen-hp-officejet-pro-950xl-und-951xl/3240601227-225-6206
[2025-11-10 15:19:55,039] INFO: Product saved: Druckerpatronen HP Officejet Pro - 950XL und 951XL...
[2025-11-10 15:19:55,043] DEBUG: Fetching details: https://www.kleinanzeigen.de/s-anzeige/suche-hp-druckerpatrone-951/3240558518-225-7337
[2025-11-10 15:19:56,549] INFO: Product saved: Suche hp  Druckerpatrone 951...
[2025-11-10 15:19:56,551] DEBUG: Fetching details: https://www.kleinanzeigen.de/s-anzeige/2x-druckerpatronen-black-hp-301-xl/3240522748-225-136
[2025-11-10 15:19:58,446] INFO: Product saved: 2x Druckerpatronen /Black HP 301 XL...
[2025-11-10 15:19:58,450] DEBUG: Fetching details: https://www.kleinanzeigen.de/s-anzeige/druckerpatronen-hp-932-und-932-xl/3240504117-225-8375
[2025-11-10 15:20:00,649] INFO: Product saved: Druckerpatronen  HP 932 und 932 XL...
[2025-11-10 15:20:00,654] DEBUG: Fetching details: https://www.kleinanzeigen.de/s-anzeige/druckerpatrone-hp-302-xl-color/3240482979-225-3122
[2025-11-10 15:20:03,885] INFO: Product saved: Druckerpatrone HP  302 XL Color...
[2025-11-10 15:20:03,910] DEBUG: Fetching details: https://www.kleinanzeigen.de/s-anzeige/hp-druckerpatronen-304-schwarz-farbig/3240470642-225-23691
[2025-11-10 15:20:06,302] INFO: Product saved: HP Druckerpatronen 304 schwarz / farbig...
[2025-11-10 15:20:06,306] DEBUG: Fetching details: https://www.kleinanzeigen.de/s-anzeige/original-hp-903-t6l87ae-druckerpatrone-cyan/3240372659-225-4944
[2025-11-10 15:20:08,812] INFO: Product saved: Original HP 903 / T6L87AE Druckerpatrone Cyan...
[2025-11-10 15:20:08,816] DEBUG: Fetching details: https://www.kleinanzeigen.de/s-anzeige/hp-903-blau-original-druckerpatrone-fuer-hp/3240372356-225-4944
[2025-11-10 15:20:10,543] INFO: Product saved: HP 903 Blau Original Druckerpatrone für HP...
[2025-11-10 15:20:10,545] DEBUG: Fetching details: https://www.kleinanzeigen.de/s-anzeige/hp-druckerpatronen-953-xl/3240332686-225-7962
[2025-11-10 15:20:12,664] INFO: Product saved: HP Druckerpatronen - 953 XL...
[2025-11-10 15:20:13,666] DEBUG: Loading page 5: https://www.kleinanzeigen.de/s-seite:5/Druckerpatrone-HP/k0
[2025-11-10 15:20:15,636] DEBUG: Found 25 product in the page: 5
[2025-11-10 15:20:15,638] ERROR: Ad parse error: can only concatenate str (not "NoneType") to str
[2025-11-10 15:20:15,640] ERROR: Ad parse error: list index out of range
[2025-11-10 15:20:15,641] ERROR: Ad parse error: can only concatenate str (not "NoneType") to str
[2025-11-10 15:20:15,642] DEBUG: Fetching details: https://www.kleinanzeigen.de/s-anzeige/druckerpatrone-hp-designjet-712-schwarz/3240216373-225-6817
[2025-11-10 15:20:17,355] INFO: Product saved: Druckerpatrone hp DesignJet 712 Schwarz...
[2025-11-10 15:20:17,359] DEBUG: Fetching details: https://www.kleinanzeigen.de/s-anzeige/druckerpatrone-hp364-xl-schwarz-originalverpackt/3240198846-225-5537
[2025-11-10 15:20:18,846] INFO: Product saved: Druckerpatrone HP364 XL schwarz originalverpackt...
[2025-11-10 15:20:18,848] ERROR: Ad parse error: can only concatenate str (not "NoneType") to str
[2025-11-10 15:20:18,848] ERROR: Ad parse error: can only concatenate str (not "NoneType") to str
[2025-11-10 15:20:18,849] DEBUG: Fetching details: https://www.kleinanzeigen.de/s-anzeige/druckerpatrone-original-hp-920xl-schwarz/3240134226-225-528
[2025-11-10 15:20:20,699] INFO: Product saved: Druckerpatrone original HP 920XL schwarz...
[2025-11-10 15:20:20,703] DEBUG: Fetching details: https://www.kleinanzeigen.de/s-anzeige/druckerpatronen-neu-original-hp-250dw-270dw-8100-8600-serie/3197112752-225-7814
[2025-11-10 15:20:22,652] INFO: Product saved: Druckerpatronen NEU Original/ HP 250dw270dw8100860...
[2025-11-10 15:20:22,655] DEBUG: Fetching details: https://www.kleinanzeigen.de/s-anzeige/druckerpatronen-patronen-364-xl-set-hp-drucker/3240126303-225-7875
[2025-11-10 15:20:24,527] INFO: Product saved: Druckerpatronen Patronen 364 XL Set HP Drucker...
[2025-11-10 15:20:24,528] DEBUG: Fetching details: https://www.kleinanzeigen.de/s-anzeige/druckerpatronen-hp-933/3240122917-225-5840
[2025-11-10 15:20:26,112] INFO: Product saved: Druckerpatronen HP 933...
[2025-11-10 15:20:26,114] DEBUG: Fetching details: https://www.kleinanzeigen.de/s-anzeige/953xl-953-xl-druckerpatronen-kompatibel-hp/3240110319-225-3157
[2025-11-10 15:20:27,965] INFO: Product saved: 953XL 953 XL Druckerpatronen Kompatibel hp...
[2025-11-10 15:20:27,969] DEBUG: Fetching details: https://www.kleinanzeigen.de/s-anzeige/8-neue-orginal-verpackte-druckerpatronen-hp-62-xl/3240101406-225-3660
[2025-11-10 15:20:29,613] INFO: Product saved: 8 Neue Orginal verpackte Druckerpatronen  HP 62 Xl...
[2025-11-10 15:20:29,615] DEBUG: Fetching details: https://www.kleinanzeigen.de/s-anzeige/hp-druckerpatrone-4-pack-933-932xl-mhd2022/3240094828-225-18758
[2025-11-10 15:20:30,788] INFO: Product saved: Hp Druckerpatrone 4-pack 933/932XL MHD2022...
[2025-11-10 15:20:30,795] DEBUG: Fetching details: https://www.kleinanzeigen.de/s-anzeige/original-hp-druckerpatrone-901-dreifarbig/3240055436-225-16905
[2025-11-10 15:20:32,051] INFO: Product saved: Original HP Druckerpatrone 901 Dreifarbig...
[2025-11-10 15:20:32,052] DEBUG: Fetching details: https://www.kleinanzeigen.de/s-anzeige/druckerpatronen-hp-und-epson/3240053840-225-10590
[2025-11-10 15:20:33,238] INFO: Product saved: Druckerpatronen HP und Epson...
[2025-11-10 15:20:33,240] DEBUG: Fetching details: https://www.kleinanzeigen.de/s-anzeige/hp-druckerpatronen-2er-pack/3239994612-225-855
[2025-11-10 15:20:34,412] INFO: Product saved: HP Druckerpatronen 2er Pack...
[2025-11-10 15:20:34,414] DEBUG: Fetching details: https://www.kleinanzeigen.de/s-anzeige/hp-druckerpatrone-original-verpackt-schwarz/3239976912-225-1854
[2025-11-10 15:20:35,562] INFO: Product saved: HP Druckerpatrone original verpackt schwarz...
[2025-11-10 15:20:35,565] DEBUG: Fetching details: https://www.kleinanzeigen.de/s-anzeige/hp-druckerpatrone-903xl-original-gelb-cyan-magenta/3239945684-225-7570
[2025-11-10 15:20:37,075] INFO: Product saved: HP Druckerpatrone 903XL  Original  Gelb Cyan Magen...
[2025-11-10 15:20:37,078] DEBUG: Fetching details: https://www.kleinanzeigen.de/s-anzeige/druckerpatronen-hp-laserjet/3239940688-225-1034
[2025-11-10 15:20:39,054] INFO: Product saved: Druckerpatronen HP/ Laserjet...
[2025-11-10 15:20:39,056] DEBUG: Fetching details: https://www.kleinanzeigen.de/s-anzeige/druckerpatronen-neu-verpackt-fuer-hp-laserjet/3239937702-225-1034
[2025-11-10 15:20:41,036] INFO: Product saved: Druckerpatronen neu verpackt für HP/Laserjet...
[2025-11-10 15:20:41,037] DEBUG: Fetching details: https://www.kleinanzeigen.de/s-anzeige/druckerpatronen-hp-951/3239930923-225-2632
[2025-11-10 15:20:42,732] INFO: Product saved: Druckerpatronen HP 951...
[2025-11-10 15:20:42,734] DEBUG: Fetching details: https://www.kleinanzeigen.de/s-anzeige/4x-hp-druckerpatronen-410xl/3239928432-225-9559
[2025-11-10 15:20:44,392] INFO: Product saved: 4x HP Druckerpatronen 410XL...
[2025-11-10 15:20:44,394] DEBUG: Fetching details: https://www.kleinanzeigen.de/s-anzeige/hp-304a-schwarz-black-patrone-druckerpatrone/3239897889-225-9103
[2025-11-10 15:20:47,467] INFO: Product saved: HP 304A schwarz black Patrone Druckerpatrone...
[2025-11-10 15:20:47,468] ERROR: Ad parse error: can only concatenate str (not "NoneType") to str
[2025-11-10 15:20:49,086] INFO: Processing brand: Canon
[2025-11-10 15:20:49,281] DEBUG: Loading page 1: https://www.kleinanzeigen.de/s-Druckerpatrone-Canon/k0
[2025-11-10 15:20:58,507] DEBUG: Found 27 product in the page: 1
[2025-11-10 15:20:58,508] DEBUG: Fetching details: https://www.kleinanzeigen.de/s-anzeige/ankauf-ihrer-leeren-canon-und-hp-305-hp-305xl-hp-307xl-hp-304-hp-304xl-hp-303-hp-303xl-hp-302-hp-302xl-hp-301-301xl-62-62xl-300-300xl-901-leere-patronen-volle-ueberlagerte-druckerpatronen-toner/1764977037-225-9683
[2025-11-10 15:21:02,006] INFO: Product saved: Ankauf Ihrer leeren Canon und HP 305 HP 305XL HP 3...
[2025-11-10 15:21:02,007] DEBUG: Fetching details: https://www.kleinanzeigen.de/s-anzeige/ankauf-ihrer-leeren-vollen-hp-und-canon-540-541-545-546-560-561-575-576-585-586-510-511-512-513-40-41-37-38-50-51-leere-volle-ueberlagerte-druckerpatronen-tintenpatronen-toner-hp-62-302-303-304-305/1117663714-225-9683
[2025-11-10 15:21:07,658] INFO: Product saved: Ankauf Ihrer leeren vollen HP und Canon 540 541 54...
[2025-11-10 15:21:07,659] DEBUG: Fetching details: https://www.kleinanzeigen.de/s-anzeige/9x-druckerpatronen-in-ovp-kompatibel-zu-canon/3242239227-225-4721
[2025-11-10 15:21:11,694] INFO: Product saved: 9x Druckerpatronen in OVP kompatibel zu CANON...
[2025-11-10 15:21:11,695] DEBUG: Fetching details: https://www.kleinanzeigen.de/s-anzeige/druckerpatronen-set-cli-571-xl-pgi-570xl-fuer-canon-drucker/3242236942-225-5740
[2025-11-10 15:21:16,124] INFO: Product saved: Druckerpatronen Set CLI 571 XL PGI 570XL für Canon...
[2025-11-10 15:21:16,127] DEBUG: Fetching details: https://www.kleinanzeigen.de/s-anzeige/canon-druckerpatronen/3242225656-225-18374
[2025-11-10 15:21:20,007] INFO: Product saved: Canon Druckerpatronen...
[2025-11-10 15:21:20,010] DEBUG: Fetching details: https://www.kleinanzeigen.de/s-anzeige/canon-druckerpatronen/3242218907-225-7729
[2025-11-10 15:21:22,723] INFO: Product saved: CANON Druckerpatronen...
[2025-11-10 15:21:22,724] ERROR: Ad parse error: can only concatenate str (not "NoneType") to str
[2025-11-10 15:21:22,725] DEBUG: Fetching details: https://www.kleinanzeigen.de/s-anzeige/8-druckerpatronen-fuer-canon/3242159298-225-17392
[2025-11-10 15:21:26,621] INFO: Product saved: 8 Druckerpatronen für Canon...
[2025-11-10 15:21:26,623] DEBUG: Fetching details: https://www.kleinanzeigen.de/s-anzeige/pixma-546-und-545-canon-druckerpatronen-set/3242159147-225-9259
[2025-11-10 15:21:29,928] INFO: Product saved: Pixma 546 und 545 Canon Druckerpatronen set...
[2025-11-10 15:21:29,931] DEBUG: Fetching details: https://www.kleinanzeigen.de/s-anzeige/canon-druckerpatronen-typ-571/3242128162-225-7417
[2025-11-10 15:21:32,986] INFO: Product saved: Canon Druckerpatronen Typ 571...
[2025-11-10 15:21:32,989] DEBUG: Fetching details: https://www.kleinanzeigen.de/s-anzeige/canon-druckerpatronen-typ-526/3242125674-225-7417
[2025-11-10 15:21:35,520] INFO: Product saved: Canon Druckerpatronen Typ 526...
[2025-11-10 15:21:35,524] DEBUG: Fetching details: https://www.kleinanzeigen.de/s-anzeige/570xl-571xl-kompatibel-fuer-canon-druckerpatronen-patronen-neu/3242108682-225-322
[2025-11-10 15:21:37,443] INFO: Product saved: 570XL 571XL kompatibel für Canon Druckerpatronen P...
[2025-11-10 15:21:37,444] DEBUG: Fetching details: https://www.kleinanzeigen.de/s-anzeige/original-canon-druckerpatronen-cli-571-/3242074073-225-20670
[2025-11-10 15:21:39,189] INFO: Product saved: Original Canon Druckerpatronen CLI-571()...
[2025-11-10 15:21:39,191] DEBUG: Fetching details: https://www.kleinanzeigen.de/s-anzeige/canon-drucker-druckerpatronen-black-yellow-cyan-magenta/3242068649-225-5635
[2025-11-10 15:21:40,776] INFO: Product saved: Canon Drucker Druckerpatronen black yellow Cyan ma...
[2025-11-10 15:21:40,777] DEBUG: Fetching details: https://www.kleinanzeigen.de/s-anzeige/canon-pgi-580-cli-581-druckerpatronen-multipack/3242068046-225-20176
[2025-11-10 15:21:42,583] INFO: Product saved: Canon PGI-580 + CLI-581 Druckerpatronen Multipack...
[2025-11-10 15:21:42,585] DEBUG: Fetching details: https://www.kleinanzeigen.de/s-anzeige/canon-pg40-und-cl41-druckerpatronen-set-pixma-black-color/3242058227-225-963
[2025-11-10 15:21:47,323] INFO: Product saved: Canon PG40 und CL41 Druckerpatronen Set Pixma Blac...
[2025-11-10 15:21:47,325] ERROR: Ad parse error: can only concatenate str (not "NoneType") to str
[2025-11-10 15:21:47,327] DEBUG: Fetching details: https://www.kleinanzeigen.de/s-anzeige/neue-druckerpatronen-canon-ts6151-guenstig-abzugeben/3242041114-225-8783
[2025-11-10 15:21:48,904] INFO: Product saved: Neue Druckerpatronen Canon TS6151 günstig abzugebe...
[2025-11-10 15:21:48,906] DEBUG: Fetching details: https://www.kleinanzeigen.de/s-anzeige/druckerpatrone-canon-pixma-546-color-und-545-black-xl/3242012971-225-8784
[2025-11-10 15:21:50,284] INFO: Product saved: Druckerpatrone Canon Pixma 546 Color und 545 Black...
[2025-11-10 15:21:50,285] DEBUG: Fetching details: https://www.kleinanzeigen.de/s-anzeige/druckerpatronen-fuer-canon/3241975278-225-6814
[2025-11-10 15:21:51,836] INFO: Product saved: Druckerpatronen für Canon...
[2025-11-10 15:21:51,837] DEBUG: Fetching details: https://www.kleinanzeigen.de/s-anzeige/drucker-canon-pixma-ts5050-mit-druckerpatronen-funktioniert-/3241956207-225-991
[2025-11-10 15:21:53,488] INFO: Product saved: Drucker Canon Pixma TS5050 mit Druckerpatronen - f...
[2025-11-10 15:21:53,488] DEBUG: Fetching details: https://www.kleinanzeigen.de/s-anzeige/druckerpatrone-fuer-canon-pixma-5222bb005-pg-540-xl-/3241947783-225-1949
[2025-11-10 15:21:56,177] INFO: Product saved: Druckerpatrone für Canon Pixma (5222BB005 PG 540 X...
[2025-11-10 15:21:56,178] DEBUG: Fetching details: https://www.kleinanzeigen.de/s-anzeige/canon-bci-24-color-druckerpatrone-ink-tank/3241926233-225-6401
[2025-11-10 15:21:58,027] INFO: Product saved: Canon BCI-24 Color Druckerpatrone Ink Tank...
[2025-11-10 15:21:58,028] DEBUG: Fetching details: https://www.kleinanzeigen.de/s-anzeige/druckerpatrone-fuer-canon-schwarz-540xl/3241917284-225-7011
[2025-11-10 15:22:00,173] INFO: Product saved: Druckerpatrone für Canon schwarz 540XL...
[2025-11-10 15:22:00,178] DEBUG: Fetching details: https://www.kleinanzeigen.de/s-anzeige/canon-druckerpatronen-pg550-und-angebr-nachfuellset-fuer-bastler/3241866492-225-1681
[2025-11-10 15:22:02,463] INFO: Product saved: Canon Druckerpatronen PG550 und angebr. Nachfüllse...
[2025-11-10 15:22:02,466] DEBUG: Fetching details: https://www.kleinanzeigen.de/s-anzeige/druckerpatrone-canon-original-cli-571-y-gelb-/3241853639-225-5524
[2025-11-10 15:22:04,523] INFO: Product saved: Druckerpatrone Canon Original CLI - 571 Y (gelb)...
[2025-11-10 15:22:04,527] DEBUG: Fetching details: https://www.kleinanzeigen.de/s-anzeige/druckerpatrone-canon-orig-cli-571-bk-schwarz-/3241851378-225-5524
[2025-11-10 15:22:12,433] INFO: Product saved: Druckerpatrone Canon Orig. CLI - 571 BK (schwarz)...
[2025-11-10 15:22:13,436] DEBUG: Loading page 2: https://www.kleinanzeigen.de/s-seite:2/Druckerpatrone-Canon/k0
[2025-11-10 15:22:32,725] DEBUG: Found 25 product in the page: 2
[2025-11-10 15:22:32,729] DEBUG: Fetching details: https://www.kleinanzeigen.de/s-anzeige/druckerpatronen-575xl-576xl-komp-canon-neu-b-y-m-c/3241762622-225-7897
[2025-11-10 15:22:36,488] INFO: Product saved: Druckerpatronen 575XL / 576XL Komp. Canon Neu B Y ...
[2025-11-10 15:22:36,493] DEBUG: Fetching details: https://www.kleinanzeigen.de/s-anzeige/druckerpatrone-canon-pixma-561-/3241762321-225-1920
[2025-11-10 15:22:52,732] INFO: Product saved: Druckerpatrone Canon Pixma561....
[2025-11-10 15:22:52,734] DEBUG: Fetching details: https://www.kleinanzeigen.de/s-anzeige/ovp-canon-druckerpatronen-xl-pixma-551-550/3241752362-225-9389
[2025-11-10 15:23:23,988] ERROR: Ad parse error: Page.goto: Timeout 30000ms exceeded.
Call log:
  - navigating to "https://www.kleinanzeigen.de/s-anzeige/ovp-canon-druckerpatronen-xl-pixma-551-550/3241752362-225-9389", waiting until "load"

[2025-11-10 15:23:24,157] DEBUG: Fetching details: https://www.kleinanzeigen.de/s-anzeige/17-leere-druckerpatronen-black-hp301-kmp-canon-545-isy/3241693908-225-4293
[2025-11-10 15:23:32,153] INFO: Product saved: 17 leere Druckerpatronen black HP301 KMP Canon 545...
[2025-11-10 15:23:32,156] DEBUG: Fetching details: https://www.kleinanzeigen.de/s-anzeige/3-stueck-original-druckerpatronen-canon-540l/3241693608-225-6734
[2025-11-10 15:23:34,656] INFO: Product saved: 3 Stück Original  Druckerpatronen Canon 540L...
[2025-11-10 15:23:34,657] DEBUG: Fetching details: https://www.kleinanzeigen.de/s-anzeige/canon-druckerpatronen/3241664519-93-18674
[2025-11-10 15:23:37,776] INFO: Product saved: Canon Druckerpatronen...
[2025-11-10 15:23:37,776] DEBUG: Fetching details: https://www.kleinanzeigen.de/s-anzeige/druckerpatronen-canon-pixma-ink-print/3241641521-225-30159
[2025-11-10 15:23:39,483] INFO: Product saved: Druckerpatronen Canon Pixma ink&print...
[2025-11-10 15:23:39,486] DEBUG: Fetching details: https://www.kleinanzeigen.de/s-anzeige/canon-pg-40-cl-41-druckerpatronen-schwarz-color/3241633184-225-6482
[2025-11-10 15:23:41,811] INFO: Product saved: Canon pg-40 cl-41 Druckerpatronen schwarz + Color...
[2025-11-10 15:23:41,813] DEBUG: Fetching details: https://www.kleinanzeigen.de/s-anzeige/druckerpatronen-fuer-canon-pixma-ts5050/3241613049-225-2728
[2025-11-10 15:23:44,639] INFO: Product saved: Druckerpatronen für Canon pixma ts5050...
[2025-11-10 15:23:44,640] DEBUG: Fetching details: https://www.kleinanzeigen.de/s-anzeige/tinten-druckerpatronen-canon-mg-5200-series/3241586195-225-1114
[2025-11-10 15:23:46,956] INFO: Product saved: Tinten Druckerpatronen Canon MG 5200 Series...
[2025-11-10 15:23:46,957] DEBUG: Fetching details: https://www.kleinanzeigen.de/s-anzeige/druckerpatronen-fuer-canon-drucker-pgi-550-cli/3241529913-225-1476
[2025-11-10 15:23:48,572] INFO: Product saved: Druckerpatronen für Canon Drucker PGI- 550-CLI...
[2025-11-10 15:23:48,573] DEBUG: Fetching details: https://www.kleinanzeigen.de/s-anzeige/orginal-canon-cl-546xl-color-tintenpatrone-druckerpatrone/3241514103-225-4682
[2025-11-10 15:23:50,110] INFO: Product saved: Orginal Canon CL-546XL Color Tintenpatrone/ Drucke...
[2025-11-10 15:23:50,111] DEBUG: Fetching details: https://www.kleinanzeigen.de/s-anzeige/druckerpatronen-canon/3241513755-225-1952
[2025-11-10 15:23:51,548] INFO: Product saved: Druckerpatronen Canon...
[2025-11-10 15:23:51,549] DEBUG: Fetching details: https://www.kleinanzeigen.de/s-anzeige/druckerpatronen-canon-pixma/3241500126-225-18523
[2025-11-10 15:23:53,130] INFO: Product saved: Druckerpatronen Canon Pixma...
[2025-11-10 15:23:53,131] DEBUG: Fetching details: https://www.kleinanzeigen.de/s-anzeige/druckerpatrone-canon-521-gy-cli-521gy-/3241498348-225-7620
[2025-11-10 15:23:54,680] INFO: Product saved: Druckerpatrone Canon 521 GY (CLI-521GY)...
[2025-11-10 15:23:54,681] DEBUG: Fetching details: https://www.kleinanzeigen.de/s-anzeige/druckerpatronen-canon-550xl-551xl-47stk-/3241495892-225-1818
[2025-11-10 15:23:56,116] INFO: Product saved: Druckerpatronen Canon 550XL / 551XL - 47Stk....
[2025-11-10 15:23:56,116] DEBUG: Fetching details: https://www.kleinanzeigen.de/s-anzeige/druckerpatronen-fuer-canon-maxify-5100/3241495111-225-989
[2025-11-10 15:23:57,626] INFO: Product saved: Druckerpatronen für Canon Maxify 5100...
[2025-11-10 15:23:57,627] DEBUG: Fetching details: https://www.kleinanzeigen.de/s-anzeige/original-canon-druckerpatronen-cli-581-pgi-580/3241479195-225-9421
[2025-11-10 15:23:59,153] INFO: Product saved: Original Canon Druckerpatronen CLI-581 PGI-580...
[2025-11-10 15:23:59,154] DEBUG: Fetching details: https://www.kleinanzeigen.de/s-anzeige/druckerpatronen-canon-pixma/3241433156-225-16412
[2025-11-10 15:24:00,895] INFO: Product saved: Druckerpatronen Canon Pixma...
[2025-11-10 15:24:00,896] DEBUG: Fetching details: https://www.kleinanzeigen.de/s-anzeige/druckerpatronen-canon-pixma-ip-7200-etc-neu-/3241421641-225-4516
[2025-11-10 15:24:03,540] INFO: Product saved: Druckerpatronen Canon Pixma IP 7200 etc. Neu !!!...
[2025-11-10 15:24:03,541] DEBUG: Fetching details: https://www.kleinanzeigen.de/s-anzeige/kompatibel-canon-druckerpatronen-pgi-520-cli-521/3241418246-225-1227
[2025-11-10 15:24:04,885] INFO: Product saved: Kompatibel Canon Druckerpatronen PGI-520/CLI-521...
[2025-11-10 15:24:04,885] DEBUG: Fetching details: https://www.kleinanzeigen.de/s-anzeige/druckerpatronen-origian-canon-pixma-520-und-521/3241396984-225-7875
[2025-11-10 15:24:06,538] INFO: Product saved: Druckerpatronen Origian Canon Pixma 520 und 521...
[2025-11-10 15:24:06,539] DEBUG: Fetching details: https://www.kleinanzeigen.de/s-anzeige/neu-druckerpatronen-tinte-chip-je-1-kompatibel-canon-mg5150/3241387764-225-734
[2025-11-10 15:24:08,082] INFO: Product saved: Neu Druckerpatronen Tinte Chip je 1-€ * kompatibel...
[2025-11-10 15:24:08,083] DEBUG: Fetching details: https://www.kleinanzeigen.de/s-anzeige/canon-pixma-multipack-druckerpatronen/3241339181-225-7503
[2025-11-10 15:24:09,934] INFO: Product saved: Canon Pixma Multipack Druckerpatronen...
[2025-11-10 15:24:09,934] DEBUG: Fetching details: https://www.kleinanzeigen.de/s-anzeige/druckerpatronen-canon-mb-maxify-mb2150/3241279264-225-612
[2025-11-10 15:24:11,432] INFO: Product saved: Druckerpatronen – Canon MB Maxify MB2150...
[2025-11-10 15:24:12,432] DEBUG: Loading page 3: https://www.kleinanzeigen.de/s-seite:3/Druckerpatrone-Canon/k0
[2025-11-10 15:24:14,815] DEBUG: Found 25 product in the page: 3
[2025-11-10 15:24:14,816] DEBUG: Fetching details: https://www.kleinanzeigen.de/s-anzeige/druckerpatronen-canon-8-bk-schwarz-8-y-gelb-neu/3241278261-225-1688
[2025-11-10 15:24:16,135] INFO: Product saved: Druckerpatronen Canon 8 BK schwarz 8 Y gelb neu...
[2025-11-10 15:24:16,136] DEBUG: Fetching details: https://www.kleinanzeigen.de/s-anzeige/druckerpatronen-canon-570-571/3241266065-225-1345
[2025-11-10 15:24:17,816] INFO: Product saved: Druckerpatronen Canon 570/571...
[2025-11-10 15:24:17,817] DEBUG: Fetching details: https://www.kleinanzeigen.de/s-anzeige/canon-druckerpatronen-prixma-mg5100-neu-kompatibel/3241256975-225-3981
[2025-11-10 15:24:19,538] INFO: Product saved: Canon Druckerpatronen Prixma MG5100 - NEU kompatib...
[2025-11-10 15:24:19,539] DEBUG: Fetching details: https://www.kleinanzeigen.de/s-anzeige/lxtek-canon-580-581-xxl-druckerpatronen-neu-ovp-10er-pack/3241240280-225-1824
[2025-11-10 15:24:21,119] INFO: Product saved: LxTek Canon 580/581 XXL Druckerpatronen – NEU & OV...
[2025-11-10 15:24:21,123] DEBUG: Fetching details: https://www.kleinanzeigen.de/s-anzeige/ovp-edding-druckerpatronen-no-514-5-stueck-fuer-canon-pixma/3241211214-225-5414
[2025-11-10 15:24:22,734] INFO: Product saved: OVP Edding Druckerpatronen No. 514 5 Stück für Can...
[2025-11-10 15:24:22,734] DEBUG: Fetching details: https://www.kleinanzeigen.de/s-anzeige/canon-pixma-tintenpatronen-druckerpatronen-yellow-gelb/3241171193-225-4903
[2025-11-10 15:24:24,250] INFO: Product saved: Canon Pixma Tintenpatronen Druckerpatronen Yellow ...
[2025-11-10 15:24:24,251] DEBUG: Fetching details: https://www.kleinanzeigen.de/s-anzeige/canon-druckerpatronen/3241154403-225-3013
[2025-11-10 15:24:25,654] INFO: Product saved: Canon Druckerpatronen...
[2025-11-10 15:24:25,656] DEBUG: Fetching details: https://www.kleinanzeigen.de/s-anzeige/canon-pixma-druckerpatronen-cli-8m-cli-8y-cli-8c-inkl-7-folien/3241136430-225-3842
[2025-11-10 15:24:27,748] INFO: Product saved: Canon PIXMA Druckerpatronen CLI-8M+CLI-8Y+CLI-8C i...
[2025-11-10 15:24:27,749] DEBUG: Fetching details: https://www.kleinanzeigen.de/s-anzeige/druckerpatronen-canon-550-551/3241118641-225-25159
[2025-11-10 15:24:29,868] INFO: Product saved: Druckerpatronen Canon 550 / 551...
[2025-11-10 15:24:29,869] DEBUG: Fetching details: https://www.kleinanzeigen.de/s-anzeige/neue-canon-pixma-cl-541-color-druckerpatrone-originalverpackt/3241111197-225-9185
[2025-11-10 15:24:31,935] INFO: Product saved: Neue Canon Pixma CL-541 Color Druckerpatrone – Ori...
[2025-11-10 15:24:31,936] DEBUG: Fetching details: https://www.kleinanzeigen.de/s-anzeige/original-canon-pixma-pro-100-s-druckerpatrone-grau/3240953050-225-4904
[2025-11-10 15:24:33,359] INFO: Product saved: Original Canon Pixma Pro 100 S Druckerpatrone Grau...
[2025-11-10 15:24:33,360] DEBUG: Fetching details: https://www.kleinanzeigen.de/s-anzeige/original-canon-pixma-pro-100-s-druckerpatrone-schwarz/3240939421-225-4904
[2025-11-10 15:24:34,778] INFO: Product saved: Original Canon Pixma Pro 100 S Druckerpatrone Schw...
[2025-11-10 15:24:34,779] DEBUG: Fetching details: https://www.kleinanzeigen.de/s-anzeige/canon-druckerpatronen-570-571-von-isy/3240931195-225-1843
[2025-11-10 15:24:36,179] INFO: Product saved: Canon Druckerpatronen 570 + 571 von ISY...
[2025-11-10 15:24:36,180] DEBUG: Fetching details: https://www.kleinanzeigen.de/s-anzeige/canon-drucker-mit-druckerpatronen/3240905510-225-2921
[2025-11-10 15:24:37,692] INFO: Product saved: Canon Drucker mit Druckerpatronen...
[2025-11-10 15:24:37,693] DEBUG: Fetching details: https://www.kleinanzeigen.de/s-anzeige/druckerpatronen-canon/3240895936-225-6986
[2025-11-10 15:24:39,970] INFO: Product saved: Druckerpatronen. Canon...
[2025-11-10 15:24:39,973] DEBUG: Fetching details: https://www.kleinanzeigen.de/s-anzeige/kompatibel-canon-pg-545-cl-546-xl-druckerpatronen-545-546-yuanqim/3212331803-225-794
[2025-11-10 15:24:42,021] INFO: Product saved: KOMPATIBEL CANON PG-545 CL-546 XL Druckerpatronen ...
[2025-11-10 15:24:42,022] ERROR: Ad parse error: can only concatenate str (not "NoneType") to str
[2025-11-10 15:24:42,023] DEBUG: Fetching details: https://www.kleinanzeigen.de/s-anzeige/canon-druckerpatronen-pgi-520bk-cli-521bk-zu-verschenken/3240806186-225-7730
[2025-11-10 15:24:43,391] INFO: Product saved: Canon Druckerpatronen PGI-520BK & CLI-521BK – zu v...
[2025-11-10 15:24:43,392] DEBUG: Fetching details: https://www.kleinanzeigen.de/s-anzeige/canon-druckerpatrone/3240805238-225-3135
[2025-11-10 15:24:45,282] INFO: Product saved: Canon Druckerpatrone...
[2025-11-10 15:24:45,283] DEBUG: Fetching details: https://www.kleinanzeigen.de/s-anzeige/canon-pg-512-cl-513-druckerpatrone-schwarz-und-oder-color/3240803193-225-2113
[2025-11-10 15:24:46,694] INFO: Product saved: Canon PG 512 / CL 513 Druckerpatrone Schwarz und /...
[2025-11-10 15:24:46,694] DEBUG: Fetching details: https://www.kleinanzeigen.de/s-anzeige/druckerpatronen-canon-tr8550-tr7550-tr7650-ts6350-ts705a-ts6300/3240753168-225-9482
[2025-11-10 15:24:47,891] INFO: Product saved: Druckerpatronen Canon TR8550 TR7550 TR7650 TS6350 ...
[2025-11-10 15:24:47,892] DEBUG: Fetching details: https://www.kleinanzeigen.de/s-anzeige/druckerpatronen-fuer-canon-verschiedene-farben/3240738662-225-21142
[2025-11-10 15:24:49,511] INFO: Product saved: Druckerpatronen für Canon verschiedene Farben...
[2025-11-10 15:24:49,512] DEBUG: Fetching details: https://www.kleinanzeigen.de/s-anzeige/druckerpatronen-fuer-canon/3240695236-225-7915
[2025-11-10 15:24:51,107] INFO: Product saved: Druckerpatronen für Canon...
[2025-11-10 15:24:51,108] DEBUG: Fetching details: https://www.kleinanzeigen.de/s-anzeige/kompatibel-canon-pg-540-xl-druckerpatronen-540-yuanqim/3240641087-225-794
[2025-11-10 15:24:52,711] INFO: Product saved: KOMPATIBEL CANON PG-540 XL Druckerpatronen 540 YUA...
[2025-11-10 15:24:52,716] DEBUG: Fetching details: https://www.kleinanzeigen.de/s-anzeige/kompatibel-canon-pg-540-cl-541-xl-druckerpatronen-540-541-yuanqim/3240624767-225-794
[2025-11-10 15:24:54,428] INFO: Product saved: KOMPATIBEL CANON PG-540 CL-541 XL Druckerpatronen ...
[2025-11-10 15:24:55,431] DEBUG: Loading page 4: https://www.kleinanzeigen.de/s-seite:4/Druckerpatrone-Canon/k0
[2025-11-10 15:24:57,022] DEBUG: Found 25 product in the page: 4
[2025-11-10 15:24:57,023] DEBUG: Fetching details: https://www.kleinanzeigen.de/s-anzeige/canon-druckerpatronen/3240603456-225-8432
[2025-11-10 15:24:58,627] INFO: Product saved: Canon Druckerpatronen...
[2025-11-10 15:24:58,628] DEBUG: Fetching details: https://www.kleinanzeigen.de/s-anzeige/druckerpatrone-canon-pixma-8-schwarz-cyan-yellow-neu-in-ovp/3240598352-225-6766
[2025-11-10 15:25:01,423] INFO: Product saved: Druckerpatrone Canon Pixma 8 schwarz cyan yellow n...
[2025-11-10 15:25:01,424] DEBUG: Fetching details: https://www.kleinanzeigen.de/s-anzeige/druckerpatronen-fuer-canon/3240563083-225-1904
[2025-11-10 15:25:02,909] INFO: Product saved: Druckerpatronen für Canon...
[2025-11-10 15:25:02,910] DEBUG: Fetching details: https://www.kleinanzeigen.de/s-anzeige/druckerpatronen-neu-fuer-canon-prixma-ip-7250/3240561724-225-4251
[2025-11-10 15:25:04,427] INFO: Product saved: Druckerpatronen neu für Canon Prixma IP 7250...
[2025-11-10 15:25:04,428] DEBUG: Fetching details: https://www.kleinanzeigen.de/s-anzeige/druckerpatronen-original-canon-fuer-canon-cli-551xl/3240550607-225-19916
[2025-11-10 15:25:06,135] INFO: Product saved: Druckerpatronen original Canon für CANON CLi-551XL...
[2025-11-10 15:25:06,136] ERROR: Ad parse error: can only concatenate str (not "NoneType") to str
[2025-11-10 15:25:06,137] DEBUG: Fetching details: https://www.kleinanzeigen.de/s-anzeige/10x-druckerpatronen-z-b-fuer-canon-c-cli-8-c-pgi-5-cc-8bk/3240457740-225-2700
[2025-11-10 15:25:07,399] INFO: Product saved: 10x Druckerpatronen z.B. für Canon C-CLI-8 C-PGI-5...
[2025-11-10 15:25:07,400] DEBUG: Fetching details: https://www.kleinanzeigen.de/s-anzeige/druckerpatronen-kompatibel-canon-pgi-570-cli-571/3240413191-225-9178
[2025-11-10 15:25:08,892] INFO: Product saved: Druckerpatronen kompatibel Canon PGI-570 CLI-571...
[2025-11-10 15:25:08,893] DEBUG: Fetching details: https://www.kleinanzeigen.de/s-anzeige/druckerpatrone-canon-510/3240396057-225-4816
[2025-11-10 15:25:10,032] INFO: Product saved: Druckerpatrone Canon 510...
[2025-11-10 15:25:10,032] DEBUG: Fetching details: https://www.kleinanzeigen.de/s-anzeige/5x-druckerpatronen-neu-tintenpatronen-toner-f-drucker-canon/3240361746-225-3877
[2025-11-10 15:25:12,345] INFO: Product saved: 5x DRUCKERPATRONEN -NEU- TINTENPATRONEN TONER f.Dr...
[2025-11-10 15:25:12,347] DEBUG: Fetching details: https://www.kleinanzeigen.de/s-anzeige/canon-druckerpatronen-570-571-incl-canon-ts5055/3240340319-225-922
[2025-11-10 15:25:22,393] INFO: Product saved: Canon Druckerpatronen 570/571 incl. Canon TS5055...
[2025-11-10 15:25:22,394] DEBUG: Fetching details: https://www.kleinanzeigen.de/s-anzeige/druckerpatronen-fuer-canon-pixma-drucker/3240337721-225-26046
[2025-11-10 15:25:24,216] INFO: Product saved: Druckerpatronen für Canon Pixma Drucker...
[2025-11-10 15:25:24,217] DEBUG: Fetching details: https://www.kleinanzeigen.de/s-anzeige/druckerpatronen-canon-ts-7450a/3240330396-225-16973
[2025-11-10 15:25:26,900] INFO: Product saved: Druckerpatronen Canon TS 7450a...
[2025-11-10 15:25:26,901] DEBUG: Fetching details: https://www.kleinanzeigen.de/s-anzeige/28x-druckerpatronen-tintenpartonen-canon-drucker-551-und-550/3240304614-225-4711
[2025-11-10 15:25:30,124] INFO: Product saved: 28x Druckerpatronen Tintenpartonen Canon  Drucker ...
[2025-11-10 15:25:30,125] DEBUG: Fetching details: https://www.kleinanzeigen.de/s-anzeige/3x-original-canon-cli-551-xl-druckerpatronen-neu-druckertinte/3240302834-225-7924
[2025-11-10 15:25:33,827] INFO: Product saved: 3x Original Canon CLI 551 (XL) Druckerpatronen  ne...
[2025-11-10 15:25:33,828] DEBUG: Fetching details: https://www.kleinanzeigen.de/s-anzeige/lxtek-druckerpatronen-580-581-multipack-kompatibel-fuer-canon-tr85/3240292302-225-9602
[2025-11-10 15:25:36,371] INFO: Product saved: LxTek Druckerpatronen 580 581 Multipack Kompatibel...
[2025-11-10 15:25:36,372] DEBUG: Fetching details: https://www.kleinanzeigen.de/s-anzeige/druckerpatrone-canon-ts-7450a-pg-560xl-black/3240205781-225-16973
[2025-11-10 15:25:38,643] INFO: Product saved: Druckerpatrone Canon TS 7450a PG-560XL black...
[2025-11-10 15:25:38,644] DEBUG: Fetching details: https://www.kleinanzeigen.de/s-anzeige/canon-pixmal-druckerpatronen-neu-blau-rot-schwarz-geld/3240195102-225-2490
[2025-11-10 15:25:41,020] INFO: Product saved: Canon Pixmal Druckerpatronen neu blau rot schwarz ...
[2025-11-10 15:25:41,021] DEBUG: Fetching details: https://www.kleinanzeigen.de/s-anzeige/canon-pg-575-druckerpatrone/3240195077-225-25295
[2025-11-10 15:25:43,279] INFO: Product saved: Canon PG 575 Druckerpatrone...
[2025-11-10 15:25:43,280] DEBUG: Fetching details: https://www.kleinanzeigen.de/s-anzeige/druckerpatronen-mit-chip-fuer-canon-drucker-kopierer/3240186983-225-4104
[2025-11-10 15:25:49,121] INFO: Product saved: Druckerpatronen mit Chip für Canon Drucker  / Kopi...
[2025-11-10 15:25:49,122] DEBUG: Fetching details: https://www.kleinanzeigen.de/s-anzeige/druckerpatronen-canon/3240186887-225-16366
[2025-11-10 15:25:50,980] INFO: Product saved: Druckerpatronen Canon...
[2025-11-10 15:25:50,980] DEBUG: Fetching details: https://www.kleinanzeigen.de/s-anzeige/druckerpatronen-fuer-canon-drucker/3240119637-225-5424
[2025-11-10 15:25:52,631] INFO: Product saved: Druckerpatronen für Canon Drucker...
[2025-11-10 15:25:52,632] DEBUG: Fetching details: https://www.kleinanzeigen.de/s-anzeige/druckerpatronen-canon-mg-6150/3240111041-225-8830
[2025-11-10 15:26:04,129] INFO: Product saved: Druckerpatronen canon mg 6150...
[2025-11-10 15:26:04,131] DEBUG: Fetching details: https://www.kleinanzeigen.de/s-anzeige/druckerpatronen-canon-mg-6150/3240111039-225-8830
[2025-11-10 15:26:15,212] INFO: Product saved: Druckerpatronen canon mg 6150...
[2025-11-10 15:26:15,213] DEBUG: Fetching details: https://www.kleinanzeigen.de/s-anzeige/kompatibel-canon-pgi-570xl-cli-571xl-druckerpatronen-multipack/3240095927-225-9419
[2025-11-10 15:26:16,511] INFO: Product saved: Kompatibel Canon PGI-570XL/CLI-571XL Druckerpatron...
[2025-11-10 15:26:17,511] DEBUG: Loading page 5: https://www.kleinanzeigen.de/s-seite:5/Druckerpatrone-Canon/k0
[2025-11-10 15:26:23,552] DEBUG: Found 25 product in the page: 5
[2025-11-10 15:26:23,553] DEBUG: Fetching details: https://www.kleinanzeigen.de/s-anzeige/druckerpatronen-canon-pixma/3240072819-93-8594
[2025-11-10 15:26:25,270] INFO: Product saved: Druckerpatronen Canon Pixma...
[2025-11-10 15:26:25,271] ERROR: Ad parse error: can only concatenate str (not "NoneType") to str
[2025-11-10 15:26:25,272] DEBUG: Fetching details: https://www.kleinanzeigen.de/s-anzeige/4-kompatible-druckerpatronen-canon-pixma/3239990973-225-7980
[2025-11-10 15:26:27,588] INFO: Product saved: 4 kompatible Druckerpatronen Canon Pixma...
[2025-11-10 15:26:27,589] DEBUG: Fetching details: https://www.kleinanzeigen.de/s-anzeige/druckerpatronen-canon-526/3239980805-225-7527
[2025-11-10 15:26:29,098] INFO: Product saved: Druckerpatronen Canon 526...
[2025-11-10 15:26:29,098] DEBUG: Fetching details: https://www.kleinanzeigen.de/s-anzeige/druckerpatronen-xl-canon/3239936651-225-3460
[2025-11-10 15:26:30,663] INFO: Product saved: Druckerpatronen XL Canon...
[2025-11-10 15:26:30,664] DEBUG: Fetching details: https://www.kleinanzeigen.de/s-anzeige/atopink-pg540xl-schwarz-druckerpatrone-pg-540-xl-canon/3239898527-225-9358
[2025-11-10 15:26:33,577] INFO: Product saved: ATOPINK  PG540XL schwarz Druckerpatrone PG-540 XL ...
[2025-11-10 15:26:33,578] DEBUG: Fetching details: https://www.kleinanzeigen.de/s-anzeige/canon-580-581-druckerpatronen-neu/3239841199-225-3199
[2025-11-10 15:26:35,282] INFO: Product saved: Canon 580/581 Druckerpatronen neu...
[2025-11-10 15:26:35,282] ERROR: Ad parse error: can only concatenate str (not "NoneType") to str
[2025-11-10 15:26:35,282] DEBUG: Fetching details: https://www.kleinanzeigen.de/s-anzeige/druckerpatronen-canon-kompatibel/3239809319-225-6800
[2025-11-10 15:26:36,915] INFO: Product saved: Druckerpatronen Canon kompatibel...
[2025-11-10 15:26:36,916] DEBUG: Fetching details: https://www.kleinanzeigen.de/s-anzeige/canon-580-581-druckerpatronen-in-farbe-und-in-schwarz/3239768057-225-1007
[2025-11-10 15:26:38,547] INFO: Product saved: Canon 580/581 Druckerpatronen in Farbe und in schw...
[2025-11-10 15:26:38,547] DEBUG: Fetching details: https://www.kleinanzeigen.de/s-anzeige/2x-canon-pg-512-druckerpatronen-schwarz/3239751012-225-4255
[2025-11-10 15:26:41,136] INFO: Product saved: 2x Canon PG-512 Druckerpatronen schwarz...
[2025-11-10 15:26:41,136] ERROR: Ad parse error: can only concatenate str (not "NoneType") to str
[2025-11-10 15:26:41,138] DEBUG: Fetching details: https://www.kleinanzeigen.de/s-anzeige/druckerpatronen-canon-540xl-541xl-neu-und-originalverpackt/3239730587-225-6080
[2025-11-10 15:26:42,620] INFO: Product saved: Druckerpatronen Canon 540XL / 541XL neu und origin...
[2025-11-10 15:26:42,621] DEBUG: Fetching details: https://www.kleinanzeigen.de/s-anzeige/canon-540-xl-schwarz-druckerpatronen-tintenpatronen-kompatibel/3239717827-225-9518
[2025-11-10 15:26:44,621] INFO: Product saved: Canon 540 XL schwarz Druckerpatronen Tintenpatrone...
[2025-11-10 15:26:44,622] DEBUG: Fetching details: https://www.kleinanzeigen.de/s-anzeige/canon-pixma-druckerpatronen-525-schwarz-und-526-bunt-/3239715272-225-7981
[2025-11-10 15:26:46,024] INFO: Product saved: Canon PIXMA Druckerpatronen 525 (schwarz) und 526 ...
[2025-11-10 15:26:46,025] DEBUG: Fetching details: https://www.kleinanzeigen.de/s-anzeige/canon-545-xl-546-xl-druckerpatronen-tintenpatronen-kompatibel/3239714827-225-9518
[2025-11-10 15:26:47,567] INFO: Product saved: Canon 545 XL 546 XL Druckerpatronen Tintenpatronen...
[2025-11-10 15:26:47,568] DEBUG: Fetching details: https://www.kleinanzeigen.de/s-anzeige/druckerpatronen-fuer-canon-11st-/3239713126-225-2074
[2025-11-10 15:26:48,982] INFO: Product saved: Druckerpatronen für Canon 11St....
[2025-11-10 15:26:48,983] DEBUG: Fetching details: https://www.kleinanzeigen.de/s-anzeige/druckerpatronen-fuer-canon/3239708969-225-3810
[2025-11-10 15:26:50,480] INFO: Product saved: Druckerpatronen für Canon...
[2025-11-10 15:26:50,482] DEBUG: Fetching details: https://www.kleinanzeigen.de/s-anzeige/druckerpatronen-fuer-canon/3239643467-225-2303
[2025-11-10 15:26:52,210] INFO: Product saved: Druckerpatronen für Canon...
[2025-11-10 15:26:52,211] ERROR: Ad parse error: can only concatenate str (not "NoneType") to str
[2025-11-10 15:26:52,211] DEBUG: Fetching details: https://www.kleinanzeigen.de/s-anzeige/canon-druckerpatronen-original-verpackt-cli-8m-y-c-5/3239555091-225-1522
[2025-11-10 15:26:53,704] INFO: Product saved: Canon Druckerpatronen Original verpackt CLI-8M-Y-C...
[2025-11-10 15:26:53,705] DEBUG: Fetching details: https://www.kleinanzeigen.de/s-anzeige/d-c-druckerpatronen-fuer-canon-drucker-tintenpatronen/3239539705-225-1889
[2025-11-10 15:26:55,097] INFO: Product saved: D&C Druckerpatronen für Canon Drucker Tintenpatron...
[2025-11-10 15:26:55,098] DEBUG: Fetching details: https://www.kleinanzeigen.de/s-anzeige/druckerpatronen-kompatibel-fuer-canon-pixma/3239527902-225-7138
[2025-11-10 15:26:56,533] INFO: Product saved: Druckerpatronen Kompatibel für Canon Pixma...
[2025-11-10 15:26:56,534] DEBUG: Fetching details: https://www.kleinanzeigen.de/s-anzeige/2-stueck-neue-originale-canon-druckerpatronen-571-bk-schwarz-/3239489066-225-3364
[2025-11-10 15:26:58,077] INFO: Product saved: 2 Stück neue originale Canon Druckerpatronen 571 (...
[2025-11-10 15:26:58,078] DEBUG: Fetching details: https://www.kleinanzeigen.de/s-anzeige/10-druckerpatronen-kompatibel-fuer-canon-pixma/3239257562-225-1125
[2025-11-10 15:27:02,354] INFO: Product saved: 10 Druckerpatronen kompatibel für Canon Pixma...
[2025-11-10 15:27:03,389] INFO: Processing brand: Epson
[2025-11-10 15:27:03,453] DEBUG: Loading page 1: https://www.kleinanzeigen.de/s-Druckerpatrone-Epson/k0
[2025-11-10 15:27:14,272] DEBUG: Found 26 product in the page: 1
[2025-11-10 15:27:14,273] DEBUG: Fetching details: https://www.kleinanzeigen.de/s-anzeige/druckerpatronen-xl-fuer-epson-workforce-wf-alle-4-farben/3233127978-225-9391
[2025-11-10 15:27:21,634] INFO: Product saved: Druckerpatronen XL für Epson Workforce WF alle 4 F...
[2025-11-10 15:27:21,634] ERROR: Ad parse error: can only concatenate str (not "NoneType") to str
[2025-11-10 15:27:21,635] DEBUG: Fetching details: https://www.kleinanzeigen.de/s-anzeige/epson-druckerpatronen/3242082925-225-17392
[2025-11-10 15:27:24,030] INFO: Product saved: epson druckerpatronen...
[2025-11-10 15:27:24,030] ERROR: Ad parse error: can only concatenate str (not "NoneType") to str
[2025-11-10 15:27:24,030] DEBUG: Fetching details: https://www.kleinanzeigen.de/s-anzeige/epson-druckerpatronen-t1285-t1284/3242025751-225-6192
[2025-11-10 15:27:28,263] INFO: Product saved: Epson Druckerpatronen T1285 T1284...
[2025-11-10 15:27:28,264] DEBUG: Fetching details: https://www.kleinanzeigen.de/s-anzeige/epson-33xl-original-druckerpatrone-2xphoto-schwarz-magenta-gelb/3242002562-225-6799
[2025-11-10 15:27:30,695] INFO: Product saved: Epson 33XL original Druckerpatrone 2xphoto schwarz...
[2025-11-10 15:27:30,696] DEBUG: Fetching details: https://www.kleinanzeigen.de/s-anzeige/-neu-druckerpatronen-epson-104-multipack/3241978574-225-3003
[2025-11-10 15:27:33,971] INFO: Product saved: *Neu* Druckerpatronen Epson 104 Multipack...
[2025-11-10 15:27:33,972] DEBUG: Fetching details: https://www.kleinanzeigen.de/s-anzeige/druckerpatronen-fuer-epson-xp-432/3241976477-225-10594
[2025-11-10 15:27:52,773] INFO: Product saved: Druckerpatronen für Epson XP 432...
[2025-11-10 15:27:52,773] DEBUG: Fetching details: https://www.kleinanzeigen.de/s-anzeige/epson-druckerpatronen/3241957753-225-13766
[2025-11-10 15:27:54,597] INFO: Product saved: Epson - Druckerpatronen...
[2025-11-10 15:27:54,599] DEBUG: Fetching details: https://www.kleinanzeigen.de/s-anzeige/druckerpatronen-fuer-epson-xl129-t1291-workforce-officejet-stylus/3241935890-225-9652
[2025-11-10 15:27:57,348] INFO: Product saved: Druckerpatronen für Epson XL129 T1291 Workforce Of...
[2025-11-10 15:27:57,349] DEBUG: Fetching details: https://www.kleinanzeigen.de/s-anzeige/druckerpatronen-epson/3241933584-225-3144
[2025-11-10 15:28:02,504] INFO: Product saved: Druckerpatronen Epson...
[2025-11-10 15:28:02,505] DEBUG: Fetching details: https://www.kleinanzeigen.de/s-anzeige/druckerpatronen-epson/3241894700-225-23969
[2025-11-10 15:28:06,579] INFO: Product saved: Druckerpatronen Epson...
[2025-11-10 15:28:06,580] DEBUG: Fetching details: https://www.kleinanzeigen.de/s-anzeige/epson-t9443-l-magenta-original-druckerpatrone-c13t944340/2815063252-225-9554
[2025-11-10 15:28:09,817] INFO: Product saved: Epson T9443 L magenta Original Druckerpatrone C13T...
[2025-11-10 15:28:09,817] DEBUG: Fetching details: https://www.kleinanzeigen.de/s-anzeige/druckerpatronen-33xl-multipack-komp-epson-neu-pb-b-y-c-m/3241760375-225-7897
[2025-11-10 15:28:21,896] INFO: Product saved: Druckerpatronen 33XL Multipack Komp. Epson Neu PB ...
[2025-11-10 15:28:21,897] ERROR: Ad parse error: can only concatenate str (not "NoneType") to str
[2025-11-10 15:28:21,897] DEBUG: Fetching details: https://www.kleinanzeigen.de/s-anzeige/druckerpatrone-epson-t7022-t7023-t7024-fuer-wp-serie-neu-ovp/3241594324-225-8176
[2025-11-10 15:28:25,638] INFO: Product saved: Druckerpatrone Epson T7022 T7023 T7024 für WP Seri...
[2025-11-10 15:28:25,639] DEBUG: Fetching details: https://www.kleinanzeigen.de/s-anzeige/druckerpatronen-epson-xl-29-erdbeer-serie/3241591085-225-9269
[2025-11-10 15:28:28,314] INFO: Product saved: Druckerpatronen Epson XL 29 Erdbeer  Serie...
[2025-11-10 15:28:28,315] DEBUG: Fetching details: https://www.kleinanzeigen.de/s-anzeige/druckerpatronen-2991-xl-black-kompatibel-epson-xp-342-u-a-/3241578031-225-7552
[2025-11-10 15:28:40,850] INFO: Product saved: Druckerpatronen 2991 XL black - kompatibel Epson X...
[2025-11-10 15:28:40,851] DEBUG: Fetching details: https://www.kleinanzeigen.de/s-anzeige/5-druckerpatronen-epson-t0711/3241429793-225-22728
[2025-11-10 15:29:03,566] INFO: Product saved: 5 Druckerpatronen Epson T0711...
[2025-11-10 15:29:03,567] ERROR: Ad parse error: can only concatenate str (not "NoneType") to str
[2025-11-10 15:29:03,570] DEBUG: Fetching details: https://www.kleinanzeigen.de/s-anzeige/druckerpatronen-geeignet-fuer-epson-modelle-zu-verkaufen/3241395478-225-981
[2025-11-10 15:29:05,682] INFO: Product saved: Druckerpatronen (geeignet für Epson Modelle) zu ve...
[2025-11-10 15:29:05,682] DEBUG: Fetching details: https://www.kleinanzeigen.de/s-anzeige/epson-t55kd-druckerpatrone-c13t55kd00-violett-ovp/3241329741-225-9477
[2025-11-10 15:29:10,298] INFO: Product saved: Epson T55KD Druckerpatrone (C13T55KD00) Violett OV...
[2025-11-10 15:29:10,299] DEBUG: Fetching details: https://www.kleinanzeigen.de/s-anzeige/epson-druckerpatronen-t711-t714/3241302619-225-1894
[2025-11-10 15:29:12,586] INFO: Product saved: Epson Druckerpatronen T711 T714...
[2025-11-10 15:29:12,587] DEBUG: Fetching details: https://www.kleinanzeigen.de/s-anzeige/epson-druckerpatronen-xl-29-schwarz-blau-gelb-magenta/3241292305-225-1894
[2025-11-10 15:29:14,742] INFO: Product saved: Epson Druckerpatronen XL 29 schwarz blau gelb mage...
[2025-11-10 15:29:14,743] DEBUG: Fetching details: https://www.kleinanzeigen.de/s-anzeige/druckerpatronen-epson-home-xp-familie/3241259349-225-2828
[2025-11-10 15:29:16,847] INFO: Product saved: Druckerpatronen Epson Home XP Familie...
[2025-11-10 15:29:16,848] DEBUG: Fetching details: https://www.kleinanzeigen.de/s-anzeige/epson-druckerpatronen/3241225253-225-1494
[2025-11-10 15:29:19,759] INFO: Product saved: Epson Druckerpatronen...
[2025-11-10 15:29:20,760] DEBUG: Loading page 2: https://www.kleinanzeigen.de/s-seite:2/Druckerpatrone-Epson/k0
[2025-11-10 15:29:23,954] DEBUG: Found 25 product in the page: 2
[2025-11-10 15:29:23,955] DEBUG: Fetching details: https://www.kleinanzeigen.de/s-anzeige/epson-druckerpatronen/3241195317-225-2694
[2025-11-10 15:29:31,210] INFO: Product saved: Epson Druckerpatronen...
[2025-11-10 15:29:31,211] DEBUG: Fetching details: https://www.kleinanzeigen.de/s-anzeige/epson-xp-302-druckerpatronen/3241052815-225-3141
[2025-11-10 15:29:34,875] INFO: Product saved: EPSON XP-302 Druckerpatronen...
[2025-11-10 15:29:34,876] DEBUG: Fetching details: https://www.kleinanzeigen.de/s-anzeige/druckerpatrone-33xl-epson-xp530-540-630-635-640-645/3241050300-225-1904
[2025-11-10 15:29:38,097] INFO: Product saved: Druckerpatrone 33XL Epson xp530/540/630/635/640/64...
[2025-11-10 15:29:38,098] DEBUG: Fetching details: https://www.kleinanzeigen.de/s-anzeige/druckerpatronen-epson-e18xl/3240957160-225-9022
[2025-11-10 15:29:40,508] INFO: Product saved: Druckerpatronen Epson E18XL...
[2025-11-10 15:29:40,509] DEBUG: Fetching details: https://www.kleinanzeigen.de/s-anzeige/druckerpatronen-epson-e18xl/3240957036-225-8773
[2025-11-10 15:29:42,487] INFO: Product saved: Druckerpatronen Epson E18XL...
[2025-11-10 15:29:42,488] DEBUG: Fetching details: https://www.kleinanzeigen.de/s-anzeige/druckerpatronen-epson/3240943195-225-2958
[2025-11-10 15:29:46,778] INFO: Product saved: Druckerpatronen Epson...
[2025-11-10 15:29:46,779] DEBUG: Fetching details: https://www.kleinanzeigen.de/s-anzeige/neue-druckerpatronen-fuer-epson-drucker-wf-3620-und-weitere/3240936290-225-2539
[2025-11-10 15:29:49,588] INFO: Product saved: Neue Druckerpatronen für Epson Drucker WF 3620 und...
[2025-11-10 15:29:49,589] ERROR: Ad parse error: can only concatenate str (not "NoneType") to str
[2025-11-10 15:29:49,590] DEBUG: Fetching details: https://www.kleinanzeigen.de/s-anzeige/original-epson-502-magenta-druckerpatrone-c13t02v34010-/3240840409-225-4308
[2025-11-10 15:29:52,245] INFO: Product saved: Original Epson 502 Magenta Druckerpatrone (C13T02V...
[2025-11-10 15:29:52,246] DEBUG: Fetching details: https://www.kleinanzeigen.de/s-anzeige/druckerpatronen-fuer-epson-xp-drucker/3240811163-225-3439
[2025-11-10 15:29:54,861] INFO: Product saved: Druckerpatronen für Epson xp Drucker...
[2025-11-10 15:29:54,863] DEBUG: Fetching details: https://www.kleinanzeigen.de/s-anzeige/2-epson-druckerpatronen-jeweils-in-bunt-und-schwarzweiss-box/3240807173-225-9298
[2025-11-10 15:29:57,257] INFO: Product saved: 2 × EPSON Druckerpatronen jeweils in Bunt und Schw...
[2025-11-10 15:29:57,258] DEBUG: Fetching details: https://www.kleinanzeigen.de/s-anzeige/druckerpatronen-4-farben-fuer-epson-xp-drucker/3240806291-225-3439
[2025-11-10 15:30:00,110] INFO: Product saved: Druckerpatronen 4 Farben für Epson xp Drucker...
[2025-11-10 15:30:00,110] DEBUG: Fetching details: https://www.kleinanzeigen.de/s-anzeige/druckerpatronen-fuer-ersatz-fuer-epson-t1292-t1293-t1294/3240764935-225-30071
[2025-11-10 15:30:16,200] INFO: Product saved: Druckerpatronen für Ersatz für Epson T1292 T1293 T...
[2025-11-10 15:30:16,203] DEBUG: Fetching details: https://www.kleinanzeigen.de/s-anzeige/druckerpatronen-epson-t129/3240730774-225-4191
[2025-11-10 15:30:20,994] INFO: Product saved: Druckerpatronen Epson T129...
[2025-11-10 15:30:20,995] DEBUG: Fetching details: https://www.kleinanzeigen.de/s-anzeige/druckerpatronen-fuer-epson-e0711-e0712-e0713-e0714/3240700608-225-4934
[2025-11-10 15:30:23,506] INFO: Product saved: Druckerpatronen für Epson E0711 E0712 E0713 E0714...
[2025-11-10 15:30:23,507] DEBUG: Fetching details: https://www.kleinanzeigen.de/s-anzeige/druckerpatronen-epson/3240551579-225-6598
[2025-11-10 15:30:25,910] INFO: Product saved: Druckerpatronen Epson...
[2025-11-10 15:30:25,911] DEBUG: Fetching details: https://www.kleinanzeigen.de/s-anzeige/epson-druckerpatronen-original-magenta-18-und-cyan-18-neu/3240496241-225-27671
[2025-11-10 15:30:28,552] INFO: Product saved: Epson Druckerpatronen original Magenta 18 und Cyan...
[2025-11-10 15:30:28,552] DEBUG: Fetching details: https://www.kleinanzeigen.de/s-anzeige/druckerpatrone-epson-nr-34-black/3240485498-225-966
[2025-11-10 15:30:30,865] INFO: Product saved: Druckerpatrone Epson Nr. 34 black...
[2025-11-10 15:30:30,866] DEBUG: Fetching details: https://www.kleinanzeigen.de/s-anzeige/druckerpatronen-fuer-epson-drucker/3240466087-225-6994
[2025-11-10 15:30:33,263] INFO: Product saved: Druckerpatronen für Epson Drucker...
[2025-11-10 15:30:33,263] DEBUG: Fetching details: https://www.kleinanzeigen.de/s-anzeige/druckerpatrone-schwarz-fuer-epson-stylus/3240342271-225-9245
[2025-11-10 15:30:36,284] INFO: Product saved: Druckerpatrone schwarz für Epson Stylus...
[2025-11-10 15:30:36,287] DEBUG: Fetching details: https://www.kleinanzeigen.de/s-anzeige/epson-druckerpatronen-t9453-t9451-t9454-und-t94542/3240242436-225-615
[2025-11-10 15:30:38,818] INFO: Product saved: Epson Druckerpatronen  T9453 T9451T9454 und T94542...
[2025-11-10 15:30:38,819] DEBUG: Fetching details: https://www.kleinanzeigen.de/s-anzeige/epson-drucker-inkl-6-druckerpatronen/3240138300-225-16396
[2025-11-10 15:30:44,042] INFO: Product saved: Epson Drucker inkl 6 Druckerpatronen...
[2025-11-10 15:30:44,043] DEBUG: Fetching details: https://www.kleinanzeigen.de/s-anzeige/epson-t1295-druckerpatrone-ovp/3240114429-225-30098
[2025-11-10 15:30:53,554] INFO: Product saved: Epson T1295 Druckerpatrone OVP...
[2025-11-10 15:30:53,555] DEBUG: Fetching details: https://www.kleinanzeigen.de/s-anzeige/druckerpatronen-epson/3240065476-225-3632
[2025-11-10 15:31:23,560] ERROR: Ad parse error: Page.goto: Timeout 30000ms exceeded.
Call log:
  - navigating to "https://www.kleinanzeigen.de/s-anzeige/druckerpatronen-epson/3240065476-225-3632", waiting until "load"

[2025-11-10 15:31:23,562] DEBUG: Fetching details: https://www.kleinanzeigen.de/s-anzeige/druckerpatronen-hp-und-epson/3240053840-225-10590
[2025-11-10 15:31:43,123] INFO: Product saved: Druckerpatronen HP und Epson...
[2025-11-10 15:31:44,128] DEBUG: Loading page 3: https://www.kleinanzeigen.de/s-seite:3/Druckerpatrone-Epson/k0
[2025-11-10 15:31:45,997] DEBUG: Found 25 product in the page: 3
[2025-11-10 15:31:45,998] DEBUG: Fetching details: https://www.kleinanzeigen.de/s-anzeige/epson-t0714-druckerpatrone-gelb/3240037307-225-8036
[2025-11-10 15:31:47,562] INFO: Product saved: EPSON T0714 Druckerpatrone Gelb...
[2025-11-10 15:31:47,563] ERROR: Ad parse error: can only concatenate str (not "NoneType") to str
[2025-11-10 15:31:47,563] DEBUG: Fetching details: https://www.kleinanzeigen.de/s-anzeige/druckerpatronen-von-epson-603-xl/3240022034-225-8508
[2025-11-10 15:31:49,231] INFO: Product saved: Druckerpatronen von EPSON 603 XL...
[2025-11-10 15:31:49,231] DEBUG: Fetching details: https://www.kleinanzeigen.de/s-anzeige/epson-xp-2205-ein-satz-druckerpatronen/3239908015-225-9670
[2025-11-10 15:31:50,743] INFO: Product saved: Epson XP 2205 + ein Satz Druckerpatronen...
[2025-11-10 15:31:50,743] DEBUG: Fetching details: https://www.kleinanzeigen.de/s-anzeige/druckerpatronen-fuer-epson/3239865425-225-3351
[2025-11-10 15:31:52,394] INFO: Product saved: Druckerpatronen für Epson...
[2025-11-10 15:31:52,395] DEBUG: Fetching details: https://www.kleinanzeigen.de/s-anzeige/2-saetze-epson-druckerpatronen/3239841151-225-760
[2025-11-10 15:31:54,353] INFO: Product saved: 2 Sätze Epson Druckerpatronen...
[2025-11-10 15:31:54,354] DEBUG: Fetching details: https://www.kleinanzeigen.de/s-anzeige/druckerpatronen-fuer-epson-t163-t16xl-blau-gelb-schwarz-je-2-/3239738591-225-8453
[2025-11-10 15:31:55,573] INFO: Product saved: Druckerpatronen für Epson T163 T16XL blau gelb sch...
[2025-11-10 15:31:55,574] DEBUG: Fetching details: https://www.kleinanzeigen.de/s-anzeige/epson-t9661-xxl-schwarz-original-druckerpatrone-c13t966140-neu/3239704094-225-6053
[2025-11-10 15:31:56,834] INFO: Product saved: Epson T9661 XXL schwarz Original Druckerpatrone C1...
[2025-11-10 15:31:56,835] DEBUG: Fetching details: https://www.kleinanzeigen.de/s-anzeige/druckerpatronen-epson/3239678173-225-9185
[2025-11-10 15:31:58,149] INFO: Product saved: Druckerpatronen Epson...
[2025-11-10 15:31:58,150] DEBUG: Fetching details: https://www.kleinanzeigen.de/s-anzeige/epson-druckerpatronen-79xl/3239635623-225-9411
[2025-11-10 15:31:59,678] INFO: Product saved: Epson Druckerpatronen  79XL...
[2025-11-10 15:31:59,679] DEBUG: Fetching details: https://www.kleinanzeigen.de/s-anzeige/druckerpatronen-fuer-epson-drucker/3239573860-225-20252
[2025-11-10 15:32:01,113] INFO: Product saved: Druckerpatronen für Epson Drucker...
[2025-11-10 15:32:01,114] DEBUG: Fetching details: https://www.kleinanzeigen.de/s-anzeige/druckerpatronen-fuer-epson/3239512783-225-3947
[2025-11-10 15:32:02,292] INFO: Product saved: Druckerpatronen für Epson...
[2025-11-10 15:32:02,294] DEBUG: Fetching details: https://www.kleinanzeigen.de/s-anzeige/druckerpatronen-603-xl-epson/3239488331-225-4070
[2025-11-10 15:32:04,144] INFO: Product saved: Druckerpatronen 603 XL Epson...
[2025-11-10 15:32:04,144] DEBUG: Fetching details: https://www.kleinanzeigen.de/s-anzeige/epson-druckerpatronen-multipack-18-yellow-black-magenta/3239455535-225-8411
[2025-11-10 15:32:06,016] INFO: Product saved: Epson - Druckerpatronen Multipack 18 - yellow blac...
[2025-11-10 15:32:06,016] DEBUG: Fetching details: https://www.kleinanzeigen.de/s-anzeige/epson-original-druckerpatrone-schwarz-27xxl-fast-voll-95-/3239415026-225-5632
[2025-11-10 15:32:10,077] INFO: Product saved: Epson Original Druckerpatrone schwarz 27XXL - fast...
[2025-11-10 15:32:10,078] DEBUG: Fetching details: https://www.kleinanzeigen.de/s-anzeige/druckerpatronen-fuer-epson-xp/3239405212-225-291
[2025-11-10 15:32:11,821] INFO: Product saved: Druckerpatronen für Epson XP...
[2025-11-10 15:32:11,822] DEBUG: Fetching details: https://www.kleinanzeigen.de/s-anzeige/druckerpatrone-energy-ink-fuer-epson-603xl-magenta/3239397607-225-1920
[2025-11-10 15:32:14,346] INFO: Product saved: Druckerpatrone Energy-ink für Epson 603XL magenta...
[2025-11-10 15:32:14,351] DEBUG: Fetching details: https://www.kleinanzeigen.de/s-anzeige/epson-xp-520-druckerpatronen-neu-original-verpackt-/3239068436-225-16357
[2025-11-10 15:32:15,872] INFO: Product saved: Epson XP-520 Druckerpatronen neu/ original verpack...
[2025-11-10 15:32:15,873] DEBUG: Fetching details: https://www.kleinanzeigen.de/s-anzeige/druckerpatronen-e33-fuer-epson/3238923130-225-5777
[2025-11-10 15:32:18,541] INFO: Product saved: Druckerpatronen E33 für Epson...
[2025-11-10 15:32:18,545] DEBUG: Fetching details: https://www.kleinanzeigen.de/s-anzeige/epson-druckerpatronen-erdbeere/3238748143-225-6962
[2025-11-10 15:32:20,618] INFO: Product saved: EPSON Druckerpatronen Erdbeere...
[2025-11-10 15:32:20,619] DEBUG: Fetching details: https://www.kleinanzeigen.de/s-anzeige/druckerpatronen-13-stueck-fuer-epson-drucker-wf-3520-dwf-u-a-/3238651161-225-8066
[2025-11-10 15:32:22,684] INFO: Product saved: Druckerpatronen 13 Stück für Epson Drucker WF-3520...
[2025-11-10 15:32:22,685] DEBUG: Fetching details: https://www.kleinanzeigen.de/s-anzeige/druckerpatronen-epson-603/3238641983-225-6936
[2025-11-10 15:32:24,826] INFO: Product saved: Druckerpatronen Epson 603...
[2025-11-10 15:32:24,828] DEBUG: Fetching details: https://www.kleinanzeigen.de/s-anzeige/druckerpatronen-fuer-epson/3238478112-225-2816
[2025-11-10 15:32:26,466] INFO: Product saved: Druckerpatronen für Epson...
[2025-11-10 15:32:26,467] DEBUG: Fetching details: https://www.kleinanzeigen.de/s-anzeige/druckerpatrone-kompatibel-mit-epson-27-black-xl-wecker/3238368238-225-8355
[2025-11-10 15:32:28,691] INFO: Product saved: Druckerpatrone kompatibel mit EPSON 27 Black XL We...
[2025-11-10 15:32:28,692] DEBUG: Fetching details: https://www.kleinanzeigen.de/s-anzeige/druckerpatrone-epson-27-cyan-wecker/3238361972-225-8355
[2025-11-10 15:32:31,443] INFO: Product saved: Druckerpatrone EPSON 27 Cyan Wecker...
[2025-11-10 15:32:32,443] DEBUG: Loading page 4: https://www.kleinanzeigen.de/s-seite:4/Druckerpatrone-Epson/k0
[2025-11-10 15:32:34,207] DEBUG: Found 25 product in the page: 4
[2025-11-10 15:32:34,208] DEBUG: Fetching details: https://www.kleinanzeigen.de/s-anzeige/epson-druckerpatronen-original-fuchs/3238331769-225-9342
[2025-11-10 15:32:35,515] INFO: Product saved: Epson Druckerpatronen original Fuchs...
[2025-11-10 15:32:35,515] DEBUG: Fetching details: https://www.kleinanzeigen.de/s-anzeige/druckerpatronen-modellreihe-epson-to7-bzw-405-/3238327629-225-8746
[2025-11-10 15:32:36,823] INFO: Product saved: Druckerpatronen Modellreihe EPSON TO7 (bzw. 405)...
[2025-11-10 15:32:36,823] ERROR: Ad parse error: can only concatenate str (not "NoneType") to str
[2025-11-10 15:32:36,824] DEBUG: Fetching details: https://www.kleinanzeigen.de/s-anzeige/21-druckerpatronen-fuer-epson-t1281-t1282-t1283-t1284/3238239077-225-5850
[2025-11-10 15:32:39,737] INFO: Product saved: 21 Druckerpatronen für Epson T1281 T1282 T1283 T12...
[2025-11-10 15:32:39,738] DEBUG: Fetching details: https://www.kleinanzeigen.de/s-anzeige/druckerpatrone-epson-t9651-workforcepro-wf-m5298-wf-m5299-wf-m579/3238192995-225-312
[2025-11-10 15:32:41,165] INFO: Product saved: Druckerpatrone Epson T9651 WorkforcePro WF-M5298/W...
[2025-11-10 15:32:41,165] DEBUG: Fetching details: https://www.kleinanzeigen.de/s-anzeige/2-xl-druckerpatronen-gelb-magenta-fuer-epson-workforce-pro-wf3720/3238186841-225-712
[2025-11-10 15:32:43,651] INFO: Product saved: 2 XL Druckerpatronen Gelb+Magenta für Epson WorkFo...
[2025-11-10 15:32:43,652] DEBUG: Fetching details: https://www.kleinanzeigen.de/s-anzeige/druckerpatronen-baugleich-epson-603xl-schwarz-und-farbig/3238121779-225-8913
[2025-11-10 15:32:45,281] INFO: Product saved: Druckerpatronen Baugleich Epson 603XL schwarz und ...
[2025-11-10 15:32:45,282] ERROR: Ad parse error: can only concatenate str (not "NoneType") to str
[2025-11-10 15:32:45,282] ERROR: Ad parse error: can only concatenate str (not "NoneType") to str
[2025-11-10 15:32:45,283] DEBUG: Fetching details: https://www.kleinanzeigen.de/s-anzeige/druckerpatronen-epson/3237821448-225-2741
[2025-11-10 15:32:46,790] INFO: Product saved: Druckerpatronen Epson...
[2025-11-10 15:32:46,791] DEBUG: Fetching details: https://www.kleinanzeigen.de/s-anzeige/3-x-epson-original-druckerpatronen-t0711-h-schwarz/3237809474-225-5750
[2025-11-10 15:32:50,049] INFO: Product saved: 3 x EPSON Original Druckerpatronen - T0711 H - Sch...
[2025-11-10 15:32:50,049] DEBUG: Fetching details: https://www.kleinanzeigen.de/s-anzeige/druckerpatronen-epson-stylus/3237706483-225-9191
[2025-11-10 15:32:52,600] INFO: Product saved: Druckerpatronen EPSON Stylus...
[2025-11-10 15:32:52,602] DEBUG: Fetching details: https://www.kleinanzeigen.de/s-anzeige/druckerpatronen-epson-wf-2630/3237704132-225-1972
[2025-11-10 15:32:55,231] INFO: Product saved: Druckerpatronen Epson WF-2630...
[2025-11-10 15:32:55,232] ERROR: Ad parse error: can only concatenate str (not "NoneType") to str
[2025-11-10 15:32:55,234] ERROR: Ad parse error: list index out of range
[2025-11-10 15:32:55,234] DEBUG: Fetching details: https://www.kleinanzeigen.de/s-anzeige/druckerpatronen-fuer-epson-18-stk-neu/3237624796-225-8080
[2025-11-10 15:32:57,577] INFO: Product saved: Druckerpatronen für Epson 18 STK. neu...
[2025-11-10 15:32:57,578] DEBUG: Fetching details: https://www.kleinanzeigen.de/s-anzeige/druckerpatronen-von-epson-fuer-epson-expression-home-drucker/3237488081-225-9012
[2025-11-10 15:32:59,401] INFO: Product saved: Druckerpatronen von Epson für Epson - Expression H...
[2025-11-10 15:32:59,402] DEBUG: Fetching details: https://www.kleinanzeigen.de/s-anzeige/epson-druckerpatronen-neu/3237444333-225-4630
[2025-11-10 15:33:01,280] INFO: Product saved: Epson Druckerpatronen neu...
[2025-11-10 15:33:01,284] DEBUG: Fetching details: https://www.kleinanzeigen.de/s-anzeige/epson-druckerpatronen-original-und-kompatible/3237287445-225-4293
[2025-11-10 15:33:02,999] INFO: Product saved: Epson Druckerpatronen original und kompatible...
[2025-11-10 15:33:03,002] ERROR: Ad parse error: can only concatenate str (not "NoneType") to str
[2025-11-10 15:33:03,006] DEBUG: Fetching details: https://www.kleinanzeigen.de/s-anzeige/epson-druckerpatronen-toner-79xl-cyan-yellow-magenta/3208946719-225-6888
[2025-11-10 15:33:04,892] INFO: Product saved: Epson Druckerpatronen Toner 79XL Cyan Yellow Magen...
[2025-11-10 15:33:04,895] DEBUG: Fetching details: https://www.kleinanzeigen.de/s-anzeige/epson-29xl-druckerpatrone-schwarz-kompatibel-neu-ovp/3237121574-225-1267
[2025-11-10 15:33:06,804] INFO: Product saved: Epson 29XL Druckerpatrone Schwarz (kompatibel) – N...
[2025-11-10 15:33:06,806] DEBUG: Fetching details: https://www.kleinanzeigen.de/s-anzeige/epson-druckerpatronen/3237066503-225-3547
[2025-11-10 15:33:08,712] INFO: Product saved: Epson Druckerpatronen...
[2025-11-10 15:33:08,714] DEBUG: Fetching details: https://www.kleinanzeigen.de/s-anzeige/epson-drucker-xp215-inklusive-druckerpatronen/3236954378-225-8451
[2025-11-10 15:33:10,354] INFO: Product saved: Epson Drucker XP215 inklusive Druckerpatronen...
[2025-11-10 15:33:10,355] DEBUG: Fetching details: https://www.kleinanzeigen.de/s-anzeige/druckerpatronen-fuer-epson-xp-850/3236834707-225-614
[2025-11-10 15:33:12,472] INFO: Product saved: Druckerpatronen für Epson XP 850...
[2025-11-10 15:33:13,474] DEBUG: Loading page 5: https://www.kleinanzeigen.de/s-seite:5/Druckerpatrone-Epson/k0
[2025-11-10 15:33:15,763] DEBUG: Found 25 product in the page: 5
[2025-11-10 15:33:15,764] DEBUG: Fetching details: https://www.kleinanzeigen.de/s-anzeige/epson-drucker-xp215-inklusive-druckerpatronen/3236954378-225-8451
[2025-11-10 15:33:17,991] INFO: Product saved: Epson Drucker XP215 inklusive Druckerpatronen...
[2025-11-10 15:33:17,992] DEBUG: Fetching details: https://www.kleinanzeigen.de/s-anzeige/druckerpatronen-fuer-epson-xp-850/3236834707-225-614
[2025-11-10 15:33:23,430] INFO: Product saved: Druckerpatronen für Epson XP 850...
[2025-11-10 15:33:23,431] DEBUG: Fetching details: https://www.kleinanzeigen.de/s-anzeige/druckerpatronen-ink-epson/3236780776-225-6203
[2025-11-10 15:33:34,496] INFO: Product saved: Druckerpatronen Ink Epson...
[2025-11-10 15:33:34,497] DEBUG: Fetching details: https://www.kleinanzeigen.de/s-anzeige/druckerpatronen-fuer-epson/3236708263-225-16973
[2025-11-10 15:33:37,602] INFO: Product saved: Druckerpatronen für Epson...
[2025-11-10 15:33:37,603] DEBUG: Fetching details: https://www.kleinanzeigen.de/s-anzeige/druckerpatronen-1631-xl-fuer-epson/3236703789-225-3846
[2025-11-10 15:33:39,007] INFO: Product saved: Druckerpatronen  1631 XL für Epson...
[2025-11-10 15:33:39,007] DEBUG: Fetching details: https://www.kleinanzeigen.de/s-anzeige/druckerpatronen-pf1631-pf1632-pf1634-xl-fuer-epson-wf-2750/3236665098-225-6822
[2025-11-10 15:33:42,414] INFO: Product saved: Druckerpatronen PF1631 PF1632PF1634 XL für Epson W...
[2025-11-10 15:33:42,415] DEBUG: Fetching details: https://www.kleinanzeigen.de/s-anzeige/epson-t9651-xl-schwarz-original-druckerpatrone-c13t965140/3236578139-225-9415
[2025-11-10 15:33:43,828] INFO: Product saved: Epson T9651 XL schwarz Original Druckerpatrone C13...
[2025-11-10 15:33:43,829] DEBUG: Fetching details: https://www.kleinanzeigen.de/s-anzeige/5-top-druckerpatronen-fuer-epson-2-x-t1283-3-x-t1294-von-inkswiss/3236566335-225-1745
[2025-11-10 15:33:45,985] INFO: Product saved: 5 TOP Druckerpatronen für Epson 2 x T1283 3 x T129...
[2025-11-10 15:33:45,986] DEBUG: Fetching details: https://www.kleinanzeigen.de/s-anzeige/epson-drucker-xp-225-gebraucht-ohne-druckerpatrone/3236475111-225-1604
[2025-11-10 15:33:47,443] INFO: Product saved: Epson Drucker XP 225 gebraucht ohne Druckerpatrone...
[2025-11-10 15:33:47,444] DEBUG: Fetching details: https://www.kleinanzeigen.de/s-anzeige/druckerpatronen-xl-tinte-epson-t8651/3236390647-225-8892
[2025-11-10 15:33:48,894] INFO: Product saved: Druckerpatronen XL Tinte Epson T8651...
[2025-11-10 15:33:48,895] DEBUG: Fetching details: https://www.kleinanzeigen.de/s-anzeige/druckerpatrone-35xl-schwarz-fuer-epson-drucker-wf-4740-series/3236377490-225-1716
[2025-11-10 15:33:51,592] INFO: Product saved: Druckerpatrone 35XL schwarz für Epson Drucker WF 4...
[2025-11-10 15:33:51,593] DEBUG: Fetching details: https://www.kleinanzeigen.de/s-anzeige/druckerpatronen-epson-1634-gelb-1631-schwarz/3236324895-225-1071
[2025-11-10 15:33:53,884] INFO: Product saved: Druckerpatronen epson 1634 gelb 1631 schwarz...
[2025-11-10 15:33:53,885] DEBUG: Fetching details: https://www.kleinanzeigen.de/s-anzeige/kompatible-epson-druckerpatronen-29-xl/3236284729-225-3972
[2025-11-10 15:34:00,118] INFO: Product saved: Kompatible Epson Druckerpatronen 29 XL...
[2025-11-10 15:34:00,119] DEBUG: Fetching details: https://www.kleinanzeigen.de/s-anzeige/epson-t8504-gelb-druckerpatrone/3236260255-225-3492
[2025-11-10 15:34:01,817] INFO: Product saved: EPSON T8504 gelb Druckerpatrone...
[2025-11-10 15:34:01,818] ERROR: Ad parse error: can only concatenate str (not "NoneType") to str
[2025-11-10 15:34:01,819] DEBUG: Fetching details: https://www.kleinanzeigen.de/s-anzeige/druckerpatronen-epson-originalverpackt/3236073525-225-19030
[2025-11-10 15:34:03,597] INFO: Product saved: Druckerpatronen Epson originalverpackt...
[2025-11-10 15:34:03,598] DEBUG: Fetching details: https://www.kleinanzeigen.de/s-anzeige/epson-stylus-patronen-7-patronen-neu-druckerpatronen/3236046727-225-3437
[2025-11-10 15:34:05,828] INFO: Product saved: Epson Stylus Patronen 7 Patronen neu Druckerpatron...
[2025-11-10 15:34:05,828] DEBUG: Fetching details: https://www.kleinanzeigen.de/s-anzeige/drucker-druckerpatronen-patronen-603-xl-epson/3236031868-93-12917
[2025-11-10 15:34:08,360] INFO: Product saved: Drucker druckerpatronen patronen 603 xl epson...
[2025-11-10 15:34:08,360] DEBUG: Fetching details: https://www.kleinanzeigen.de/s-anzeige/druckerpatronen-von-epson-8-/3236010767-225-2935
[2025-11-10 15:34:10,872] INFO: Product saved: Druckerpatronen  von EPSON   8 €...
[2025-11-10 15:34:10,878] DEBUG: Fetching details: https://www.kleinanzeigen.de/s-anzeige/druckerpatronen-epson-nachfueller-tank-101-102-103-104/3235994352-225-2937
[2025-11-10 15:34:13,604] INFO: Product saved: Druckerpatronen Epson Nachfüller/Tank 101 102 103 ...
[2025-11-10 15:34:13,607] DEBUG: Fetching details: https://www.kleinanzeigen.de/s-anzeige/epson-29-druckerpatronen/3235937918-225-2118
[2025-11-10 15:34:15,746] INFO: Product saved: Epson 29 Druckerpatronen...
[2025-11-10 15:34:15,747] DEBUG: Fetching details: https://www.kleinanzeigen.de/s-anzeige/13-druckerpatronen-fuer-verschiedene-epson-xp-modelle/3235852780-225-7262
[2025-11-10 15:34:18,552] INFO: Product saved: 13 Druckerpatronen für verschiedene EPSON XP Model...
[2025-11-10 15:34:18,553] DEBUG: Fetching details: https://www.kleinanzeigen.de/s-anzeige/epson-druckerpatronen-2-stueck-original-schwarz-/3235785603-225-7262
[2025-11-10 15:34:20,320] INFO: Product saved: EPSON Druckerpatronen (2 Stückoriginal)  schwarz...
[2025-11-10 15:34:20,321] DEBUG: Fetching details: https://www.kleinanzeigen.de/s-anzeige/epson-druckerpatronen/3235750036-225-6956
[2025-11-10 15:34:23,038] INFO: Product saved: epson Druckerpatronen...
[2025-11-10 15:34:23,039] DEBUG: Fetching details: https://www.kleinanzeigen.de/s-anzeige/druckerpatronen-schwarz-fuer-epson/3235710336-225-984
[2025-11-10 15:34:24,550] INFO: Product saved: Druckerpatronen schwarz für Epson...
[2025-11-10 15:34:25,735] INFO: Scraping complete: 3 products
[2025-11-10 15:34:25,789] INFO: Task completed successfully
