[2025-11-09 07:23:39,669] INFO: Task received by worker
[2025-11-09 07:23:39,671] INFO: Starting task: Kleinanzeigen Product Scraper
[2025-11-09 07:23:39,671] DEBUG: Input data: {
  "searchQuery": "Druckerpatrone",
  "maxPages": 5,
  "brands": [
    {
      "brand": "Canon"
    }
  ]
}
[2025-11-09 07:23:39,926] INFO: Scraping 1 brand(s): Canon
[2025-11-09 07:23:41,129] INFO: Processing brand: Canon
[2025-11-09 07:23:41,285] DEBUG: Loading page 1: https://www.kleinanzeigen.de/s-Druckerpatrone-Canon/k0
[2025-11-09 07:23:48,483] DEBUG: Found 27 product in the page: 1
[2025-11-09 07:23:48,485] DEBUG: Fetching details: https://www.kleinanzeigen.de/s-anzeige/ankauf-ihrer-leeren-canon-und-hp-305-hp-305xl-hp-307xl-hp-304-hp-304xl-hp-303-hp-303xl-hp-302-hp-302xl-hp-301-301xl-62-62xl-300-300xl-901-leere-patronen-volle-ueberlagerte-druckerpatronen-toner/1764977037-225-9683
[2025-11-09 07:23:53,158] INFO: Product saved: Ankauf Ihrer leeren Canon und HP 305 HP 305XL HP 3...
[2025-11-09 07:23:53,162] DEBUG: Fetching details: https://www.kleinanzeigen.de/s-anzeige/ankauf-ihrer-leeren-vollen-hp-und-canon-540-541-545-546-560-561-575-576-585-586-510-511-512-513-40-41-37-38-50-51-leere-volle-ueberlagerte-druckerpatronen-tintenpatronen-toner-hp-62-302-303-304-305/1117663714-225-9683
[2025-11-09 07:23:57,714] INFO: Product saved: Ankauf Ihrer leeren vollen HP und Canon 540 541 54...
[2025-11-09 07:23:57,715] DEBUG: Fetching details: https://www.kleinanzeigen.de/s-anzeige/druckerpatronen-kompatibel-canon-pgi-570-cli-571/3240413191-225-9178
[2025-11-09 07:24:01,739] INFO: Product saved: Druckerpatronen kompatibel Canon PGI-570 CLI-571...
[2025-11-09 07:24:01,742] DEBUG: Fetching details: https://www.kleinanzeigen.de/s-anzeige/druckerpatrone-canon-510/3240396057-225-4816
[2025-11-09 07:24:04,093] INFO: Product saved: Druckerpatrone Canon 510...
[2025-11-09 07:24:04,094] DEBUG: Fetching details: https://www.kleinanzeigen.de/s-anzeige/5x-druckerpatronen-neu-tintenpatronen-toner-f-drucker-canon/3240361746-225-3877
[2025-11-09 07:24:06,393] INFO: Product saved: 5x DRUCKERPATRONEN -NEU- TINTENPATRONEN TONER f.Dr...
[2025-11-09 07:24:06,395] DEBUG: Fetching details: https://www.kleinanzeigen.de/s-anzeige/canon-druckerpatronen-570-571-incl-canon-ts5055/3240340319-225-922
[2025-11-09 07:24:10,544] INFO: Product saved: Canon Druckerpatronen 570/571 incl. Canon TS5055...
[2025-11-09 07:24:10,546] DEBUG: Fetching details: https://www.kleinanzeigen.de/s-anzeige/druckerpatronen-fuer-canon-pixma-drucker/3240337721-225-26046
[2025-11-09 07:24:14,265] INFO: Product saved: Druckerpatronen für Canon Pixma Drucker...
[2025-11-09 07:24:14,269] DEBUG: Fetching details: https://www.kleinanzeigen.de/s-anzeige/2-druckerpatronen-fuer-canon-drucker-pg545xl-cl546xl-/3240335923-225-4571
[2025-11-09 07:24:17,283] INFO: Product saved: 2 Druckerpatronen für Canon Drucker: PG545XLCL546X...
[2025-11-09 07:24:17,284] DEBUG: Fetching details: https://www.kleinanzeigen.de/s-anzeige/druckerpatronen-canon-ts-7450a/3240330396-225-16973
[2025-11-09 07:24:19,164] INFO: Product saved: Druckerpatronen Canon TS 7450a...
[2025-11-09 07:24:19,166] DEBUG: Fetching details: https://www.kleinanzeigen.de/s-anzeige/28x-druckerpatronen-tintenpartonen-canon-drucker-551-und-550/3240304614-225-4711
[2025-11-09 07:24:21,622] INFO: Product saved: 28x Druckerpatronen Tintenpartonen Canon  Drucker ...
[2025-11-09 07:24:21,623] DEBUG: Fetching details: https://www.kleinanzeigen.de/s-anzeige/3x-original-canon-cli-551-xl-druckerpatronen-neu-druckertinte/3240302834-225-7924
[2025-11-09 07:24:23,351] INFO: Product saved: 3x Original Canon CLI 551 (XL) Druckerpatronen  ne...
[2025-11-09 07:24:23,353] DEBUG: Fetching details: https://www.kleinanzeigen.de/s-anzeige/lxtek-druckerpatronen-580-581-multipack-kompatibel-fuer-canon-tr85/3240292302-225-9602
[2025-11-09 07:24:25,380] INFO: Product saved: LxTek Druckerpatronen 580 581 Multipack Kompatibel...
[2025-11-09 07:24:25,382] DEBUG: Fetching details: https://www.kleinanzeigen.de/s-anzeige/druckerpatrone-canon-ts-7450a-pg-560xl-black/3240205781-225-16973
[2025-11-09 07:24:27,395] INFO: Product saved: Druckerpatrone Canon TS 7450a PG-560XL black...
[2025-11-09 07:24:27,397] DEBUG: Fetching details: https://www.kleinanzeigen.de/s-anzeige/canon-pixmal-druckerpatronen-neu-blau-rot-schwarz-geld/3240195102-225-2490
[2025-11-09 07:24:30,317] INFO: Product saved: Canon Pixmal Druckerpatronen neu blau rot schwarz ...
[2025-11-09 07:24:30,319] DEBUG: Fetching details: https://www.kleinanzeigen.de/s-anzeige/canon-pg-575-druckerpatrone/3240195077-225-25295
[2025-11-09 07:24:32,007] INFO: Product saved: Canon PG 575 Druckerpatrone...
[2025-11-09 07:24:32,010] DEBUG: Fetching details: https://www.kleinanzeigen.de/s-anzeige/druckerpatronen-mit-chip-fuer-canon-drucker-kopierer/3240186983-225-4104
[2025-11-09 07:24:34,268] INFO: Product saved: Druckerpatronen mit Chip für Canon Drucker  / Kopi...
[2025-11-09 07:24:34,269] DEBUG: Fetching details: https://www.kleinanzeigen.de/s-anzeige/druckerpatronen-canon/3240186887-225-16366
[2025-11-09 07:24:36,416] INFO: Product saved: Druckerpatronen Canon...
[2025-11-09 07:24:36,423] DEBUG: Fetching details: https://www.kleinanzeigen.de/s-anzeige/druckerpatronen-fuer-canon-drucker/3240119637-225-5424
[2025-11-09 07:24:38,033] INFO: Product saved: Druckerpatronen für Canon Drucker...
[2025-11-09 07:24:38,035] DEBUG: Fetching details: https://www.kleinanzeigen.de/s-anzeige/druckerpatronen-canon-mg-6150/3240111041-225-8830
[2025-11-09 07:24:49,690] INFO: Product saved: Druckerpatronen canon mg 6150...
[2025-11-09 07:24:49,692] DEBUG: Fetching details: https://www.kleinanzeigen.de/s-anzeige/druckerpatronen-canon-mg-6150/3240111039-225-8830
[2025-11-09 07:25:01,657] INFO: Product saved: Druckerpatronen canon mg 6150...
[2025-11-09 07:25:01,658] DEBUG: Fetching details: https://www.kleinanzeigen.de/s-anzeige/kompatibel-canon-pgi-570xl-cli-571xl-druckerpatronen-multipack/3240095927-225-9419
[2025-11-09 07:25:03,788] INFO: Product saved: Kompatibel Canon PGI-570XL/CLI-571XL Druckerpatron...
[2025-11-09 07:25:03,790] DEBUG: Fetching details: https://www.kleinanzeigen.de/s-anzeige/druckerpatronen-canon-pixma/3240072819-93-8594
[2025-11-09 07:25:06,316] INFO: Product saved: Druckerpatronen Canon Pixma...
[2025-11-09 07:25:06,318] ERROR: Ad parse error: can only concatenate str (not "NoneType") to str
[2025-11-09 07:25:06,319] DEBUG: Fetching details: https://www.kleinanzeigen.de/s-anzeige/4-kompatible-druckerpatronen-canon-pixma/3239990973-225-7980
[2025-11-09 07:25:08,233] INFO: Product saved: 4 kompatible Druckerpatronen Canon Pixma...
[2025-11-09 07:25:08,235] DEBUG: Fetching details: https://www.kleinanzeigen.de/s-anzeige/druckerpatronen-canon-526/3239980805-225-7527
[2025-11-09 07:25:10,042] INFO: Product saved: Druckerpatronen Canon 526...
[2025-11-09 07:25:10,043] DEBUG: Fetching details: https://www.kleinanzeigen.de/s-anzeige/druckerpatronen-xl-canon/3239936651-225-3460
[2025-11-09 07:25:11,957] INFO: Product saved: Druckerpatronen XL Canon...
[2025-11-09 07:25:11,959] DEBUG: Fetching details: https://www.kleinanzeigen.de/s-anzeige/druckerpatrone-canon-540-black-pg-540/3239901733-225-7422
[2025-11-09 07:25:13,951] INFO: Product saved: Druckerpatrone Canon 540 Black - PG-540...
[2025-11-09 07:25:14,951] DEBUG: Loading page 2: https://www.kleinanzeigen.de/s-seite:2/Druckerpatrone-Canon/k0
[2025-11-09 07:25:17,158] DEBUG: Found 25 product in the page: 2
[2025-11-09 07:25:17,159] DEBUG: Fetching details: https://www.kleinanzeigen.de/s-anzeige/atopink-pg540xl-schwarz-druckerpatrone-pg-540-xl-canon/3239898527-225-9358
[2025-11-09 07:25:18,741] INFO: Product saved: ATOPINK  PG540XL schwarz Druckerpatrone PG-540 XL ...
[2025-11-09 07:25:18,743] DEBUG: Fetching details: https://www.kleinanzeigen.de/s-anzeige/canon-580-581-druckerpatronen-neu/3239841199-225-3199
[2025-11-09 07:25:20,738] INFO: Product saved: Canon 580/581 Druckerpatronen neu...
[2025-11-09 07:25:20,739] ERROR: Ad parse error: can only concatenate str (not "NoneType") to str
[2025-11-09 07:25:20,740] DEBUG: Fetching details: https://www.kleinanzeigen.de/s-anzeige/druckerpatronen-canon-kompatibel/3239809319-225-6800
[2025-11-09 07:25:22,623] INFO: Product saved: Druckerpatronen Canon kompatibel...
[2025-11-09 07:25:22,626] DEBUG: Fetching details: https://www.kleinanzeigen.de/s-anzeige/canon-580-581-druckerpatronen-in-farbe-und-in-schwarz/3239768057-225-1007
[2025-11-09 07:25:24,200] INFO: Product saved: Canon 580/581 Druckerpatronen in Farbe und in schw...
[2025-11-09 07:25:24,201] DEBUG: Fetching details: https://www.kleinanzeigen.de/s-anzeige/2x-canon-pg-512-druckerpatronen-schwarz/3239751012-225-4255
[2025-11-09 07:25:25,709] INFO: Product saved: 2x Canon PG-512 Druckerpatronen schwarz...
[2025-11-09 07:25:25,710] DEBUG: Fetching details: https://www.kleinanzeigen.de/s-anzeige/druckerpatronen-canon-540xl-541xl-neu-und-originalverpackt/3239730587-225-6080
[2025-11-09 07:25:27,278] INFO: Product saved: Druckerpatronen Canon 540XL / 541XL neu und origin...
[2025-11-09 07:25:27,279] DEBUG: Fetching details: https://www.kleinanzeigen.de/s-anzeige/canon-540-xl-schwarz-druckerpatronen-tintenpatronen-kompatibel/3239717827-225-9518
[2025-11-09 07:25:29,395] INFO: Product saved: Canon 540 XL schwarz Druckerpatronen Tintenpatrone...
[2025-11-09 07:25:29,396] DEBUG: Fetching details: https://www.kleinanzeigen.de/s-anzeige/canon-pixma-druckerpatronen-525-schwarz-und-526-bunt-/3239715272-225-7981
[2025-11-09 07:25:30,875] INFO: Product saved: Canon PIXMA Druckerpatronen 525 (schwarz) und 526 ...
[2025-11-09 07:25:30,876] DEBUG: Fetching details: https://www.kleinanzeigen.de/s-anzeige/canon-545-xl-546-xl-druckerpatronen-tintenpatronen-kompatibel/3239714827-225-9518
[2025-11-09 07:25:32,453] INFO: Product saved: Canon 545 XL 546 XL Druckerpatronen Tintenpatronen...
[2025-11-09 07:25:32,454] DEBUG: Fetching details: https://www.kleinanzeigen.de/s-anzeige/druckerpatronen-fuer-canon-11st-/3239713126-225-2074
[2025-11-09 07:25:34,354] INFO: Product saved: Druckerpatronen für Canon 11St....
[2025-11-09 07:25:34,356] DEBUG: Fetching details: https://www.kleinanzeigen.de/s-anzeige/druckerpatronen-fuer-canon/3239708969-225-3810
[2025-11-09 07:25:35,868] INFO: Product saved: Druckerpatronen für Canon...
[2025-11-09 07:25:35,869] DEBUG: Fetching details: https://www.kleinanzeigen.de/s-anzeige/druckerpatronen-fuer-canon/3239643467-225-2303
[2025-11-09 07:25:37,686] INFO: Product saved: Druckerpatronen für Canon...
[2025-11-09 07:25:37,688] DEBUG: Fetching details: https://www.kleinanzeigen.de/s-anzeige/canon-druckerpatronen-original-verpackt-cli-8m-y-c-5/3239555091-225-1522
[2025-11-09 07:25:39,562] INFO: Product saved: Canon Druckerpatronen Original verpackt CLI-8M-Y-C...
[2025-11-09 07:25:39,566] DEBUG: Fetching details: https://www.kleinanzeigen.de/s-anzeige/d-c-druckerpatronen-fuer-canon-drucker-tintenpatronen/3239539705-225-1889
[2025-11-09 07:25:41,510] INFO: Product saved: D&C Druckerpatronen für Canon Drucker Tintenpatron...
[2025-11-09 07:25:41,513] DEBUG: Fetching details: https://www.kleinanzeigen.de/s-anzeige/druckerpatronen-kompatibel-fuer-canon-pixma/3239527902-225-7138
[2025-11-09 07:25:43,456] INFO: Product saved: Druckerpatronen Kompatibel für Canon Pixma...
[2025-11-09 07:25:43,458] DEBUG: Fetching details: https://www.kleinanzeigen.de/s-anzeige/2-stueck-neue-originale-canon-druckerpatronen-571-bk-schwarz-/3239489066-225-3364
[2025-11-09 07:25:45,197] INFO: Product saved: 2 Stück neue originale Canon Druckerpatronen 571 (...
[2025-11-09 07:25:45,198] ERROR: Ad parse error: can only concatenate str (not "NoneType") to str
[2025-11-09 07:25:45,199] DEBUG: Fetching details: https://www.kleinanzeigen.de/s-anzeige/druckerpatronen-multipack-canon-pg-40-cl-41-schwarz-farbig-28-ml/3239354325-225-4164
[2025-11-09 07:25:47,276] INFO: Product saved: Druckerpatronen MultiPack Canon PG-40+CL-41 schwar...
[2025-11-09 07:25:47,278] DEBUG: Fetching details: https://www.kleinanzeigen.de/s-anzeige/10-druckerpatronen-kompatibel-fuer-canon-pixma/3239257562-225-1125
[2025-11-09 07:25:49,075] INFO: Product saved: 10 Druckerpatronen kompatibel für Canon Pixma...
[2025-11-09 07:25:49,076] DEBUG: Fetching details: https://www.kleinanzeigen.de/s-anzeige/druckerpatronen-fuer-canon-xp-452-455-serie-gegen-eine-kleinigkeit/3239166472-225-5968
[2025-11-09 07:25:51,036] INFO: Product saved: Druckerpatronen für Canon XP-452 455 Serie gegen e...
[2025-11-09 07:25:51,037] DEBUG: Fetching details: https://www.kleinanzeigen.de/s-anzeige/druckerpatronen-fuer-canon-prixma/3239134166-225-4057
[2025-11-09 07:25:52,941] INFO: Product saved: Druckerpatronen für Canon Prixma...
[2025-11-09 07:25:52,943] DEBUG: Fetching details: https://www.kleinanzeigen.de/s-anzeige/druckerpatronen-canon/3239101899-225-2862
[2025-11-09 07:25:54,604] INFO: Product saved: Druckerpatronen Canon...
[2025-11-09 07:25:54,606] DEBUG: Fetching details: https://www.kleinanzeigen.de/s-anzeige/druckerpatronen-canon-mp550/3239086367-225-7328
[2025-11-09 07:25:56,468] INFO: Product saved: Druckerpatronen Canon MP550...
[2025-11-09 07:25:56,470] DEBUG: Fetching details: https://www.kleinanzeigen.de/s-anzeige/-10-druckerpatronen-571xl-cgi-571-xl-fuer-canon-ts8050-u-a-/3239055184-225-4754
[2025-11-09 07:25:58,190] INFO: Product saved: ⭐⭐⭐ 10 Druckerpatronen 571XL (CGI-571 XL) für Cano...
[2025-11-09 07:25:59,190] DEBUG: Loading page 3: https://www.kleinanzeigen.de/s-seite:3/Druckerpatrone-Canon/k0
[2025-11-09 07:26:01,206] DEBUG: Found 25 product in the page: 3
[2025-11-09 07:26:01,208] DEBUG: Fetching details: https://www.kleinanzeigen.de/s-anzeige/-10-druckerpatronen-571xl-cgi-571-xl-fuer-canon-ts8050-u-a-/3239055184-225-4754
[2025-11-09 07:26:02,942] INFO: Product saved: ⭐⭐⭐ 10 Druckerpatronen 571XL (CGI-571 XL) für Cano...
[2025-11-09 07:26:02,944] DEBUG: Fetching details: https://www.kleinanzeigen.de/s-anzeige/canon-druckerpatronen-original-verpackung-/3238998097-225-8255
[2025-11-09 07:26:04,766] INFO: Product saved: Canon Druckerpatronen (original Verpackung)...
[2025-11-09 07:26:04,768] DEBUG: Fetching details: https://www.kleinanzeigen.de/s-anzeige/original-druckerpatronen-canon-mp-280pixma-510-black/3238983702-225-1732
[2025-11-09 07:26:06,276] INFO: Product saved: original Druckerpatronen Canon MP 280pixma 510 bla...
[2025-11-09 07:26:06,278] DEBUG: Fetching details: https://www.kleinanzeigen.de/s-anzeige/canon-druckerpatronen-pgi-550-cli-551-34-st-ip7250-mg-5400etc/3238965507-225-9212
[2025-11-09 07:26:08,098] INFO: Product saved: Canon Druckerpatronen PGI-550/CLI-551 * 34 St. IP7...
[2025-11-09 07:26:08,099] DEBUG: Fetching details: https://www.kleinanzeigen.de/s-anzeige/druckerpatronen-canon-pixma/3238957151-225-19404
[2025-11-09 07:26:09,672] INFO: Product saved: Druckerpatronen Canon Pixma...
[2025-11-09 07:26:09,674] DEBUG: Fetching details: https://www.kleinanzeigen.de/s-anzeige/5x-druckerpatrone-fuer-canon-komp-mit-pg-525-schwarz/3238956351-225-14101
[2025-11-09 07:26:11,538] INFO: Product saved: 5x Druckerpatrone für Canon (Komp. mit PG 525) sch...
[2025-11-09 07:26:11,540] DEBUG: Fetching details: https://www.kleinanzeigen.de/s-anzeige/bubprint-druckerpatronen-fuer-canon-pixma-ip/3238884513-225-4763
[2025-11-09 07:26:13,214] INFO: Product saved: Bubprint Druckerpatronen für Canon Pixma IP...
[2025-11-09 07:26:13,216] DEBUG: Fetching details: https://www.kleinanzeigen.de/s-anzeige/canon-716-original-druckerpatronen-schwarz-cyan-magenta-gelb/3238825630-225-3258
[2025-11-09 07:26:15,359] INFO: Product saved: Canon 716 Original Druckerpatronen schwarz cyan ma...
[2025-11-09 07:26:15,370] DEBUG: Fetching details: https://www.kleinanzeigen.de/s-anzeige/druckerpatronen-canon-570-71-kostenl-versand/3238814113-225-15769
[2025-11-09 07:26:18,292] INFO: Product saved: Druckerpatronen Canon 570/71 kostenl. Versand...
[2025-11-09 07:26:18,309] DEBUG: Fetching details: https://www.kleinanzeigen.de/s-anzeige/canon-multipack-druckerpatronen-set/3238757741-225-5191
[2025-11-09 07:26:23,232] INFO: Product saved: Canon Multipack Druckerpatronen Set...
[2025-11-09 07:26:23,238] DEBUG: Fetching details: https://www.kleinanzeigen.de/s-anzeige/26-canon-druckerpatronen-komp-zu-cli-526/3238735403-225-1974
[2025-11-09 07:26:25,765] INFO: Product saved: 26 Canon Druckerpatronen komp. zu CLI 526...
[2025-11-09 07:26:25,766] ERROR: Ad parse error: can only concatenate str (not "NoneType") to str
[2025-11-09 07:26:25,767] DEBUG: Fetching details: https://www.kleinanzeigen.de/s-anzeige/druckerpatronen-fuer-canon-drucker-gem-aufdruck/3238672402-225-922
[2025-11-09 07:26:27,566] INFO: Product saved: Druckerpatronen für Canon Drucker gem. Aufdruck...
[2025-11-09 07:26:27,568] DEBUG: Fetching details: https://www.kleinanzeigen.de/s-anzeige/canon-pixma-druckerpatrone-576-color/3238645730-225-4727
[2025-11-09 07:26:29,306] INFO: Product saved: Canon PIXMA Druckerpatrone 576 Color...
[2025-11-09 07:26:29,309] DEBUG: Fetching details: https://www.kleinanzeigen.de/s-anzeige/3-leere-druckerpatronen-canon-hp-/3238612503-225-353
[2025-11-09 07:26:30,994] INFO: Product saved: 3 Leere Druckerpatronen (Canon HP)...
[2025-11-09 07:26:30,997] DEBUG: Fetching details: https://www.kleinanzeigen.de/s-anzeige/druckerpatronen-6x-fuer-canon-pixma-ip-mp-mx/3238609304-225-1158
[2025-11-09 07:26:32,631] INFO: Product saved: Druckerpatronen 6x für Canon PIXMA IP MP MX...
[2025-11-09 07:26:32,632] DEBUG: Fetching details: https://www.kleinanzeigen.de/s-anzeige/druckerpatronen-canon-gelb-schwarz-magenta/3238589905-225-150
[2025-11-09 07:26:34,938] INFO: Product saved: Druckerpatronen Canon gelb schwarz magenta...
[2025-11-09 07:26:34,939] ERROR: Ad parse error: can only concatenate str (not "NoneType") to str
[2025-11-09 07:26:34,941] DEBUG: Fetching details: https://www.kleinanzeigen.de/s-anzeige/druckerpatronen-canon-c550-551-xl/3238512363-225-1100
[2025-11-09 07:26:37,002] INFO: Product saved: Druckerpatronen Canon C550 / 551 XL...
[2025-11-09 07:26:37,004] DEBUG: Fetching details: https://www.kleinanzeigen.de/s-anzeige/wegen-druckerwechsel-druckerpatronen-fuer-canon-pixma-ip-mp-mx/3238504383-225-3731
[2025-11-09 07:26:39,046] INFO: Product saved: Wegen Druckerwechsel Druckerpatronen für Canon Pix...
[2025-11-09 07:26:39,047] DEBUG: Fetching details: https://www.kleinanzeigen.de/s-anzeige/druckerpatronen-multipack-canon-mx925/3238497617-225-1101
[2025-11-09 07:26:41,205] INFO: Product saved: DRUCKERPATRONEN Multipack Canon Mx925...
[2025-11-09 07:26:41,206] DEBUG: Fetching details: https://www.kleinanzeigen.de/s-anzeige/kompatible-druckerpatronen-konvolut-550xl-551xl-fuer-canon/3238488603-225-25427
[2025-11-09 07:26:42,836] INFO: Product saved: Kompatible Druckerpatronen-Konvolut 550XL/551XL *f...
[2025-11-09 07:26:42,838] DEBUG: Fetching details: https://www.kleinanzeigen.de/s-anzeige/pureink-druckerpatrone-canon-pg540xl-cl541xl-multipack/3238473129-225-19904
[2025-11-09 07:26:44,716] INFO: Product saved: PureInk Druckerpatrone Canon PG540XL/CL541XL Multi...
[2025-11-09 07:26:44,719] DEBUG: Fetching details: https://www.kleinanzeigen.de/s-anzeige/-druckerpatrone-original-canon-cl-541-xl-neu-/3238464292-225-3811
[2025-11-09 07:26:46,818] INFO: Product saved: ++ Druckerpatrone original Canon CL-541 XL  / Neu ...
[2025-11-09 07:26:46,820] DEBUG: Fetching details: https://www.kleinanzeigen.de/s-anzeige/druckerpatronen-525-und-526-u-a-fuer-canon-pixma/3238463403-225-5589
[2025-11-09 07:26:48,954] INFO: Product saved: Druckerpatronen 525 und 526 u.a. für Canon Pixma...
[2025-11-09 07:26:49,956] DEBUG: Loading page 4: https://www.kleinanzeigen.de/s-seite:4/Druckerpatrone-Canon/k0
[2025-11-09 07:26:52,309] DEBUG: Found 25 product in the page: 4
[2025-11-09 07:26:52,311] DEBUG: Fetching details: https://www.kleinanzeigen.de/s-anzeige/3x-original-canon-druckerpatronen/3238449183-225-4719
[2025-11-09 07:26:54,321] INFO: Product saved: 3x original Canon Druckerpatronen...
[2025-11-09 07:26:54,322] DEBUG: Fetching details: https://www.kleinanzeigen.de/s-anzeige/druckerpatronen-canon-bci-10-schwarz-und-bci-11-farbe-/3238425240-225-1170
[2025-11-09 07:26:56,434] INFO: Product saved: Druckerpatronen Canon BCI-10 (schwarz) und BCI-11 ...
[2025-11-09 07:26:56,435] DEBUG: Fetching details: https://www.kleinanzeigen.de/s-anzeige/canon-545-546-druckerpatronen/3238402494-225-1020
[2025-11-09 07:26:58,279] INFO: Product saved: Canon 545/546 Druckerpatronen...
[2025-11-09 07:26:58,281] DEBUG: Fetching details: https://www.kleinanzeigen.de/s-anzeige/druckerpatronen-kompatibel-canon/3238377989-225-13234
[2025-11-09 07:27:00,378] INFO: Product saved: Druckerpatronen kompatibel Canon...
[2025-11-09 07:27:00,380] ERROR: Ad parse error: can only concatenate str (not "NoneType") to str
[2025-11-09 07:27:00,381] DEBUG: Fetching details: https://www.kleinanzeigen.de/s-anzeige/druckerpatronen-fuer-drucker-von-canon-pixma-5250/3238347854-225-4684
[2025-11-09 07:27:02,408] INFO: Product saved: Druckerpatronen für Drucker von Canon PIXMA 5250...
[2025-11-09 07:27:02,409] DEBUG: Fetching details: https://www.kleinanzeigen.de/s-anzeige/canon-druckerpatronen-pixma-520-521-neu/3238300144-225-1791
[2025-11-09 07:27:04,186] INFO: Product saved: Canon Druckerpatronen Pixma  520/521  Neu...
[2025-11-09 07:27:04,188] DEBUG: Fetching details: https://www.kleinanzeigen.de/s-anzeige/canon-druckerpatrone-cli-36-chromalife-100-pack-mit-100-blatt/3238283607-225-21142
[2025-11-09 07:27:06,217] INFO: Product saved: Canon Druckerpatrone CLI-36 „ChromaLife 100 Pack“ ...
[2025-11-09 07:27:06,218] DEBUG: Fetching details: https://www.kleinanzeigen.de/s-anzeige/canon-druckerpatronen-multipack-blau-magenta-gelb/3238274463-225-8203
[2025-11-09 07:27:08,028] INFO: Product saved: Canon Druckerpatronen Multipack blau magenta gelb...
[2025-11-09 07:27:08,029] DEBUG: Fetching details: https://www.kleinanzeigen.de/s-anzeige/logic-seek-druckerpatronen-fuer-canon-drucker/3238262334-225-2418
[2025-11-09 07:27:10,249] INFO: Product saved: Logic- Seek-Druckerpatronen für Canon Drucker...
[2025-11-09 07:27:10,251] DEBUG: Fetching details: https://www.kleinanzeigen.de/s-anzeige/druckerpatronen-kompatibel-canon-pixma-ts8050-u-a-/3238247738-225-20581
[2025-11-09 07:27:13,681] INFO: Product saved: Druckerpatronen Kompatibel Canon Pixma TS8050 u. a...
[2025-11-09 07:27:13,682] DEBUG: Fetching details: https://www.kleinanzeigen.de/s-anzeige/canon-pixmar-mx475-unbenutzte-druckerpatrone-schwarz/3238235574-225-5067
[2025-11-09 07:27:15,749] INFO: Product saved: Canon Pixmar mx475 + unbenutzte Druckerpatrone sch...
[2025-11-09 07:27:15,751] DEBUG: Fetching details: https://www.kleinanzeigen.de/s-anzeige/canon-druckerpatronen-581-xl-multipack-mit-fotopapier/3238108083-225-1176
[2025-11-09 07:27:17,816] INFO: Product saved: CANON Druckerpatronen 581 XL Multipack mit Fotopap...
[2025-11-09 07:27:17,818] DEBUG: Fetching details: https://www.kleinanzeigen.de/s-anzeige/druckerpatronen-cli-521-neu-bk-y-patronen-drucker-canon/3238105211-225-7357
[2025-11-09 07:27:19,604] INFO: Product saved: Druckerpatronen CLI 521 Neu BK Y Patronen Drucker ...
[2025-11-09 07:27:19,605] DEBUG: Fetching details: https://www.kleinanzeigen.de/s-anzeige/druckerpatronen-canon-cli-551/3238032690-225-26506
[2025-11-09 07:27:21,480] INFO: Product saved: Druckerpatronen Canon Cli-551...
[2025-11-09 07:27:21,482] DEBUG: Fetching details: https://www.kleinanzeigen.de/s-anzeige/druckerpatronen-fuer-canon/3237956446-225-9353
[2025-11-09 07:27:23,376] INFO: Product saved: Druckerpatronen für Canon...
[2025-11-09 07:27:23,378] DEBUG: Fetching details: https://www.kleinanzeigen.de/s-anzeige/canon-druckerpatronen-pg-40-cl-41-mcvp-multipack/3237946140-225-1908
[2025-11-09 07:27:25,595] INFO: Product saved: Canon Druckerpatronen PG-40+CL-41 MCVP Multipack...
[2025-11-09 07:27:25,597] DEBUG: Fetching details: https://www.kleinanzeigen.de/s-anzeige/druckerpatronen-canon-pixma/3237931733-225-8639
[2025-11-09 07:27:27,777] INFO: Product saved: Druckerpatronen Canon Pixma...
[2025-11-09 07:27:27,779] DEBUG: Fetching details: https://www.kleinanzeigen.de/s-anzeige/druckerpatronen-cli-526-pgi-525-canon-pixma-nicht-original/3237925069-225-5919
[2025-11-09 07:27:33,752] INFO: Product saved: Druckerpatronen  CLI 526 PGI 525 Canon Pixma nicht...
[2025-11-09 07:27:33,755] DEBUG: Fetching details: https://www.kleinanzeigen.de/s-anzeige/druckerpatronen-bubprint-7-stueck-fuer-canon-pgi550-cli551-neu-ovp/3237899858-225-4561
[2025-11-09 07:27:38,043] INFO: Product saved: Druckerpatronen Bubprint 7 Stück für Canon PGI550 ...
[2025-11-09 07:27:38,045] DEBUG: Fetching details: https://www.kleinanzeigen.de/s-anzeige/8-x-druckerpatronen-pgi-550-und-cli-551-fuer-canon/3237893921-225-6812
[2025-11-09 07:27:41,709] INFO: Product saved: 8 x Druckerpatronen PGI-550 und CLI-551  für Canon...
[2025-11-09 07:27:41,710] DEBUG: Fetching details: https://www.kleinanzeigen.de/s-anzeige/canon-druckerpatronen/3237867447-225-392
[2025-11-09 07:27:44,053] INFO: Product saved: Canon Druckerpatronen...
[2025-11-09 07:27:44,055] DEBUG: Fetching details: https://www.kleinanzeigen.de/s-anzeige/29-canon-druckerpatronen/3237862210-225-1091
[2025-11-09 07:27:45,747] INFO: Product saved: 29 Canon Druckerpatronen...
[2025-11-09 07:27:45,748] ERROR: Ad parse error: can only concatenate str (not "NoneType") to str
[2025-11-09 07:27:45,749] DEBUG: Fetching details: https://www.kleinanzeigen.de/s-anzeige/druckerpatronen-fuer-canon-cli-520-521-neuwertig/3237800505-225-6654
[2025-11-09 07:27:47,302] INFO: Product saved: Druckerpatronen für Canon CLI 520/521 NEUWERTIG...
[2025-11-09 07:27:48,303] DEBUG: Loading page 5: https://www.kleinanzeigen.de/s-seite:5/Druckerpatrone-Canon/k0
[2025-11-09 07:27:50,259] DEBUG: Found 25 product in the page: 5
[2025-11-09 07:27:50,260] DEBUG: Fetching details: https://www.kleinanzeigen.de/s-anzeige/canon-druckerpatrone-545-xl-black-und-546-xl-color/3237703974-225-20208
[2025-11-09 07:27:51,889] INFO: Product saved: Canon Druckerpatrone 545 XL Black und 546 XL Color...
[2025-11-09 07:27:51,890] DEBUG: Fetching details: https://www.kleinanzeigen.de/s-anzeige/neu-druckerpatrone-canon-pg-240-xlbkw/3237671194-225-9462
[2025-11-09 07:27:53,789] INFO: Product saved: NEU Druckerpatrone Canon PG-240 XLBKw...
[2025-11-09 07:27:53,791] DEBUG: Fetching details: https://www.kleinanzeigen.de/s-anzeige/druckerpatronen-canon/3237610271-225-5951
[2025-11-09 07:27:55,992] INFO: Product saved: Druckerpatronen Canon...
[2025-11-09 07:27:55,993] DEBUG: Fetching details: https://www.kleinanzeigen.de/s-anzeige/neu-druckerpatronen-canon-mx-925/3237584385-225-20082
[2025-11-09 07:27:57,675] INFO: Product saved: NEU - Druckerpatronen Canon MX 925...
[2025-11-09 07:27:57,677] DEBUG: Fetching details: https://www.kleinanzeigen.de/s-anzeige/druckerpatronen-multipack-fuer-canon-drucker-z-b-ip4900-neu/3237582419-225-1023
[2025-11-09 07:27:59,888] INFO: Product saved: Druckerpatronen Multipack für CANON DRUCKER z.B. i...
[2025-11-09 07:27:59,889] DEBUG: Fetching details: https://www.kleinanzeigen.de/s-anzeige/druckerpatrone-von-canon-fuer-canon-pixma-drucker/3237552989-225-9012
[2025-11-09 07:28:01,869] INFO: Product saved: Druckerpatrone von Canon für Canon Pixma Drucker...
[2025-11-09 07:28:01,871] DEBUG: Fetching details: https://www.kleinanzeigen.de/s-anzeige/vvqv-canon-pg-540xl-cl-541xl-druckerpatrone-neu-2er-pack/3237552376-225-1824
[2025-11-09 07:28:04,387] INFO: Product saved: VVQV Canon PG‑540XL + CL‑541XL Druckerpatrone – NE...
[2025-11-09 07:28:04,388] DEBUG: Fetching details: https://www.kleinanzeigen.de/s-anzeige/canpick-canon-pg-540xl-cl-541xl-druckerpatronen-neu-2er-pack/3237550870-225-1824
[2025-11-09 07:28:06,725] INFO: Product saved: CanPick Canon PG‑540XL+CL‑541XL Druckerpatronen – ...
[2025-11-09 07:28:06,727] DEBUG: Fetching details: https://www.kleinanzeigen.de/s-anzeige/druckerpatrone-von-digital-revolution-fuer-canon-pixma-drucker/3237546688-225-9012
[2025-11-09 07:28:10,086] INFO: Product saved: Druckerpatrone von Digital Revolution für Canon Pi...
[2025-11-09 07:28:10,092] DEBUG: Fetching details: https://www.kleinanzeigen.de/s-anzeige/canon-cp-2500xl-druckerpatronen-neu/3237504367-225-7700
[2025-11-09 07:28:13,497] INFO: Product saved: Canon CP-2500XL Druckerpatronen NEU...
[2025-11-09 07:28:13,502] DEBUG: Fetching details: https://www.kleinanzeigen.de/s-anzeige/-neu-tintenpatronen-druckerpatronen-canon-550-551/3237499229-225-6147
[2025-11-09 07:28:16,102] INFO: Product saved: *neu* Tintenpatronen / Druckerpatronen Canon 550/5...
[2025-11-09 07:28:16,102] ERROR: Ad parse error: can only concatenate str (not "NoneType") to str
[2025-11-09 07:28:16,103] DEBUG: Fetching details: https://www.kleinanzeigen.de/s-anzeige/-schnaeppchen-4-drucker-patronen-canon-pixma-551-bzw-550-/3237397792-225-5753
[2025-11-09 07:28:19,111] INFO: Product saved: ☀ Schnäppchen: 4 Drucker-Patronen Canon Pixma 551 ...
[2025-11-09 07:28:19,114] DEBUG: Fetching details: https://www.kleinanzeigen.de/s-anzeige/7-druckerpatronen-fuer-canon-pixma-u-ae-/3237333631-225-9449
[2025-11-09 07:28:21,288] INFO: Product saved: 7 Druckerpatronen für Canon Pixma u.ä....
[2025-11-09 07:28:21,290] DEBUG: Fetching details: https://www.kleinanzeigen.de/s-anzeige/druckerpatrone-canon-pixma-xl-571-bl-xl-schwarz-neu/3237331255-225-9505
[2025-11-09 07:28:24,203] INFO: Product saved: Druckerpatrone Canon PIXMA XL 571 BL XL schwarz NE...
[2025-11-09 07:28:24,208] DEBUG: Fetching details: https://www.kleinanzeigen.de/s-anzeige/druckerpatronen-canon-xl/3237279544-225-3043
[2025-11-09 07:28:26,807] INFO: Product saved: Druckerpatronen Canon XL...
[2025-11-09 07:28:26,808] DEBUG: Fetching details: https://www.kleinanzeigen.de/s-anzeige/druckerpatronen-canon-pixma-mg-und-ts-passend/3237239793-225-20334
[2025-11-09 07:28:29,637] INFO: Product saved: Druckerpatronen Canon pixma MG  und TS passend...
[2025-11-09 07:28:29,639] DEBUG: Fetching details: https://www.kleinanzeigen.de/s-anzeige/verkaufe-druckerpatrone-pg545xl-schwarz-fuer-canon-pixma/3237202865-225-4601
[2025-11-09 07:28:31,540] INFO: Product saved: Verkaufe Druckerpatrone PG545XL Schwarz für Canon ...
[2025-11-09 07:28:31,541] DEBUG: Fetching details: https://www.kleinanzeigen.de/s-anzeige/canon-druckerpatronen-551-xl-4-st-2-x-sw-originalverpackt/3237206949-225-8892
[2025-11-09 07:28:33,507] INFO: Product saved: CANON Druckerpatronen 551 XL (4 St.) + 2 X sw- ORI...
[2025-11-09 07:28:33,512] DEBUG: Fetching details: https://www.kleinanzeigen.de/s-anzeige/54-druckerpatronen-fuer-canon-drucker/3237154630-225-1757
[2025-11-09 07:28:36,124] INFO: Product saved: 54 Druckerpatronen  für Canon Drucker...
[2025-11-09 07:28:36,126] DEBUG: Fetching details: https://www.kleinanzeigen.de/s-anzeige/druckerpatronen-canon-pixma-ip-7200-etc-neu-/3237098342-225-4516
[2025-11-09 07:28:38,119] INFO: Product saved: Druckerpatronen Canon Pixma IP 7200 etc. Neu !!!...
[2025-11-09 07:28:38,121] DEBUG: Fetching details: https://www.kleinanzeigen.de/s-anzeige/11-druckerpatronen-fuer-canon-520-521-mp540-mp540x-mp550-etc-/3237083011-225-9269
[2025-11-09 07:28:40,869] INFO: Product saved: 11 Druckerpatronen für Canon 520 521 MP540 MP540x ...
[2025-11-09 07:28:40,872] DEBUG: Fetching details: https://www.kleinanzeigen.de/s-anzeige/druckerpatronen-canon-pixma/3237064952-225-7114
[2025-11-09 07:28:43,307] INFO: Product saved: Druckerpatronen Canon PIXMA...
[2025-11-09 07:28:43,309] DEBUG: Fetching details: https://www.kleinanzeigen.de/s-anzeige/canon-druckerpatrone-bc-20-3mal-schwarz-neu-ovp-np90-/3237059156-225-1718
[2025-11-09 07:28:45,873] INFO: Product saved: Canon Druckerpatrone BC-20 3mal schwarz NEU OVP NP...
[2025-11-09 07:28:45,874] DEBUG: Fetching details: https://www.kleinanzeigen.de/s-anzeige/druckerpatronen-fuer-den-drucker-canon-mg-6450/3237040038-225-1986
[2025-11-09 07:28:48,090] INFO: Product saved: Druckerpatronen für den Drucker Canon MG 6450...
[2025-11-09 07:28:49,425] INFO: Scraping complete: 119 products
[2025-11-09 07:28:49,451] INFO: Task completed successfully
