[2025-11-09 00:21:22,136] INFO: Task received by worker
[2025-11-09 00:21:22,137] INFO: Starting task: Kleinanzeigen Product Scraper
[2025-11-09 00:21:22,139] DEBUG: Input data: {
  "searchQuery": "Druckerpatrone",
  "maxPages": 5,
  "brands": [
    {
      "brand": "Canon"
    }
  ]
}
[2025-11-09 00:21:22,723] INFO: Scraping 1 brand(s): Canon
[2025-11-09 00:21:24,617] INFO: Processing brand: Canon
[2025-11-09 00:21:24,796] DEBUG: Loading page 1: https://www.kleinanzeigen.de/s-Druckerpatrone-Canon/k0
[2025-11-09 00:21:30,853] DEBUG: Found 27 product in the page: 1
[2025-11-09 00:21:30,855] DEBUG: Fetching details: <a class="ellipsis" href="/s-anzeige/ankauf-ihrer-leeren-canon-und-hp-305-hp-305xl-hp-307xl-hp-304-hp-304xl-hp-303-hp-303xl-hp-302-hp-302xl-hp-301-301xl-62-62xl-300-300xl-901-leere-patronen-volle-ueberlagerte-druckerpatronen-toner/1764977037-225-9683">Ankauf Ihrer leeren Canon und HP 305 HP 305XL HP 307XL HP 304 HP 304XL HP 303 HP 303XL HP 302 HP 302XL HP 301 301XL 62 62XL 300 300XL 901 leere Patronen, volle überlagerte Druckerpatronen Toner</a>
[2025-11-09 00:21:35,941] INFO: Product saved: Ankauf Ihrer leeren Canon und HP 305 HP 305XL HP 3...
[2025-11-09 00:21:35,942] DEBUG: Fetching details: <a class="ellipsis" href="/s-anzeige/ankauf-ihrer-leeren-vollen-hp-und-canon-540-541-545-546-560-561-575-576-585-586-510-511-512-513-40-41-37-38-50-51-leere-volle-ueberlagerte-druckerpatronen-tintenpatronen-toner-hp-62-302-303-304-305/1117663714-225-9683">Ankauf Ihrer leeren, vollen HP und Canon 540 541 545 546 560 561 575 576 585 586 510 511 512 513 40 41 37 38 50 51 leere, volle überlagerte Druckerpatronen Tintenpatronen Toner + HP 62 302 303 304 305</a>
[2025-11-09 00:21:39,958] INFO: Product saved: Ankauf Ihrer leeren vollen HP und Canon 540 541 54...
[2025-11-09 00:21:39,960] DEBUG: Fetching details: <a class="ellipsis" href="/s-anzeige/5x-druckerpatronen-neu-tintenpatronen-toner-f-drucker-canon/3240361746-225-3877">5x DRUCKERPATRONEN -NEU- TINTENPATRONEN TONER f.Drucker CANON</a>
[2025-11-09 00:21:43,435] INFO: Product saved: 5x DRUCKERPATRONEN -NEU- TINTENPATRONEN TONER f.Dr...
[2025-11-09 00:21:43,436] DEBUG: Fetching details: <a class="ellipsis" href="/s-anzeige/canon-druckerpatronen-570-571-incl-canon-ts5055/3240340319-225-922">Canon Druckerpatronen 570/571 incl. Canon TS5055</a>
[2025-11-09 00:21:46,727] INFO: Product saved: Canon Druckerpatronen 570/571 incl. Canon TS5055...
[2025-11-09 00:21:46,728] DEBUG: Fetching details: <a class="ellipsis" href="/s-anzeige/druckerpatronen-fuer-canon-pixma-drucker/3240337721-225-26046">Druckerpatronen für Canon Pixma Drucker</a>
[2025-11-09 00:21:49,893] INFO: Product saved: Druckerpatronen für Canon Pixma Drucker...
[2025-11-09 00:21:49,895] DEBUG: Fetching details: <a class="ellipsis" href="/s-anzeige/2-druckerpatronen-fuer-canon-drucker-pg545xl-cl546xl-/3240335923-225-4571">2 Druckerpatronen für Canon Drucker: PG545XL,CL546XL.</a>
[2025-11-09 00:21:53,842] INFO: Product saved: 2 Druckerpatronen für Canon Drucker: PG545XLCL546X...
[2025-11-09 00:21:53,843] DEBUG: Fetching details: <a class="ellipsis" href="/s-anzeige/druckerpatronen-canon-ts-7450a/3240330396-225-16973">Druckerpatronen Canon TS 7450a</a>
[2025-11-09 00:21:58,762] INFO: Product saved: Druckerpatronen Canon TS 7450a...
[2025-11-09 00:21:58,763] DEBUG: Fetching details: <a class="ellipsis" href="/s-anzeige/28x-druckerpatronen-tintenpartonen-canon-drucker-551-und-550/3240304614-225-4711">28x Druckerpatronen Tintenpartonen Canon  Drucker 551 und 550</a>
[2025-11-09 00:22:01,344] INFO: Product saved: 28x Druckerpatronen Tintenpartonen Canon  Drucker ...
[2025-11-09 00:22:01,347] DEBUG: Fetching details: <a class="ellipsis" href="/s-anzeige/3x-original-canon-cli-551-xl-druckerpatronen-neu-druckertinte/3240302834-225-7924">3x Original Canon CLI 551 (XL) Druckerpatronen  neu, Druckertinte</a>
[2025-11-09 00:22:04,468] INFO: Product saved: 3x Original Canon CLI 551 (XL) Druckerpatronen  ne...
[2025-11-09 00:22:04,469] DEBUG: Fetching details: <a class="ellipsis" href="/s-anzeige/lxtek-druckerpatronen-580-581-multipack-kompatibel-fuer-canon-tr85/3240292302-225-9602">LxTek Druckerpatronen 580 581 Multipack Kompatibel für Canon TR85</a>
[2025-11-09 00:22:07,533] INFO: Product saved: LxTek Druckerpatronen 580 581 Multipack Kompatibel...
[2025-11-09 00:22:07,535] DEBUG: Fetching details: <a class="ellipsis" href="/s-anzeige/druckerpatrone-canon-ts-7450a-pg-560xl-black/3240205781-225-16973">Druckerpatrone Canon TS 7450a PG-560XL black</a>
[2025-11-09 00:22:10,061] INFO: Product saved: Druckerpatrone Canon TS 7450a PG-560XL black...
[2025-11-09 00:22:10,063] DEBUG: Fetching details: <a class="ellipsis" href="/s-anzeige/canon-pixmal-druckerpatronen-neu-blau-rot-schwarz-geld/3240195102-225-2490">Canon Pixmal Druckerpatronen neu blau rot schwarz Geld</a>
[2025-11-09 00:22:12,217] INFO: Product saved: Canon Pixmal Druckerpatronen neu blau rot schwarz ...
[2025-11-09 00:22:12,219] DEBUG: Fetching details: <a class="ellipsis" href="/s-anzeige/canon-pg-575-druckerpatrone/3240195077-225-25295">Canon PG 575 Druckerpatrone</a>
[2025-11-09 00:22:14,505] INFO: Product saved: Canon PG 575 Druckerpatrone...
[2025-11-09 00:22:14,513] DEBUG: Fetching details: <a class="ellipsis" href="/s-anzeige/druckerpatronen-mit-chip-fuer-canon-drucker-kopierer/3240186983-225-4104">Druckerpatronen mit Chip für Canon Drucker  / Kopierer</a>
[2025-11-09 00:22:19,021] INFO: Product saved: Druckerpatronen mit Chip für Canon Drucker  / Kopi...
[2025-11-09 00:22:19,023] DEBUG: Fetching details: <a class="ellipsis" href="/s-anzeige/druckerpatronen-canon/3240186887-225-16366">Druckerpatronen Canon</a>
[2025-11-09 00:22:21,468] INFO: Product saved: Druckerpatronen Canon...
[2025-11-09 00:22:21,471] DEBUG: Fetching details: <a class="ellipsis" href="/s-anzeige/druckerpatronen-fuer-canon-drucker/3240119637-225-5424">Druckerpatronen für Canon Drucker</a>
[2025-11-09 00:22:24,158] INFO: Product saved: Druckerpatronen für Canon Drucker...
[2025-11-09 00:22:24,159] DEBUG: Fetching details: <a class="ellipsis" href="/s-anzeige/druckerpatronen-canon-mg-6150/3240111041-225-8830">Druckerpatronen canon mg 6150</a>
[2025-11-09 00:22:35,940] INFO: Product saved: Druckerpatronen canon mg 6150...
[2025-11-09 00:22:35,941] DEBUG: Fetching details: <a class="ellipsis" href="/s-anzeige/druckerpatronen-canon-mg-6150/3240111039-225-8830">Druckerpatronen canon mg 6150</a>
