[2025-11-12 23:38:40,413] INFO: Task received by worker
[2025-11-12 23:38:40,414] INFO: Starting task: Kleinanzeigen Product Scraper
[2025-11-12 23:38:40,414] DEBUG: Input data: {
  "searchQuery": "Druckerpatrone",
  "brands": [
    {
      "brand": "Canon"
    }
  ],
  "maxPages": "2"
}
[2025-11-12 23:38:40,424] INFO: Scraping 1 brand(s): Canon
[2025-11-12 23:38:41,854] INFO: Processing brand: Canon
[2025-11-12 23:38:42,072] DEBUG: Loading page 1: https://www.kleinanzeigen.de/s-Druckerpatrone-Canon/k0
[2025-11-12 23:38:51,308] DEBUG: Found 27 product in the page: 1
[2025-11-12 23:38:51,313] DEBUG: Fetching details: https://www.kleinanzeigen.de/s-anzeige/ankauf-ihrer-leeren-canon-und-hp-305-hp-305xl-hp-307xl-hp-304-hp-304xl-hp-303-hp-303xl-hp-302-hp-302xl-hp-301-301xl-62-62xl-300-300xl-901-leere-patronen-volle-ueberlagerte-druckerpatronen-toner/1764977037-225-9683
[2025-11-12 23:38:57,846] INFO: Product saved: Ankauf Ihrer leeren Canon und HP 305 HP 305XL HP 3...
[2025-11-12 23:38:57,850] DEBUG: Fetching details: https://www.kleinanzeigen.de/s-anzeige/ankauf-ihrer-leeren-vollen-hp-und-canon-540-541-545-546-560-561-575-576-585-586-510-511-512-513-40-41-37-38-50-51-leere-volle-ueberlagerte-druckerpatronen-tintenpatronen-toner-hp-62-302-303-304-305/1117663714-225-9683
[2025-11-12 23:39:02,155] INFO: Product saved: Ankauf Ihrer leeren vollen HP und Canon 540 541 54...
[2025-11-12 23:39:02,157] DEBUG: Fetching details: https://www.kleinanzeigen.de/s-anzeige/23-druckerpatronen-zum-drucker-canon-pixma/3244268988-225-941
[2025-11-12 23:39:04,621] INFO: Product saved: 23 Druckerpatronen zum Drucker Canon Pixma...
[2025-11-12 23:39:04,625] DEBUG: Fetching details: https://www.kleinanzeigen.de/s-anzeige/canon-druckerpatrone-cl-513-color-pg-512-black-bundle-ovp/3244247887-225-2164
[2025-11-12 23:39:06,514] INFO: Product saved: Canon Druckerpatrone CL-513 Color & PG-512 Black B...
[2025-11-12 23:39:06,515] DEBUG: Fetching details: https://www.kleinanzeigen.de/s-anzeige/druckerpatronen-canon/3244202459-225-6647
[2025-11-12 23:39:08,215] INFO: Product saved: Druckerpatronen Canon...
[2025-11-12 23:39:08,217] DEBUG: Fetching details: https://www.kleinanzeigen.de/s-anzeige/druckerpatronen-canon-570-571/3244156673-225-5446
[2025-11-12 23:39:10,085] INFO: Product saved: Druckerpatronen Canon 570/571...
[2025-11-12 23:39:10,090] DEBUG: Fetching details: https://www.kleinanzeigen.de/s-anzeige/druckerpatronen-canon-pixma/3244140401-225-2284
[2025-11-12 23:39:11,761] INFO: Product saved: Druckerpatronen Canon Pixma...
[2025-11-12 23:39:11,762] ERROR: Ad parse error: can only concatenate str (not "NoneType") to str
[2025-11-12 23:39:11,764] DEBUG: Fetching details: https://www.kleinanzeigen.de/s-anzeige/canon-pixma-druckerpatronen-cyan-magenta-yellow/3244123609-225-2831
[2025-11-12 23:39:13,686] INFO: Product saved: Canon Pixma Druckerpatronen Cyan Magenta Yellow...
[2025-11-12 23:39:13,689] DEBUG: Fetching details: https://www.kleinanzeigen.de/s-anzeige/druckerpatronen-canon-pixma-tintenstrahldrucker/3244093185-225-30065
[2025-11-12 23:39:16,157] INFO: Product saved: Druckerpatronen | Canon Pixma | Tintenstrahldrucke...
[2025-11-12 23:39:16,160] DEBUG: Fetching details: https://www.kleinanzeigen.de/s-anzeige/druckerpatronen-canon-pixma-drucker/3244064467-225-6986
[2025-11-12 23:39:18,559] INFO: Product saved: Druckerpatronen Canon Pixma Drucker...
[2025-11-12 23:39:18,564] DEBUG: Fetching details: https://www.kleinanzeigen.de/s-anzeige/canon-druckerpatronen-525-526-black-cyan-magenta-yellow-multipack/3244033794-225-2650
[2025-11-12 23:39:21,046] INFO: Product saved: Canon Druckerpatronen 525 526 Black Cyan Magenta Y...
[2025-11-12 23:39:21,050] DEBUG: Fetching details: https://www.kleinanzeigen.de/s-anzeige/canon-bci-16-farb-druckerpatrone-2x2-stueck/3243958229-225-8465
[2025-11-12 23:39:23,115] INFO: Product saved: Canon BCI 16 Farb- Druckerpatrone 2x2 Stück...
[2025-11-12 23:39:23,117] DEBUG: Fetching details: https://www.kleinanzeigen.de/s-anzeige/druckerpatronen-hp-epson-canon/3243909416-225-17
[2025-11-12 23:39:24,684] INFO: Product saved: Druckerpatronen. HP/EPSON/CANON...
[2025-11-12 23:39:24,686] DEBUG: Fetching details: https://www.kleinanzeigen.de/s-anzeige/canon-druckerpatrone-chip-reseter-fuer-pgi-5bk-cli-8/3243901661-225-16378
[2025-11-12 23:39:26,640] INFO: Product saved: Canon Druckerpatrone Chip Reseter für PGI-5BK  CLI...
[2025-11-12 23:39:26,643] DEBUG: Fetching details: https://www.kleinanzeigen.de/s-anzeige/canon-druckerpatronen/3243861336-225-2024
[2025-11-12 23:39:28,300] INFO: Product saved: Canon Druckerpatronen...
[2025-11-12 23:39:28,302] DEBUG: Fetching details: https://www.kleinanzeigen.de/s-anzeige/canon-druckerpatronen-551-xl/3243823571-225-3218
[2025-11-12 23:39:30,364] INFO: Product saved: Canon Druckerpatronen 551 XL...
[2025-11-12 23:39:30,366] DEBUG: Fetching details: https://www.kleinanzeigen.de/s-anzeige/15-kompatible-druckerpatronen-fuer-verschiedene-canon-modelle/3243821428-225-1838
[2025-11-12 23:39:32,138] INFO: Product saved: 15 Kompatible Druckerpatronen  für verschiedene Ca...
[2025-11-12 23:39:32,139] DEBUG: Fetching details: https://www.kleinanzeigen.de/s-anzeige/canon-pgi-550-xl-pgbk-schwarz-druckerpatrone/3243811411-225-3218
[2025-11-12 23:39:33,975] INFO: Product saved: Canon PGI-550 XL PGBK schwarz Druckerpatrone...
[2025-11-12 23:39:33,977] DEBUG: Fetching details: https://www.kleinanzeigen.de/s-anzeige/druckerpatronen-25-stueck-fuer-canon-pixma-ip7250-ip8750-mx925-etc/3243785393-225-289
[2025-11-12 23:39:35,773] INFO: Product saved: Druckerpatronen 25 Stück für Canon PIXMA IP7250 IP...
[2025-11-12 23:39:35,776] DEBUG: Fetching details: https://www.kleinanzeigen.de/s-anzeige/canon-druckerpatronen-wegen-druckerwechsel/3243780800-225-4503
[2025-11-12 23:39:38,028] INFO: Product saved: Canon Druckerpatronen wegen Druckerwechsel...
[2025-11-12 23:39:38,032] DEBUG: Fetching details: https://www.kleinanzeigen.de/s-anzeige/druckerpatronen-canon-pg-540-und-cl-541-schwarz-und-color/3243730975-225-16380
[2025-11-12 23:39:40,341] INFO: Product saved: Druckerpatronen Canon PG-540 und CL-541 schwarz un...
[2025-11-12 23:39:40,343] DEBUG: Fetching details: https://www.kleinanzeigen.de/s-anzeige/druckerpatronen-canon-580-581-schwarz-und-farbe-10-stueck-original/3243729352-225-8830
[2025-11-12 23:39:42,823] INFO: Product saved: Druckerpatronen Canon 580 581 schwarz und Farbe 10...
[2025-11-12 23:39:42,825] ERROR: Ad parse error: can only concatenate str (not "NoneType") to str
[2025-11-12 23:39:42,837] DEBUG: Fetching details: https://www.kleinanzeigen.de/s-anzeige/kompatibel-canon-pgi-570xl-cli-571xl-druckerpatronen-multipack/3243674085-225-4856
[2025-11-12 23:39:44,721] INFO: Product saved: Kompatibel Canon PGI-570XL/CLI-571XL Druckerpatron...
[2025-11-12 23:39:44,723] DEBUG: Fetching details: https://www.kleinanzeigen.de/s-anzeige/druckerpatronen-fuer-canon-cli-551/3243669193-225-2717
[2025-11-12 23:39:46,718] INFO: Product saved: Druckerpatronen für Canon CLI 551...
[2025-11-12 23:39:46,719] ERROR: Ad parse error: can only concatenate str (not "NoneType") to str
[2025-11-12 23:39:47,720] DEBUG: Loading page 2: https://www.kleinanzeigen.de/s-seite:2/Druckerpatrone-Canon/k0
[2025-11-12 23:39:50,016] DEBUG: Found 25 product in the page: 2
[2025-11-12 23:39:50,018] ERROR: Ad parse error: can only concatenate str (not "NoneType") to str
[2025-11-12 23:39:50,021] DEBUG: Fetching details: https://www.kleinanzeigen.de/s-anzeige/original-canon-druckerpatronen/3243624825-93-8396
[2025-11-12 23:39:51,619] INFO: Product saved: Original Canon Druckerpatronen...
[2025-11-12 23:39:51,620] DEBUG: Fetching details: https://www.kleinanzeigen.de/s-anzeige/canon-druckerpatronen/3243612667-225-16323
[2025-11-12 23:39:53,377] INFO: Product saved: Canon Druckerpatronen...
[2025-11-12 23:39:53,378] DEBUG: Fetching details: https://www.kleinanzeigen.de/s-anzeige/druckerpatrone-545xl-fuer-canon-drucker-tintenpatrone-neu-/3243608714-225-510
[2025-11-12 23:39:55,101] INFO: Product saved: Druckerpatrone 545XL für Canon Drucker Tintenpatro...
[2025-11-12 23:39:55,108] DEBUG: Fetching details: https://www.kleinanzeigen.de/s-anzeige/druckerpatronen-canon-551/3243588773-225-7152
[2025-11-12 23:39:57,080] INFO: Product saved: Druckerpatronen Canon 551...
[2025-11-12 23:39:57,082] DEBUG: Fetching details: https://www.kleinanzeigen.de/s-anzeige/diverse-druckerpatronen-fuer-canon-pixma-mp-mx-850-u-a-modelle/3243563486-225-7888
[2025-11-12 23:39:59,799] INFO: Product saved: Diverse Druckerpatronen  für Canon Pixma MP & Mx 8...
[2025-11-12 23:39:59,800] ERROR: Ad parse error: can only concatenate str (not "NoneType") to str
[2025-11-12 23:39:59,801] ERROR: Ad parse error: can only concatenate str (not "NoneType") to str
[2025-11-12 23:39:59,802] DEBUG: Fetching details: https://www.kleinanzeigen.de/s-anzeige/druckerpatronen-canon-pixma-ip-7200-etc-neu-/3243508431-225-4516
[2025-11-12 23:40:01,928] INFO: Product saved: Druckerpatronen Canon Pixma IP 7200 etc. Neu !!!...
[2025-11-12 23:40:01,930] DEBUG: Fetching details: https://www.kleinanzeigen.de/s-anzeige/druckerpatrone-546-xl-original-canon/3243502515-225-19496
[2025-11-12 23:40:03,350] INFO: Product saved: Druckerpatrone 546 XL Original Canon...
[2025-11-12 23:40:03,352] DEBUG: Fetching details: https://www.kleinanzeigen.de/s-anzeige/28x-druckerpatronen-schwarz-blau-gelb-rot-canon-pixma/3243471843-225-6926
[2025-11-12 23:40:05,544] INFO: Product saved: 28x Druckerpatronen schwarz blau gelb rot Canon Pi...
[2025-11-12 23:40:05,548] ERROR: Ad parse error: can only concatenate str (not "NoneType") to str
[2025-11-12 23:40:05,549] ERROR: Ad parse error: can only concatenate str (not "NoneType") to str
[2025-11-12 23:40:05,550] DEBUG: Fetching details: https://www.kleinanzeigen.de/s-anzeige/druckerpatronen-pg-545-xl-cl-546-xl-fuer-canon-pixma/3243447277-225-2135
[2025-11-12 23:40:07,660] INFO: Product saved: Druckerpatronen PG-545 XL CL-546 XL für Canon Pixm...
[2025-11-12 23:40:07,662] DEBUG: Fetching details: https://www.kleinanzeigen.de/s-anzeige/10-druckerpatronen-fuer-canon-pixma/3243446703-225-8260
[2025-11-12 23:40:09,564] INFO: Product saved: 10 Druckerpatronen für Canon Pixma...
[2025-11-12 23:40:09,566] DEBUG: Fetching details: https://www.kleinanzeigen.de/s-anzeige/tintenpatronen-druckerpatronen-canon-pixma/3243439773-225-2419
[2025-11-12 23:40:11,553] INFO: Product saved: Tintenpatronen / Druckerpatronen Canon Pixma...
[2025-11-12 23:40:11,559] DEBUG: Fetching details: https://www.kleinanzeigen.de/s-anzeige/druckerpatronen-fuer-canon-pgi/3243424136-225-941
[2025-11-12 23:40:13,945] INFO: Product saved: Druckerpatronen für Canon PGI...
[2025-11-12 23:40:13,950] DEBUG: Fetching details: https://www.kleinanzeigen.de/s-anzeige/canon-druckerpatronen/3243421698-225-9068
[2025-11-12 23:40:15,975] INFO: Product saved: Canon Druckerpatronen...
[2025-11-12 23:40:15,977] DEBUG: Fetching details: https://www.kleinanzeigen.de/s-anzeige/canon-druckerpatronen/3243391699-225-19089
[2025-11-12 23:40:17,785] INFO: Product saved: Canon Druckerpatronen...
[2025-11-12 23:40:17,790] DEBUG: Fetching details: https://www.kleinanzeigen.de/s-anzeige/druckerpatronen-canon-cli-schwarz-und-farbig/3243356412-225-3158
[2025-11-12 23:40:19,776] INFO: Product saved: Druckerpatronen Canon CLI schwarz und farbig...
[2025-11-12 23:40:19,778] DEBUG: Fetching details: https://www.kleinanzeigen.de/s-anzeige/canon-druckerpatronen-komplettes-set-/3243314465-225-22434
[2025-11-12 23:40:21,722] INFO: Product saved: Canon Druckerpatronen (komplettes Set)...
[2025-11-12 23:40:21,725] DEBUG: Fetching details: https://www.kleinanzeigen.de/s-anzeige/canon-druckerpatronen-farbe-schwarz/3243287836-225-2128
[2025-11-12 23:40:23,847] INFO: Product saved: Canon Druckerpatronen Farbe/Schwarz...
[2025-11-12 23:40:23,849] DEBUG: Fetching details: https://www.kleinanzeigen.de/s-anzeige/druckerpatrone-canon-mg-5150/3243267354-225-16601
[2025-11-12 23:40:26,016] INFO: Product saved: Druckerpatrone Canon MG 5150...
[2025-11-12 23:40:26,021] DEBUG: Fetching details: https://www.kleinanzeigen.de/s-anzeige/druckerpatronen-canon-550-551/3243260011-225-5757
[2025-11-12 23:40:27,955] INFO: Product saved: Druckerpatronen Canon 550/551...
[2025-11-12 23:40:27,958] DEBUG: Fetching details: https://www.kleinanzeigen.de/s-anzeige/druckerpatronen-fuer-canon-drucker-doppelpack-nummer-545xl-546xl/3243221351-225-24184
[2025-11-12 23:40:29,389] INFO: Product saved: Druckerpatronen für Canon Drucker  Doppelpack Numm...
[2025-11-12 23:40:30,521] INFO: Scraping complete: 1 products
[2025-11-12 23:40:30,548] INFO: Task completed successfully
