[2025-11-15 08:44:56,106] INFO: Task received by worker
[2025-11-15 08:44:56,106] INFO: Starting task: Kleinanzeigen Product Scraper
[2025-11-15 08:44:56,107] DEBUG: Input data: {
  "searchQuery": "Druckerpatrone",
  "brands": [
    {
      "brand": "HP"
    }
  ],
  "maxPages": "1"
}
[2025-11-15 08:44:56,109] INFO: Scraping 1 brand(s): HP
[2025-11-15 08:44:57,032] INFO: Processing brand: HP
[2025-11-15 08:44:57,168] DEBUG: Loading page 1: https://www.kleinanzeigen.de/s-Druckerpatrone-HP/k0
[2025-11-15 08:45:07,556] DEBUG: Found 27 product in the page: 1
[2025-11-15 08:45:07,557] DEBUG: Fetching details: https://www.kleinanzeigen.de/s-anzeige/ankauf-ihrer-leeren-vollen-hp-und-canon-540-541-545-546-560-561-575-576-585-586-510-511-512-513-40-41-37-38-50-51-leere-volle-ueberlagerte-druckerpatronen-tintenpatronen-toner-hp-62-302-303-304-305/1117663714-225-9683
[2025-11-15 08:45:17,323] INFO: Product saved: Ankauf Ihrer leeren vollen HP und Canon 540 541 54...
[2025-11-15 08:45:17,324] DEBUG: Fetching details: https://www.kleinanzeigen.de/s-anzeige/ankauf-ihrer-leeren-canon-und-hp-305-hp-305xl-hp-307xl-hp-304-hp-304xl-hp-303-hp-303xl-hp-302-hp-302xl-hp-301-301xl-62-62xl-300-300xl-901-leere-patronen-volle-ueberlagerte-druckerpatronen-toner/1764977037-225-9683
[2025-11-15 08:45:23,886] INFO: Product saved: Ankauf Ihrer leeren Canon und HP 305 HP 305XL HP 3...
[2025-11-15 08:45:23,887] DEBUG: Fetching details: https://www.kleinanzeigen.de/s-anzeige/hp-950-951-druckerpatronen-schwarz-und-blau/3246035102-225-7337
[2025-11-15 08:45:25,760] INFO: Product saved: HP 950/951 Druckerpatronen schwarz und blau...
[2025-11-15 08:45:25,761] DEBUG: Fetching details: https://www.kleinanzeigen.de/s-anzeige/hp-937e-multipack-druckerpatronen/3246018360-225-7752
[2025-11-15 08:45:29,831] INFO: Product saved: HP 937e Multipack Druckerpatronen...
[2025-11-15 08:45:29,832] DEBUG: Fetching details: https://www.kleinanzeigen.de/s-anzeige/1-druckerpatrone-hp-laserjet-p3015-500-mfp-m525/2927970228-225-1601
[2025-11-15 08:45:31,179] INFO: Product saved: 1 Druckerpatrone HP Laserjet P3015 500 MFP M525...
[2025-11-15 08:45:31,180] DEBUG: Fetching details: https://www.kleinanzeigen.de/s-anzeige/druckerpatrone-hp-302/3245992642-225-1934
[2025-11-15 08:45:32,468] INFO: Product saved: druckerpatrone  hp 302...
[2025-11-15 08:45:32,469] DEBUG: Fetching details: https://www.kleinanzeigen.de/s-anzeige/hp-drucker-patrone-304-hp304-farbe-neu-original/3245981377-225-18570
[2025-11-15 08:45:35,048] INFO: Product saved: HP Drucker-Patrone 304 - HP304 - Farbe Neu + Origi...
[2025-11-15 08:45:35,050] DEBUG: Fetching details: https://www.kleinanzeigen.de/s-anzeige/druckerpatrone-schwarz-305-xl-fuer-hp-drucker/3245969260-225-6891
[2025-11-15 08:45:37,169] INFO: Product saved: Druckerpatrone Schwarz 305 XL für HP Drucker...
[2025-11-15 08:45:37,169] DEBUG: Fetching details: https://www.kleinanzeigen.de/s-anzeige/original-hp-304-druckerpatrone-schwarz/3245941185-225-7806
[2025-11-15 08:45:39,032] INFO: Product saved: Original HP 304  Druckerpatrone Schwarz...
[2025-11-15 08:45:39,040] DEBUG: Fetching details: https://www.kleinanzeigen.de/s-anzeige/8x-hp-epson-druckerpatronen-62-mit-ovp-leer/3245936646-225-4704
[2025-11-15 08:45:41,592] INFO: Product saved: 8x HP Epson Druckerpatronen 62 mit OVP leer...
[2025-11-15 08:45:41,593] DEBUG: Fetching details: https://www.kleinanzeigen.de/s-anzeige/diverse-hp-druckerpatronen/3245915638-225-7963
[2025-11-15 08:45:42,972] INFO: Product saved: diverse HP Druckerpatronen...
[2025-11-15 08:45:42,973] DEBUG: Fetching details: https://www.kleinanzeigen.de/s-anzeige/diverse-hp-druckerpatronen/3245912038-225-7963
[2025-11-15 08:45:44,409] INFO: Product saved: diverse HP Druckerpatronen...
[2025-11-15 08:45:44,410] DEBUG: Fetching details: https://www.kleinanzeigen.de/s-anzeige/original-hp-druckerpatrone-951-magenta/3245884392-225-1017
[2025-11-15 08:45:46,054] INFO: Product saved: Original HP Druckerpatrone 951 magenta...
[2025-11-15 08:45:46,062] DEBUG: Fetching details: https://www.kleinanzeigen.de/s-anzeige/hp-363-druckerpatrone-363-patrone/3245882566-225-6901
[2025-11-15 08:45:48,983] INFO: Product saved: HP 363 Druckerpatrone 363 Patrone...
[2025-11-15 08:45:48,984] DEBUG: Fetching details: https://www.kleinanzeigen.de/s-anzeige/4-hp-druckerpatronen-932-xl-und-933-xl-in-3-farben/3245875314-225-7975
[2025-11-15 08:45:50,647] INFO: Product saved: 4 hp Druckerpatronen 932 XL und 933 XL in 3 Farben...
[2025-11-15 08:45:50,647] ERROR: Ad parse error: can only concatenate str (not "NoneType") to str
[2025-11-15 08:45:50,648] DEBUG: Fetching details: https://www.kleinanzeigen.de/s-anzeige/druckerpatronen-von-hp-932-xl-953xl-in-schwarz/3245835264-225-5079
[2025-11-15 08:45:52,257] INFO: Product saved: Druckerpatronen von HP 932 Xl 953Xl in Schwarz...
[2025-11-15 08:45:52,259] DEBUG: Fetching details: https://www.kleinanzeigen.de/s-anzeige/933er-hp-druckerpatronen-in-cytan-gelb-magenta/3245832306-225-5079
[2025-11-15 08:45:53,865] INFO: Product saved: 933er HP Druckerpatronen in Cytan Gelb Magenta...
[2025-11-15 08:45:53,867] DEBUG: Fetching details: https://www.kleinanzeigen.de/s-anzeige/937er-hp-druckerpatronen/3245829190-225-5079
[2025-11-15 08:45:56,404] INFO: Product saved: 937er HP Druckerpatronen...
[2025-11-15 08:45:56,405] DEBUG: Fetching details: https://www.kleinanzeigen.de/s-anzeige/62xl-druckerpatronen-kompatibel-ersatz-fuer-hp-neu/3245804175-225-5325
[2025-11-15 08:45:58,585] INFO: Product saved: 62XL Druckerpatronen Kompatibel Ersatz für HP Neu...
[2025-11-15 08:45:58,586] DEBUG: Fetching details: https://www.kleinanzeigen.de/s-anzeige/hp-903-original-druckerpatronen-zwei-packungen-80-euro/3245793436-225-4896
[2025-11-15 08:46:01,583] INFO: Product saved: HP 903 Original Druckerpatronen. Zwei Packungen 80...
[2025-11-15 08:46:01,584] DEBUG: Fetching details: https://www.kleinanzeigen.de/s-anzeige/druckerpatrone-von-hp-951-xl-cyan-blau/3245770536-225-2709
[2025-11-15 08:46:03,968] INFO: Product saved: Druckerpatrone von HP 951 XL Cyan  Blau...
[2025-11-15 08:46:03,969] DEBUG: Fetching details: https://www.kleinanzeigen.de/s-anzeige/hp-druckerpatronen-neu-3-stueck/3245767942-225-5326
[2025-11-15 08:46:05,840] INFO: Product saved: HP Druckerpatronen NEU - 3 Stück...
[2025-11-15 08:46:05,840] ERROR: Ad parse error: can only concatenate str (not "NoneType") to str
[2025-11-15 08:46:05,841] DEBUG: Fetching details: https://www.kleinanzeigen.de/s-anzeige/hp-original-924-druckerpatronen-4er-multipack/3245722927-225-473
[2025-11-15 08:46:08,374] INFO: Product saved: HP Original 924 Druckerpatronen - 4er Multipack...
[2025-11-15 08:46:08,374] DEBUG: Fetching details: https://www.kleinanzeigen.de/s-anzeige/druckerpatronen-w2211x-hp-207x-color-laser-jet-pro-m255dw/3245708191-225-5738
[2025-11-15 08:46:10,626] INFO: Product saved: Druckerpatronen W2211X HP 207X Color Laser jet pro...
[2025-11-15 08:46:10,627] DEBUG: Fetching details: https://www.kleinanzeigen.de/s-anzeige/4x-hp-druckerpatronen-tintenpatronen-301-xl-color-schwarz/3245685031-225-23711
[2025-11-15 08:46:12,330] INFO: Product saved: 4x HP Druckerpatronen Tintenpatronen 301 XL Color ...
[2025-11-15 08:46:13,411] INFO: Scraping complete: 1 products
[2025-11-15 08:46:13,416] INFO: Task completed successfully
