[2025-11-10 13:17:23,625] INFO: Task received by worker
[2025-11-10 13:17:23,626] INFO: Starting task: Kleinanzeigen Product Scraper
[2025-11-10 13:17:23,626] DEBUG: Input data: {
  "searchQuery": "Druckerpatrone",
  "maxPages": 5,
  "brands": [
    {
      "brand": "Canon"
    },
    {
      "brand": "HP"
    },
    {
      "brand": "Epson"
    }
  ]
}
[2025-11-10 13:17:23,635] INFO: Scraping 3 brand(s): Canon, HP, Epson
[2025-11-10 13:17:26,188] INFO: Processing brand: Canon
[2025-11-10 13:17:27,026] DEBUG: Loading page 1: https://www.kleinanzeigen.de/s-Druckerpatrone-Canon/k0
[2025-11-10 13:17:42,673] DEBUG: Found 27 product in the page: 1
[2025-11-10 13:17:42,677] DEBUG: Fetching details: https://www.kleinanzeigen.de/s-anzeige/ankauf-ihrer-leeren-canon-und-hp-305-hp-305xl-hp-307xl-hp-304-hp-304xl-hp-303-hp-303xl-hp-302-hp-302xl-hp-301-301xl-62-62xl-300-300xl-901-leere-patronen-volle-ueberlagerte-druckerpatronen-toner/1764977037-225-9683
[2025-11-10 13:17:48,775] INFO: Product saved: Ankauf Ihrer leeren Canon und HP 305 HP 305XL HP 3...
[2025-11-10 13:17:48,776] DEBUG: Fetching details: https://www.kleinanzeigen.de/s-anzeige/ankauf-ihrer-leeren-vollen-hp-und-canon-540-541-545-546-560-561-575-576-585-586-510-511-512-513-40-41-37-38-50-51-leere-volle-ueberlagerte-druckerpatronen-tintenpatronen-toner-hp-62-302-303-304-305/1117663714-225-9683
[2025-11-10 13:17:52,009] INFO: Product saved: Ankauf Ihrer leeren vollen HP und Canon 540 541 54...
[2025-11-10 13:17:52,010] DEBUG: Fetching details: https://www.kleinanzeigen.de/s-anzeige/canon-druckerpatronen-typ-571/3242128162-225-7417
[2025-11-10 13:17:54,223] INFO: Product saved: Canon Druckerpatronen Typ 571...
[2025-11-10 13:17:54,226] DEBUG: Fetching details: https://www.kleinanzeigen.de/s-anzeige/canon-druckerpatronen-typ-526/3242125674-225-7417
[2025-11-10 13:17:55,675] INFO: Product saved: Canon Druckerpatronen Typ 526...
[2025-11-10 13:17:55,676] DEBUG: Fetching details: https://www.kleinanzeigen.de/s-anzeige/570xl-571xl-kompatibel-fuer-canon-druckerpatronen-patronen-neu/3242108682-225-322
[2025-11-10 13:17:58,046] INFO: Product saved: 570XL 571XL kompatibel für Canon Druckerpatronen P...
[2025-11-10 13:17:58,048] DEBUG: Fetching details: https://www.kleinanzeigen.de/s-anzeige/original-canon-druckerpatronen-cli-571-/3242074073-225-20670
[2025-11-10 13:18:21,679] INFO: Product saved: Original Canon Druckerpatronen CLI-571()...
[2025-11-10 13:18:21,690] DEBUG: Fetching details: https://www.kleinanzeigen.de/s-anzeige/canon-drucker-druckerpatronen-black-yellow-cyan-magenta/3242068649-225-5635
[2025-11-10 13:18:23,744] INFO: Product saved: Canon Drucker Druckerpatronen black yellow Cyan ma...
[2025-11-10 13:18:23,747] DEBUG: Fetching details: https://www.kleinanzeigen.de/s-anzeige/canon-pgi-580-cli-581-druckerpatronen-multipack/3242068046-225-20176
[2025-11-10 13:18:25,440] INFO: Product saved: Canon PGI-580 + CLI-581 Druckerpatronen Multipack...
[2025-11-10 13:18:25,441] DEBUG: Fetching details: https://www.kleinanzeigen.de/s-anzeige/canon-pg40-und-cl41-druckerpatronen-set-pixma-black-color/3242058227-225-963
[2025-11-10 13:18:28,382] INFO: Product saved: Canon PG40 und CL41 Druckerpatronen Set Pixma Blac...
[2025-11-10 13:18:28,385] ERROR: Ad parse error: can only concatenate str (not "NoneType") to str
[2025-11-10 13:18:28,390] DEBUG: Fetching details: https://www.kleinanzeigen.de/s-anzeige/neue-druckerpatronen-canon-ts6151-guenstig-abzugeben/3242041114-225-8783
[2025-11-10 13:18:30,171] INFO: Product saved: Neue Druckerpatronen Canon TS6151 günstig abzugebe...
[2025-11-10 13:18:30,175] DEBUG: Fetching details: https://www.kleinanzeigen.de/s-anzeige/druckerpatrone-canon-pixma-546-color-und-545-black-xl/3242012971-225-8784
[2025-11-10 13:18:31,712] INFO: Product saved: Druckerpatrone Canon Pixma 546 Color und 545 Black...
[2025-11-10 13:18:31,713] DEBUG: Fetching details: https://www.kleinanzeigen.de/s-anzeige/druckerpatronen-fuer-canon/3241975278-225-6814
[2025-11-10 13:18:33,245] INFO: Product saved: Druckerpatronen für Canon...
[2025-11-10 13:18:33,246] DEBUG: Fetching details: https://www.kleinanzeigen.de/s-anzeige/drucker-canon-pixma-ts5050-mit-druckerpatronen-funktioniert-/3241956207-225-991
[2025-11-10 13:18:35,062] INFO: Product saved: Drucker Canon Pixma TS5050 mit Druckerpatronen - f...
[2025-11-10 13:18:35,063] DEBUG: Fetching details: https://www.kleinanzeigen.de/s-anzeige/druckerpatrone-fuer-canon-pixma-5222bb005-pg-540-xl-/3241947783-225-1949
[2025-11-10 13:18:36,610] INFO: Product saved: Druckerpatrone für Canon Pixma (5222BB005 PG 540 X...
[2025-11-10 13:18:36,612] DEBUG: Fetching details: https://www.kleinanzeigen.de/s-anzeige/-originale-canon-maxify-druckerpatronen-2500-cmyb-neu-/3241930225-225-4630
[2025-11-10 13:18:37,992] INFO: Product saved: ** Originale CANON MAXIFY Druckerpatronen - 2500 C...
[2025-11-10 13:18:37,994] DEBUG: Fetching details: https://www.kleinanzeigen.de/s-anzeige/canon-bci-24-color-druckerpatrone-ink-tank/3241926233-225-6401
[2025-11-10 13:18:39,333] INFO: Product saved: Canon BCI-24 Color Druckerpatrone Ink Tank...
[2025-11-10 13:18:39,334] DEBUG: Fetching details: https://www.kleinanzeigen.de/s-anzeige/druckerpatrone-fuer-canon-schwarz-540xl/3241917284-225-7011
[2025-11-10 13:18:40,654] INFO: Product saved: Druckerpatrone für Canon schwarz 540XL...
[2025-11-10 13:18:40,655] DEBUG: Fetching details: https://www.kleinanzeigen.de/s-anzeige/canon-druckerpatronen-pg550-und-angebr-nachfuellset-fuer-bastler/3241866492-225-1681
[2025-11-10 13:18:42,023] INFO: Product saved: Canon Druckerpatronen PG550 und angebr. Nachfüllse...
[2025-11-10 13:18:42,024] DEBUG: Fetching details: https://www.kleinanzeigen.de/s-anzeige/druckerpatrone-canon-original-cli-571-y-gelb-/3241853639-225-5524
[2025-11-10 13:18:43,300] INFO: Product saved: Druckerpatrone Canon Original CLI - 571 Y (gelb)...
[2025-11-10 13:18:43,301] DEBUG: Fetching details: https://www.kleinanzeigen.de/s-anzeige/druckerpatrone-canon-orig-cli-571-bk-schwarz-/3241851378-225-5524
[2025-11-10 13:18:44,689] INFO: Product saved: Druckerpatrone Canon Orig. CLI - 571 BK (schwarz)...
[2025-11-10 13:18:44,690] DEBUG: Fetching details: https://www.kleinanzeigen.de/s-anzeige/druckerpatronen-575xl-576xl-komp-canon-neu-b-y-m-c/3241762622-225-7897
[2025-11-10 13:18:46,059] INFO: Product saved: Druckerpatronen 575XL / 576XL Komp. Canon Neu B Y ...
[2025-11-10 13:18:46,060] DEBUG: Fetching details: https://www.kleinanzeigen.de/s-anzeige/druckerpatrone-canon-pixma-561-/3241762321-225-1920
[2025-11-10 13:18:47,372] INFO: Product saved: Druckerpatrone Canon Pixma561....
[2025-11-10 13:18:47,372] DEBUG: Fetching details: https://www.kleinanzeigen.de/s-anzeige/ovp-canon-druckerpatronen-xl-pixma-551-550/3241752362-225-9389
[2025-11-10 13:18:48,703] INFO: Product saved: OVP Canon Druckerpatronen XL PIXMA 551/550...
[2025-11-10 13:18:48,703] DEBUG: Fetching details: https://www.kleinanzeigen.de/s-anzeige/17-leere-druckerpatronen-black-hp301-kmp-canon-545-isy/3241693908-225-4293
[2025-11-10 13:18:50,318] INFO: Product saved: 17 leere Druckerpatronen black HP301 KMP Canon 545...
[2025-11-10 13:18:50,319] DEBUG: Fetching details: https://www.kleinanzeigen.de/s-anzeige/3-stueck-original-druckerpatronen-canon-540l/3241693608-225-6734
[2025-11-10 13:18:51,698] INFO: Product saved: 3 Stück Original  Druckerpatronen Canon 540L...
[2025-11-10 13:18:51,699] DEBUG: Fetching details: https://www.kleinanzeigen.de/s-anzeige/canon-druckerpatronen/3241664519-93-18674
[2025-11-10 13:18:53,294] INFO: Product saved: Canon Druckerpatronen...
[2025-11-10 13:18:54,295] DEBUG: Loading page 2: https://www.kleinanzeigen.de/s-seite:2/Druckerpatrone-Canon/k0
[2025-11-10 13:18:55,614] DEBUG: Found 25 product in the page: 2
[2025-11-10 13:18:55,614] DEBUG: Fetching details: https://www.kleinanzeigen.de/s-anzeige/druckerpatronen-canon-pixma-ink-print/3241641521-225-30159
[2025-11-10 13:18:56,979] INFO: Product saved: Druckerpatronen Canon Pixma ink&print...
[2025-11-10 13:18:56,980] DEBUG: Fetching details: https://www.kleinanzeigen.de/s-anzeige/canon-pg-40-cl-41-druckerpatronen-schwarz-color/3241633184-225-6482
[2025-11-10 13:18:58,538] INFO: Product saved: Canon pg-40 cl-41 Druckerpatronen schwarz + Color...
[2025-11-10 13:18:58,540] DEBUG: Fetching details: https://www.kleinanzeigen.de/s-anzeige/druckerpatronen-fuer-canon-pixma-ts5050/3241613049-225-2728
[2025-11-10 13:18:59,804] INFO: Product saved: Druckerpatronen für Canon pixma ts5050...
[2025-11-10 13:18:59,804] DEBUG: Fetching details: https://www.kleinanzeigen.de/s-anzeige/tinten-druckerpatronen-canon-mg-5200-series/3241586195-225-1114
[2025-11-10 13:19:01,313] INFO: Product saved: Tinten Druckerpatronen Canon MG 5200 Series...
[2025-11-10 13:19:01,314] DEBUG: Fetching details: https://www.kleinanzeigen.de/s-anzeige/druckerpatronen-fuer-canon-drucker-pgi-550-cli/3241529913-225-1476
[2025-11-10 13:19:02,933] INFO: Product saved: Druckerpatronen für Canon Drucker PGI- 550-CLI...
[2025-11-10 13:19:02,934] DEBUG: Fetching details: https://www.kleinanzeigen.de/s-anzeige/orginal-canon-cl-546xl-color-tintenpatrone-druckerpatrone/3241514103-225-4682
[2025-11-10 13:19:04,303] INFO: Product saved: Orginal Canon CL-546XL Color Tintenpatrone/ Drucke...
[2025-11-10 13:19:04,303] DEBUG: Fetching details: https://www.kleinanzeigen.de/s-anzeige/druckerpatronen-canon/3241513755-225-1952
[2025-11-10 13:19:05,710] INFO: Product saved: Druckerpatronen Canon...
[2025-11-10 13:19:05,711] DEBUG: Fetching details: https://www.kleinanzeigen.de/s-anzeige/druckerpatronen-canon-pixma/3241500126-225-18523
[2025-11-10 13:19:08,191] INFO: Product saved: Druckerpatronen Canon Pixma...
[2025-11-10 13:19:08,194] DEBUG: Fetching details: https://www.kleinanzeigen.de/s-anzeige/druckerpatrone-canon-521-gy-cli-521gy-/3241498348-225-7620
[2025-11-10 13:19:11,453] INFO: Product saved: Druckerpatrone Canon 521 GY (CLI-521GY)...
[2025-11-10 13:19:11,455] DEBUG: Fetching details: https://www.kleinanzeigen.de/s-anzeige/druckerpatronen-canon-550xl-551xl-47stk-/3241495892-225-1818
[2025-11-10 13:19:13,144] INFO: Product saved: Druckerpatronen Canon 550XL / 551XL - 47Stk....
[2025-11-10 13:19:13,147] DEBUG: Fetching details: https://www.kleinanzeigen.de/s-anzeige/druckerpatronen-fuer-canon-maxify-5100/3241495111-225-989
[2025-11-10 13:19:15,715] INFO: Product saved: Druckerpatronen für Canon Maxify 5100...
[2025-11-10 13:19:15,721] DEBUG: Fetching details: https://www.kleinanzeigen.de/s-anzeige/original-canon-druckerpatronen-cli-581-pgi-580/3241479195-225-9421
[2025-11-10 13:19:17,307] INFO: Product saved: Original Canon Druckerpatronen CLI-581 PGI-580...
[2025-11-10 13:19:17,310] DEBUG: Fetching details: https://www.kleinanzeigen.de/s-anzeige/druckerpatronen-canon-pixma/3241433156-225-16412
[2025-11-10 13:19:21,276] INFO: Product saved: Druckerpatronen Canon Pixma...
[2025-11-10 13:19:21,278] DEBUG: Fetching details: https://www.kleinanzeigen.de/s-anzeige/druckerpatronen-canon-pixma-ip-7200-etc-neu-/3241421641-225-4516
[2025-11-10 13:19:22,954] INFO: Product saved: Druckerpatronen Canon Pixma IP 7200 etc. Neu !!!...
[2025-11-10 13:19:22,956] DEBUG: Fetching details: https://www.kleinanzeigen.de/s-anzeige/kompatibel-canon-druckerpatronen-pgi-520-cli-521/3241418246-225-1227
[2025-11-10 13:19:24,572] INFO: Product saved: Kompatibel Canon Druckerpatronen PGI-520/CLI-521...
[2025-11-10 13:19:24,574] DEBUG: Fetching details: https://www.kleinanzeigen.de/s-anzeige/druckerpatronen-origian-canon-pixma-520-und-521/3241396984-225-7875
[2025-11-10 13:19:27,563] INFO: Product saved: Druckerpatronen Origian Canon Pixma 520 und 521...
[2025-11-10 13:19:27,566] DEBUG: Fetching details: https://www.kleinanzeigen.de/s-anzeige/neu-druckerpatronen-tinte-chip-je-1-kompatibel-canon-mg5150/3241387764-225-734
[2025-11-10 13:19:29,369] INFO: Product saved: Neu Druckerpatronen Tinte Chip je 1-€ * kompatibel...
[2025-11-10 13:19:29,370] DEBUG: Fetching details: https://www.kleinanzeigen.de/s-anzeige/-canon-druckerpatrone-cl-541-xl-neu-und-versiegelt-/3241360789-225-3811
[2025-11-10 13:19:37,545] INFO: Product saved: ++ Canon Druckerpatrone CL-541 XL Neu und versiege...
[2025-11-10 13:19:37,550] DEBUG: Fetching details: https://www.kleinanzeigen.de/s-anzeige/canon-pixma-multipack-druckerpatronen/3241339181-225-7503
[2025-11-10 13:19:39,476] INFO: Product saved: Canon Pixma Multipack Druckerpatronen...
[2025-11-10 13:19:39,478] DEBUG: Fetching details: https://www.kleinanzeigen.de/s-anzeige/druckerpatronen-canon-mb-maxify-mb2150/3241279264-225-612
[2025-11-10 13:19:41,891] INFO: Product saved: Druckerpatronen – Canon MB Maxify MB2150...
[2025-11-10 13:19:41,893] DEBUG: Fetching details: https://www.kleinanzeigen.de/s-anzeige/druckerpatronen-canon-8-bk-schwarz-8-y-gelb-neu/3241278261-225-1688
[2025-11-10 13:19:43,375] INFO: Product saved: Druckerpatronen Canon 8 BK schwarz 8 Y gelb neu...
[2025-11-10 13:19:43,377] DEBUG: Fetching details: https://www.kleinanzeigen.de/s-anzeige/druckerpatronen-canon-570-571/3241266065-225-1345
[2025-11-10 13:19:45,526] INFO: Product saved: Druckerpatronen Canon 570/571...
[2025-11-10 13:19:45,530] DEBUG: Fetching details: https://www.kleinanzeigen.de/s-anzeige/canon-druckerpatronen-prixma-mg5100-neu-kompatibel/3241256975-225-3981
[2025-11-10 13:19:47,416] INFO: Product saved: Canon Druckerpatronen Prixma MG5100 - NEU kompatib...
[2025-11-10 13:19:47,423] DEBUG: Fetching details: https://www.kleinanzeigen.de/s-anzeige/lxtek-canon-580-581-xxl-druckerpatronen-neu-ovp-10er-pack/3241240280-225-1824
[2025-11-10 13:19:49,157] INFO: Product saved: LxTek Canon 580/581 XXL Druckerpatronen – NEU & OV...
[2025-11-10 13:19:49,159] DEBUG: Fetching details: https://www.kleinanzeigen.de/s-anzeige/ovp-edding-druckerpatronen-no-514-5-stueck-fuer-canon-pixma/3241211214-225-5414
[2025-11-10 13:19:50,717] INFO: Product saved: OVP Edding Druckerpatronen No. 514 5 Stück für Can...
[2025-11-10 13:19:51,722] DEBUG: Loading page 3: https://www.kleinanzeigen.de/s-seite:3/Druckerpatrone-Canon/k0
[2025-11-10 13:19:53,798] DEBUG: Found 25 product in the page: 3
[2025-11-10 13:19:53,799] DEBUG: Fetching details: https://www.kleinanzeigen.de/s-anzeige/canon-pixma-tintenpatronen-druckerpatronen-yellow-gelb/3241171193-225-4903
[2025-11-10 13:19:55,305] INFO: Product saved: Canon Pixma Tintenpatronen Druckerpatronen Yellow ...
[2025-11-10 13:19:55,306] DEBUG: Fetching details: https://www.kleinanzeigen.de/s-anzeige/canon-druckerpatronen/3241154403-225-3013
[2025-11-10 13:19:56,770] INFO: Product saved: Canon Druckerpatronen...
[2025-11-10 13:19:56,771] DEBUG: Fetching details: https://www.kleinanzeigen.de/s-anzeige/canon-pixma-druckerpatronen-cli-8m-cli-8y-cli-8c-inkl-7-folien/3241136430-225-3842
[2025-11-10 13:19:57,969] INFO: Product saved: Canon PIXMA Druckerpatronen CLI-8M+CLI-8Y+CLI-8C i...
[2025-11-10 13:19:57,969] DEBUG: Fetching details: https://www.kleinanzeigen.de/s-anzeige/druckerpatronen-canon-550-551/3241118641-225-25159
[2025-11-10 13:19:59,303] INFO: Product saved: Druckerpatronen Canon 550 / 551...
[2025-11-10 13:19:59,305] DEBUG: Fetching details: https://www.kleinanzeigen.de/s-anzeige/neue-canon-pixma-cl-541-color-druckerpatrone-originalverpackt/3241111197-225-9185
[2025-11-10 13:20:00,782] INFO: Product saved: Neue Canon Pixma CL-541 Color Druckerpatrone – Ori...
[2025-11-10 13:20:00,783] DEBUG: Fetching details: https://www.kleinanzeigen.de/s-anzeige/original-canon-pixma-pro-100-s-druckerpatrone-grau/3240953050-225-4904
[2025-11-10 13:20:02,249] INFO: Product saved: Original Canon Pixma Pro 100 S Druckerpatrone Grau...
[2025-11-10 13:20:02,250] DEBUG: Fetching details: https://www.kleinanzeigen.de/s-anzeige/original-canon-pixma-pro-100-s-druckerpatrone-schwarz/3240939421-225-4904
[2025-11-10 13:20:03,508] INFO: Product saved: Original Canon Pixma Pro 100 S Druckerpatrone Schw...
[2025-11-10 13:20:03,508] DEBUG: Fetching details: https://www.kleinanzeigen.de/s-anzeige/canon-druckerpatronen-570-571-von-isy/3240931195-225-1843
[2025-11-10 13:20:04,819] INFO: Product saved: Canon Druckerpatronen 570 + 571 von ISY...
[2025-11-10 13:20:04,820] DEBUG: Fetching details: https://www.kleinanzeigen.de/s-anzeige/canon-drucker-mit-druckerpatronen/3240905510-225-2921
[2025-11-10 13:20:06,174] INFO: Product saved: Canon Drucker mit Druckerpatronen...
[2025-11-10 13:20:06,175] DEBUG: Fetching details: https://www.kleinanzeigen.de/s-anzeige/druckerpatronen-canon/3240895936-225-6986
[2025-11-10 13:20:07,672] INFO: Product saved: Druckerpatronen. Canon...
[2025-11-10 13:20:07,673] DEBUG: Fetching details: https://www.kleinanzeigen.de/s-anzeige/kompatibel-canon-pg-545-cl-546-xl-druckerpatronen-545-546-yuanqim/3212331803-225-794
[2025-11-10 13:20:09,008] INFO: Product saved: KOMPATIBEL CANON PG-545 CL-546 XL Druckerpatronen ...
[2025-11-10 13:20:09,009] ERROR: Ad parse error: can only concatenate str (not "NoneType") to str
[2025-11-10 13:20:09,010] DEBUG: Fetching details: https://www.kleinanzeigen.de/s-anzeige/canon-druckerpatronen-pgi-520bk-cli-521bk-zu-verschenken/3240806186-225-7730
[2025-11-10 13:20:09,973] INFO: Product saved: Canon Druckerpatronen PGI-520BK & CLI-521BK – zu v...
[2025-11-10 13:20:09,974] DEBUG: Fetching details: https://www.kleinanzeigen.de/s-anzeige/canon-druckerpatrone/3240805238-225-3135
[2025-11-10 13:20:11,297] INFO: Product saved: Canon Druckerpatrone...
[2025-11-10 13:20:11,298] DEBUG: Fetching details: https://www.kleinanzeigen.de/s-anzeige/canon-pg-512-cl-513-druckerpatrone-schwarz-und-oder-color/3240803193-225-2113
[2025-11-10 13:20:12,593] INFO: Product saved: Canon PG 512 / CL 513 Druckerpatrone Schwarz und /...
[2025-11-10 13:20:12,594] DEBUG: Fetching details: https://www.kleinanzeigen.de/s-anzeige/druckerpatronen-canon-tr8550-tr7550-tr7650-ts6350-ts705a-ts6300/3240753168-225-9482
[2025-11-10 13:20:13,872] INFO: Product saved: Druckerpatronen Canon TR8550 TR7550 TR7650 TS6350 ...
[2025-11-10 13:20:13,873] DEBUG: Fetching details: https://www.kleinanzeigen.de/s-anzeige/druckerpatronen-fuer-canon-verschiedene-farben/3240738662-225-21142
[2025-11-10 13:20:15,160] INFO: Product saved: Druckerpatronen für Canon verschiedene Farben...
[2025-11-10 13:20:15,161] DEBUG: Fetching details: https://www.kleinanzeigen.de/s-anzeige/druckerpatronen-fuer-canon/3240695236-225-7915
[2025-11-10 13:20:16,600] INFO: Product saved: Druckerpatronen für Canon...
[2025-11-10 13:20:16,601] DEBUG: Fetching details: https://www.kleinanzeigen.de/s-anzeige/kompatibel-canon-pg-540-xl-druckerpatronen-540-yuanqim/3240641087-225-794
[2025-11-10 13:20:17,989] INFO: Product saved: KOMPATIBEL CANON PG-540 XL Druckerpatronen 540 YUA...
[2025-11-10 13:20:17,990] DEBUG: Fetching details: https://www.kleinanzeigen.de/s-anzeige/kompatibel-canon-pg-540-cl-541-xl-druckerpatronen-540-541-yuanqim/3240624767-225-794
[2025-11-10 13:20:19,473] INFO: Product saved: KOMPATIBEL CANON PG-540 CL-541 XL Druckerpatronen ...
[2025-11-10 13:20:19,474] DEBUG: Fetching details: https://www.kleinanzeigen.de/s-anzeige/canon-druckerpatronen/3240603456-225-8432
[2025-11-10 13:20:20,817] INFO: Product saved: Canon Druckerpatronen...
[2025-11-10 13:20:20,817] DEBUG: Fetching details: https://www.kleinanzeigen.de/s-anzeige/druckerpatrone-canon-pixma-8-schwarz-cyan-yellow-neu-in-ovp/3240598352-225-6766
[2025-11-10 13:20:22,622] INFO: Product saved: Druckerpatrone Canon Pixma 8 schwarz cyan yellow n...
[2025-11-10 13:20:22,624] DEBUG: Fetching details: https://www.kleinanzeigen.de/s-anzeige/druckerpatronen-fuer-canon/3240563083-225-1904
[2025-11-10 13:20:24,068] INFO: Product saved: Druckerpatronen für Canon...
[2025-11-10 13:20:24,070] DEBUG: Fetching details: https://www.kleinanzeigen.de/s-anzeige/druckerpatronen-neu-fuer-canon-prixma-ip-7250/3240561724-225-4251
[2025-11-10 13:20:25,378] INFO: Product saved: Druckerpatronen neu für Canon Prixma IP 7250...
[2025-11-10 13:20:25,380] DEBUG: Fetching details: https://www.kleinanzeigen.de/s-anzeige/druckerpatronen-original-canon-fuer-canon-cli-551xl/3240550607-225-19916
[2025-11-10 13:20:26,668] INFO: Product saved: Druckerpatronen original Canon für CANON CLi-551XL...
[2025-11-10 13:20:27,669] DEBUG: Loading page 4: https://www.kleinanzeigen.de/s-seite:4/Druckerpatrone-Canon/k0
[2025-11-10 13:20:30,543] DEBUG: Found 25 product in the page: 4
[2025-11-10 13:20:30,543] ERROR: Ad parse error: can only concatenate str (not "NoneType") to str
[2025-11-10 13:20:30,544] DEBUG: Fetching details: https://www.kleinanzeigen.de/s-anzeige/10x-druckerpatronen-z-b-fuer-canon-c-cli-8-c-pgi-5-cc-8bk/3240457740-225-2700
[2025-11-10 13:20:32,050] INFO: Product saved: 10x Druckerpatronen z.B. für Canon C-CLI-8 C-PGI-5...
[2025-11-10 13:20:32,051] DEBUG: Fetching details: https://www.kleinanzeigen.de/s-anzeige/druckerpatronen-kompatibel-canon-pgi-570-cli-571/3240413191-225-9178
[2025-11-10 13:20:36,413] INFO: Product saved: Druckerpatronen kompatibel Canon PGI-570 CLI-571...
[2025-11-10 13:20:36,414] DEBUG: Fetching details: https://www.kleinanzeigen.de/s-anzeige/druckerpatrone-canon-510/3240396057-225-4816
[2025-11-10 13:20:39,852] INFO: Product saved: Druckerpatrone Canon 510...
[2025-11-10 13:20:39,853] DEBUG: Fetching details: https://www.kleinanzeigen.de/s-anzeige/5x-druckerpatronen-neu-tintenpatronen-toner-f-drucker-canon/3240361746-225-3877
[2025-11-10 13:20:41,317] INFO: Product saved: 5x DRUCKERPATRONEN -NEU- TINTENPATRONEN TONER f.Dr...
[2025-11-10 13:20:41,317] DEBUG: Fetching details: https://www.kleinanzeigen.de/s-anzeige/canon-druckerpatronen-570-571-incl-canon-ts5055/3240340319-225-922
[2025-11-10 13:20:43,443] INFO: Product saved: Canon Druckerpatronen 570/571 incl. Canon TS5055...
[2025-11-10 13:20:43,444] DEBUG: Fetching details: https://www.kleinanzeigen.de/s-anzeige/druckerpatronen-fuer-canon-pixma-drucker/3240337721-225-26046
[2025-11-10 13:20:45,108] INFO: Product saved: Druckerpatronen für Canon Pixma Drucker...
[2025-11-10 13:20:45,108] DEBUG: Fetching details: https://www.kleinanzeigen.de/s-anzeige/druckerpatronen-canon-ts-7450a/3240330396-225-16973
[2025-11-10 13:20:46,516] INFO: Product saved: Druckerpatronen Canon TS 7450a...
[2025-11-10 13:20:46,517] DEBUG: Fetching details: https://www.kleinanzeigen.de/s-anzeige/28x-druckerpatronen-tintenpartonen-canon-drucker-551-und-550/3240304614-225-4711
[2025-11-10 13:20:48,171] INFO: Product saved: 28x Druckerpatronen Tintenpartonen Canon  Drucker ...
[2025-11-10 13:20:48,172] DEBUG: Fetching details: https://www.kleinanzeigen.de/s-anzeige/3x-original-canon-cli-551-xl-druckerpatronen-neu-druckertinte/3240302834-225-7924
[2025-11-10 13:20:49,466] INFO: Product saved: 3x Original Canon CLI 551 (XL) Druckerpatronen  ne...
[2025-11-10 13:20:49,467] DEBUG: Fetching details: https://www.kleinanzeigen.de/s-anzeige/lxtek-druckerpatronen-580-581-multipack-kompatibel-fuer-canon-tr85/3240292302-225-9602
[2025-11-10 13:20:50,872] INFO: Product saved: LxTek Druckerpatronen 580 581 Multipack Kompatibel...
[2025-11-10 13:20:50,873] DEBUG: Fetching details: https://www.kleinanzeigen.de/s-anzeige/druckerpatrone-canon-ts-7450a-pg-560xl-black/3240205781-225-16973
[2025-11-10 13:20:52,251] INFO: Product saved: Druckerpatrone Canon TS 7450a PG-560XL black...
[2025-11-10 13:20:52,252] DEBUG: Fetching details: https://www.kleinanzeigen.de/s-anzeige/canon-pixmal-druckerpatronen-neu-blau-rot-schwarz-geld/3240195102-225-2490
[2025-11-10 13:20:53,668] INFO: Product saved: Canon Pixmal Druckerpatronen neu blau rot schwarz ...
[2025-11-10 13:20:53,668] DEBUG: Fetching details: https://www.kleinanzeigen.de/s-anzeige/canon-pg-575-druckerpatrone/3240195077-225-25295
[2025-11-10 13:20:55,675] INFO: Product saved: Canon PG 575 Druckerpatrone...
[2025-11-10 13:20:55,676] DEBUG: Fetching details: https://www.kleinanzeigen.de/s-anzeige/druckerpatronen-mit-chip-fuer-canon-drucker-kopierer/3240186983-225-4104
[2025-11-10 13:20:57,156] INFO: Product saved: Druckerpatronen mit Chip für Canon Drucker  / Kopi...
[2025-11-10 13:20:57,157] DEBUG: Fetching details: https://www.kleinanzeigen.de/s-anzeige/druckerpatronen-canon/3240186887-225-16366
[2025-11-10 13:20:58,520] INFO: Product saved: Druckerpatronen Canon...
[2025-11-10 13:20:58,521] DEBUG: Fetching details: https://www.kleinanzeigen.de/s-anzeige/druckerpatronen-fuer-canon-drucker/3240119637-225-5424
[2025-11-10 13:20:59,970] INFO: Product saved: Druckerpatronen für Canon Drucker...
[2025-11-10 13:20:59,971] DEBUG: Fetching details: https://www.kleinanzeigen.de/s-anzeige/druckerpatronen-canon-mg-6150/3240111041-225-8830
[2025-11-10 13:21:11,227] INFO: Product saved: Druckerpatronen canon mg 6150...
[2025-11-10 13:21:11,228] DEBUG: Fetching details: https://www.kleinanzeigen.de/s-anzeige/druckerpatronen-canon-mg-6150/3240111039-225-8830
[2025-11-10 13:21:22,219] INFO: Product saved: Druckerpatronen canon mg 6150...
[2025-11-10 13:21:22,219] DEBUG: Fetching details: https://www.kleinanzeigen.de/s-anzeige/kompatibel-canon-pgi-570xl-cli-571xl-druckerpatronen-multipack/3240095927-225-9419
[2025-11-10 13:21:23,977] INFO: Product saved: Kompatibel Canon PGI-570XL/CLI-571XL Druckerpatron...
[2025-11-10 13:21:23,977] DEBUG: Fetching details: https://www.kleinanzeigen.de/s-anzeige/druckerpatronen-canon-pixma/3240072819-93-8594
[2025-11-10 13:21:25,353] INFO: Product saved: Druckerpatronen Canon Pixma...
[2025-11-10 13:21:25,354] ERROR: Ad parse error: can only concatenate str (not "NoneType") to str
[2025-11-10 13:21:25,355] DEBUG: Fetching details: https://www.kleinanzeigen.de/s-anzeige/4-kompatible-druckerpatronen-canon-pixma/3239990973-225-7980
[2025-11-10 13:21:26,735] INFO: Product saved: 4 kompatible Druckerpatronen Canon Pixma...
[2025-11-10 13:21:26,736] DEBUG: Fetching details: https://www.kleinanzeigen.de/s-anzeige/druckerpatronen-canon-526/3239980805-225-7527
[2025-11-10 13:21:28,049] INFO: Product saved: Druckerpatronen Canon 526...
[2025-11-10 13:21:28,049] DEBUG: Fetching details: https://www.kleinanzeigen.de/s-anzeige/druckerpatronen-xl-canon/3239936651-225-3460
[2025-11-10 13:21:29,379] INFO: Product saved: Druckerpatronen XL Canon...
[2025-11-10 13:21:30,380] DEBUG: Loading page 5: https://www.kleinanzeigen.de/s-seite:5/Druckerpatrone-Canon/k0
[2025-11-10 13:21:31,988] DEBUG: Found 25 product in the page: 5
[2025-11-10 13:21:31,989] DEBUG: Fetching details: https://www.kleinanzeigen.de/s-anzeige/atopink-pg540xl-schwarz-druckerpatrone-pg-540-xl-canon/3239898527-225-9358
[2025-11-10 13:21:33,304] INFO: Product saved: ATOPINK  PG540XL schwarz Druckerpatrone PG-540 XL ...
[2025-11-10 13:21:33,306] DEBUG: Fetching details: https://www.kleinanzeigen.de/s-anzeige/canon-580-581-druckerpatronen-neu/3239841199-225-3199
[2025-11-10 13:21:34,467] INFO: Product saved: Canon 580/581 Druckerpatronen neu...
[2025-11-10 13:21:34,468] ERROR: Ad parse error: can only concatenate str (not "NoneType") to str
[2025-11-10 13:21:34,469] DEBUG: Fetching details: https://www.kleinanzeigen.de/s-anzeige/druckerpatronen-canon-kompatibel/3239809319-225-6800
[2025-11-10 13:21:35,795] INFO: Product saved: Druckerpatronen Canon kompatibel...
[2025-11-10 13:21:35,798] DEBUG: Fetching details: https://www.kleinanzeigen.de/s-anzeige/canon-580-581-druckerpatronen-in-farbe-und-in-schwarz/3239768057-225-1007
[2025-11-10 13:21:37,159] INFO: Product saved: Canon 580/581 Druckerpatronen in Farbe und in schw...
[2025-11-10 13:21:37,159] DEBUG: Fetching details: https://www.kleinanzeigen.de/s-anzeige/2x-canon-pg-512-druckerpatronen-schwarz/3239751012-225-4255
[2025-11-10 13:21:38,477] INFO: Product saved: 2x Canon PG-512 Druckerpatronen schwarz...
[2025-11-10 13:21:38,478] ERROR: Ad parse error: can only concatenate str (not "NoneType") to str
[2025-11-10 13:21:38,478] DEBUG: Fetching details: https://www.kleinanzeigen.de/s-anzeige/druckerpatronen-canon-540xl-541xl-neu-und-originalverpackt/3239730587-225-6080
[2025-11-10 13:21:40,397] INFO: Product saved: Druckerpatronen Canon 540XL / 541XL neu und origin...
[2025-11-10 13:21:40,398] DEBUG: Fetching details: https://www.kleinanzeigen.de/s-anzeige/canon-540-xl-schwarz-druckerpatronen-tintenpatronen-kompatibel/3239717827-225-9518
[2025-11-10 13:21:41,800] INFO: Product saved: Canon 540 XL schwarz Druckerpatronen Tintenpatrone...
[2025-11-10 13:21:41,802] DEBUG: Fetching details: https://www.kleinanzeigen.de/s-anzeige/canon-pixma-druckerpatronen-525-schwarz-und-526-bunt-/3239715272-225-7981
[2025-11-10 13:21:43,094] INFO: Product saved: Canon PIXMA Druckerpatronen 525 (schwarz) und 526 ...
[2025-11-10 13:21:43,102] DEBUG: Fetching details: https://www.kleinanzeigen.de/s-anzeige/canon-545-xl-546-xl-druckerpatronen-tintenpatronen-kompatibel/3239714827-225-9518
[2025-11-10 13:21:45,286] INFO: Product saved: Canon 545 XL 546 XL Druckerpatronen Tintenpatronen...
[2025-11-10 13:21:45,291] DEBUG: Fetching details: https://www.kleinanzeigen.de/s-anzeige/druckerpatronen-fuer-canon-11st-/3239713126-225-2074
[2025-11-10 13:21:53,247] INFO: Product saved: Druckerpatronen für Canon 11St....
[2025-11-10 13:21:53,249] DEBUG: Fetching details: https://www.kleinanzeigen.de/s-anzeige/druckerpatronen-fuer-canon/3239708969-225-3810
[2025-11-10 13:22:04,710] INFO: Product saved: Druckerpatronen für Canon...
[2025-11-10 13:22:04,716] DEBUG: Fetching details: https://www.kleinanzeigen.de/s-anzeige/druckerpatronen-fuer-canon/3239643467-225-2303
[2025-11-10 13:22:06,984] INFO: Product saved: Druckerpatronen für Canon...
[2025-11-10 13:22:06,989] ERROR: Ad parse error: can only concatenate str (not "NoneType") to str
[2025-11-10 13:22:06,992] DEBUG: Fetching details: https://www.kleinanzeigen.de/s-anzeige/canon-druckerpatronen-original-verpackt-cli-8m-y-c-5/3239555091-225-1522
[2025-11-10 13:22:09,273] INFO: Product saved: Canon Druckerpatronen Original verpackt CLI-8M-Y-C...
[2025-11-10 13:22:09,278] DEBUG: Fetching details: https://www.kleinanzeigen.de/s-anzeige/d-c-druckerpatronen-fuer-canon-drucker-tintenpatronen/3239539705-225-1889
[2025-11-10 13:22:18,062] INFO: Product saved: D&C Druckerpatronen für Canon Drucker Tintenpatron...
[2025-11-10 13:22:18,080] DEBUG: Fetching details: https://www.kleinanzeigen.de/s-anzeige/druckerpatronen-kompatibel-fuer-canon-pixma/3239527902-225-7138
[2025-11-10 13:22:21,143] INFO: Product saved: Druckerpatronen Kompatibel für Canon Pixma...
[2025-11-10 13:22:21,145] DEBUG: Fetching details: https://www.kleinanzeigen.de/s-anzeige/2-stueck-neue-originale-canon-druckerpatronen-571-bk-schwarz-/3239489066-225-3364
[2025-11-10 13:22:24,759] INFO: Product saved: 2 Stück neue originale Canon Druckerpatronen 571 (...
[2025-11-10 13:22:24,762] DEBUG: Fetching details: https://www.kleinanzeigen.de/s-anzeige/10-druckerpatronen-kompatibel-fuer-canon-pixma/3239257562-225-1125
[2025-11-10 13:22:26,529] INFO: Product saved: 10 Druckerpatronen kompatibel für Canon Pixma...
[2025-11-10 13:22:26,533] DEBUG: Fetching details: https://www.kleinanzeigen.de/s-anzeige/druckerpatronen-fuer-canon-xp-452-455-serie-gegen-eine-kleinigkeit/3239166472-225-5968
[2025-11-10 13:22:28,844] INFO: Product saved: Druckerpatronen für Canon XP-452 455 Serie gegen e...
[2025-11-10 13:22:28,849] DEBUG: Fetching details: https://www.kleinanzeigen.de/s-anzeige/druckerpatronen-fuer-canon-prixma/3239134166-225-4057
[2025-11-10 13:22:31,002] INFO: Product saved: Druckerpatronen für Canon Prixma...
[2025-11-10 13:22:31,005] DEBUG: Fetching details: https://www.kleinanzeigen.de/s-anzeige/druckerpatronen-canon/3239101899-225-2862
[2025-11-10 13:22:33,053] INFO: Product saved: Druckerpatronen Canon...
[2025-11-10 13:22:33,059] DEBUG: Fetching details: https://www.kleinanzeigen.de/s-anzeige/druckerpatronen-canon-mp550/3239086367-225-7328
[2025-11-10 13:22:35,251] INFO: Product saved: Druckerpatronen Canon MP550...
[2025-11-10 13:22:35,252] DEBUG: Fetching details: https://www.kleinanzeigen.de/s-anzeige/-10-druckerpatronen-571xl-cgi-571-xl-fuer-canon-ts8050-u-a-/3239055184-225-4754
[2025-11-10 13:22:36,780] INFO: Product saved: ⭐⭐⭐ 10 Druckerpatronen 571XL (CGI-571 XL) für Cano...
[2025-11-10 13:22:37,841] INFO: Processing brand: HP
[2025-11-10 13:22:37,914] DEBUG: Loading page 1: https://www.kleinanzeigen.de/s-Druckerpatrone-HP/k0
[2025-11-10 13:22:41,440] DEBUG: Found 27 product in the page: 1
[2025-11-10 13:22:41,440] DEBUG: Fetching details: https://www.kleinanzeigen.de/s-anzeige/ankauf-ihrer-leeren-canon-und-hp-305-hp-305xl-hp-307xl-hp-304-hp-304xl-hp-303-hp-303xl-hp-302-hp-302xl-hp-301-301xl-62-62xl-300-300xl-901-leere-patronen-volle-ueberlagerte-druckerpatronen-toner/1764977037-225-9683
[2025-11-10 13:22:44,535] INFO: Product saved: Ankauf Ihrer leeren Canon und HP 305 HP 305XL HP 3...
[2025-11-10 13:22:44,536] DEBUG: Fetching details: https://www.kleinanzeigen.de/s-anzeige/ankauf-ihrer-leeren-vollen-hp-und-canon-540-541-545-546-560-561-575-576-585-586-510-511-512-513-40-41-37-38-50-51-leere-volle-ueberlagerte-druckerpatronen-tintenpatronen-toner-hp-62-302-303-304-305/1117663714-225-9683
[2025-11-10 13:22:46,883] INFO: Product saved: Ankauf Ihrer leeren vollen HP und Canon 540 541 54...
[2025-11-10 13:22:46,883] DEBUG: Fetching details: https://www.kleinanzeigen.de/s-anzeige/hp-951-xl-original-druckerpatronen/3242126027-225-8474
[2025-11-10 13:22:49,474] INFO: Product saved: HP 951 XL original Druckerpatronen...
[2025-11-10 13:22:49,474] DEBUG: Fetching details: https://www.kleinanzeigen.de/s-anzeige/tomax-druckerpatronen-950xl-951xl-hp-schwarz-cyan-magenta/3242124884-225-7439
[2025-11-10 13:22:51,962] INFO: Product saved: ToMax Druckerpatronen 950XL/951XL HP - schwarz/cya...
[2025-11-10 13:22:51,963] DEBUG: Fetching details: https://www.kleinanzeigen.de/s-anzeige/hp-951-xl-original-druckerpatronen/3242124374-225-8474
[2025-11-10 13:22:54,625] INFO: Product saved: HP 951 XL original Druckerpatronen...
[2025-11-10 13:22:54,625] DEBUG: Fetching details: https://www.kleinanzeigen.de/s-anzeige/hp-62xl-black-druckerpatrone-haltbar-juni-2027/3242100640-225-16834
[2025-11-10 13:22:56,464] INFO: Product saved: HP 62XL Black Druckerpatrone haltbar Juni 2027...
[2025-11-10 13:22:56,465] DEBUG: Fetching details: https://www.kleinanzeigen.de/s-anzeige/druckerpatrone-hp-216-a/3242093140-225-1554
[2025-11-10 13:22:58,019] INFO: Product saved: Druckerpatrone hp 216 A...
[2025-11-10 13:22:58,019] ERROR: Ad parse error: can only concatenate str (not "NoneType") to str
[2025-11-10 13:22:58,020] ERROR: Ad parse error: can only concatenate str (not "NoneType") to str
[2025-11-10 13:22:58,021] DEBUG: Fetching details: https://www.kleinanzeigen.de/s-anzeige/hp-druckerpatrone-991xc-cyan-blau/3242014899-225-8771
[2025-11-10 13:22:59,511] INFO: Product saved: hp Druckerpatrone 991xc Cyan / Blau...
[2025-11-10 13:22:59,511] DEBUG: Fetching details: https://www.kleinanzeigen.de/s-anzeige/hp-druckerpatronen-991xc-magenta-rot-2x/3242011022-225-8771
[2025-11-10 13:23:00,898] INFO: Product saved: hp Druckerpatronen 991xc Magenta / Rot 2x...
[2025-11-10 13:23:00,899] DEBUG: Fetching details: https://www.kleinanzeigen.de/s-anzeige/druckerpatrone-wiederaufbereitet-fuer-hp-302-color-neu/3242010947-225-2512
[2025-11-10 13:23:02,261] INFO: Product saved: Druckerpatrone wiederaufbereitet für HP 302 Color ...
[2025-11-10 13:23:02,262] DEBUG: Fetching details: https://www.kleinanzeigen.de/s-anzeige/hp-druckerpatronen-991xc-yellow-gelb/3242008059-225-8771
[2025-11-10 13:23:03,843] INFO: Product saved: hp Druckerpatronen 991xc Yellow / Gelb...
[2025-11-10 13:23:03,843] DEBUG: Fetching details: https://www.kleinanzeigen.de/s-anzeige/hp-druckerpatronen-991xc-black-schwarz/3242002581-225-8771
[2025-11-10 13:23:05,633] INFO: Product saved: hp Druckerpatronen 991xc Black / Schwarz...
[2025-11-10 13:23:05,634] DEBUG: Fetching details: https://www.kleinanzeigen.de/s-anzeige/druckerpatrone-hp-951-xl/3241991389-225-2779
[2025-11-10 13:23:07,521] INFO: Product saved: Druckerpatrone HP 951 XL...
[2025-11-10 13:23:07,522] ERROR: Ad parse error: can only concatenate str (not "NoneType") to str
[2025-11-10 13:23:07,522] DEBUG: Fetching details: https://www.kleinanzeigen.de/s-anzeige/hp-druckerpatrone-modell-305-schwarz-x-2/3241938078-225-9296
[2025-11-10 13:23:08,721] INFO: Product saved: HP Druckerpatrone Modell 305 Schwarz x 2...
[2025-11-10 13:23:08,722] ERROR: Ad parse error: can only concatenate str (not "NoneType") to str
[2025-11-10 13:23:08,722] ERROR: Ad parse error: can only concatenate str (not "NoneType") to str
[2025-11-10 13:23:08,722] DEBUG: Fetching details: https://www.kleinanzeigen.de/s-anzeige/3x-druckerpatrone-ersatz-hp-78-xl-schwarz-farbig-bk/3241894980-225-4302
[2025-11-10 13:23:09,891] INFO: Product saved: 3x Druckerpatrone Ersatz HP 78 xl schwarz farbig b...
[2025-11-10 13:23:09,894] DEBUG: Fetching details: https://www.kleinanzeigen.de/s-anzeige/hp-druckerpatrone-schwarz/3241893359-225-30133
[2025-11-10 13:23:12,598] INFO: Product saved: HP Druckerpatrone  schwarz...
[2025-11-10 13:23:12,600] DEBUG: Fetching details: https://www.kleinanzeigen.de/s-anzeige/hp-11-magenta-druckerpatronen-tintendrucker-patronen/3241848088-225-4234
[2025-11-10 13:23:13,609] INFO: Product saved: HP 11 magenta Druckerpatronen Tintendrucker Patron...
[2025-11-10 13:23:13,609] ERROR: Ad parse error: can only concatenate str (not "NoneType") to str
[2025-11-10 13:23:13,610] DEBUG: Fetching details: https://www.kleinanzeigen.de/s-anzeige/hp-22-druckerpatrone/3241795301-225-4014
[2025-11-10 13:23:14,990] INFO: Product saved: HP 22 Druckerpatrone...
[2025-11-10 13:23:14,991] DEBUG: Fetching details: https://www.kleinanzeigen.de/s-anzeige/original-verpackte-hp-druckerpatronen-302-xl-schwarz-und-dreifarb/3241776948-225-4388
[2025-11-10 13:23:16,297] INFO: Product saved: Original verpackte HP Druckerpatronen 302 XL Schwa...
[2025-11-10 13:23:16,309] DEBUG: Fetching details: https://www.kleinanzeigen.de/s-anzeige/hp-druckerpatronen-nr-300/3241750754-225-442
[2025-11-10 13:23:17,598] INFO: Product saved: HP Druckerpatronen Nr. 300...
[2025-11-10 13:23:17,599] DEBUG: Fetching details: https://www.kleinanzeigen.de/s-anzeige/neu-druckerpatronen-digital-revolution-alternativ-zu-hp/3183543661-225-9008
[2025-11-10 13:23:18,774] INFO: Product saved: Neu-Druckerpatronen - Digital Revolution alternati...
[2025-11-10 13:23:19,775] DEBUG: Loading page 2: https://www.kleinanzeigen.de/s-seite:2/Druckerpatrone-HP/k0
[2025-11-10 13:23:21,628] DEBUG: Found 25 product in the page: 2
[2025-11-10 13:23:21,629] DEBUG: Fetching details: https://www.kleinanzeigen.de/s-anzeige/druckerpatronen-fuer-hp-drucker/3241708521-225-17266
[2025-11-10 13:23:22,702] INFO: Product saved: Druckerpatronen für HP Drucker...
[2025-11-10 13:23:22,703] DEBUG: Fetching details: https://www.kleinanzeigen.de/s-anzeige/hp-druckerpatrone/3241702727-225-963
[2025-11-10 13:23:23,874] INFO: Product saved: HP-Druckerpatrone...
[2025-11-10 13:23:23,875] DEBUG: Fetching details: https://www.kleinanzeigen.de/s-anzeige/17-leere-druckerpatronen-black-hp301-kmp-canon-545-isy/3241693908-225-4293
[2025-11-10 13:23:25,087] INFO: Product saved: 17 leere Druckerpatronen black HP301 KMP Canon 545...
[2025-11-10 13:23:25,088] DEBUG: Fetching details: https://www.kleinanzeigen.de/s-anzeige/druckerpatronen-h364xl-fuer-hp/3241693017-225-958
[2025-11-10 13:23:26,051] INFO: Product saved: Druckerpatronen H364XL für HP...
[2025-11-10 13:23:26,051] DEBUG: Fetching details: https://www.kleinanzeigen.de/s-anzeige/hp-6230-drucker-und-hp-934-druckerpatronen/3241680039-225-1912
[2025-11-10 13:23:27,288] INFO: Product saved: HP 6230 Drucker und HP 934 Druckerpatronen...
[2025-11-10 13:23:27,289] DEBUG: Fetching details: https://www.kleinanzeigen.de/s-anzeige/druckerpatrone-305-xl-black-hp-desk-jet/3241638215-225-7532
[2025-11-10 13:23:28,455] INFO: Product saved: Druckerpatrone 305 XL black HP Desk Jet...
[2025-11-10 13:23:28,455] DEBUG: Fetching details: https://www.kleinanzeigen.de/s-anzeige/druckerpatrone-hp-305/3241565234-225-19492
[2025-11-10 13:23:29,640] INFO: Product saved: Druckerpatrone hp 305...
[2025-11-10 13:23:29,641] DEBUG: Fetching details: https://www.kleinanzeigen.de/s-anzeige/hp-druckerpatronen-903xl-cyan-yellow-magenta/3241553902-225-2322
[2025-11-10 13:23:30,794] INFO: Product saved: HP Druckerpatronen 903XL Cyan Yellow Magenta...
[2025-11-10 13:23:30,794] DEBUG: Fetching details: https://www.kleinanzeigen.de/s-anzeige/hp-302-druckerpatronen-schwarz-2-packung/3241544968-225-6593
[2025-11-10 13:23:32,500] INFO: Product saved: HP 302 Druckerpatronen Schwarz 2 Packung...
[2025-11-10 13:23:32,501] DEBUG: Fetching details: https://www.kleinanzeigen.de/s-anzeige/hp-304-original-druckerpatronen-black-tricolor/3241521590-225-4896
[2025-11-10 13:23:33,576] INFO: Product saved: HP 304 Original Druckerpatronen black + tricolor...
[2025-11-10 13:23:33,576] DEBUG: Fetching details: https://www.kleinanzeigen.de/s-anzeige/leere-druckerpatronen-original-hp-912/3241480070-225-1091
[2025-11-10 13:23:34,508] INFO: Product saved: leere Druckerpatronen original HP 912...
[2025-11-10 13:23:34,517] DEBUG: Fetching details: https://www.kleinanzeigen.de/s-anzeige/hp-druckerpatronen/3241468100-225-4823
[2025-11-10 13:23:35,815] INFO: Product saved: HP Druckerpatronen...
[2025-11-10 13:23:35,816] ERROR: Ad parse error: can only concatenate str (not "NoneType") to str
[2025-11-10 13:23:35,817] DEBUG: Fetching details: https://www.kleinanzeigen.de/s-anzeige/druckerpatrone-hp-933xl-cyan-original-/3241427542-225-18262
[2025-11-10 13:23:37,126] INFO: Product saved: Druckerpatrone HP 933XL Cyan *Original*...
[2025-11-10 13:23:37,126] DEBUG: Fetching details: https://www.kleinanzeigen.de/s-anzeige/druckerpatrone-hp-933xl-magenta-original-/3241419176-225-18262
[2025-11-10 13:23:38,465] INFO: Product saved: Druckerpatrone HP 933XL Magenta *Original*...
[2025-11-10 13:23:38,465] DEBUG: Fetching details: https://www.kleinanzeigen.de/s-anzeige/hp-drucker-scanner-deskjet-2630-mit-vollen-druckerpatronen/3241413051-225-7981
[2025-11-10 13:23:39,604] INFO: Product saved: HP Drucker/Scanner Deskjet 2630 - mit vollen Druck...
[2025-11-10 13:23:39,605] ERROR: Ad parse error: can only concatenate str (not "NoneType") to str
[2025-11-10 13:23:39,607] DEBUG: Fetching details: https://www.kleinanzeigen.de/s-anzeige/druckerpatronen-hp-364-xl/3241410663-225-254
[2025-11-10 13:23:40,757] INFO: Product saved: Druckerpatronen HP 364 XL...
[2025-11-10 13:23:40,757] DEBUG: Fetching details: https://www.kleinanzeigen.de/s-anzeige/hp-druckerpatronen/3241362912-225-2645
[2025-11-10 13:23:41,897] INFO: Product saved: HP Druckerpatronen...
[2025-11-10 13:23:41,898] DEBUG: Fetching details: https://www.kleinanzeigen.de/s-anzeige/toner-hp-cc531a-hp-304a-cyan-druckerpatrone-neu-ovp-/3241335948-225-6896
[2025-11-10 13:23:43,194] INFO: Product saved: Toner HP CC531A HP 304A cyan Druckerpatrone *neu/O...
[2025-11-10 13:23:43,194] DEBUG: Fetching details: https://www.kleinanzeigen.de/s-anzeige/drucker-hp-deskjet-2700-series-druckerpatrone-schwarz/3241324456-225-8083
[2025-11-10 13:23:44,474] INFO: Product saved: Drucker HP DeskJet 2700 Series + Druckerpatrone sc...
[2025-11-10 13:23:44,475] DEBUG: Fetching details: https://www.kleinanzeigen.de/s-anzeige/toner-hp-cc533a-hp-304a-magenta-druckerpatrone-neu-ovp-/3241316633-225-6896
[2025-11-10 13:23:45,849] INFO: Product saved: Toner HP CC533A HP 304A magenta Druckerpatrone *ne...
[2025-11-10 13:23:45,850] DEBUG: Fetching details: https://www.kleinanzeigen.de/s-anzeige/toner-hp-cc530a-304a-schwarze-druckerpatrone-neu-ovp-/3241296534-225-6896
[2025-11-10 13:23:47,195] INFO: Product saved: Toner HP CC530A 304A schwarze Druckerpatrone *neu/...
[2025-11-10 13:23:47,196] DEBUG: Fetching details: https://www.kleinanzeigen.de/s-anzeige/hp-953xl-bk-druckerpatronen/3241283016-225-8172
[2025-11-10 13:23:48,538] INFO: Product saved: HP 953Xl BK Druckerpatronen...
[2025-11-10 13:23:48,539] DEBUG: Fetching details: https://www.kleinanzeigen.de/s-anzeige/druckerpatrone-hp23-tricolour-neu-in-originalverpackung/3241272254-225-1688
[2025-11-10 13:23:49,750] INFO: Product saved: Druckerpatrone HP23 Tricolour neu in Originalverpa...
[2025-11-10 13:23:50,750] DEBUG: Loading page 3: https://www.kleinanzeigen.de/s-seite:3/Druckerpatrone-HP/k0
[2025-11-10 13:23:52,318] DEBUG: Found 25 product in the page: 3
[2025-11-10 13:23:52,319] DEBUG: Fetching details: https://www.kleinanzeigen.de/s-anzeige/4x-hp-304-druckerpatrone/3241255484-225-2576
[2025-11-10 13:23:53,745] INFO: Product saved: 4x HP 304 Druckerpatrone...
[2025-11-10 13:23:53,745] DEBUG: Fetching details: https://www.kleinanzeigen.de/s-anzeige/hp-druckerpatronen-903/3241231609-225-1463
[2025-11-10 13:23:55,120] INFO: Product saved: HP Druckerpatronen 903...
[2025-11-10 13:23:55,123] DEBUG: Fetching details: https://www.kleinanzeigen.de/s-anzeige/hp-druckerpatronen-ovp/3241183539-225-3526
[2025-11-10 13:23:56,535] INFO: Product saved: HP Druckerpatronen OVP...
[2025-11-10 13:23:56,537] DEBUG: Fetching details: https://www.kleinanzeigen.de/s-anzeige/4x-druckerpatronen-hp-953xl-b-m-y-b-nicht-original-/3241172567-225-1542
[2025-11-10 13:23:58,393] INFO: Product saved: 4x Druckerpatronen HP 953XL B/M/Y/B NICHT ORIGINAL...
[2025-11-10 13:23:58,394] DEBUG: Fetching details: https://www.kleinanzeigen.de/s-anzeige/druckerpatronen-schwarz-hp-office-jet/3241168090-225-993
[2025-11-10 13:23:59,803] INFO: Product saved: Druckerpatronen schwarz HP Office Jet...
[2025-11-10 13:23:59,806] DEBUG: Fetching details: https://www.kleinanzeigen.de/s-anzeige/hp-druckerpatronen-303-xl/3241150778-225-20397
[2025-11-10 13:24:01,278] INFO: Product saved: HP Druckerpatronen 303 XL...
[2025-11-10 13:24:01,279] DEBUG: Fetching details: https://www.kleinanzeigen.de/s-anzeige/hp-933-xl-druckerpatronen/3241129061-225-7333
[2025-11-10 13:24:02,705] INFO: Product saved: Hp 933 xl Druckerpatronen...
[2025-11-10 13:24:02,706] DEBUG: Fetching details: https://www.kleinanzeigen.de/s-anzeige/hp-45-black-druckerpatronen-orginal-packung/3241109753-225-1063
[2025-11-10 13:24:04,070] INFO: Product saved: HP 45  Black Druckerpatronen  orginal packung...
[2025-11-10 13:24:04,071] DEBUG: Fetching details: https://www.kleinanzeigen.de/s-anzeige/druckerpatronen-fuer-hp-6422/3241074853-225-5834
[2025-11-10 13:24:05,666] INFO: Product saved: Druckerpatronen für HP 6422...
[2025-11-10 13:24:05,667] DEBUG: Fetching details: https://www.kleinanzeigen.de/s-anzeige/original-hp305xl-druckerpatrone-farbig-neu-versand-moeglich-/3241062693-225-1558
[2025-11-10 13:24:06,855] INFO: Product saved: Original HP305XL Druckerpatrone farbig *Neu* Versa...
[2025-11-10 13:24:06,856] DEBUG: Fetching details: https://www.kleinanzeigen.de/s-anzeige/druckerpatronen-hp-364-schwarz-2-stueck/3241041792-225-7666
[2025-11-10 13:24:08,176] INFO: Product saved: Druckerpatronen HP 364 - schwarz - 2 Stück...
[2025-11-10 13:24:08,176] DEBUG: Fetching details: https://www.kleinanzeigen.de/s-anzeige/druckerpatronen-fuer-hp-diverse/3241026285-225-6445
[2025-11-10 13:24:09,721] INFO: Product saved: Druckerpatronen für HP diverse...
[2025-11-10 13:24:09,723] DEBUG: Fetching details: https://www.kleinanzeigen.de/s-anzeige/hp-301-druckerpatronen-neu-wegen-fehlkauf/3240996329-225-20556
[2025-11-10 13:24:11,101] INFO: Product saved: HP 301 Druckerpatronen  neu wegen Fehlkauf...
[2025-11-10 13:24:11,102] DEBUG: Fetching details: https://www.kleinanzeigen.de/s-anzeige/druckerpatronen-hp-305-neu-s-w-farbe/3240940291-225-3106
[2025-11-10 13:24:12,674] INFO: Product saved: DRUCKERPATRONEN HP 305—NEU—S/W&Farbe...
[2025-11-10 13:24:12,675] DEBUG: Fetching details: https://www.kleinanzeigen.de/s-anzeige/hp-drucker-officejet-8012-3-xl-druckerpatronen/3240830825-225-2657
[2025-11-10 13:24:14,228] INFO: Product saved: HP Drucker Officejet 8012 + 3 XL Druckerpatronen...
[2025-11-10 13:24:14,229] DEBUG: Fetching details: https://www.kleinanzeigen.de/s-anzeige/neu-hp-tinten-druckerpatronen-schwarz/3240808554-225-9241
[2025-11-10 13:24:15,555] INFO: Product saved: NEU HP Tinten Druckerpatronen Schwarz...
[2025-11-10 13:24:15,556] DEBUG: Fetching details: https://www.kleinanzeigen.de/s-anzeige/druckerpatrone-hp-300-schwarz/3240802108-225-2124
[2025-11-10 13:24:16,962] INFO: Product saved: Druckerpatrone HP 300 schwarz...
[2025-11-10 13:24:16,963] DEBUG: Fetching details: https://www.kleinanzeigen.de/s-anzeige/hp-druckerpatrone-304-original-verpackt/3240769663-225-1761
[2025-11-10 13:24:18,852] INFO: Product saved: hp Druckerpatrone 304 original verpackt...
[2025-11-10 13:24:18,855] DEBUG: Fetching details: https://www.kleinanzeigen.de/s-anzeige/hp-903xl-druckerpatronen-schwarz-cyan-magenta-original/3240751312-225-877
[2025-11-10 13:24:22,308] INFO: Product saved: HP 903XL Druckerpatronen Schwarz Cyan Magenta - Or...
[2025-11-10 13:24:22,311] DEBUG: Fetching details: https://www.kleinanzeigen.de/s-anzeige/hp903-xl-druckerpatrone-gelb/3240748156-225-9195
[2025-11-10 13:24:23,745] INFO: Product saved: HP903 XL Druckerpatrone - Gelb...
[2025-11-10 13:24:23,746] DEBUG: Fetching details: https://www.kleinanzeigen.de/s-anzeige/hp903-xl-druckerpatrone-schwarz/3240741763-225-9195
[2025-11-10 13:24:25,445] INFO: Product saved: HP903 XL Druckerpatrone - Schwarz...
[2025-11-10 13:24:25,446] DEBUG: Fetching details: https://www.kleinanzeigen.de/s-anzeige/hp-300-ink-cartridge-combo-2-pack-druckerpatronen/3240734916-225-4526
[2025-11-10 13:24:27,134] INFO: Product saved: HP 300 Ink Cartridge Combo 2 Pack Druckerpatronen...
[2025-11-10 13:24:27,135] DEBUG: Fetching details: https://www.kleinanzeigen.de/s-anzeige/hp-druckerpatronen/3240727106-225-1649
[2025-11-10 13:24:28,536] INFO: Product saved: hp-Druckerpatronen...
[2025-11-10 13:24:28,537] ERROR: Ad parse error: can only concatenate str (not "NoneType") to str
[2025-11-10 13:24:28,538] DEBUG: Fetching details: https://www.kleinanzeigen.de/s-anzeige/neue-originale-hp-951-magenta-druckerpatrone/3240689607-225-7729
[2025-11-10 13:24:30,357] INFO: Product saved: Neue Originale HP 951  Magenta Druckerpatrone...
[2025-11-10 13:24:31,362] DEBUG: Loading page 4: https://www.kleinanzeigen.de/s-seite:4/Druckerpatrone-HP/k0
[2025-11-10 13:24:35,470] DEBUG: Found 25 product in the page: 4
[2025-11-10 13:24:35,474] DEBUG: Fetching details: https://www.kleinanzeigen.de/s-anzeige/hp-druckerpatronen-953-4-pack/3240674938-225-4495
[2025-11-10 13:24:37,399] INFO: Product saved: HP Druckerpatronen 953 / 4-pack...
[2025-11-10 13:24:37,407] DEBUG: Fetching details: https://www.kleinanzeigen.de/s-anzeige/hp-druckerpatronen-10-11-alle-ovp-22-stueck/3240655069-225-2826
[2025-11-10 13:24:40,570] INFO: Product saved: HP Druckerpatronen 10 - 11 alle OVP 22 Stück...
[2025-11-10 13:24:40,574] DEBUG: Fetching details: https://www.kleinanzeigen.de/s-anzeige/druckerpatronen-hp363/3240654642-225-5834
[2025-11-10 13:24:43,251] INFO: Product saved: Druckerpatronen HP363...
[2025-11-10 13:24:43,255] DEBUG: Fetching details: https://www.kleinanzeigen.de/s-anzeige/hp-druckerpatronen-981yc-original-produkte-4er-set-farbe-in-ovp/3240637650-225-4816
[2025-11-10 13:24:44,767] INFO: Product saved: HP Druckerpatronen 981YC Original Produkte 4er-Set...
[2025-11-10 13:24:44,770] DEBUG: Fetching details: https://www.kleinanzeigen.de/s-anzeige/hp-935-druckerpatronen/3240637197-225-6406
[2025-11-10 13:24:47,345] INFO: Product saved: HP 935 Druckerpatronen...
[2025-11-10 13:24:47,347] DEBUG: Fetching details: https://www.kleinanzeigen.de/s-anzeige/druckerpatrone-hp-951-xl-magenta/3240620402-225-6021
[2025-11-10 13:24:48,445] INFO: Product saved: Druckerpatrone HP 951 XL magenta...
[2025-11-10 13:24:48,446] DEBUG: Fetching details: https://www.kleinanzeigen.de/s-anzeige/druckerpatrone-hp-951xl-magenta/3240615823-225-6021
[2025-11-10 13:24:49,474] INFO: Product saved: Druckerpatrone HP 951XL magenta...
[2025-11-10 13:24:49,484] DEBUG: Fetching details: https://www.kleinanzeigen.de/s-anzeige/druckerpatrone-hp-17-a-schwarz/3240607032-225-9509
[2025-11-10 13:24:50,541] INFO: Product saved: Druckerpatrone HP 17 A schwarz...
[2025-11-10 13:24:50,541] DEBUG: Fetching details: https://www.kleinanzeigen.de/s-anzeige/druckerpatronen-hp-officejet-pro-950xl-und-951xl/3240601227-225-6206
[2025-11-10 13:24:51,815] INFO: Product saved: Druckerpatronen HP Officejet Pro - 950XL und 951XL...
[2025-11-10 13:24:51,816] DEBUG: Fetching details: https://www.kleinanzeigen.de/s-anzeige/suche-hp-druckerpatrone-951/3240558518-225-7337
[2025-11-10 13:24:53,671] INFO: Product saved: Suche hp  Druckerpatrone 951...
[2025-11-10 13:24:53,672] DEBUG: Fetching details: https://www.kleinanzeigen.de/s-anzeige/2x-druckerpatronen-black-hp-301-xl/3240522748-225-136
[2025-11-10 13:24:55,092] INFO: Product saved: 2x Druckerpatronen /Black HP 301 XL...
[2025-11-10 13:24:55,095] DEBUG: Fetching details: https://www.kleinanzeigen.de/s-anzeige/druckerpatronen-hp-932-und-932-xl/3240504117-225-8375
[2025-11-10 13:24:58,630] INFO: Product saved: Druckerpatronen  HP 932 und 932 XL...
[2025-11-10 13:24:58,651] DEBUG: Fetching details: https://www.kleinanzeigen.de/s-anzeige/druckerpatrone-hp-302-xl-color/3240482979-225-3122
[2025-11-10 13:25:00,114] INFO: Product saved: Druckerpatrone HP  302 XL Color...
[2025-11-10 13:25:00,116] DEBUG: Fetching details: https://www.kleinanzeigen.de/s-anzeige/hp-druckerpatronen-304-schwarz-farbig/3240470642-225-23691
[2025-11-10 13:25:01,705] INFO: Product saved: HP Druckerpatronen 304 schwarz / farbig...
[2025-11-10 13:25:01,706] DEBUG: Fetching details: https://www.kleinanzeigen.de/s-anzeige/original-hp-903-t6l87ae-druckerpatrone-cyan/3240372659-225-4944
[2025-11-10 13:25:03,172] INFO: Product saved: Original HP 903 / T6L87AE Druckerpatrone Cyan...
[2025-11-10 13:25:03,173] DEBUG: Fetching details: https://www.kleinanzeigen.de/s-anzeige/hp-903-blau-original-druckerpatrone-fuer-hp/3240372356-225-4944
[2025-11-10 13:25:04,428] INFO: Product saved: HP 903 Blau Original Druckerpatrone für HP...
[2025-11-10 13:25:04,429] DEBUG: Fetching details: https://www.kleinanzeigen.de/s-anzeige/hp-druckerpatronen-953-xl/3240332686-225-7962
[2025-11-10 13:25:05,846] INFO: Product saved: HP Druckerpatronen - 953 XL...
[2025-11-10 13:25:05,847] ERROR: Ad parse error: can only concatenate str (not "NoneType") to str
[2025-11-10 13:25:05,848] ERROR: Ad parse error: list index out of range
[2025-11-10 13:25:05,849] ERROR: Ad parse error: can only concatenate str (not "NoneType") to str
[2025-11-10 13:25:05,850] DEBUG: Fetching details: https://www.kleinanzeigen.de/s-anzeige/druckerpatrone-hp-designjet-712-schwarz/3240216373-225-6817
[2025-11-10 13:25:07,288] INFO: Product saved: Druckerpatrone hp DesignJet 712 Schwarz...
[2025-11-10 13:25:07,288] DEBUG: Fetching details: https://www.kleinanzeigen.de/s-anzeige/druckerpatrone-hp364-xl-schwarz-originalverpackt/3240198846-225-5537
[2025-11-10 13:25:09,822] INFO: Product saved: Druckerpatrone HP364 XL schwarz originalverpackt...
[2025-11-10 13:25:09,823] ERROR: Ad parse error: can only concatenate str (not "NoneType") to str
[2025-11-10 13:25:09,823] ERROR: Ad parse error: can only concatenate str (not "NoneType") to str
[2025-11-10 13:25:09,824] DEBUG: Fetching details: https://www.kleinanzeigen.de/s-anzeige/druckerpatrone-original-hp-920xl-schwarz/3240134226-225-528
[2025-11-10 13:25:11,740] INFO: Product saved: Druckerpatrone original HP 920XL schwarz...
[2025-11-10 13:25:12,740] DEBUG: Loading page 5: https://www.kleinanzeigen.de/s-seite:5/Druckerpatrone-HP/k0
[2025-11-10 13:25:14,743] DEBUG: Found 25 product in the page: 5
[2025-11-10 13:25:14,743] DEBUG: Fetching details: https://www.kleinanzeigen.de/s-anzeige/druckerpatronen-neu-original-hp-250dw-270dw-8100-8600-serie/3197112752-225-7814
[2025-11-10 13:25:16,163] INFO: Product saved: Druckerpatronen NEU Original/ HP 250dw270dw8100860...
[2025-11-10 13:25:16,163] DEBUG: Fetching details: https://www.kleinanzeigen.de/s-anzeige/druckerpatronen-patronen-364-xl-set-hp-drucker/3240126303-225-7875
[2025-11-10 13:25:18,455] INFO: Product saved: Druckerpatronen Patronen 364 XL Set HP Drucker...
[2025-11-10 13:25:18,456] DEBUG: Fetching details: https://www.kleinanzeigen.de/s-anzeige/druckerpatronen-hp-933/3240122917-225-5840
[2025-11-10 13:25:19,834] INFO: Product saved: Druckerpatronen HP 933...
[2025-11-10 13:25:19,834] DEBUG: Fetching details: https://www.kleinanzeigen.de/s-anzeige/953xl-953-xl-druckerpatronen-kompatibel-hp/3240110319-225-3157
[2025-11-10 13:25:21,129] INFO: Product saved: 953XL 953 XL Druckerpatronen Kompatibel hp...
[2025-11-10 13:25:21,133] DEBUG: Fetching details: https://www.kleinanzeigen.de/s-anzeige/8-neue-orginal-verpackte-druckerpatronen-hp-62-xl/3240101406-225-3660
[2025-11-10 13:25:23,083] INFO: Product saved: 8 Neue Orginal verpackte Druckerpatronen  HP 62 Xl...
[2025-11-10 13:25:23,083] DEBUG: Fetching details: https://www.kleinanzeigen.de/s-anzeige/hp-druckerpatrone-4-pack-933-932xl-mhd2022/3240094828-225-18758
[2025-11-10 13:25:24,278] INFO: Product saved: Hp Druckerpatrone 4-pack 933/932XL MHD2022...
[2025-11-10 13:25:24,279] DEBUG: Fetching details: https://www.kleinanzeigen.de/s-anzeige/original-hp-druckerpatrone-901-dreifarbig/3240055436-225-16905
[2025-11-10 13:25:25,542] INFO: Product saved: Original HP Druckerpatrone 901 Dreifarbig...
[2025-11-10 13:25:25,543] DEBUG: Fetching details: https://www.kleinanzeigen.de/s-anzeige/druckerpatronen-hp-und-epson/3240053840-225-10590
[2025-11-10 13:25:26,751] INFO: Product saved: Druckerpatronen HP und Epson...
[2025-11-10 13:25:26,752] DEBUG: Fetching details: https://www.kleinanzeigen.de/s-anzeige/hp-druckerpatronen-2er-pack/3239994612-225-855
[2025-11-10 13:25:27,982] INFO: Product saved: HP Druckerpatronen 2er Pack...
[2025-11-10 13:25:27,983] DEBUG: Fetching details: https://www.kleinanzeigen.de/s-anzeige/hp-druckerpatrone-original-verpackt-schwarz/3239976912-225-1854
[2025-11-10 13:25:29,116] INFO: Product saved: HP Druckerpatrone original verpackt schwarz...
[2025-11-10 13:25:29,117] DEBUG: Fetching details: https://www.kleinanzeigen.de/s-anzeige/hp-druckerpatrone-903xl-original-gelb-cyan-magenta/3239945684-225-7570
[2025-11-10 13:25:30,351] INFO: Product saved: HP Druckerpatrone 903XL  Original  Gelb Cyan Magen...
[2025-11-10 13:25:30,352] DEBUG: Fetching details: https://www.kleinanzeigen.de/s-anzeige/druckerpatronen-hp-laserjet/3239940688-225-1034
[2025-11-10 13:25:31,602] INFO: Product saved: Druckerpatronen HP/ Laserjet...
[2025-11-10 13:25:31,603] DEBUG: Fetching details: https://www.kleinanzeigen.de/s-anzeige/druckerpatronen-neu-verpackt-fuer-hp-laserjet/3239937702-225-1034
[2025-11-10 13:25:33,021] INFO: Product saved: Druckerpatronen neu verpackt für HP/Laserjet...
[2025-11-10 13:25:33,021] DEBUG: Fetching details: https://www.kleinanzeigen.de/s-anzeige/druckerpatronen-hp-951/3239930923-225-2632
[2025-11-10 13:25:34,184] INFO: Product saved: Druckerpatronen HP 951...
[2025-11-10 13:25:34,185] DEBUG: Fetching details: https://www.kleinanzeigen.de/s-anzeige/4x-hp-druckerpatronen-410xl/3239928432-225-9559
[2025-11-10 13:25:35,581] INFO: Product saved: 4x HP Druckerpatronen 410XL...
[2025-11-10 13:25:35,582] DEBUG: Fetching details: https://www.kleinanzeigen.de/s-anzeige/hp-304a-schwarz-black-patrone-druckerpatrone/3239897889-225-9103
[2025-11-10 13:25:37,232] INFO: Product saved: HP 304A schwarz black Patrone Druckerpatrone...
[2025-11-10 13:25:37,233] ERROR: Ad parse error: can only concatenate str (not "NoneType") to str
[2025-11-10 13:25:37,233] DEBUG: Fetching details: https://www.kleinanzeigen.de/s-anzeige/hp-62-xl-druckerpatronen-schwarz-und-mehrfarbig-ovp/3239866028-225-20672
[2025-11-10 13:25:38,685] INFO: Product saved: HP 62 XL Druckerpatronen - schwarz und mehrfarbig ...
[2025-11-10 13:25:38,686] DEBUG: Fetching details: https://www.kleinanzeigen.de/s-anzeige/tintenpatronen-druckerpatronen-hp-56-und-57-original-und-leer/3239835653-225-8459
[2025-11-10 13:25:39,709] INFO: Product saved: Tintenpatronen / Druckerpatronen  HP 56 und 57 Ori...
[2025-11-10 13:25:39,710] DEBUG: Fetching details: https://www.kleinanzeigen.de/s-anzeige/druckerpatronen-hp-963-xl/3239803328-225-5834
[2025-11-10 13:25:40,894] INFO: Product saved: Druckerpatronen HP 963 XL...
[2025-11-10 13:25:40,895] DEBUG: Fetching details: https://www.kleinanzeigen.de/s-anzeige/hp-62-xl-multipack-druckerpatronen-original/3239780272-225-8621
[2025-11-10 13:25:42,190] INFO: Product saved: HP 62 XL Multipack Druckerpatronen Original...
[2025-11-10 13:25:42,191] DEBUG: Fetching details: https://www.kleinanzeigen.de/s-anzeige/hp-301-multipack-druckerpatronen/3239756399-225-2829
[2025-11-10 13:25:43,789] INFO: Product saved: HP 301 Multipack Druckerpatronen...
[2025-11-10 13:25:43,790] ERROR: Ad parse error: can only concatenate str (not "NoneType") to str
[2025-11-10 13:25:43,790] DEBUG: Fetching details: https://www.kleinanzeigen.de/s-anzeige/originale-druckerpatronen-hp-950xl-951xl-4-farben/3239744241-225-9233
[2025-11-10 13:25:45,251] INFO: Product saved: Originale Druckerpatronen HP 950XL/951XL 4-Farben...
[2025-11-10 13:25:45,253] DEBUG: Fetching details: https://www.kleinanzeigen.de/s-anzeige/36x-fuer-hp-364-druckerpatronen/3239731871-225-1651
[2025-11-10 13:25:46,487] INFO: Product saved: 36x für HP 364 Druckerpatronen...
[2025-11-10 13:25:47,520] INFO: Processing brand: Epson
[2025-11-10 13:25:47,588] DEBUG: Loading page 1: https://www.kleinanzeigen.de/s-Druckerpatrone-Epson/k0
[2025-11-10 13:25:52,160] DEBUG: Found 26 product in the page: 1
[2025-11-10 13:25:52,161] DEBUG: Fetching details: https://www.kleinanzeigen.de/s-anzeige/druckerpatronen-xl-fuer-epson-workforce-wf-alle-4-farben/3233127978-225-9391
[2025-11-10 13:25:54,102] INFO: Product saved: Druckerpatronen XL für Epson Workforce WF alle 4 F...
[2025-11-10 13:25:54,103] ERROR: Ad parse error: can only concatenate str (not "NoneType") to str
[2025-11-10 13:25:54,103] DEBUG: Fetching details: https://www.kleinanzeigen.de/s-anzeige/epson-druckerpatronen/3242082925-225-17392
[2025-11-10 13:25:56,674] INFO: Product saved: epson druckerpatronen...
[2025-11-10 13:25:56,674] ERROR: Ad parse error: can only concatenate str (not "NoneType") to str
[2025-11-10 13:25:56,675] DEBUG: Fetching details: https://www.kleinanzeigen.de/s-anzeige/epson-druckerpatronen-t1285-t1284/3242025751-225-6192
[2025-11-10 13:25:58,713] INFO: Product saved: Epson Druckerpatronen T1285 T1284...
[2025-11-10 13:25:58,714] DEBUG: Fetching details: https://www.kleinanzeigen.de/s-anzeige/epson-33xl-original-druckerpatrone-2xphoto-schwarz-magenta-gelb/3242002562-225-6799
[2025-11-10 13:26:01,020] INFO: Product saved: Epson 33XL original Druckerpatrone 2xphoto schwarz...
[2025-11-10 13:26:01,021] DEBUG: Fetching details: https://www.kleinanzeigen.de/s-anzeige/-neu-druckerpatronen-epson-104-multipack/3241978574-225-3003
[2025-11-10 13:26:02,587] INFO: Product saved: *Neu* Druckerpatronen Epson 104 Multipack...
[2025-11-10 13:26:02,587] DEBUG: Fetching details: https://www.kleinanzeigen.de/s-anzeige/druckerpatronen-fuer-epson-xp-432/3241976477-225-10594
[2025-11-10 13:26:03,775] INFO: Product saved: Druckerpatronen für Epson XP 432...
[2025-11-10 13:26:03,776] DEBUG: Fetching details: https://www.kleinanzeigen.de/s-anzeige/epson-druckerpatronen/3241957753-225-13766
[2025-11-10 13:26:05,006] INFO: Product saved: Epson - Druckerpatronen...
[2025-11-10 13:26:05,006] DEBUG: Fetching details: https://www.kleinanzeigen.de/s-anzeige/druckerpatronen-fuer-epson-xl129-t1291-workforce-officejet-stylus/3241935890-225-9652
[2025-11-10 13:26:05,983] INFO: Product saved: Druckerpatronen für Epson XL129 T1291 Workforce Of...
[2025-11-10 13:26:05,983] DEBUG: Fetching details: https://www.kleinanzeigen.de/s-anzeige/druckerpatronen-epson/3241933584-225-3144
[2025-11-10 13:26:07,002] INFO: Product saved: Druckerpatronen Epson...
[2025-11-10 13:26:07,003] DEBUG: Fetching details: https://www.kleinanzeigen.de/s-anzeige/druckerpatronen-epson/3241894700-225-23969
[2025-11-10 13:26:08,387] INFO: Product saved: Druckerpatronen Epson...
[2025-11-10 13:26:08,388] DEBUG: Fetching details: https://www.kleinanzeigen.de/s-anzeige/epson-t9443-l-magenta-original-druckerpatrone-c13t944340/2815063252-225-9554
[2025-11-10 13:26:09,981] INFO: Product saved: Epson T9443 L magenta Original Druckerpatrone C13T...
[2025-11-10 13:26:09,982] DEBUG: Fetching details: https://www.kleinanzeigen.de/s-anzeige/druckerpatronen-33xl-multipack-komp-epson-neu-pb-b-y-c-m/3241760375-225-7897
[2025-11-10 13:26:11,381] INFO: Product saved: Druckerpatronen 33XL Multipack Komp. Epson Neu PB ...
[2025-11-10 13:26:11,382] ERROR: Ad parse error: can only concatenate str (not "NoneType") to str
[2025-11-10 13:26:11,383] DEBUG: Fetching details: https://www.kleinanzeigen.de/s-anzeige/druckerpatrone-epson-t7022-t7023-t7024-fuer-wp-serie-neu-ovp/3241594324-225-8176
[2025-11-10 13:26:13,675] INFO: Product saved: Druckerpatrone Epson T7022 T7023 T7024 für WP Seri...
[2025-11-10 13:26:13,686] DEBUG: Fetching details: https://www.kleinanzeigen.de/s-anzeige/druckerpatronen-epson-xl-29-erdbeer-serie/3241591085-225-9269
[2025-11-10 13:26:15,239] INFO: Product saved: Druckerpatronen Epson XL 29 Erdbeer  Serie...
[2025-11-10 13:26:15,242] DEBUG: Fetching details: https://www.kleinanzeigen.de/s-anzeige/druckerpatronen-2991-xl-black-kompatibel-epson-xp-342-u-a-/3241578031-225-7552
[2025-11-10 13:26:17,322] INFO: Product saved: Druckerpatronen 2991 XL black - kompatibel Epson X...
[2025-11-10 13:26:17,323] DEBUG: Fetching details: https://www.kleinanzeigen.de/s-anzeige/5-druckerpatronen-epson-t0711/3241429793-225-22728
[2025-11-10 13:26:18,728] INFO: Product saved: 5 Druckerpatronen Epson T0711...
[2025-11-10 13:26:18,731] ERROR: Ad parse error: can only concatenate str (not "NoneType") to str
[2025-11-10 13:26:18,735] DEBUG: Fetching details: https://www.kleinanzeigen.de/s-anzeige/druckerpatronen-geeignet-fuer-epson-modelle-zu-verkaufen/3241395478-225-981
[2025-11-10 13:26:20,027] INFO: Product saved: Druckerpatronen (geeignet für Epson Modelle) zu ve...
[2025-11-10 13:26:20,028] DEBUG: Fetching details: https://www.kleinanzeigen.de/s-anzeige/epson-t55kd-druckerpatrone-c13t55kd00-violett-ovp/3241329741-225-9477
[2025-11-10 13:26:21,851] INFO: Product saved: Epson T55KD Druckerpatrone (C13T55KD00) Violett OV...
[2025-11-10 13:26:21,852] DEBUG: Fetching details: https://www.kleinanzeigen.de/s-anzeige/epson-druckerpatronen-t711-t714/3241302619-225-1894
[2025-11-10 13:26:23,569] INFO: Product saved: Epson Druckerpatronen T711 T714...
[2025-11-10 13:26:23,570] DEBUG: Fetching details: https://www.kleinanzeigen.de/s-anzeige/epson-druckerpatronen-xl-29-schwarz-blau-gelb-magenta/3241292305-225-1894
[2025-11-10 13:26:24,956] INFO: Product saved: Epson Druckerpatronen XL 29 schwarz blau gelb mage...
[2025-11-10 13:26:24,957] DEBUG: Fetching details: https://www.kleinanzeigen.de/s-anzeige/druckerpatronen-epson-home-xp-familie/3241259349-225-2828
[2025-11-10 13:26:25,941] INFO: Product saved: Druckerpatronen Epson Home XP Familie...
[2025-11-10 13:26:25,941] DEBUG: Fetching details: https://www.kleinanzeigen.de/s-anzeige/epson-druckerpatronen/3241225253-225-1494
[2025-11-10 13:26:27,028] INFO: Product saved: Epson Druckerpatronen...
[2025-11-10 13:26:28,037] DEBUG: Loading page 2: https://www.kleinanzeigen.de/s-seite:2/Druckerpatrone-Epson/k0
[2025-11-10 13:26:29,246] DEBUG: Found 25 product in the page: 2
[2025-11-10 13:26:29,247] DEBUG: Fetching details: https://www.kleinanzeigen.de/s-anzeige/epson-druckerpatronen/3241195317-225-2694
[2025-11-10 13:26:30,502] INFO: Product saved: Epson Druckerpatronen...
[2025-11-10 13:26:30,502] DEBUG: Fetching details: https://www.kleinanzeigen.de/s-anzeige/epson-xp-302-druckerpatronen/3241052815-225-3141
[2025-11-10 13:26:32,664] INFO: Product saved: EPSON XP-302 Druckerpatronen...
[2025-11-10 13:26:32,666] DEBUG: Fetching details: https://www.kleinanzeigen.de/s-anzeige/druckerpatrone-33xl-epson-xp530-540-630-635-640-645/3241050300-225-1904
[2025-11-10 13:26:34,343] INFO: Product saved: Druckerpatrone 33XL Epson xp530/540/630/635/640/64...
[2025-11-10 13:26:34,344] DEBUG: Fetching details: https://www.kleinanzeigen.de/s-anzeige/druckerpatronen-epson-e18xl/3240957160-225-9022
[2025-11-10 13:26:35,850] INFO: Product saved: Druckerpatronen Epson E18XL...
[2025-11-10 13:26:35,851] DEBUG: Fetching details: https://www.kleinanzeigen.de/s-anzeige/druckerpatronen-epson-e18xl/3240957036-225-8773
[2025-11-10 13:26:37,482] INFO: Product saved: Druckerpatronen Epson E18XL...
[2025-11-10 13:26:37,484] DEBUG: Fetching details: https://www.kleinanzeigen.de/s-anzeige/druckerpatronen-epson/3240943195-225-2958
[2025-11-10 13:26:40,153] INFO: Product saved: Druckerpatronen Epson...
[2025-11-10 13:26:40,153] DEBUG: Fetching details: https://www.kleinanzeigen.de/s-anzeige/neue-druckerpatronen-fuer-epson-drucker-wf-3620-und-weitere/3240936290-225-2539
[2025-11-10 13:26:42,626] INFO: Product saved: Neue Druckerpatronen für Epson Drucker WF 3620 und...
[2025-11-10 13:26:42,627] ERROR: Ad parse error: can only concatenate str (not "NoneType") to str
[2025-11-10 13:26:42,627] DEBUG: Fetching details: https://www.kleinanzeigen.de/s-anzeige/original-epson-502-magenta-druckerpatrone-c13t02v34010-/3240840409-225-4308
[2025-11-10 13:26:44,385] INFO: Product saved: Original Epson 502 Magenta Druckerpatrone (C13T02V...
[2025-11-10 13:26:44,386] DEBUG: Fetching details: https://www.kleinanzeigen.de/s-anzeige/druckerpatronen-fuer-epson-xp-drucker/3240811163-225-3439
[2025-11-10 13:26:45,753] INFO: Product saved: Druckerpatronen für Epson xp Drucker...
[2025-11-10 13:26:45,753] DEBUG: Fetching details: https://www.kleinanzeigen.de/s-anzeige/2-epson-druckerpatronen-jeweils-in-bunt-und-schwarzweiss-box/3240807173-225-9298
[2025-11-10 13:26:46,982] INFO: Product saved: 2 × EPSON Druckerpatronen jeweils in Bunt und Schw...
[2025-11-10 13:26:46,983] DEBUG: Fetching details: https://www.kleinanzeigen.de/s-anzeige/druckerpatronen-4-farben-fuer-epson-xp-drucker/3240806291-225-3439
[2025-11-10 13:26:48,107] INFO: Product saved: Druckerpatronen 4 Farben für Epson xp Drucker...
[2025-11-10 13:26:48,109] DEBUG: Fetching details: https://www.kleinanzeigen.de/s-anzeige/druckerpatronen-fuer-ersatz-fuer-epson-t1292-t1293-t1294/3240764935-225-30071
[2025-11-10 13:26:49,695] INFO: Product saved: Druckerpatronen für Ersatz für Epson T1292 T1293 T...
[2025-11-10 13:26:49,695] DEBUG: Fetching details: https://www.kleinanzeigen.de/s-anzeige/druckerpatronen-epson-t129/3240730774-225-4191
[2025-11-10 13:26:51,298] INFO: Product saved: Druckerpatronen Epson T129...
[2025-11-10 13:26:51,299] DEBUG: Fetching details: https://www.kleinanzeigen.de/s-anzeige/druckerpatronen-fuer-epson-e0711-e0712-e0713-e0714/3240700608-225-4934
[2025-11-10 13:26:52,372] INFO: Product saved: Druckerpatronen für Epson E0711 E0712 E0713 E0714...
[2025-11-10 13:26:52,373] DEBUG: Fetching details: https://www.kleinanzeigen.de/s-anzeige/druckerpatronen-epson/3240551579-225-6598
[2025-11-10 13:26:53,637] INFO: Product saved: Druckerpatronen Epson...
[2025-11-10 13:26:53,638] DEBUG: Fetching details: https://www.kleinanzeigen.de/s-anzeige/epson-druckerpatronen-original-magenta-18-und-cyan-18-neu/3240496241-225-27671
[2025-11-10 13:26:55,418] INFO: Product saved: Epson Druckerpatronen original Magenta 18 und Cyan...
[2025-11-10 13:26:55,419] DEBUG: Fetching details: https://www.kleinanzeigen.de/s-anzeige/druckerpatrone-epson-nr-34-black/3240485498-225-966
[2025-11-10 13:26:56,932] INFO: Product saved: Druckerpatrone Epson Nr. 34 black...
[2025-11-10 13:26:56,933] DEBUG: Fetching details: https://www.kleinanzeigen.de/s-anzeige/druckerpatronen-fuer-epson-drucker/3240466087-225-6994
[2025-11-10 13:26:58,417] INFO: Product saved: Druckerpatronen für Epson Drucker...
[2025-11-10 13:26:58,418] DEBUG: Fetching details: https://www.kleinanzeigen.de/s-anzeige/druckerpatrone-schwarz-fuer-epson-stylus/3240342271-225-9245
[2025-11-10 13:26:59,763] INFO: Product saved: Druckerpatrone schwarz für Epson Stylus...
[2025-11-10 13:26:59,764] DEBUG: Fetching details: https://www.kleinanzeigen.de/s-anzeige/epson-druckerpatronen-t9453-t9451-t9454-und-t94542/3240242436-225-615
[2025-11-10 13:27:01,051] INFO: Product saved: Epson Druckerpatronen  T9453 T9451T9454 und T94542...
[2025-11-10 13:27:01,052] DEBUG: Fetching details: https://www.kleinanzeigen.de/s-anzeige/epson-drucker-inkl-6-druckerpatronen/3240138300-225-16396
[2025-11-10 13:27:03,265] INFO: Product saved: Epson Drucker inkl 6 Druckerpatronen...
[2025-11-10 13:27:03,266] DEBUG: Fetching details: https://www.kleinanzeigen.de/s-anzeige/epson-t1295-druckerpatrone-ovp/3240114429-225-30098
[2025-11-10 13:27:04,384] INFO: Product saved: Epson T1295 Druckerpatrone OVP...
[2025-11-10 13:27:04,385] DEBUG: Fetching details: https://www.kleinanzeigen.de/s-anzeige/druckerpatronen-epson/3240065476-225-3632
[2025-11-10 13:27:05,714] INFO: Product saved: Druckerpatronen  Epson...
[2025-11-10 13:27:05,714] DEBUG: Fetching details: https://www.kleinanzeigen.de/s-anzeige/druckerpatronen-hp-und-epson/3240053840-225-10590
[2025-11-10 13:27:06,771] INFO: Product saved: Druckerpatronen HP und Epson...
[2025-11-10 13:27:07,772] DEBUG: Loading page 3: https://www.kleinanzeigen.de/s-seite:3/Druckerpatrone-Epson/k0
[2025-11-10 13:27:09,138] DEBUG: Found 25 product in the page: 3
[2025-11-10 13:27:09,138] DEBUG: Fetching details: https://www.kleinanzeigen.de/s-anzeige/epson-t0714-druckerpatrone-gelb/3240037307-225-8036
[2025-11-10 13:27:10,384] INFO: Product saved: EPSON T0714 Druckerpatrone Gelb...
[2025-11-10 13:27:10,385] ERROR: Ad parse error: can only concatenate str (not "NoneType") to str
[2025-11-10 13:27:10,385] DEBUG: Fetching details: https://www.kleinanzeigen.de/s-anzeige/druckerpatronen-von-epson-603-xl/3240022034-225-8508
[2025-11-10 13:27:12,000] INFO: Product saved: Druckerpatronen von EPSON 603 XL...
[2025-11-10 13:27:12,000] DEBUG: Fetching details: https://www.kleinanzeigen.de/s-anzeige/epson-xp-2205-ein-satz-druckerpatronen/3239908015-225-9670
[2025-11-10 13:27:13,232] INFO: Product saved: Epson XP 2205 + ein Satz Druckerpatronen...
[2025-11-10 13:27:13,233] DEBUG: Fetching details: https://www.kleinanzeigen.de/s-anzeige/druckerpatronen-fuer-epson/3239865425-225-3351
[2025-11-10 13:27:14,897] INFO: Product saved: Druckerpatronen für Epson...
[2025-11-10 13:27:14,898] DEBUG: Fetching details: https://www.kleinanzeigen.de/s-anzeige/2-saetze-epson-druckerpatronen/3239841151-225-760
[2025-11-10 13:27:16,749] INFO: Product saved: 2 Sätze Epson Druckerpatronen...
[2025-11-10 13:27:16,751] DEBUG: Fetching details: https://www.kleinanzeigen.de/s-anzeige/druckerpatronen-fuer-epson-t163-t16xl-blau-gelb-schwarz-je-2-/3239738591-225-8453
[2025-11-10 13:27:17,958] INFO: Product saved: Druckerpatronen für Epson T163 T16XL blau gelb sch...
[2025-11-10 13:27:17,959] DEBUG: Fetching details: https://www.kleinanzeigen.de/s-anzeige/epson-t9661-xxl-schwarz-original-druckerpatrone-c13t966140-neu/3239704094-225-6053
[2025-11-10 13:27:19,564] INFO: Product saved: Epson T9661 XXL schwarz Original Druckerpatrone C1...
[2025-11-10 13:27:19,564] DEBUG: Fetching details: https://www.kleinanzeigen.de/s-anzeige/druckerpatronen-epson/3239678173-225-9185
[2025-11-10 13:27:20,933] INFO: Product saved: Druckerpatronen Epson...
[2025-11-10 13:27:20,934] DEBUG: Fetching details: https://www.kleinanzeigen.de/s-anzeige/epson-druckerpatronen-79xl/3239635623-225-9411
[2025-11-10 13:27:22,072] INFO: Product saved: Epson Druckerpatronen  79XL...
[2025-11-10 13:27:22,073] DEBUG: Fetching details: https://www.kleinanzeigen.de/s-anzeige/druckerpatronen-fuer-epson-drucker/3239573860-225-20252
[2025-11-10 13:27:23,326] INFO: Product saved: Druckerpatronen für Epson Drucker...
[2025-11-10 13:27:23,326] DEBUG: Fetching details: https://www.kleinanzeigen.de/s-anzeige/druckerpatronen-fuer-epson/3239512783-225-3947
[2025-11-10 13:27:24,430] INFO: Product saved: Druckerpatronen für Epson...
[2025-11-10 13:27:24,431] DEBUG: Fetching details: https://www.kleinanzeigen.de/s-anzeige/druckerpatronen-603-xl-epson/3239488331-225-4070
[2025-11-10 13:27:25,760] INFO: Product saved: Druckerpatronen 603 XL Epson...
[2025-11-10 13:27:25,761] DEBUG: Fetching details: https://www.kleinanzeigen.de/s-anzeige/epson-druckerpatronen-multipack-18-yellow-black-magenta/3239455535-225-8411
[2025-11-10 13:27:27,035] INFO: Product saved: Epson - Druckerpatronen Multipack 18 - yellow blac...
[2025-11-10 13:27:27,036] DEBUG: Fetching details: https://www.kleinanzeigen.de/s-anzeige/epson-original-druckerpatrone-schwarz-27xxl-fast-voll-95-/3239415026-225-5632
[2025-11-10 13:27:28,505] INFO: Product saved: Epson Original Druckerpatrone schwarz 27XXL - fast...
[2025-11-10 13:27:28,506] DEBUG: Fetching details: https://www.kleinanzeigen.de/s-anzeige/druckerpatronen-fuer-epson-xp/3239405212-225-291
[2025-11-10 13:27:30,158] INFO: Product saved: Druckerpatronen für Epson XP...
[2025-11-10 13:27:30,158] DEBUG: Fetching details: https://www.kleinanzeigen.de/s-anzeige/epson-druckerpatronen-604xl/3239398567-225-1843
[2025-11-10 13:27:31,068] INFO: Product saved: Epson Druckerpatronen 604xl...
[2025-11-10 13:27:31,069] DEBUG: Fetching details: https://www.kleinanzeigen.de/s-anzeige/druckerpatrone-energy-ink-fuer-epson-603xl-magenta/3239397607-225-1920
[2025-11-10 13:27:36,244] INFO: Product saved: Druckerpatrone Energy-ink für Epson 603XL magenta...
[2025-11-10 13:27:36,249] DEBUG: Fetching details: https://www.kleinanzeigen.de/s-anzeige/epson-xp-520-druckerpatronen-neu-original-verpackt-/3239068436-225-16357
[2025-11-10 13:27:37,968] INFO: Product saved: Epson XP-520 Druckerpatronen neu/ original verpack...
[2025-11-10 13:27:37,969] DEBUG: Fetching details: https://www.kleinanzeigen.de/s-anzeige/druckerpatronen-e33-fuer-epson/3238923130-225-5777
[2025-11-10 13:27:39,166] INFO: Product saved: Druckerpatronen E33 für Epson...
[2025-11-10 13:27:39,167] DEBUG: Fetching details: https://www.kleinanzeigen.de/s-anzeige/epson-druckerpatronen-erdbeere/3238748143-225-6962
[2025-11-10 13:27:40,496] INFO: Product saved: EPSON Druckerpatronen Erdbeere...
[2025-11-10 13:27:40,496] DEBUG: Fetching details: https://www.kleinanzeigen.de/s-anzeige/druckerpatronen-13-stueck-fuer-epson-drucker-wf-3520-dwf-u-a-/3238651161-225-8066
[2025-11-10 13:27:41,807] INFO: Product saved: Druckerpatronen 13 Stück für Epson Drucker WF-3520...
[2025-11-10 13:27:41,808] DEBUG: Fetching details: https://www.kleinanzeigen.de/s-anzeige/druckerpatronen-epson-603/3238641983-225-6936
[2025-11-10 13:27:43,037] INFO: Product saved: Druckerpatronen Epson 603...
[2025-11-10 13:27:43,038] DEBUG: Fetching details: https://www.kleinanzeigen.de/s-anzeige/druckerpatronen-fuer-epson/3238478112-225-2816
[2025-11-10 13:27:44,342] INFO: Product saved: Druckerpatronen für Epson...
[2025-11-10 13:27:44,343] DEBUG: Fetching details: https://www.kleinanzeigen.de/s-anzeige/druckerpatrone-kompatibel-mit-epson-27-black-xl-wecker/3238368238-225-8355
[2025-11-10 13:27:46,075] INFO: Product saved: Druckerpatrone kompatibel mit EPSON 27 Black XL We...
[2025-11-10 13:27:47,075] DEBUG: Loading page 4: https://www.kleinanzeigen.de/s-seite:4/Druckerpatrone-Epson/k0
[2025-11-10 13:27:48,559] DEBUG: Found 25 product in the page: 4
[2025-11-10 13:27:48,559] DEBUG: Fetching details: https://www.kleinanzeigen.de/s-anzeige/druckerpatrone-epson-27-cyan-wecker/3238361972-225-8355
[2025-11-10 13:27:50,761] INFO: Product saved: Druckerpatrone EPSON 27 Cyan Wecker...
[2025-11-10 13:27:50,762] DEBUG: Fetching details: https://www.kleinanzeigen.de/s-anzeige/epson-druckerpatronen-original-fuchs/3238331769-225-9342
[2025-11-10 13:27:52,253] INFO: Product saved: Epson Druckerpatronen original Fuchs...
[2025-11-10 13:27:52,254] DEBUG: Fetching details: https://www.kleinanzeigen.de/s-anzeige/druckerpatronen-modellreihe-epson-to7-bzw-405-/3238327629-225-8746
[2025-11-10 13:27:53,650] INFO: Product saved: Druckerpatronen Modellreihe EPSON TO7 (bzw. 405)...
[2025-11-10 13:27:53,675] ERROR: Ad parse error: can only concatenate str (not "NoneType") to str
[2025-11-10 13:27:53,675] DEBUG: Fetching details: https://www.kleinanzeigen.de/s-anzeige/21-druckerpatronen-fuer-epson-t1281-t1282-t1283-t1284/3238239077-225-5850
[2025-11-10 13:27:55,730] INFO: Product saved: 21 Druckerpatronen für Epson T1281 T1282 T1283 T12...
[2025-11-10 13:27:55,730] DEBUG: Fetching details: https://www.kleinanzeigen.de/s-anzeige/druckerpatrone-epson-t9651-workforcepro-wf-m5298-wf-m5299-wf-m579/3238192995-225-312
[2025-11-10 13:27:57,484] INFO: Product saved: Druckerpatrone Epson T9651 WorkforcePro WF-M5298/W...
[2025-11-10 13:27:57,485] DEBUG: Fetching details: https://www.kleinanzeigen.de/s-anzeige/2-xl-druckerpatronen-gelb-magenta-fuer-epson-workforce-pro-wf3720/3238186841-225-712
[2025-11-10 13:27:58,748] INFO: Product saved: 2 XL Druckerpatronen Gelb+Magenta für Epson WorkFo...
[2025-11-10 13:27:58,749] DEBUG: Fetching details: https://www.kleinanzeigen.de/s-anzeige/druckerpatronen-baugleich-epson-603xl-schwarz-und-farbig/3238121779-225-8913
[2025-11-10 13:28:00,498] INFO: Product saved: Druckerpatronen Baugleich Epson 603XL schwarz und ...
[2025-11-10 13:28:00,499] ERROR: Ad parse error: can only concatenate str (not "NoneType") to str
[2025-11-10 13:28:00,499] ERROR: Ad parse error: can only concatenate str (not "NoneType") to str
[2025-11-10 13:28:00,499] DEBUG: Fetching details: https://www.kleinanzeigen.de/s-anzeige/druckerpatronen-epson/3237821448-225-2741
[2025-11-10 13:28:02,095] INFO: Product saved: Druckerpatronen Epson...
[2025-11-10 13:28:02,096] DEBUG: Fetching details: https://www.kleinanzeigen.de/s-anzeige/3-x-epson-original-druckerpatronen-t0711-h-schwarz/3237809474-225-5750
[2025-11-10 13:28:04,259] INFO: Product saved: 3 x EPSON Original Druckerpatronen - T0711 H - Sch...
[2025-11-10 13:28:04,262] DEBUG: Fetching details: https://www.kleinanzeigen.de/s-anzeige/druckerpatronen-epson-stylus/3237706483-225-9191
[2025-11-10 13:28:05,892] INFO: Product saved: Druckerpatronen EPSON Stylus...
[2025-11-10 13:28:05,894] DEBUG: Fetching details: https://www.kleinanzeigen.de/s-anzeige/druckerpatronen-epson-wf-2630/3237704132-225-1972
[2025-11-10 13:28:07,252] INFO: Product saved: Druckerpatronen Epson WF-2630...
[2025-11-10 13:28:07,252] ERROR: Ad parse error: can only concatenate str (not "NoneType") to str
[2025-11-10 13:28:07,253] ERROR: Ad parse error: list index out of range
[2025-11-10 13:28:07,253] DEBUG: Fetching details: https://www.kleinanzeigen.de/s-anzeige/druckerpatronen-fuer-epson-18-stk-neu/3237624796-225-8080
[2025-11-10 13:28:08,735] INFO: Product saved: Druckerpatronen für Epson 18 STK. neu...
[2025-11-10 13:28:08,736] DEBUG: Fetching details: https://www.kleinanzeigen.de/s-anzeige/druckerpatronen-von-epson-fuer-epson-expression-home-drucker/3237488081-225-9012
[2025-11-10 13:28:10,525] INFO: Product saved: Druckerpatronen von Epson für Epson - Expression H...
[2025-11-10 13:28:10,526] DEBUG: Fetching details: https://www.kleinanzeigen.de/s-anzeige/epson-druckerpatronen-neu/3237444333-225-4630
[2025-11-10 13:28:12,406] INFO: Product saved: Epson Druckerpatronen neu...
[2025-11-10 13:28:12,406] DEBUG: Fetching details: https://www.kleinanzeigen.de/s-anzeige/epson-druckerpatronen-original-und-kompatible/3237287445-225-4293
[2025-11-10 13:28:14,253] INFO: Product saved: Epson Druckerpatronen original und kompatible...
[2025-11-10 13:28:14,259] ERROR: Ad parse error: can only concatenate str (not "NoneType") to str
[2025-11-10 13:28:14,260] DEBUG: Fetching details: https://www.kleinanzeigen.de/s-anzeige/epson-druckerpatronen-toner-79xl-cyan-yellow-magenta/3208946719-225-6888
[2025-11-10 13:28:18,557] INFO: Product saved: Epson Druckerpatronen Toner 79XL Cyan Yellow Magen...
[2025-11-10 13:28:18,578] DEBUG: Fetching details: https://www.kleinanzeigen.de/s-anzeige/epson-29xl-druckerpatrone-schwarz-kompatibel-neu-ovp/3237121574-225-1267
[2025-11-10 13:28:24,984] INFO: Product saved: Epson 29XL Druckerpatrone Schwarz (kompatibel) – N...
[2025-11-10 13:28:24,989] DEBUG: Fetching details: https://www.kleinanzeigen.de/s-anzeige/epson-druckerpatronen/3237066503-225-3547
[2025-11-10 13:28:26,834] INFO: Product saved: Epson Druckerpatronen...
[2025-11-10 13:28:26,840] DEBUG: Fetching details: https://www.kleinanzeigen.de/s-anzeige/epson-drucker-xp215-inklusive-druckerpatronen/3236954378-225-8451
[2025-11-10 13:28:28,457] INFO: Product saved: Epson Drucker XP215 inklusive Druckerpatronen...
[2025-11-10 13:28:29,458] DEBUG: Loading page 5: https://www.kleinanzeigen.de/s-seite:5/Druckerpatrone-Epson/k0
[2025-11-10 13:28:31,570] DEBUG: Found 25 product in the page: 5
[2025-11-10 13:28:31,590] DEBUG: Fetching details: https://www.kleinanzeigen.de/s-anzeige/druckerpatronen-ink-epson/3236780776-225-6203
[2025-11-10 13:28:34,214] INFO: Product saved: Druckerpatronen Ink Epson...
[2025-11-10 13:28:34,220] DEBUG: Fetching details: https://www.kleinanzeigen.de/s-anzeige/druckerpatronen-fuer-epson/3236708263-225-16973
[2025-11-10 13:28:35,876] INFO: Product saved: Druckerpatronen für Epson...
[2025-11-10 13:28:35,881] DEBUG: Fetching details: https://www.kleinanzeigen.de/s-anzeige/druckerpatronen-1631-xl-fuer-epson/3236703789-225-3846
[2025-11-10 13:28:38,269] INFO: Product saved: Druckerpatronen  1631 XL für Epson...
[2025-11-10 13:28:38,272] DEBUG: Fetching details: https://www.kleinanzeigen.de/s-anzeige/druckerpatronen-pf1631-pf1632-pf1634-xl-fuer-epson-wf-2750/3236665098-225-6822
[2025-11-10 13:28:40,377] INFO: Product saved: Druckerpatronen PF1631 PF1632PF1634 XL für Epson W...
[2025-11-10 13:28:40,379] DEBUG: Fetching details: https://www.kleinanzeigen.de/s-anzeige/epson-t9651-xl-schwarz-original-druckerpatrone-c13t965140/3236578139-225-9415
[2025-11-10 13:28:41,918] INFO: Product saved: Epson T9651 XL schwarz Original Druckerpatrone C13...
[2025-11-10 13:28:41,919] DEBUG: Fetching details: https://www.kleinanzeigen.de/s-anzeige/5-top-druckerpatronen-fuer-epson-2-x-t1283-3-x-t1294-von-inkswiss/3236566335-225-1745
[2025-11-10 13:28:43,334] INFO: Product saved: 5 TOP Druckerpatronen für Epson 2 x T1283 3 x T129...
[2025-11-10 13:28:43,335] DEBUG: Fetching details: https://www.kleinanzeigen.de/s-anzeige/epson-drucker-xp-225-gebraucht-ohne-druckerpatrone/3236475111-225-1604
[2025-11-10 13:28:44,984] INFO: Product saved: Epson Drucker XP 225 gebraucht ohne Druckerpatrone...
[2025-11-10 13:28:44,985] DEBUG: Fetching details: https://www.kleinanzeigen.de/s-anzeige/druckerpatronen-xl-tinte-epson-t8651/3236390647-225-8892
[2025-11-10 13:28:46,414] INFO: Product saved: Druckerpatronen XL Tinte Epson T8651...
[2025-11-10 13:28:46,414] DEBUG: Fetching details: https://www.kleinanzeigen.de/s-anzeige/druckerpatrone-35xl-schwarz-fuer-epson-drucker-wf-4740-series/3236377490-225-1716
[2025-11-10 13:28:47,811] INFO: Product saved: Druckerpatrone 35XL schwarz für Epson Drucker WF 4...
[2025-11-10 13:28:47,812] DEBUG: Fetching details: https://www.kleinanzeigen.de/s-anzeige/druckerpatronen-epson-1634-gelb-1631-schwarz/3236324895-225-1071
[2025-11-10 13:28:49,762] INFO: Product saved: Druckerpatronen epson 1634 gelb 1631 schwarz...
[2025-11-10 13:28:49,762] DEBUG: Fetching details: https://www.kleinanzeigen.de/s-anzeige/kompatible-epson-druckerpatronen-29-xl/3236284729-225-3972
[2025-11-10 13:28:52,194] INFO: Product saved: Kompatible Epson Druckerpatronen 29 XL...
[2025-11-10 13:28:52,196] DEBUG: Fetching details: https://www.kleinanzeigen.de/s-anzeige/epson-t8504-gelb-druckerpatrone/3236260255-225-3492
[2025-11-10 13:28:54,491] INFO: Product saved: EPSON T8504 gelb Druckerpatrone...
[2025-11-10 13:28:54,494] ERROR: Ad parse error: can only concatenate str (not "NoneType") to str
[2025-11-10 13:28:54,497] DEBUG: Fetching details: https://www.kleinanzeigen.de/s-anzeige/druckerpatronen-epson-originalverpackt/3236073525-225-19030
[2025-11-10 13:28:56,613] INFO: Product saved: Druckerpatronen Epson originalverpackt...
[2025-11-10 13:28:56,616] DEBUG: Fetching details: https://www.kleinanzeigen.de/s-anzeige/epson-stylus-patronen-7-patronen-neu-druckerpatronen/3236046727-225-3437
[2025-11-10 13:28:59,714] INFO: Product saved: Epson Stylus Patronen 7 Patronen neu Druckerpatron...
[2025-11-10 13:28:59,715] DEBUG: Fetching details: https://www.kleinanzeigen.de/s-anzeige/drucker-druckerpatronen-patronen-603-xl-epson/3236031868-93-12917
[2025-11-10 13:29:01,361] INFO: Product saved: Drucker druckerpatronen patronen 603 xl epson...
[2025-11-10 13:29:01,382] DEBUG: Fetching details: https://www.kleinanzeigen.de/s-anzeige/druckerpatronen-von-epson-8-/3236010767-225-2935
[2025-11-10 13:29:04,134] INFO: Product saved: Druckerpatronen  von EPSON   8 €...
[2025-11-10 13:29:04,135] DEBUG: Fetching details: https://www.kleinanzeigen.de/s-anzeige/druckerpatronen-epson-nachfueller-tank-101-102-103-104/3235994352-225-2937
[2025-11-10 13:29:06,635] INFO: Product saved: Druckerpatronen Epson Nachfüller/Tank 101 102 103 ...
[2025-11-10 13:29:06,637] DEBUG: Fetching details: https://www.kleinanzeigen.de/s-anzeige/epson-29-druckerpatronen/3235937918-225-2118
[2025-11-10 13:29:08,604] INFO: Product saved: Epson 29 Druckerpatronen...
[2025-11-10 13:29:08,606] DEBUG: Fetching details: https://www.kleinanzeigen.de/s-anzeige/13-druckerpatronen-fuer-verschiedene-epson-xp-modelle/3235852780-225-7262
[2025-11-10 13:29:09,862] INFO: Product saved: 13 Druckerpatronen für verschiedene EPSON XP Model...
[2025-11-10 13:29:09,862] DEBUG: Fetching details: https://www.kleinanzeigen.de/s-anzeige/epson-druckerpatronen-2-stueck-original-schwarz-/3235785603-225-7262
[2025-11-10 13:29:11,960] INFO: Product saved: EPSON Druckerpatronen (2 Stückoriginal)  schwarz...
[2025-11-10 13:29:11,964] DEBUG: Fetching details: https://www.kleinanzeigen.de/s-anzeige/epson-druckerpatronen/3235750036-225-6956
[2025-11-10 13:29:16,374] INFO: Product saved: epson Druckerpatronen...
[2025-11-10 13:29:16,378] DEBUG: Fetching details: https://www.kleinanzeigen.de/s-anzeige/druckerpatronen-schwarz-fuer-epson/3235710336-225-984
[2025-11-10 13:29:23,793] INFO: Product saved: Druckerpatronen schwarz für Epson...
[2025-11-10 13:29:23,796] DEBUG: Fetching details: https://www.kleinanzeigen.de/s-anzeige/original-epson-t11d1-druckerpatrone-schwarz/3235707926-225-7912
[2025-11-10 13:29:27,164] INFO: Product saved: Original Epson T11D1 Druckerpatrone Schwarz...
[2025-11-10 13:29:27,166] DEBUG: Fetching details: https://www.kleinanzeigen.de/s-anzeige/druckerpatronen-fuer-epson/3235707140-225-984
[2025-11-10 13:29:30,671] INFO: Product saved: Druckerpatronen für Epson...
[2025-11-10 13:29:32,335] INFO: Scraping complete: 3 products
[2025-11-10 13:29:32,434] INFO: Task completed successfully
