[2025-11-08 22:05:16,165] INFO: Task received by worker
[2025-11-08 22:05:16,166] INFO: Starting task: Kleinanzeigen Product Scraper
[2025-11-08 22:05:16,167] DEBUG: Input data: {
  "searchQuery": "Druckerpatrone",
  "maxPages": 5,
  "brands": [
    {
      "brand": "Canon"
    }
  ]
}
[2025-11-08 22:05:16,176] INFO: Scraping 1 brand(s): Canon
[2025-11-08 22:05:18,472] INFO: Processing brand: Canon
[2025-11-08 22:05:18,678] DEBUG: Loading page 1: https://www.kleinanzeigen.de/s-Druckerpatrone-Canon/k0
[2025-11-08 22:05:23,224] DEBUG: Found 27 product in the page: 1
[2025-11-08 22:05:23,225] DEBUG: Fetching details: <a class="ellipsis" href="/s-anzeige/ankauf-ihrer-leeren-vollen-hp-und-canon-540-541-545-546-560-561-575-576-585-586-510-511-512-513-40-41-37-38-50-51-leere-volle-ueberlagerte-druckerpatronen-tintenpatronen-toner-hp-62-302-303-304-305/1117663714-225-9683">Ankauf Ihrer leeren, vollen HP und Canon 540 541 545 546 560 561 575 576 585 586 510 511 512 513 40 41 37 38 50 51 leere, volle überlagerte Druckerpatronen Tintenpatronen Toner + HP 62 302 303 304 305</a>
[2025-11-08 22:05:28,096] INFO: Product saved: Ankauf Ihrer leeren vollen HP und Canon 540 541 54...
[2025-11-08 22:05:28,097] DEBUG: Fetching details: <a class="ellipsis" href="/s-anzeige/ankauf-ihrer-leeren-canon-und-hp-305-hp-305xl-hp-307xl-hp-304-hp-304xl-hp-303-hp-303xl-hp-302-hp-302xl-hp-301-301xl-62-62xl-300-300xl-901-leere-patronen-volle-ueberlagerte-druckerpatronen-toner/1764977037-225-9683">Ankauf Ihrer leeren Canon und HP 305 HP 305XL HP 307XL HP 304 HP 304XL HP 303 HP 303XL HP 302 HP 302XL HP 301 301XL 62 62XL 300 300XL 901 leere Patronen, volle überlagerte Druckerpatronen Toner</a>
[2025-11-08 22:05:30,646] INFO: Product saved: Ankauf Ihrer leeren Canon und HP 305 HP 305XL HP 3...
[2025-11-08 22:05:30,647] DEBUG: Fetching details: <a class="ellipsis" href="/s-anzeige/canon-druckerpatronen-570-571-incl-canon-ts5055/3240340319-225-922">Canon Druckerpatronen 570/571 incl. Canon TS5055</a>
[2025-11-08 22:05:33,581] INFO: Product saved: Canon Druckerpatronen 570/571 incl. Canon TS5055...
[2025-11-08 22:05:33,582] DEBUG: Fetching details: <a class="ellipsis" href="/s-anzeige/druckerpatronen-fuer-canon-pixma-drucker/3240337721-225-26046">Druckerpatronen für Canon Pixma Drucker</a>
[2025-11-08 22:05:35,751] INFO: Product saved: Druckerpatronen für Canon Pixma Drucker...
[2025-11-08 22:05:35,752] DEBUG: Fetching details: <a class="ellipsis" href="/s-anzeige/2-druckerpatronen-fuer-canon-drucker-pg545xl-cl546xl-/3240335923-225-4571">2 Druckerpatronen für Canon Drucker: PG545XL,CL546XL.</a>
[2025-11-08 22:05:38,161] INFO: Product saved: 2 Druckerpatronen für Canon Drucker: PG545XLCL546X...
[2025-11-08 22:05:38,162] DEBUG: Fetching details: <a class="ellipsis" href="/s-anzeige/druckerpatronen-canon-ts-7450a/3240330396-225-16973">Druckerpatronen Canon TS 7450a</a>
[2025-11-08 22:05:39,531] INFO: Product saved: Druckerpatronen Canon TS 7450a...
[2025-11-08 22:05:39,532] DEBUG: Fetching details: <a class="ellipsis" href="/s-anzeige/28x-druckerpatronen-tintenpartonen-canon-drucker-551-und-550/3240304614-225-4711">28x Druckerpatronen Tintenpartonen Canon  Drucker 551 und 550</a>
[2025-11-08 22:05:41,506] INFO: Product saved: 28x Druckerpatronen Tintenpartonen Canon  Drucker ...
[2025-11-08 22:05:41,507] DEBUG: Fetching details: <a class="ellipsis" href="/s-anzeige/3x-original-canon-cli-551-xl-druckerpatronen-neu-druckertinte/3240302834-225-7924">3x Original Canon CLI 551 (XL) Druckerpatronen  neu, Druckertinte</a>
[2025-11-08 22:05:43,904] INFO: Product saved: 3x Original Canon CLI 551 (XL) Druckerpatronen  ne...
[2025-11-08 22:05:43,905] DEBUG: Fetching details: <a class="ellipsis" href="/s-anzeige/lxtek-druckerpatronen-580-581-multipack-kompatibel-fuer-canon-tr85/3240292302-225-9602">LxTek Druckerpatronen 580 581 Multipack Kompatibel für Canon TR85</a>
[2025-11-08 22:05:45,916] INFO: Product saved: LxTek Druckerpatronen 580 581 Multipack Kompatibel...
[2025-11-08 22:05:45,918] DEBUG: Fetching details: <a class="ellipsis" href="/s-anzeige/druckerpatrone-canon-ts-7450a-pg-560xl-black/3240205781-225-16973">Druckerpatrone Canon TS 7450a PG-560XL black</a>
[2025-11-08 22:05:47,444] INFO: Product saved: Druckerpatrone Canon TS 7450a PG-560XL black...
[2025-11-08 22:05:47,445] DEBUG: Fetching details: <a class="ellipsis" href="/s-anzeige/canon-pixmal-druckerpatronen-neu-blau-rot-schwarz-geld/3240195102-225-2490">Canon Pixmal Druckerpatronen neu blau rot schwarz Geld</a>
[2025-11-08 22:05:49,162] INFO: Product saved: Canon Pixmal Druckerpatronen neu blau rot schwarz ...
[2025-11-08 22:05:49,163] DEBUG: Fetching details: <a class="ellipsis" href="/s-anzeige/canon-pg-575-druckerpatrone/3240195077-225-25295">Canon PG 575 Druckerpatrone</a>
[2025-11-08 22:05:50,686] INFO: Product saved: Canon PG 575 Druckerpatrone...
[2025-11-08 22:05:50,688] DEBUG: Fetching details: <a class="ellipsis" href="/s-anzeige/druckerpatronen-mit-chip-fuer-canon-drucker-kopierer/3240186983-225-4104">Druckerpatronen mit Chip für Canon Drucker  / Kopierer</a>
[2025-11-08 22:05:52,452] INFO: Product saved: Druckerpatronen mit Chip für Canon Drucker  / Kopi...
[2025-11-08 22:05:52,452] DEBUG: Fetching details: <a class="ellipsis" href="/s-anzeige/druckerpatronen-canon/3240186887-225-16366">Druckerpatronen Canon</a>
[2025-11-08 22:05:54,081] INFO: Product saved: Druckerpatronen Canon...
[2025-11-08 22:05:54,083] DEBUG: Fetching details: <a class="ellipsis" href="/s-anzeige/druckerpatronen-fuer-canon-drucker/3240119637-225-5424">Druckerpatronen für Canon Drucker</a>
[2025-11-08 22:05:55,644] INFO: Product saved: Druckerpatronen für Canon Drucker...
[2025-11-08 22:05:55,645] DEBUG: Fetching details: <a class="ellipsis" href="/s-anzeige/druckerpatronen-canon-mg-6150/3240111041-225-8830">Druckerpatronen canon mg 6150</a>
[2025-11-08 22:06:07,165] INFO: Product saved: Druckerpatronen canon mg 6150...
[2025-11-08 22:06:07,166] DEBUG: Fetching details: <a class="ellipsis" href="/s-anzeige/druckerpatronen-canon-mg-6150/3240111039-225-8830">Druckerpatronen canon mg 6150</a>
[2025-11-08 22:06:18,132] INFO: Product saved: Druckerpatronen canon mg 6150...
[2025-11-08 22:06:18,133] DEBUG: Fetching details: <a class="ellipsis" href="/s-anzeige/kompatibel-canon-pgi-570xl-cli-571xl-druckerpatronen-multipack/3240095927-225-9419">Kompatibel Canon PGI-570XL/CLI-571XL Druckerpatronen Multipack</a>
[2025-11-08 22:06:19,499] INFO: Product saved: Kompatibel Canon PGI-570XL/CLI-571XL Druckerpatron...
[2025-11-08 22:06:19,501] DEBUG: Fetching details: <a class="ellipsis" href="/s-anzeige/druckerpatronen-canon-pixma/3240072819-93-8594">Druckerpatronen Canon Pixma</a>
[2025-11-08 22:06:21,393] INFO: Product saved: Druckerpatronen Canon Pixma...
[2025-11-08 22:06:21,394] DEBUG: Fetching details: <span class="ellipsis ref-not-linked" data-url="/s-anzeige/2-originale-druckerpatronen-und-5-kompatible-canon-maxify/3239996186-225-7980">2 originale Druckerpatronen und 5 kompatible Canon Maxify</span>
[2025-11-08 22:06:21,394] ERROR: Ad parse error: 'href'
[2025-11-08 22:06:21,395] DEBUG: Fetching details: <a class="ellipsis" href="/s-anzeige/4-kompatible-druckerpatronen-canon-pixma/3239990973-225-7980">4 kompatible Druckerpatronen Canon Pixma</a>
[2025-11-08 22:06:22,908] INFO: Product saved: 4 kompatible Druckerpatronen Canon Pixma...
[2025-11-08 22:06:22,909] DEBUG: Fetching details: <a class="ellipsis" href="/s-anzeige/druckerpatronen-canon-526/3239980805-225-7527">Druckerpatronen Canon 526</a>
[2025-11-08 22:06:24,369] INFO: Product saved: Druckerpatronen Canon 526...
[2025-11-08 22:06:24,370] DEBUG: Fetching details: <a class="ellipsis" href="/s-anzeige/druckerpatronen-xl-canon/3239936651-225-3460">Druckerpatronen XL Canon</a>
[2025-11-08 22:06:26,013] INFO: Product saved: Druckerpatronen XL Canon...
[2025-11-08 22:06:26,014] DEBUG: Fetching details: <a class="ellipsis" href="/s-anzeige/druckerpatrone-canon-540-black-pg-540/3239901733-225-7422">Druckerpatrone Canon 540 Black - PG-540</a>
[2025-11-08 22:06:27,841] INFO: Product saved: Druckerpatrone Canon 540 Black - PG-540...
[2025-11-08 22:06:27,842] DEBUG: Fetching details: <a class="ellipsis" href="/s-anzeige/atopink-pg540xl-schwarz-druckerpatrone-pg-540-xl-canon/3239898527-225-9358">ATOPINK  PG540XL schwarz, Druckerpatrone PG-540 XL Canon</a>
[2025-11-08 22:06:30,021] INFO: Product saved: ATOPINK  PG540XL schwarz Druckerpatrone PG-540 XL ...
[2025-11-08 22:06:30,022] DEBUG: Fetching details: <a class="ellipsis" href="/s-anzeige/canon-580-581-druckerpatronen-neu/3239841199-225-3199">Canon 580/581 Druckerpatronen neu</a>
[2025-11-08 22:06:32,185] INFO: Product saved: Canon 580/581 Druckerpatronen neu...
[2025-11-08 22:06:32,186] DEBUG: Fetching details: <span class="ellipsis ref-not-linked" data-url="/s-anzeige/canon-druckerpatrone-neu-color-546/3239826608-18-1147">Canon Druckerpatrone neu Color 546</span>
[2025-11-08 22:06:32,187] ERROR: Ad parse error: 'href'
[2025-11-08 22:06:33,187] DEBUG: Loading page 2: https://www.kleinanzeigen.de/s-seite:2/Druckerpatrone-Canon/k0
[2025-11-08 22:06:36,745] DEBUG: Found 25 product in the page: 2
[2025-11-08 22:06:36,747] DEBUG: Fetching details: <a class="ellipsis" href="/s-anzeige/druckerpatronen-canon-kompatibel/3239809319-225-6800">Druckerpatronen Canon kompatibel</a>
[2025-11-08 22:06:42,212] INFO: Product saved: Druckerpatronen Canon kompatibel...
[2025-11-08 22:06:42,213] DEBUG: Fetching details: <a class="ellipsis" href="/s-anzeige/canon-580-581-druckerpatronen-in-farbe-und-in-schwarz/3239768057-225-1007">Canon 580/581 Druckerpatronen in Farbe und in schwarz</a>
[2025-11-08 22:06:44,439] INFO: Product saved: Canon 580/581 Druckerpatronen in Farbe und in schw...
[2025-11-08 22:06:44,441] DEBUG: Fetching details: <a class="ellipsis" href="/s-anzeige/2x-canon-pg-512-druckerpatronen-schwarz/3239751012-225-4255">2x Canon PG-512 Druckerpatronen schwarz</a>
[2025-11-08 22:06:48,846] INFO: Product saved: 2x Canon PG-512 Druckerpatronen schwarz...
[2025-11-08 22:06:48,851] DEBUG: Fetching details: <a class="ellipsis" href="/s-anzeige/druckerpatronen-canon-540xl-541xl-neu-und-originalverpackt/3239730587-225-6080">Druckerpatronen Canon 540XL / 541XL neu und originalverpackt</a>
[2025-11-08 22:06:50,896] INFO: Product saved: Druckerpatronen Canon 540XL / 541XL neu und origin...
[2025-11-08 22:06:50,897] DEBUG: Fetching details: <a class="ellipsis" href="/s-anzeige/canon-540-xl-schwarz-druckerpatronen-tintenpatronen-kompatibel/3239717827-225-9518">Canon 540 XL schwarz Druckerpatronen Tintenpatronen Kompatibel</a>
[2025-11-08 22:06:53,368] INFO: Product saved: Canon 540 XL schwarz Druckerpatronen Tintenpatrone...
[2025-11-08 22:06:53,370] DEBUG: Fetching details: <a class="ellipsis" href="/s-anzeige/canon-pixma-druckerpatronen-525-schwarz-und-526-bunt-/3239715272-225-7981">Canon PIXMA Druckerpatronen 525 (schwarz) und 526 (bunt)</a>
[2025-11-08 22:06:56,025] INFO: Product saved: Canon PIXMA Druckerpatronen 525 (schwarz) und 526 ...
[2025-11-08 22:06:56,026] DEBUG: Fetching details: <a class="ellipsis" href="/s-anzeige/canon-545-xl-546-xl-druckerpatronen-tintenpatronen-kompatibel/3239714827-225-9518">Canon 545 XL 546 XL Druckerpatronen Tintenpatronen Kompatibel</a>
[2025-11-08 22:06:58,475] INFO: Product saved: Canon 545 XL 546 XL Druckerpatronen Tintenpatronen...
[2025-11-08 22:06:58,476] DEBUG: Fetching details: <a class="ellipsis" href="/s-anzeige/druckerpatronen-fuer-canon-11st-/3239713126-225-2074">Druckerpatronen für Canon 11St.</a>
[2025-11-08 22:07:00,215] INFO: Product saved: Druckerpatronen für Canon 11St....
[2025-11-08 22:07:00,216] DEBUG: Fetching details: <a class="ellipsis" href="/s-anzeige/druckerpatronen-fuer-canon/3239708969-225-3810">Druckerpatronen für Canon</a>
[2025-11-08 22:07:02,290] INFO: Product saved: Druckerpatronen für Canon...
[2025-11-08 22:07:02,292] DEBUG: Fetching details: <a class="ellipsis" href="/s-anzeige/druckerpatronen-fuer-canon/3239643467-225-2303">Druckerpatronen für Canon</a>
[2025-11-08 22:07:04,473] INFO: Product saved: Druckerpatronen für Canon...
[2025-11-08 22:07:04,474] DEBUG: Fetching details: <a class="ellipsis" href="/s-anzeige/canon-druckerpatronen-original-verpackt-cli-8m-y-c-5/3239555091-225-1522">Canon Druckerpatronen Original verpackt CLI-8M-Y-C + 5</a>
[2025-11-08 22:07:06,621] INFO: Product saved: Canon Druckerpatronen Original verpackt CLI-8M-Y-C...
[2025-11-08 22:07:06,622] DEBUG: Fetching details: <a class="ellipsis" href="/s-anzeige/d-c-druckerpatronen-fuer-canon-drucker-tintenpatronen/3239539705-225-1889">D&amp;C Druckerpatronen für Canon Drucker Tintenpatronen</a>
[2025-11-08 22:07:08,571] INFO: Product saved: D&C Druckerpatronen für Canon Drucker Tintenpatron...
[2025-11-08 22:07:08,572] DEBUG: Fetching details: <a class="ellipsis" href="/s-anzeige/druckerpatronen-kompatibel-fuer-canon-pixma/3239527902-225-7138">Druckerpatronen Kompatibel für Canon Pixma</a>
[2025-11-08 22:07:10,056] INFO: Product saved: Druckerpatronen Kompatibel für Canon Pixma...
[2025-11-08 22:07:10,057] DEBUG: Fetching details: <a class="ellipsis" href="/s-anzeige/2-stueck-neue-originale-canon-druckerpatronen-571-bk-schwarz-/3239489066-225-3364">2 Stück neue originale Canon Druckerpatronen 571 (BK - schwarz)</a>
[2025-11-08 22:07:12,030] INFO: Product saved: 2 Stück neue originale Canon Druckerpatronen 571 (...
[2025-11-08 22:07:12,031] DEBUG: Fetching details: <span class="ellipsis ref-not-linked" data-url="/s-anzeige/druckerpatronen-canon-pixma-color-41/3239484658-225-19386">Druckerpatronen Canon PIXMA Color 41</span>
[2025-11-08 22:07:12,031] ERROR: Ad parse error: 'href'
[2025-11-08 22:07:12,032] DEBUG: Fetching details: <a class="ellipsis" href="/s-anzeige/druckerpatronen-multipack-canon-pg-40-cl-41-schwarz-farbig-28-ml/3239354325-225-4164">Druckerpatronen MultiPack Canon PG-40+CL-41 schwarz farbig 28 ml</a>
[2025-11-08 22:07:13,695] INFO: Product saved: Druckerpatronen MultiPack Canon PG-40+CL-41 schwar...
[2025-11-08 22:07:13,696] DEBUG: Fetching details: <a class="ellipsis" href="/s-anzeige/10-druckerpatronen-kompatibel-fuer-canon-pixma/3239257562-225-1125">10 Druckerpatronen kompatibel für Canon Pixma</a>
[2025-11-08 22:07:16,079] INFO: Product saved: 10 Druckerpatronen kompatibel für Canon Pixma...
[2025-11-08 22:07:16,081] DEBUG: Fetching details: <a class="ellipsis" href="/s-anzeige/druckerpatronen-fuer-canon-xp-452-455-serie-gegen-eine-kleinigkeit/3239166472-225-5968">Druckerpatronen für Canon XP-452 455 Serie gegen eine Kleinigkeit</a>
[2025-11-08 22:07:18,015] INFO: Product saved: Druckerpatronen für Canon XP-452 455 Serie gegen e...
[2025-11-08 22:07:18,016] DEBUG: Fetching details: <a class="ellipsis" href="/s-anzeige/druckerpatronen-fuer-canon-prixma/3239134166-225-4057">Druckerpatronen für Canon Prixma</a>
[2025-11-08 22:07:19,612] INFO: Product saved: Druckerpatronen für Canon Prixma...
[2025-11-08 22:07:19,616] DEBUG: Fetching details: <a class="ellipsis" href="/s-anzeige/druckerpatronen-canon/3239101899-225-2862">Druckerpatronen, Canon</a>
[2025-11-08 22:07:21,768] INFO: Product saved: Druckerpatronen Canon...
[2025-11-08 22:07:21,769] DEBUG: Fetching details: <a class="ellipsis" href="/s-anzeige/druckerpatronen-canon-mp550/3239086367-225-7328">Druckerpatronen Canon MP550</a>
[2025-11-08 22:07:23,515] INFO: Product saved: Druckerpatronen Canon MP550...
[2025-11-08 22:07:23,516] DEBUG: Fetching details: <a class="ellipsis" href="/s-anzeige/-10-druckerpatronen-571xl-cgi-571-xl-fuer-canon-ts8050-u-a-/3239055184-225-4754">⭐⭐⭐ 10 Druckerpatronen 571XL (CGI-571 XL) für Canon TS8050 u. a.</a>
[2025-11-08 22:07:24,974] INFO: Product saved: ⭐⭐⭐ 10 Druckerpatronen 571XL (CGI-571 XL) für Cano...
[2025-11-08 22:07:24,975] DEBUG: Fetching details: <a class="ellipsis" href="/s-anzeige/canon-druckerpatronen-original-verpackung-/3238998097-225-8255">Canon Druckerpatronen (original Verpackung)</a>
[2025-11-08 22:07:27,273] INFO: Product saved: Canon Druckerpatronen (original Verpackung)...
[2025-11-08 22:07:27,274] DEBUG: Fetching details: <a class="ellipsis" href="/s-anzeige/original-druckerpatronen-canon-mp-280pixma-510-black/3238983702-225-1732">original Druckerpatronen Canon MP 280pixma 510 black</a>
[2025-11-08 22:07:28,948] INFO: Product saved: original Druckerpatronen Canon MP 280pixma 510 bla...
[2025-11-08 22:07:28,949] DEBUG: Fetching details: <a class="ellipsis" href="/s-anzeige/canon-druckerpatronen-pgi-550-cli-551-34-st-ip7250-mg-5400etc/3238965507-225-9212">Canon Druckerpatronen PGI-550/CLI-551 * 34 St. IP7250, MG 5400etc</a>
[2025-11-08 22:07:30,759] INFO: Product saved: Canon Druckerpatronen PGI-550/CLI-551 * 34 St. IP7...
[2025-11-08 22:07:31,759] DEBUG: Loading page 3: https://www.kleinanzeigen.de/s-seite:3/Druckerpatrone-Canon/k0
[2025-11-08 22:07:34,194] DEBUG: Found 25 product in the page: 3
[2025-11-08 22:07:34,195] DEBUG: Fetching details: <a class="ellipsis" href="/s-anzeige/druckerpatronen-canon-pixma/3238957151-225-19404">Druckerpatronen Canon Pixma</a>
[2025-11-08 22:07:37,532] INFO: Product saved: Druckerpatronen Canon Pixma...
[2025-11-08 22:07:37,533] DEBUG: Fetching details: <a class="ellipsis" href="/s-anzeige/5x-druckerpatrone-fuer-canon-komp-mit-pg-525-schwarz/3238956351-225-14101">5x Druckerpatrone für Canon (Komp. mit PG 525) schwarz</a>
[2025-11-08 22:07:39,354] INFO: Product saved: 5x Druckerpatrone für Canon (Komp. mit PG 525) sch...
[2025-11-08 22:07:39,354] DEBUG: Fetching details: <a class="ellipsis" href="/s-anzeige/bubprint-druckerpatronen-fuer-canon-pixma-ip/3238884513-225-4763">Bubprint Druckerpatronen für Canon Pixma IP</a>
[2025-11-08 22:07:41,050] INFO: Product saved: Bubprint Druckerpatronen für Canon Pixma IP...
[2025-11-08 22:07:41,051] DEBUG: Fetching details: <a class="ellipsis" href="/s-anzeige/canon-716-original-druckerpatronen-schwarz-cyan-magenta-gelb/3238825630-225-3258">Canon 716, Original Druckerpatronen schwarz, cyan, magenta, gelb</a>
[2025-11-08 22:07:42,559] INFO: Product saved: Canon 716 Original Druckerpatronen schwarz cyan ma...
[2025-11-08 22:07:42,560] DEBUG: Fetching details: <a class="ellipsis" href="/s-anzeige/druckerpatronen-canon-570-71-kostenl-versand/3238814113-225-15769">Druckerpatronen Canon 570/71, kostenl. Versand</a>
[2025-11-08 22:07:44,683] INFO: Product saved: Druckerpatronen Canon 570/71 kostenl. Versand...
[2025-11-08 22:07:44,684] DEBUG: Fetching details: <a class="ellipsis" href="/s-anzeige/canon-multipack-druckerpatronen-set/3238757741-225-5191">Canon Multipack Druckerpatronen Set</a>
[2025-11-08 22:07:47,480] INFO: Product saved: Canon Multipack Druckerpatronen Set...
[2025-11-08 22:07:47,481] DEBUG: Fetching details: <a class="ellipsis" href="/s-anzeige/26-canon-druckerpatronen-komp-zu-cli-526/3238735403-225-1974">26 Canon Druckerpatronen komp. zu CLI 526</a>
[2025-11-08 22:07:50,136] INFO: Product saved: 26 Canon Druckerpatronen komp. zu CLI 526...
[2025-11-08 22:07:50,140] DEBUG: Fetching details: <span class="ellipsis ref-not-linked" data-url="/s-anzeige/druckerpatrone-canon-pixma/3238718071-225-18650">Druckerpatrone Canon PIXMA</span>
[2025-11-08 22:07:50,145] ERROR: Ad parse error: 'href'
[2025-11-08 22:07:50,148] DEBUG: Fetching details: <a class="ellipsis" href="/s-anzeige/druckerpatronen-fuer-canon-drucker-gem-aufdruck/3238672402-225-922">Druckerpatronen für Canon Drucker gem. Aufdruck</a>
[2025-11-08 22:07:53,177] INFO: Product saved: Druckerpatronen für Canon Drucker gem. Aufdruck...
[2025-11-08 22:07:53,178] DEBUG: Fetching details: <a class="ellipsis" href="/s-anzeige/canon-pixma-druckerpatrone-576-color/3238645730-225-4727">Canon PIXMA Druckerpatrone 576 Color</a>
[2025-11-08 22:07:54,989] INFO: Product saved: Canon PIXMA Druckerpatrone 576 Color...
[2025-11-08 22:07:54,990] DEBUG: Fetching details: <a class="ellipsis" href="/s-anzeige/3-leere-druckerpatronen-canon-hp-/3238612503-225-353">3 Leere Druckerpatronen (Canon, HP)</a>
[2025-11-08 22:07:57,311] INFO: Product saved: 3 Leere Druckerpatronen (Canon HP)...
[2025-11-08 22:07:57,314] DEBUG: Fetching details: <a class="ellipsis" href="/s-anzeige/druckerpatronen-6x-fuer-canon-pixma-ip-mp-mx/3238609304-225-1158">Druckerpatronen 6x für Canon PIXMA, IP, MP, MX</a>
[2025-11-08 22:07:59,420] INFO: Product saved: Druckerpatronen 6x für Canon PIXMA IP MP MX...
[2025-11-08 22:07:59,421] DEBUG: Fetching details: <a class="ellipsis" href="/s-anzeige/druckerpatronen-canon-gelb-schwarz-magenta/3238589905-225-150">Druckerpatronen Canon, gelb, schwarz, magenta</a>
[2025-11-08 22:08:02,170] INFO: Product saved: Druckerpatronen Canon gelb schwarz magenta...
[2025-11-08 22:08:02,171] DEBUG: Fetching details: <span class="ellipsis ref-not-linked" data-url="/s-anzeige/druckerpatronen-canon/3238568394-225-8936">Druckerpatronen Canon</span>
[2025-11-08 22:08:02,172] ERROR: Ad parse error: 'href'
[2025-11-08 22:08:02,174] DEBUG: Fetching details: <a class="ellipsis" href="/s-anzeige/druckerpatronen-canon-c550-551-xl/3238512363-225-1100">Druckerpatronen Canon C550 / 551 XL</a>
[2025-11-08 22:08:04,962] INFO: Product saved: Druckerpatronen Canon C550 / 551 XL...
[2025-11-08 22:08:04,963] DEBUG: Fetching details: <a class="ellipsis" href="/s-anzeige/wegen-druckerwechsel-druckerpatronen-fuer-canon-pixma-ip-mp-mx/3238504383-225-3731">Wegen Druckerwechsel Druckerpatronen für Canon Pixma IP,MP,MX</a>
[2025-11-08 22:08:09,818] INFO: Product saved: Wegen Druckerwechsel Druckerpatronen für Canon Pix...
[2025-11-08 22:08:09,822] DEBUG: Fetching details: <a class="ellipsis" href="/s-anzeige/druckerpatronen-multipack-canon-mx925/3238497617-225-1101">DRUCKERPATRONEN Multipack Canon Mx925</a>
[2025-11-08 22:08:13,393] INFO: Product saved: DRUCKERPATRONEN Multipack Canon Mx925...
[2025-11-08 22:08:13,396] DEBUG: Fetching details: <a class="ellipsis" href="/s-anzeige/kompatible-druckerpatronen-konvolut-550xl-551xl-fuer-canon/3238488603-225-25427">Kompatible Druckerpatronen-Konvolut 550XL/551XL *für Canon</a>
[2025-11-08 22:08:17,114] INFO: Product saved: Kompatible Druckerpatronen-Konvolut 550XL/551XL *f...
[2025-11-08 22:08:17,116] DEBUG: Fetching details: <a class="ellipsis" href="/s-anzeige/pureink-druckerpatrone-canon-pg540xl-cl541xl-multipack/3238473129-225-19904">PureInk Druckerpatrone Canon PG540XL/CL541XL Multipack</a>
[2025-11-08 22:08:22,623] INFO: Product saved: PureInk Druckerpatrone Canon PG540XL/CL541XL Multi...
[2025-11-08 22:08:22,625] DEBUG: Fetching details: <a class="ellipsis" href="/s-anzeige/-druckerpatrone-original-canon-cl-541-xl-neu-/3238464292-225-3811">++ Druckerpatrone original Canon CL-541 XL  / Neu ++</a>
[2025-11-08 22:08:27,910] INFO: Product saved: ++ Druckerpatrone original Canon CL-541 XL  / Neu ...
[2025-11-08 22:08:27,914] DEBUG: Fetching details: <a class="ellipsis" href="/s-anzeige/druckerpatronen-525-und-526-u-a-fuer-canon-pixma/3238463403-225-5589">Druckerpatronen 525 und 526 u.a. für Canon Pixma</a>
[2025-11-08 22:08:31,348] INFO: Product saved: Druckerpatronen 525 und 526 u.a. für Canon Pixma...
[2025-11-08 22:08:31,354] DEBUG: Fetching details: <a class="ellipsis" href="/s-anzeige/3x-original-canon-druckerpatronen/3238449183-225-4719">3x original Canon Druckerpatronen</a>
[2025-11-08 22:08:33,930] INFO: Product saved: 3x original Canon Druckerpatronen...
[2025-11-08 22:08:33,932] DEBUG: Fetching details: <a class="ellipsis" href="/s-anzeige/druckerpatronen-canon-bci-10-schwarz-und-bci-11-farbe-/3238425240-225-1170">Druckerpatronen Canon BCI-10 (schwarz) und BCI-11 (farbe)</a>
[2025-11-08 22:08:38,463] INFO: Product saved: Druckerpatronen Canon BCI-10 (schwarz) und BCI-11 ...
[2025-11-08 22:08:38,465] DEBUG: Fetching details: <a class="ellipsis" href="/s-anzeige/canon-545-546-druckerpatronen/3238402494-225-1020">Canon 545/546 Druckerpatronen</a>
[2025-11-08 22:08:42,411] INFO: Product saved: Canon 545/546 Druckerpatronen...
[2025-11-08 22:08:42,415] DEBUG: Fetching details: <a class="ellipsis" href="/s-anzeige/druckerpatronen-kompatibel-canon/3238377989-225-13234">Druckerpatronen kompatibel Canon</a>
[2025-11-08 22:08:44,751] INFO: Product saved: Druckerpatronen kompatibel Canon...
[2025-11-08 22:08:45,752] DEBUG: Loading page 4: https://www.kleinanzeigen.de/s-seite:4/Druckerpatrone-Canon/k0
[2025-11-08 22:08:47,556] DEBUG: Found 25 product in the page: 4
[2025-11-08 22:08:47,557] DEBUG: Fetching details: <span class="ellipsis ref-not-linked" data-url="/s-anzeige/druckerpatronen-von-canon-neu/3238375617-192-14801">Druckerpatronen von Canon Neu</span>
[2025-11-08 22:08:47,557] ERROR: Ad parse error: 'href'
[2025-11-08 22:08:47,558] DEBUG: Fetching details: <a class="ellipsis" href="/s-anzeige/druckerpatronen-fuer-drucker-von-canon-pixma-5250/3238347854-225-4684">Druckerpatronen für Drucker von Canon PIXMA 5250</a>
[2025-11-08 22:08:49,303] INFO: Product saved: Druckerpatronen für Drucker von Canon PIXMA 5250...
[2025-11-08 22:08:49,305] DEBUG: Fetching details: <a class="ellipsis" href="/s-anzeige/canon-druckerpatronen-pixma-520-521-neu/3238300144-225-1791">Canon Druckerpatronen Pixma  520/521  Neu</a>
[2025-11-08 22:08:51,197] INFO: Product saved: Canon Druckerpatronen Pixma  520/521  Neu...
[2025-11-08 22:08:51,198] DEBUG: Fetching details: <a class="ellipsis" href="/s-anzeige/canon-druckerpatrone-cli-36-chromalife-100-pack-mit-100-blatt/3238283607-225-21142">Canon Druckerpatrone CLI-36 „ChromaLife 100 Pack“ – mit 100 Blatt</a>
[2025-11-08 22:08:52,614] INFO: Product saved: Canon Druckerpatrone CLI-36 „ChromaLife 100 Pack“ ...
[2025-11-08 22:08:52,614] DEBUG: Fetching details: <a class="ellipsis" href="/s-anzeige/canon-druckerpatronen-multipack-blau-magenta-gelb/3238274463-225-8203">Canon Druckerpatronen Multipack blau, magenta, gelb</a>
[2025-11-08 22:08:54,099] INFO: Product saved: Canon Druckerpatronen Multipack blau magenta gelb...
[2025-11-08 22:08:54,099] DEBUG: Fetching details: <a class="ellipsis" href="/s-anzeige/logic-seek-druckerpatronen-fuer-canon-drucker/3238262334-225-2418">Logic- Seek-Druckerpatronen für Canon Drucker</a>
[2025-11-08 22:08:55,817] INFO: Product saved: Logic- Seek-Druckerpatronen für Canon Drucker...
[2025-11-08 22:08:55,819] DEBUG: Fetching details: <a class="ellipsis" href="/s-anzeige/druckerpatronen-kompatibel-canon-pixma-ts8050-u-a-/3238247738-225-20581">Druckerpatronen Kompatibel Canon Pixma TS8050 u. a.</a>
[2025-11-08 22:08:57,590] INFO: Product saved: Druckerpatronen Kompatibel Canon Pixma TS8050 u. a...
[2025-11-08 22:08:57,591] DEBUG: Fetching details: <a class="ellipsis" href="/s-anzeige/canon-pixmar-mx475-unbenutzte-druckerpatrone-schwarz/3238235574-225-5067">Canon Pixmar mx475 + unbenutzte Druckerpatrone schwarz</a>
[2025-11-08 22:08:59,265] INFO: Product saved: Canon Pixmar mx475 + unbenutzte Druckerpatrone sch...
[2025-11-08 22:08:59,267] DEBUG: Fetching details: <a class="ellipsis" href="/s-anzeige/canon-druckerpatronen-581-xl-multipack-mit-fotopapier/3238108083-225-1176">CANON Druckerpatronen 581 XL, Multipack mit Fotopapier</a>
[2025-11-08 22:09:01,818] INFO: Product saved: CANON Druckerpatronen 581 XL Multipack mit Fotopap...
[2025-11-08 22:09:01,819] DEBUG: Fetching details: <a class="ellipsis" href="/s-anzeige/druckerpatronen-cli-521-neu-bk-y-patronen-drucker-canon/3238105211-225-7357">Druckerpatronen CLI 521 Neu BK Y Patronen Drucker Canon</a>
[2025-11-08 22:09:03,313] INFO: Product saved: Druckerpatronen CLI 521 Neu BK Y Patronen Drucker ...
[2025-11-08 22:09:03,313] DEBUG: Fetching details: <a class="ellipsis" href="/s-anzeige/druckerpatronen-fuer-canon/3237956446-225-9353">Druckerpatronen für Canon</a>
[2025-11-08 22:09:05,363] INFO: Product saved: Druckerpatronen für Canon...
[2025-11-08 22:09:05,365] DEBUG: Fetching details: <a class="ellipsis" href="/s-anzeige/canon-druckerpatronen-pg-40-cl-41-mcvp-multipack/3237946140-225-1908">Canon Druckerpatronen PG-40+CL-41 MCVP Multipack</a>
[2025-11-08 22:09:07,157] INFO: Product saved: Canon Druckerpatronen PG-40+CL-41 MCVP Multipack...
[2025-11-08 22:09:07,157] DEBUG: Fetching details: <a class="ellipsis" href="/s-anzeige/druckerpatronen-canon-pixma/3237931733-225-8639">Druckerpatronen Canon Pixma</a>
[2025-11-08 22:09:09,128] INFO: Product saved: Druckerpatronen Canon Pixma...
[2025-11-08 22:09:09,129] DEBUG: Fetching details: <a class="ellipsis" href="/s-anzeige/druckerpatronen-cli-526-pgi-525-canon-pixma-nicht-original/3237925069-225-5919">Druckerpatronen  CLI 526 PGI 525 Canon Pixma nicht original</a>
[2025-11-08 22:09:11,147] INFO: Product saved: Druckerpatronen  CLI 526 PGI 525 Canon Pixma nicht...
[2025-11-08 22:09:11,148] DEBUG: Fetching details: <a class="ellipsis" href="/s-anzeige/druckerpatronen-bubprint-7-stueck-fuer-canon-pgi550-cli551-neu-ovp/3237899858-225-4561">Druckerpatronen Bubprint 7 Stück für Canon PGI550 CLI551 NEU OVP</a>
[2025-11-08 22:09:12,947] INFO: Product saved: Druckerpatronen Bubprint 7 Stück für Canon PGI550 ...
[2025-11-08 22:09:12,948] DEBUG: Fetching details: <a class="ellipsis" href="/s-anzeige/8-x-druckerpatronen-pgi-550-und-cli-551-fuer-canon/3237893921-225-6812">8 x Druckerpatronen PGI-550 und CLI-551  für Canon</a>
[2025-11-08 22:09:15,240] INFO: Product saved: 8 x Druckerpatronen PGI-550 und CLI-551  für Canon...
[2025-11-08 22:09:15,242] DEBUG: Fetching details: <a class="ellipsis" href="/s-anzeige/canon-druckerpatronen/3237867447-225-392">Canon Druckerpatronen</a>
[2025-11-08 22:09:17,315] INFO: Product saved: Canon Druckerpatronen...
[2025-11-08 22:09:17,316] DEBUG: Fetching details: <a class="ellipsis" href="/s-anzeige/29-canon-druckerpatronen/3237862210-225-1091">29 Canon Druckerpatronen</a>
[2025-11-08 22:09:19,500] INFO: Product saved: 29 Canon Druckerpatronen...
[2025-11-08 22:09:19,501] DEBUG: Fetching details: <span class="ellipsis ref-not-linked" data-url="/s-anzeige/druckerpatronen-canon-mg-6850/3237838677-225-2272">druckerpatronen Canon MG  6850</span>
[2025-11-08 22:09:19,501] ERROR: Ad parse error: 'href'
[2025-11-08 22:09:19,502] DEBUG: Fetching details: <a class="ellipsis" href="/s-anzeige/druckerpatronen-fuer-canon-cli-520-521-neuwertig/3237800505-225-6654">Druckerpatronen für Canon CLI 520/521 NEUWERTIG</a>
[2025-11-08 22:09:21,418] INFO: Product saved: Druckerpatronen für Canon CLI 520/521 NEUWERTIG...
[2025-11-08 22:09:21,419] DEBUG: Fetching details: <a class="ellipsis" href="/s-anzeige/canon-druckerpatrone-545-xl-black-und-546-xl-color/3237703974-225-20208">Canon Druckerpatrone 545 XL Black und 546 XL Color</a>
[2025-11-08 22:09:23,203] INFO: Product saved: Canon Druckerpatrone 545 XL Black und 546 XL Color...
[2025-11-08 22:09:23,204] DEBUG: Fetching details: <a class="ellipsis" href="/s-anzeige/neu-druckerpatrone-canon-pg-240-xlbkw/3237671194-225-9462">NEU Druckerpatrone Canon PG-240 XLBKw</a>
[2025-11-08 22:09:25,531] INFO: Product saved: NEU Druckerpatrone Canon PG-240 XLBKw...
[2025-11-08 22:09:25,533] DEBUG: Fetching details: <a class="ellipsis" href="/s-anzeige/druckerpatronen-canon/3237610271-225-5951">Druckerpatronen Canon</a>
[2025-11-08 22:09:27,584] INFO: Product saved: Druckerpatronen Canon...
[2025-11-08 22:09:27,585] DEBUG: Fetching details: <a class="ellipsis" href="/s-anzeige/neu-druckerpatronen-canon-mx-925/3237584385-225-20082">NEU - Druckerpatronen Canon MX 925</a>
[2025-11-08 22:09:30,452] INFO: Product saved: NEU - Druckerpatronen Canon MX 925...
[2025-11-08 22:09:30,456] DEBUG: Fetching details: <a class="ellipsis" href="/s-anzeige/druckerpatronen-multipack-fuer-canon-drucker-z-b-ip4900-neu/3237582419-225-1023">Druckerpatronen Multipack für CANON DRUCKER z.B. iP4900 - NEU</a>
[2025-11-08 22:09:32,168] INFO: Product saved: Druckerpatronen Multipack für CANON DRUCKER z.B. i...
[2025-11-08 22:09:33,169] DEBUG: Loading page 5: https://www.kleinanzeigen.de/s-seite:5/Druckerpatrone-Canon/k0
[2025-11-08 22:09:35,696] DEBUG: Found 25 product in the page: 5
[2025-11-08 22:09:35,697] DEBUG: Fetching details: <a class="ellipsis" href="/s-anzeige/druckerpatrone-von-canon-fuer-canon-pixma-drucker/3237552989-225-9012">Druckerpatrone von Canon für Canon Pixma Drucker</a>
[2025-11-08 22:09:37,723] INFO: Product saved: Druckerpatrone von Canon für Canon Pixma Drucker...
[2025-11-08 22:09:37,724] DEBUG: Fetching details: <a class="ellipsis" href="/s-anzeige/vvqv-canon-pg-540xl-cl-541xl-druckerpatrone-neu-2er-pack/3237552376-225-1824">VVQV Canon PG‑540XL + CL‑541XL Druckerpatrone – NEU – 2er-Pack</a>
[2025-11-08 22:09:39,398] INFO: Product saved: VVQV Canon PG‑540XL + CL‑541XL Druckerpatrone – NE...
[2025-11-08 22:09:39,399] DEBUG: Fetching details: <a class="ellipsis" href="/s-anzeige/canpick-canon-pg-540xl-cl-541xl-druckerpatronen-neu-2er-pack/3237550870-225-1824">CanPick Canon PG‑540XL+CL‑541XL Druckerpatronen – NEU – 2er-Pack</a>
[2025-11-08 22:09:40,938] INFO: Product saved: CanPick Canon PG‑540XL+CL‑541XL Druckerpatronen – ...
[2025-11-08 22:09:40,939] DEBUG: Fetching details: <a class="ellipsis" href="/s-anzeige/druckerpatrone-von-digital-revolution-fuer-canon-pixma-drucker/3237546688-225-9012">Druckerpatrone von Digital Revolution für Canon Pixma Drucker</a>
[2025-11-08 22:09:42,328] INFO: Product saved: Druckerpatrone von Digital Revolution für Canon Pi...
[2025-11-08 22:09:42,329] DEBUG: Fetching details: <a class="ellipsis" href="/s-anzeige/canon-cp-2500xl-druckerpatronen-neu/3237504367-225-7700">Canon CP-2500XL Druckerpatronen NEU</a>
[2025-11-08 22:09:43,891] INFO: Product saved: Canon CP-2500XL Druckerpatronen NEU...
[2025-11-08 22:09:43,891] DEBUG: Fetching details: <a class="ellipsis" href="/s-anzeige/-neu-tintenpatronen-druckerpatronen-canon-550-551/3237499229-225-6147">*neu* Tintenpatronen / Druckerpatronen Canon 550/551</a>
[2025-11-08 22:09:45,620] INFO: Product saved: *neu* Tintenpatronen / Druckerpatronen Canon 550/5...
[2025-11-08 22:09:45,620] DEBUG: Fetching details: <span class="ellipsis ref-not-linked" data-url="/s-anzeige/druckerpatronen-fuer-canon-pixma-5700-series/3237421967-225-8673">Druckerpatronen für Canon Pixma 5700 series</span>
[2025-11-08 22:09:45,621] ERROR: Ad parse error: 'href'
[2025-11-08 22:09:45,621] DEBUG: Fetching details: <a class="ellipsis" href="/s-anzeige/-schnaeppchen-4-drucker-patronen-canon-pixma-551-bzw-550-/3237397792-225-5753">☀ Schnäppchen: 4 Drucker-Patronen Canon Pixma 551 bzw. 550 ☀</a>
[2025-11-08 22:09:47,321] INFO: Product saved: ☀ Schnäppchen: 4 Drucker-Patronen Canon Pixma 551 ...
[2025-11-08 22:09:47,322] DEBUG: Fetching details: <a class="ellipsis" href="/s-anzeige/7-druckerpatronen-fuer-canon-pixma-u-ae-/3237333631-225-9449">7 Druckerpatronen für Canon Pixma u.ä.</a>
[2025-11-08 22:09:49,178] INFO: Product saved: 7 Druckerpatronen für Canon Pixma u.ä....
[2025-11-08 22:09:49,179] DEBUG: Fetching details: <a class="ellipsis" href="/s-anzeige/druckerpatrone-canon-pixma-xl-571-bl-xl-schwarz-neu/3237331255-225-9505">Druckerpatrone Canon PIXMA XL 571 BL XL schwarz, NEU</a>
[2025-11-08 22:09:50,592] INFO: Product saved: Druckerpatrone Canon PIXMA XL 571 BL XL schwarz NE...
[2025-11-08 22:09:50,593] DEBUG: Fetching details: <a class="ellipsis" href="/s-anzeige/druckerpatronen-canon-xl/3237279544-225-3043">Druckerpatronen Canon XL</a>
[2025-11-08 22:09:52,208] INFO: Product saved: Druckerpatronen Canon XL...
[2025-11-08 22:09:52,209] DEBUG: Fetching details: <a class="ellipsis" href="/s-anzeige/druckerpatronen-canon-pixma-mg-und-ts-passend/3237239793-225-20334">Druckerpatronen Canon pixma MG  und TS passend</a>
[2025-11-08 22:09:53,862] INFO: Product saved: Druckerpatronen Canon pixma MG  und TS passend...
[2025-11-08 22:09:53,862] DEBUG: Fetching details: <a class="ellipsis" href="/s-anzeige/verkaufe-druckerpatrone-pg545xl-schwarz-fuer-canon-pixma/3237202865-225-4601">Verkaufe Druckerpatrone PG545XL Schwarz für Canon Pixma</a>
[2025-11-08 22:09:55,592] INFO: Product saved: Verkaufe Druckerpatrone PG545XL Schwarz für Canon ...
[2025-11-08 22:09:55,593] DEBUG: Fetching details: <a class="ellipsis" href="/s-anzeige/canon-druckerpatronen-551-xl-4-st-2-x-sw-originalverpackt/3237206949-225-8892">CANON Druckerpatronen 551 XL (4 St.) + 2 X sw- ORIGINALVERPACKT</a>
[2025-11-08 22:09:57,122] INFO: Product saved: CANON Druckerpatronen 551 XL (4 St.) + 2 X sw- ORI...
[2025-11-08 22:09:57,122] DEBUG: Fetching details: <a class="ellipsis" href="/s-anzeige/54-druckerpatronen-fuer-canon-drucker/3237154630-225-1757">54 Druckerpatronen  für Canon Drucker</a>
[2025-11-08 22:09:58,899] INFO: Product saved: 54 Druckerpatronen  für Canon Drucker...
[2025-11-08 22:09:58,900] DEBUG: Fetching details: <a class="ellipsis" href="/s-anzeige/druckerpatronen-canon-pixma-ip-7200-etc-neu-/3237098342-225-4516">Druckerpatronen Canon Pixma IP 7200 etc., Neu !!!</a>
[2025-11-08 22:10:00,792] INFO: Product saved: Druckerpatronen Canon Pixma IP 7200 etc. Neu !!!...
[2025-11-08 22:10:00,793] DEBUG: Fetching details: <a class="ellipsis" href="/s-anzeige/11-druckerpatronen-fuer-canon-520-521-mp540-mp540x-mp550-etc-/3237083011-225-9269">11 Druckerpatronen für Canon 520 521 MP540 MP540x MP550 etc.</a>
[2025-11-08 22:10:02,788] INFO: Product saved: 11 Druckerpatronen für Canon 520 521 MP540 MP540x ...
[2025-11-08 22:10:02,789] DEBUG: Fetching details: <a class="ellipsis" href="/s-anzeige/druckerpatronen-canon-pixma/3237064952-225-7114">Druckerpatronen Canon PIXMA</a>
[2025-11-08 22:10:04,844] INFO: Product saved: Druckerpatronen Canon PIXMA...
[2025-11-08 22:10:04,846] DEBUG: Fetching details: <a class="ellipsis" href="/s-anzeige/canon-druckerpatrone-bc-20-3mal-schwarz-neu-ovp-np90-/3237059156-225-1718">Canon Druckerpatrone BC-20 3mal schwarz NEU OVP NP90€</a>
[2025-11-08 22:10:06,870] INFO: Product saved: Canon Druckerpatrone BC-20 3mal schwarz NEU OVP NP...
[2025-11-08 22:10:06,871] DEBUG: Fetching details: <a class="ellipsis" href="/s-anzeige/druckerpatronen-fuer-den-drucker-canon-mg-6450/3237040038-225-1986">Druckerpatronen für den Drucker Canon MG 6450</a>
[2025-11-08 22:10:10,117] INFO: Product saved: Druckerpatronen für den Drucker Canon MG 6450...
[2025-11-08 22:10:10,118] DEBUG: Fetching details: <a class="ellipsis" href="/s-anzeige/15er-570-571-druckerpatrone-kompatibel-canon-druck-ink-tank/3237007095-225-9196">15er 570 - 571 Druckerpatrone kompatibel Canon, Druck Ink Tank</a>
[2025-11-08 22:10:11,947] INFO: Product saved: 15er 570 - 571 Druckerpatrone kompatibel Canon Dru...
[2025-11-08 22:10:11,948] DEBUG: Fetching details: <span class="ellipsis ref-not-linked" data-url="/s-anzeige/canon-pixma-druckerpatrone-schwarz/3236961035-225-19654">Canon PIXMA Druckerpatrone, schwarz</span>
[2025-11-08 22:10:11,948] ERROR: Ad parse error: 'href'
[2025-11-08 22:10:11,949] DEBUG: Fetching details: <a class="ellipsis" href="/s-anzeige/druckerpatronen-canon/3236957014-225-877">Druckerpatronen Canon</a>
[2025-11-08 22:10:13,529] INFO: Product saved: Druckerpatronen Canon...
[2025-11-08 22:10:13,530] DEBUG: Fetching details: <a class="ellipsis" href="/s-anzeige/3-druckerpatronen-canon-mp550-schwarz-neu/3236918208-225-18683">3 Druckerpatronen Canon MP550 schwarz neu</a>
[2025-11-08 22:10:15,060] INFO: Product saved: 3 Druckerpatronen Canon MP550 schwarz neu...
[2025-11-08 22:10:15,061] DEBUG: Fetching details: <a class="ellipsis" href="/s-anzeige/druckerpatronen-fuer-canon-ts5000-und-gleiche-modelle/3236812301-225-9042">Druckerpatronen für Canon TS5000 und gleiche Modelle</a>
[2025-11-08 22:10:16,801] INFO: Product saved: Druckerpatronen für Canon TS5000 und gleiche Model...
[2025-11-08 22:10:18,054] INFO: Scraping complete: 118 products
[2025-11-08 22:10:18,078] INFO: Task completed successfully
