[2025-11-10 15:35:21,351] INFO: Task received by worker
[2025-11-10 15:35:21,351] INFO: Starting task: Kleinanzeigen Product Scraper
[2025-11-10 15:35:21,351] DEBUG: Input data: {
  "searchQuery": "Druckerpatrone",
  "brands": [
    {
      "brand": "Canon"
    },
    {
      "brand": "HP"
    },
    {
      "brand": "Epson"
    }
  ],
  "maxPages": 5
}
[2025-11-10 15:35:21,356] INFO: Scraping 3 brand(s): Canon, HP, Epson
[2025-11-10 15:35:22,691] INFO: Processing brand: Canon
[2025-11-10 15:35:22,976] DEBUG: Loading page 1: https://www.kleinanzeigen.de/s-Druckerpatrone-Canon/k0
[2025-11-10 15:35:35,292] DEBUG: Found 27 product in the page: 1
[2025-11-10 15:35:35,293] DEBUG: Fetching details: https://www.kleinanzeigen.de/s-anzeige/ankauf-ihrer-leeren-canon-und-hp-305-hp-305xl-hp-307xl-hp-304-hp-304xl-hp-303-hp-303xl-hp-302-hp-302xl-hp-301-301xl-62-62xl-300-300xl-901-leere-patronen-volle-ueberlagerte-druckerpatronen-toner/1764977037-225-9683
[2025-11-10 15:35:48,425] INFO: Product saved: Ankauf Ihrer leeren Canon und HP 305 HP 305XL HP 3...
[2025-11-10 15:35:48,426] DEBUG: Fetching details: https://www.kleinanzeigen.de/s-anzeige/ankauf-ihrer-leeren-vollen-hp-und-canon-540-541-545-546-560-561-575-576-585-586-510-511-512-513-40-41-37-38-50-51-leere-volle-ueberlagerte-druckerpatronen-tintenpatronen-toner-hp-62-302-303-304-305/1117663714-225-9683
[2025-11-10 15:35:52,021] INFO: Product saved: Ankauf Ihrer leeren vollen HP und Canon 540 541 54...
[2025-11-10 15:35:52,022] DEBUG: Fetching details: https://www.kleinanzeigen.de/s-anzeige/9x-druckerpatronen-in-ovp-kompatibel-zu-canon/3242239227-225-4721
[2025-11-10 15:35:55,591] INFO: Product saved: 9x Druckerpatronen in OVP kompatibel zu CANON...
[2025-11-10 15:35:55,592] DEBUG: Fetching details: https://www.kleinanzeigen.de/s-anzeige/druckerpatronen-set-cli-571-xl-pgi-570xl-fuer-canon-drucker/3242236942-225-5740
[2025-11-10 15:36:01,434] INFO: Product saved: Druckerpatronen Set CLI 571 XL PGI 570XL für Canon...
[2025-11-10 15:36:01,437] DEBUG: Fetching details: https://www.kleinanzeigen.de/s-anzeige/canon-druckerpatronen/3242225656-225-18374
[2025-11-10 15:36:11,143] INFO: Product saved: Canon Druckerpatronen...
[2025-11-10 15:36:11,144] DEBUG: Fetching details: https://www.kleinanzeigen.de/s-anzeige/canon-druckerpatronen/3242218907-225-7729
[2025-11-10 15:36:12,980] INFO: Product saved: CANON Druckerpatronen...
[2025-11-10 15:36:12,981] ERROR: Ad parse error: can only concatenate str (not "NoneType") to str
[2025-11-10 15:36:12,982] DEBUG: Fetching details: https://www.kleinanzeigen.de/s-anzeige/8-druckerpatronen-fuer-canon/3242159298-225-17392
[2025-11-10 15:36:15,442] INFO: Product saved: 8 Druckerpatronen für Canon...
[2025-11-10 15:36:15,443] DEBUG: Fetching details: https://www.kleinanzeigen.de/s-anzeige/pixma-546-und-545-canon-druckerpatronen-set/3242159147-225-9259
[2025-11-10 15:36:17,502] INFO: Product saved: Pixma 546 und 545 Canon Druckerpatronen set...
[2025-11-10 15:36:17,503] DEBUG: Fetching details: https://www.kleinanzeigen.de/s-anzeige/canon-druckerpatronen-typ-571/3242128162-225-7417
[2025-11-10 15:36:47,510] ERROR: Ad parse error: Page.goto: Timeout 30000ms exceeded.
Call log:
  - navigating to "https://www.kleinanzeigen.de/s-anzeige/canon-druckerpatronen-typ-571/3242128162-225-7417", waiting until "load"

[2025-11-10 15:36:47,512] DEBUG: Fetching details: https://www.kleinanzeigen.de/s-anzeige/canon-druckerpatronen-typ-526/3242125674-225-7417
[2025-11-10 15:37:08,028] INFO: Product saved: Canon Druckerpatronen Typ 526...
[2025-11-10 15:37:08,034] DEBUG: Fetching details: https://www.kleinanzeigen.de/s-anzeige/570xl-571xl-kompatibel-fuer-canon-druckerpatronen-patronen-neu/3242108682-225-322
[2025-11-10 15:37:21,147] INFO: Product saved: 570XL 571XL kompatibel für Canon Druckerpatronen P...
[2025-11-10 15:37:21,148] DEBUG: Fetching details: https://www.kleinanzeigen.de/s-anzeige/original-canon-druckerpatronen-cli-571-/3242074073-225-20670
[2025-11-10 15:37:23,403] INFO: Product saved: Original Canon Druckerpatronen CLI-571()...
[2025-11-10 15:37:23,404] DEBUG: Fetching details: https://www.kleinanzeigen.de/s-anzeige/canon-drucker-druckerpatronen-black-yellow-cyan-magenta/3242068649-225-5635
[2025-11-10 15:37:27,999] INFO: Product saved: Canon Drucker Druckerpatronen black yellow Cyan ma...
[2025-11-10 15:37:28,000] DEBUG: Fetching details: https://www.kleinanzeigen.de/s-anzeige/canon-pgi-580-cli-581-druckerpatronen-multipack/3242068046-225-20176
[2025-11-10 15:37:29,372] INFO: Product saved: Canon PGI-580 + CLI-581 Druckerpatronen Multipack...
[2025-11-10 15:37:29,372] DEBUG: Fetching details: https://www.kleinanzeigen.de/s-anzeige/canon-pg40-und-cl41-druckerpatronen-set-pixma-black-color/3242058227-225-963
[2025-11-10 15:37:59,375] ERROR: Ad parse error: Page.goto: Timeout 30000ms exceeded.
Call log:
  - navigating to "https://www.kleinanzeigen.de/s-anzeige/canon-pg40-und-cl41-druckerpatronen-set-pixma-black-color/3242058227-225-963", waiting until "load"

[2025-11-10 15:37:59,377] ERROR: Ad parse error: can only concatenate str (not "NoneType") to str
[2025-11-10 15:37:59,379] DEBUG: Fetching details: https://www.kleinanzeigen.de/s-anzeige/neue-druckerpatronen-canon-ts6151-guenstig-abzugeben/3242041114-225-8783
[2025-11-10 15:38:04,260] INFO: Product saved: Neue Druckerpatronen Canon TS6151 günstig abzugebe...
[2025-11-10 15:38:04,261] DEBUG: Fetching details: https://www.kleinanzeigen.de/s-anzeige/druckerpatrone-canon-pixma-546-color-und-545-black-xl/3242012971-225-8784
[2025-11-10 15:38:08,688] INFO: Product saved: Druckerpatrone Canon Pixma 546 Color und 545 Black...
[2025-11-10 15:38:08,689] DEBUG: Fetching details: https://www.kleinanzeigen.de/s-anzeige/druckerpatronen-fuer-canon/3241975278-225-6814
[2025-11-10 15:38:18,535] INFO: Product saved: Druckerpatronen für Canon...
[2025-11-10 15:38:18,535] DEBUG: Fetching details: https://www.kleinanzeigen.de/s-anzeige/drucker-canon-pixma-ts5050-mit-druckerpatronen-funktioniert-/3241956207-225-991
[2025-11-10 15:38:43,656] INFO: Product saved: Drucker Canon Pixma TS5050 mit Druckerpatronen - f...
[2025-11-10 15:38:43,657] DEBUG: Fetching details: https://www.kleinanzeigen.de/s-anzeige/druckerpatrone-fuer-canon-pixma-5222bb005-pg-540-xl-/3241947783-225-1949
[2025-11-10 15:38:54,102] INFO: Product saved: Druckerpatrone für Canon Pixma (5222BB005 PG 540 X...
[2025-11-10 15:38:54,103] DEBUG: Fetching details: https://www.kleinanzeigen.de/s-anzeige/canon-bci-24-color-druckerpatrone-ink-tank/3241926233-225-6401
[2025-11-10 15:39:01,985] INFO: Product saved: Canon BCI-24 Color Druckerpatrone Ink Tank...
[2025-11-10 15:39:01,986] DEBUG: Fetching details: https://www.kleinanzeigen.de/s-anzeige/druckerpatrone-fuer-canon-schwarz-540xl/3241917284-225-7011
[2025-11-10 15:39:05,927] INFO: Product saved: Druckerpatrone für Canon schwarz 540XL...
[2025-11-10 15:39:05,928] DEBUG: Fetching details: https://www.kleinanzeigen.de/s-anzeige/canon-druckerpatronen-pg550-und-angebr-nachfuellset-fuer-bastler/3241866492-225-1681
[2025-11-10 15:39:08,437] INFO: Product saved: Canon Druckerpatronen PG550 und angebr. Nachfüllse...
[2025-11-10 15:39:08,438] DEBUG: Fetching details: https://www.kleinanzeigen.de/s-anzeige/druckerpatrone-canon-original-cli-571-y-gelb-/3241853639-225-5524
[2025-11-10 15:39:11,242] INFO: Product saved: Druckerpatrone Canon Original CLI - 571 Y (gelb)...
[2025-11-10 15:39:11,243] DEBUG: Fetching details: https://www.kleinanzeigen.de/s-anzeige/druckerpatrone-canon-orig-cli-571-bk-schwarz-/3241851378-225-5524
[2025-11-10 15:39:14,333] INFO: Product saved: Druckerpatrone Canon Orig. CLI - 571 BK (schwarz)...
[2025-11-10 15:39:15,333] DEBUG: Loading page 2: https://www.kleinanzeigen.de/s-seite:2/Druckerpatrone-Canon/k0
[2025-11-10 15:39:19,356] DEBUG: Found 25 product in the page: 2
[2025-11-10 15:39:19,357] DEBUG: Fetching details: https://www.kleinanzeigen.de/s-anzeige/druckerpatronen-575xl-576xl-komp-canon-neu-b-y-m-c/3241762622-225-7897
[2025-11-10 15:39:22,141] INFO: Product saved: Druckerpatronen 575XL / 576XL Komp. Canon Neu B Y ...
[2025-11-10 15:39:22,142] DEBUG: Fetching details: https://www.kleinanzeigen.de/s-anzeige/druckerpatrone-canon-pixma-561-/3241762321-225-1920
[2025-11-10 15:39:24,186] INFO: Product saved: Druckerpatrone Canon Pixma561....
[2025-11-10 15:39:24,187] DEBUG: Fetching details: https://www.kleinanzeigen.de/s-anzeige/ovp-canon-druckerpatronen-xl-pixma-551-550/3241752362-225-9389
[2025-11-10 15:39:27,156] INFO: Product saved: OVP Canon Druckerpatronen XL PIXMA 551/550...
[2025-11-10 15:39:27,159] DEBUG: Fetching details: https://www.kleinanzeigen.de/s-anzeige/17-leere-druckerpatronen-black-hp301-kmp-canon-545-isy/3241693908-225-4293
[2025-11-10 15:39:29,354] INFO: Product saved: 17 leere Druckerpatronen black HP301 KMP Canon 545...
[2025-11-10 15:39:29,356] DEBUG: Fetching details: https://www.kleinanzeigen.de/s-anzeige/3-stueck-original-druckerpatronen-canon-540l/3241693608-225-6734
[2025-11-10 15:39:31,995] INFO: Product saved: 3 Stück Original  Druckerpatronen Canon 540L...
[2025-11-10 15:39:31,996] DEBUG: Fetching details: https://www.kleinanzeigen.de/s-anzeige/canon-druckerpatronen/3241664519-93-18674
[2025-11-10 15:39:34,240] INFO: Product saved: Canon Druckerpatronen...
[2025-11-10 15:39:34,241] DEBUG: Fetching details: https://www.kleinanzeigen.de/s-anzeige/druckerpatronen-canon-pixma-ink-print/3241641521-225-30159
[2025-11-10 15:39:37,336] INFO: Product saved: Druckerpatronen Canon Pixma ink&print...
[2025-11-10 15:39:37,337] DEBUG: Fetching details: https://www.kleinanzeigen.de/s-anzeige/canon-pg-40-cl-41-druckerpatronen-schwarz-color/3241633184-225-6482
[2025-11-10 15:39:40,074] INFO: Product saved: Canon pg-40 cl-41 Druckerpatronen schwarz + Color...
[2025-11-10 15:39:40,075] DEBUG: Fetching details: https://www.kleinanzeigen.de/s-anzeige/druckerpatronen-fuer-canon-pixma-ts5050/3241613049-225-2728
[2025-11-10 15:39:42,733] INFO: Product saved: Druckerpatronen für Canon pixma ts5050...
[2025-11-10 15:39:42,734] DEBUG: Fetching details: https://www.kleinanzeigen.de/s-anzeige/tinten-druckerpatronen-canon-mg-5200-series/3241586195-225-1114
[2025-11-10 15:39:48,295] INFO: Product saved: Tinten Druckerpatronen Canon MG 5200 Series...
[2025-11-10 15:39:48,296] DEBUG: Fetching details: https://www.kleinanzeigen.de/s-anzeige/druckerpatronen-fuer-canon-drucker-pgi-550-cli/3241529913-225-1476
[2025-11-10 15:39:51,619] INFO: Product saved: Druckerpatronen für Canon Drucker PGI- 550-CLI...
[2025-11-10 15:39:51,620] DEBUG: Fetching details: https://www.kleinanzeigen.de/s-anzeige/orginal-canon-cl-546xl-color-tintenpatrone-druckerpatrone/3241514103-225-4682
[2025-11-10 15:39:54,004] INFO: Product saved: Orginal Canon CL-546XL Color Tintenpatrone/ Drucke...
[2025-11-10 15:39:54,004] DEBUG: Fetching details: https://www.kleinanzeigen.de/s-anzeige/druckerpatronen-canon/3241513755-225-1952
[2025-11-10 15:40:01,223] INFO: Product saved: Druckerpatronen Canon...
[2025-11-10 15:40:01,223] DEBUG: Fetching details: https://www.kleinanzeigen.de/s-anzeige/druckerpatronen-canon-pixma/3241500126-225-18523
[2025-11-10 15:40:04,817] INFO: Product saved: Druckerpatronen Canon Pixma...
[2025-11-10 15:40:04,818] DEBUG: Fetching details: https://www.kleinanzeigen.de/s-anzeige/druckerpatrone-canon-521-gy-cli-521gy-/3241498348-225-7620
[2025-11-10 15:40:09,626] INFO: Product saved: Druckerpatrone Canon 521 GY (CLI-521GY)...
[2025-11-10 15:40:09,627] DEBUG: Fetching details: https://www.kleinanzeigen.de/s-anzeige/druckerpatronen-canon-550xl-551xl-47stk-/3241495892-225-1818
[2025-11-10 15:40:12,563] INFO: Product saved: Druckerpatronen Canon 550XL / 551XL - 47Stk....
[2025-11-10 15:40:12,564] DEBUG: Fetching details: https://www.kleinanzeigen.de/s-anzeige/druckerpatronen-fuer-canon-maxify-5100/3241495111-225-989
[2025-11-10 15:40:14,826] INFO: Product saved: Druckerpatronen für Canon Maxify 5100...
[2025-11-10 15:40:14,827] DEBUG: Fetching details: https://www.kleinanzeigen.de/s-anzeige/original-canon-druckerpatronen-cli-581-pgi-580/3241479195-225-9421
[2025-11-10 15:40:19,475] INFO: Product saved: Original Canon Druckerpatronen CLI-581 PGI-580...
[2025-11-10 15:40:19,475] DEBUG: Fetching details: https://www.kleinanzeigen.de/s-anzeige/druckerpatronen-canon-pixma/3241433156-225-16412
[2025-11-10 15:40:23,786] INFO: Product saved: Druckerpatronen Canon Pixma...
[2025-11-10 15:40:23,787] DEBUG: Fetching details: https://www.kleinanzeigen.de/s-anzeige/druckerpatronen-canon-pixma-ip-7200-etc-neu-/3241421641-225-4516
[2025-11-10 15:40:26,038] INFO: Product saved: Druckerpatronen Canon Pixma IP 7200 etc. Neu !!!...
[2025-11-10 15:40:26,039] DEBUG: Fetching details: https://www.kleinanzeigen.de/s-anzeige/kompatibel-canon-druckerpatronen-pgi-520-cli-521/3241418246-225-1227
[2025-11-10 15:40:32,575] INFO: Product saved: Kompatibel Canon Druckerpatronen PGI-520/CLI-521...
[2025-11-10 15:40:32,576] DEBUG: Fetching details: https://www.kleinanzeigen.de/s-anzeige/druckerpatronen-origian-canon-pixma-520-und-521/3241396984-225-7875
[2025-11-10 15:40:37,116] INFO: Product saved: Druckerpatronen Origian Canon Pixma 520 und 521...
[2025-11-10 15:40:37,116] DEBUG: Fetching details: https://www.kleinanzeigen.de/s-anzeige/neu-druckerpatronen-tinte-chip-je-1-kompatibel-canon-mg5150/3241387764-225-734
[2025-11-10 15:40:38,761] INFO: Product saved: Neu Druckerpatronen Tinte Chip je 1-€ * kompatibel...
[2025-11-10 15:40:38,762] DEBUG: Fetching details: https://www.kleinanzeigen.de/s-anzeige/canon-pixma-multipack-druckerpatronen/3241339181-225-7503
[2025-11-10 15:40:40,151] INFO: Product saved: Canon Pixma Multipack Druckerpatronen...
[2025-11-10 15:40:40,152] DEBUG: Fetching details: https://www.kleinanzeigen.de/s-anzeige/druckerpatronen-canon-mb-maxify-mb2150/3241279264-225-612
[2025-11-10 15:40:41,658] INFO: Product saved: Druckerpatronen – Canon MB Maxify MB2150...
[2025-11-10 15:40:42,658] DEBUG: Loading page 3: https://www.kleinanzeigen.de/s-seite:3/Druckerpatrone-Canon/k0
[2025-11-10 15:40:46,100] DEBUG: Found 25 product in the page: 3
[2025-11-10 15:40:46,100] DEBUG: Fetching details: https://www.kleinanzeigen.de/s-anzeige/druckerpatronen-canon-8-bk-schwarz-8-y-gelb-neu/3241278261-225-1688
[2025-11-10 15:40:47,970] INFO: Product saved: Druckerpatronen Canon 8 BK schwarz 8 Y gelb neu...
[2025-11-10 15:40:47,971] DEBUG: Fetching details: https://www.kleinanzeigen.de/s-anzeige/druckerpatronen-canon-570-571/3241266065-225-1345
[2025-11-10 15:40:49,661] INFO: Product saved: Druckerpatronen Canon 570/571...
[2025-11-10 15:40:49,663] DEBUG: Fetching details: https://www.kleinanzeigen.de/s-anzeige/canon-druckerpatronen-prixma-mg5100-neu-kompatibel/3241256975-225-3981
[2025-11-10 15:40:52,036] INFO: Product saved: Canon Druckerpatronen Prixma MG5100 - NEU kompatib...
[2025-11-10 15:40:52,038] DEBUG: Fetching details: https://www.kleinanzeigen.de/s-anzeige/lxtek-canon-580-581-xxl-druckerpatronen-neu-ovp-10er-pack/3241240280-225-1824
[2025-11-10 15:40:57,719] INFO: Product saved: LxTek Canon 580/581 XXL Druckerpatronen – NEU & OV...
[2025-11-10 15:40:57,728] DEBUG: Fetching details: https://www.kleinanzeigen.de/s-anzeige/ovp-edding-druckerpatronen-no-514-5-stueck-fuer-canon-pixma/3241211214-225-5414
[2025-11-10 15:41:05,439] INFO: Product saved: OVP Edding Druckerpatronen No. 514 5 Stück für Can...
[2025-11-10 15:41:05,441] DEBUG: Fetching details: https://www.kleinanzeigen.de/s-anzeige/canon-pixma-tintenpatronen-druckerpatronen-yellow-gelb/3241171193-225-4903
[2025-11-10 15:41:20,072] INFO: Product saved: Canon Pixma Tintenpatronen Druckerpatronen Yellow ...
[2025-11-10 15:41:20,076] DEBUG: Fetching details: https://www.kleinanzeigen.de/s-anzeige/canon-druckerpatronen/3241154403-225-3013
[2025-11-10 15:41:29,177] INFO: Product saved: Canon Druckerpatronen...
[2025-11-10 15:41:29,178] DEBUG: Fetching details: https://www.kleinanzeigen.de/s-anzeige/canon-pixma-druckerpatronen-cli-8m-cli-8y-cli-8c-inkl-7-folien/3241136430-225-3842
[2025-11-10 15:41:34,207] INFO: Product saved: Canon PIXMA Druckerpatronen CLI-8M+CLI-8Y+CLI-8C i...
[2025-11-10 15:41:34,217] DEBUG: Fetching details: https://www.kleinanzeigen.de/s-anzeige/druckerpatronen-canon-550-551/3241118641-225-25159
[2025-11-10 15:41:36,471] INFO: Product saved: Druckerpatronen Canon 550 / 551...
[2025-11-10 15:41:36,472] DEBUG: Fetching details: https://www.kleinanzeigen.de/s-anzeige/neue-canon-pixma-cl-541-color-druckerpatrone-originalverpackt/3241111197-225-9185
[2025-11-10 15:41:38,222] INFO: Product saved: Neue Canon Pixma CL-541 Color Druckerpatrone – Ori...
[2025-11-10 15:41:38,223] DEBUG: Fetching details: https://www.kleinanzeigen.de/s-anzeige/original-canon-pixma-pro-100-s-druckerpatrone-grau/3240953050-225-4904
[2025-11-10 15:41:40,334] INFO: Product saved: Original Canon Pixma Pro 100 S Druckerpatrone Grau...
[2025-11-10 15:41:40,335] DEBUG: Fetching details: https://www.kleinanzeigen.de/s-anzeige/original-canon-pixma-pro-100-s-druckerpatrone-schwarz/3240939421-225-4904
[2025-11-10 15:41:42,001] INFO: Product saved: Original Canon Pixma Pro 100 S Druckerpatrone Schw...
[2025-11-10 15:41:42,002] DEBUG: Fetching details: https://www.kleinanzeigen.de/s-anzeige/canon-druckerpatronen-570-571-von-isy/3240931195-225-1843
[2025-11-10 15:41:43,688] INFO: Product saved: Canon Druckerpatronen 570 + 571 von ISY...
[2025-11-10 15:41:43,688] DEBUG: Fetching details: https://www.kleinanzeigen.de/s-anzeige/canon-drucker-mit-druckerpatronen/3240905510-225-2921
[2025-11-10 15:41:45,943] INFO: Product saved: Canon Drucker mit Druckerpatronen...
[2025-11-10 15:41:45,943] DEBUG: Fetching details: https://www.kleinanzeigen.de/s-anzeige/druckerpatronen-canon/3240895936-225-6986
[2025-11-10 15:41:47,763] INFO: Product saved: Druckerpatronen. Canon...
[2025-11-10 15:41:47,763] DEBUG: Fetching details: https://www.kleinanzeigen.de/s-anzeige/kompatibel-canon-pg-545-cl-546-xl-druckerpatronen-545-546-yuanqim/3212331803-225-794
[2025-11-10 15:41:49,382] INFO: Product saved: KOMPATIBEL CANON PG-545 CL-546 XL Druckerpatronen ...
[2025-11-10 15:41:49,382] ERROR: Ad parse error: can only concatenate str (not "NoneType") to str
[2025-11-10 15:41:49,383] DEBUG: Fetching details: https://www.kleinanzeigen.de/s-anzeige/canon-druckerpatronen-pgi-520bk-cli-521bk-zu-verschenken/3240806186-225-7730
[2025-11-10 15:41:51,270] INFO: Product saved: Canon Druckerpatronen PGI-520BK & CLI-521BK – zu v...
[2025-11-10 15:41:51,271] DEBUG: Fetching details: https://www.kleinanzeigen.de/s-anzeige/canon-druckerpatrone/3240805238-225-3135
[2025-11-10 15:41:55,359] INFO: Product saved: Canon Druckerpatrone...
[2025-11-10 15:41:55,360] DEBUG: Fetching details: https://www.kleinanzeigen.de/s-anzeige/canon-pg-512-cl-513-druckerpatrone-schwarz-und-oder-color/3240803193-225-2113
[2025-11-10 15:41:58,878] INFO: Product saved: Canon PG 512 / CL 513 Druckerpatrone Schwarz und /...
[2025-11-10 15:41:58,879] DEBUG: Fetching details: https://www.kleinanzeigen.de/s-anzeige/druckerpatronen-canon-tr8550-tr7550-tr7650-ts6350-ts705a-ts6300/3240753168-225-9482
[2025-11-10 15:42:00,244] INFO: Product saved: Druckerpatronen Canon TR8550 TR7550 TR7650 TS6350 ...
[2025-11-10 15:42:00,245] DEBUG: Fetching details: https://www.kleinanzeigen.de/s-anzeige/druckerpatronen-fuer-canon-verschiedene-farben/3240738662-225-21142
[2025-11-10 15:42:02,440] INFO: Product saved: Druckerpatronen für Canon verschiedene Farben...
[2025-11-10 15:42:02,442] DEBUG: Fetching details: https://www.kleinanzeigen.de/s-anzeige/druckerpatronen-fuer-canon/3240695236-225-7915
[2025-11-10 15:42:04,476] INFO: Product saved: Druckerpatronen für Canon...
[2025-11-10 15:42:04,478] DEBUG: Fetching details: https://www.kleinanzeigen.de/s-anzeige/kompatibel-canon-pg-540-xl-druckerpatronen-540-yuanqim/3240641087-225-794
[2025-11-10 15:42:05,814] INFO: Product saved: KOMPATIBEL CANON PG-540 XL Druckerpatronen 540 YUA...
[2025-11-10 15:42:05,815] DEBUG: Fetching details: https://www.kleinanzeigen.de/s-anzeige/kompatibel-canon-pg-540-cl-541-xl-druckerpatronen-540-541-yuanqim/3240624767-225-794
[2025-11-10 15:42:07,525] INFO: Product saved: KOMPATIBEL CANON PG-540 CL-541 XL Druckerpatronen ...
[2025-11-10 15:42:08,525] DEBUG: Loading page 4: https://www.kleinanzeigen.de/s-seite:4/Druckerpatrone-Canon/k0
[2025-11-10 15:42:11,577] DEBUG: Found 25 product in the page: 4
[2025-11-10 15:42:11,578] DEBUG: Fetching details: https://www.kleinanzeigen.de/s-anzeige/canon-druckerpatronen/3240603456-225-8432
[2025-11-10 15:42:14,466] INFO: Product saved: Canon Druckerpatronen...
[2025-11-10 15:42:14,467] DEBUG: Fetching details: https://www.kleinanzeigen.de/s-anzeige/druckerpatrone-canon-pixma-8-schwarz-cyan-yellow-neu-in-ovp/3240598352-225-6766
[2025-11-10 15:42:17,396] INFO: Product saved: Druckerpatrone Canon Pixma 8 schwarz cyan yellow n...
[2025-11-10 15:42:17,397] DEBUG: Fetching details: https://www.kleinanzeigen.de/s-anzeige/druckerpatronen-fuer-canon/3240563083-225-1904
[2025-11-10 15:42:22,537] INFO: Product saved: Druckerpatronen für Canon...
[2025-11-10 15:42:22,537] DEBUG: Fetching details: https://www.kleinanzeigen.de/s-anzeige/druckerpatronen-neu-fuer-canon-prixma-ip-7250/3240561724-225-4251
[2025-11-10 15:42:24,032] INFO: Product saved: Druckerpatronen neu für Canon Prixma IP 7250...
[2025-11-10 15:42:24,033] DEBUG: Fetching details: https://www.kleinanzeigen.de/s-anzeige/druckerpatronen-original-canon-fuer-canon-cli-551xl/3240550607-225-19916
[2025-11-10 15:42:26,295] INFO: Product saved: Druckerpatronen original Canon für CANON CLi-551XL...
[2025-11-10 15:42:26,295] ERROR: Ad parse error: can only concatenate str (not "NoneType") to str
[2025-11-10 15:42:26,296] DEBUG: Fetching details: https://www.kleinanzeigen.de/s-anzeige/10x-druckerpatronen-z-b-fuer-canon-c-cli-8-c-pgi-5-cc-8bk/3240457740-225-2700
[2025-11-10 15:42:29,284] INFO: Product saved: 10x Druckerpatronen z.B. für Canon C-CLI-8 C-PGI-5...
[2025-11-10 15:42:29,286] DEBUG: Fetching details: https://www.kleinanzeigen.de/s-anzeige/druckerpatronen-kompatibel-canon-pgi-570-cli-571/3240413191-225-9178
[2025-11-10 15:42:31,526] INFO: Product saved: Druckerpatronen kompatibel Canon PGI-570 CLI-571...
[2025-11-10 15:42:31,527] DEBUG: Fetching details: https://www.kleinanzeigen.de/s-anzeige/druckerpatrone-canon-510/3240396057-225-4816
[2025-11-10 15:42:33,960] INFO: Product saved: Druckerpatrone Canon 510...
[2025-11-10 15:42:33,961] DEBUG: Fetching details: https://www.kleinanzeigen.de/s-anzeige/5x-druckerpatronen-neu-tintenpatronen-toner-f-drucker-canon/3240361746-225-3877
[2025-11-10 15:42:36,043] INFO: Product saved: 5x DRUCKERPATRONEN -NEU- TINTENPATRONEN TONER f.Dr...
[2025-11-10 15:42:36,044] DEBUG: Fetching details: https://www.kleinanzeigen.de/s-anzeige/canon-druckerpatronen-570-571-incl-canon-ts5055/3240340319-225-922
[2025-11-10 15:42:38,146] INFO: Product saved: Canon Druckerpatronen 570/571 incl. Canon TS5055...
[2025-11-10 15:42:38,147] DEBUG: Fetching details: https://www.kleinanzeigen.de/s-anzeige/druckerpatronen-fuer-canon-pixma-drucker/3240337721-225-26046
[2025-11-10 15:42:41,008] INFO: Product saved: Druckerpatronen für Canon Pixma Drucker...
[2025-11-10 15:42:41,009] DEBUG: Fetching details: https://www.kleinanzeigen.de/s-anzeige/druckerpatronen-canon-ts-7450a/3240330396-225-16973
[2025-11-10 15:42:42,501] INFO: Product saved: Druckerpatronen Canon TS 7450a...
[2025-11-10 15:42:42,502] DEBUG: Fetching details: https://www.kleinanzeigen.de/s-anzeige/28x-druckerpatronen-tintenpartonen-canon-drucker-551-und-550/3240304614-225-4711
[2025-11-10 15:42:43,859] INFO: Product saved: 28x Druckerpatronen Tintenpartonen Canon  Drucker ...
[2025-11-10 15:42:43,860] DEBUG: Fetching details: https://www.kleinanzeigen.de/s-anzeige/3x-original-canon-cli-551-xl-druckerpatronen-neu-druckertinte/3240302834-225-7924
[2025-11-10 15:42:45,382] INFO: Product saved: 3x Original Canon CLI 551 (XL) Druckerpatronen  ne...
[2025-11-10 15:42:45,383] DEBUG: Fetching details: https://www.kleinanzeigen.de/s-anzeige/lxtek-druckerpatronen-580-581-multipack-kompatibel-fuer-canon-tr85/3240292302-225-9602
[2025-11-10 15:42:47,965] INFO: Product saved: LxTek Druckerpatronen 580 581 Multipack Kompatibel...
[2025-11-10 15:42:47,965] DEBUG: Fetching details: https://www.kleinanzeigen.de/s-anzeige/druckerpatrone-canon-ts-7450a-pg-560xl-black/3240205781-225-16973
[2025-11-10 15:42:51,035] INFO: Product saved: Druckerpatrone Canon TS 7450a PG-560XL black...
[2025-11-10 15:42:51,036] DEBUG: Fetching details: https://www.kleinanzeigen.de/s-anzeige/canon-pixmal-druckerpatronen-neu-blau-rot-schwarz-geld/3240195102-225-2490
[2025-11-10 15:42:52,272] INFO: Product saved: Canon Pixmal Druckerpatronen neu blau rot schwarz ...
[2025-11-10 15:42:52,274] DEBUG: Fetching details: https://www.kleinanzeigen.de/s-anzeige/canon-pg-575-druckerpatrone/3240195077-225-25295
[2025-11-10 15:42:55,099] INFO: Product saved: Canon PG 575 Druckerpatrone...
[2025-11-10 15:42:55,100] DEBUG: Fetching details: https://www.kleinanzeigen.de/s-anzeige/druckerpatronen-mit-chip-fuer-canon-drucker-kopierer/3240186983-225-4104
[2025-11-10 15:42:59,454] INFO: Product saved: Druckerpatronen mit Chip für Canon Drucker  / Kopi...
[2025-11-10 15:42:59,455] DEBUG: Fetching details: https://www.kleinanzeigen.de/s-anzeige/druckerpatronen-canon/3240186887-225-16366
[2025-11-10 15:43:01,368] INFO: Product saved: Druckerpatronen Canon...
[2025-11-10 15:43:01,369] DEBUG: Fetching details: https://www.kleinanzeigen.de/s-anzeige/druckerpatronen-fuer-canon-drucker/3240119637-225-5424
[2025-11-10 15:43:03,813] INFO: Product saved: Druckerpatronen für Canon Drucker...
[2025-11-10 15:43:03,814] DEBUG: Fetching details: https://www.kleinanzeigen.de/s-anzeige/druckerpatronen-canon-mg-6150/3240111041-225-8830
[2025-11-10 15:43:17,010] INFO: Product saved: Druckerpatronen canon mg 6150...
[2025-11-10 15:43:17,011] DEBUG: Fetching details: https://www.kleinanzeigen.de/s-anzeige/druckerpatronen-canon-mg-6150/3240111039-225-8830
[2025-11-10 15:43:31,599] INFO: Product saved: Druckerpatronen canon mg 6150...
[2025-11-10 15:43:31,600] DEBUG: Fetching details: https://www.kleinanzeigen.de/s-anzeige/kompatibel-canon-pgi-570xl-cli-571xl-druckerpatronen-multipack/3240095927-225-9419
[2025-11-10 15:43:36,587] INFO: Product saved: Kompatibel Canon PGI-570XL/CLI-571XL Druckerpatron...
[2025-11-10 15:43:37,588] DEBUG: Loading page 5: https://www.kleinanzeigen.de/s-seite:5/Druckerpatrone-Canon/k0
[2025-11-10 15:43:41,077] DEBUG: Found 25 product in the page: 5
[2025-11-10 15:43:41,078] DEBUG: Fetching details: https://www.kleinanzeigen.de/s-anzeige/druckerpatronen-canon-pixma/3240072819-93-8594
[2025-11-10 15:43:46,676] INFO: Product saved: Druckerpatronen Canon Pixma...
[2025-11-10 15:43:46,677] ERROR: Ad parse error: can only concatenate str (not "NoneType") to str
[2025-11-10 15:43:46,678] DEBUG: Fetching details: https://www.kleinanzeigen.de/s-anzeige/4-kompatible-druckerpatronen-canon-pixma/3239990973-225-7980
[2025-11-10 15:43:49,496] INFO: Product saved: 4 kompatible Druckerpatronen Canon Pixma...
[2025-11-10 15:43:49,497] DEBUG: Fetching details: https://www.kleinanzeigen.de/s-anzeige/druckerpatronen-canon-526/3239980805-225-7527
[2025-11-10 15:43:52,671] INFO: Product saved: Druckerpatronen Canon 526...
[2025-11-10 15:43:52,672] DEBUG: Fetching details: https://www.kleinanzeigen.de/s-anzeige/druckerpatronen-xl-canon/3239936651-225-3460
[2025-11-10 15:43:56,106] INFO: Product saved: Druckerpatronen XL Canon...
[2025-11-10 15:43:56,106] DEBUG: Fetching details: https://www.kleinanzeigen.de/s-anzeige/atopink-pg540xl-schwarz-druckerpatrone-pg-540-xl-canon/3239898527-225-9358
[2025-11-10 15:43:59,189] INFO: Product saved: ATOPINK  PG540XL schwarz Druckerpatrone PG-540 XL ...
[2025-11-10 15:43:59,190] DEBUG: Fetching details: https://www.kleinanzeigen.de/s-anzeige/canon-580-581-druckerpatronen-neu/3239841199-225-3199
[2025-11-10 15:44:02,040] INFO: Product saved: Canon 580/581 Druckerpatronen neu...
[2025-11-10 15:44:02,041] ERROR: Ad parse error: can only concatenate str (not "NoneType") to str
[2025-11-10 15:44:02,042] DEBUG: Fetching details: https://www.kleinanzeigen.de/s-anzeige/druckerpatronen-canon-kompatibel/3239809319-225-6800
[2025-11-10 15:44:04,640] INFO: Product saved: Druckerpatronen Canon kompatibel...
[2025-11-10 15:44:04,640] DEBUG: Fetching details: https://www.kleinanzeigen.de/s-anzeige/canon-580-581-druckerpatronen-in-farbe-und-in-schwarz/3239768057-225-1007
[2025-11-10 15:44:08,706] INFO: Product saved: Canon 580/581 Druckerpatronen in Farbe und in schw...
[2025-11-10 15:44:08,707] DEBUG: Fetching details: https://www.kleinanzeigen.de/s-anzeige/2x-canon-pg-512-druckerpatronen-schwarz/3239751012-225-4255
[2025-11-10 15:44:12,883] INFO: Product saved: 2x Canon PG-512 Druckerpatronen schwarz...
[2025-11-10 15:44:12,884] ERROR: Ad parse error: can only concatenate str (not "NoneType") to str
[2025-11-10 15:44:12,884] DEBUG: Fetching details: https://www.kleinanzeigen.de/s-anzeige/druckerpatronen-canon-540xl-541xl-neu-und-originalverpackt/3239730587-225-6080
[2025-11-10 15:44:20,075] INFO: Product saved: Druckerpatronen Canon 540XL / 541XL neu und origin...
[2025-11-10 15:44:20,075] DEBUG: Fetching details: https://www.kleinanzeigen.de/s-anzeige/canon-540-xl-schwarz-druckerpatronen-tintenpatronen-kompatibel/3239717827-225-9518
[2025-11-10 15:44:26,452] INFO: Product saved: Canon 540 XL schwarz Druckerpatronen Tintenpatrone...
[2025-11-10 15:44:26,452] DEBUG: Fetching details: https://www.kleinanzeigen.de/s-anzeige/canon-pixma-druckerpatronen-525-schwarz-und-526-bunt-/3239715272-225-7981
[2025-11-10 15:44:29,539] INFO: Product saved: Canon PIXMA Druckerpatronen 525 (schwarz) und 526 ...
[2025-11-10 15:44:29,540] DEBUG: Fetching details: https://www.kleinanzeigen.de/s-anzeige/canon-545-xl-546-xl-druckerpatronen-tintenpatronen-kompatibel/3239714827-225-9518
[2025-11-10 15:44:35,674] INFO: Product saved: Canon 545 XL 546 XL Druckerpatronen Tintenpatronen...
[2025-11-10 15:44:35,675] DEBUG: Fetching details: https://www.kleinanzeigen.de/s-anzeige/druckerpatronen-fuer-canon-11st-/3239713126-225-2074
[2025-11-10 15:44:40,246] INFO: Product saved: Druckerpatronen für Canon 11St....
[2025-11-10 15:44:40,248] DEBUG: Fetching details: https://www.kleinanzeigen.de/s-anzeige/druckerpatronen-fuer-canon/3239708969-225-3810
[2025-11-10 15:44:43,006] INFO: Product saved: Druckerpatronen für Canon...
[2025-11-10 15:44:43,007] DEBUG: Fetching details: https://www.kleinanzeigen.de/s-anzeige/druckerpatronen-fuer-canon/3239643467-225-2303
[2025-11-10 15:44:46,151] INFO: Product saved: Druckerpatronen für Canon...
[2025-11-10 15:44:46,151] ERROR: Ad parse error: can only concatenate str (not "NoneType") to str
[2025-11-10 15:44:46,152] DEBUG: Fetching details: https://www.kleinanzeigen.de/s-anzeige/canon-druckerpatronen-original-verpackt-cli-8m-y-c-5/3239555091-225-1522
[2025-11-10 15:44:51,479] INFO: Product saved: Canon Druckerpatronen Original verpackt CLI-8M-Y-C...
[2025-11-10 15:44:51,480] DEBUG: Fetching details: https://www.kleinanzeigen.de/s-anzeige/d-c-druckerpatronen-fuer-canon-drucker-tintenpatronen/3239539705-225-1889
[2025-11-10 15:44:54,902] INFO: Product saved: D&C Druckerpatronen für Canon Drucker Tintenpatron...
[2025-11-10 15:44:54,902] DEBUG: Fetching details: https://www.kleinanzeigen.de/s-anzeige/druckerpatronen-kompatibel-fuer-canon-pixma/3239527902-225-7138
[2025-11-10 15:44:59,822] INFO: Product saved: Druckerpatronen Kompatibel für Canon Pixma...
[2025-11-10 15:44:59,823] DEBUG: Fetching details: https://www.kleinanzeigen.de/s-anzeige/2-stueck-neue-originale-canon-druckerpatronen-571-bk-schwarz-/3239489066-225-3364
[2025-11-10 15:45:03,688] INFO: Product saved: 2 Stück neue originale Canon Druckerpatronen 571 (...
[2025-11-10 15:45:03,689] DEBUG: Fetching details: https://www.kleinanzeigen.de/s-anzeige/10-druckerpatronen-kompatibel-fuer-canon-pixma/3239257562-225-1125
[2025-11-10 15:45:08,049] INFO: Product saved: 10 Druckerpatronen kompatibel für Canon Pixma...
[2025-11-10 15:45:09,068] INFO: Processing brand: HP
[2025-11-10 15:45:09,119] DEBUG: Loading page 1: https://www.kleinanzeigen.de/s-Druckerpatrone-HP/k0
[2025-11-10 15:45:15,614] DEBUG: Found 27 product in the page: 1
[2025-11-10 15:45:15,615] DEBUG: Fetching details: https://www.kleinanzeigen.de/s-anzeige/ankauf-ihrer-leeren-canon-und-hp-305-hp-305xl-hp-307xl-hp-304-hp-304xl-hp-303-hp-303xl-hp-302-hp-302xl-hp-301-301xl-62-62xl-300-300xl-901-leere-patronen-volle-ueberlagerte-druckerpatronen-toner/1764977037-225-9683
[2025-11-10 15:45:19,578] INFO: Product saved: Ankauf Ihrer leeren Canon und HP 305 HP 305XL HP 3...
[2025-11-10 15:45:19,578] DEBUG: Fetching details: https://www.kleinanzeigen.de/s-anzeige/ankauf-ihrer-leeren-vollen-hp-und-canon-540-541-545-546-560-561-575-576-585-586-510-511-512-513-40-41-37-38-50-51-leere-volle-ueberlagerte-druckerpatronen-tintenpatronen-toner-hp-62-302-303-304-305/1117663714-225-9683
[2025-11-10 15:45:25,405] INFO: Product saved: Ankauf Ihrer leeren vollen HP und Canon 540 541 54...
[2025-11-10 15:45:25,406] DEBUG: Fetching details: https://www.kleinanzeigen.de/s-anzeige/hp-druckerpatronen-farbig-und-schwarz-neu/3242285458-225-2857
[2025-11-10 15:45:27,514] INFO: Product saved: Hp Druckerpatronen farbig und schwarz NEU...
[2025-11-10 15:45:27,515] ERROR: Ad parse error: can only concatenate str (not "NoneType") to str
[2025-11-10 15:45:27,516] DEBUG: Fetching details: https://www.kleinanzeigen.de/s-anzeige/druckerpatronen-hp-laserjet/3242267088-225-1034
[2025-11-10 15:45:28,924] INFO: Product saved: Druckerpatronen HP/ Laserjet...
[2025-11-10 15:45:28,925] DEBUG: Fetching details: https://www.kleinanzeigen.de/s-anzeige/druckerpatronen-hp-953-xl/3242255882-225-6919
[2025-11-10 15:45:30,835] INFO: Product saved: Druckerpatronen HP 953 XL...
[2025-11-10 15:45:30,836] DEBUG: Fetching details: https://www.kleinanzeigen.de/s-anzeige/original-druckerpatrone-hp301xl/3242253067-225-2677
[2025-11-10 15:45:32,820] INFO: Product saved: Original Druckerpatrone hp301xl...
[2025-11-10 15:45:32,821] DEBUG: Fetching details: https://www.kleinanzeigen.de/s-anzeige/druckerpatrone-fuer-hp-drucker-zu-verschenken/3242246158-225-1834
[2025-11-10 15:45:35,196] INFO: Product saved: Druckerpatrone für HP Drucker zu verschenken...
[2025-11-10 15:45:35,197] DEBUG: Fetching details: https://www.kleinanzeigen.de/s-anzeige/hp-302-druckerpatrone/3242237656-225-4826
[2025-11-10 15:45:37,226] INFO: Product saved: HP 302 Druckerpatrone...
[2025-11-10 15:45:37,227] DEBUG: Fetching details: https://www.kleinanzeigen.de/s-anzeige/-satz-originale-hp-963xl-druckerpatronen-2026/3242228597-225-1950
[2025-11-10 15:45:39,323] INFO: Product saved: ---  Satz originale HP 963XL Druckerpatronen - - -...
[2025-11-10 15:45:39,324] DEBUG: Fetching details: https://www.kleinanzeigen.de/s-anzeige/hp-druckerpatronen-4-pack-950-951/3242224879-225-4895
[2025-11-10 15:45:40,968] INFO: Product saved: HP Druckerpatronen 4-Pack 950 951...
[2025-11-10 15:45:40,969] DEBUG: Fetching details: https://www.kleinanzeigen.de/s-anzeige/druckerpatronen-hp-drucker-farben-schwarz/3242220754-225-3507
[2025-11-10 15:45:42,469] INFO: Product saved: Druckerpatronen HP Drucker Farben+Schwarz...
[2025-11-10 15:45:42,469] DEBUG: Fetching details: https://www.kleinanzeigen.de/s-anzeige/2-druckerpatronen-schwarz-hp-901/3242219511-225-16495
[2025-11-10 15:45:43,763] INFO: Product saved: 2 Druckerpatronen schwarz HP 901...
[2025-11-10 15:45:43,764] DEBUG: Fetching details: https://www.kleinanzeigen.de/s-anzeige/hp-62xl-druckerpatronen/3242156403-225-9259
[2025-11-10 15:45:45,098] INFO: Product saved: HP 62XL Druckerpatronen...
[2025-11-10 15:45:45,099] DEBUG: Fetching details: https://www.kleinanzeigen.de/s-anzeige/hp-953xl-original-neu-druckerpatrone-tintenpatrone-4er-paket/3242149640-225-7964
[2025-11-10 15:45:46,501] INFO: Product saved: HP 953XL Original NEU Druckerpatrone Tintenpatrone...
[2025-11-10 15:45:46,502] DEBUG: Fetching details: https://www.kleinanzeigen.de/s-anzeige/tomax-druckerpatronen-950xl-951xl-hp-schwarz-cyan-magenta/3242124884-225-7439
[2025-11-10 15:45:47,982] INFO: Product saved: ToMax Druckerpatronen 950XL/951XL HP - schwarz/cya...
[2025-11-10 15:45:47,983] DEBUG: Fetching details: https://www.kleinanzeigen.de/s-anzeige/hp-62xl-black-druckerpatrone-haltbar-juni-2027/3242100640-225-16834
[2025-11-10 15:45:49,371] INFO: Product saved: HP 62XL Black Druckerpatrone haltbar Juni 2027...
[2025-11-10 15:45:49,373] DEBUG: Fetching details: https://www.kleinanzeigen.de/s-anzeige/druckerpatrone-hp-216-a/3242093140-225-1554
[2025-11-10 15:45:50,858] INFO: Product saved: Druckerpatrone hp 216 A...
[2025-11-10 15:45:50,858] ERROR: Ad parse error: can only concatenate str (not "NoneType") to str
[2025-11-10 15:45:50,859] ERROR: Ad parse error: can only concatenate str (not "NoneType") to str
[2025-11-10 15:45:50,860] DEBUG: Fetching details: https://www.kleinanzeigen.de/s-anzeige/hp-druckerpatrone-991xc-cyan-blau/3242014899-225-8771
[2025-11-10 15:45:52,441] INFO: Product saved: hp Druckerpatrone 991xc Cyan / Blau...
[2025-11-10 15:45:52,442] DEBUG: Fetching details: https://www.kleinanzeigen.de/s-anzeige/hp-druckerpatronen-991xc-magenta-rot-2x/3242011022-225-8771
[2025-11-10 15:45:55,212] INFO: Product saved: hp Druckerpatronen 991xc Magenta / Rot 2x...
[2025-11-10 15:45:55,213] DEBUG: Fetching details: https://www.kleinanzeigen.de/s-anzeige/druckerpatrone-wiederaufbereitet-fuer-hp-302-color-neu/3242010947-225-2512
[2025-11-10 15:45:57,053] INFO: Product saved: Druckerpatrone wiederaufbereitet für HP 302 Color ...
[2025-11-10 15:45:57,054] DEBUG: Fetching details: https://www.kleinanzeigen.de/s-anzeige/hp-druckerpatronen-991xc-yellow-gelb/3242008059-225-8771
[2025-11-10 15:45:58,463] INFO: Product saved: hp Druckerpatronen 991xc Yellow / Gelb...
[2025-11-10 15:45:58,464] DEBUG: Fetching details: https://www.kleinanzeigen.de/s-anzeige/hp-druckerpatronen-991xc-black-schwarz/3242002581-225-8771
[2025-11-10 15:45:59,895] INFO: Product saved: hp Druckerpatronen 991xc Black / Schwarz...
[2025-11-10 15:45:59,896] DEBUG: Fetching details: https://www.kleinanzeigen.de/s-anzeige/druckerpatrone-hp-951-xl/3241991389-225-2779
[2025-11-10 15:46:01,360] INFO: Product saved: Druckerpatrone HP 951 XL...
[2025-11-10 15:46:01,361] ERROR: Ad parse error: can only concatenate str (not "NoneType") to str
[2025-11-10 15:46:02,362] DEBUG: Loading page 2: https://www.kleinanzeigen.de/s-seite:2/Druckerpatrone-HP/k0
[2025-11-10 15:46:03,838] DEBUG: Found 25 product in the page: 2
[2025-11-10 15:46:03,839] DEBUG: Fetching details: https://www.kleinanzeigen.de/s-anzeige/hp-druckerpatrone-modell-305-schwarz-x-2/3241938078-225-9296
[2025-11-10 15:46:05,284] INFO: Product saved: HP Druckerpatrone Modell 305 Schwarz x 2...
[2025-11-10 15:46:05,284] ERROR: Ad parse error: can only concatenate str (not "NoneType") to str
[2025-11-10 15:46:05,285] ERROR: Ad parse error: can only concatenate str (not "NoneType") to str
[2025-11-10 15:46:05,285] DEBUG: Fetching details: https://www.kleinanzeigen.de/s-anzeige/3x-druckerpatrone-ersatz-hp-78-xl-schwarz-farbig-bk/3241894980-225-4302
[2025-11-10 15:46:06,612] INFO: Product saved: 3x Druckerpatrone Ersatz HP 78 xl schwarz farbig b...
[2025-11-10 15:46:06,613] DEBUG: Fetching details: https://www.kleinanzeigen.de/s-anzeige/hp-druckerpatrone-schwarz/3241893359-225-30133
[2025-11-10 15:46:10,055] INFO: Product saved: HP Druckerpatrone  schwarz...
[2025-11-10 15:46:10,055] DEBUG: Fetching details: https://www.kleinanzeigen.de/s-anzeige/hp-11-magenta-druckerpatronen-tintendrucker-patronen/3241848088-225-4234
[2025-11-10 15:46:11,721] INFO: Product saved: HP 11 magenta Druckerpatronen Tintendrucker Patron...
[2025-11-10 15:46:11,722] ERROR: Ad parse error: can only concatenate str (not "NoneType") to str
[2025-11-10 15:46:11,722] DEBUG: Fetching details: https://www.kleinanzeigen.de/s-anzeige/hp-22-druckerpatrone/3241795301-225-4014
[2025-11-10 15:46:13,149] INFO: Product saved: HP 22 Druckerpatrone...
[2025-11-10 15:46:13,150] DEBUG: Fetching details: https://www.kleinanzeigen.de/s-anzeige/original-verpackte-hp-druckerpatronen-302-xl-schwarz-und-dreifarb/3241776948-225-4388
[2025-11-10 15:46:14,530] INFO: Product saved: Original verpackte HP Druckerpatronen 302 XL Schwa...
[2025-11-10 15:46:14,531] DEBUG: Fetching details: https://www.kleinanzeigen.de/s-anzeige/hp-druckerpatronen-nr-300/3241750754-225-442
[2025-11-10 15:46:15,996] INFO: Product saved: HP Druckerpatronen Nr. 300...
[2025-11-10 15:46:15,997] DEBUG: Fetching details: https://www.kleinanzeigen.de/s-anzeige/neu-druckerpatronen-digital-revolution-alternativ-zu-hp/3183543661-225-9008
[2025-11-10 15:46:17,595] INFO: Product saved: Neu-Druckerpatronen - Digital Revolution alternati...
[2025-11-10 15:46:17,596] DEBUG: Fetching details: https://www.kleinanzeigen.de/s-anzeige/druckerpatronen-fuer-hp-drucker/3241708521-225-17266
[2025-11-10 15:46:19,023] INFO: Product saved: Druckerpatronen für HP Drucker...
[2025-11-10 15:46:19,024] DEBUG: Fetching details: https://www.kleinanzeigen.de/s-anzeige/hp-druckerpatrone/3241702727-225-963
[2025-11-10 15:46:20,493] INFO: Product saved: HP-Druckerpatrone...
[2025-11-10 15:46:20,494] DEBUG: Fetching details: https://www.kleinanzeigen.de/s-anzeige/17-leere-druckerpatronen-black-hp301-kmp-canon-545-isy/3241693908-225-4293
[2025-11-10 15:46:21,801] INFO: Product saved: 17 leere Druckerpatronen black HP301 KMP Canon 545...
[2025-11-10 15:46:21,802] DEBUG: Fetching details: https://www.kleinanzeigen.de/s-anzeige/druckerpatronen-h364xl-fuer-hp/3241693017-225-958
[2025-11-10 15:46:23,202] INFO: Product saved: Druckerpatronen H364XL für HP...
[2025-11-10 15:46:23,203] DEBUG: Fetching details: https://www.kleinanzeigen.de/s-anzeige/hp-6230-drucker-und-hp-934-druckerpatronen/3241680039-225-1912
[2025-11-10 15:46:24,478] INFO: Product saved: HP 6230 Drucker und HP 934 Druckerpatronen...
[2025-11-10 15:46:24,479] DEBUG: Fetching details: https://www.kleinanzeigen.de/s-anzeige/druckerpatrone-305-xl-black-hp-desk-jet/3241638215-225-7532
[2025-11-10 15:46:25,755] INFO: Product saved: Druckerpatrone 305 XL black HP Desk Jet...
[2025-11-10 15:46:25,756] DEBUG: Fetching details: https://www.kleinanzeigen.de/s-anzeige/druckerpatrone-hp-305/3241565234-225-19492
[2025-11-10 15:46:27,753] INFO: Product saved: Druckerpatrone hp 305...
[2025-11-10 15:46:27,754] DEBUG: Fetching details: https://www.kleinanzeigen.de/s-anzeige/hp-druckerpatronen-903xl-cyan-yellow-magenta/3241553902-225-2322
[2025-11-10 15:46:29,168] INFO: Product saved: HP Druckerpatronen 903XL Cyan Yellow Magenta...
[2025-11-10 15:46:29,169] DEBUG: Fetching details: https://www.kleinanzeigen.de/s-anzeige/hp-302-druckerpatronen-schwarz-2-packung/3241544968-225-6593
[2025-11-10 15:46:30,570] INFO: Product saved: HP 302 Druckerpatronen Schwarz 2 Packung...
[2025-11-10 15:46:30,572] DEBUG: Fetching details: https://www.kleinanzeigen.de/s-anzeige/hp-304-original-druckerpatronen-black-tricolor/3241521590-225-4896
[2025-11-10 15:46:31,892] INFO: Product saved: HP 304 Original Druckerpatronen black + tricolor...
[2025-11-10 15:46:31,893] DEBUG: Fetching details: https://www.kleinanzeigen.de/s-anzeige/leere-druckerpatronen-original-hp-912/3241480070-225-1091
[2025-11-10 15:46:33,283] INFO: Product saved: leere Druckerpatronen original HP 912...
[2025-11-10 15:46:33,284] DEBUG: Fetching details: https://www.kleinanzeigen.de/s-anzeige/hp-druckerpatronen/3241468100-225-4823
[2025-11-10 15:46:34,730] INFO: Product saved: HP Druckerpatronen...
[2025-11-10 15:46:34,730] ERROR: Ad parse error: can only concatenate str (not "NoneType") to str
[2025-11-10 15:46:34,731] DEBUG: Fetching details: https://www.kleinanzeigen.de/s-anzeige/druckerpatrone-hp-933xl-cyan-original-/3241427542-225-18262
[2025-11-10 15:46:36,062] INFO: Product saved: Druckerpatrone HP 933XL Cyan *Original*...
[2025-11-10 15:46:37,063] DEBUG: Loading page 3: https://www.kleinanzeigen.de/s-seite:3/Druckerpatrone-HP/k0
[2025-11-10 15:46:38,658] DEBUG: Found 25 product in the page: 3
[2025-11-10 15:46:38,659] DEBUG: Fetching details: https://www.kleinanzeigen.de/s-anzeige/druckerpatrone-hp-933xl-magenta-original-/3241419176-225-18262
[2025-11-10 15:46:40,008] INFO: Product saved: Druckerpatrone HP 933XL Magenta *Original*...
[2025-11-10 15:46:40,009] DEBUG: Fetching details: https://www.kleinanzeigen.de/s-anzeige/hp-drucker-scanner-deskjet-2630-mit-vollen-druckerpatronen/3241413051-225-7981
[2025-11-10 15:46:41,304] INFO: Product saved: HP Drucker/Scanner Deskjet 2630 - mit vollen Druck...
[2025-11-10 15:46:41,305] ERROR: Ad parse error: can only concatenate str (not "NoneType") to str
[2025-11-10 15:46:41,306] DEBUG: Fetching details: https://www.kleinanzeigen.de/s-anzeige/druckerpatronen-hp-364-xl/3241410663-225-254
[2025-11-10 15:46:42,871] INFO: Product saved: Druckerpatronen HP 364 XL...
[2025-11-10 15:46:42,872] DEBUG: Fetching details: https://www.kleinanzeigen.de/s-anzeige/hp-druckerpatronen/3241362912-225-2645
[2025-11-10 15:46:44,151] INFO: Product saved: HP Druckerpatronen...
[2025-11-10 15:46:44,152] DEBUG: Fetching details: https://www.kleinanzeigen.de/s-anzeige/toner-hp-cc531a-hp-304a-cyan-druckerpatrone-neu-ovp-/3241335948-225-6896
[2025-11-10 15:46:45,521] INFO: Product saved: Toner HP CC531A HP 304A cyan Druckerpatrone *neu/O...
[2025-11-10 15:46:45,522] DEBUG: Fetching details: https://www.kleinanzeigen.de/s-anzeige/drucker-hp-deskjet-2700-series-druckerpatrone-schwarz/3241324456-225-8083
[2025-11-10 15:46:46,977] INFO: Product saved: Drucker HP DeskJet 2700 Series + Druckerpatrone sc...
[2025-11-10 15:46:46,978] DEBUG: Fetching details: https://www.kleinanzeigen.de/s-anzeige/toner-hp-cc533a-hp-304a-magenta-druckerpatrone-neu-ovp-/3241316633-225-6896
[2025-11-10 15:46:48,431] INFO: Product saved: Toner HP CC533A HP 304A magenta Druckerpatrone *ne...
[2025-11-10 15:46:48,432] DEBUG: Fetching details: https://www.kleinanzeigen.de/s-anzeige/toner-hp-cc530a-304a-schwarze-druckerpatrone-neu-ovp-/3241296534-225-6896
[2025-11-10 15:46:49,824] INFO: Product saved: Toner HP CC530A 304A schwarze Druckerpatrone *neu/...
[2025-11-10 15:46:49,825] DEBUG: Fetching details: https://www.kleinanzeigen.de/s-anzeige/hp-953xl-bk-druckerpatronen/3241283016-225-8172
[2025-11-10 15:46:51,399] INFO: Product saved: HP 953Xl BK Druckerpatronen...
[2025-11-10 15:46:51,400] DEBUG: Fetching details: https://www.kleinanzeigen.de/s-anzeige/druckerpatrone-hp23-tricolour-neu-in-originalverpackung/3241272254-225-1688
[2025-11-10 15:46:52,779] INFO: Product saved: Druckerpatrone HP23 Tricolour neu in Originalverpa...
[2025-11-10 15:46:52,780] DEBUG: Fetching details: https://www.kleinanzeigen.de/s-anzeige/4x-hp-304-druckerpatrone/3241255484-225-2576
[2025-11-10 15:46:54,203] INFO: Product saved: 4x HP 304 Druckerpatrone...
[2025-11-10 15:46:54,204] DEBUG: Fetching details: https://www.kleinanzeigen.de/s-anzeige/hp-druckerpatronen-903/3241231609-225-1463
[2025-11-10 15:46:55,499] INFO: Product saved: HP Druckerpatronen 903...
[2025-11-10 15:46:55,500] DEBUG: Fetching details: https://www.kleinanzeigen.de/s-anzeige/hp-druckerpatronen-ovp/3241183539-225-3526
[2025-11-10 15:46:56,767] INFO: Product saved: HP Druckerpatronen OVP...
[2025-11-10 15:46:56,768] DEBUG: Fetching details: https://www.kleinanzeigen.de/s-anzeige/4x-druckerpatronen-hp-953xl-b-m-y-b-nicht-original-/3241172567-225-1542
[2025-11-10 15:46:58,012] INFO: Product saved: 4x Druckerpatronen HP 953XL B/M/Y/B NICHT ORIGINAL...
[2025-11-10 15:46:58,013] DEBUG: Fetching details: https://www.kleinanzeigen.de/s-anzeige/druckerpatronen-schwarz-hp-office-jet/3241168090-225-993
[2025-11-10 15:46:59,485] INFO: Product saved: Druckerpatronen schwarz HP Office Jet...
[2025-11-10 15:46:59,486] DEBUG: Fetching details: https://www.kleinanzeigen.de/s-anzeige/hp-druckerpatronen-303-xl/3241150778-225-20397
[2025-11-10 15:47:00,944] INFO: Product saved: HP Druckerpatronen 303 XL...
[2025-11-10 15:47:00,944] DEBUG: Fetching details: https://www.kleinanzeigen.de/s-anzeige/hp-933-xl-druckerpatronen/3241129061-225-7333
[2025-11-10 15:47:02,296] INFO: Product saved: Hp 933 xl Druckerpatronen...
[2025-11-10 15:47:02,296] DEBUG: Fetching details: https://www.kleinanzeigen.de/s-anzeige/hp-45-black-druckerpatronen-orginal-packung/3241109753-225-1063
[2025-11-10 15:47:03,538] INFO: Product saved: HP 45  Black Druckerpatronen  orginal packung...
[2025-11-10 15:47:03,538] DEBUG: Fetching details: https://www.kleinanzeigen.de/s-anzeige/druckerpatronen-fuer-hp-6422/3241074853-225-5834
[2025-11-10 15:47:04,864] INFO: Product saved: Druckerpatronen für HP 6422...
[2025-11-10 15:47:04,865] DEBUG: Fetching details: https://www.kleinanzeigen.de/s-anzeige/original-hp305xl-druckerpatrone-farbig-neu-versand-moeglich-/3241062693-225-1558
[2025-11-10 15:47:06,245] INFO: Product saved: Original HP305XL Druckerpatrone farbig *Neu* Versa...
[2025-11-10 15:47:06,246] DEBUG: Fetching details: https://www.kleinanzeigen.de/s-anzeige/druckerpatronen-hp-364-schwarz-2-stueck/3241041792-225-7666
[2025-11-10 15:47:07,426] INFO: Product saved: Druckerpatronen HP 364 - schwarz - 2 Stück...
[2025-11-10 15:47:07,427] DEBUG: Fetching details: https://www.kleinanzeigen.de/s-anzeige/druckerpatronen-fuer-hp-diverse/3241026285-225-6445
[2025-11-10 15:47:08,880] INFO: Product saved: Druckerpatronen für HP diverse...
[2025-11-10 15:47:08,880] DEBUG: Fetching details: https://www.kleinanzeigen.de/s-anzeige/hp-301-druckerpatronen-neu-wegen-fehlkauf/3240996329-225-20556
[2025-11-10 15:47:10,200] INFO: Product saved: HP 301 Druckerpatronen  neu wegen Fehlkauf...
[2025-11-10 15:47:10,201] DEBUG: Fetching details: https://www.kleinanzeigen.de/s-anzeige/druckerpatronen-hp-305-neu-s-w-farbe/3240940291-225-3106
[2025-11-10 15:47:11,615] INFO: Product saved: DRUCKERPATRONEN HP 305—NEU—S/W&Farbe...
[2025-11-10 15:47:12,616] DEBUG: Loading page 4: https://www.kleinanzeigen.de/s-seite:4/Druckerpatrone-HP/k0
[2025-11-10 15:47:14,052] DEBUG: Found 25 product in the page: 4
[2025-11-10 15:47:14,053] DEBUG: Fetching details: https://www.kleinanzeigen.de/s-anzeige/hp-drucker-officejet-8012-3-xl-druckerpatronen/3240830825-225-2657
[2025-11-10 15:47:15,233] INFO: Product saved: HP Drucker Officejet 8012 + 3 XL Druckerpatronen...
[2025-11-10 15:47:15,234] DEBUG: Fetching details: https://www.kleinanzeigen.de/s-anzeige/neu-hp-tinten-druckerpatronen-schwarz/3240808554-225-9241
[2025-11-10 15:47:16,502] INFO: Product saved: NEU HP Tinten Druckerpatronen Schwarz...
[2025-11-10 15:47:16,503] DEBUG: Fetching details: https://www.kleinanzeigen.de/s-anzeige/druckerpatrone-hp-300-schwarz/3240802108-225-2124
[2025-11-10 15:47:17,852] INFO: Product saved: Druckerpatrone HP 300 schwarz...
[2025-11-10 15:47:17,852] DEBUG: Fetching details: https://www.kleinanzeigen.de/s-anzeige/hp-druckerpatrone-304-original-verpackt/3240769663-225-1761
[2025-11-10 15:47:19,234] INFO: Product saved: hp Druckerpatrone 304 original verpackt...
[2025-11-10 15:47:19,235] DEBUG: Fetching details: https://www.kleinanzeigen.de/s-anzeige/hp-903xl-druckerpatronen-schwarz-cyan-magenta-original/3240751312-225-877
[2025-11-10 15:47:20,417] INFO: Product saved: HP 903XL Druckerpatronen Schwarz Cyan Magenta - Or...
[2025-11-10 15:47:20,418] DEBUG: Fetching details: https://www.kleinanzeigen.de/s-anzeige/hp903-xl-druckerpatrone-gelb/3240748156-225-9195
[2025-11-10 15:47:21,737] INFO: Product saved: HP903 XL Druckerpatrone - Gelb...
[2025-11-10 15:47:21,738] DEBUG: Fetching details: https://www.kleinanzeigen.de/s-anzeige/hp903-xl-druckerpatrone-schwarz/3240741763-225-9195
[2025-11-10 15:47:23,374] INFO: Product saved: HP903 XL Druckerpatrone - Schwarz...
[2025-11-10 15:47:23,375] DEBUG: Fetching details: https://www.kleinanzeigen.de/s-anzeige/hp-300-ink-cartridge-combo-2-pack-druckerpatronen/3240734916-225-4526
[2025-11-10 15:47:26,647] INFO: Product saved: HP 300 Ink Cartridge Combo 2 Pack Druckerpatronen...
[2025-11-10 15:47:26,648] DEBUG: Fetching details: https://www.kleinanzeigen.de/s-anzeige/hp-druckerpatronen/3240727106-225-1649
[2025-11-10 15:47:29,227] INFO: Product saved: hp-Druckerpatronen...
[2025-11-10 15:47:29,227] ERROR: Ad parse error: can only concatenate str (not "NoneType") to str
[2025-11-10 15:47:29,228] DEBUG: Fetching details: https://www.kleinanzeigen.de/s-anzeige/neue-originale-hp-951-magenta-druckerpatrone/3240689607-225-7729
[2025-11-10 15:47:31,485] INFO: Product saved: Neue Originale HP 951  Magenta Druckerpatrone...
[2025-11-10 15:47:31,486] DEBUG: Fetching details: https://www.kleinanzeigen.de/s-anzeige/hp-druckerpatronen-953-4-pack/3240674938-225-4495
[2025-11-10 15:47:32,928] INFO: Product saved: HP Druckerpatronen 953 / 4-pack...
[2025-11-10 15:47:32,928] DEBUG: Fetching details: https://www.kleinanzeigen.de/s-anzeige/hp-druckerpatronen-10-11-alle-ovp-22-stueck/3240655069-225-2826
[2025-11-10 15:47:34,611] INFO: Product saved: HP Druckerpatronen 10 - 11 alle OVP 22 Stück...
[2025-11-10 15:47:34,611] DEBUG: Fetching details: https://www.kleinanzeigen.de/s-anzeige/druckerpatronen-hp363/3240654642-225-5834
[2025-11-10 15:47:35,895] INFO: Product saved: Druckerpatronen HP363...
[2025-11-10 15:47:35,895] DEBUG: Fetching details: https://www.kleinanzeigen.de/s-anzeige/hp-druckerpatronen-981yc-original-produkte-4er-set-farbe-in-ovp/3240637650-225-4816
[2025-11-10 15:47:37,104] INFO: Product saved: HP Druckerpatronen 981YC Original Produkte 4er-Set...
[2025-11-10 15:47:37,105] DEBUG: Fetching details: https://www.kleinanzeigen.de/s-anzeige/hp-935-druckerpatronen/3240637197-225-6406
[2025-11-10 15:47:38,494] INFO: Product saved: HP 935 Druckerpatronen...
[2025-11-10 15:47:38,495] DEBUG: Fetching details: https://www.kleinanzeigen.de/s-anzeige/druckerpatrone-hp-951-xl-magenta/3240620402-225-6021
[2025-11-10 15:47:39,878] INFO: Product saved: Druckerpatrone HP 951 XL magenta...
[2025-11-10 15:47:39,879] DEBUG: Fetching details: https://www.kleinanzeigen.de/s-anzeige/druckerpatrone-hp-951xl-magenta/3240615823-225-6021
[2025-11-10 15:47:41,065] INFO: Product saved: Druckerpatrone HP 951XL magenta...
[2025-11-10 15:47:41,065] DEBUG: Fetching details: https://www.kleinanzeigen.de/s-anzeige/druckerpatrone-hp-17-a-schwarz/3240607032-225-9509
[2025-11-10 15:47:42,382] INFO: Product saved: Druckerpatrone HP 17 A schwarz...
[2025-11-10 15:47:42,383] DEBUG: Fetching details: https://www.kleinanzeigen.de/s-anzeige/druckerpatronen-hp-officejet-pro-950xl-und-951xl/3240601227-225-6206
[2025-11-10 15:47:43,503] INFO: Product saved: Druckerpatronen HP Officejet Pro - 950XL und 951XL...
[2025-11-10 15:47:43,504] DEBUG: Fetching details: https://www.kleinanzeigen.de/s-anzeige/suche-hp-druckerpatrone-951/3240558518-225-7337
[2025-11-10 15:47:44,813] INFO: Product saved: Suche hp  Druckerpatrone 951...
[2025-11-10 15:47:44,813] DEBUG: Fetching details: https://www.kleinanzeigen.de/s-anzeige/2x-druckerpatronen-black-hp-301-xl/3240522748-225-136
[2025-11-10 15:47:48,310] INFO: Product saved: 2x Druckerpatronen /Black HP 301 XL...
[2025-11-10 15:47:48,311] DEBUG: Fetching details: https://www.kleinanzeigen.de/s-anzeige/druckerpatronen-hp-932-und-932-xl/3240504117-225-8375
[2025-11-10 15:47:49,727] INFO: Product saved: Druckerpatronen  HP 932 und 932 XL...
[2025-11-10 15:47:49,727] DEBUG: Fetching details: https://www.kleinanzeigen.de/s-anzeige/druckerpatrone-hp-302-xl-color/3240482979-225-3122
[2025-11-10 15:47:50,891] INFO: Product saved: Druckerpatrone HP  302 XL Color...
[2025-11-10 15:47:50,892] DEBUG: Fetching details: https://www.kleinanzeigen.de/s-anzeige/hp-druckerpatronen-304-schwarz-farbig/3240470642-225-23691
[2025-11-10 15:47:52,126] INFO: Product saved: HP Druckerpatronen 304 schwarz / farbig...
[2025-11-10 15:47:53,127] DEBUG: Loading page 5: https://www.kleinanzeigen.de/s-seite:5/Druckerpatrone-HP/k0
[2025-11-10 15:47:54,688] DEBUG: Found 25 product in the page: 5
[2025-11-10 15:47:54,689] DEBUG: Fetching details: https://www.kleinanzeigen.de/s-anzeige/original-hp-903-t6l87ae-druckerpatrone-cyan/3240372659-225-4944
[2025-11-10 15:47:56,252] INFO: Product saved: Original HP 903 / T6L87AE Druckerpatrone Cyan...
[2025-11-10 15:47:56,253] DEBUG: Fetching details: https://www.kleinanzeigen.de/s-anzeige/hp-903-blau-original-druckerpatrone-fuer-hp/3240372356-225-4944
[2025-11-10 15:47:57,783] INFO: Product saved: HP 903 Blau Original Druckerpatrone für HP...
[2025-11-10 15:47:57,784] DEBUG: Fetching details: https://www.kleinanzeigen.de/s-anzeige/hp-druckerpatronen-953-xl/3240332686-225-7962
[2025-11-10 15:47:59,212] INFO: Product saved: HP Druckerpatronen - 953 XL...
[2025-11-10 15:47:59,212] ERROR: Ad parse error: can only concatenate str (not "NoneType") to str
[2025-11-10 15:47:59,213] ERROR: Ad parse error: list index out of range
[2025-11-10 15:47:59,213] ERROR: Ad parse error: can only concatenate str (not "NoneType") to str
[2025-11-10 15:47:59,213] DEBUG: Fetching details: https://www.kleinanzeigen.de/s-anzeige/druckerpatrone-hp-designjet-712-schwarz/3240216373-225-6817
[2025-11-10 15:48:00,474] INFO: Product saved: Druckerpatrone hp DesignJet 712 Schwarz...
[2025-11-10 15:48:00,475] DEBUG: Fetching details: https://www.kleinanzeigen.de/s-anzeige/druckerpatrone-hp364-xl-schwarz-originalverpackt/3240198846-225-5537
[2025-11-10 15:48:01,876] INFO: Product saved: Druckerpatrone HP364 XL schwarz originalverpackt...
[2025-11-10 15:48:01,876] ERROR: Ad parse error: can only concatenate str (not "NoneType") to str
[2025-11-10 15:48:01,877] ERROR: Ad parse error: can only concatenate str (not "NoneType") to str
[2025-11-10 15:48:01,877] DEBUG: Fetching details: https://www.kleinanzeigen.de/s-anzeige/druckerpatrone-original-hp-920xl-schwarz/3240134226-225-528
[2025-11-10 15:48:03,474] INFO: Product saved: Druckerpatrone original HP 920XL schwarz...
[2025-11-10 15:48:03,475] DEBUG: Fetching details: https://www.kleinanzeigen.de/s-anzeige/druckerpatronen-neu-original-hp-250dw-270dw-8100-8600-serie/3197112752-225-7814
[2025-11-10 15:48:04,953] INFO: Product saved: Druckerpatronen NEU Original/ HP 250dw270dw8100860...
[2025-11-10 15:48:04,954] DEBUG: Fetching details: https://www.kleinanzeigen.de/s-anzeige/druckerpatronen-patronen-364-xl-set-hp-drucker/3240126303-225-7875
[2025-11-10 15:48:06,986] INFO: Product saved: Druckerpatronen Patronen 364 XL Set HP Drucker...
[2025-11-10 15:48:06,987] DEBUG: Fetching details: https://www.kleinanzeigen.de/s-anzeige/druckerpatronen-hp-933/3240122917-225-5840
[2025-11-10 15:48:09,011] INFO: Product saved: Druckerpatronen HP 933...
[2025-11-10 15:48:09,011] DEBUG: Fetching details: https://www.kleinanzeigen.de/s-anzeige/953xl-953-xl-druckerpatronen-kompatibel-hp/3240110319-225-3157
[2025-11-10 15:48:11,699] INFO: Product saved: 953XL 953 XL Druckerpatronen Kompatibel hp...
[2025-11-10 15:48:11,701] DEBUG: Fetching details: https://www.kleinanzeigen.de/s-anzeige/8-neue-orginal-verpackte-druckerpatronen-hp-62-xl/3240101406-225-3660
[2025-11-10 15:48:13,709] INFO: Product saved: 8 Neue Orginal verpackte Druckerpatronen  HP 62 Xl...
[2025-11-10 15:48:13,710] DEBUG: Fetching details: https://www.kleinanzeigen.de/s-anzeige/hp-druckerpatrone-4-pack-933-932xl-mhd2022/3240094828-225-18758
[2025-11-10 15:48:15,582] INFO: Product saved: Hp Druckerpatrone 4-pack 933/932XL MHD2022...
[2025-11-10 15:48:15,583] DEBUG: Fetching details: https://www.kleinanzeigen.de/s-anzeige/original-hp-druckerpatrone-901-dreifarbig/3240055436-225-16905
[2025-11-10 15:48:17,142] INFO: Product saved: Original HP Druckerpatrone 901 Dreifarbig...
[2025-11-10 15:48:17,143] DEBUG: Fetching details: https://www.kleinanzeigen.de/s-anzeige/druckerpatronen-hp-und-epson/3240053840-225-10590
[2025-11-10 15:48:19,197] INFO: Product saved: Druckerpatronen HP und Epson...
[2025-11-10 15:48:19,197] DEBUG: Fetching details: https://www.kleinanzeigen.de/s-anzeige/hp-druckerpatronen-2er-pack/3239994612-225-855
[2025-11-10 15:48:21,093] INFO: Product saved: HP Druckerpatronen 2er Pack...
[2025-11-10 15:48:21,094] DEBUG: Fetching details: https://www.kleinanzeigen.de/s-anzeige/hp-druckerpatrone-original-verpackt-schwarz/3239976912-225-1854
[2025-11-10 15:48:23,479] INFO: Product saved: HP Druckerpatrone original verpackt schwarz...
[2025-11-10 15:48:23,480] DEBUG: Fetching details: https://www.kleinanzeigen.de/s-anzeige/hp-druckerpatrone-903xl-original-gelb-cyan-magenta/3239945684-225-7570
[2025-11-10 15:48:25,426] INFO: Product saved: HP Druckerpatrone 903XL  Original  Gelb Cyan Magen...
[2025-11-10 15:48:25,427] DEBUG: Fetching details: https://www.kleinanzeigen.de/s-anzeige/druckerpatronen-neu-verpackt-fuer-hp-laserjet/3239937702-225-1034
[2025-11-10 15:48:26,742] INFO: Product saved: Druckerpatronen neu verpackt für HP/Laserjet...
[2025-11-10 15:48:26,743] DEBUG: Fetching details: https://www.kleinanzeigen.de/s-anzeige/druckerpatronen-hp-951/3239930923-225-2632
[2025-11-10 15:48:28,123] INFO: Product saved: Druckerpatronen HP 951...
[2025-11-10 15:48:28,123] DEBUG: Fetching details: https://www.kleinanzeigen.de/s-anzeige/4x-hp-druckerpatronen-410xl/3239928432-225-9559
[2025-11-10 15:48:29,508] INFO: Product saved: 4x HP Druckerpatronen 410XL...
[2025-11-10 15:48:30,535] INFO: Processing brand: Epson
[2025-11-10 15:48:30,581] DEBUG: Loading page 1: https://www.kleinanzeigen.de/s-Druckerpatrone-Epson/k0
[2025-11-10 15:48:36,246] DEBUG: Found 26 product in the page: 1
[2025-11-10 15:48:36,246] DEBUG: Fetching details: https://www.kleinanzeigen.de/s-anzeige/druckerpatronen-xl-fuer-epson-workforce-wf-alle-4-farben/3233127978-225-9391
[2025-11-10 15:48:40,468] INFO: Product saved: Druckerpatronen XL für Epson Workforce WF alle 4 F...
[2025-11-10 15:48:40,469] DEBUG: Fetching details: https://www.kleinanzeigen.de/s-anzeige/epson-druckerpatronen-original/3242273609-225-5751
[2025-11-10 15:48:42,945] INFO: Product saved: Epson Druckerpatronen Original...
[2025-11-10 15:48:42,947] DEBUG: Fetching details: https://www.kleinanzeigen.de/s-anzeige/604xl-604-xl-druckerpatronen-epson-xp-3200-patronen/3242273396-225-25911
[2025-11-10 15:48:44,700] INFO: Product saved: 604XL 604 XL Druckerpatronen Epson XP 3200 Patrone...
[2025-11-10 15:48:44,700] ERROR: Ad parse error: can only concatenate str (not "NoneType") to str
[2025-11-10 15:48:44,701] DEBUG: Fetching details: https://www.kleinanzeigen.de/s-anzeige/epson-druckerpatronen/3242082925-225-17392
[2025-11-10 15:48:46,342] INFO: Product saved: epson druckerpatronen...
[2025-11-10 15:48:46,342] ERROR: Ad parse error: can only concatenate str (not "NoneType") to str
[2025-11-10 15:48:46,343] DEBUG: Fetching details: https://www.kleinanzeigen.de/s-anzeige/epson-druckerpatronen-t1285-t1284/3242025751-225-6192
[2025-11-10 15:48:48,008] INFO: Product saved: Epson Druckerpatronen T1285 T1284...
[2025-11-10 15:48:48,009] DEBUG: Fetching details: https://www.kleinanzeigen.de/s-anzeige/epson-33xl-original-druckerpatrone-2xphoto-schwarz-magenta-gelb/3242002562-225-6799
[2025-11-10 15:48:49,332] INFO: Product saved: Epson 33XL original Druckerpatrone 2xphoto schwarz...
[2025-11-10 15:48:49,333] DEBUG: Fetching details: https://www.kleinanzeigen.de/s-anzeige/-neu-druckerpatronen-epson-104-multipack/3241978574-225-3003
[2025-11-10 15:48:51,883] INFO: Product saved: *Neu* Druckerpatronen Epson 104 Multipack...
[2025-11-10 15:48:51,884] DEBUG: Fetching details: https://www.kleinanzeigen.de/s-anzeige/druckerpatronen-fuer-epson-xp-432/3241976477-225-10594
[2025-11-10 15:48:54,520] INFO: Product saved: Druckerpatronen für Epson XP 432...
[2025-11-10 15:48:54,521] DEBUG: Fetching details: https://www.kleinanzeigen.de/s-anzeige/epson-druckerpatronen/3241957753-225-13766
[2025-11-10 15:48:56,015] INFO: Product saved: Epson - Druckerpatronen...
[2025-11-10 15:48:56,016] DEBUG: Fetching details: https://www.kleinanzeigen.de/s-anzeige/druckerpatronen-fuer-epson-xl129-t1291-workforce-officejet-stylus/3241935890-225-9652
[2025-11-10 15:48:57,923] INFO: Product saved: Druckerpatronen für Epson XL129 T1291 Workforce Of...
[2025-11-10 15:48:57,923] DEBUG: Fetching details: https://www.kleinanzeigen.de/s-anzeige/druckerpatronen-epson/3241933584-225-3144
[2025-11-10 15:49:00,400] INFO: Product saved: Druckerpatronen Epson...
[2025-11-10 15:49:00,401] DEBUG: Fetching details: https://www.kleinanzeigen.de/s-anzeige/druckerpatronen-epson/3241894700-225-23969
[2025-11-10 15:49:03,083] INFO: Product saved: Druckerpatronen Epson...
[2025-11-10 15:49:03,084] DEBUG: Fetching details: https://www.kleinanzeigen.de/s-anzeige/epson-t9443-l-magenta-original-druckerpatrone-c13t944340/2815063252-225-9554
[2025-11-10 15:49:04,548] INFO: Product saved: Epson T9443 L magenta Original Druckerpatrone C13T...
[2025-11-10 15:49:04,549] DEBUG: Fetching details: https://www.kleinanzeigen.de/s-anzeige/druckerpatronen-33xl-multipack-komp-epson-neu-pb-b-y-c-m/3241760375-225-7897
[2025-11-10 15:49:07,836] INFO: Product saved: Druckerpatronen 33XL Multipack Komp. Epson Neu PB ...
[2025-11-10 15:49:07,837] ERROR: Ad parse error: can only concatenate str (not "NoneType") to str
[2025-11-10 15:49:07,837] DEBUG: Fetching details: https://www.kleinanzeigen.de/s-anzeige/druckerpatrone-epson-t7022-t7023-t7024-fuer-wp-serie-neu-ovp/3241594324-225-8176
[2025-11-10 15:49:09,746] INFO: Product saved: Druckerpatrone Epson T7022 T7023 T7024 für WP Seri...
[2025-11-10 15:49:09,748] DEBUG: Fetching details: https://www.kleinanzeigen.de/s-anzeige/druckerpatronen-epson-xl-29-erdbeer-serie/3241591085-225-9269
[2025-11-10 15:49:12,355] INFO: Product saved: Druckerpatronen Epson XL 29 Erdbeer  Serie...
[2025-11-10 15:49:12,356] DEBUG: Fetching details: https://www.kleinanzeigen.de/s-anzeige/druckerpatronen-2991-xl-black-kompatibel-epson-xp-342-u-a-/3241578031-225-7552
[2025-11-10 15:49:14,204] INFO: Product saved: Druckerpatronen 2991 XL black - kompatibel Epson X...
[2025-11-10 15:49:14,205] DEBUG: Fetching details: https://www.kleinanzeigen.de/s-anzeige/5-druckerpatronen-epson-t0711/3241429793-225-22728
[2025-11-10 15:49:17,807] INFO: Product saved: 5 Druckerpatronen Epson T0711...
[2025-11-10 15:49:17,807] ERROR: Ad parse error: can only concatenate str (not "NoneType") to str
[2025-11-10 15:49:17,808] DEBUG: Fetching details: https://www.kleinanzeigen.de/s-anzeige/druckerpatronen-geeignet-fuer-epson-modelle-zu-verkaufen/3241395478-225-981
[2025-11-10 15:49:19,079] INFO: Product saved: Druckerpatronen (geeignet für Epson Modelle) zu ve...
[2025-11-10 15:49:19,080] DEBUG: Fetching details: https://www.kleinanzeigen.de/s-anzeige/epson-t55kd-druckerpatrone-c13t55kd00-violett-ovp/3241329741-225-9477
[2025-11-10 15:49:20,522] INFO: Product saved: Epson T55KD Druckerpatrone (C13T55KD00) Violett OV...
[2025-11-10 15:49:20,523] DEBUG: Fetching details: https://www.kleinanzeigen.de/s-anzeige/epson-druckerpatronen-t711-t714/3241302619-225-1894
[2025-11-10 15:49:22,164] INFO: Product saved: Epson Druckerpatronen T711 T714...
[2025-11-10 15:49:22,165] DEBUG: Fetching details: https://www.kleinanzeigen.de/s-anzeige/epson-druckerpatronen-xl-29-schwarz-blau-gelb-magenta/3241292305-225-1894
[2025-11-10 15:49:24,817] INFO: Product saved: Epson Druckerpatronen XL 29 schwarz blau gelb mage...
[2025-11-10 15:49:25,817] DEBUG: Loading page 2: https://www.kleinanzeigen.de/s-seite:2/Druckerpatrone-Epson/k0
[2025-11-10 15:49:28,093] DEBUG: Found 25 product in the page: 2
[2025-11-10 15:49:28,093] DEBUG: Fetching details: https://www.kleinanzeigen.de/s-anzeige/druckerpatronen-epson-home-xp-familie/3241259349-225-2828
[2025-11-10 15:49:30,454] INFO: Product saved: Druckerpatronen Epson Home XP Familie...
[2025-11-10 15:49:30,455] DEBUG: Fetching details: https://www.kleinanzeigen.de/s-anzeige/epson-druckerpatronen/3241225253-225-1494
[2025-11-10 15:49:32,088] INFO: Product saved: Epson Druckerpatronen...
[2025-11-10 15:49:32,089] DEBUG: Fetching details: https://www.kleinanzeigen.de/s-anzeige/epson-druckerpatronen/3241195317-225-2694
[2025-11-10 15:49:33,763] INFO: Product saved: Epson Druckerpatronen...
[2025-11-10 15:49:33,764] DEBUG: Fetching details: https://www.kleinanzeigen.de/s-anzeige/epson-xp-302-druckerpatronen/3241052815-225-3141
[2025-11-10 15:49:35,168] INFO: Product saved: EPSON XP-302 Druckerpatronen...
[2025-11-10 15:49:35,169] DEBUG: Fetching details: https://www.kleinanzeigen.de/s-anzeige/druckerpatrone-33xl-epson-xp530-540-630-635-640-645/3241050300-225-1904
[2025-11-10 15:49:36,634] INFO: Product saved: Druckerpatrone 33XL Epson xp530/540/630/635/640/64...
[2025-11-10 15:49:36,634] DEBUG: Fetching details: https://www.kleinanzeigen.de/s-anzeige/druckerpatronen-epson-e18xl/3240957160-225-9022
[2025-11-10 15:49:38,058] INFO: Product saved: Druckerpatronen Epson E18XL...
[2025-11-10 15:49:38,058] DEBUG: Fetching details: https://www.kleinanzeigen.de/s-anzeige/druckerpatronen-epson-e18xl/3240957036-225-8773
[2025-11-10 15:49:39,885] INFO: Product saved: Druckerpatronen Epson E18XL...
[2025-11-10 15:49:39,885] DEBUG: Fetching details: https://www.kleinanzeigen.de/s-anzeige/druckerpatronen-epson/3240943195-225-2958
[2025-11-10 15:49:41,411] INFO: Product saved: Druckerpatronen Epson...
[2025-11-10 15:49:41,412] DEBUG: Fetching details: https://www.kleinanzeigen.de/s-anzeige/neue-druckerpatronen-fuer-epson-drucker-wf-3620-und-weitere/3240936290-225-2539
[2025-11-10 15:49:43,179] INFO: Product saved: Neue Druckerpatronen für Epson Drucker WF 3620 und...
[2025-11-10 15:49:43,180] ERROR: Ad parse error: can only concatenate str (not "NoneType") to str
[2025-11-10 15:49:43,181] DEBUG: Fetching details: https://www.kleinanzeigen.de/s-anzeige/original-epson-502-magenta-druckerpatrone-c13t02v34010-/3240840409-225-4308
[2025-11-10 15:49:44,507] INFO: Product saved: Original Epson 502 Magenta Druckerpatrone (C13T02V...
[2025-11-10 15:49:44,508] DEBUG: Fetching details: https://www.kleinanzeigen.de/s-anzeige/druckerpatronen-fuer-epson-xp-drucker/3240811163-225-3439
[2025-11-10 15:49:46,482] INFO: Product saved: Druckerpatronen für Epson xp Drucker...
[2025-11-10 15:49:46,483] DEBUG: Fetching details: https://www.kleinanzeigen.de/s-anzeige/2-epson-druckerpatronen-jeweils-in-bunt-und-schwarzweiss-box/3240807173-225-9298
[2025-11-10 15:49:47,981] INFO: Product saved: 2 × EPSON Druckerpatronen jeweils in Bunt und Schw...
[2025-11-10 15:49:47,982] DEBUG: Fetching details: https://www.kleinanzeigen.de/s-anzeige/druckerpatronen-4-farben-fuer-epson-xp-drucker/3240806291-225-3439
[2025-11-10 15:49:49,357] INFO: Product saved: Druckerpatronen 4 Farben für Epson xp Drucker...
[2025-11-10 15:49:49,358] DEBUG: Fetching details: https://www.kleinanzeigen.de/s-anzeige/druckerpatronen-fuer-ersatz-fuer-epson-t1292-t1293-t1294/3240764935-225-30071
[2025-11-10 15:49:50,622] INFO: Product saved: Druckerpatronen für Ersatz für Epson T1292 T1293 T...
[2025-11-10 15:49:50,623] DEBUG: Fetching details: https://www.kleinanzeigen.de/s-anzeige/druckerpatronen-epson-t129/3240730774-225-4191
[2025-11-10 15:49:51,794] INFO: Product saved: Druckerpatronen Epson T129...
[2025-11-10 15:49:51,796] DEBUG: Fetching details: https://www.kleinanzeigen.de/s-anzeige/druckerpatronen-fuer-epson-e0711-e0712-e0713-e0714/3240700608-225-4934
[2025-11-10 15:49:53,052] INFO: Product saved: Druckerpatronen für Epson E0711 E0712 E0713 E0714...
[2025-11-10 15:49:53,053] DEBUG: Fetching details: https://www.kleinanzeigen.de/s-anzeige/druckerpatronen-epson/3240551579-225-6598
[2025-11-10 15:49:54,661] INFO: Product saved: Druckerpatronen Epson...
[2025-11-10 15:49:54,661] DEBUG: Fetching details: https://www.kleinanzeigen.de/s-anzeige/epson-druckerpatronen-original-magenta-18-und-cyan-18-neu/3240496241-225-27671
[2025-11-10 15:49:56,956] INFO: Product saved: Epson Druckerpatronen original Magenta 18 und Cyan...
[2025-11-10 15:49:56,957] DEBUG: Fetching details: https://www.kleinanzeigen.de/s-anzeige/druckerpatrone-epson-nr-34-black/3240485498-225-966
[2025-11-10 15:49:59,519] INFO: Product saved: Druckerpatrone Epson Nr. 34 black...
[2025-11-10 15:49:59,520] DEBUG: Fetching details: https://www.kleinanzeigen.de/s-anzeige/druckerpatronen-fuer-epson-drucker/3240466087-225-6994
[2025-11-10 15:50:01,325] INFO: Product saved: Druckerpatronen für Epson Drucker...
[2025-11-10 15:50:01,326] DEBUG: Fetching details: https://www.kleinanzeigen.de/s-anzeige/druckerpatrone-schwarz-fuer-epson-stylus/3240342271-225-9245
[2025-11-10 15:50:02,838] INFO: Product saved: Druckerpatrone schwarz für Epson Stylus...
[2025-11-10 15:50:02,838] DEBUG: Fetching details: https://www.kleinanzeigen.de/s-anzeige/epson-druckerpatronen-t9453-t9451-t9454-und-t94542/3240242436-225-615
[2025-11-10 15:50:04,392] INFO: Product saved: Epson Druckerpatronen  T9453 T9451T9454 und T94542...
[2025-11-10 15:50:04,392] DEBUG: Fetching details: https://www.kleinanzeigen.de/s-anzeige/epson-drucker-inkl-6-druckerpatronen/3240138300-225-16396
[2025-11-10 15:50:05,514] INFO: Product saved: Epson Drucker inkl 6 Druckerpatronen...
[2025-11-10 15:50:05,515] DEBUG: Fetching details: https://www.kleinanzeigen.de/s-anzeige/epson-t1295-druckerpatrone-ovp/3240114429-225-30098
[2025-11-10 15:50:06,769] INFO: Product saved: Epson T1295 Druckerpatrone OVP...
[2025-11-10 15:50:07,771] DEBUG: Loading page 3: https://www.kleinanzeigen.de/s-seite:3/Druckerpatrone-Epson/k0
[2025-11-10 15:50:09,355] DEBUG: Found 25 product in the page: 3
[2025-11-10 15:50:09,356] DEBUG: Fetching details: https://www.kleinanzeigen.de/s-anzeige/druckerpatronen-epson/3240065476-225-3632
[2025-11-10 15:50:10,766] INFO: Product saved: Druckerpatronen  Epson...
[2025-11-10 15:50:10,767] DEBUG: Fetching details: https://www.kleinanzeigen.de/s-anzeige/druckerpatronen-hp-und-epson/3240053840-225-10590
[2025-11-10 15:50:12,217] INFO: Product saved: Druckerpatronen HP und Epson...
[2025-11-10 15:50:12,218] DEBUG: Fetching details: https://www.kleinanzeigen.de/s-anzeige/epson-t0714-druckerpatrone-gelb/3240037307-225-8036
[2025-11-10 15:50:13,655] INFO: Product saved: EPSON T0714 Druckerpatrone Gelb...
[2025-11-10 15:50:13,655] ERROR: Ad parse error: can only concatenate str (not "NoneType") to str
[2025-11-10 15:50:13,656] DEBUG: Fetching details: https://www.kleinanzeigen.de/s-anzeige/druckerpatronen-von-epson-603-xl/3240022034-225-8508
[2025-11-10 15:50:15,820] INFO: Product saved: Druckerpatronen von EPSON 603 XL...
[2025-11-10 15:50:15,820] DEBUG: Fetching details: https://www.kleinanzeigen.de/s-anzeige/epson-xp-2205-ein-satz-druckerpatronen/3239908015-225-9670
[2025-11-10 15:50:17,304] INFO: Product saved: Epson XP 2205 + ein Satz Druckerpatronen...
[2025-11-10 15:50:17,304] DEBUG: Fetching details: https://www.kleinanzeigen.de/s-anzeige/druckerpatronen-fuer-epson/3239865425-225-3351
[2025-11-10 15:50:18,807] INFO: Product saved: Druckerpatronen für Epson...
[2025-11-10 15:50:18,808] DEBUG: Fetching details: https://www.kleinanzeigen.de/s-anzeige/2-saetze-epson-druckerpatronen/3239841151-225-760
[2025-11-10 15:50:20,119] INFO: Product saved: 2 Sätze Epson Druckerpatronen...
[2025-11-10 15:50:20,120] DEBUG: Fetching details: https://www.kleinanzeigen.de/s-anzeige/druckerpatronen-fuer-epson-t163-t16xl-blau-gelb-schwarz-je-2-/3239738591-225-8453
[2025-11-10 15:50:21,477] INFO: Product saved: Druckerpatronen für Epson T163 T16XL blau gelb sch...
[2025-11-10 15:50:21,478] DEBUG: Fetching details: https://www.kleinanzeigen.de/s-anzeige/epson-t9661-xxl-schwarz-original-druckerpatrone-c13t966140-neu/3239704094-225-6053
[2025-11-10 15:50:22,867] INFO: Product saved: Epson T9661 XXL schwarz Original Druckerpatrone C1...
[2025-11-10 15:50:22,868] DEBUG: Fetching details: https://www.kleinanzeigen.de/s-anzeige/druckerpatronen-epson/3239678173-225-9185
[2025-11-10 15:50:24,466] INFO: Product saved: Druckerpatronen Epson...
[2025-11-10 15:50:24,467] DEBUG: Fetching details: https://www.kleinanzeigen.de/s-anzeige/epson-druckerpatronen-79xl/3239635623-225-9411
[2025-11-10 15:50:25,955] INFO: Product saved: Epson Druckerpatronen  79XL...
[2025-11-10 15:50:25,956] DEBUG: Fetching details: https://www.kleinanzeigen.de/s-anzeige/druckerpatronen-fuer-epson-drucker/3239573860-225-20252
[2025-11-10 15:50:27,343] INFO: Product saved: Druckerpatronen für Epson Drucker...
[2025-11-10 15:50:27,344] DEBUG: Fetching details: https://www.kleinanzeigen.de/s-anzeige/druckerpatronen-fuer-epson/3239512783-225-3947
[2025-11-10 15:50:28,652] INFO: Product saved: Druckerpatronen für Epson...
[2025-11-10 15:50:28,652] DEBUG: Fetching details: https://www.kleinanzeigen.de/s-anzeige/druckerpatronen-603-xl-epson/3239488331-225-4070
[2025-11-10 15:50:30,781] INFO: Product saved: Druckerpatronen 603 XL Epson...
[2025-11-10 15:50:30,782] DEBUG: Fetching details: https://www.kleinanzeigen.de/s-anzeige/epson-druckerpatronen-multipack-18-yellow-black-magenta/3239455535-225-8411
[2025-11-10 15:50:32,602] INFO: Product saved: Epson - Druckerpatronen Multipack 18 - yellow blac...
[2025-11-10 15:50:32,603] DEBUG: Fetching details: https://www.kleinanzeigen.de/s-anzeige/epson-original-druckerpatrone-schwarz-27xxl-fast-voll-95-/3239415026-225-5632
[2025-11-10 15:50:34,066] INFO: Product saved: Epson Original Druckerpatrone schwarz 27XXL - fast...
[2025-11-10 15:50:34,067] DEBUG: Fetching details: https://www.kleinanzeigen.de/s-anzeige/druckerpatronen-fuer-epson-xp/3239405212-225-291
[2025-11-10 15:50:36,896] INFO: Product saved: Druckerpatronen für Epson XP...
[2025-11-10 15:50:36,896] DEBUG: Fetching details: https://www.kleinanzeigen.de/s-anzeige/druckerpatrone-energy-ink-fuer-epson-603xl-magenta/3239397607-225-1920
[2025-11-10 15:50:39,043] INFO: Product saved: Druckerpatrone Energy-ink für Epson 603XL magenta...
[2025-11-10 15:50:39,043] DEBUG: Fetching details: https://www.kleinanzeigen.de/s-anzeige/epson-xp-520-druckerpatronen-neu-original-verpackt-/3239068436-225-16357
[2025-11-10 15:50:41,711] INFO: Product saved: Epson XP-520 Druckerpatronen neu/ original verpack...
[2025-11-10 15:50:41,712] DEBUG: Fetching details: https://www.kleinanzeigen.de/s-anzeige/druckerpatronen-e33-fuer-epson/3238923130-225-5777
[2025-11-10 15:50:44,795] INFO: Product saved: Druckerpatronen E33 für Epson...
[2025-11-10 15:50:44,797] DEBUG: Fetching details: https://www.kleinanzeigen.de/s-anzeige/epson-druckerpatronen-erdbeere/3238748143-225-6962
[2025-11-10 15:50:46,255] INFO: Product saved: EPSON Druckerpatronen Erdbeere...
[2025-11-10 15:50:46,256] DEBUG: Fetching details: https://www.kleinanzeigen.de/s-anzeige/druckerpatronen-13-stueck-fuer-epson-drucker-wf-3520-dwf-u-a-/3238651161-225-8066
[2025-11-10 15:50:49,746] INFO: Product saved: Druckerpatronen 13 Stück für Epson Drucker WF-3520...
[2025-11-10 15:50:49,747] DEBUG: Fetching details: https://www.kleinanzeigen.de/s-anzeige/druckerpatronen-epson-603/3238641983-225-6936
[2025-11-10 15:50:51,340] INFO: Product saved: Druckerpatronen Epson 603...
[2025-11-10 15:50:51,340] DEBUG: Fetching details: https://www.kleinanzeigen.de/s-anzeige/druckerpatronen-fuer-epson/3238478112-225-2816
[2025-11-10 15:50:52,977] INFO: Product saved: Druckerpatronen für Epson...
[2025-11-10 15:50:53,977] DEBUG: Loading page 4: https://www.kleinanzeigen.de/s-seite:4/Druckerpatrone-Epson/k0
[2025-11-10 15:50:55,227] DEBUG: Found 25 product in the page: 4
[2025-11-10 15:50:55,227] DEBUG: Fetching details: https://www.kleinanzeigen.de/s-anzeige/druckerpatrone-kompatibel-mit-epson-27-black-xl-wecker/3238368238-225-8355
[2025-11-10 15:50:57,039] INFO: Product saved: Druckerpatrone kompatibel mit EPSON 27 Black XL We...
[2025-11-10 15:50:57,039] DEBUG: Fetching details: https://www.kleinanzeigen.de/s-anzeige/druckerpatrone-epson-27-cyan-wecker/3238361972-225-8355
[2025-11-10 15:50:58,239] INFO: Product saved: Druckerpatrone EPSON 27 Cyan Wecker...
[2025-11-10 15:50:58,240] DEBUG: Fetching details: https://www.kleinanzeigen.de/s-anzeige/epson-druckerpatronen-original-fuchs/3238331769-225-9342
[2025-11-10 15:50:59,655] INFO: Product saved: Epson Druckerpatronen original Fuchs...
[2025-11-10 15:50:59,656] DEBUG: Fetching details: https://www.kleinanzeigen.de/s-anzeige/druckerpatronen-modellreihe-epson-to7-bzw-405-/3238327629-225-8746
[2025-11-10 15:51:01,155] INFO: Product saved: Druckerpatronen Modellreihe EPSON TO7 (bzw. 405)...
[2025-11-10 15:51:01,156] ERROR: Ad parse error: can only concatenate str (not "NoneType") to str
[2025-11-10 15:51:01,156] DEBUG: Fetching details: https://www.kleinanzeigen.de/s-anzeige/21-druckerpatronen-fuer-epson-t1281-t1282-t1283-t1284/3238239077-225-5850
[2025-11-10 15:51:02,674] INFO: Product saved: 21 Druckerpatronen für Epson T1281 T1282 T1283 T12...
[2025-11-10 15:51:02,675] DEBUG: Fetching details: https://www.kleinanzeigen.de/s-anzeige/druckerpatrone-epson-t9651-workforcepro-wf-m5298-wf-m5299-wf-m579/3238192995-225-312
[2025-11-10 15:51:04,285] INFO: Product saved: Druckerpatrone Epson T9651 WorkforcePro WF-M5298/W...
[2025-11-10 15:51:04,285] DEBUG: Fetching details: https://www.kleinanzeigen.de/s-anzeige/2-xl-druckerpatronen-gelb-magenta-fuer-epson-workforce-pro-wf3720/3238186841-225-712
[2025-11-10 15:51:07,113] INFO: Product saved: 2 XL Druckerpatronen Gelb+Magenta für Epson WorkFo...
[2025-11-10 15:51:07,114] DEBUG: Fetching details: https://www.kleinanzeigen.de/s-anzeige/druckerpatronen-baugleich-epson-603xl-schwarz-und-farbig/3238121779-225-8913
[2025-11-10 15:51:09,706] INFO: Product saved: Druckerpatronen Baugleich Epson 603XL schwarz und ...
[2025-11-10 15:51:09,707] ERROR: Ad parse error: can only concatenate str (not "NoneType") to str
[2025-11-10 15:51:09,707] ERROR: Ad parse error: can only concatenate str (not "NoneType") to str
[2025-11-10 15:51:09,708] DEBUG: Fetching details: https://www.kleinanzeigen.de/s-anzeige/druckerpatronen-epson/3237821448-225-2741
[2025-11-10 15:51:11,976] INFO: Product saved: Druckerpatronen Epson...
[2025-11-10 15:51:11,978] DEBUG: Fetching details: https://www.kleinanzeigen.de/s-anzeige/3-x-epson-original-druckerpatronen-t0711-h-schwarz/3237809474-225-5750
[2025-11-10 15:51:13,530] INFO: Product saved: 3 x EPSON Original Druckerpatronen - T0711 H - Sch...
[2025-11-10 15:51:13,531] DEBUG: Fetching details: https://www.kleinanzeigen.de/s-anzeige/druckerpatronen-epson-stylus/3237706483-225-9191
[2025-11-10 15:51:16,312] INFO: Product saved: Druckerpatronen EPSON Stylus...
[2025-11-10 15:51:16,313] DEBUG: Fetching details: https://www.kleinanzeigen.de/s-anzeige/druckerpatronen-epson-wf-2630/3237704132-225-1972
[2025-11-10 15:51:21,878] INFO: Product saved: Druckerpatronen Epson WF-2630...
[2025-11-10 15:51:21,879] ERROR: Ad parse error: can only concatenate str (not "NoneType") to str
[2025-11-10 15:51:21,880] ERROR: Ad parse error: list index out of range
[2025-11-10 15:51:21,881] DEBUG: Fetching details: https://www.kleinanzeigen.de/s-anzeige/druckerpatronen-fuer-epson-18-stk-neu/3237624796-225-8080
[2025-11-10 15:51:23,180] INFO: Product saved: Druckerpatronen für Epson 18 STK. neu...
[2025-11-10 15:51:23,181] DEBUG: Fetching details: https://www.kleinanzeigen.de/s-anzeige/druckerpatronen-von-epson-fuer-epson-expression-home-drucker/3237488081-225-9012
[2025-11-10 15:51:24,680] INFO: Product saved: Druckerpatronen von Epson für Epson - Expression H...
[2025-11-10 15:51:24,681] DEBUG: Fetching details: https://www.kleinanzeigen.de/s-anzeige/epson-druckerpatronen-neu/3237444333-225-4630
[2025-11-10 15:51:25,705] INFO: Product saved: Epson Druckerpatronen neu...
[2025-11-10 15:51:25,706] DEBUG: Fetching details: https://www.kleinanzeigen.de/s-anzeige/epson-druckerpatronen-original-und-kompatible/3237287445-225-4293
[2025-11-10 15:51:27,412] INFO: Product saved: Epson Druckerpatronen original und kompatible...
[2025-11-10 15:51:27,413] ERROR: Ad parse error: can only concatenate str (not "NoneType") to str
[2025-11-10 15:51:27,414] DEBUG: Fetching details: https://www.kleinanzeigen.de/s-anzeige/epson-druckerpatronen-toner-79xl-cyan-yellow-magenta/3208946719-225-6888
[2025-11-10 15:51:31,417] INFO: Product saved: Epson Druckerpatronen Toner 79XL Cyan Yellow Magen...
[2025-11-10 15:51:31,418] DEBUG: Fetching details: https://www.kleinanzeigen.de/s-anzeige/epson-29xl-druckerpatrone-schwarz-kompatibel-neu-ovp/3237121574-225-1267
[2025-11-10 15:51:34,770] INFO: Product saved: Epson 29XL Druckerpatrone Schwarz (kompatibel) – N...
[2025-11-10 15:51:34,771] DEBUG: Fetching details: https://www.kleinanzeigen.de/s-anzeige/epson-druckerpatronen/3237066503-225-3547
[2025-11-10 15:51:39,126] INFO: Product saved: Epson Druckerpatronen...
[2025-11-10 15:51:40,127] DEBUG: Loading page 5: https://www.kleinanzeigen.de/s-seite:5/Druckerpatrone-Epson/k0
[2025-11-10 15:51:41,952] DEBUG: Found 25 product in the page: 5
[2025-11-10 15:51:41,953] DEBUG: Fetching details: https://www.kleinanzeigen.de/s-anzeige/epson-drucker-xp215-inklusive-druckerpatronen/3236954378-225-8451
[2025-11-10 15:51:43,908] INFO: Product saved: Epson Drucker XP215 inklusive Druckerpatronen...
[2025-11-10 15:51:43,909] DEBUG: Fetching details: https://www.kleinanzeigen.de/s-anzeige/druckerpatronen-fuer-epson-xp-850/3236834707-225-614
[2025-11-10 15:51:48,101] INFO: Product saved: Druckerpatronen für Epson XP 850...
[2025-11-10 15:51:48,102] DEBUG: Fetching details: https://www.kleinanzeigen.de/s-anzeige/druckerpatronen-ink-epson/3236780776-225-6203
[2025-11-10 15:51:50,423] INFO: Product saved: Druckerpatronen Ink Epson...
[2025-11-10 15:51:50,424] DEBUG: Fetching details: https://www.kleinanzeigen.de/s-anzeige/druckerpatronen-fuer-epson/3236708263-225-16973
[2025-11-10 15:51:51,548] INFO: Product saved: Druckerpatronen für Epson...
[2025-11-10 15:51:51,549] DEBUG: Fetching details: https://www.kleinanzeigen.de/s-anzeige/druckerpatronen-1631-xl-fuer-epson/3236703789-225-3846
[2025-11-10 15:51:53,256] INFO: Product saved: Druckerpatronen  1631 XL für Epson...
[2025-11-10 15:51:53,257] DEBUG: Fetching details: https://www.kleinanzeigen.de/s-anzeige/druckerpatronen-pf1631-pf1632-pf1634-xl-fuer-epson-wf-2750/3236665098-225-6822
[2025-11-10 15:51:54,838] INFO: Product saved: Druckerpatronen PF1631 PF1632PF1634 XL für Epson W...
[2025-11-10 15:51:54,840] DEBUG: Fetching details: https://www.kleinanzeigen.de/s-anzeige/epson-t9651-xl-schwarz-original-druckerpatrone-c13t965140/3236578139-225-9415
[2025-11-10 15:51:56,290] INFO: Product saved: Epson T9651 XL schwarz Original Druckerpatrone C13...
[2025-11-10 15:51:56,291] DEBUG: Fetching details: https://www.kleinanzeigen.de/s-anzeige/5-top-druckerpatronen-fuer-epson-2-x-t1283-3-x-t1294-von-inkswiss/3236566335-225-1745
[2025-11-10 15:51:57,670] INFO: Product saved: 5 TOP Druckerpatronen für Epson 2 x T1283 3 x T129...
[2025-11-10 15:51:57,672] DEBUG: Fetching details: https://www.kleinanzeigen.de/s-anzeige/epson-drucker-xp-225-gebraucht-ohne-druckerpatrone/3236475111-225-1604
[2025-11-10 15:51:59,603] INFO: Product saved: Epson Drucker XP 225 gebraucht ohne Druckerpatrone...
[2025-11-10 15:51:59,603] DEBUG: Fetching details: https://www.kleinanzeigen.de/s-anzeige/druckerpatronen-xl-tinte-epson-t8651/3236390647-225-8892
[2025-11-10 15:52:01,435] INFO: Product saved: Druckerpatronen XL Tinte Epson T8651...
[2025-11-10 15:52:01,435] DEBUG: Fetching details: https://www.kleinanzeigen.de/s-anzeige/druckerpatrone-35xl-schwarz-fuer-epson-drucker-wf-4740-series/3236377490-225-1716
[2025-11-10 15:52:03,101] INFO: Product saved: Druckerpatrone 35XL schwarz für Epson Drucker WF 4...
[2025-11-10 15:52:03,102] DEBUG: Fetching details: https://www.kleinanzeigen.de/s-anzeige/druckerpatronen-epson-1634-gelb-1631-schwarz/3236324895-225-1071
[2025-11-10 15:52:04,313] INFO: Product saved: Druckerpatronen epson 1634 gelb 1631 schwarz...
[2025-11-10 15:52:04,314] DEBUG: Fetching details: https://www.kleinanzeigen.de/s-anzeige/kompatible-epson-druckerpatronen-29-xl/3236284729-225-3972
[2025-11-10 15:52:05,764] INFO: Product saved: Kompatible Epson Druckerpatronen 29 XL...
[2025-11-10 15:52:05,764] DEBUG: Fetching details: https://www.kleinanzeigen.de/s-anzeige/epson-t8504-gelb-druckerpatrone/3236260255-225-3492
[2025-11-10 15:52:07,363] INFO: Product saved: EPSON T8504 gelb Druckerpatrone...
[2025-11-10 15:52:07,364] ERROR: Ad parse error: can only concatenate str (not "NoneType") to str
[2025-11-10 15:52:07,365] DEBUG: Fetching details: https://www.kleinanzeigen.de/s-anzeige/druckerpatronen-epson-originalverpackt/3236073525-225-19030
[2025-11-10 15:52:08,619] INFO: Product saved: Druckerpatronen Epson originalverpackt...
[2025-11-10 15:52:08,620] DEBUG: Fetching details: https://www.kleinanzeigen.de/s-anzeige/epson-stylus-patronen-7-patronen-neu-druckerpatronen/3236046727-225-3437
[2025-11-10 15:52:10,246] INFO: Product saved: Epson Stylus Patronen 7 Patronen neu Druckerpatron...
[2025-11-10 15:52:10,246] DEBUG: Fetching details: https://www.kleinanzeigen.de/s-anzeige/drucker-druckerpatronen-patronen-603-xl-epson/3236031868-93-12917
[2025-11-10 15:52:11,564] INFO: Product saved: Drucker druckerpatronen patronen 603 xl epson...
[2025-11-10 15:52:11,565] DEBUG: Fetching details: https://www.kleinanzeigen.de/s-anzeige/druckerpatronen-von-epson-8-/3236010767-225-2935
[2025-11-10 15:52:14,570] INFO: Product saved: Druckerpatronen  von EPSON   8 €...
[2025-11-10 15:52:14,571] DEBUG: Fetching details: https://www.kleinanzeigen.de/s-anzeige/druckerpatronen-epson-nachfueller-tank-101-102-103-104/3235994352-225-2937
[2025-11-10 15:52:15,962] INFO: Product saved: Druckerpatronen Epson Nachfüller/Tank 101 102 103 ...
[2025-11-10 15:52:15,963] DEBUG: Fetching details: https://www.kleinanzeigen.de/s-anzeige/epson-29-druckerpatronen/3235937918-225-2118
[2025-11-10 15:52:17,119] INFO: Product saved: Epson 29 Druckerpatronen...
[2025-11-10 15:52:17,120] DEBUG: Fetching details: https://www.kleinanzeigen.de/s-anzeige/13-druckerpatronen-fuer-verschiedene-epson-xp-modelle/3235852780-225-7262
[2025-11-10 15:52:18,667] INFO: Product saved: 13 Druckerpatronen für verschiedene EPSON XP Model...
[2025-11-10 15:52:18,667] DEBUG: Fetching details: https://www.kleinanzeigen.de/s-anzeige/epson-druckerpatronen-2-stueck-original-schwarz-/3235785603-225-7262
[2025-11-10 15:52:20,159] INFO: Product saved: EPSON Druckerpatronen (2 Stückoriginal)  schwarz...
[2025-11-10 15:52:20,160] DEBUG: Fetching details: https://www.kleinanzeigen.de/s-anzeige/epson-druckerpatronen/3235750036-225-6956
[2025-11-10 15:52:22,319] INFO: Product saved: epson Druckerpatronen...
[2025-11-10 15:52:22,320] DEBUG: Fetching details: https://www.kleinanzeigen.de/s-anzeige/druckerpatronen-schwarz-fuer-epson/3235710336-225-984
[2025-11-10 15:52:23,747] INFO: Product saved: Druckerpatronen schwarz für Epson...
[2025-11-10 15:52:24,832] INFO: Scraping complete: 3 products
[2025-11-10 15:52:24,867] INFO: Task completed successfully
