[2025-11-09 01:23:58,955] INFO: Task received by worker
[2025-11-09 01:23:58,956] INFO: Starting task: Kleinanzeigen Product Scraper
[2025-11-09 01:23:58,956] DEBUG: Input data: {
  "searchQuery": "Druckerpatrone",
  "maxPages": 5,
  "brands": [
    {
      "brand": "Canon"
    }
  ]
}
[2025-11-09 01:23:59,363] INFO: Scraping 1 brand(s): Canon
[2025-11-09 01:24:01,302] INFO: Processing brand: Canon
[2025-11-09 01:24:01,678] DEBUG: Loading page 1: https://www.kleinanzeigen.de/s-Druckerpatrone-Canon/k0
[2025-11-09 01:24:06,893] DEBUG: Found 27 product in the page: 1
[2025-11-09 01:24:06,895] DEBUG: Fetching details: https://www.kleinanzeigen.de/s-anzeige/ankauf-ihrer-leeren-canon-und-hp-305-hp-305xl-hp-307xl-hp-304-hp-304xl-hp-303-hp-303xl-hp-302-hp-302xl-hp-301-301xl-62-62xl-300-300xl-901-leere-patronen-volle-ueberlagerte-druckerpatronen-toner/1764977037-225-9683
[2025-11-09 01:24:11,434] INFO: Product saved: Ankauf Ihrer leeren Canon und HP 305 HP 305XL HP 3...
[2025-11-09 01:24:11,435] DEBUG: Fetching details: https://www.kleinanzeigen.de/s-anzeige/ankauf-ihrer-leeren-vollen-hp-und-canon-540-541-545-546-560-561-575-576-585-586-510-511-512-513-40-41-37-38-50-51-leere-volle-ueberlagerte-druckerpatronen-tintenpatronen-toner-hp-62-302-303-304-305/1117663714-225-9683
[2025-11-09 01:24:13,985] INFO: Product saved: Ankauf Ihrer leeren vollen HP und Canon 540 541 54...
[2025-11-09 01:24:13,987] DEBUG: Fetching details: https://www.kleinanzeigen.de/s-anzeige/5x-druckerpatronen-neu-tintenpatronen-toner-f-drucker-canon/3240361746-225-3877
[2025-11-09 01:24:16,694] INFO: Product saved: 5x DRUCKERPATRONEN -NEU- TINTENPATRONEN TONER f.Dr...
[2025-11-09 01:24:16,696] DEBUG: Fetching details: https://www.kleinanzeigen.de/s-anzeige/canon-druckerpatronen-570-571-incl-canon-ts5055/3240340319-225-922
[2025-11-09 01:24:18,982] INFO: Product saved: Canon Druckerpatronen 570/571 incl. Canon TS5055...
[2025-11-09 01:24:18,984] DEBUG: Fetching details: https://www.kleinanzeigen.de/s-anzeige/druckerpatronen-fuer-canon-pixma-drucker/3240337721-225-26046
[2025-11-09 01:24:20,947] INFO: Product saved: Druckerpatronen für Canon Pixma Drucker...
[2025-11-09 01:24:20,949] DEBUG: Fetching details: https://www.kleinanzeigen.de/s-anzeige/2-druckerpatronen-fuer-canon-drucker-pg545xl-cl546xl-/3240335923-225-4571
[2025-11-09 01:24:22,924] INFO: Product saved: 2 Druckerpatronen für Canon Drucker: PG545XLCL546X...
[2025-11-09 01:24:22,925] DEBUG: Fetching details: https://www.kleinanzeigen.de/s-anzeige/druckerpatronen-canon-ts-7450a/3240330396-225-16973
[2025-11-09 01:24:24,677] INFO: Product saved: Druckerpatronen Canon TS 7450a...
[2025-11-09 01:24:24,679] DEBUG: Fetching details: https://www.kleinanzeigen.de/s-anzeige/28x-druckerpatronen-tintenpartonen-canon-drucker-551-und-550/3240304614-225-4711
[2025-11-09 01:24:26,453] INFO: Product saved: 28x Druckerpatronen Tintenpartonen Canon  Drucker ...
[2025-11-09 01:24:26,455] DEBUG: Fetching details: https://www.kleinanzeigen.de/s-anzeige/3x-original-canon-cli-551-xl-druckerpatronen-neu-druckertinte/3240302834-225-7924
[2025-11-09 01:24:28,025] INFO: Product saved: 3x Original Canon CLI 551 (XL) Druckerpatronen  ne...
[2025-11-09 01:24:28,026] DEBUG: Fetching details: https://www.kleinanzeigen.de/s-anzeige/lxtek-druckerpatronen-580-581-multipack-kompatibel-fuer-canon-tr85/3240292302-225-9602
[2025-11-09 01:24:29,680] INFO: Product saved: LxTek Druckerpatronen 580 581 Multipack Kompatibel...
[2025-11-09 01:24:29,685] DEBUG: Fetching details: https://www.kleinanzeigen.de/s-anzeige/druckerpatrone-canon-ts-7450a-pg-560xl-black/3240205781-225-16973
[2025-11-09 01:24:31,297] INFO: Product saved: Druckerpatrone Canon TS 7450a PG-560XL black...
[2025-11-09 01:24:31,298] DEBUG: Fetching details: https://www.kleinanzeigen.de/s-anzeige/canon-pixmal-druckerpatronen-neu-blau-rot-schwarz-geld/3240195102-225-2490
[2025-11-09 01:24:33,511] INFO: Product saved: Canon Pixmal Druckerpatronen neu blau rot schwarz ...
[2025-11-09 01:24:33,513] DEBUG: Fetching details: https://www.kleinanzeigen.de/s-anzeige/canon-pg-575-druckerpatrone/3240195077-225-25295
[2025-11-09 01:24:36,055] INFO: Product saved: Canon PG 575 Druckerpatrone...
[2025-11-09 01:24:36,063] DEBUG: Fetching details: https://www.kleinanzeigen.de/s-anzeige/druckerpatronen-mit-chip-fuer-canon-drucker-kopierer/3240186983-225-4104
[2025-11-09 01:24:39,049] INFO: Product saved: Druckerpatronen mit Chip für Canon Drucker  / Kopi...
[2025-11-09 01:24:39,051] DEBUG: Fetching details: https://www.kleinanzeigen.de/s-anzeige/druckerpatronen-canon/3240186887-225-16366
[2025-11-09 01:24:41,149] INFO: Product saved: Druckerpatronen Canon...
[2025-11-09 01:24:41,151] DEBUG: Fetching details: https://www.kleinanzeigen.de/s-anzeige/druckerpatronen-fuer-canon-drucker/3240119637-225-5424
[2025-11-09 01:24:42,957] INFO: Product saved: Druckerpatronen für Canon Drucker...
[2025-11-09 01:24:42,960] DEBUG: Fetching details: https://www.kleinanzeigen.de/s-anzeige/druckerpatronen-canon-mg-6150/3240111041-225-8830
[2025-11-09 01:24:54,168] INFO: Product saved: Druckerpatronen canon mg 6150...
[2025-11-09 01:24:54,170] DEBUG: Fetching details: https://www.kleinanzeigen.de/s-anzeige/druckerpatronen-canon-mg-6150/3240111039-225-8830
[2025-11-09 01:25:05,640] INFO: Product saved: Druckerpatronen canon mg 6150...
[2025-11-09 01:25:05,641] DEBUG: Fetching details: https://www.kleinanzeigen.de/s-anzeige/kompatibel-canon-pgi-570xl-cli-571xl-druckerpatronen-multipack/3240095927-225-9419
[2025-11-09 01:25:07,694] INFO: Product saved: Kompatibel Canon PGI-570XL/CLI-571XL Druckerpatron...
[2025-11-09 01:25:07,695] DEBUG: Fetching details: https://www.kleinanzeigen.de/s-anzeige/druckerpatronen-canon-pixma/3240072819-93-8594
[2025-11-09 01:25:09,446] INFO: Product saved: Druckerpatronen Canon Pixma...
[2025-11-09 01:25:09,446] ERROR: Ad parse error: can only concatenate str (not "NoneType") to str
[2025-11-09 01:25:09,448] DEBUG: Fetching details: https://www.kleinanzeigen.de/s-anzeige/4-kompatible-druckerpatronen-canon-pixma/3239990973-225-7980
[2025-11-09 01:25:11,648] INFO: Product saved: 4 kompatible Druckerpatronen Canon Pixma...
[2025-11-09 01:25:11,650] DEBUG: Fetching details: https://www.kleinanzeigen.de/s-anzeige/druckerpatronen-canon-526/3239980805-225-7527
[2025-11-09 01:25:13,301] INFO: Product saved: Druckerpatronen Canon 526...
[2025-11-09 01:25:13,306] DEBUG: Fetching details: https://www.kleinanzeigen.de/s-anzeige/druckerpatronen-xl-canon/3239936651-225-3460
[2025-11-09 01:25:14,778] INFO: Product saved: Druckerpatronen XL Canon...
[2025-11-09 01:25:14,780] DEBUG: Fetching details: https://www.kleinanzeigen.de/s-anzeige/druckerpatrone-canon-540-black-pg-540/3239901733-225-7422
[2025-11-09 01:25:16,209] INFO: Product saved: Druckerpatrone Canon 540 Black - PG-540...
[2025-11-09 01:25:16,211] DEBUG: Fetching details: https://www.kleinanzeigen.de/s-anzeige/atopink-pg540xl-schwarz-druckerpatrone-pg-540-xl-canon/3239898527-225-9358
[2025-11-09 01:25:17,821] INFO: Product saved: ATOPINK  PG540XL schwarz Druckerpatrone PG-540 XL ...
[2025-11-09 01:25:17,822] DEBUG: Fetching details: https://www.kleinanzeigen.de/s-anzeige/canon-580-581-druckerpatronen-neu/3239841199-225-3199
[2025-11-09 01:25:19,420] INFO: Product saved: Canon 580/581 Druckerpatronen neu...
[2025-11-09 01:25:20,421] DEBUG: Loading page 2: https://www.kleinanzeigen.de/s-seite:2/Druckerpatrone-Canon/k0
[2025-11-09 01:25:22,365] DEBUG: Found 25 product in the page: 2
[2025-11-09 01:25:22,367] ERROR: Ad parse error: can only concatenate str (not "NoneType") to str
[2025-11-09 01:25:22,368] DEBUG: Fetching details: https://www.kleinanzeigen.de/s-anzeige/druckerpatronen-canon-kompatibel/3239809319-225-6800
[2025-11-09 01:25:24,250] INFO: Product saved: Druckerpatronen Canon kompatibel...
[2025-11-09 01:25:24,251] DEBUG: Fetching details: https://www.kleinanzeigen.de/s-anzeige/canon-580-581-druckerpatronen-in-farbe-und-in-schwarz/3239768057-225-1007
[2025-11-09 01:25:26,065] INFO: Product saved: Canon 580/581 Druckerpatronen in Farbe und in schw...
[2025-11-09 01:25:26,066] DEBUG: Fetching details: https://www.kleinanzeigen.de/s-anzeige/2x-canon-pg-512-druckerpatronen-schwarz/3239751012-225-4255
[2025-11-09 01:25:27,981] INFO: Product saved: 2x Canon PG-512 Druckerpatronen schwarz...
[2025-11-09 01:25:27,982] DEBUG: Fetching details: https://www.kleinanzeigen.de/s-anzeige/druckerpatronen-canon-540xl-541xl-neu-und-originalverpackt/3239730587-225-6080
[2025-11-09 01:25:29,645] INFO: Product saved: Druckerpatronen Canon 540XL / 541XL neu und origin...
[2025-11-09 01:25:29,647] DEBUG: Fetching details: https://www.kleinanzeigen.de/s-anzeige/canon-540-xl-schwarz-druckerpatronen-tintenpatronen-kompatibel/3239717827-225-9518
[2025-11-09 01:25:31,168] INFO: Product saved: Canon 540 XL schwarz Druckerpatronen Tintenpatrone...
[2025-11-09 01:25:31,170] DEBUG: Fetching details: https://www.kleinanzeigen.de/s-anzeige/canon-pixma-druckerpatronen-525-schwarz-und-526-bunt-/3239715272-225-7981
[2025-11-09 01:25:34,390] INFO: Product saved: Canon PIXMA Druckerpatronen 525 (schwarz) und 526 ...
[2025-11-09 01:25:34,392] DEBUG: Fetching details: https://www.kleinanzeigen.de/s-anzeige/canon-545-xl-546-xl-druckerpatronen-tintenpatronen-kompatibel/3239714827-225-9518
[2025-11-09 01:25:36,126] INFO: Product saved: Canon 545 XL 546 XL Druckerpatronen Tintenpatronen...
[2025-11-09 01:25:36,129] DEBUG: Fetching details: https://www.kleinanzeigen.de/s-anzeige/druckerpatronen-fuer-canon-11st-/3239713126-225-2074
[2025-11-09 01:25:37,902] INFO: Product saved: Druckerpatronen für Canon 11St....
[2025-11-09 01:25:37,905] DEBUG: Fetching details: https://www.kleinanzeigen.de/s-anzeige/druckerpatronen-fuer-canon/3239708969-225-3810
[2025-11-09 01:25:40,178] INFO: Product saved: Druckerpatronen für Canon...
[2025-11-09 01:25:40,180] DEBUG: Fetching details: https://www.kleinanzeigen.de/s-anzeige/druckerpatronen-fuer-canon/3239643467-225-2303
[2025-11-09 01:25:41,999] INFO: Product saved: Druckerpatronen für Canon...
[2025-11-09 01:25:42,002] DEBUG: Fetching details: https://www.kleinanzeigen.de/s-anzeige/canon-druckerpatronen-original-verpackt-cli-8m-y-c-5/3239555091-225-1522
[2025-11-09 01:25:45,144] INFO: Product saved: Canon Druckerpatronen Original verpackt CLI-8M-Y-C...
[2025-11-09 01:25:45,148] DEBUG: Fetching details: https://www.kleinanzeigen.de/s-anzeige/d-c-druckerpatronen-fuer-canon-drucker-tintenpatronen/3239539705-225-1889
[2025-11-09 01:25:47,524] INFO: Product saved: D&C Druckerpatronen für Canon Drucker Tintenpatron...
[2025-11-09 01:25:47,525] DEBUG: Fetching details: https://www.kleinanzeigen.de/s-anzeige/druckerpatronen-kompatibel-fuer-canon-pixma/3239527902-225-7138
[2025-11-09 01:25:49,734] INFO: Product saved: Druckerpatronen Kompatibel für Canon Pixma...
[2025-11-09 01:25:49,741] DEBUG: Fetching details: https://www.kleinanzeigen.de/s-anzeige/2-stueck-neue-originale-canon-druckerpatronen-571-bk-schwarz-/3239489066-225-3364
[2025-11-09 01:25:51,864] INFO: Product saved: 2 Stück neue originale Canon Druckerpatronen 571 (...
[2025-11-09 01:25:51,868] ERROR: Ad parse error: can only concatenate str (not "NoneType") to str
[2025-11-09 01:25:51,870] DEBUG: Fetching details: https://www.kleinanzeigen.de/s-anzeige/druckerpatronen-multipack-canon-pg-40-cl-41-schwarz-farbig-28-ml/3239354325-225-4164
[2025-11-09 01:25:53,632] INFO: Product saved: Druckerpatronen MultiPack Canon PG-40+CL-41 schwar...
[2025-11-09 01:25:53,634] DEBUG: Fetching details: https://www.kleinanzeigen.de/s-anzeige/10-druckerpatronen-kompatibel-fuer-canon-pixma/3239257562-225-1125
[2025-11-09 01:25:55,821] INFO: Product saved: 10 Druckerpatronen kompatibel für Canon Pixma...
[2025-11-09 01:25:55,823] DEBUG: Fetching details: https://www.kleinanzeigen.de/s-anzeige/druckerpatronen-fuer-canon-xp-452-455-serie-gegen-eine-kleinigkeit/3239166472-225-5968
[2025-11-09 01:25:57,661] INFO: Product saved: Druckerpatronen für Canon XP-452 455 Serie gegen e...
[2025-11-09 01:25:57,663] DEBUG: Fetching details: https://www.kleinanzeigen.de/s-anzeige/druckerpatronen-fuer-canon-prixma/3239134166-225-4057
[2025-11-09 01:25:59,369] INFO: Product saved: Druckerpatronen für Canon Prixma...
[2025-11-09 01:25:59,370] DEBUG: Fetching details: https://www.kleinanzeigen.de/s-anzeige/druckerpatronen-canon/3239101899-225-2862
[2025-11-09 01:26:01,491] INFO: Product saved: Druckerpatronen Canon...
[2025-11-09 01:26:01,494] DEBUG: Fetching details: https://www.kleinanzeigen.de/s-anzeige/druckerpatronen-canon-mp550/3239086367-225-7328
[2025-11-09 01:26:03,805] INFO: Product saved: Druckerpatronen Canon MP550...
[2025-11-09 01:26:03,812] DEBUG: Fetching details: https://www.kleinanzeigen.de/s-anzeige/-10-druckerpatronen-571xl-cgi-571-xl-fuer-canon-ts8050-u-a-/3239055184-225-4754
[2025-11-09 01:26:05,857] INFO: Product saved: ⭐⭐⭐ 10 Druckerpatronen 571XL (CGI-571 XL) für Cano...
[2025-11-09 01:26:05,860] DEBUG: Fetching details: https://www.kleinanzeigen.de/s-anzeige/canon-druckerpatronen-original-verpackung-/3238998097-225-8255
[2025-11-09 01:26:07,892] INFO: Product saved: Canon Druckerpatronen (original Verpackung)...
[2025-11-09 01:26:07,893] DEBUG: Fetching details: https://www.kleinanzeigen.de/s-anzeige/original-druckerpatronen-canon-mp-280pixma-510-black/3238983702-225-1732
[2025-11-09 01:26:09,547] INFO: Product saved: original Druckerpatronen Canon MP 280pixma 510 bla...
[2025-11-09 01:26:10,552] DEBUG: Loading page 3: https://www.kleinanzeigen.de/s-seite:3/Druckerpatrone-Canon/k0
[2025-11-09 01:26:13,079] DEBUG: Found 25 product in the page: 3
[2025-11-09 01:26:13,080] DEBUG: Fetching details: https://www.kleinanzeigen.de/s-anzeige/canon-druckerpatronen-pgi-550-cli-551-34-st-ip7250-mg-5400etc/3238965507-225-9212
[2025-11-09 01:26:14,541] INFO: Product saved: Canon Druckerpatronen PGI-550/CLI-551 * 34 St. IP7...
[2025-11-09 01:26:14,542] DEBUG: Fetching details: https://www.kleinanzeigen.de/s-anzeige/druckerpatronen-canon-pixma/3238957151-225-19404
[2025-11-09 01:26:16,463] INFO: Product saved: Druckerpatronen Canon Pixma...
[2025-11-09 01:26:16,464] DEBUG: Fetching details: https://www.kleinanzeigen.de/s-anzeige/5x-druckerpatrone-fuer-canon-komp-mit-pg-525-schwarz/3238956351-225-14101
[2025-11-09 01:26:19,450] INFO: Product saved: 5x Druckerpatrone für Canon (Komp. mit PG 525) sch...
[2025-11-09 01:26:19,452] DEBUG: Fetching details: https://www.kleinanzeigen.de/s-anzeige/bubprint-druckerpatronen-fuer-canon-pixma-ip/3238884513-225-4763
[2025-11-09 01:26:21,219] INFO: Product saved: Bubprint Druckerpatronen für Canon Pixma IP...
[2025-11-09 01:26:21,221] DEBUG: Fetching details: https://www.kleinanzeigen.de/s-anzeige/canon-716-original-druckerpatronen-schwarz-cyan-magenta-gelb/3238825630-225-3258
[2025-11-09 01:26:22,655] INFO: Product saved: Canon 716 Original Druckerpatronen schwarz cyan ma...
[2025-11-09 01:26:22,659] DEBUG: Fetching details: https://www.kleinanzeigen.de/s-anzeige/druckerpatronen-canon-570-71-kostenl-versand/3238814113-225-15769
[2025-11-09 01:26:24,284] INFO: Product saved: Druckerpatronen Canon 570/71 kostenl. Versand...
[2025-11-09 01:26:24,286] DEBUG: Fetching details: https://www.kleinanzeigen.de/s-anzeige/canon-multipack-druckerpatronen-set/3238757741-225-5191
[2025-11-09 01:26:26,168] INFO: Product saved: Canon Multipack Druckerpatronen Set...
[2025-11-09 01:26:26,170] DEBUG: Fetching details: https://www.kleinanzeigen.de/s-anzeige/26-canon-druckerpatronen-komp-zu-cli-526/3238735403-225-1974
[2025-11-09 01:26:28,070] INFO: Product saved: 26 Canon Druckerpatronen komp. zu CLI 526...
[2025-11-09 01:26:28,071] ERROR: Ad parse error: can only concatenate str (not "NoneType") to str
[2025-11-09 01:26:28,075] DEBUG: Fetching details: https://www.kleinanzeigen.de/s-anzeige/druckerpatronen-fuer-canon-drucker-gem-aufdruck/3238672402-225-922
[2025-11-09 01:26:29,485] INFO: Product saved: Druckerpatronen für Canon Drucker gem. Aufdruck...
[2025-11-09 01:26:29,487] DEBUG: Fetching details: https://www.kleinanzeigen.de/s-anzeige/canon-pixma-druckerpatrone-576-color/3238645730-225-4727
[2025-11-09 01:26:31,533] INFO: Product saved: Canon PIXMA Druckerpatrone 576 Color...
[2025-11-09 01:26:31,535] DEBUG: Fetching details: https://www.kleinanzeigen.de/s-anzeige/3-leere-druckerpatronen-canon-hp-/3238612503-225-353
[2025-11-09 01:26:33,078] INFO: Product saved: 3 Leere Druckerpatronen (Canon HP)...
[2025-11-09 01:26:33,079] DEBUG: Fetching details: https://www.kleinanzeigen.de/s-anzeige/druckerpatronen-6x-fuer-canon-pixma-ip-mp-mx/3238609304-225-1158
[2025-11-09 01:26:34,667] INFO: Product saved: Druckerpatronen 6x für Canon PIXMA IP MP MX...
[2025-11-09 01:26:34,668] DEBUG: Fetching details: https://www.kleinanzeigen.de/s-anzeige/druckerpatronen-canon-gelb-schwarz-magenta/3238589905-225-150
[2025-11-09 01:26:36,229] INFO: Product saved: Druckerpatronen Canon gelb schwarz magenta...
[2025-11-09 01:26:36,230] ERROR: Ad parse error: can only concatenate str (not "NoneType") to str
[2025-11-09 01:26:36,231] DEBUG: Fetching details: https://www.kleinanzeigen.de/s-anzeige/druckerpatronen-canon-c550-551-xl/3238512363-225-1100
[2025-11-09 01:26:38,156] INFO: Product saved: Druckerpatronen Canon C550 / 551 XL...
[2025-11-09 01:26:38,157] DEBUG: Fetching details: https://www.kleinanzeigen.de/s-anzeige/wegen-druckerwechsel-druckerpatronen-fuer-canon-pixma-ip-mp-mx/3238504383-225-3731
[2025-11-09 01:26:39,867] INFO: Product saved: Wegen Druckerwechsel Druckerpatronen für Canon Pix...
[2025-11-09 01:26:39,869] DEBUG: Fetching details: https://www.kleinanzeigen.de/s-anzeige/druckerpatronen-multipack-canon-mx925/3238497617-225-1101
[2025-11-09 01:26:41,522] INFO: Product saved: DRUCKERPATRONEN Multipack Canon Mx925...
[2025-11-09 01:26:41,523] DEBUG: Fetching details: https://www.kleinanzeigen.de/s-anzeige/kompatible-druckerpatronen-konvolut-550xl-551xl-fuer-canon/3238488603-225-25427
[2025-11-09 01:26:43,152] INFO: Product saved: Kompatible Druckerpatronen-Konvolut 550XL/551XL *f...
[2025-11-09 01:26:43,154] DEBUG: Fetching details: https://www.kleinanzeigen.de/s-anzeige/pureink-druckerpatrone-canon-pg540xl-cl541xl-multipack/3238473129-225-19904
[2025-11-09 01:26:45,172] INFO: Product saved: PureInk Druckerpatrone Canon PG540XL/CL541XL Multi...
[2025-11-09 01:26:45,173] DEBUG: Fetching details: https://www.kleinanzeigen.de/s-anzeige/-druckerpatrone-original-canon-cl-541-xl-neu-/3238464292-225-3811
[2025-11-09 01:26:47,674] INFO: Product saved: ++ Druckerpatrone original Canon CL-541 XL  / Neu ...
[2025-11-09 01:26:47,676] DEBUG: Fetching details: https://www.kleinanzeigen.de/s-anzeige/druckerpatronen-525-und-526-u-a-fuer-canon-pixma/3238463403-225-5589
[2025-11-09 01:26:50,049] INFO: Product saved: Druckerpatronen 525 und 526 u.a. für Canon Pixma...
[2025-11-09 01:26:50,051] DEBUG: Fetching details: https://www.kleinanzeigen.de/s-anzeige/3x-original-canon-druckerpatronen/3238449183-225-4719
[2025-11-09 01:26:51,687] INFO: Product saved: 3x original Canon Druckerpatronen...
[2025-11-09 01:26:51,691] DEBUG: Fetching details: https://www.kleinanzeigen.de/s-anzeige/druckerpatronen-canon-bci-10-schwarz-und-bci-11-farbe-/3238425240-225-1170
[2025-11-09 01:26:53,455] INFO: Product saved: Druckerpatronen Canon BCI-10 (schwarz) und BCI-11 ...
[2025-11-09 01:26:53,456] DEBUG: Fetching details: https://www.kleinanzeigen.de/s-anzeige/canon-545-546-druckerpatronen/3238402494-225-1020
[2025-11-09 01:26:55,577] INFO: Product saved: Canon 545/546 Druckerpatronen...
[2025-11-09 01:26:56,578] DEBUG: Loading page 4: https://www.kleinanzeigen.de/s-seite:4/Druckerpatrone-Canon/k0
[2025-11-09 01:26:59,022] DEBUG: Found 25 product in the page: 4
[2025-11-09 01:26:59,024] DEBUG: Fetching details: https://www.kleinanzeigen.de/s-anzeige/druckerpatronen-kompatibel-canon/3238377989-225-13234
[2025-11-09 01:27:00,993] INFO: Product saved: Druckerpatronen kompatibel Canon...
[2025-11-09 01:27:00,994] ERROR: Ad parse error: can only concatenate str (not "NoneType") to str
[2025-11-09 01:27:00,995] DEBUG: Fetching details: https://www.kleinanzeigen.de/s-anzeige/druckerpatronen-fuer-drucker-von-canon-pixma-5250/3238347854-225-4684
[2025-11-09 01:27:02,894] INFO: Product saved: Druckerpatronen für Drucker von Canon PIXMA 5250...
[2025-11-09 01:27:02,899] DEBUG: Fetching details: https://www.kleinanzeigen.de/s-anzeige/canon-druckerpatronen-pixma-520-521-neu/3238300144-225-1791
[2025-11-09 01:27:04,568] INFO: Product saved: Canon Druckerpatronen Pixma  520/521  Neu...
[2025-11-09 01:27:04,570] DEBUG: Fetching details: https://www.kleinanzeigen.de/s-anzeige/canon-druckerpatrone-cli-36-chromalife-100-pack-mit-100-blatt/3238283607-225-21142
[2025-11-09 01:27:06,947] INFO: Product saved: Canon Druckerpatrone CLI-36 „ChromaLife 100 Pack“ ...
[2025-11-09 01:27:06,949] DEBUG: Fetching details: https://www.kleinanzeigen.de/s-anzeige/canon-druckerpatronen-multipack-blau-magenta-gelb/3238274463-225-8203
[2025-11-09 01:27:10,679] INFO: Product saved: Canon Druckerpatronen Multipack blau magenta gelb...
[2025-11-09 01:27:10,681] DEBUG: Fetching details: https://www.kleinanzeigen.de/s-anzeige/logic-seek-druckerpatronen-fuer-canon-drucker/3238262334-225-2418
[2025-11-09 01:27:14,395] INFO: Product saved: Logic- Seek-Druckerpatronen für Canon Drucker...
[2025-11-09 01:27:14,400] DEBUG: Fetching details: https://www.kleinanzeigen.de/s-anzeige/druckerpatronen-kompatibel-canon-pixma-ts8050-u-a-/3238247738-225-20581
[2025-11-09 01:27:18,966] INFO: Product saved: Druckerpatronen Kompatibel Canon Pixma TS8050 u. a...
[2025-11-09 01:27:18,973] DEBUG: Fetching details: https://www.kleinanzeigen.de/s-anzeige/canon-pixmar-mx475-unbenutzte-druckerpatrone-schwarz/3238235574-225-5067
[2025-11-09 01:27:21,351] INFO: Product saved: Canon Pixmar mx475 + unbenutzte Druckerpatrone sch...
[2025-11-09 01:27:21,353] DEBUG: Fetching details: https://www.kleinanzeigen.de/s-anzeige/canon-druckerpatronen-581-xl-multipack-mit-fotopapier/3238108083-225-1176
[2025-11-09 01:27:23,072] INFO: Product saved: CANON Druckerpatronen 581 XL Multipack mit Fotopap...
[2025-11-09 01:27:23,074] DEBUG: Fetching details: https://www.kleinanzeigen.de/s-anzeige/druckerpatronen-cli-521-neu-bk-y-patronen-drucker-canon/3238105211-225-7357
[2025-11-09 01:27:25,445] INFO: Product saved: Druckerpatronen CLI 521 Neu BK Y Patronen Drucker ...
[2025-11-09 01:27:25,449] DEBUG: Fetching details: https://www.kleinanzeigen.de/s-anzeige/druckerpatronen-fuer-canon/3237956446-225-9353
[2025-11-09 01:27:27,920] INFO: Product saved: Druckerpatronen für Canon...
[2025-11-09 01:27:27,922] DEBUG: Fetching details: https://www.kleinanzeigen.de/s-anzeige/canon-druckerpatronen-pg-40-cl-41-mcvp-multipack/3237946140-225-1908
[2025-11-09 01:27:29,621] INFO: Product saved: Canon Druckerpatronen PG-40+CL-41 MCVP Multipack...
[2025-11-09 01:27:29,623] DEBUG: Fetching details: https://www.kleinanzeigen.de/s-anzeige/druckerpatronen-canon-pixma/3237931733-225-8639
[2025-11-09 01:27:31,151] INFO: Product saved: Druckerpatronen Canon Pixma...
[2025-11-09 01:27:31,152] DEBUG: Fetching details: https://www.kleinanzeigen.de/s-anzeige/druckerpatronen-cli-526-pgi-525-canon-pixma-nicht-original/3237925069-225-5919
[2025-11-09 01:27:33,701] INFO: Product saved: Druckerpatronen  CLI 526 PGI 525 Canon Pixma nicht...
[2025-11-09 01:27:33,707] DEBUG: Fetching details: https://www.kleinanzeigen.de/s-anzeige/druckerpatronen-bubprint-7-stueck-fuer-canon-pgi550-cli551-neu-ovp/3237899858-225-4561
[2025-11-09 01:27:35,168] INFO: Product saved: Druckerpatronen Bubprint 7 Stück für Canon PGI550 ...
[2025-11-09 01:27:35,170] DEBUG: Fetching details: https://www.kleinanzeigen.de/s-anzeige/8-x-druckerpatronen-pgi-550-und-cli-551-fuer-canon/3237893921-225-6812
[2025-11-09 01:27:36,811] INFO: Product saved: 8 x Druckerpatronen PGI-550 und CLI-551  für Canon...
[2025-11-09 01:27:36,813] DEBUG: Fetching details: https://www.kleinanzeigen.de/s-anzeige/canon-druckerpatronen/3237867447-225-392
[2025-11-09 01:27:38,379] INFO: Product saved: Canon Druckerpatronen...
[2025-11-09 01:27:38,382] DEBUG: Fetching details: https://www.kleinanzeigen.de/s-anzeige/29-canon-druckerpatronen/3237862210-225-1091
[2025-11-09 01:27:39,780] INFO: Product saved: 29 Canon Druckerpatronen...
[2025-11-09 01:27:39,781] ERROR: Ad parse error: can only concatenate str (not "NoneType") to str
[2025-11-09 01:27:39,782] DEBUG: Fetching details: https://www.kleinanzeigen.de/s-anzeige/druckerpatronen-fuer-canon-cli-520-521-neuwertig/3237800505-225-6654
[2025-11-09 01:27:41,558] INFO: Product saved: Druckerpatronen für Canon CLI 520/521 NEUWERTIG...
[2025-11-09 01:27:41,559] DEBUG: Fetching details: https://www.kleinanzeigen.de/s-anzeige/canon-druckerpatrone-545-xl-black-und-546-xl-color/3237703974-225-20208
[2025-11-09 01:27:43,239] INFO: Product saved: Canon Druckerpatrone 545 XL Black und 546 XL Color...
[2025-11-09 01:27:43,241] DEBUG: Fetching details: https://www.kleinanzeigen.de/s-anzeige/neu-druckerpatrone-canon-pg-240-xlbkw/3237671194-225-9462
[2025-11-09 01:27:45,136] INFO: Product saved: NEU Druckerpatrone Canon PG-240 XLBKw...
[2025-11-09 01:27:45,138] DEBUG: Fetching details: https://www.kleinanzeigen.de/s-anzeige/druckerpatronen-canon/3237610271-225-5951
[2025-11-09 01:27:47,747] INFO: Product saved: Druckerpatronen Canon...
[2025-11-09 01:27:47,750] DEBUG: Fetching details: https://www.kleinanzeigen.de/s-anzeige/neu-druckerpatronen-canon-mx-925/3237584385-225-20082
[2025-11-09 01:27:51,002] INFO: Product saved: NEU - Druckerpatronen Canon MX 925...
[2025-11-09 01:27:52,003] DEBUG: Loading page 5: https://www.kleinanzeigen.de/s-seite:5/Druckerpatrone-Canon/k0
[2025-11-09 01:27:54,884] DEBUG: Found 25 product in the page: 5
[2025-11-09 01:27:54,886] DEBUG: Fetching details: https://www.kleinanzeigen.de/s-anzeige/druckerpatronen-multipack-fuer-canon-drucker-z-b-ip4900-neu/3237582419-225-1023
[2025-11-09 01:27:57,669] INFO: Product saved: Druckerpatronen Multipack für CANON DRUCKER z.B. i...
[2025-11-09 01:27:57,671] DEBUG: Fetching details: https://www.kleinanzeigen.de/s-anzeige/druckerpatrone-von-canon-fuer-canon-pixma-drucker/3237552989-225-9012
[2025-11-09 01:27:59,411] INFO: Product saved: Druckerpatrone von Canon für Canon Pixma Drucker...
[2025-11-09 01:27:59,413] DEBUG: Fetching details: https://www.kleinanzeigen.de/s-anzeige/vvqv-canon-pg-540xl-cl-541xl-druckerpatrone-neu-2er-pack/3237552376-225-1824
[2025-11-09 01:28:01,071] INFO: Product saved: VVQV Canon PG‑540XL + CL‑541XL Druckerpatrone – NE...
[2025-11-09 01:28:01,073] DEBUG: Fetching details: https://www.kleinanzeigen.de/s-anzeige/canpick-canon-pg-540xl-cl-541xl-druckerpatronen-neu-2er-pack/3237550870-225-1824
[2025-11-09 01:28:02,751] INFO: Product saved: CanPick Canon PG‑540XL+CL‑541XL Druckerpatronen – ...
[2025-11-09 01:28:02,752] DEBUG: Fetching details: https://www.kleinanzeigen.de/s-anzeige/druckerpatrone-von-digital-revolution-fuer-canon-pixma-drucker/3237546688-225-9012
[2025-11-09 01:28:04,709] INFO: Product saved: Druckerpatrone von Digital Revolution für Canon Pi...
[2025-11-09 01:28:04,711] DEBUG: Fetching details: https://www.kleinanzeigen.de/s-anzeige/canon-cp-2500xl-druckerpatronen-neu/3237504367-225-7700
[2025-11-09 01:28:06,689] INFO: Product saved: Canon CP-2500XL Druckerpatronen NEU...
[2025-11-09 01:28:06,690] DEBUG: Fetching details: https://www.kleinanzeigen.de/s-anzeige/-neu-tintenpatronen-druckerpatronen-canon-550-551/3237499229-225-6147
[2025-11-09 01:28:08,215] INFO: Product saved: *neu* Tintenpatronen / Druckerpatronen Canon 550/5...
[2025-11-09 01:28:08,216] ERROR: Ad parse error: can only concatenate str (not "NoneType") to str
[2025-11-09 01:28:08,217] DEBUG: Fetching details: https://www.kleinanzeigen.de/s-anzeige/-schnaeppchen-4-drucker-patronen-canon-pixma-551-bzw-550-/3237397792-225-5753
[2025-11-09 01:28:10,256] INFO: Product saved: ☀ Schnäppchen: 4 Drucker-Patronen Canon Pixma 551 ...
[2025-11-09 01:28:10,258] DEBUG: Fetching details: https://www.kleinanzeigen.de/s-anzeige/7-druckerpatronen-fuer-canon-pixma-u-ae-/3237333631-225-9449
[2025-11-09 01:28:11,934] INFO: Product saved: 7 Druckerpatronen für Canon Pixma u.ä....
[2025-11-09 01:28:11,935] DEBUG: Fetching details: https://www.kleinanzeigen.de/s-anzeige/druckerpatrone-canon-pixma-xl-571-bl-xl-schwarz-neu/3237331255-225-9505
[2025-11-09 01:28:13,801] INFO: Product saved: Druckerpatrone Canon PIXMA XL 571 BL XL schwarz NE...
[2025-11-09 01:28:13,803] DEBUG: Fetching details: https://www.kleinanzeigen.de/s-anzeige/druckerpatronen-canon-xl/3237279544-225-3043
[2025-11-09 01:28:15,393] INFO: Product saved: Druckerpatronen Canon XL...
[2025-11-09 01:28:15,395] DEBUG: Fetching details: https://www.kleinanzeigen.de/s-anzeige/druckerpatronen-canon-pixma-mg-und-ts-passend/3237239793-225-20334
[2025-11-09 01:28:16,982] INFO: Product saved: Druckerpatronen Canon pixma MG  und TS passend...
[2025-11-09 01:28:16,983] DEBUG: Fetching details: https://www.kleinanzeigen.de/s-anzeige/verkaufe-druckerpatrone-pg545xl-schwarz-fuer-canon-pixma/3237202865-225-4601
[2025-11-09 01:28:18,752] INFO: Product saved: Verkaufe Druckerpatrone PG545XL Schwarz für Canon ...
[2025-11-09 01:28:18,754] DEBUG: Fetching details: https://www.kleinanzeigen.de/s-anzeige/canon-druckerpatronen-551-xl-4-st-2-x-sw-originalverpackt/3237206949-225-8892
[2025-11-09 01:28:20,376] INFO: Product saved: CANON Druckerpatronen 551 XL (4 St.) + 2 X sw- ORI...
[2025-11-09 01:28:20,378] DEBUG: Fetching details: https://www.kleinanzeigen.de/s-anzeige/54-druckerpatronen-fuer-canon-drucker/3237154630-225-1757
[2025-11-09 01:28:22,139] INFO: Product saved: 54 Druckerpatronen  für Canon Drucker...
[2025-11-09 01:28:22,141] DEBUG: Fetching details: https://www.kleinanzeigen.de/s-anzeige/druckerpatronen-canon-pixma-ip-7200-etc-neu-/3237098342-225-4516
[2025-11-09 01:28:23,911] INFO: Product saved: Druckerpatronen Canon Pixma IP 7200 etc. Neu !!!...
[2025-11-09 01:28:23,912] DEBUG: Fetching details: https://www.kleinanzeigen.de/s-anzeige/11-druckerpatronen-fuer-canon-520-521-mp540-mp540x-mp550-etc-/3237083011-225-9269
[2025-11-09 01:28:25,513] INFO: Product saved: 11 Druckerpatronen für Canon 520 521 MP540 MP540x ...
[2025-11-09 01:28:25,515] DEBUG: Fetching details: https://www.kleinanzeigen.de/s-anzeige/druckerpatronen-canon-pixma/3237064952-225-7114
[2025-11-09 01:28:27,199] INFO: Product saved: Druckerpatronen Canon PIXMA...
[2025-11-09 01:28:27,201] DEBUG: Fetching details: https://www.kleinanzeigen.de/s-anzeige/canon-druckerpatrone-bc-20-3mal-schwarz-neu-ovp-np90-/3237059156-225-1718
[2025-11-09 01:28:28,934] INFO: Product saved: Canon Druckerpatrone BC-20 3mal schwarz NEU OVP NP...
[2025-11-09 01:28:28,936] DEBUG: Fetching details: https://www.kleinanzeigen.de/s-anzeige/druckerpatronen-fuer-den-drucker-canon-mg-6450/3237040038-225-1986
[2025-11-09 01:28:30,712] INFO: Product saved: Druckerpatronen für den Drucker Canon MG 6450...
[2025-11-09 01:28:30,713] DEBUG: Fetching details: https://www.kleinanzeigen.de/s-anzeige/15er-570-571-druckerpatrone-kompatibel-canon-druck-ink-tank/3237007095-225-9196
[2025-11-09 01:28:32,651] INFO: Product saved: 15er 570 - 571 Druckerpatrone kompatibel Canon Dru...
[2025-11-09 01:28:32,652] ERROR: Ad parse error: can only concatenate str (not "NoneType") to str
[2025-11-09 01:28:32,653] DEBUG: Fetching details: https://www.kleinanzeigen.de/s-anzeige/druckerpatronen-canon/3236957014-225-877
[2025-11-09 01:28:34,146] INFO: Product saved: Druckerpatronen Canon...
[2025-11-09 01:28:34,148] DEBUG: Fetching details: https://www.kleinanzeigen.de/s-anzeige/3-druckerpatronen-canon-mp550-schwarz-neu/3236918208-225-18683
[2025-11-09 01:28:35,923] INFO: Product saved: 3 Druckerpatronen Canon MP550 schwarz neu...
[2025-11-09 01:28:37,075] INFO: Scraping complete: 118 products
[2025-11-09 01:28:37,097] INFO: Task completed successfully
