[2025-11-10 14:52:56,950] INFO: Task received by worker
[2025-11-10 14:52:56,950] INFO: Starting task: Kleinanzeigen Product Scraper
[2025-11-10 14:52:56,950] DEBUG: Input data: {
  "searchQuery": "Druckerpatrone",
  "brands": [
    {
      "brand": "Canon"
    },
    {
      "brand": "HP"
    }
  ],
  "maxPages": 5
}
[2025-11-10 14:52:57,162] INFO: Scraping 2 brand(s): Canon, HP
[2025-11-10 14:52:58,642] INFO: Processing brand: Canon
[2025-11-10 14:52:58,895] DEBUG: Loading page 1: https://www.kleinanzeigen.de/s-Druckerpatrone-Canon/k0
[2025-11-10 14:53:05,234] DEBUG: Found 27 product in the page: 1
[2025-11-10 14:53:05,234] DEBUG: Fetching details: https://www.kleinanzeigen.de/s-anzeige/ankauf-ihrer-leeren-vollen-hp-und-canon-540-541-545-546-560-561-575-576-585-586-510-511-512-513-40-41-37-38-50-51-leere-volle-ueberlagerte-druckerpatronen-tintenpatronen-toner-hp-62-302-303-304-305/1117663714-225-9683
[2025-11-10 14:53:12,358] INFO: Product saved: Ankauf Ihrer leeren vollen HP und Canon 540 541 54...
[2025-11-10 14:53:12,359] DEBUG: Fetching details: https://www.kleinanzeigen.de/s-anzeige/ankauf-ihrer-leeren-canon-und-hp-305-hp-305xl-hp-307xl-hp-304-hp-304xl-hp-303-hp-303xl-hp-302-hp-302xl-hp-301-301xl-62-62xl-300-300xl-901-leere-patronen-volle-ueberlagerte-druckerpatronen-toner/1764977037-225-9683
[2025-11-10 14:53:15,798] INFO: Product saved: Ankauf Ihrer leeren Canon und HP 305 HP 305XL HP 3...
[2025-11-10 14:53:15,799] DEBUG: Fetching details: https://www.kleinanzeigen.de/s-anzeige/canon-druckerpatronen/3242225656-225-18374
[2025-11-10 14:53:18,031] INFO: Product saved: Canon Druckerpatronen...
[2025-11-10 14:53:18,032] DEBUG: Fetching details: https://www.kleinanzeigen.de/s-anzeige/canon-druckerpatronen/3242218907-225-7729
[2025-11-10 14:53:20,080] INFO: Product saved: CANON Druckerpatronen...
[2025-11-10 14:53:20,081] ERROR: Ad parse error: can only concatenate str (not "NoneType") to str
[2025-11-10 14:53:20,082] DEBUG: Fetching details: https://www.kleinanzeigen.de/s-anzeige/8-druckerpatronen-fuer-canon/3242159298-225-17392
[2025-11-10 14:53:22,726] INFO: Product saved: 8 Druckerpatronen für Canon...
[2025-11-10 14:53:22,744] DEBUG: Fetching details: https://www.kleinanzeigen.de/s-anzeige/pixma-546-und-545-canon-druckerpatronen-set/3242159147-225-9259
[2025-11-10 14:53:24,153] INFO: Product saved: Pixma 546 und 545 Canon Druckerpatronen set...
[2025-11-10 14:53:24,154] DEBUG: Fetching details: https://www.kleinanzeigen.de/s-anzeige/canon-druckerpatronen-typ-571/3242128162-225-7417
[2025-11-10 14:53:25,323] INFO: Product saved: Canon Druckerpatronen Typ 571...
[2025-11-10 14:53:25,324] DEBUG: Fetching details: https://www.kleinanzeigen.de/s-anzeige/canon-druckerpatronen-typ-526/3242125674-225-7417
[2025-11-10 14:53:26,609] INFO: Product saved: Canon Druckerpatronen Typ 526...
[2025-11-10 14:53:26,609] DEBUG: Fetching details: https://www.kleinanzeigen.de/s-anzeige/570xl-571xl-kompatibel-fuer-canon-druckerpatronen-patronen-neu/3242108682-225-322
[2025-11-10 14:53:27,761] INFO: Product saved: 570XL 571XL kompatibel für Canon Druckerpatronen P...
[2025-11-10 14:53:27,762] DEBUG: Fetching details: https://www.kleinanzeigen.de/s-anzeige/original-canon-druckerpatronen-cli-571-/3242074073-225-20670
[2025-11-10 14:53:28,945] INFO: Product saved: Original Canon Druckerpatronen CLI-571()...
[2025-11-10 14:53:28,945] DEBUG: Fetching details: https://www.kleinanzeigen.de/s-anzeige/canon-drucker-druckerpatronen-black-yellow-cyan-magenta/3242068649-225-5635
[2025-11-10 14:53:30,316] INFO: Product saved: Canon Drucker Druckerpatronen black yellow Cyan ma...
[2025-11-10 14:53:30,317] DEBUG: Fetching details: https://www.kleinanzeigen.de/s-anzeige/canon-pgi-580-cli-581-druckerpatronen-multipack/3242068046-225-20176
[2025-11-10 14:53:31,282] INFO: Product saved: Canon PGI-580 + CLI-581 Druckerpatronen Multipack...
[2025-11-10 14:53:31,283] DEBUG: Fetching details: https://www.kleinanzeigen.de/s-anzeige/canon-pg40-und-cl41-druckerpatronen-set-pixma-black-color/3242058227-225-963
[2025-11-10 14:53:32,755] INFO: Product saved: Canon PG40 und CL41 Druckerpatronen Set Pixma Blac...
[2025-11-10 14:53:32,756] ERROR: Ad parse error: can only concatenate str (not "NoneType") to str
[2025-11-10 14:53:32,757] DEBUG: Fetching details: https://www.kleinanzeigen.de/s-anzeige/neue-druckerpatronen-canon-ts6151-guenstig-abzugeben/3242041114-225-8783
[2025-11-10 14:53:33,963] INFO: Product saved: Neue Druckerpatronen Canon TS6151 günstig abzugebe...
[2025-11-10 14:53:33,963] DEBUG: Fetching details: https://www.kleinanzeigen.de/s-anzeige/druckerpatrone-canon-pixma-546-color-und-545-black-xl/3242012971-225-8784
[2025-11-10 14:53:36,221] INFO: Product saved: Druckerpatrone Canon Pixma 546 Color und 545 Black...
[2025-11-10 14:53:36,221] DEBUG: Fetching details: https://www.kleinanzeigen.de/s-anzeige/druckerpatronen-fuer-canon/3241975278-225-6814
[2025-11-10 14:53:37,858] INFO: Product saved: Druckerpatronen für Canon...
[2025-11-10 14:53:37,858] DEBUG: Fetching details: https://www.kleinanzeigen.de/s-anzeige/drucker-canon-pixma-ts5050-mit-druckerpatronen-funktioniert-/3241956207-225-991
[2025-11-10 14:53:39,757] INFO: Product saved: Drucker Canon Pixma TS5050 mit Druckerpatronen - f...
[2025-11-10 14:53:39,758] DEBUG: Fetching details: https://www.kleinanzeigen.de/s-anzeige/druckerpatrone-fuer-canon-pixma-5222bb005-pg-540-xl-/3241947783-225-1949
[2025-11-10 14:53:40,949] INFO: Product saved: Druckerpatrone für Canon Pixma (5222BB005 PG 540 X...
[2025-11-10 14:53:40,950] DEBUG: Fetching details: https://www.kleinanzeigen.de/s-anzeige/canon-bci-24-color-druckerpatrone-ink-tank/3241926233-225-6401
[2025-11-10 14:53:42,219] INFO: Product saved: Canon BCI-24 Color Druckerpatrone Ink Tank...
[2025-11-10 14:53:42,220] DEBUG: Fetching details: https://www.kleinanzeigen.de/s-anzeige/druckerpatrone-fuer-canon-schwarz-540xl/3241917284-225-7011
[2025-11-10 14:53:43,426] INFO: Product saved: Druckerpatrone für Canon schwarz 540XL...
[2025-11-10 14:53:43,427] DEBUG: Fetching details: https://www.kleinanzeigen.de/s-anzeige/canon-druckerpatronen-pg550-und-angebr-nachfuellset-fuer-bastler/3241866492-225-1681
[2025-11-10 14:53:44,684] INFO: Product saved: Canon Druckerpatronen PG550 und angebr. Nachfüllse...
[2025-11-10 14:53:44,684] DEBUG: Fetching details: https://www.kleinanzeigen.de/s-anzeige/druckerpatrone-canon-original-cli-571-y-gelb-/3241853639-225-5524
[2025-11-10 14:53:46,357] INFO: Product saved: Druckerpatrone Canon Original CLI - 571 Y (gelb)...
[2025-11-10 14:53:46,358] DEBUG: Fetching details: https://www.kleinanzeigen.de/s-anzeige/druckerpatrone-canon-orig-cli-571-bk-schwarz-/3241851378-225-5524
[2025-11-10 14:53:47,523] INFO: Product saved: Druckerpatrone Canon Orig. CLI - 571 BK (schwarz)...
[2025-11-10 14:53:47,523] DEBUG: Fetching details: https://www.kleinanzeigen.de/s-anzeige/druckerpatronen-575xl-576xl-komp-canon-neu-b-y-m-c/3241762622-225-7897
[2025-11-10 14:53:49,750] INFO: Product saved: Druckerpatronen 575XL / 576XL Komp. Canon Neu B Y ...
[2025-11-10 14:53:49,753] DEBUG: Fetching details: https://www.kleinanzeigen.de/s-anzeige/druckerpatrone-canon-pixma-561-/3241762321-225-1920
[2025-11-10 14:53:51,196] INFO: Product saved: Druckerpatrone Canon Pixma561....
[2025-11-10 14:53:52,197] DEBUG: Loading page 2: https://www.kleinanzeigen.de/s-seite:2/Druckerpatrone-Canon/k0
[2025-11-10 14:53:55,721] DEBUG: Found 25 product in the page: 2
[2025-11-10 14:53:55,723] DEBUG: Fetching details: https://www.kleinanzeigen.de/s-anzeige/ovp-canon-druckerpatronen-xl-pixma-551-550/3241752362-225-9389
[2025-11-10 14:53:58,924] INFO: Product saved: OVP Canon Druckerpatronen XL PIXMA 551/550...
[2025-11-10 14:53:58,924] DEBUG: Fetching details: https://www.kleinanzeigen.de/s-anzeige/17-leere-druckerpatronen-black-hp301-kmp-canon-545-isy/3241693908-225-4293
[2025-11-10 14:54:00,208] INFO: Product saved: 17 leere Druckerpatronen black HP301 KMP Canon 545...
[2025-11-10 14:54:00,208] DEBUG: Fetching details: https://www.kleinanzeigen.de/s-anzeige/3-stueck-original-druckerpatronen-canon-540l/3241693608-225-6734
[2025-11-10 14:54:02,576] INFO: Product saved: 3 Stück Original  Druckerpatronen Canon 540L...
[2025-11-10 14:54:02,577] DEBUG: Fetching details: https://www.kleinanzeigen.de/s-anzeige/canon-druckerpatronen/3241664519-93-18674
[2025-11-10 14:54:04,026] INFO: Product saved: Canon Druckerpatronen...
[2025-11-10 14:54:04,030] DEBUG: Fetching details: https://www.kleinanzeigen.de/s-anzeige/druckerpatronen-canon-pixma-ink-print/3241641521-225-30159
[2025-11-10 14:54:08,285] INFO: Product saved: Druckerpatronen Canon Pixma ink&print...
[2025-11-10 14:54:08,287] DEBUG: Fetching details: https://www.kleinanzeigen.de/s-anzeige/canon-pg-40-cl-41-druckerpatronen-schwarz-color/3241633184-225-6482
[2025-11-10 14:54:12,022] INFO: Product saved: Canon pg-40 cl-41 Druckerpatronen schwarz + Color...
[2025-11-10 14:54:12,030] DEBUG: Fetching details: https://www.kleinanzeigen.de/s-anzeige/druckerpatronen-fuer-canon-pixma-ts5050/3241613049-225-2728
[2025-11-10 14:54:15,279] INFO: Product saved: Druckerpatronen für Canon pixma ts5050...
[2025-11-10 14:54:15,284] DEBUG: Fetching details: https://www.kleinanzeigen.de/s-anzeige/tinten-druckerpatronen-canon-mg-5200-series/3241586195-225-1114
[2025-11-10 14:54:17,498] INFO: Product saved: Tinten Druckerpatronen Canon MG 5200 Series...
[2025-11-10 14:54:17,499] DEBUG: Fetching details: https://www.kleinanzeigen.de/s-anzeige/druckerpatronen-fuer-canon-drucker-pgi-550-cli/3241529913-225-1476
[2025-11-10 14:54:21,124] INFO: Product saved: Druckerpatronen für Canon Drucker PGI- 550-CLI...
[2025-11-10 14:54:21,128] DEBUG: Fetching details: https://www.kleinanzeigen.de/s-anzeige/orginal-canon-cl-546xl-color-tintenpatrone-druckerpatrone/3241514103-225-4682
[2025-11-10 14:54:25,300] INFO: Product saved: Orginal Canon CL-546XL Color Tintenpatrone/ Drucke...
[2025-11-10 14:54:25,304] DEBUG: Fetching details: https://www.kleinanzeigen.de/s-anzeige/druckerpatronen-canon/3241513755-225-1952
[2025-11-10 14:54:32,393] INFO: Product saved: Druckerpatronen Canon...
[2025-11-10 14:54:32,395] DEBUG: Fetching details: https://www.kleinanzeigen.de/s-anzeige/druckerpatronen-canon-pixma/3241500126-225-18523
[2025-11-10 14:54:38,342] INFO: Product saved: Druckerpatronen Canon Pixma...
[2025-11-10 14:54:38,344] DEBUG: Fetching details: https://www.kleinanzeigen.de/s-anzeige/druckerpatrone-canon-521-gy-cli-521gy-/3241498348-225-7620
[2025-11-10 14:54:40,773] INFO: Product saved: Druckerpatrone Canon 521 GY (CLI-521GY)...
[2025-11-10 14:54:40,775] DEBUG: Fetching details: https://www.kleinanzeigen.de/s-anzeige/druckerpatronen-canon-550xl-551xl-47stk-/3241495892-225-1818
[2025-11-10 14:54:42,406] INFO: Product saved: Druckerpatronen Canon 550XL / 551XL - 47Stk....
[2025-11-10 14:54:42,408] DEBUG: Fetching details: https://www.kleinanzeigen.de/s-anzeige/druckerpatronen-fuer-canon-maxify-5100/3241495111-225-989
[2025-11-10 14:54:43,436] INFO: Product saved: Druckerpatronen für Canon Maxify 5100...
[2025-11-10 14:54:43,436] DEBUG: Fetching details: https://www.kleinanzeigen.de/s-anzeige/original-canon-druckerpatronen-cli-581-pgi-580/3241479195-225-9421
[2025-11-10 14:54:44,821] INFO: Product saved: Original Canon Druckerpatronen CLI-581 PGI-580...
[2025-11-10 14:54:44,822] DEBUG: Fetching details: https://www.kleinanzeigen.de/s-anzeige/druckerpatronen-canon-pixma/3241433156-225-16412
[2025-11-10 14:54:46,101] INFO: Product saved: Druckerpatronen Canon Pixma...
[2025-11-10 14:54:46,102] DEBUG: Fetching details: https://www.kleinanzeigen.de/s-anzeige/druckerpatronen-canon-pixma-ip-7200-etc-neu-/3241421641-225-4516
[2025-11-10 14:54:47,292] INFO: Product saved: Druckerpatronen Canon Pixma IP 7200 etc. Neu !!!...
[2025-11-10 14:54:47,293] DEBUG: Fetching details: https://www.kleinanzeigen.de/s-anzeige/kompatibel-canon-druckerpatronen-pgi-520-cli-521/3241418246-225-1227
[2025-11-10 14:54:48,480] INFO: Product saved: Kompatibel Canon Druckerpatronen PGI-520/CLI-521...
[2025-11-10 14:54:48,481] DEBUG: Fetching details: https://www.kleinanzeigen.de/s-anzeige/druckerpatronen-origian-canon-pixma-520-und-521/3241396984-225-7875
[2025-11-10 14:54:50,160] INFO: Product saved: Druckerpatronen Origian Canon Pixma 520 und 521...
[2025-11-10 14:54:50,160] DEBUG: Fetching details: https://www.kleinanzeigen.de/s-anzeige/neu-druckerpatronen-tinte-chip-je-1-kompatibel-canon-mg5150/3241387764-225-734
[2025-11-10 14:54:51,591] INFO: Product saved: Neu Druckerpatronen Tinte Chip je 1-€ * kompatibel...
[2025-11-10 14:54:51,591] DEBUG: Fetching details: https://www.kleinanzeigen.de/s-anzeige/-canon-druckerpatrone-cl-541-xl-neu-und-versiegelt-/3241360789-225-3811
[2025-11-10 14:54:53,752] INFO: Product saved: ++ Canon Druckerpatrone CL-541 XL Neu und versiege...
[2025-11-10 14:54:53,753] DEBUG: Fetching details: https://www.kleinanzeigen.de/s-anzeige/canon-pixma-multipack-druckerpatronen/3241339181-225-7503
[2025-11-10 14:54:56,743] INFO: Product saved: Canon Pixma Multipack Druckerpatronen...
[2025-11-10 14:54:56,744] DEBUG: Fetching details: https://www.kleinanzeigen.de/s-anzeige/druckerpatronen-canon-mb-maxify-mb2150/3241279264-225-612
[2025-11-10 14:54:58,570] INFO: Product saved: Druckerpatronen – Canon MB Maxify MB2150...
[2025-11-10 14:54:58,581] DEBUG: Fetching details: https://www.kleinanzeigen.de/s-anzeige/druckerpatronen-canon-8-bk-schwarz-8-y-gelb-neu/3241278261-225-1688
[2025-11-10 14:55:00,208] INFO: Product saved: Druckerpatronen Canon 8 BK schwarz 8 Y gelb neu...
[2025-11-10 14:55:01,209] DEBUG: Loading page 3: https://www.kleinanzeigen.de/s-seite:3/Druckerpatrone-Canon/k0
[2025-11-10 14:55:03,102] DEBUG: Found 25 product in the page: 3
[2025-11-10 14:55:03,103] DEBUG: Fetching details: https://www.kleinanzeigen.de/s-anzeige/druckerpatronen-canon-570-571/3241266065-225-1345
[2025-11-10 14:55:04,787] INFO: Product saved: Druckerpatronen Canon 570/571...
[2025-11-10 14:55:04,788] DEBUG: Fetching details: https://www.kleinanzeigen.de/s-anzeige/canon-druckerpatronen-prixma-mg5100-neu-kompatibel/3241256975-225-3981
[2025-11-10 14:55:08,841] INFO: Product saved: Canon Druckerpatronen Prixma MG5100 - NEU kompatib...
[2025-11-10 14:55:08,842] DEBUG: Fetching details: https://www.kleinanzeigen.de/s-anzeige/lxtek-canon-580-581-xxl-druckerpatronen-neu-ovp-10er-pack/3241240280-225-1824
[2025-11-10 14:55:10,528] INFO: Product saved: LxTek Canon 580/581 XXL Druckerpatronen – NEU & OV...
[2025-11-10 14:55:10,530] DEBUG: Fetching details: https://www.kleinanzeigen.de/s-anzeige/ovp-edding-druckerpatronen-no-514-5-stueck-fuer-canon-pixma/3241211214-225-5414
[2025-11-10 14:55:11,820] INFO: Product saved: OVP Edding Druckerpatronen No. 514 5 Stück für Can...
[2025-11-10 14:55:11,821] DEBUG: Fetching details: https://www.kleinanzeigen.de/s-anzeige/canon-pixma-tintenpatronen-druckerpatronen-yellow-gelb/3241171193-225-4903
[2025-11-10 14:55:13,025] INFO: Product saved: Canon Pixma Tintenpatronen Druckerpatronen Yellow ...
[2025-11-10 14:55:13,025] DEBUG: Fetching details: https://www.kleinanzeigen.de/s-anzeige/canon-druckerpatronen/3241154403-225-3013
[2025-11-10 14:55:14,024] INFO: Product saved: Canon Druckerpatronen...
[2025-11-10 14:55:14,025] DEBUG: Fetching details: https://www.kleinanzeigen.de/s-anzeige/canon-pixma-druckerpatronen-cli-8m-cli-8y-cli-8c-inkl-7-folien/3241136430-225-3842
[2025-11-10 14:55:15,320] INFO: Product saved: Canon PIXMA Druckerpatronen CLI-8M+CLI-8Y+CLI-8C i...
[2025-11-10 14:55:15,320] DEBUG: Fetching details: https://www.kleinanzeigen.de/s-anzeige/druckerpatronen-canon-550-551/3241118641-225-25159
[2025-11-10 14:55:16,820] INFO: Product saved: Druckerpatronen Canon 550 / 551...
[2025-11-10 14:55:16,821] DEBUG: Fetching details: https://www.kleinanzeigen.de/s-anzeige/neue-canon-pixma-cl-541-color-druckerpatrone-originalverpackt/3241111197-225-9185
[2025-11-10 14:55:18,930] INFO: Product saved: Neue Canon Pixma CL-541 Color Druckerpatrone – Ori...
[2025-11-10 14:55:18,931] DEBUG: Fetching details: https://www.kleinanzeigen.de/s-anzeige/original-canon-pixma-pro-100-s-druckerpatrone-grau/3240953050-225-4904
[2025-11-10 14:55:21,095] INFO: Product saved: Original Canon Pixma Pro 100 S Druckerpatrone Grau...
[2025-11-10 14:55:21,097] DEBUG: Fetching details: https://www.kleinanzeigen.de/s-anzeige/original-canon-pixma-pro-100-s-druckerpatrone-schwarz/3240939421-225-4904
[2025-11-10 14:55:22,652] INFO: Product saved: Original Canon Pixma Pro 100 S Druckerpatrone Schw...
[2025-11-10 14:55:22,654] DEBUG: Fetching details: https://www.kleinanzeigen.de/s-anzeige/canon-druckerpatronen-570-571-von-isy/3240931195-225-1843
[2025-11-10 14:55:24,500] INFO: Product saved: Canon Druckerpatronen 570 + 571 von ISY...
[2025-11-10 14:55:24,501] DEBUG: Fetching details: https://www.kleinanzeigen.de/s-anzeige/canon-drucker-mit-druckerpatronen/3240905510-225-2921
[2025-11-10 14:55:26,232] INFO: Product saved: Canon Drucker mit Druckerpatronen...
[2025-11-10 14:55:26,233] DEBUG: Fetching details: https://www.kleinanzeigen.de/s-anzeige/druckerpatronen-canon/3240895936-225-6986
[2025-11-10 14:55:28,759] INFO: Product saved: Druckerpatronen. Canon...
[2025-11-10 14:55:28,759] DEBUG: Fetching details: https://www.kleinanzeigen.de/s-anzeige/kompatibel-canon-pg-545-cl-546-xl-druckerpatronen-545-546-yuanqim/3212331803-225-794
[2025-11-10 14:55:30,461] INFO: Product saved: KOMPATIBEL CANON PG-545 CL-546 XL Druckerpatronen ...
[2025-11-10 14:55:30,461] ERROR: Ad parse error: can only concatenate str (not "NoneType") to str
[2025-11-10 14:55:30,462] DEBUG: Fetching details: https://www.kleinanzeigen.de/s-anzeige/canon-druckerpatronen-pgi-520bk-cli-521bk-zu-verschenken/3240806186-225-7730
[2025-11-10 14:55:31,631] INFO: Product saved: Canon Druckerpatronen PGI-520BK & CLI-521BK – zu v...
[2025-11-10 14:55:31,631] DEBUG: Fetching details: https://www.kleinanzeigen.de/s-anzeige/canon-druckerpatrone/3240805238-225-3135
[2025-11-10 14:55:32,969] INFO: Product saved: Canon Druckerpatrone...
[2025-11-10 14:55:32,969] DEBUG: Fetching details: https://www.kleinanzeigen.de/s-anzeige/canon-pg-512-cl-513-druckerpatrone-schwarz-und-oder-color/3240803193-225-2113
[2025-11-10 14:55:34,771] INFO: Product saved: Canon PG 512 / CL 513 Druckerpatrone Schwarz und /...
[2025-11-10 14:55:34,772] DEBUG: Fetching details: https://www.kleinanzeigen.de/s-anzeige/druckerpatronen-canon-tr8550-tr7550-tr7650-ts6350-ts705a-ts6300/3240753168-225-9482
[2025-11-10 14:55:35,743] INFO: Product saved: Druckerpatronen Canon TR8550 TR7550 TR7650 TS6350 ...
[2025-11-10 14:55:35,743] DEBUG: Fetching details: https://www.kleinanzeigen.de/s-anzeige/druckerpatronen-fuer-canon-verschiedene-farben/3240738662-225-21142
[2025-11-10 14:55:36,690] INFO: Product saved: Druckerpatronen für Canon verschiedene Farben...
[2025-11-10 14:55:36,690] DEBUG: Fetching details: https://www.kleinanzeigen.de/s-anzeige/druckerpatronen-fuer-canon/3240695236-225-7915
[2025-11-10 14:55:37,970] INFO: Product saved: Druckerpatronen für Canon...
[2025-11-10 14:55:37,971] DEBUG: Fetching details: https://www.kleinanzeigen.de/s-anzeige/kompatibel-canon-pg-540-xl-druckerpatronen-540-yuanqim/3240641087-225-794
[2025-11-10 14:55:39,408] INFO: Product saved: KOMPATIBEL CANON PG-540 XL Druckerpatronen 540 YUA...
[2025-11-10 14:55:39,409] DEBUG: Fetching details: https://www.kleinanzeigen.de/s-anzeige/kompatibel-canon-pg-540-cl-541-xl-druckerpatronen-540-541-yuanqim/3240624767-225-794
[2025-11-10 14:56:02,780] INFO: Product saved: KOMPATIBEL CANON PG-540 CL-541 XL Druckerpatronen ...
[2025-11-10 14:56:02,781] DEBUG: Fetching details: https://www.kleinanzeigen.de/s-anzeige/canon-druckerpatronen/3240603456-225-8432
[2025-11-10 14:56:04,257] INFO: Product saved: Canon Druckerpatronen...
[2025-11-10 14:56:05,258] DEBUG: Loading page 4: https://www.kleinanzeigen.de/s-seite:4/Druckerpatrone-Canon/k0
[2025-11-10 14:56:06,760] DEBUG: Found 25 product in the page: 4
[2025-11-10 14:56:06,762] DEBUG: Fetching details: https://www.kleinanzeigen.de/s-anzeige/druckerpatrone-canon-pixma-8-schwarz-cyan-yellow-neu-in-ovp/3240598352-225-6766
[2025-11-10 14:56:08,415] INFO: Product saved: Druckerpatrone Canon Pixma 8 schwarz cyan yellow n...
[2025-11-10 14:56:08,416] DEBUG: Fetching details: https://www.kleinanzeigen.de/s-anzeige/druckerpatronen-fuer-canon/3240563083-225-1904
[2025-11-10 14:56:09,988] INFO: Product saved: Druckerpatronen für Canon...
[2025-11-10 14:56:09,989] DEBUG: Fetching details: https://www.kleinanzeigen.de/s-anzeige/druckerpatronen-neu-fuer-canon-prixma-ip-7250/3240561724-225-4251
[2025-11-10 14:56:12,006] INFO: Product saved: Druckerpatronen neu für Canon Prixma IP 7250...
[2025-11-10 14:56:12,010] DEBUG: Fetching details: https://www.kleinanzeigen.de/s-anzeige/druckerpatronen-original-canon-fuer-canon-cli-551xl/3240550607-225-19916
[2025-11-10 14:56:14,239] INFO: Product saved: Druckerpatronen original Canon für CANON CLi-551XL...
[2025-11-10 14:56:14,239] ERROR: Ad parse error: can only concatenate str (not "NoneType") to str
[2025-11-10 14:56:14,240] DEBUG: Fetching details: https://www.kleinanzeigen.de/s-anzeige/10x-druckerpatronen-z-b-fuer-canon-c-cli-8-c-pgi-5-cc-8bk/3240457740-225-2700
[2025-11-10 14:56:15,676] INFO: Product saved: 10x Druckerpatronen z.B. für Canon C-CLI-8 C-PGI-5...
[2025-11-10 14:56:15,677] DEBUG: Fetching details: https://www.kleinanzeigen.de/s-anzeige/druckerpatronen-kompatibel-canon-pgi-570-cli-571/3240413191-225-9178
[2025-11-10 14:56:16,934] INFO: Product saved: Druckerpatronen kompatibel Canon PGI-570 CLI-571...
[2025-11-10 14:56:16,935] DEBUG: Fetching details: https://www.kleinanzeigen.de/s-anzeige/druckerpatrone-canon-510/3240396057-225-4816
[2025-11-10 14:56:18,271] INFO: Product saved: Druckerpatrone Canon 510...
[2025-11-10 14:56:18,271] DEBUG: Fetching details: https://www.kleinanzeigen.de/s-anzeige/5x-druckerpatronen-neu-tintenpatronen-toner-f-drucker-canon/3240361746-225-3877
[2025-11-10 14:56:19,838] INFO: Product saved: 5x DRUCKERPATRONEN -NEU- TINTENPATRONEN TONER f.Dr...
[2025-11-10 14:56:19,839] DEBUG: Fetching details: https://www.kleinanzeigen.de/s-anzeige/canon-druckerpatronen-570-571-incl-canon-ts5055/3240340319-225-922
[2025-11-10 14:56:21,482] INFO: Product saved: Canon Druckerpatronen 570/571 incl. Canon TS5055...
[2025-11-10 14:56:21,483] DEBUG: Fetching details: https://www.kleinanzeigen.de/s-anzeige/druckerpatronen-fuer-canon-pixma-drucker/3240337721-225-26046
[2025-11-10 14:56:23,896] INFO: Product saved: Druckerpatronen für Canon Pixma Drucker...
[2025-11-10 14:56:23,897] DEBUG: Fetching details: https://www.kleinanzeigen.de/s-anzeige/druckerpatronen-canon-ts-7450a/3240330396-225-16973
[2025-11-10 14:56:26,079] INFO: Product saved: Druckerpatronen Canon TS 7450a...
[2025-11-10 14:56:26,080] DEBUG: Fetching details: https://www.kleinanzeigen.de/s-anzeige/28x-druckerpatronen-tintenpartonen-canon-drucker-551-und-550/3240304614-225-4711
[2025-11-10 14:56:28,139] INFO: Product saved: 28x Druckerpatronen Tintenpartonen Canon  Drucker ...
[2025-11-10 14:56:28,140] DEBUG: Fetching details: https://www.kleinanzeigen.de/s-anzeige/3x-original-canon-cli-551-xl-druckerpatronen-neu-druckertinte/3240302834-225-7924
[2025-11-10 14:56:29,990] INFO: Product saved: 3x Original Canon CLI 551 (XL) Druckerpatronen  ne...
[2025-11-10 14:56:29,991] DEBUG: Fetching details: https://www.kleinanzeigen.de/s-anzeige/lxtek-druckerpatronen-580-581-multipack-kompatibel-fuer-canon-tr85/3240292302-225-9602
[2025-11-10 14:56:31,355] INFO: Product saved: LxTek Druckerpatronen 580 581 Multipack Kompatibel...
[2025-11-10 14:56:31,357] DEBUG: Fetching details: https://www.kleinanzeigen.de/s-anzeige/druckerpatrone-canon-ts-7450a-pg-560xl-black/3240205781-225-16973
[2025-11-10 14:56:32,726] INFO: Product saved: Druckerpatrone Canon TS 7450a PG-560XL black...
[2025-11-10 14:56:32,727] DEBUG: Fetching details: https://www.kleinanzeigen.de/s-anzeige/canon-pixmal-druckerpatronen-neu-blau-rot-schwarz-geld/3240195102-225-2490
[2025-11-10 14:56:34,135] INFO: Product saved: Canon Pixmal Druckerpatronen neu blau rot schwarz ...
[2025-11-10 14:56:34,136] DEBUG: Fetching details: https://www.kleinanzeigen.de/s-anzeige/canon-pg-575-druckerpatrone/3240195077-225-25295
[2025-11-10 14:56:35,414] INFO: Product saved: Canon PG 575 Druckerpatrone...
[2025-11-10 14:56:35,415] DEBUG: Fetching details: https://www.kleinanzeigen.de/s-anzeige/druckerpatronen-mit-chip-fuer-canon-drucker-kopierer/3240186983-225-4104
[2025-11-10 14:56:39,479] INFO: Product saved: Druckerpatronen mit Chip für Canon Drucker  / Kopi...
[2025-11-10 14:56:39,480] DEBUG: Fetching details: https://www.kleinanzeigen.de/s-anzeige/druckerpatronen-canon/3240186887-225-16366
[2025-11-10 14:56:40,800] INFO: Product saved: Druckerpatronen Canon...
[2025-11-10 14:56:40,801] DEBUG: Fetching details: https://www.kleinanzeigen.de/s-anzeige/druckerpatronen-fuer-canon-drucker/3240119637-225-5424
[2025-11-10 14:56:42,063] INFO: Product saved: Druckerpatronen für Canon Drucker...
[2025-11-10 14:56:42,063] DEBUG: Fetching details: https://www.kleinanzeigen.de/s-anzeige/druckerpatronen-canon-mg-6150/3240111041-225-8830
[2025-11-10 14:56:53,644] INFO: Product saved: Druckerpatronen canon mg 6150...
[2025-11-10 14:56:53,645] DEBUG: Fetching details: https://www.kleinanzeigen.de/s-anzeige/druckerpatronen-canon-mg-6150/3240111039-225-8830
[2025-11-10 14:57:04,514] INFO: Product saved: Druckerpatronen canon mg 6150...
[2025-11-10 14:57:04,515] DEBUG: Fetching details: https://www.kleinanzeigen.de/s-anzeige/kompatibel-canon-pgi-570xl-cli-571xl-druckerpatronen-multipack/3240095927-225-9419
[2025-11-10 14:57:06,080] INFO: Product saved: Kompatibel Canon PGI-570XL/CLI-571XL Druckerpatron...
[2025-11-10 14:57:06,081] DEBUG: Fetching details: https://www.kleinanzeigen.de/s-anzeige/druckerpatronen-canon-pixma/3240072819-93-8594
[2025-11-10 14:57:12,018] INFO: Product saved: Druckerpatronen Canon Pixma...
[2025-11-10 14:57:13,018] DEBUG: Loading page 5: https://www.kleinanzeigen.de/s-seite:5/Druckerpatrone-Canon/k0
[2025-11-10 14:57:14,499] DEBUG: Found 25 product in the page: 5
[2025-11-10 14:57:14,500] ERROR: Ad parse error: can only concatenate str (not "NoneType") to str
[2025-11-10 14:57:14,500] DEBUG: Fetching details: https://www.kleinanzeigen.de/s-anzeige/4-kompatible-druckerpatronen-canon-pixma/3239990973-225-7980
[2025-11-10 14:57:17,509] INFO: Product saved: 4 kompatible Druckerpatronen Canon Pixma...
[2025-11-10 14:57:17,510] DEBUG: Fetching details: https://www.kleinanzeigen.de/s-anzeige/druckerpatronen-canon-526/3239980805-225-7527
[2025-11-10 14:57:20,486] INFO: Product saved: Druckerpatronen Canon 526...
[2025-11-10 14:57:20,487] DEBUG: Fetching details: https://www.kleinanzeigen.de/s-anzeige/druckerpatronen-xl-canon/3239936651-225-3460
[2025-11-10 14:57:21,777] INFO: Product saved: Druckerpatronen XL Canon...
[2025-11-10 14:57:21,778] DEBUG: Fetching details: https://www.kleinanzeigen.de/s-anzeige/atopink-pg540xl-schwarz-druckerpatrone-pg-540-xl-canon/3239898527-225-9358
[2025-11-10 14:57:24,058] INFO: Product saved: ATOPINK  PG540XL schwarz Druckerpatrone PG-540 XL ...
[2025-11-10 14:57:24,059] DEBUG: Fetching details: https://www.kleinanzeigen.de/s-anzeige/canon-580-581-druckerpatronen-neu/3239841199-225-3199
[2025-11-10 14:57:25,569] INFO: Product saved: Canon 580/581 Druckerpatronen neu...
[2025-11-10 14:57:25,570] ERROR: Ad parse error: can only concatenate str (not "NoneType") to str
[2025-11-10 14:57:25,570] DEBUG: Fetching details: https://www.kleinanzeigen.de/s-anzeige/druckerpatronen-canon-kompatibel/3239809319-225-6800
[2025-11-10 14:57:26,648] INFO: Product saved: Druckerpatronen Canon kompatibel...
[2025-11-10 14:57:26,649] DEBUG: Fetching details: https://www.kleinanzeigen.de/s-anzeige/canon-580-581-druckerpatronen-in-farbe-und-in-schwarz/3239768057-225-1007
[2025-11-10 14:57:28,018] INFO: Product saved: Canon 580/581 Druckerpatronen in Farbe und in schw...
[2025-11-10 14:57:28,018] DEBUG: Fetching details: https://www.kleinanzeigen.de/s-anzeige/2x-canon-pg-512-druckerpatronen-schwarz/3239751012-225-4255
[2025-11-10 14:57:29,415] INFO: Product saved: 2x Canon PG-512 Druckerpatronen schwarz...
[2025-11-10 14:57:29,415] ERROR: Ad parse error: can only concatenate str (not "NoneType") to str
[2025-11-10 14:57:29,415] DEBUG: Fetching details: https://www.kleinanzeigen.de/s-anzeige/druckerpatronen-canon-540xl-541xl-neu-und-originalverpackt/3239730587-225-6080
[2025-11-10 14:57:30,623] INFO: Product saved: Druckerpatronen Canon 540XL / 541XL neu und origin...
[2025-11-10 14:57:30,624] DEBUG: Fetching details: https://www.kleinanzeigen.de/s-anzeige/canon-540-xl-schwarz-druckerpatronen-tintenpatronen-kompatibel/3239717827-225-9518
[2025-11-10 14:57:31,794] INFO: Product saved: Canon 540 XL schwarz Druckerpatronen Tintenpatrone...
[2025-11-10 14:57:31,794] DEBUG: Fetching details: https://www.kleinanzeigen.de/s-anzeige/canon-pixma-druckerpatronen-525-schwarz-und-526-bunt-/3239715272-225-7981
[2025-11-10 14:57:33,339] INFO: Product saved: Canon PIXMA Druckerpatronen 525 (schwarz) und 526 ...
[2025-11-10 14:57:33,340] DEBUG: Fetching details: https://www.kleinanzeigen.de/s-anzeige/canon-545-xl-546-xl-druckerpatronen-tintenpatronen-kompatibel/3239714827-225-9518
[2025-11-10 14:57:34,493] INFO: Product saved: Canon 545 XL 546 XL Druckerpatronen Tintenpatronen...
[2025-11-10 14:57:34,494] DEBUG: Fetching details: https://www.kleinanzeigen.de/s-anzeige/druckerpatronen-fuer-canon-11st-/3239713126-225-2074
[2025-11-10 14:57:35,952] INFO: Product saved: Druckerpatronen für Canon 11St....
[2025-11-10 14:57:35,953] DEBUG: Fetching details: https://www.kleinanzeigen.de/s-anzeige/druckerpatronen-fuer-canon/3239708969-225-3810
[2025-11-10 14:57:37,190] INFO: Product saved: Druckerpatronen für Canon...
[2025-11-10 14:57:37,190] DEBUG: Fetching details: https://www.kleinanzeigen.de/s-anzeige/druckerpatronen-fuer-canon/3239643467-225-2303
[2025-11-10 14:57:38,815] INFO: Product saved: Druckerpatronen für Canon...
[2025-11-10 14:57:38,816] ERROR: Ad parse error: can only concatenate str (not "NoneType") to str
[2025-11-10 14:57:38,816] DEBUG: Fetching details: https://www.kleinanzeigen.de/s-anzeige/canon-druckerpatronen-original-verpackt-cli-8m-y-c-5/3239555091-225-1522
[2025-11-10 14:57:40,911] INFO: Product saved: Canon Druckerpatronen Original verpackt CLI-8M-Y-C...
[2025-11-10 14:57:40,911] DEBUG: Fetching details: https://www.kleinanzeigen.de/s-anzeige/d-c-druckerpatronen-fuer-canon-drucker-tintenpatronen/3239539705-225-1889
[2025-11-10 14:57:42,901] INFO: Product saved: D&C Druckerpatronen für Canon Drucker Tintenpatron...
[2025-11-10 14:57:42,902] DEBUG: Fetching details: https://www.kleinanzeigen.de/s-anzeige/druckerpatronen-kompatibel-fuer-canon-pixma/3239527902-225-7138
[2025-11-10 14:57:44,391] INFO: Product saved: Druckerpatronen Kompatibel für Canon Pixma...
[2025-11-10 14:57:44,395] DEBUG: Fetching details: https://www.kleinanzeigen.de/s-anzeige/2-stueck-neue-originale-canon-druckerpatronen-571-bk-schwarz-/3239489066-225-3364
[2025-11-10 14:57:45,965] INFO: Product saved: 2 Stück neue originale Canon Druckerpatronen 571 (...
[2025-11-10 14:57:45,966] DEBUG: Fetching details: https://www.kleinanzeigen.de/s-anzeige/10-druckerpatronen-kompatibel-fuer-canon-pixma/3239257562-225-1125
[2025-11-10 14:57:47,812] INFO: Product saved: 10 Druckerpatronen kompatibel für Canon Pixma...
[2025-11-10 14:57:47,813] DEBUG: Fetching details: https://www.kleinanzeigen.de/s-anzeige/druckerpatronen-fuer-canon-xp-452-455-serie-gegen-eine-kleinigkeit/3239166472-225-5968
[2025-11-10 14:57:49,125] INFO: Product saved: Druckerpatronen für Canon XP-452 455 Serie gegen e...
[2025-11-10 14:57:50,202] INFO: Processing brand: HP
[2025-11-10 14:57:50,309] DEBUG: Loading page 1: https://www.kleinanzeigen.de/s-Druckerpatrone-HP/k0
[2025-11-10 14:57:56,934] DEBUG: Found 27 product in the page: 1
[2025-11-10 14:57:56,934] DEBUG: Fetching details: https://www.kleinanzeigen.de/s-anzeige/ankauf-ihrer-leeren-vollen-hp-und-canon-540-541-545-546-560-561-575-576-585-586-510-511-512-513-40-41-37-38-50-51-leere-volle-ueberlagerte-druckerpatronen-tintenpatronen-toner-hp-62-302-303-304-305/1117663714-225-9683
[2025-11-10 14:58:01,046] INFO: Product saved: Ankauf Ihrer leeren vollen HP und Canon 540 541 54...
[2025-11-10 14:58:01,047] DEBUG: Fetching details: https://www.kleinanzeigen.de/s-anzeige/ankauf-ihrer-leeren-canon-und-hp-305-hp-305xl-hp-307xl-hp-304-hp-304xl-hp-303-hp-303xl-hp-302-hp-302xl-hp-301-301xl-62-62xl-300-300xl-901-leere-patronen-volle-ueberlagerte-druckerpatronen-toner/1764977037-225-9683
[2025-11-10 14:58:02,705] INFO: Product saved: Ankauf Ihrer leeren Canon und HP 305 HP 305XL HP 3...
[2025-11-10 14:58:02,706] DEBUG: Fetching details: https://www.kleinanzeigen.de/s-anzeige/-satz-originale-hp-963xl-druckerpatronen-2026/3242228597-225-1950
[2025-11-10 14:58:23,895] INFO: Product saved: ---  Satz originale HP 963XL Druckerpatronen - - -...
[2025-11-10 14:58:23,896] DEBUG: Fetching details: https://www.kleinanzeigen.de/s-anzeige/hp-druckerpatronen-4-pack-950-951/3242224879-225-4895
[2025-11-10 14:58:25,635] INFO: Product saved: HP Druckerpatronen 4-Pack 950 951...
[2025-11-10 14:58:25,636] DEBUG: Fetching details: https://www.kleinanzeigen.de/s-anzeige/druckerpatronen-hp-drucker-farben-schwarz/3242220754-225-3507
[2025-11-10 14:58:27,657] INFO: Product saved: Druckerpatronen HP Drucker Farben+Schwarz...
[2025-11-10 14:58:27,657] DEBUG: Fetching details: https://www.kleinanzeigen.de/s-anzeige/2-druckerpatronen-schwarz-hp-901/3242219511-225-16495
[2025-11-10 14:58:29,358] INFO: Product saved: 2 Druckerpatronen schwarz HP 901...
[2025-11-10 14:58:29,359] DEBUG: Fetching details: https://www.kleinanzeigen.de/s-anzeige/hp-62xl-druckerpatronen/3242156403-225-9259
[2025-11-10 14:58:30,929] INFO: Product saved: HP 62XL Druckerpatronen...
[2025-11-10 14:58:30,929] DEBUG: Fetching details: https://www.kleinanzeigen.de/s-anzeige/hp-953xl-original-neu-druckerpatrone-tintenpatrone-4er-paket/3242149640-225-7964
[2025-11-10 14:58:32,052] INFO: Product saved: HP 953XL Original NEU Druckerpatrone Tintenpatrone...
[2025-11-10 14:58:32,053] DEBUG: Fetching details: https://www.kleinanzeigen.de/s-anzeige/tomax-druckerpatronen-950xl-951xl-hp-schwarz-cyan-magenta/3242124884-225-7439
[2025-11-10 14:58:33,352] INFO: Product saved: ToMax Druckerpatronen 950XL/951XL HP - schwarz/cya...
[2025-11-10 14:58:33,353] DEBUG: Fetching details: https://www.kleinanzeigen.de/s-anzeige/hp-62xl-black-druckerpatrone-haltbar-juni-2027/3242100640-225-16834
[2025-11-10 14:58:34,572] INFO: Product saved: HP 62XL Black Druckerpatrone haltbar Juni 2027...
[2025-11-10 14:58:34,572] DEBUG: Fetching details: https://www.kleinanzeigen.de/s-anzeige/druckerpatrone-hp-216-a/3242093140-225-1554
[2025-11-10 14:58:35,880] INFO: Product saved: Druckerpatrone hp 216 A...
[2025-11-10 14:58:35,880] ERROR: Ad parse error: can only concatenate str (not "NoneType") to str
[2025-11-10 14:58:35,880] ERROR: Ad parse error: can only concatenate str (not "NoneType") to str
[2025-11-10 14:58:35,880] DEBUG: Fetching details: https://www.kleinanzeigen.de/s-anzeige/hp-druckerpatrone-991xc-cyan-blau/3242014899-225-8771
[2025-11-10 14:58:37,042] INFO: Product saved: hp Druckerpatrone 991xc Cyan / Blau...
[2025-11-10 14:58:37,043] DEBUG: Fetching details: https://www.kleinanzeigen.de/s-anzeige/hp-druckerpatronen-991xc-magenta-rot-2x/3242011022-225-8771
[2025-11-10 14:58:38,241] INFO: Product saved: hp Druckerpatronen 991xc Magenta / Rot 2x...
[2025-11-10 14:58:38,241] DEBUG: Fetching details: https://www.kleinanzeigen.de/s-anzeige/druckerpatrone-wiederaufbereitet-fuer-hp-302-color-neu/3242010947-225-2512
[2025-11-10 14:58:39,715] INFO: Product saved: Druckerpatrone wiederaufbereitet für HP 302 Color ...
[2025-11-10 14:58:39,715] DEBUG: Fetching details: https://www.kleinanzeigen.de/s-anzeige/hp-druckerpatronen-991xc-yellow-gelb/3242008059-225-8771
[2025-11-10 14:58:42,846] INFO: Product saved: hp Druckerpatronen 991xc Yellow / Gelb...
[2025-11-10 14:58:42,846] DEBUG: Fetching details: https://www.kleinanzeigen.de/s-anzeige/hp-druckerpatronen-991xc-black-schwarz/3242002581-225-8771
[2025-11-10 14:58:44,361] INFO: Product saved: hp Druckerpatronen 991xc Black / Schwarz...
[2025-11-10 14:58:44,362] DEBUG: Fetching details: https://www.kleinanzeigen.de/s-anzeige/druckerpatrone-hp-951-xl/3241991389-225-2779
[2025-11-10 14:58:45,762] INFO: Product saved: Druckerpatrone HP 951 XL...
[2025-11-10 14:58:45,762] ERROR: Ad parse error: can only concatenate str (not "NoneType") to str
[2025-11-10 14:58:45,763] DEBUG: Fetching details: https://www.kleinanzeigen.de/s-anzeige/hp-druckerpatrone-modell-305-schwarz-x-2/3241938078-225-9296
[2025-11-10 14:58:47,464] INFO: Product saved: HP Druckerpatrone Modell 305 Schwarz x 2...
[2025-11-10 14:58:47,465] ERROR: Ad parse error: can only concatenate str (not "NoneType") to str
[2025-11-10 14:58:47,465] ERROR: Ad parse error: can only concatenate str (not "NoneType") to str
[2025-11-10 14:58:47,465] DEBUG: Fetching details: https://www.kleinanzeigen.de/s-anzeige/3x-druckerpatrone-ersatz-hp-78-xl-schwarz-farbig-bk/3241894980-225-4302
[2025-11-10 14:58:48,920] INFO: Product saved: 3x Druckerpatrone Ersatz HP 78 xl schwarz farbig b...
[2025-11-10 14:58:48,921] DEBUG: Fetching details: https://www.kleinanzeigen.de/s-anzeige/hp-druckerpatrone-schwarz/3241893359-225-30133
[2025-11-10 14:58:49,957] INFO: Product saved: HP Druckerpatrone  schwarz...
[2025-11-10 14:58:49,957] DEBUG: Fetching details: https://www.kleinanzeigen.de/s-anzeige/hp-11-magenta-druckerpatronen-tintendrucker-patronen/3241848088-225-4234
[2025-11-10 14:58:51,340] INFO: Product saved: HP 11 magenta Druckerpatronen Tintendrucker Patron...
[2025-11-10 14:58:51,341] ERROR: Ad parse error: can only concatenate str (not "NoneType") to str
[2025-11-10 14:58:52,343] DEBUG: Loading page 2: https://www.kleinanzeigen.de/s-seite:2/Druckerpatrone-HP/k0
[2025-11-10 14:58:54,157] DEBUG: Found 25 product in the page: 2
[2025-11-10 14:58:54,158] DEBUG: Fetching details: https://www.kleinanzeigen.de/s-anzeige/hp-22-druckerpatrone/3241795301-225-4014
[2025-11-10 14:58:55,289] INFO: Product saved: HP 22 Druckerpatrone...
[2025-11-10 14:58:55,289] DEBUG: Fetching details: https://www.kleinanzeigen.de/s-anzeige/original-verpackte-hp-druckerpatronen-302-xl-schwarz-und-dreifarb/3241776948-225-4388
[2025-11-10 14:58:56,459] INFO: Product saved: Original verpackte HP Druckerpatronen 302 XL Schwa...
[2025-11-10 14:58:56,460] DEBUG: Fetching details: https://www.kleinanzeigen.de/s-anzeige/hp-druckerpatronen-nr-300/3241750754-225-442
[2025-11-10 14:58:57,689] INFO: Product saved: HP Druckerpatronen Nr. 300...
[2025-11-10 14:58:57,689] DEBUG: Fetching details: https://www.kleinanzeigen.de/s-anzeige/neu-druckerpatronen-digital-revolution-alternativ-zu-hp/3183543661-225-9008
[2025-11-10 14:58:59,000] INFO: Product saved: Neu-Druckerpatronen - Digital Revolution alternati...
[2025-11-10 14:58:59,001] DEBUG: Fetching details: https://www.kleinanzeigen.de/s-anzeige/druckerpatronen-fuer-hp-drucker/3241708521-225-17266
[2025-11-10 14:59:00,322] INFO: Product saved: Druckerpatronen für HP Drucker...
[2025-11-10 14:59:00,322] DEBUG: Fetching details: https://www.kleinanzeigen.de/s-anzeige/hp-druckerpatrone/3241702727-225-963
[2025-11-10 14:59:01,502] INFO: Product saved: HP-Druckerpatrone...
[2025-11-10 14:59:01,503] DEBUG: Fetching details: https://www.kleinanzeigen.de/s-anzeige/17-leere-druckerpatronen-black-hp301-kmp-canon-545-isy/3241693908-225-4293
[2025-11-10 14:59:03,007] INFO: Product saved: 17 leere Druckerpatronen black HP301 KMP Canon 545...
[2025-11-10 14:59:03,008] DEBUG: Fetching details: https://www.kleinanzeigen.de/s-anzeige/druckerpatronen-h364xl-fuer-hp/3241693017-225-958
[2025-11-10 14:59:04,350] INFO: Product saved: Druckerpatronen H364XL für HP...
[2025-11-10 14:59:04,351] DEBUG: Fetching details: https://www.kleinanzeigen.de/s-anzeige/hp-6230-drucker-und-hp-934-druckerpatronen/3241680039-225-1912
[2025-11-10 14:59:06,230] INFO: Product saved: HP 6230 Drucker und HP 934 Druckerpatronen...
[2025-11-10 14:59:06,240] DEBUG: Fetching details: https://www.kleinanzeigen.de/s-anzeige/druckerpatrone-305-xl-black-hp-desk-jet/3241638215-225-7532
[2025-11-10 14:59:07,413] INFO: Product saved: Druckerpatrone 305 XL black HP Desk Jet...
[2025-11-10 14:59:07,413] DEBUG: Fetching details: https://www.kleinanzeigen.de/s-anzeige/druckerpatrone-hp-305/3241565234-225-19492
[2025-11-10 14:59:08,547] INFO: Product saved: Druckerpatrone hp 305...
[2025-11-10 14:59:08,547] DEBUG: Fetching details: https://www.kleinanzeigen.de/s-anzeige/hp-druckerpatronen-903xl-cyan-yellow-magenta/3241553902-225-2322
[2025-11-10 14:59:09,758] INFO: Product saved: HP Druckerpatronen 903XL Cyan Yellow Magenta...
[2025-11-10 14:59:09,758] DEBUG: Fetching details: https://www.kleinanzeigen.de/s-anzeige/hp-302-druckerpatronen-schwarz-2-packung/3241544968-225-6593
[2025-11-10 14:59:11,132] INFO: Product saved: HP 302 Druckerpatronen Schwarz 2 Packung...
[2025-11-10 14:59:11,133] DEBUG: Fetching details: https://www.kleinanzeigen.de/s-anzeige/hp-304-original-druckerpatronen-black-tricolor/3241521590-225-4896
[2025-11-10 14:59:12,548] INFO: Product saved: HP 304 Original Druckerpatronen black + tricolor...
[2025-11-10 14:59:12,548] DEBUG: Fetching details: https://www.kleinanzeigen.de/s-anzeige/leere-druckerpatronen-original-hp-912/3241480070-225-1091
[2025-11-10 14:59:13,915] INFO: Product saved: leere Druckerpatronen original HP 912...
[2025-11-10 14:59:13,916] DEBUG: Fetching details: https://www.kleinanzeigen.de/s-anzeige/hp-druckerpatronen/3241468100-225-4823
[2025-11-10 14:59:14,887] INFO: Product saved: HP Druckerpatronen...
[2025-11-10 14:59:14,887] ERROR: Ad parse error: can only concatenate str (not "NoneType") to str
[2025-11-10 14:59:14,888] DEBUG: Fetching details: https://www.kleinanzeigen.de/s-anzeige/druckerpatrone-hp-933xl-cyan-original-/3241427542-225-18262
[2025-11-10 14:59:16,325] INFO: Product saved: Druckerpatrone HP 933XL Cyan *Original*...
[2025-11-10 14:59:16,325] DEBUG: Fetching details: https://www.kleinanzeigen.de/s-anzeige/druckerpatrone-hp-933xl-magenta-original-/3241419176-225-18262
[2025-11-10 14:59:17,660] INFO: Product saved: Druckerpatrone HP 933XL Magenta *Original*...
[2025-11-10 14:59:17,660] DEBUG: Fetching details: https://www.kleinanzeigen.de/s-anzeige/hp-drucker-scanner-deskjet-2630-mit-vollen-druckerpatronen/3241413051-225-7981
[2025-11-10 14:59:19,076] INFO: Product saved: HP Drucker/Scanner Deskjet 2630 - mit vollen Druck...
[2025-11-10 14:59:19,076] ERROR: Ad parse error: can only concatenate str (not "NoneType") to str
[2025-11-10 14:59:19,077] DEBUG: Fetching details: https://www.kleinanzeigen.de/s-anzeige/druckerpatronen-hp-364-xl/3241410663-225-254
[2025-11-10 14:59:20,218] INFO: Product saved: Druckerpatronen HP 364 XL...
[2025-11-10 14:59:20,219] DEBUG: Fetching details: https://www.kleinanzeigen.de/s-anzeige/hp-druckerpatronen/3241362912-225-2645
[2025-11-10 14:59:21,496] INFO: Product saved: HP Druckerpatronen...
[2025-11-10 14:59:21,497] DEBUG: Fetching details: https://www.kleinanzeigen.de/s-anzeige/toner-hp-cc531a-hp-304a-cyan-druckerpatrone-neu-ovp-/3241335948-225-6896
[2025-11-10 14:59:22,726] INFO: Product saved: Toner HP CC531A HP 304A cyan Druckerpatrone *neu/O...
[2025-11-10 14:59:22,727] DEBUG: Fetching details: https://www.kleinanzeigen.de/s-anzeige/drucker-hp-deskjet-2700-series-druckerpatrone-schwarz/3241324456-225-8083
[2025-11-10 14:59:23,930] INFO: Product saved: Drucker HP DeskJet 2700 Series + Druckerpatrone sc...
[2025-11-10 14:59:24,930] DEBUG: Loading page 3: https://www.kleinanzeigen.de/s-seite:3/Druckerpatrone-HP/k0
[2025-11-10 14:59:26,157] DEBUG: Found 25 product in the page: 3
[2025-11-10 14:59:26,157] DEBUG: Fetching details: https://www.kleinanzeigen.de/s-anzeige/toner-hp-cc533a-hp-304a-magenta-druckerpatrone-neu-ovp-/3241316633-225-6896
[2025-11-10 14:59:27,364] INFO: Product saved: Toner HP CC533A HP 304A magenta Druckerpatrone *ne...
[2025-11-10 14:59:27,364] DEBUG: Fetching details: https://www.kleinanzeigen.de/s-anzeige/toner-hp-cc530a-304a-schwarze-druckerpatrone-neu-ovp-/3241296534-225-6896
[2025-11-10 14:59:28,485] INFO: Product saved: Toner HP CC530A 304A schwarze Druckerpatrone *neu/...
[2025-11-10 14:59:28,485] DEBUG: Fetching details: https://www.kleinanzeigen.de/s-anzeige/hp-953xl-bk-druckerpatronen/3241283016-225-8172
[2025-11-10 14:59:29,775] INFO: Product saved: HP 953Xl BK Druckerpatronen...
[2025-11-10 14:59:29,776] DEBUG: Fetching details: https://www.kleinanzeigen.de/s-anzeige/druckerpatrone-hp23-tricolour-neu-in-originalverpackung/3241272254-225-1688
[2025-11-10 14:59:31,409] INFO: Product saved: Druckerpatrone HP23 Tricolour neu in Originalverpa...
[2025-11-10 14:59:31,410] DEBUG: Fetching details: https://www.kleinanzeigen.de/s-anzeige/4x-hp-304-druckerpatrone/3241255484-225-2576
[2025-11-10 14:59:32,772] INFO: Product saved: 4x HP 304 Druckerpatrone...
[2025-11-10 14:59:32,773] DEBUG: Fetching details: https://www.kleinanzeigen.de/s-anzeige/hp-druckerpatronen-903/3241231609-225-1463
[2025-11-10 14:59:33,894] INFO: Product saved: HP Druckerpatronen 903...
[2025-11-10 14:59:33,894] DEBUG: Fetching details: https://www.kleinanzeigen.de/s-anzeige/hp-druckerpatronen-ovp/3241183539-225-3526
[2025-11-10 14:59:35,296] INFO: Product saved: HP Druckerpatronen OVP...
[2025-11-10 14:59:35,297] DEBUG: Fetching details: https://www.kleinanzeigen.de/s-anzeige/4x-druckerpatronen-hp-953xl-b-m-y-b-nicht-original-/3241172567-225-1542
[2025-11-10 14:59:37,018] INFO: Product saved: 4x Druckerpatronen HP 953XL B/M/Y/B NICHT ORIGINAL...
[2025-11-10 14:59:37,018] DEBUG: Fetching details: https://www.kleinanzeigen.de/s-anzeige/druckerpatronen-schwarz-hp-office-jet/3241168090-225-993
[2025-11-10 14:59:38,125] INFO: Product saved: Druckerpatronen schwarz HP Office Jet...
[2025-11-10 14:59:38,125] DEBUG: Fetching details: https://www.kleinanzeigen.de/s-anzeige/hp-druckerpatronen-303-xl/3241150778-225-20397
[2025-11-10 14:59:39,310] INFO: Product saved: HP Druckerpatronen 303 XL...
[2025-11-10 14:59:39,311] DEBUG: Fetching details: https://www.kleinanzeigen.de/s-anzeige/hp-933-xl-druckerpatronen/3241129061-225-7333
[2025-11-10 14:59:40,507] INFO: Product saved: Hp 933 xl Druckerpatronen...
[2025-11-10 14:59:40,508] DEBUG: Fetching details: https://www.kleinanzeigen.de/s-anzeige/hp-45-black-druckerpatronen-orginal-packung/3241109753-225-1063
[2025-11-10 14:59:41,800] INFO: Product saved: HP 45  Black Druckerpatronen  orginal packung...
[2025-11-10 14:59:41,800] DEBUG: Fetching details: https://www.kleinanzeigen.de/s-anzeige/druckerpatronen-fuer-hp-6422/3241074853-225-5834
[2025-11-10 14:59:43,014] INFO: Product saved: Druckerpatronen für HP 6422...
[2025-11-10 14:59:43,014] DEBUG: Fetching details: https://www.kleinanzeigen.de/s-anzeige/original-hp305xl-druckerpatrone-farbig-neu-versand-moeglich-/3241062693-225-1558
[2025-11-10 14:59:44,222] INFO: Product saved: Original HP305XL Druckerpatrone farbig *Neu* Versa...
[2025-11-10 14:59:44,222] DEBUG: Fetching details: https://www.kleinanzeigen.de/s-anzeige/druckerpatronen-hp-364-schwarz-2-stueck/3241041792-225-7666
[2025-11-10 14:59:45,421] INFO: Product saved: Druckerpatronen HP 364 - schwarz - 2 Stück...
[2025-11-10 14:59:45,421] DEBUG: Fetching details: https://www.kleinanzeigen.de/s-anzeige/druckerpatronen-fuer-hp-diverse/3241026285-225-6445
[2025-11-10 14:59:46,832] INFO: Product saved: Druckerpatronen für HP diverse...
[2025-11-10 14:59:46,833] DEBUG: Fetching details: https://www.kleinanzeigen.de/s-anzeige/hp-301-druckerpatronen-neu-wegen-fehlkauf/3240996329-225-20556
[2025-11-10 14:59:48,094] INFO: Product saved: HP 301 Druckerpatronen  neu wegen Fehlkauf...
[2025-11-10 14:59:48,095] DEBUG: Fetching details: https://www.kleinanzeigen.de/s-anzeige/druckerpatronen-hp-305-neu-s-w-farbe/3240940291-225-3106
[2025-11-10 14:59:49,867] INFO: Product saved: DRUCKERPATRONEN HP 305—NEU—S/W&Farbe...
[2025-11-10 14:59:49,869] DEBUG: Fetching details: https://www.kleinanzeigen.de/s-anzeige/hp-drucker-officejet-8012-3-xl-druckerpatronen/3240830825-225-2657
[2025-11-10 14:59:50,685] INFO: Product saved: HP Drucker Officejet 8012 + 3 XL Druckerpatronen...
[2025-11-10 14:59:50,686] DEBUG: Fetching details: https://www.kleinanzeigen.de/s-anzeige/neu-hp-tinten-druckerpatronen-schwarz/3240808554-225-9241
[2025-11-10 14:59:51,959] INFO: Product saved: NEU HP Tinten Druckerpatronen Schwarz...
[2025-11-10 14:59:51,960] DEBUG: Fetching details: https://www.kleinanzeigen.de/s-anzeige/druckerpatrone-hp-300-schwarz/3240802108-225-2124
[2025-11-10 14:59:53,184] INFO: Product saved: Druckerpatrone HP 300 schwarz...
[2025-11-10 14:59:53,186] DEBUG: Fetching details: https://www.kleinanzeigen.de/s-anzeige/hp-druckerpatrone-304-original-verpackt/3240769663-225-1761
[2025-11-10 14:59:54,394] INFO: Product saved: hp Druckerpatrone 304 original verpackt...
[2025-11-10 14:59:54,395] DEBUG: Fetching details: https://www.kleinanzeigen.de/s-anzeige/hp-903xl-druckerpatronen-schwarz-cyan-magenta-original/3240751312-225-877
[2025-11-10 14:59:55,474] INFO: Product saved: HP 903XL Druckerpatronen Schwarz Cyan Magenta - Or...
[2025-11-10 14:59:55,474] DEBUG: Fetching details: https://www.kleinanzeigen.de/s-anzeige/hp903-xl-druckerpatrone-gelb/3240748156-225-9195
[2025-11-10 14:59:56,693] INFO: Product saved: HP903 XL Druckerpatrone - Gelb...
[2025-11-10 14:59:56,694] DEBUG: Fetching details: https://www.kleinanzeigen.de/s-anzeige/hp903-xl-druckerpatrone-schwarz/3240741763-225-9195
[2025-11-10 14:59:57,874] INFO: Product saved: HP903 XL Druckerpatrone - Schwarz...
[2025-11-10 14:59:58,874] DEBUG: Loading page 4: https://www.kleinanzeigen.de/s-seite:4/Druckerpatrone-HP/k0
[2025-11-10 15:00:00,285] DEBUG: Found 25 product in the page: 4
[2025-11-10 15:00:00,285] DEBUG: Fetching details: https://www.kleinanzeigen.de/s-anzeige/hp903-xl-druckerpatrone-schwarz/3240741763-225-9195
[2025-11-10 15:00:02,272] INFO: Product saved: HP903 XL Druckerpatrone - Schwarz...
[2025-11-10 15:00:02,273] DEBUG: Fetching details: https://www.kleinanzeigen.de/s-anzeige/hp-300-ink-cartridge-combo-2-pack-druckerpatronen/3240734916-225-4526
[2025-11-10 15:00:04,021] INFO: Product saved: HP 300 Ink Cartridge Combo 2 Pack Druckerpatronen...
[2025-11-10 15:00:04,022] DEBUG: Fetching details: https://www.kleinanzeigen.de/s-anzeige/hp-druckerpatronen/3240727106-225-1649
[2025-11-10 15:00:05,878] INFO: Product saved: hp-Druckerpatronen...
[2025-11-10 15:00:05,878] ERROR: Ad parse error: can only concatenate str (not "NoneType") to str
[2025-11-10 15:00:05,879] DEBUG: Fetching details: https://www.kleinanzeigen.de/s-anzeige/neue-originale-hp-951-magenta-druckerpatrone/3240689607-225-7729
[2025-11-10 15:00:09,102] INFO: Product saved: Neue Originale HP 951  Magenta Druckerpatrone...
[2025-11-10 15:00:09,103] DEBUG: Fetching details: https://www.kleinanzeigen.de/s-anzeige/hp-druckerpatronen-953-4-pack/3240674938-225-4495
[2025-11-10 15:00:10,765] INFO: Product saved: HP Druckerpatronen 953 / 4-pack...
[2025-11-10 15:00:10,766] DEBUG: Fetching details: https://www.kleinanzeigen.de/s-anzeige/hp-druckerpatronen-10-11-alle-ovp-22-stueck/3240655069-225-2826
[2025-11-10 15:00:13,859] INFO: Product saved: HP Druckerpatronen 10 - 11 alle OVP 22 Stück...
[2025-11-10 15:00:13,859] DEBUG: Fetching details: https://www.kleinanzeigen.de/s-anzeige/druckerpatronen-hp363/3240654642-225-5834
[2025-11-10 15:00:15,414] INFO: Product saved: Druckerpatronen HP363...
[2025-11-10 15:00:15,415] DEBUG: Fetching details: https://www.kleinanzeigen.de/s-anzeige/hp-druckerpatronen-981yc-original-produkte-4er-set-farbe-in-ovp/3240637650-225-4816
[2025-11-10 15:00:17,196] INFO: Product saved: HP Druckerpatronen 981YC Original Produkte 4er-Set...
[2025-11-10 15:00:17,197] DEBUG: Fetching details: https://www.kleinanzeigen.de/s-anzeige/hp-935-druckerpatronen/3240637197-225-6406
[2025-11-10 15:00:18,624] INFO: Product saved: HP 935 Druckerpatronen...
[2025-11-10 15:00:18,627] DEBUG: Fetching details: https://www.kleinanzeigen.de/s-anzeige/druckerpatrone-hp-951-xl-magenta/3240620402-225-6021
[2025-11-10 15:00:19,919] INFO: Product saved: Druckerpatrone HP 951 XL magenta...
[2025-11-10 15:00:19,919] DEBUG: Fetching details: https://www.kleinanzeigen.de/s-anzeige/druckerpatrone-hp-951xl-magenta/3240615823-225-6021
[2025-11-10 15:00:22,949] INFO: Product saved: Druckerpatrone HP 951XL magenta...
[2025-11-10 15:00:22,950] DEBUG: Fetching details: https://www.kleinanzeigen.de/s-anzeige/druckerpatrone-hp-17-a-schwarz/3240607032-225-9509
[2025-11-10 15:00:25,563] INFO: Product saved: Druckerpatrone HP 17 A schwarz...
[2025-11-10 15:00:25,564] DEBUG: Fetching details: https://www.kleinanzeigen.de/s-anzeige/druckerpatronen-hp-officejet-pro-950xl-und-951xl/3240601227-225-6206
[2025-11-10 15:00:26,865] INFO: Product saved: Druckerpatronen HP Officejet Pro - 950XL und 951XL...
[2025-11-10 15:00:26,866] DEBUG: Fetching details: https://www.kleinanzeigen.de/s-anzeige/suche-hp-druckerpatrone-951/3240558518-225-7337
[2025-11-10 15:00:28,592] INFO: Product saved: Suche hp  Druckerpatrone 951...
[2025-11-10 15:00:28,593] DEBUG: Fetching details: https://www.kleinanzeigen.de/s-anzeige/2x-druckerpatronen-black-hp-301-xl/3240522748-225-136
[2025-11-10 15:00:30,253] INFO: Product saved: 2x Druckerpatronen /Black HP 301 XL...
[2025-11-10 15:00:30,253] DEBUG: Fetching details: https://www.kleinanzeigen.de/s-anzeige/druckerpatronen-hp-932-und-932-xl/3240504117-225-8375
[2025-11-10 15:00:32,019] INFO: Product saved: Druckerpatronen  HP 932 und 932 XL...
[2025-11-10 15:00:32,020] DEBUG: Fetching details: https://www.kleinanzeigen.de/s-anzeige/druckerpatrone-hp-302-xl-color/3240482979-225-3122
[2025-11-10 15:00:34,465] INFO: Product saved: Druckerpatrone HP  302 XL Color...
[2025-11-10 15:00:34,466] DEBUG: Fetching details: https://www.kleinanzeigen.de/s-anzeige/hp-druckerpatronen-304-schwarz-farbig/3240470642-225-23691
[2025-11-10 15:00:36,234] INFO: Product saved: HP Druckerpatronen 304 schwarz / farbig...
[2025-11-10 15:00:36,234] DEBUG: Fetching details: https://www.kleinanzeigen.de/s-anzeige/original-hp-903-t6l87ae-druckerpatrone-cyan/3240372659-225-4944
[2025-11-10 15:00:37,896] INFO: Product saved: Original HP 903 / T6L87AE Druckerpatrone Cyan...
[2025-11-10 15:00:37,897] DEBUG: Fetching details: https://www.kleinanzeigen.de/s-anzeige/hp-903-blau-original-druckerpatrone-fuer-hp/3240372356-225-4944
[2025-11-10 15:00:39,346] INFO: Product saved: HP 903 Blau Original Druckerpatrone für HP...
[2025-11-10 15:00:39,346] DEBUG: Fetching details: https://www.kleinanzeigen.de/s-anzeige/hp-druckerpatronen-953-xl/3240332686-225-7962
[2025-11-10 15:00:40,508] INFO: Product saved: HP Druckerpatronen - 953 XL...
[2025-11-10 15:00:40,508] ERROR: Ad parse error: can only concatenate str (not "NoneType") to str
[2025-11-10 15:00:40,508] ERROR: Ad parse error: list index out of range
[2025-11-10 15:00:40,508] ERROR: Ad parse error: can only concatenate str (not "NoneType") to str
[2025-11-10 15:00:41,509] DEBUG: Loading page 5: https://www.kleinanzeigen.de/s-seite:5/Druckerpatrone-HP/k0
[2025-11-10 15:00:43,028] DEBUG: Found 25 product in the page: 5
[2025-11-10 15:00:43,028] DEBUG: Fetching details: https://www.kleinanzeigen.de/s-anzeige/druckerpatrone-hp-designjet-712-schwarz/3240216373-225-6817
[2025-11-10 15:00:44,374] INFO: Product saved: Druckerpatrone hp DesignJet 712 Schwarz...
[2025-11-10 15:00:44,375] DEBUG: Fetching details: https://www.kleinanzeigen.de/s-anzeige/druckerpatrone-hp364-xl-schwarz-originalverpackt/3240198846-225-5537
[2025-11-10 15:00:45,741] INFO: Product saved: Druckerpatrone HP364 XL schwarz originalverpackt...
[2025-11-10 15:00:45,741] ERROR: Ad parse error: can only concatenate str (not "NoneType") to str
[2025-11-10 15:00:45,741] ERROR: Ad parse error: can only concatenate str (not "NoneType") to str
[2025-11-10 15:00:45,742] DEBUG: Fetching details: https://www.kleinanzeigen.de/s-anzeige/druckerpatrone-original-hp-920xl-schwarz/3240134226-225-528
[2025-11-10 15:00:47,109] INFO: Product saved: Druckerpatrone original HP 920XL schwarz...
[2025-11-10 15:00:47,109] DEBUG: Fetching details: https://www.kleinanzeigen.de/s-anzeige/druckerpatronen-neu-original-hp-250dw-270dw-8100-8600-serie/3197112752-225-7814
[2025-11-10 15:00:48,621] INFO: Product saved: Druckerpatronen NEU Original/ HP 250dw270dw8100860...
[2025-11-10 15:00:48,622] DEBUG: Fetching details: https://www.kleinanzeigen.de/s-anzeige/druckerpatronen-patronen-364-xl-set-hp-drucker/3240126303-225-7875
[2025-11-10 15:00:49,908] INFO: Product saved: Druckerpatronen Patronen 364 XL Set HP Drucker...
[2025-11-10 15:00:49,908] DEBUG: Fetching details: https://www.kleinanzeigen.de/s-anzeige/druckerpatronen-hp-933/3240122917-225-5840
[2025-11-10 15:00:50,928] INFO: Product saved: Druckerpatronen HP 933...
[2025-11-10 15:00:50,928] DEBUG: Fetching details: https://www.kleinanzeigen.de/s-anzeige/953xl-953-xl-druckerpatronen-kompatibel-hp/3240110319-225-3157
[2025-11-10 15:00:52,180] INFO: Product saved: 953XL 953 XL Druckerpatronen Kompatibel hp...
[2025-11-10 15:00:52,181] DEBUG: Fetching details: https://www.kleinanzeigen.de/s-anzeige/8-neue-orginal-verpackte-druckerpatronen-hp-62-xl/3240101406-225-3660
[2025-11-10 15:00:53,586] INFO: Product saved: 8 Neue Orginal verpackte Druckerpatronen  HP 62 Xl...
[2025-11-10 15:00:53,586] DEBUG: Fetching details: https://www.kleinanzeigen.de/s-anzeige/hp-druckerpatrone-4-pack-933-932xl-mhd2022/3240094828-225-18758
[2025-11-10 15:00:55,072] INFO: Product saved: Hp Druckerpatrone 4-pack 933/932XL MHD2022...
[2025-11-10 15:00:55,075] DEBUG: Fetching details: https://www.kleinanzeigen.de/s-anzeige/original-hp-druckerpatrone-901-dreifarbig/3240055436-225-16905
[2025-11-10 15:00:56,081] INFO: Product saved: Original HP Druckerpatrone 901 Dreifarbig...
[2025-11-10 15:00:56,081] DEBUG: Fetching details: https://www.kleinanzeigen.de/s-anzeige/druckerpatronen-hp-und-epson/3240053840-225-10590
[2025-11-10 15:00:57,511] INFO: Product saved: Druckerpatronen HP und Epson...
[2025-11-10 15:00:57,511] DEBUG: Fetching details: https://www.kleinanzeigen.de/s-anzeige/hp-druckerpatronen-2er-pack/3239994612-225-855
[2025-11-10 15:00:58,822] INFO: Product saved: HP Druckerpatronen 2er Pack...
[2025-11-10 15:00:58,823] DEBUG: Fetching details: https://www.kleinanzeigen.de/s-anzeige/hp-druckerpatrone-original-verpackt-schwarz/3239976912-225-1854
[2025-11-10 15:01:00,480] INFO: Product saved: HP Druckerpatrone original verpackt schwarz...
[2025-11-10 15:01:00,481] DEBUG: Fetching details: https://www.kleinanzeigen.de/s-anzeige/hp-druckerpatrone-903xl-original-gelb-cyan-magenta/3239945684-225-7570
[2025-11-10 15:01:02,055] INFO: Product saved: HP Druckerpatrone 903XL  Original  Gelb Cyan Magen...
[2025-11-10 15:01:02,056] DEBUG: Fetching details: https://www.kleinanzeigen.de/s-anzeige/druckerpatronen-hp-laserjet/3239940688-225-1034
[2025-11-10 15:01:03,425] INFO: Product saved: Druckerpatronen HP/ Laserjet...
[2025-11-10 15:01:03,425] DEBUG: Fetching details: https://www.kleinanzeigen.de/s-anzeige/druckerpatronen-neu-verpackt-fuer-hp-laserjet/3239937702-225-1034
[2025-11-10 15:01:04,695] INFO: Product saved: Druckerpatronen neu verpackt für HP/Laserjet...
[2025-11-10 15:01:04,696] DEBUG: Fetching details: https://www.kleinanzeigen.de/s-anzeige/druckerpatronen-hp-951/3239930923-225-2632
[2025-11-10 15:01:06,050] INFO: Product saved: Druckerpatronen HP 951...
[2025-11-10 15:01:06,051] DEBUG: Fetching details: https://www.kleinanzeigen.de/s-anzeige/4x-hp-druckerpatronen-410xl/3239928432-225-9559
[2025-11-10 15:01:07,360] INFO: Product saved: 4x HP Druckerpatronen 410XL...
[2025-11-10 15:01:07,360] DEBUG: Fetching details: https://www.kleinanzeigen.de/s-anzeige/hp-304a-schwarz-black-patrone-druckerpatrone/3239897889-225-9103
[2025-11-10 15:01:08,573] INFO: Product saved: HP 304A schwarz black Patrone Druckerpatrone...
[2025-11-10 15:01:08,573] ERROR: Ad parse error: can only concatenate str (not "NoneType") to str
[2025-11-10 15:01:08,574] DEBUG: Fetching details: https://www.kleinanzeigen.de/s-anzeige/hp-62-xl-druckerpatronen-schwarz-und-mehrfarbig-ovp/3239866028-225-20672
[2025-11-10 15:01:09,717] INFO: Product saved: HP 62 XL Druckerpatronen - schwarz und mehrfarbig ...
[2025-11-10 15:01:09,718] DEBUG: Fetching details: https://www.kleinanzeigen.de/s-anzeige/tintenpatronen-druckerpatronen-hp-56-und-57-original-und-leer/3239835653-225-8459
[2025-11-10 15:01:10,892] INFO: Product saved: Tintenpatronen / Druckerpatronen  HP 56 und 57 Ori...
[2025-11-10 15:01:10,892] DEBUG: Fetching details: https://www.kleinanzeigen.de/s-anzeige/druckerpatronen-hp-963-xl/3239803328-225-5834
[2025-11-10 15:01:12,118] INFO: Product saved: Druckerpatronen HP 963 XL...
[2025-11-10 15:01:13,351] INFO: Scraping complete: 2 products
[2025-11-10 15:01:13,378] INFO: Task completed successfully
