[2025-11-10 11:14:49,767] INFO: Task received by worker
[2025-11-10 11:14:49,771] INFO: Starting task: Kleinanzeigen Product Scraper
[2025-11-10 11:14:49,775] DEBUG: Input data: {
  "searchQuery": "Druckerpatrone",
  "maxPages": 5,
  "brands": [
    {
      "brand": "Canon"
    },
    {
      "brand": "HP"
    },
    {
      "brand": "Epson"
    }
  ]
}
[2025-11-10 11:14:50,508] INFO: Scraping 3 brand(s): Canon, HP, Epson
[2025-11-10 11:14:53,227] INFO: Processing brand: Canon
[2025-11-10 11:14:53,514] DEBUG: Loading page 1: https://www.kleinanzeigen.de/s-Druckerpatrone-Canon/k0
[2025-11-10 11:14:57,907] DEBUG: Found 27 product in the page: 1
[2025-11-10 11:14:57,917] DEBUG: Fetching details: https://www.kleinanzeigen.de/s-anzeige/ankauf-ihrer-leeren-vollen-hp-und-canon-540-541-545-546-560-561-575-576-585-586-510-511-512-513-40-41-37-38-50-51-leere-volle-ueberlagerte-druckerpatronen-tintenpatronen-toner-hp-62-302-303-304-305/1117663714-225-9683
[2025-11-10 11:15:03,330] INFO: Product saved: Ankauf Ihrer leeren vollen HP und Canon 540 541 54...
[2025-11-10 11:15:03,331] DEBUG: Fetching details: https://www.kleinanzeigen.de/s-anzeige/ankauf-ihrer-leeren-canon-und-hp-305-hp-305xl-hp-307xl-hp-304-hp-304xl-hp-303-hp-303xl-hp-302-hp-302xl-hp-301-301xl-62-62xl-300-300xl-901-leere-patronen-volle-ueberlagerte-druckerpatronen-toner/1764977037-225-9683
[2025-11-10 11:15:06,311] INFO: Product saved: Ankauf Ihrer leeren Canon und HP 305 HP 305XL HP 3...
[2025-11-10 11:15:06,313] DEBUG: Fetching details: https://www.kleinanzeigen.de/s-anzeige/druckerpatronen-fuer-canon/3241975278-225-6814
[2025-11-10 11:15:08,180] INFO: Product saved: Druckerpatronen für Canon...
[2025-11-10 11:15:08,182] DEBUG: Fetching details: https://www.kleinanzeigen.de/s-anzeige/drucker-canon-pixma-ts5050-mit-druckerpatronen-funktioniert-/3241956207-225-991
[2025-11-10 11:15:10,214] INFO: Product saved: Drucker Canon Pixma TS5050 mit Druckerpatronen - f...
[2025-11-10 11:15:10,217] DEBUG: Fetching details: https://www.kleinanzeigen.de/s-anzeige/druckerpatrone-fuer-canon-pixma-5222bb005-pg-540-xl-/3241947783-225-1949
[2025-11-10 11:15:12,142] INFO: Product saved: Druckerpatrone für Canon Pixma (5222BB005 PG 540 X...
[2025-11-10 11:15:12,144] DEBUG: Fetching details: https://www.kleinanzeigen.de/s-anzeige/-originale-canon-maxify-druckerpatronen-2500-cmyb-neu-/3241930225-225-4630
[2025-11-10 11:15:15,573] INFO: Product saved: ** Originale CANON MAXIFY Druckerpatronen - 2500 C...
[2025-11-10 11:15:15,577] DEBUG: Fetching details: https://www.kleinanzeigen.de/s-anzeige/canon-bci-24-color-druckerpatrone-ink-tank/3241926233-225-6401
[2025-11-10 11:15:18,860] INFO: Product saved: Canon BCI-24 Color Druckerpatrone Ink Tank...
[2025-11-10 11:15:18,866] DEBUG: Fetching details: https://www.kleinanzeigen.de/s-anzeige/druckerpatrone-fuer-canon-schwarz-540xl/3241917284-225-7011
[2025-11-10 11:15:25,123] INFO: Product saved: Druckerpatrone für Canon schwarz 540XL...
[2025-11-10 11:15:25,129] DEBUG: Fetching details: https://www.kleinanzeigen.de/s-anzeige/canon-druckerpatronen-pg550-und-angebr-nachfuellset-fuer-bastler/3241866492-225-1681
[2025-11-10 11:15:40,306] INFO: Product saved: Canon Druckerpatronen PG550 und angebr. Nachfüllse...
[2025-11-10 11:15:40,310] DEBUG: Fetching details: https://www.kleinanzeigen.de/s-anzeige/druckerpatrone-canon-original-cli-571-y-gelb-/3241853639-225-5524
[2025-11-10 11:15:46,009] INFO: Product saved: Druckerpatrone Canon Original CLI - 571 Y (gelb)...
[2025-11-10 11:15:46,015] DEBUG: Fetching details: https://www.kleinanzeigen.de/s-anzeige/druckerpatrone-canon-orig-cli-571-bk-schwarz-/3241851378-225-5524
[2025-11-10 11:15:51,647] INFO: Product saved: Druckerpatrone Canon Orig. CLI - 571 BK (schwarz)...
[2025-11-10 11:15:51,653] DEBUG: Fetching details: https://www.kleinanzeigen.de/s-anzeige/druckerpatronen-575xl-576xl-komp-canon-neu-b-y-m-c/3241762622-225-7897
[2025-11-10 11:15:57,715] INFO: Product saved: Druckerpatronen 575XL / 576XL Komp. Canon Neu B Y ...
[2025-11-10 11:15:57,720] DEBUG: Fetching details: https://www.kleinanzeigen.de/s-anzeige/druckerpatrone-canon-pixma-561-/3241762321-225-1920
[2025-11-10 11:16:01,196] INFO: Product saved: Druckerpatrone Canon Pixma561....
[2025-11-10 11:16:01,199] DEBUG: Fetching details: https://www.kleinanzeigen.de/s-anzeige/ovp-canon-druckerpatronen-xl-pixma-551-550/3241752362-225-9389
[2025-11-10 11:16:07,084] INFO: Product saved: OVP Canon Druckerpatronen XL PIXMA 551/550...
[2025-11-10 11:16:07,094] DEBUG: Fetching details: https://www.kleinanzeigen.de/s-anzeige/17-leere-druckerpatronen-black-hp301-kmp-canon-545-isy/3241693908-225-4293
[2025-11-10 11:16:11,810] INFO: Product saved: 17 leere Druckerpatronen black HP301 KMP Canon 545...
[2025-11-10 11:16:11,813] DEBUG: Fetching details: https://www.kleinanzeigen.de/s-anzeige/3-stueck-original-druckerpatronen-canon-540l/3241693608-225-6734
[2025-11-10 11:16:19,438] INFO: Product saved: 3 Stück Original  Druckerpatronen Canon 540L...
[2025-11-10 11:16:19,442] DEBUG: Fetching details: https://www.kleinanzeigen.de/s-anzeige/canon-druckerpatronen/3241664519-93-18674
[2025-11-10 11:16:28,738] INFO: Product saved: Canon Druckerpatronen...
[2025-11-10 11:16:28,746] DEBUG: Fetching details: https://www.kleinanzeigen.de/s-anzeige/druckerpatronen-canon-pixma-ink-print/3241641521-225-30159
[2025-11-10 11:16:36,535] INFO: Product saved: Druckerpatronen Canon Pixma ink&print...
[2025-11-10 11:16:36,538] DEBUG: Fetching details: https://www.kleinanzeigen.de/s-anzeige/canon-pg-40-cl-41-druckerpatronen-schwarz-color/3241633184-225-6482
[2025-11-10 11:16:42,376] INFO: Product saved: Canon pg-40 cl-41 Druckerpatronen schwarz + Color...
[2025-11-10 11:16:42,382] DEBUG: Fetching details: https://www.kleinanzeigen.de/s-anzeige/3-x-druckerpatronen-spar-pack-fuer-canon-drucker/3241628205-225-7954
[2025-11-10 11:16:50,331] INFO: Product saved: 3 x Druckerpatronen ( Spar pack) für Canon Drucker...
[2025-11-10 11:16:50,334] DEBUG: Fetching details: https://www.kleinanzeigen.de/s-anzeige/druckerpatronen-fuer-canon-pixma-ts5050/3241613049-225-2728
[2025-11-10 11:16:56,879] INFO: Product saved: Druckerpatronen für Canon pixma ts5050...
[2025-11-10 11:16:56,883] DEBUG: Fetching details: https://www.kleinanzeigen.de/s-anzeige/tinten-druckerpatronen-canon-mg-5200-series/3241586195-225-1114
[2025-11-10 11:16:59,439] INFO: Product saved: Tinten Druckerpatronen Canon MG 5200 Series...
[2025-11-10 11:16:59,441] DEBUG: Fetching details: https://www.kleinanzeigen.de/s-anzeige/druckerpatronen-fuer-canon-drucker-pgi-550-cli/3241529913-225-1476
[2025-11-10 11:17:02,302] INFO: Product saved: Druckerpatronen für Canon Drucker PGI- 550-CLI...
[2025-11-10 11:17:02,306] DEBUG: Fetching details: https://www.kleinanzeigen.de/s-anzeige/orginal-canon-cl-546xl-color-tintenpatrone-druckerpatrone/3241514103-225-4682
[2025-11-10 11:17:06,740] INFO: Product saved: Orginal Canon CL-546XL Color Tintenpatrone/ Drucke...
[2025-11-10 11:17:06,744] DEBUG: Fetching details: https://www.kleinanzeigen.de/s-anzeige/druckerpatronen-canon/3241513755-225-1952
[2025-11-10 11:17:10,411] INFO: Product saved: Druckerpatronen Canon...
[2025-11-10 11:17:10,419] DEBUG: Fetching details: https://www.kleinanzeigen.de/s-anzeige/druckerpatronen-canon-pixma/3241500126-225-18523
[2025-11-10 11:17:16,221] INFO: Product saved: Druckerpatronen Canon Pixma...
[2025-11-10 11:17:16,222] DEBUG: Fetching details: https://www.kleinanzeigen.de/s-anzeige/druckerpatrone-canon-521-gy-cli-521gy-/3241498348-225-7620
[2025-11-10 11:17:18,331] INFO: Product saved: Druckerpatrone Canon 521 GY (CLI-521GY)...
[2025-11-10 11:17:19,331] DEBUG: Loading page 2: https://www.kleinanzeigen.de/s-seite:2/Druckerpatrone-Canon/k0
[2025-11-10 11:17:20,914] DEBUG: Found 25 product in the page: 2
[2025-11-10 11:17:20,915] DEBUG: Fetching details: https://www.kleinanzeigen.de/s-anzeige/druckerpatronen-canon-550xl-551xl-47stk-/3241495892-225-1818
[2025-11-10 11:17:22,044] INFO: Product saved: Druckerpatronen Canon 550XL / 551XL - 47Stk....
[2025-11-10 11:17:22,045] DEBUG: Fetching details: https://www.kleinanzeigen.de/s-anzeige/druckerpatronen-fuer-canon-maxify-5100/3241495111-225-989
[2025-11-10 11:17:23,925] INFO: Product saved: Druckerpatronen für Canon Maxify 5100...
[2025-11-10 11:17:23,926] DEBUG: Fetching details: https://www.kleinanzeigen.de/s-anzeige/original-canon-druckerpatronen-cli-581-pgi-580/3241479195-225-9421
[2025-11-10 11:17:25,643] INFO: Product saved: Original Canon Druckerpatronen CLI-581 PGI-580...
[2025-11-10 11:17:25,643] DEBUG: Fetching details: https://www.kleinanzeigen.de/s-anzeige/druckerpatronen-canon-pixma/3241433156-225-16412
[2025-11-10 11:17:26,668] INFO: Product saved: Druckerpatronen Canon Pixma...
[2025-11-10 11:17:26,669] DEBUG: Fetching details: https://www.kleinanzeigen.de/s-anzeige/druckerpatronen-canon-pixma-ip-7200-etc-neu-/3241421641-225-4516
[2025-11-10 11:17:27,977] INFO: Product saved: Druckerpatronen Canon Pixma IP 7200 etc. Neu !!!...
[2025-11-10 11:17:27,977] DEBUG: Fetching details: https://www.kleinanzeigen.de/s-anzeige/kompatibel-canon-druckerpatronen-pgi-520-cli-521/3241418246-225-1227
[2025-11-10 11:17:29,844] INFO: Product saved: Kompatibel Canon Druckerpatronen PGI-520/CLI-521...
[2025-11-10 11:17:29,845] DEBUG: Fetching details: https://www.kleinanzeigen.de/s-anzeige/druckerpatronen-origian-canon-pixma-520-und-521/3241396984-225-7875
[2025-11-10 11:17:31,313] INFO: Product saved: Druckerpatronen Origian Canon Pixma 520 und 521...
[2025-11-10 11:17:31,314] DEBUG: Fetching details: https://www.kleinanzeigen.de/s-anzeige/neu-druckerpatronen-tinte-chip-je-1-kompatibel-canon-mg5150/3241387764-225-734
[2025-11-10 11:17:32,860] INFO: Product saved: Neu Druckerpatronen Tinte Chip je 1-€ * kompatibel...
[2025-11-10 11:17:32,865] DEBUG: Fetching details: https://www.kleinanzeigen.de/s-anzeige/-canon-druckerpatrone-cl-541-xl-neu-und-versiegelt-/3241360789-225-3811
[2025-11-10 11:17:34,298] INFO: Product saved: ++ Canon Druckerpatrone CL-541 XL Neu und versiege...
[2025-11-10 11:17:34,299] DEBUG: Fetching details: https://www.kleinanzeigen.de/s-anzeige/canon-pixma-multipack-druckerpatronen/3241339181-225-7503
[2025-11-10 11:17:35,946] INFO: Product saved: Canon Pixma Multipack Druckerpatronen...
[2025-11-10 11:17:35,947] DEBUG: Fetching details: https://www.kleinanzeigen.de/s-anzeige/druckerpatronen-canon-mb-maxify-mb2150/3241279264-225-612
[2025-11-10 11:17:37,331] INFO: Product saved: Druckerpatronen – Canon MB Maxify MB2150...
[2025-11-10 11:17:37,332] DEBUG: Fetching details: https://www.kleinanzeigen.de/s-anzeige/druckerpatronen-canon-8-bk-schwarz-8-y-gelb-neu/3241278261-225-1688
[2025-11-10 11:17:38,414] INFO: Product saved: Druckerpatronen Canon 8 BK schwarz 8 Y gelb neu...
[2025-11-10 11:17:38,415] DEBUG: Fetching details: https://www.kleinanzeigen.de/s-anzeige/druckerpatronen-canon-570-571/3241266065-225-1345
[2025-11-10 11:17:39,675] INFO: Product saved: Druckerpatronen Canon 570/571...
[2025-11-10 11:17:39,676] DEBUG: Fetching details: https://www.kleinanzeigen.de/s-anzeige/canon-druckerpatronen-prixma-mg5100-neu-kompatibel/3241256975-225-3981
[2025-11-10 11:17:41,813] INFO: Product saved: Canon Druckerpatronen Prixma MG5100 - NEU kompatib...
[2025-11-10 11:17:41,813] DEBUG: Fetching details: https://www.kleinanzeigen.de/s-anzeige/lxtek-canon-580-581-xxl-druckerpatronen-neu-ovp-10er-pack/3241240280-225-1824
[2025-11-10 11:17:43,211] INFO: Product saved: LxTek Canon 580/581 XXL Druckerpatronen – NEU & OV...
[2025-11-10 11:17:43,211] DEBUG: Fetching details: https://www.kleinanzeigen.de/s-anzeige/ovp-edding-druckerpatronen-no-514-5-stueck-fuer-canon-pixma/3241211214-225-5414
[2025-11-10 11:17:44,603] INFO: Product saved: OVP Edding Druckerpatronen No. 514 5 Stück für Can...
[2025-11-10 11:17:44,605] DEBUG: Fetching details: https://www.kleinanzeigen.de/s-anzeige/canon-pixma-tintenpatronen-druckerpatronen-yellow-gelb/3241171193-225-4903
[2025-11-10 11:17:45,922] INFO: Product saved: Canon Pixma Tintenpatronen Druckerpatronen Yellow ...
[2025-11-10 11:17:45,923] DEBUG: Fetching details: https://www.kleinanzeigen.de/s-anzeige/canon-druckerpatronen/3241154403-225-3013
[2025-11-10 11:17:47,116] INFO: Product saved: Canon Druckerpatronen...
[2025-11-10 11:17:47,117] DEBUG: Fetching details: https://www.kleinanzeigen.de/s-anzeige/canon-pixma-druckerpatronen-cli-8m-cli-8y-cli-8c-inkl-7-folien/3241136430-225-3842
[2025-11-10 11:17:48,407] INFO: Product saved: Canon PIXMA Druckerpatronen CLI-8M+CLI-8Y+CLI-8C i...
[2025-11-10 11:17:48,408] DEBUG: Fetching details: https://www.kleinanzeigen.de/s-anzeige/druckerpatronen-canon-550-551/3241118641-225-25159
[2025-11-10 11:17:50,040] INFO: Product saved: Druckerpatronen Canon 550 / 551...
[2025-11-10 11:17:50,040] DEBUG: Fetching details: https://www.kleinanzeigen.de/s-anzeige/neue-canon-pixma-cl-541-color-druckerpatrone-originalverpackt/3241111197-225-9185
[2025-11-10 11:17:51,623] INFO: Product saved: Neue Canon Pixma CL-541 Color Druckerpatrone – Ori...
[2025-11-10 11:17:51,623] DEBUG: Fetching details: https://www.kleinanzeigen.de/s-anzeige/original-canon-pixma-pro-100-s-druckerpatrone-grau/3240953050-225-4904
[2025-11-10 11:17:53,079] INFO: Product saved: Original Canon Pixma Pro 100 S Druckerpatrone Grau...
[2025-11-10 11:17:53,081] DEBUG: Fetching details: https://www.kleinanzeigen.de/s-anzeige/original-canon-pixma-pro-100-s-druckerpatrone-schwarz/3240939421-225-4904
[2025-11-10 11:17:54,195] INFO: Product saved: Original Canon Pixma Pro 100 S Druckerpatrone Schw...
[2025-11-10 11:17:54,196] DEBUG: Fetching details: https://www.kleinanzeigen.de/s-anzeige/canon-druckerpatronen-570-571-von-isy/3240931195-225-1843
[2025-11-10 11:17:55,375] INFO: Product saved: Canon Druckerpatronen 570 + 571 von ISY...
[2025-11-10 11:17:55,376] DEBUG: Fetching details: https://www.kleinanzeigen.de/s-anzeige/canon-drucker-mit-druckerpatronen/3240905510-225-2921
[2025-11-10 11:17:58,023] INFO: Product saved: Canon Drucker mit Druckerpatronen...
[2025-11-10 11:17:59,024] DEBUG: Loading page 3: https://www.kleinanzeigen.de/s-seite:3/Druckerpatrone-Canon/k0
[2025-11-10 11:18:02,079] DEBUG: Found 25 product in the page: 3
[2025-11-10 11:18:02,079] DEBUG: Fetching details: https://www.kleinanzeigen.de/s-anzeige/druckerpatronen-canon/3240895936-225-6986
[2025-11-10 11:18:04,414] INFO: Product saved: Druckerpatronen. Canon...
[2025-11-10 11:18:04,415] DEBUG: Fetching details: https://www.kleinanzeigen.de/s-anzeige/kompatibel-canon-pg-545-cl-546-xl-druckerpatronen-545-546-yuanqim/3212331803-225-794
[2025-11-10 11:18:06,671] INFO: Product saved: KOMPATIBEL CANON PG-545 CL-546 XL Druckerpatronen ...
[2025-11-10 11:18:06,672] ERROR: Ad parse error: can only concatenate str (not "NoneType") to str
[2025-11-10 11:18:06,672] DEBUG: Fetching details: https://www.kleinanzeigen.de/s-anzeige/canon-druckerpatronen-pgi-520bk-cli-521bk-zu-verschenken/3240806186-225-7730
[2025-11-10 11:18:08,089] INFO: Product saved: Canon Druckerpatronen PGI-520BK & CLI-521BK – zu v...
[2025-11-10 11:18:08,090] DEBUG: Fetching details: https://www.kleinanzeigen.de/s-anzeige/canon-druckerpatrone/3240805238-225-3135
[2025-11-10 11:18:09,280] INFO: Product saved: Canon Druckerpatrone...
[2025-11-10 11:18:09,281] DEBUG: Fetching details: https://www.kleinanzeigen.de/s-anzeige/canon-pg-512-cl-513-druckerpatrone-schwarz-und-oder-color/3240803193-225-2113
[2025-11-10 11:18:10,261] INFO: Product saved: Canon PG 512 / CL 513 Druckerpatrone Schwarz und /...
[2025-11-10 11:18:10,262] DEBUG: Fetching details: https://www.kleinanzeigen.de/s-anzeige/druckerpatronen-canon-tr8550-tr7550-tr7650-ts6350-ts705a-ts6300/3240753168-225-9482
[2025-11-10 11:18:11,485] INFO: Product saved: Druckerpatronen Canon TR8550 TR7550 TR7650 TS6350 ...
[2025-11-10 11:18:11,486] DEBUG: Fetching details: https://www.kleinanzeigen.de/s-anzeige/druckerpatronen-fuer-canon-verschiedene-farben/3240738662-225-21142
[2025-11-10 11:18:12,726] INFO: Product saved: Druckerpatronen für Canon verschiedene Farben...
[2025-11-10 11:18:12,726] DEBUG: Fetching details: https://www.kleinanzeigen.de/s-anzeige/druckerpatronen-fuer-canon/3240695236-225-7915
[2025-11-10 11:18:14,006] INFO: Product saved: Druckerpatronen für Canon...
[2025-11-10 11:18:14,006] DEBUG: Fetching details: https://www.kleinanzeigen.de/s-anzeige/canon-druckerpatronen-set-540-541-540-black-l-und-541-colour-xl/3240680000-225-9241
[2025-11-10 11:18:15,218] INFO: Product saved: Canon Druckerpatronen Set 540/541 540 Black L und ...
[2025-11-10 11:18:15,219] DEBUG: Fetching details: https://www.kleinanzeigen.de/s-anzeige/kompatibel-canon-pg-540-xl-druckerpatronen-540-yuanqim/3240641087-225-794
[2025-11-10 11:18:16,429] INFO: Product saved: KOMPATIBEL CANON PG-540 XL Druckerpatronen 540 YUA...
[2025-11-10 11:18:16,430] DEBUG: Fetching details: https://www.kleinanzeigen.de/s-anzeige/kompatibel-canon-pg-540-cl-541-xl-druckerpatronen-540-541-yuanqim/3240624767-225-794
[2025-11-10 11:18:17,658] INFO: Product saved: KOMPATIBEL CANON PG-540 CL-541 XL Druckerpatronen ...
[2025-11-10 11:18:17,658] DEBUG: Fetching details: https://www.kleinanzeigen.de/s-anzeige/canon-druckerpatronen/3240603456-225-8432
[2025-11-10 11:18:20,922] INFO: Product saved: Canon Druckerpatronen...
[2025-11-10 11:18:20,924] DEBUG: Fetching details: https://www.kleinanzeigen.de/s-anzeige/druckerpatrone-canon-pixma-8-schwarz-cyan-yellow-neu-in-ovp/3240598352-225-6766
[2025-11-10 11:18:22,668] INFO: Product saved: Druckerpatrone Canon Pixma 8 schwarz cyan yellow n...
[2025-11-10 11:18:22,669] DEBUG: Fetching details: https://www.kleinanzeigen.de/s-anzeige/druckerpatronen-fuer-canon/3240563083-225-1904
[2025-11-10 11:18:24,144] INFO: Product saved: Druckerpatronen für Canon...
[2025-11-10 11:18:24,145] DEBUG: Fetching details: https://www.kleinanzeigen.de/s-anzeige/druckerpatronen-neu-fuer-canon-prixma-ip-7250/3240561724-225-4251
[2025-11-10 11:18:25,729] INFO: Product saved: Druckerpatronen neu für Canon Prixma IP 7250...
[2025-11-10 11:18:25,729] DEBUG: Fetching details: https://www.kleinanzeigen.de/s-anzeige/druckerpatronen-original-canon-fuer-canon-cli-551xl/3240550607-225-19916
[2025-11-10 11:18:26,854] INFO: Product saved: Druckerpatronen original Canon für CANON CLi-551XL...
[2025-11-10 11:18:26,854] ERROR: Ad parse error: can only concatenate str (not "NoneType") to str
[2025-11-10 11:18:26,854] DEBUG: Fetching details: https://www.kleinanzeigen.de/s-anzeige/10x-druckerpatronen-z-b-fuer-canon-c-cli-8-c-pgi-5-cc-8bk/3240457740-225-2700
[2025-11-10 11:18:28,206] INFO: Product saved: 10x Druckerpatronen z.B. für Canon C-CLI-8 C-PGI-5...
[2025-11-10 11:18:28,207] DEBUG: Fetching details: https://www.kleinanzeigen.de/s-anzeige/druckerpatronen-kompatibel-canon-pgi-570-cli-571/3240413191-225-9178
[2025-11-10 11:18:29,625] INFO: Product saved: Druckerpatronen kompatibel Canon PGI-570 CLI-571...
[2025-11-10 11:18:29,627] DEBUG: Fetching details: https://www.kleinanzeigen.de/s-anzeige/druckerpatrone-canon-510/3240396057-225-4816
[2025-11-10 11:18:30,990] INFO: Product saved: Druckerpatrone Canon 510...
[2025-11-10 11:18:30,992] DEBUG: Fetching details: https://www.kleinanzeigen.de/s-anzeige/5x-druckerpatronen-neu-tintenpatronen-toner-f-drucker-canon/3240361746-225-3877
[2025-11-10 11:18:32,656] INFO: Product saved: 5x DRUCKERPATRONEN -NEU- TINTENPATRONEN TONER f.Dr...
[2025-11-10 11:18:32,657] DEBUG: Fetching details: https://www.kleinanzeigen.de/s-anzeige/canon-druckerpatronen-570-571-incl-canon-ts5055/3240340319-225-922
[2025-11-10 11:18:34,343] INFO: Product saved: Canon Druckerpatronen 570/571 incl. Canon TS5055...
[2025-11-10 11:18:34,345] DEBUG: Fetching details: https://www.kleinanzeigen.de/s-anzeige/druckerpatronen-fuer-canon-pixma-drucker/3240337721-225-26046
[2025-11-10 11:18:35,797] INFO: Product saved: Druckerpatronen für Canon Pixma Drucker...
[2025-11-10 11:18:35,798] DEBUG: Fetching details: https://www.kleinanzeigen.de/s-anzeige/druckerpatronen-canon-ts-7450a/3240330396-225-16973
[2025-11-10 11:18:37,135] INFO: Product saved: Druckerpatronen Canon TS 7450a...
[2025-11-10 11:18:38,136] DEBUG: Loading page 4: https://www.kleinanzeigen.de/s-seite:4/Druckerpatrone-Canon/k0
[2025-11-10 11:18:39,795] DEBUG: Found 25 product in the page: 4
[2025-11-10 11:18:39,796] DEBUG: Fetching details: https://www.kleinanzeigen.de/s-anzeige/28x-druckerpatronen-tintenpartonen-canon-drucker-551-und-550/3240304614-225-4711
[2025-11-10 11:18:40,957] INFO: Product saved: 28x Druckerpatronen Tintenpartonen Canon  Drucker ...
[2025-11-10 11:18:40,957] DEBUG: Fetching details: https://www.kleinanzeigen.de/s-anzeige/3x-original-canon-cli-551-xl-druckerpatronen-neu-druckertinte/3240302834-225-7924
[2025-11-10 11:18:42,016] INFO: Product saved: 3x Original Canon CLI 551 (XL) Druckerpatronen  ne...
[2025-11-10 11:18:42,016] DEBUG: Fetching details: https://www.kleinanzeigen.de/s-anzeige/lxtek-druckerpatronen-580-581-multipack-kompatibel-fuer-canon-tr85/3240292302-225-9602
[2025-11-10 11:18:43,301] INFO: Product saved: LxTek Druckerpatronen 580 581 Multipack Kompatibel...
[2025-11-10 11:18:43,302] DEBUG: Fetching details: https://www.kleinanzeigen.de/s-anzeige/druckerpatrone-canon-ts-7450a-pg-560xl-black/3240205781-225-16973
[2025-11-10 11:18:44,919] INFO: Product saved: Druckerpatrone Canon TS 7450a PG-560XL black...
[2025-11-10 11:18:44,919] DEBUG: Fetching details: https://www.kleinanzeigen.de/s-anzeige/canon-pixmal-druckerpatronen-neu-blau-rot-schwarz-geld/3240195102-225-2490
[2025-11-10 11:18:46,125] INFO: Product saved: Canon Pixmal Druckerpatronen neu blau rot schwarz ...
[2025-11-10 11:18:46,126] DEBUG: Fetching details: https://www.kleinanzeigen.de/s-anzeige/canon-pg-575-druckerpatrone/3240195077-225-25295
[2025-11-10 11:18:47,533] INFO: Product saved: Canon PG 575 Druckerpatrone...
[2025-11-10 11:18:47,535] DEBUG: Fetching details: https://www.kleinanzeigen.de/s-anzeige/druckerpatronen-mit-chip-fuer-canon-drucker-kopierer/3240186983-225-4104
[2025-11-10 11:18:48,787] INFO: Product saved: Druckerpatronen mit Chip für Canon Drucker  / Kopi...
[2025-11-10 11:18:48,788] DEBUG: Fetching details: https://www.kleinanzeigen.de/s-anzeige/druckerpatronen-canon/3240186887-225-16366
[2025-11-10 11:18:49,892] INFO: Product saved: Druckerpatronen Canon...
[2025-11-10 11:18:49,893] DEBUG: Fetching details: https://www.kleinanzeigen.de/s-anzeige/druckerpatronen-fuer-canon-drucker/3240119637-225-5424
[2025-11-10 11:18:54,225] INFO: Product saved: Druckerpatronen für Canon Drucker...
[2025-11-10 11:18:54,226] DEBUG: Fetching details: https://www.kleinanzeigen.de/s-anzeige/druckerpatronen-canon-mg-6150/3240111041-225-8830
[2025-11-10 11:19:05,298] INFO: Product saved: Druckerpatronen canon mg 6150...
[2025-11-10 11:19:05,298] DEBUG: Fetching details: https://www.kleinanzeigen.de/s-anzeige/druckerpatronen-canon-mg-6150/3240111039-225-8830
[2025-11-10 11:19:17,087] INFO: Product saved: Druckerpatronen canon mg 6150...
[2025-11-10 11:19:17,088] DEBUG: Fetching details: https://www.kleinanzeigen.de/s-anzeige/kompatibel-canon-pgi-570xl-cli-571xl-druckerpatronen-multipack/3240095927-225-9419
[2025-11-10 11:19:19,558] INFO: Product saved: Kompatibel Canon PGI-570XL/CLI-571XL Druckerpatron...
[2025-11-10 11:19:19,562] DEBUG: Fetching details: https://www.kleinanzeigen.de/s-anzeige/druckerpatronen-canon-pixma/3240072819-93-8594
[2025-11-10 11:19:21,499] INFO: Product saved: Druckerpatronen Canon Pixma...
[2025-11-10 11:19:21,501] ERROR: Ad parse error: can only concatenate str (not "NoneType") to str
[2025-11-10 11:19:21,502] DEBUG: Fetching details: https://www.kleinanzeigen.de/s-anzeige/4-kompatible-druckerpatronen-canon-pixma/3239990973-225-7980
[2025-11-10 11:19:22,752] INFO: Product saved: 4 kompatible Druckerpatronen Canon Pixma...
[2025-11-10 11:19:22,753] DEBUG: Fetching details: https://www.kleinanzeigen.de/s-anzeige/druckerpatronen-canon-526/3239980805-225-7527
[2025-11-10 11:19:24,981] INFO: Product saved: Druckerpatronen Canon 526...
[2025-11-10 11:19:24,982] DEBUG: Fetching details: https://www.kleinanzeigen.de/s-anzeige/druckerpatronen-xl-canon/3239936651-225-3460
[2025-11-10 11:19:26,319] INFO: Product saved: Druckerpatronen XL Canon...
[2025-11-10 11:19:26,320] DEBUG: Fetching details: https://www.kleinanzeigen.de/s-anzeige/atopink-pg540xl-schwarz-druckerpatrone-pg-540-xl-canon/3239898527-225-9358
[2025-11-10 11:19:27,206] INFO: Product saved: ATOPINK  PG540XL schwarz Druckerpatrone PG-540 XL ...
[2025-11-10 11:19:27,207] DEBUG: Fetching details: https://www.kleinanzeigen.de/s-anzeige/canon-580-581-druckerpatronen-neu/3239841199-225-3199
[2025-11-10 11:19:29,286] INFO: Product saved: Canon 580/581 Druckerpatronen neu...
[2025-11-10 11:19:29,287] ERROR: Ad parse error: can only concatenate str (not "NoneType") to str
[2025-11-10 11:19:29,288] DEBUG: Fetching details: https://www.kleinanzeigen.de/s-anzeige/druckerpatronen-canon-kompatibel/3239809319-225-6800
[2025-11-10 11:19:31,115] INFO: Product saved: Druckerpatronen Canon kompatibel...
[2025-11-10 11:19:31,116] DEBUG: Fetching details: https://www.kleinanzeigen.de/s-anzeige/canon-580-581-druckerpatronen-in-farbe-und-in-schwarz/3239768057-225-1007
[2025-11-10 11:19:33,822] INFO: Product saved: Canon 580/581 Druckerpatronen in Farbe und in schw...
[2025-11-10 11:19:33,833] DEBUG: Fetching details: https://www.kleinanzeigen.de/s-anzeige/2x-canon-pg-512-druckerpatronen-schwarz/3239751012-225-4255
[2025-11-10 11:19:34,992] INFO: Product saved: 2x Canon PG-512 Druckerpatronen schwarz...
[2025-11-10 11:19:34,993] ERROR: Ad parse error: can only concatenate str (not "NoneType") to str
[2025-11-10 11:19:34,994] DEBUG: Fetching details: https://www.kleinanzeigen.de/s-anzeige/druckerpatronen-canon-540xl-541xl-neu-und-originalverpackt/3239730587-225-6080
[2025-11-10 11:19:36,421] INFO: Product saved: Druckerpatronen Canon 540XL / 541XL neu und origin...
[2025-11-10 11:19:37,427] DEBUG: Loading page 5: https://www.kleinanzeigen.de/s-seite:5/Druckerpatrone-Canon/k0
[2025-11-10 11:19:39,104] DEBUG: Found 25 product in the page: 5
[2025-11-10 11:19:39,106] DEBUG: Fetching details: https://www.kleinanzeigen.de/s-anzeige/druckerpatronen-canon-540xl-541xl-neu-und-originalverpackt/3239730587-225-6080
[2025-11-10 11:19:40,548] INFO: Product saved: Druckerpatronen Canon 540XL / 541XL neu und origin...
[2025-11-10 11:19:40,549] DEBUG: Fetching details: https://www.kleinanzeigen.de/s-anzeige/canon-540-xl-schwarz-druckerpatronen-tintenpatronen-kompatibel/3239717827-225-9518
[2025-11-10 11:19:41,884] INFO: Product saved: Canon 540 XL schwarz Druckerpatronen Tintenpatrone...
[2025-11-10 11:19:41,885] DEBUG: Fetching details: https://www.kleinanzeigen.de/s-anzeige/canon-pixma-druckerpatronen-525-schwarz-und-526-bunt-/3239715272-225-7981
[2025-11-10 11:19:42,973] INFO: Product saved: Canon PIXMA Druckerpatronen 525 (schwarz) und 526 ...
[2025-11-10 11:19:42,973] DEBUG: Fetching details: https://www.kleinanzeigen.de/s-anzeige/canon-545-xl-546-xl-druckerpatronen-tintenpatronen-kompatibel/3239714827-225-9518
[2025-11-10 11:19:44,369] INFO: Product saved: Canon 545 XL 546 XL Druckerpatronen Tintenpatronen...
[2025-11-10 11:19:44,370] DEBUG: Fetching details: https://www.kleinanzeigen.de/s-anzeige/druckerpatronen-fuer-canon-11st-/3239713126-225-2074
[2025-11-10 11:19:45,405] INFO: Product saved: Druckerpatronen für Canon 11St....
[2025-11-10 11:19:45,406] DEBUG: Fetching details: https://www.kleinanzeigen.de/s-anzeige/druckerpatronen-fuer-canon/3239708969-225-3810
[2025-11-10 11:19:46,686] INFO: Product saved: Druckerpatronen für Canon...
[2025-11-10 11:19:46,687] DEBUG: Fetching details: https://www.kleinanzeigen.de/s-anzeige/druckerpatronen-fuer-canon/3239643467-225-2303
[2025-11-10 11:19:47,743] INFO: Product saved: Druckerpatronen für Canon...
[2025-11-10 11:19:47,743] ERROR: Ad parse error: can only concatenate str (not "NoneType") to str
[2025-11-10 11:19:47,744] DEBUG: Fetching details: https://www.kleinanzeigen.de/s-anzeige/canon-druckerpatronen-original-verpackt-cli-8m-y-c-5/3239555091-225-1522
[2025-11-10 11:19:48,917] INFO: Product saved: Canon Druckerpatronen Original verpackt CLI-8M-Y-C...
[2025-11-10 11:19:48,918] DEBUG: Fetching details: https://www.kleinanzeigen.de/s-anzeige/d-c-druckerpatronen-fuer-canon-drucker-tintenpatronen/3239539705-225-1889
[2025-11-10 11:19:50,140] INFO: Product saved: D&C Druckerpatronen für Canon Drucker Tintenpatron...
[2025-11-10 11:19:50,142] DEBUG: Fetching details: https://www.kleinanzeigen.de/s-anzeige/druckerpatronen-kompatibel-fuer-canon-pixma/3239527902-225-7138
[2025-11-10 11:19:51,497] INFO: Product saved: Druckerpatronen Kompatibel für Canon Pixma...
[2025-11-10 11:19:51,505] DEBUG: Fetching details: https://www.kleinanzeigen.de/s-anzeige/2-stueck-neue-originale-canon-druckerpatronen-571-bk-schwarz-/3239489066-225-3364
[2025-11-10 11:19:53,041] INFO: Product saved: 2 Stück neue originale Canon Druckerpatronen 571 (...
[2025-11-10 11:19:53,041] DEBUG: Fetching details: https://www.kleinanzeigen.de/s-anzeige/druckerpatronen-multipack-canon-pg-40-cl-41-schwarz-farbig-28-ml/3239354325-225-4164
[2025-11-10 11:19:54,371] INFO: Product saved: Druckerpatronen MultiPack Canon PG-40+CL-41 schwar...
[2025-11-10 11:19:54,371] DEBUG: Fetching details: https://www.kleinanzeigen.de/s-anzeige/10-druckerpatronen-kompatibel-fuer-canon-pixma/3239257562-225-1125
[2025-11-10 11:19:55,719] INFO: Product saved: 10 Druckerpatronen kompatibel für Canon Pixma...
[2025-11-10 11:19:55,720] DEBUG: Fetching details: https://www.kleinanzeigen.de/s-anzeige/druckerpatronen-fuer-canon-xp-452-455-serie-gegen-eine-kleinigkeit/3239166472-225-5968
[2025-11-10 11:19:58,814] INFO: Product saved: Druckerpatronen für Canon XP-452 455 Serie gegen e...
[2025-11-10 11:19:58,819] DEBUG: Fetching details: https://www.kleinanzeigen.de/s-anzeige/druckerpatronen-fuer-canon-prixma/3239134166-225-4057
[2025-11-10 11:20:00,353] INFO: Product saved: Druckerpatronen für Canon Prixma...
[2025-11-10 11:20:00,356] DEBUG: Fetching details: https://www.kleinanzeigen.de/s-anzeige/druckerpatronen-canon/3239101899-225-2862
[2025-11-10 11:20:01,831] INFO: Product saved: Druckerpatronen Canon...
[2025-11-10 11:20:01,832] DEBUG: Fetching details: https://www.kleinanzeigen.de/s-anzeige/druckerpatronen-canon-mp550/3239086367-225-7328
[2025-11-10 11:20:03,032] INFO: Product saved: Druckerpatronen Canon MP550...
[2025-11-10 11:20:03,032] DEBUG: Fetching details: https://www.kleinanzeigen.de/s-anzeige/-10-druckerpatronen-571xl-cgi-571-xl-fuer-canon-ts8050-u-a-/3239055184-225-4754
[2025-11-10 11:20:04,143] INFO: Product saved: ⭐⭐⭐ 10 Druckerpatronen 571XL (CGI-571 XL) für Cano...
[2025-11-10 11:20:04,143] DEBUG: Fetching details: https://www.kleinanzeigen.de/s-anzeige/canon-druckerpatronen-original-verpackung-/3238998097-225-8255
[2025-11-10 11:20:06,491] INFO: Product saved: Canon Druckerpatronen (original Verpackung)...
[2025-11-10 11:20:06,492] DEBUG: Fetching details: https://www.kleinanzeigen.de/s-anzeige/original-druckerpatronen-canon-mp-280pixma-510-black/3238983702-225-1732
[2025-11-10 11:20:08,129] INFO: Product saved: original Druckerpatronen Canon MP 280pixma 510 bla...
[2025-11-10 11:20:08,131] DEBUG: Fetching details: https://www.kleinanzeigen.de/s-anzeige/canon-druckerpatronen-pgi-550-cli-551-34-st-ip7250-mg-5400etc/3238965507-225-9212
[2025-11-10 11:20:09,553] INFO: Product saved: Canon Druckerpatronen PGI-550/CLI-551 * 34 St. IP7...
[2025-11-10 11:20:09,554] DEBUG: Fetching details: https://www.kleinanzeigen.de/s-anzeige/druckerpatronen-canon-pixma/3238957151-225-19404
[2025-11-10 11:20:10,525] INFO: Product saved: Druckerpatronen Canon Pixma...
[2025-11-10 11:20:10,526] DEBUG: Fetching details: https://www.kleinanzeigen.de/s-anzeige/5x-druckerpatrone-fuer-canon-komp-mit-pg-525-schwarz/3238956351-225-14101
[2025-11-10 11:20:11,724] INFO: Product saved: 5x Druckerpatrone für Canon (Komp. mit PG 525) sch...
[2025-11-10 11:20:11,725] DEBUG: Fetching details: https://www.kleinanzeigen.de/s-anzeige/bubprint-druckerpatronen-fuer-canon-pixma-ip/3238884513-225-4763
[2025-11-10 11:20:12,766] INFO: Product saved: Bubprint Druckerpatronen für Canon Pixma IP...
[2025-11-10 11:20:13,806] INFO: Processing brand: HP
[2025-11-10 11:20:13,901] DEBUG: Loading page 1: https://www.kleinanzeigen.de/s-Druckerpatrone-HP/k0
[2025-11-10 11:20:17,022] DEBUG: Found 27 product in the page: 1
[2025-11-10 11:20:17,023] DEBUG: Fetching details: https://www.kleinanzeigen.de/s-anzeige/ankauf-ihrer-leeren-canon-und-hp-305-hp-305xl-hp-307xl-hp-304-hp-304xl-hp-303-hp-303xl-hp-302-hp-302xl-hp-301-301xl-62-62xl-300-300xl-901-leere-patronen-volle-ueberlagerte-druckerpatronen-toner/1764977037-225-9683
[2025-11-10 11:20:19,801] INFO: Product saved: Ankauf Ihrer leeren Canon und HP 305 HP 305XL HP 3...
[2025-11-10 11:20:19,805] DEBUG: Fetching details: https://www.kleinanzeigen.de/s-anzeige/ankauf-ihrer-leeren-vollen-hp-und-canon-540-541-545-546-560-561-575-576-585-586-510-511-512-513-40-41-37-38-50-51-leere-volle-ueberlagerte-druckerpatronen-tintenpatronen-toner-hp-62-302-303-304-305/1117663714-225-9683
[2025-11-10 11:20:21,409] INFO: Product saved: Ankauf Ihrer leeren vollen HP und Canon 540 541 54...
[2025-11-10 11:20:21,410] DEBUG: Fetching details: https://www.kleinanzeigen.de/s-anzeige/hp-druckerpatrone-991xc-cyan-blau/3242014899-225-8771
[2025-11-10 11:20:22,572] INFO: Product saved: hp Druckerpatrone 991xc Cyan / Blau...
[2025-11-10 11:20:22,573] DEBUG: Fetching details: https://www.kleinanzeigen.de/s-anzeige/hp-druckerpatronen-991xc-magenta-rot-2x/3242011022-225-8771
[2025-11-10 11:20:24,220] INFO: Product saved: hp Druckerpatronen 991xc Magenta / Rot 2x...
[2025-11-10 11:20:24,221] DEBUG: Fetching details: https://www.kleinanzeigen.de/s-anzeige/druckerpatrone-wiederaufbereitet-fuer-hp-302-color-neu/3242010947-225-2512
[2025-11-10 11:20:26,699] INFO: Product saved: Druckerpatrone wiederaufbereitet für HP 302 Color ...
[2025-11-10 11:20:26,702] DEBUG: Fetching details: https://www.kleinanzeigen.de/s-anzeige/hp-druckerpatronen-991xc-yellow-gelb/3242008059-225-8771
[2025-11-10 11:20:28,544] INFO: Product saved: hp Druckerpatronen 991xc Yellow / Gelb...
[2025-11-10 11:20:28,545] DEBUG: Fetching details: https://www.kleinanzeigen.de/s-anzeige/hp-druckerpatronen-991xc-black-schwarz/3242002581-225-8771
[2025-11-10 11:20:29,865] INFO: Product saved: hp Druckerpatronen 991xc Black / Schwarz...
[2025-11-10 11:20:29,865] ERROR: Ad parse error: can only concatenate str (not "NoneType") to str
[2025-11-10 11:20:29,865] ERROR: Ad parse error: can only concatenate str (not "NoneType") to str
[2025-11-10 11:20:29,866] DEBUG: Fetching details: https://www.kleinanzeigen.de/s-anzeige/hp-druckerpatrone-modell-305-schwarz-x-2/3241938078-225-9296
[2025-11-10 11:20:31,241] INFO: Product saved: HP Druckerpatrone Modell 305 Schwarz x 2...
[2025-11-10 11:20:31,242] ERROR: Ad parse error: can only concatenate str (not "NoneType") to str
[2025-11-10 11:20:31,242] ERROR: Ad parse error: can only concatenate str (not "NoneType") to str
[2025-11-10 11:20:31,243] DEBUG: Fetching details: https://www.kleinanzeigen.de/s-anzeige/3x-druckerpatrone-ersatz-hp-78-xl-schwarz-farbig-bk/3241894980-225-4302
[2025-11-10 11:20:32,700] INFO: Product saved: 3x Druckerpatrone Ersatz HP 78 xl schwarz farbig b...
[2025-11-10 11:20:32,702] DEBUG: Fetching details: https://www.kleinanzeigen.de/s-anzeige/hp-druckerpatrone-schwarz/3241893359-225-30133
[2025-11-10 11:20:35,425] INFO: Product saved: HP Druckerpatrone  schwarz...
[2025-11-10 11:20:35,426] DEBUG: Fetching details: https://www.kleinanzeigen.de/s-anzeige/hp-11-magenta-druckerpatronen-tintendrucker-patronen/3241848088-225-4234
[2025-11-10 11:20:37,892] INFO: Product saved: HP 11 magenta Druckerpatronen Tintendrucker Patron...
[2025-11-10 11:20:37,895] ERROR: Ad parse error: can only concatenate str (not "NoneType") to str
[2025-11-10 11:20:37,896] DEBUG: Fetching details: https://www.kleinanzeigen.de/s-anzeige/hp-22-druckerpatrone/3241795301-225-4014
[2025-11-10 11:20:39,663] INFO: Product saved: HP 22 Druckerpatrone...
[2025-11-10 11:20:39,664] DEBUG: Fetching details: https://www.kleinanzeigen.de/s-anzeige/original-verpackte-hp-druckerpatronen-302-xl-schwarz-und-dreifarb/3241776948-225-4388
[2025-11-10 11:20:41,152] INFO: Product saved: Original verpackte HP Druckerpatronen 302 XL Schwa...
[2025-11-10 11:20:41,153] DEBUG: Fetching details: https://www.kleinanzeigen.de/s-anzeige/hp-druckerpatronen-nr-300/3241750754-225-442
[2025-11-10 11:20:42,683] INFO: Product saved: HP Druckerpatronen Nr. 300...
[2025-11-10 11:20:42,688] DEBUG: Fetching details: https://www.kleinanzeigen.de/s-anzeige/neu-druckerpatronen-digital-revolution-alternativ-zu-hp/3183543661-225-9008
[2025-11-10 11:20:44,371] INFO: Product saved: Neu-Druckerpatronen - Digital Revolution alternati...
[2025-11-10 11:20:44,373] DEBUG: Fetching details: https://www.kleinanzeigen.de/s-anzeige/druckerpatronen-fuer-hp-drucker/3241708521-225-17266
[2025-11-10 11:20:45,988] INFO: Product saved: Druckerpatronen für HP Drucker...
[2025-11-10 11:20:45,988] DEBUG: Fetching details: https://www.kleinanzeigen.de/s-anzeige/hp-druckerpatrone/3241702727-225-963
[2025-11-10 11:20:47,302] INFO: Product saved: HP-Druckerpatrone...
[2025-11-10 11:20:47,302] DEBUG: Fetching details: https://www.kleinanzeigen.de/s-anzeige/17-leere-druckerpatronen-black-hp301-kmp-canon-545-isy/3241693908-225-4293
[2025-11-10 11:20:48,638] INFO: Product saved: 17 leere Druckerpatronen black HP301 KMP Canon 545...
[2025-11-10 11:20:48,639] DEBUG: Fetching details: https://www.kleinanzeigen.de/s-anzeige/druckerpatronen-h364xl-fuer-hp/3241693017-225-958
[2025-11-10 11:20:49,928] INFO: Product saved: Druckerpatronen H364XL für HP...
[2025-11-10 11:20:49,929] DEBUG: Fetching details: https://www.kleinanzeigen.de/s-anzeige/2-original-hp-druckerpatronen-302xl-schwarz-und-302-xl-tricolour-/3241682439-225-2063
[2025-11-10 11:20:51,053] INFO: Product saved: 2 Original HP Druckerpatronen 302XL schwarz und 30...
[2025-11-10 11:20:51,053] DEBUG: Fetching details: https://www.kleinanzeigen.de/s-anzeige/hp-6230-drucker-und-hp-934-druckerpatronen/3241680039-225-1912
[2025-11-10 11:20:52,433] INFO: Product saved: HP 6230 Drucker und HP 934 Druckerpatronen...
[2025-11-10 11:20:52,433] DEBUG: Fetching details: https://www.kleinanzeigen.de/s-anzeige/druckerpatrone-305-xl-black-hp-desk-jet/3241638215-225-7532
[2025-11-10 11:20:53,415] INFO: Product saved: Druckerpatrone 305 XL black HP Desk Jet...
[2025-11-10 11:20:54,415] DEBUG: Loading page 2: https://www.kleinanzeigen.de/s-seite:2/Druckerpatrone-HP/k0
[2025-11-10 11:20:55,929] DEBUG: Found 25 product in the page: 2
[2025-11-10 11:20:55,930] DEBUG: Fetching details: https://www.kleinanzeigen.de/s-anzeige/druckerpatrone-hp-305/3241565234-225-19492
[2025-11-10 11:20:57,106] INFO: Product saved: Druckerpatrone hp 305...
[2025-11-10 11:20:57,107] DEBUG: Fetching details: https://www.kleinanzeigen.de/s-anzeige/hp-druckerpatronen-903xl-cyan-yellow-magenta/3241553902-225-2322
[2025-11-10 11:20:58,497] INFO: Product saved: HP Druckerpatronen 903XL Cyan Yellow Magenta...
[2025-11-10 11:20:58,498] DEBUG: Fetching details: https://www.kleinanzeigen.de/s-anzeige/hp-302-druckerpatronen-schwarz-2-packung/3241544968-225-6593
[2025-11-10 11:21:00,172] INFO: Product saved: HP 302 Druckerpatronen Schwarz 2 Packung...
[2025-11-10 11:21:00,173] DEBUG: Fetching details: https://www.kleinanzeigen.de/s-anzeige/hp-304-original-druckerpatronen-black-tricolor/3241521590-225-4896
[2025-11-10 11:21:01,656] INFO: Product saved: HP 304 Original Druckerpatronen black + tricolor...
[2025-11-10 11:21:01,657] DEBUG: Fetching details: https://www.kleinanzeigen.de/s-anzeige/leere-druckerpatronen-original-hp-912/3241480070-225-1091
[2025-11-10 11:21:03,200] INFO: Product saved: leere Druckerpatronen original HP 912...
[2025-11-10 11:21:03,202] DEBUG: Fetching details: https://www.kleinanzeigen.de/s-anzeige/hp-druckerpatronen/3241468100-225-4823
[2025-11-10 11:21:04,615] INFO: Product saved: HP Druckerpatronen...
[2025-11-10 11:21:04,615] ERROR: Ad parse error: can only concatenate str (not "NoneType") to str
[2025-11-10 11:21:04,616] DEBUG: Fetching details: https://www.kleinanzeigen.de/s-anzeige/druckerpatrone-hp-933xl-cyan-original-/3241427542-225-18262
[2025-11-10 11:21:06,069] INFO: Product saved: Druckerpatrone HP 933XL Cyan *Original*...
[2025-11-10 11:21:06,070] DEBUG: Fetching details: https://www.kleinanzeigen.de/s-anzeige/druckerpatrone-hp-933xl-magenta-original-/3241419176-225-18262
[2025-11-10 11:21:07,740] INFO: Product saved: Druckerpatrone HP 933XL Magenta *Original*...
[2025-11-10 11:21:07,741] DEBUG: Fetching details: https://www.kleinanzeigen.de/s-anzeige/hp-drucker-scanner-deskjet-2630-mit-vollen-druckerpatronen/3241413051-225-7981
[2025-11-10 11:21:09,293] INFO: Product saved: HP Drucker/Scanner Deskjet 2630 - mit vollen Druck...
[2025-11-10 11:21:09,294] ERROR: Ad parse error: can only concatenate str (not "NoneType") to str
[2025-11-10 11:21:09,294] DEBUG: Fetching details: https://www.kleinanzeigen.de/s-anzeige/druckerpatronen-hp-364-xl/3241410663-225-254
[2025-11-10 11:21:10,495] INFO: Product saved: Druckerpatronen HP 364 XL...
[2025-11-10 11:21:10,496] DEBUG: Fetching details: https://www.kleinanzeigen.de/s-anzeige/hp-druckerpatronen/3241362912-225-2645
[2025-11-10 11:21:11,831] INFO: Product saved: HP Druckerpatronen...
[2025-11-10 11:21:11,832] DEBUG: Fetching details: https://www.kleinanzeigen.de/s-anzeige/toner-hp-cc531a-hp-304a-cyan-druckerpatrone-neu-ovp-/3241335948-225-6896
[2025-11-10 11:21:12,988] INFO: Product saved: Toner HP CC531A HP 304A cyan Druckerpatrone *neu/O...
[2025-11-10 11:21:12,989] DEBUG: Fetching details: https://www.kleinanzeigen.de/s-anzeige/drucker-hp-deskjet-2700-series-druckerpatrone-schwarz/3241324456-225-8083
[2025-11-10 11:21:14,619] INFO: Product saved: Drucker HP DeskJet 2700 Series + Druckerpatrone sc...
[2025-11-10 11:21:14,620] DEBUG: Fetching details: https://www.kleinanzeigen.de/s-anzeige/toner-hp-cc533a-hp-304a-magenta-druckerpatrone-neu-ovp-/3241316633-225-6896
[2025-11-10 11:21:16,191] INFO: Product saved: Toner HP CC533A HP 304A magenta Druckerpatrone *ne...
[2025-11-10 11:21:16,192] DEBUG: Fetching details: https://www.kleinanzeigen.de/s-anzeige/toner-hp-cc530a-304a-schwarze-druckerpatrone-neu-ovp-/3241296534-225-6896
[2025-11-10 11:21:17,786] INFO: Product saved: Toner HP CC530A 304A schwarze Druckerpatrone *neu/...
[2025-11-10 11:21:17,787] DEBUG: Fetching details: https://www.kleinanzeigen.de/s-anzeige/hp-953xl-bk-druckerpatronen/3241283016-225-8172
[2025-11-10 11:21:19,296] INFO: Product saved: HP 953Xl BK Druckerpatronen...
[2025-11-10 11:21:19,299] DEBUG: Fetching details: https://www.kleinanzeigen.de/s-anzeige/druckerpatrone-hp23-tricolour-neu-in-originalverpackung/3241272254-225-1688
[2025-11-10 11:21:20,483] INFO: Product saved: Druckerpatrone HP23 Tricolour neu in Originalverpa...
[2025-11-10 11:21:20,484] DEBUG: Fetching details: https://www.kleinanzeigen.de/s-anzeige/4x-hp-304-druckerpatrone/3241255484-225-2576
[2025-11-10 11:21:22,032] INFO: Product saved: 4x HP 304 Druckerpatrone...
[2025-11-10 11:21:22,033] DEBUG: Fetching details: https://www.kleinanzeigen.de/s-anzeige/hp-druckerpatronen-903/3241231609-225-1463
[2025-11-10 11:21:23,485] INFO: Product saved: HP Druckerpatronen 903...
[2025-11-10 11:21:23,486] DEBUG: Fetching details: https://www.kleinanzeigen.de/s-anzeige/hp-druckerpatronen-ovp/3241183539-225-3526
[2025-11-10 11:21:25,971] INFO: Product saved: HP Druckerpatronen OVP...
[2025-11-10 11:21:25,972] DEBUG: Fetching details: https://www.kleinanzeigen.de/s-anzeige/4x-druckerpatronen-hp-953xl-b-m-y-b-nicht-original-/3241172567-225-1542
[2025-11-10 11:21:27,080] INFO: Product saved: 4x Druckerpatronen HP 953XL B/M/Y/B NICHT ORIGINAL...
[2025-11-10 11:21:27,080] DEBUG: Fetching details: https://www.kleinanzeigen.de/s-anzeige/druckerpatronen-schwarz-hp-office-jet/3241168090-225-993
[2025-11-10 11:21:28,300] INFO: Product saved: Druckerpatronen schwarz HP Office Jet...
[2025-11-10 11:21:28,301] DEBUG: Fetching details: https://www.kleinanzeigen.de/s-anzeige/hp-druckerpatronen-303-xl/3241150778-225-20397
[2025-11-10 11:21:29,215] INFO: Product saved: HP Druckerpatronen 303 XL...
[2025-11-10 11:21:30,215] DEBUG: Loading page 3: https://www.kleinanzeigen.de/s-seite:3/Druckerpatrone-HP/k0
[2025-11-10 11:21:31,522] DEBUG: Found 25 product in the page: 3
[2025-11-10 11:21:31,523] DEBUG: Fetching details: https://www.kleinanzeigen.de/s-anzeige/hp-933-xl-druckerpatronen/3241129061-225-7333
[2025-11-10 11:21:32,619] INFO: Product saved: Hp 933 xl Druckerpatronen...
[2025-11-10 11:21:32,619] DEBUG: Fetching details: https://www.kleinanzeigen.de/s-anzeige/druckerpatronen-hp-963xl/3241122253-225-23197
[2025-11-10 11:21:33,919] INFO: Product saved: Druckerpatronen hp 963XL...
[2025-11-10 11:21:33,919] DEBUG: Fetching details: https://www.kleinanzeigen.de/s-anzeige/hp-45-black-druckerpatronen-orginal-packung/3241109753-225-1063
[2025-11-10 11:21:35,107] INFO: Product saved: HP 45  Black Druckerpatronen  orginal packung...
[2025-11-10 11:21:35,108] DEBUG: Fetching details: https://www.kleinanzeigen.de/s-anzeige/druckerpatronen-fuer-hp-6422/3241074853-225-5834
[2025-11-10 11:21:36,245] INFO: Product saved: Druckerpatronen für HP 6422...
[2025-11-10 11:21:36,245] DEBUG: Fetching details: https://www.kleinanzeigen.de/s-anzeige/original-hp305xl-druckerpatrone-farbig-neu-versand-moeglich-/3241062693-225-1558
[2025-11-10 11:21:37,570] INFO: Product saved: Original HP305XL Druckerpatrone farbig *Neu* Versa...
[2025-11-10 11:21:37,571] DEBUG: Fetching details: https://www.kleinanzeigen.de/s-anzeige/druckerpatronen-hp-364-schwarz-2-stueck/3241041792-225-7666
[2025-11-10 11:21:38,659] INFO: Product saved: Druckerpatronen HP 364 - schwarz - 2 Stück...
[2025-11-10 11:21:38,659] DEBUG: Fetching details: https://www.kleinanzeigen.de/s-anzeige/druckerpatronen-fuer-hp-diverse/3241026285-225-6445
[2025-11-10 11:21:41,737] INFO: Product saved: Druckerpatronen für HP diverse...
[2025-11-10 11:21:41,738] DEBUG: Fetching details: https://www.kleinanzeigen.de/s-anzeige/hp-301-druckerpatronen-neu-wegen-fehlkauf/3240996329-225-20556
[2025-11-10 11:21:43,792] INFO: Product saved: HP 301 Druckerpatronen  neu wegen Fehlkauf...
[2025-11-10 11:21:43,793] DEBUG: Fetching details: https://www.kleinanzeigen.de/s-anzeige/druckerpatronen-hp-305-neu-s-w-farbe/3240940291-225-3106
[2025-11-10 11:21:45,482] INFO: Product saved: DRUCKERPATRONEN HP 305—NEU—S/W&Farbe...
[2025-11-10 11:21:45,484] DEBUG: Fetching details: https://www.kleinanzeigen.de/s-anzeige/hp-drucker-officejet-8012-3-xl-druckerpatronen/3240830825-225-2657
[2025-11-10 11:21:47,643] INFO: Product saved: HP Drucker Officejet 8012 + 3 XL Druckerpatronen...
[2025-11-10 11:21:47,644] DEBUG: Fetching details: https://www.kleinanzeigen.de/s-anzeige/hp-druckerpatronen-leer-/3240810003-225-3112
[2025-11-10 11:21:49,096] INFO: Product saved: HP Druckerpatronen (leer)...
[2025-11-10 11:21:49,097] DEBUG: Fetching details: https://www.kleinanzeigen.de/s-anzeige/neu-hp-tinten-druckerpatronen-schwarz/3240808554-225-9241
[2025-11-10 11:21:50,548] INFO: Product saved: NEU HP Tinten Druckerpatronen Schwarz...
[2025-11-10 11:21:50,548] DEBUG: Fetching details: https://www.kleinanzeigen.de/s-anzeige/druckerpatrone-hp-300-schwarz/3240802108-225-2124
[2025-11-10 11:21:51,953] INFO: Product saved: Druckerpatrone HP 300 schwarz...
[2025-11-10 11:21:51,954] DEBUG: Fetching details: https://www.kleinanzeigen.de/s-anzeige/hp-druckerpatrone-304-original-verpackt/3240769663-225-1761
[2025-11-10 11:21:53,896] INFO: Product saved: hp Druckerpatrone 304 original verpackt...
[2025-11-10 11:21:53,897] DEBUG: Fetching details: https://www.kleinanzeigen.de/s-anzeige/hp-903xl-druckerpatronen-schwarz-cyan-magenta-original/3240751312-225-877
[2025-11-10 11:21:55,192] INFO: Product saved: HP 903XL Druckerpatronen Schwarz Cyan Magenta - Or...
[2025-11-10 11:21:55,193] DEBUG: Fetching details: https://www.kleinanzeigen.de/s-anzeige/hp903-xl-druckerpatrone-gelb/3240748156-225-9195
[2025-11-10 11:21:56,382] INFO: Product saved: HP903 XL Druckerpatrone - Gelb...
[2025-11-10 11:21:56,391] DEBUG: Fetching details: https://www.kleinanzeigen.de/s-anzeige/hp903-xl-druckerpatrone-schwarz/3240741763-225-9195
[2025-11-10 11:21:57,743] INFO: Product saved: HP903 XL Druckerpatrone - Schwarz...
[2025-11-10 11:21:57,748] DEBUG: Fetching details: https://www.kleinanzeigen.de/s-anzeige/hp-300-ink-cartridge-combo-2-pack-druckerpatronen/3240734916-225-4526
[2025-11-10 11:21:59,725] INFO: Product saved: HP 300 Ink Cartridge Combo 2 Pack Druckerpatronen...
[2025-11-10 11:21:59,725] DEBUG: Fetching details: https://www.kleinanzeigen.de/s-anzeige/hp-druckerpatronen/3240727106-225-1649
[2025-11-10 11:22:01,179] INFO: Product saved: hp-Druckerpatronen...
[2025-11-10 11:22:01,180] ERROR: Ad parse error: can only concatenate str (not "NoneType") to str
[2025-11-10 11:22:01,180] DEBUG: Fetching details: https://www.kleinanzeigen.de/s-anzeige/neue-originale-hp-951-magenta-druckerpatrone/3240689607-225-7729
[2025-11-10 11:22:03,295] INFO: Product saved: Neue Originale HP 951  Magenta Druckerpatrone...
[2025-11-10 11:22:03,296] DEBUG: Fetching details: https://www.kleinanzeigen.de/s-anzeige/hp-druckerpatronen-953-4-pack/3240674938-225-4495
[2025-11-10 11:22:06,003] INFO: Product saved: HP Druckerpatronen 953 / 4-pack...
[2025-11-10 11:22:06,008] DEBUG: Fetching details: https://www.kleinanzeigen.de/s-anzeige/hp-druckerpatronen-10-11-alle-ovp-22-stueck/3240655069-225-2826
[2025-11-10 11:22:08,893] INFO: Product saved: HP Druckerpatronen 10 - 11 alle OVP 22 Stück...
[2025-11-10 11:22:08,936] DEBUG: Fetching details: https://www.kleinanzeigen.de/s-anzeige/druckerpatronen-hp363/3240654642-225-5834
[2025-11-10 11:22:10,384] INFO: Product saved: Druckerpatronen HP363...
[2025-11-10 11:22:10,386] DEBUG: Fetching details: https://www.kleinanzeigen.de/s-anzeige/bubprint-druckerpatronen-fuer-hp-963-xl-neu-ovp/3240651527-225-1863
[2025-11-10 11:22:12,443] INFO: Product saved: Bubprint Druckerpatronen für HP 963 XL neu OVP...
[2025-11-10 11:22:13,445] DEBUG: Loading page 4: https://www.kleinanzeigen.de/s-seite:4/Druckerpatrone-HP/k0
[2025-11-10 11:22:15,031] DEBUG: Found 25 product in the page: 4
[2025-11-10 11:22:15,033] DEBUG: Fetching details: https://www.kleinanzeigen.de/s-anzeige/hp-druckerpatronen-981yc-original-produkte-4er-set-farbe-in-ovp/3240637650-225-4816
[2025-11-10 11:22:16,821] INFO: Product saved: HP Druckerpatronen 981YC Original Produkte 4er-Set...
[2025-11-10 11:22:16,824] DEBUG: Fetching details: https://www.kleinanzeigen.de/s-anzeige/hp-935-druckerpatronen/3240637197-225-6406
[2025-11-10 11:22:18,602] INFO: Product saved: HP 935 Druckerpatronen...
[2025-11-10 11:22:18,606] DEBUG: Fetching details: https://www.kleinanzeigen.de/s-anzeige/druckerpatrone-hp-951-xl-magenta/3240620402-225-6021
[2025-11-10 11:22:20,388] INFO: Product saved: Druckerpatrone HP 951 XL magenta...
[2025-11-10 11:22:20,389] DEBUG: Fetching details: https://www.kleinanzeigen.de/s-anzeige/druckerpatrone-hp-951xl-magenta/3240615823-225-6021
[2025-11-10 11:22:21,954] INFO: Product saved: Druckerpatrone HP 951XL magenta...
[2025-11-10 11:22:21,955] DEBUG: Fetching details: https://www.kleinanzeigen.de/s-anzeige/druckerpatrone-hp-17-a-schwarz/3240607032-225-9509
[2025-11-10 11:22:24,061] INFO: Product saved: Druckerpatrone HP 17 A schwarz...
[2025-11-10 11:22:24,062] DEBUG: Fetching details: https://www.kleinanzeigen.de/s-anzeige/druckerpatronen-hp-officejet-pro-950xl-und-951xl/3240601227-225-6206
[2025-11-10 11:22:25,639] INFO: Product saved: Druckerpatronen HP Officejet Pro - 950XL und 951XL...
[2025-11-10 11:22:25,642] DEBUG: Fetching details: https://www.kleinanzeigen.de/s-anzeige/suche-hp-druckerpatrone-951/3240558518-225-7337
[2025-11-10 11:22:26,864] INFO: Product saved: Suche hp  Druckerpatrone 951...
[2025-11-10 11:22:26,864] DEBUG: Fetching details: https://www.kleinanzeigen.de/s-anzeige/2x-druckerpatronen-black-hp-301-xl/3240522748-225-136
[2025-11-10 11:22:27,892] INFO: Product saved: 2x Druckerpatronen /Black HP 301 XL...
[2025-11-10 11:22:27,893] DEBUG: Fetching details: https://www.kleinanzeigen.de/s-anzeige/druckerpatronen-hp-932-und-932-xl/3240504117-225-8375
[2025-11-10 11:22:29,634] INFO: Product saved: Druckerpatronen  HP 932 und 932 XL...
[2025-11-10 11:22:29,634] DEBUG: Fetching details: https://www.kleinanzeigen.de/s-anzeige/druckerpatrone-hp-302-xl-color/3240482979-225-3122
[2025-11-10 11:22:31,509] INFO: Product saved: Druckerpatrone HP  302 XL Color...
[2025-11-10 11:22:31,510] DEBUG: Fetching details: https://www.kleinanzeigen.de/s-anzeige/hp-druckerpatronen-304-schwarz-farbig/3240470642-225-23691
[2025-11-10 11:22:33,247] INFO: Product saved: HP Druckerpatronen 304 schwarz / farbig...
[2025-11-10 11:22:33,247] DEBUG: Fetching details: https://www.kleinanzeigen.de/s-anzeige/original-hp-903-t6l87ae-druckerpatrone-cyan/3240372659-225-4944
[2025-11-10 11:22:34,674] INFO: Product saved: Original HP 903 / T6L87AE Druckerpatrone Cyan...
[2025-11-10 11:22:34,675] DEBUG: Fetching details: https://www.kleinanzeigen.de/s-anzeige/hp-903-blau-original-druckerpatrone-fuer-hp/3240372356-225-4944
[2025-11-10 11:22:36,044] INFO: Product saved: HP 903 Blau Original Druckerpatrone für HP...
[2025-11-10 11:22:36,045] DEBUG: Fetching details: https://www.kleinanzeigen.de/s-anzeige/hp-druckerpatronen-953-xl/3240332686-225-7962
[2025-11-10 11:22:37,080] INFO: Product saved: HP Druckerpatronen - 953 XL...
[2025-11-10 11:22:37,080] ERROR: Ad parse error: can only concatenate str (not "NoneType") to str
[2025-11-10 11:22:37,081] ERROR: Ad parse error: list index out of range
[2025-11-10 11:22:37,081] ERROR: Ad parse error: can only concatenate str (not "NoneType") to str
[2025-11-10 11:22:37,082] DEBUG: Fetching details: https://www.kleinanzeigen.de/s-anzeige/druckerpatrone-hp-designjet-712-schwarz/3240216373-225-6817
[2025-11-10 11:22:38,485] INFO: Product saved: Druckerpatrone hp DesignJet 712 Schwarz...
[2025-11-10 11:22:38,486] DEBUG: Fetching details: https://www.kleinanzeigen.de/s-anzeige/druckerpatrone-hp364-xl-schwarz-originalverpackt/3240198846-225-5537
[2025-11-10 11:22:39,957] INFO: Product saved: Druckerpatrone HP364 XL schwarz originalverpackt...
[2025-11-10 11:22:39,957] ERROR: Ad parse error: can only concatenate str (not "NoneType") to str
[2025-11-10 11:22:39,957] ERROR: Ad parse error: can only concatenate str (not "NoneType") to str
[2025-11-10 11:22:39,958] DEBUG: Fetching details: https://www.kleinanzeigen.de/s-anzeige/druckerpatrone-original-hp-920xl-schwarz/3240134226-225-528
[2025-11-10 11:22:41,152] INFO: Product saved: Druckerpatrone original HP 920XL schwarz...
[2025-11-10 11:22:41,153] DEBUG: Fetching details: https://www.kleinanzeigen.de/s-anzeige/druckerpatronen-neu-original-hp-250dw-270dw-8100-8600-serie/3197112752-225-7814
[2025-11-10 11:22:42,402] INFO: Product saved: Druckerpatronen NEU Original/ HP 250dw270dw8100860...
[2025-11-10 11:22:42,403] DEBUG: Fetching details: https://www.kleinanzeigen.de/s-anzeige/druckerpatronen-patronen-364-xl-set-hp-drucker/3240126303-225-7875
[2025-11-10 11:22:44,046] INFO: Product saved: Druckerpatronen Patronen 364 XL Set HP Drucker...
[2025-11-10 11:22:44,048] DEBUG: Fetching details: https://www.kleinanzeigen.de/s-anzeige/druckerpatronen-hp-933/3240122917-225-5840
[2025-11-10 11:22:46,357] INFO: Product saved: Druckerpatronen HP 933...
[2025-11-10 11:22:47,357] DEBUG: Loading page 5: https://www.kleinanzeigen.de/s-seite:5/Druckerpatrone-HP/k0
[2025-11-10 11:22:48,917] DEBUG: Found 25 product in the page: 5
[2025-11-10 11:22:48,918] DEBUG: Fetching details: https://www.kleinanzeigen.de/s-anzeige/953xl-953-xl-druckerpatronen-kompatibel-hp/3240110319-225-3157
[2025-11-10 11:22:50,141] INFO: Product saved: 953XL 953 XL Druckerpatronen Kompatibel hp...
[2025-11-10 11:22:50,141] DEBUG: Fetching details: https://www.kleinanzeigen.de/s-anzeige/8-neue-orginal-verpackte-druckerpatronen-hp-62-xl/3240101406-225-3660
[2025-11-10 11:22:51,729] INFO: Product saved: 8 Neue Orginal verpackte Druckerpatronen  HP 62 Xl...
[2025-11-10 11:22:51,730] DEBUG: Fetching details: https://www.kleinanzeigen.de/s-anzeige/hp-druckerpatrone-4-pack-933-932xl-mhd2022/3240094828-225-18758
[2025-11-10 11:22:53,046] INFO: Product saved: Hp Druckerpatrone 4-pack 933/932XL MHD2022...
[2025-11-10 11:22:53,047] DEBUG: Fetching details: https://www.kleinanzeigen.de/s-anzeige/original-hp-druckerpatrone-901-dreifarbig/3240055436-225-16905
[2025-11-10 11:22:54,332] INFO: Product saved: Original HP Druckerpatrone 901 Dreifarbig...
[2025-11-10 11:22:54,333] DEBUG: Fetching details: https://www.kleinanzeigen.de/s-anzeige/druckerpatronen-hp-und-epson/3240053840-225-10590
[2025-11-10 11:22:55,644] INFO: Product saved: Druckerpatronen HP und Epson...
[2025-11-10 11:22:55,644] DEBUG: Fetching details: https://www.kleinanzeigen.de/s-anzeige/hp-druckerpatronen-2er-pack/3239994612-225-855
[2025-11-10 11:22:57,292] INFO: Product saved: HP Druckerpatronen 2er Pack...
[2025-11-10 11:22:57,293] DEBUG: Fetching details: https://www.kleinanzeigen.de/s-anzeige/hp-druckerpatrone-original-verpackt-schwarz/3239976912-225-1854
[2025-11-10 11:22:58,448] INFO: Product saved: HP Druckerpatrone original verpackt schwarz...
[2025-11-10 11:22:58,448] DEBUG: Fetching details: https://www.kleinanzeigen.de/s-anzeige/hp-druckerpatrone-903xl-original-gelb-cyan-magenta/3239945684-225-7570
[2025-11-10 11:22:59,322] INFO: Product saved: HP Druckerpatrone 903XL  Original  Gelb Cyan Magen...
[2025-11-10 11:22:59,323] DEBUG: Fetching details: https://www.kleinanzeigen.de/s-anzeige/druckerpatronen-hp-laserjet/3239940688-225-1034
[2025-11-10 11:23:00,366] INFO: Product saved: Druckerpatronen HP/ Laserjet...
[2025-11-10 11:23:00,367] DEBUG: Fetching details: https://www.kleinanzeigen.de/s-anzeige/druckerpatronen-neu-verpackt-fuer-hp-laserjet/3239937702-225-1034
[2025-11-10 11:23:01,521] INFO: Product saved: Druckerpatronen neu verpackt für HP/Laserjet...
[2025-11-10 11:23:01,522] DEBUG: Fetching details: https://www.kleinanzeigen.de/s-anzeige/druckerpatronen-hp-951/3239930923-225-2632
[2025-11-10 11:23:03,282] INFO: Product saved: Druckerpatronen HP 951...
[2025-11-10 11:23:03,283] DEBUG: Fetching details: https://www.kleinanzeigen.de/s-anzeige/4x-hp-druckerpatronen-410xl/3239928432-225-9559
[2025-11-10 11:23:06,501] INFO: Product saved: 4x HP Druckerpatronen 410XL...
[2025-11-10 11:23:06,506] DEBUG: Fetching details: https://www.kleinanzeigen.de/s-anzeige/satz-hp-druckerpatronen-950-xl-951-xl-1-x-schwarz-xl-zusaetzlich/3239900047-225-1950
[2025-11-10 11:23:08,436] INFO: Product saved: Satz HP Druckerpatronen 950 XL 951 XL ; 1 x schwar...
[2025-11-10 11:23:08,437] DEBUG: Fetching details: https://www.kleinanzeigen.de/s-anzeige/hp-304a-schwarz-black-patrone-druckerpatrone/3239897889-225-9103
[2025-11-10 11:23:09,809] INFO: Product saved: HP 304A schwarz black Patrone Druckerpatrone...
[2025-11-10 11:23:09,810] ERROR: Ad parse error: can only concatenate str (not "NoneType") to str
[2025-11-10 11:23:09,810] DEBUG: Fetching details: https://www.kleinanzeigen.de/s-anzeige/hp-62-xl-druckerpatronen-schwarz-und-mehrfarbig-ovp/3239866028-225-20672
[2025-11-10 11:23:11,227] INFO: Product saved: HP 62 XL Druckerpatronen - schwarz und mehrfarbig ...
[2025-11-10 11:23:11,229] DEBUG: Fetching details: https://www.kleinanzeigen.de/s-anzeige/tintenpatronen-druckerpatronen-hp-56-und-57-original-und-leer/3239835653-225-8459
[2025-11-10 11:23:12,602] INFO: Product saved: Tintenpatronen / Druckerpatronen  HP 56 und 57 Ori...
[2025-11-10 11:23:12,603] DEBUG: Fetching details: https://www.kleinanzeigen.de/s-anzeige/druckerpatronen-hp-963-xl/3239803328-225-5834
[2025-11-10 11:23:13,490] INFO: Product saved: Druckerpatronen HP 963 XL...
[2025-11-10 11:23:13,491] DEBUG: Fetching details: https://www.kleinanzeigen.de/s-anzeige/hp-62-xl-multipack-druckerpatronen-original/3239780272-225-8621
[2025-11-10 11:23:14,715] INFO: Product saved: HP 62 XL Multipack Druckerpatronen Original...
[2025-11-10 11:23:14,716] DEBUG: Fetching details: https://www.kleinanzeigen.de/s-anzeige/hp-301-multipack-druckerpatronen/3239756399-225-2829
[2025-11-10 11:23:15,931] INFO: Product saved: HP 301 Multipack Druckerpatronen...
[2025-11-10 11:23:15,931] ERROR: Ad parse error: can only concatenate str (not "NoneType") to str
[2025-11-10 11:23:15,932] DEBUG: Fetching details: https://www.kleinanzeigen.de/s-anzeige/originale-druckerpatronen-hp-950xl-951xl-4-farben/3239744241-225-9233
[2025-11-10 11:23:17,247] INFO: Product saved: Originale Druckerpatronen HP 950XL/951XL 4-Farben...
[2025-11-10 11:23:17,248] DEBUG: Fetching details: https://www.kleinanzeigen.de/s-anzeige/36x-fuer-hp-364-druckerpatronen/3239731871-225-1651
[2025-11-10 11:23:18,656] INFO: Product saved: 36x für HP 364 Druckerpatronen...
[2025-11-10 11:23:18,657] DEBUG: Fetching details: https://www.kleinanzeigen.de/s-anzeige/hp-950xl-951xl-druckerpatronen-tintenpatronen/3239730129-225-9518
[2025-11-10 11:23:19,982] INFO: Product saved: HP 950xl 951xl Druckerpatronen Tintenpatronen...
[2025-11-10 11:23:19,983] DEBUG: Fetching details: https://www.kleinanzeigen.de/s-anzeige/3x-hp-920xl-druckerpatronen-tintenpatronen/3239720194-225-9518
[2025-11-10 11:23:21,214] INFO: Product saved: 3x HP 920xl Druckerpatronen Tintenpatronen...
[2025-11-10 11:23:22,238] INFO: Processing brand: Epson
[2025-11-10 11:23:22,315] DEBUG: Loading page 1: https://www.kleinanzeigen.de/s-Druckerpatrone-Epson/k0
[2025-11-10 11:23:25,851] DEBUG: Found 26 product in the page: 1
[2025-11-10 11:23:25,852] DEBUG: Fetching details: https://www.kleinanzeigen.de/s-anzeige/druckerpatronen-xl-fuer-epson-workforce-wf-alle-4-farben/3233127978-225-9391
[2025-11-10 11:23:27,794] INFO: Product saved: Druckerpatronen XL für Epson Workforce WF alle 4 F...
[2025-11-10 11:23:27,795] DEBUG: Fetching details: https://www.kleinanzeigen.de/s-anzeige/epson-33xl-original-druckerpatrone-2xphoto-schwarz-magenta-gelb/3242002562-225-6799
[2025-11-10 11:23:30,191] INFO: Product saved: Epson 33XL original Druckerpatrone 2xphoto schwarz...
[2025-11-10 11:23:30,195] DEBUG: Fetching details: https://www.kleinanzeigen.de/s-anzeige/-neu-druckerpatronen-epson-104-multipack/3241978574-225-3003
[2025-11-10 11:23:32,206] INFO: Product saved: *Neu* Druckerpatronen Epson 104 Multipack...
[2025-11-10 11:23:32,208] DEBUG: Fetching details: https://www.kleinanzeigen.de/s-anzeige/druckerpatronen-fuer-epson-xp-432/3241976477-225-10594
[2025-11-10 11:23:34,415] INFO: Product saved: Druckerpatronen für Epson XP 432...
[2025-11-10 11:23:34,416] DEBUG: Fetching details: https://www.kleinanzeigen.de/s-anzeige/epson-druckerpatronen/3241957753-225-13766
[2025-11-10 11:23:36,543] INFO: Product saved: Epson - Druckerpatronen...
[2025-11-10 11:23:36,544] DEBUG: Fetching details: https://www.kleinanzeigen.de/s-anzeige/druckerpatronen-fuer-epson-xl129-t1291-workforce-officejet-stylus/3241935890-225-9652
[2025-11-10 11:23:39,292] INFO: Product saved: Druckerpatronen für Epson XL129 T1291 Workforce Of...
[2025-11-10 11:23:39,293] DEBUG: Fetching details: https://www.kleinanzeigen.de/s-anzeige/druckerpatronen-epson/3241933584-225-3144
[2025-11-10 11:23:41,173] INFO: Product saved: Druckerpatronen Epson...
[2025-11-10 11:23:41,174] DEBUG: Fetching details: https://www.kleinanzeigen.de/s-anzeige/druckerpatronen-epson/3241894700-225-23969
[2025-11-10 11:23:43,821] INFO: Product saved: Druckerpatronen Epson...
[2025-11-10 11:23:43,823] DEBUG: Fetching details: https://www.kleinanzeigen.de/s-anzeige/epson-t9443-l-magenta-original-druckerpatrone-c13t944340/2815063252-225-9554
[2025-11-10 11:23:45,416] INFO: Product saved: Epson T9443 L magenta Original Druckerpatrone C13T...
[2025-11-10 11:23:45,417] DEBUG: Fetching details: https://www.kleinanzeigen.de/s-anzeige/druckerpatronen-33xl-multipack-komp-epson-neu-pb-b-y-c-m/3241760375-225-7897
[2025-11-10 11:23:47,889] INFO: Product saved: Druckerpatronen 33XL Multipack Komp. Epson Neu PB ...
[2025-11-10 11:23:47,890] ERROR: Ad parse error: can only concatenate str (not "NoneType") to str
[2025-11-10 11:23:47,893] DEBUG: Fetching details: https://www.kleinanzeigen.de/s-anzeige/druckerpatrone-epson-t7022-t7023-t7024-fuer-wp-serie-neu-ovp/3241594324-225-8176
[2025-11-10 11:23:49,659] INFO: Product saved: Druckerpatrone Epson T7022 T7023 T7024 für WP Seri...
[2025-11-10 11:23:49,660] DEBUG: Fetching details: https://www.kleinanzeigen.de/s-anzeige/druckerpatronen-epson-xl-29-erdbeer-serie/3241591085-225-9269
[2025-11-10 11:23:51,114] INFO: Product saved: Druckerpatronen Epson XL 29 Erdbeer  Serie...
[2025-11-10 11:23:51,114] DEBUG: Fetching details: https://www.kleinanzeigen.de/s-anzeige/druckerpatronen-2991-xl-black-kompatibel-epson-xp-342-u-a-/3241578031-225-7552
[2025-11-10 11:23:53,037] INFO: Product saved: Druckerpatronen 2991 XL black - kompatibel Epson X...
[2025-11-10 11:23:53,038] DEBUG: Fetching details: https://www.kleinanzeigen.de/s-anzeige/5-druckerpatronen-epson-t0711/3241429793-225-22728
[2025-11-10 11:23:54,309] INFO: Product saved: 5 Druckerpatronen Epson T0711...
[2025-11-10 11:23:54,310] ERROR: Ad parse error: can only concatenate str (not "NoneType") to str
[2025-11-10 11:23:54,311] DEBUG: Fetching details: https://www.kleinanzeigen.de/s-anzeige/druckerpatronen-geeignet-fuer-epson-modelle-zu-verkaufen/3241395478-225-981
[2025-11-10 11:23:56,018] INFO: Product saved: Druckerpatronen (geeignet für Epson Modelle) zu ve...
[2025-11-10 11:23:56,019] DEBUG: Fetching details: https://www.kleinanzeigen.de/s-anzeige/epson-t55kd-druckerpatrone-c13t55kd00-violett-ovp/3241329741-225-9477
[2025-11-10 11:23:57,937] INFO: Product saved: Epson T55KD Druckerpatrone (C13T55KD00) Violett OV...
[2025-11-10 11:23:57,938] DEBUG: Fetching details: https://www.kleinanzeigen.de/s-anzeige/epson-druckerpatronen-t711-t714/3241302619-225-1894
[2025-11-10 11:23:59,458] INFO: Product saved: Epson Druckerpatronen T711 T714...
[2025-11-10 11:23:59,461] DEBUG: Fetching details: https://www.kleinanzeigen.de/s-anzeige/epson-druckerpatronen-xl-29-schwarz-blau-gelb-magenta/3241292305-225-1894
[2025-11-10 11:24:00,934] INFO: Product saved: Epson Druckerpatronen XL 29 schwarz blau gelb mage...
[2025-11-10 11:24:00,937] DEBUG: Fetching details: https://www.kleinanzeigen.de/s-anzeige/druckerpatronen-epson-home-xp-familie/3241259349-225-2828
[2025-11-10 11:24:02,327] INFO: Product saved: Druckerpatronen Epson Home XP Familie...
[2025-11-10 11:24:02,328] DEBUG: Fetching details: https://www.kleinanzeigen.de/s-anzeige/epson-druckerpatronen/3241225253-225-1494
[2025-11-10 11:24:04,985] INFO: Product saved: Epson Druckerpatronen...
[2025-11-10 11:24:04,986] DEBUG: Fetching details: https://www.kleinanzeigen.de/s-anzeige/epson-druckerpatronen/3241195317-225-2694
[2025-11-10 11:24:06,867] INFO: Product saved: Epson Druckerpatronen...
[2025-11-10 11:24:06,869] DEBUG: Fetching details: https://www.kleinanzeigen.de/s-anzeige/epson-xp-302-druckerpatronen/3241052815-225-3141
[2025-11-10 11:24:08,123] INFO: Product saved: EPSON XP-302 Druckerpatronen...
[2025-11-10 11:24:08,124] DEBUG: Fetching details: https://www.kleinanzeigen.de/s-anzeige/druckerpatrone-33xl-epson-xp530-540-630-635-640-645/3241050300-225-1904
[2025-11-10 11:24:09,578] INFO: Product saved: Druckerpatrone 33XL Epson xp530/540/630/635/640/64...
[2025-11-10 11:24:09,579] DEBUG: Fetching details: https://www.kleinanzeigen.de/s-anzeige/druckerpatronen-epson-e18xl/3240957160-225-9022
[2025-11-10 11:24:11,592] INFO: Product saved: Druckerpatronen Epson E18XL...
[2025-11-10 11:24:12,592] DEBUG: Loading page 2: https://www.kleinanzeigen.de/s-seite:2/Druckerpatrone-Epson/k0
[2025-11-10 11:24:14,128] DEBUG: Found 25 product in the page: 2
[2025-11-10 11:24:14,129] DEBUG: Fetching details: https://www.kleinanzeigen.de/s-anzeige/druckerpatronen-epson-e18xl/3240957036-225-8773
[2025-11-10 11:24:15,462] INFO: Product saved: Druckerpatronen Epson E18XL...
[2025-11-10 11:24:15,462] DEBUG: Fetching details: https://www.kleinanzeigen.de/s-anzeige/druckerpatronen-epson/3240943195-225-2958
[2025-11-10 11:24:16,811] INFO: Product saved: Druckerpatronen Epson...
[2025-11-10 11:24:16,811] DEBUG: Fetching details: https://www.kleinanzeigen.de/s-anzeige/neue-druckerpatronen-fuer-epson-drucker-wf-3620-und-weitere/3240936290-225-2539
[2025-11-10 11:24:19,441] INFO: Product saved: Neue Druckerpatronen für Epson Drucker WF 3620 und...
[2025-11-10 11:24:19,442] ERROR: Ad parse error: can only concatenate str (not "NoneType") to str
[2025-11-10 11:24:19,442] DEBUG: Fetching details: https://www.kleinanzeigen.de/s-anzeige/original-epson-502-magenta-druckerpatrone-c13t02v34010-/3240840409-225-4308
[2025-11-10 11:24:20,802] INFO: Product saved: Original Epson 502 Magenta Druckerpatrone (C13T02V...
[2025-11-10 11:24:20,803] DEBUG: Fetching details: https://www.kleinanzeigen.de/s-anzeige/druckerpatronen-fuer-epson-xp-drucker/3240811163-225-3439
[2025-11-10 11:24:22,530] INFO: Product saved: Druckerpatronen für Epson xp Drucker...
[2025-11-10 11:24:22,530] DEBUG: Fetching details: https://www.kleinanzeigen.de/s-anzeige/2-epson-druckerpatronen-jeweils-in-bunt-und-schwarzweiss-box/3240807173-225-9298
[2025-11-10 11:24:23,906] INFO: Product saved: 2 × EPSON Druckerpatronen jeweils in Bunt und Schw...
[2025-11-10 11:24:23,907] DEBUG: Fetching details: https://www.kleinanzeigen.de/s-anzeige/druckerpatronen-4-farben-fuer-epson-xp-drucker/3240806291-225-3439
[2025-11-10 11:24:25,950] INFO: Product saved: Druckerpatronen 4 Farben für Epson xp Drucker...
[2025-11-10 11:24:25,950] DEBUG: Fetching details: https://www.kleinanzeigen.de/s-anzeige/druckerpatronen-fuer-ersatz-fuer-epson-t1292-t1293-t1294/3240764935-225-30071
[2025-11-10 11:24:27,146] INFO: Product saved: Druckerpatronen für Ersatz für Epson T1292 T1293 T...
[2025-11-10 11:24:27,147] DEBUG: Fetching details: https://www.kleinanzeigen.de/s-anzeige/druckerpatronen-epson-t129/3240730774-225-4191
[2025-11-10 11:24:30,928] INFO: Product saved: Druckerpatronen Epson T129...
[2025-11-10 11:24:30,929] DEBUG: Fetching details: https://www.kleinanzeigen.de/s-anzeige/druckerpatronen-fuer-epson-e0711-e0712-e0713-e0714/3240700608-225-4934
[2025-11-10 11:24:34,019] INFO: Product saved: Druckerpatronen für Epson E0711 E0712 E0713 E0714...
[2025-11-10 11:24:34,023] DEBUG: Fetching details: https://www.kleinanzeigen.de/s-anzeige/druckerpatronen-epson/3240551579-225-6598
[2025-11-10 11:24:37,061] INFO: Product saved: Druckerpatronen Epson...
[2025-11-10 11:24:37,065] DEBUG: Fetching details: https://www.kleinanzeigen.de/s-anzeige/epson-druckerpatronen-original-magenta-18-und-cyan-18-neu/3240496241-225-27671
[2025-11-10 11:24:39,232] INFO: Product saved: Epson Druckerpatronen original Magenta 18 und Cyan...
[2025-11-10 11:24:39,234] DEBUG: Fetching details: https://www.kleinanzeigen.de/s-anzeige/druckerpatrone-epson-nr-34-black/3240485498-225-966
[2025-11-10 11:24:41,537] INFO: Product saved: Druckerpatrone Epson Nr. 34 black...
[2025-11-10 11:24:41,538] DEBUG: Fetching details: https://www.kleinanzeigen.de/s-anzeige/druckerpatronen-fuer-epson-drucker/3240466087-225-6994
[2025-11-10 11:24:43,896] INFO: Product saved: Druckerpatronen für Epson Drucker...
[2025-11-10 11:24:43,897] DEBUG: Fetching details: https://www.kleinanzeigen.de/s-anzeige/druckerpatrone-schwarz-fuer-epson-stylus/3240342271-225-9245
[2025-11-10 11:24:46,186] INFO: Product saved: Druckerpatrone schwarz für Epson Stylus...
[2025-11-10 11:24:46,187] DEBUG: Fetching details: https://www.kleinanzeigen.de/s-anzeige/epson-druckerpatronen-t9453-t9451-t9454-und-t94542/3240242436-225-615
[2025-11-10 11:24:47,778] INFO: Product saved: Epson Druckerpatronen  T9453 T9451T9454 und T94542...
[2025-11-10 11:24:47,779] DEBUG: Fetching details: https://www.kleinanzeigen.de/s-anzeige/epson-drucker-inkl-6-druckerpatronen/3240138300-225-16396
[2025-11-10 11:24:49,959] INFO: Product saved: Epson Drucker inkl 6 Druckerpatronen...
[2025-11-10 11:24:49,959] DEBUG: Fetching details: https://www.kleinanzeigen.de/s-anzeige/epson-t1295-druckerpatrone-ovp/3240114429-225-30098
[2025-11-10 11:24:55,041] INFO: Product saved: Epson T1295 Druckerpatrone OVP...
[2025-11-10 11:24:55,045] DEBUG: Fetching details: https://www.kleinanzeigen.de/s-anzeige/druckerpatronen-epson/3240065476-225-3632
[2025-11-10 11:24:56,841] INFO: Product saved: Druckerpatronen  Epson...
[2025-11-10 11:24:56,842] DEBUG: Fetching details: https://www.kleinanzeigen.de/s-anzeige/druckerpatronen-hp-und-epson/3240053840-225-10590
[2025-11-10 11:24:58,425] INFO: Product saved: Druckerpatronen HP und Epson...
[2025-11-10 11:24:58,426] DEBUG: Fetching details: https://www.kleinanzeigen.de/s-anzeige/epson-t0714-druckerpatrone-gelb/3240037307-225-8036
[2025-11-10 11:24:59,788] INFO: Product saved: EPSON T0714 Druckerpatrone Gelb...
[2025-11-10 11:24:59,788] ERROR: Ad parse error: can only concatenate str (not "NoneType") to str
[2025-11-10 11:24:59,790] DEBUG: Fetching details: https://www.kleinanzeigen.de/s-anzeige/druckerpatronen-von-epson-603-xl/3240022034-225-8508
[2025-11-10 11:25:01,088] INFO: Product saved: Druckerpatronen von EPSON 603 XL...
[2025-11-10 11:25:01,089] DEBUG: Fetching details: https://www.kleinanzeigen.de/s-anzeige/epson-xp-2205-ein-satz-druckerpatronen/3239908015-225-9670
[2025-11-10 11:25:02,021] INFO: Product saved: Epson XP 2205 + ein Satz Druckerpatronen...
[2025-11-10 11:25:03,022] DEBUG: Loading page 3: https://www.kleinanzeigen.de/s-seite:3/Druckerpatrone-Epson/k0
[2025-11-10 11:25:05,490] DEBUG: Found 25 product in the page: 3
[2025-11-10 11:25:05,491] DEBUG: Fetching details: https://www.kleinanzeigen.de/s-anzeige/druckerpatronen-fuer-epson/3239865425-225-3351
[2025-11-10 11:25:06,597] INFO: Product saved: Druckerpatronen für Epson...
[2025-11-10 11:25:06,598] DEBUG: Fetching details: https://www.kleinanzeigen.de/s-anzeige/2-saetze-epson-druckerpatronen/3239841151-225-760
[2025-11-10 11:25:07,839] INFO: Product saved: 2 Sätze Epson Druckerpatronen...
[2025-11-10 11:25:07,840] DEBUG: Fetching details: https://www.kleinanzeigen.de/s-anzeige/druckerpatronen-fuer-epson-t163-t16xl-blau-gelb-schwarz-je-2-/3239738591-225-8453
[2025-11-10 11:25:09,229] INFO: Product saved: Druckerpatronen für Epson T163 T16XL blau gelb sch...
[2025-11-10 11:25:09,230] DEBUG: Fetching details: https://www.kleinanzeigen.de/s-anzeige/epson-t9661-xxl-schwarz-original-druckerpatrone-c13t966140-neu/3239704094-225-6053
[2025-11-10 11:25:11,273] INFO: Product saved: Epson T9661 XXL schwarz Original Druckerpatrone C1...
[2025-11-10 11:25:11,276] DEBUG: Fetching details: https://www.kleinanzeigen.de/s-anzeige/druckerpatronen-epson/3239678173-225-9185
[2025-11-10 11:25:13,681] INFO: Product saved: Druckerpatronen Epson...
[2025-11-10 11:25:13,682] DEBUG: Fetching details: https://www.kleinanzeigen.de/s-anzeige/epson-druckerpatronen-79xl/3239635623-225-9411
[2025-11-10 11:25:16,652] INFO: Product saved: Epson Druckerpatronen  79XL...
[2025-11-10 11:25:16,659] DEBUG: Fetching details: https://www.kleinanzeigen.de/s-anzeige/druckerpatronen-fuer-epson-drucker/3239573860-225-20252
[2025-11-10 11:25:23,367] INFO: Product saved: Druckerpatronen für Epson Drucker...
[2025-11-10 11:25:23,369] DEBUG: Fetching details: https://www.kleinanzeigen.de/s-anzeige/druckerpatronen-fuer-epson/3239512783-225-3947
[2025-11-10 11:25:26,334] INFO: Product saved: Druckerpatronen für Epson...
[2025-11-10 11:25:26,336] DEBUG: Fetching details: https://www.kleinanzeigen.de/s-anzeige/druckerpatronen-603-xl-epson/3239488331-225-4070
[2025-11-10 11:25:28,422] INFO: Product saved: Druckerpatronen 603 XL Epson...
[2025-11-10 11:25:28,424] DEBUG: Fetching details: https://www.kleinanzeigen.de/s-anzeige/epson-druckerpatronen-multipack-18-yellow-black-magenta/3239455535-225-8411
[2025-11-10 11:25:32,437] INFO: Product saved: Epson - Druckerpatronen Multipack 18 - yellow blac...
[2025-11-10 11:25:32,438] DEBUG: Fetching details: https://www.kleinanzeigen.de/s-anzeige/epson-original-druckerpatrone-schwarz-27xxl-fast-voll-95-/3239415026-225-5632
[2025-11-10 11:25:36,307] INFO: Product saved: Epson Original Druckerpatrone schwarz 27XXL - fast...
[2025-11-10 11:25:36,309] DEBUG: Fetching details: https://www.kleinanzeigen.de/s-anzeige/druckerpatronen-fuer-epson-xp/3239405212-225-291
[2025-11-10 11:25:39,353] INFO: Product saved: Druckerpatronen für Epson XP...
[2025-11-10 11:25:39,355] DEBUG: Fetching details: https://www.kleinanzeigen.de/s-anzeige/epson-druckerpatronen-604xl/3239398567-225-1843
[2025-11-10 11:25:44,773] INFO: Product saved: Epson Druckerpatronen 604xl...
[2025-11-10 11:25:44,781] DEBUG: Fetching details: https://www.kleinanzeigen.de/s-anzeige/druckerpatrone-energy-ink-fuer-epson-603xl-magenta/3239397607-225-1920
[2025-11-10 11:25:49,504] INFO: Product saved: Druckerpatrone Energy-ink für Epson 603XL magenta...
[2025-11-10 11:25:49,506] DEBUG: Fetching details: https://www.kleinanzeigen.de/s-anzeige/epson-xp-520-druckerpatronen-neu-original-verpackt-/3239068436-225-16357
[2025-11-10 11:25:51,691] INFO: Product saved: Epson XP-520 Druckerpatronen neu/ original verpack...
[2025-11-10 11:25:51,693] DEBUG: Fetching details: https://www.kleinanzeigen.de/s-anzeige/druckerpatronen-e33-fuer-epson/3238923130-225-5777
[2025-11-10 11:25:54,413] INFO: Product saved: Druckerpatronen E33 für Epson...
[2025-11-10 11:25:54,418] DEBUG: Fetching details: https://www.kleinanzeigen.de/s-anzeige/epson-druckerpatronen-erdbeere/3238748143-225-6962
[2025-11-10 11:25:59,719] INFO: Product saved: EPSON Druckerpatronen Erdbeere...
[2025-11-10 11:25:59,727] DEBUG: Fetching details: https://www.kleinanzeigen.de/s-anzeige/druckerpatronen-13-stueck-fuer-epson-drucker-wf-3520-dwf-u-a-/3238651161-225-8066
[2025-11-10 11:26:11,757] INFO: Product saved: Druckerpatronen 13 Stück für Epson Drucker WF-3520...
[2025-11-10 11:26:11,770] DEBUG: Fetching details: https://www.kleinanzeigen.de/s-anzeige/druckerpatronen-epson-603/3238641983-225-6936
[2025-11-10 11:26:27,083] INFO: Product saved: Druckerpatronen Epson 603...
[2025-11-10 11:26:27,086] DEBUG: Fetching details: https://www.kleinanzeigen.de/s-anzeige/druckerpatronen-fuer-epson/3238478112-225-2816
[2025-11-10 11:26:33,929] INFO: Product saved: Druckerpatronen für Epson...
[2025-11-10 11:26:33,932] DEBUG: Fetching details: https://www.kleinanzeigen.de/s-anzeige/druckerpatrone-kompatibel-mit-epson-27-black-xl-wecker/3238368238-225-8355
[2025-11-10 11:26:37,476] INFO: Product saved: Druckerpatrone kompatibel mit EPSON 27 Black XL We...
[2025-11-10 11:26:37,479] DEBUG: Fetching details: https://www.kleinanzeigen.de/s-anzeige/druckerpatrone-epson-27-cyan-wecker/3238361972-225-8355
[2025-11-10 11:26:40,554] INFO: Product saved: Druckerpatrone EPSON 27 Cyan Wecker...
[2025-11-10 11:26:40,556] DEBUG: Fetching details: https://www.kleinanzeigen.de/s-anzeige/epson-druckerpatronen-original-fuchs/3238331769-225-9342
[2025-11-10 11:26:45,801] INFO: Product saved: Epson Druckerpatronen original Fuchs...
[2025-11-10 11:26:45,805] DEBUG: Fetching details: https://www.kleinanzeigen.de/s-anzeige/druckerpatronen-modellreihe-epson-to7-bzw-405-/3238327629-225-8746
[2025-11-10 11:26:50,582] INFO: Product saved: Druckerpatronen Modellreihe EPSON TO7 (bzw. 405)...
[2025-11-10 11:26:50,584] ERROR: Ad parse error: can only concatenate str (not "NoneType") to str
[2025-11-10 11:26:51,585] DEBUG: Loading page 4: https://www.kleinanzeigen.de/s-seite:4/Druckerpatrone-Epson/k0
[2025-11-10 11:26:56,453] DEBUG: Found 25 product in the page: 4
[2025-11-10 11:26:56,457] DEBUG: Fetching details: https://www.kleinanzeigen.de/s-anzeige/21-druckerpatronen-fuer-epson-t1281-t1282-t1283-t1284/3238239077-225-5850
[2025-11-10 11:27:02,573] INFO: Product saved: 21 Druckerpatronen für Epson T1281 T1282 T1283 T12...
[2025-11-10 11:27:02,581] DEBUG: Fetching details: https://www.kleinanzeigen.de/s-anzeige/druckerpatrone-epson-t9651-workforcepro-wf-m5298-wf-m5299-wf-m579/3238192995-225-312
[2025-11-10 11:27:07,835] INFO: Product saved: Druckerpatrone Epson T9651 WorkforcePro WF-M5298/W...
[2025-11-10 11:27:07,838] DEBUG: Fetching details: https://www.kleinanzeigen.de/s-anzeige/2-xl-druckerpatronen-gelb-magenta-fuer-epson-workforce-pro-wf3720/3238186841-225-712
[2025-11-10 11:27:13,799] INFO: Product saved: 2 XL Druckerpatronen Gelb+Magenta für Epson WorkFo...
[2025-11-10 11:27:13,805] DEBUG: Fetching details: https://www.kleinanzeigen.de/s-anzeige/druckerpatronen-baugleich-epson-603xl-schwarz-und-farbig/3238121779-225-8913
[2025-11-10 11:27:18,338] INFO: Product saved: Druckerpatronen Baugleich Epson 603XL schwarz und ...
[2025-11-10 11:27:18,339] ERROR: Ad parse error: can only concatenate str (not "NoneType") to str
[2025-11-10 11:27:18,341] ERROR: Ad parse error: can only concatenate str (not "NoneType") to str
[2025-11-10 11:27:18,344] DEBUG: Fetching details: https://www.kleinanzeigen.de/s-anzeige/druckerpatronen-epson/3237821448-225-2741
[2025-11-10 11:27:20,690] INFO: Product saved: Druckerpatronen Epson...
[2025-11-10 11:27:20,693] DEBUG: Fetching details: https://www.kleinanzeigen.de/s-anzeige/3-x-epson-original-druckerpatronen-t0711-h-schwarz/3237809474-225-5750
[2025-11-10 11:27:23,721] INFO: Product saved: 3 x EPSON Original Druckerpatronen - T0711 H - Sch...
[2025-11-10 11:27:23,724] DEBUG: Fetching details: https://www.kleinanzeigen.de/s-anzeige/druckerpatronen-epson-stylus/3237706483-225-9191
[2025-11-10 11:27:27,077] INFO: Product saved: Druckerpatronen EPSON Stylus...
[2025-11-10 11:27:27,083] DEBUG: Fetching details: https://www.kleinanzeigen.de/s-anzeige/druckerpatronen-epson-wf-2630/3237704132-225-1972
[2025-11-10 11:27:30,237] INFO: Product saved: Druckerpatronen Epson WF-2630...
[2025-11-10 11:27:30,239] ERROR: Ad parse error: can only concatenate str (not "NoneType") to str
[2025-11-10 11:27:30,241] ERROR: Ad parse error: list index out of range
[2025-11-10 11:27:30,244] DEBUG: Fetching details: https://www.kleinanzeigen.de/s-anzeige/druckerpatronen-fuer-epson-18-stk-neu/3237624796-225-8080
[2025-11-10 11:27:33,746] INFO: Product saved: Druckerpatronen für Epson 18 STK. neu...
[2025-11-10 11:27:33,749] DEBUG: Fetching details: https://www.kleinanzeigen.de/s-anzeige/druckerpatronen-von-epson-fuer-epson-expression-home-drucker/3237488081-225-9012
[2025-11-10 11:27:36,062] INFO: Product saved: Druckerpatronen von Epson für Epson - Expression H...
[2025-11-10 11:27:36,065] DEBUG: Fetching details: https://www.kleinanzeigen.de/s-anzeige/epson-druckerpatronen-neu/3237444333-225-4630
[2025-11-10 11:27:38,497] INFO: Product saved: Epson Druckerpatronen neu...
[2025-11-10 11:27:38,500] DEBUG: Fetching details: https://www.kleinanzeigen.de/s-anzeige/epson-druckerpatronen-original-und-kompatible/3237287445-225-4293
[2025-11-10 11:27:43,392] INFO: Product saved: Epson Druckerpatronen original und kompatible...
[2025-11-10 11:27:43,393] ERROR: Ad parse error: can only concatenate str (not "NoneType") to str
[2025-11-10 11:27:43,394] DEBUG: Fetching details: https://www.kleinanzeigen.de/s-anzeige/epson-druckerpatronen-toner-79xl-cyan-yellow-magenta/3208946719-225-6888
[2025-11-10 11:27:45,592] INFO: Product saved: Epson Druckerpatronen Toner 79XL Cyan Yellow Magen...
[2025-11-10 11:27:45,594] DEBUG: Fetching details: https://www.kleinanzeigen.de/s-anzeige/epson-29xl-druckerpatrone-schwarz-kompatibel-neu-ovp/3237121574-225-1267
[2025-11-10 11:27:48,059] INFO: Product saved: Epson 29XL Druckerpatrone Schwarz (kompatibel) – N...
[2025-11-10 11:27:48,065] DEBUG: Fetching details: https://www.kleinanzeigen.de/s-anzeige/epson-druckerpatronen/3237066503-225-3547
[2025-11-10 11:27:53,906] INFO: Product saved: Epson Druckerpatronen...
[2025-11-10 11:27:53,909] DEBUG: Fetching details: https://www.kleinanzeigen.de/s-anzeige/epson-drucker-xp215-inklusive-druckerpatronen/3236954378-225-8451
[2025-11-10 11:27:59,807] INFO: Product saved: Epson Drucker XP215 inklusive Druckerpatronen...
[2025-11-10 11:27:59,811] DEBUG: Fetching details: https://www.kleinanzeigen.de/s-anzeige/druckerpatronen-fuer-epson-xp-850/3236834707-225-614
[2025-11-10 11:28:02,601] INFO: Product saved: Druckerpatronen für Epson XP 850...
[2025-11-10 11:28:02,604] DEBUG: Fetching details: https://www.kleinanzeigen.de/s-anzeige/druckerpatronen-ink-epson/3236780776-225-6203
[2025-11-10 11:28:06,625] INFO: Product saved: Druckerpatronen Ink Epson...
[2025-11-10 11:28:06,628] DEBUG: Fetching details: https://www.kleinanzeigen.de/s-anzeige/druckerpatronen-fuer-epson/3236708263-225-16973
[2025-11-10 11:28:08,684] INFO: Product saved: Druckerpatronen für Epson...
[2025-11-10 11:28:08,689] DEBUG: Fetching details: https://www.kleinanzeigen.de/s-anzeige/druckerpatronen-1631-xl-fuer-epson/3236703789-225-3846
[2025-11-10 11:28:12,202] INFO: Product saved: Druckerpatronen  1631 XL für Epson...
[2025-11-10 11:28:13,204] DEBUG: Loading page 5: https://www.kleinanzeigen.de/s-seite:5/Druckerpatrone-Epson/k0
[2025-11-10 11:28:16,528] DEBUG: Found 25 product in the page: 5
[2025-11-10 11:28:16,530] DEBUG: Fetching details: https://www.kleinanzeigen.de/s-anzeige/druckerpatronen-pf1631-pf1632-pf1634-xl-fuer-epson-wf-2750/3236665098-225-6822
[2025-11-10 11:28:20,001] INFO: Product saved: Druckerpatronen PF1631 PF1632PF1634 XL für Epson W...
[2025-11-10 11:28:20,004] DEBUG: Fetching details: https://www.kleinanzeigen.de/s-anzeige/epson-2-saetze-recycling-druckerpatronen-18-serie/3236585362-225-5531
[2025-11-10 11:28:22,872] INFO: Product saved: EPSON 2 Sätze Recycling Druckerpatronen 18 Serie...
[2025-11-10 11:28:22,874] DEBUG: Fetching details: https://www.kleinanzeigen.de/s-anzeige/epson-t9651-xl-schwarz-original-druckerpatrone-c13t965140/3236578139-225-9415
[2025-11-10 11:28:26,255] INFO: Product saved: Epson T9651 XL schwarz Original Druckerpatrone C13...
[2025-11-10 11:28:26,258] DEBUG: Fetching details: https://www.kleinanzeigen.de/s-anzeige/5-top-druckerpatronen-fuer-epson-2-x-t1283-3-x-t1294-von-inkswiss/3236566335-225-1745
[2025-11-10 11:28:29,319] INFO: Product saved: 5 TOP Druckerpatronen für Epson 2 x T1283 3 x T129...
[2025-11-10 11:28:29,322] DEBUG: Fetching details: https://www.kleinanzeigen.de/s-anzeige/epson-drucker-xp-225-gebraucht-ohne-druckerpatrone/3236475111-225-1604
[2025-11-10 11:28:34,076] INFO: Product saved: Epson Drucker XP 225 gebraucht ohne Druckerpatrone...
[2025-11-10 11:28:34,084] DEBUG: Fetching details: https://www.kleinanzeigen.de/s-anzeige/druckerpatronen-xl-tinte-epson-t8651/3236390647-225-8892
[2025-11-10 11:28:45,962] INFO: Product saved: Druckerpatronen XL Tinte Epson T8651...
[2025-11-10 11:28:45,963] DEBUG: Fetching details: https://www.kleinanzeigen.de/s-anzeige/druckerpatrone-35xl-schwarz-fuer-epson-drucker-wf-4740-series/3236377490-225-1716
[2025-11-10 11:28:51,778] INFO: Product saved: Druckerpatrone 35XL schwarz für Epson Drucker WF 4...
[2025-11-10 11:28:51,781] DEBUG: Fetching details: https://www.kleinanzeigen.de/s-anzeige/druckerpatronen-epson-1634-gelb-1631-schwarz/3236324895-225-1071
[2025-11-10 11:28:57,423] INFO: Product saved: Druckerpatronen epson 1634 gelb 1631 schwarz...
[2025-11-10 11:28:57,426] DEBUG: Fetching details: https://www.kleinanzeigen.de/s-anzeige/kompatible-epson-druckerpatronen-29-xl/3236284729-225-3972
[2025-11-10 11:29:02,373] INFO: Product saved: Kompatible Epson Druckerpatronen 29 XL...
[2025-11-10 11:29:02,377] DEBUG: Fetching details: https://www.kleinanzeigen.de/s-anzeige/epson-t8504-gelb-druckerpatrone/3236260255-225-3492
[2025-11-10 11:29:06,623] INFO: Product saved: EPSON T8504 gelb Druckerpatrone...
[2025-11-10 11:29:06,627] ERROR: Ad parse error: can only concatenate str (not "NoneType") to str
[2025-11-10 11:29:06,634] DEBUG: Fetching details: https://www.kleinanzeigen.de/s-anzeige/druckerpatronen-epson-originalverpackt/3236073525-225-19030
[2025-11-10 11:29:11,917] INFO: Product saved: Druckerpatronen Epson originalverpackt...
[2025-11-10 11:29:11,920] DEBUG: Fetching details: https://www.kleinanzeigen.de/s-anzeige/epson-stylus-patronen-7-patronen-neu-druckerpatronen/3236046727-225-3437
[2025-11-10 11:29:17,308] INFO: Product saved: Epson Stylus Patronen 7 Patronen neu Druckerpatron...
[2025-11-10 11:29:17,320] DEBUG: Fetching details: https://www.kleinanzeigen.de/s-anzeige/drucker-druckerpatronen-patronen-603-xl-epson/3236031868-93-12917
[2025-11-10 11:29:23,778] INFO: Product saved: Drucker druckerpatronen patronen 603 xl epson...
[2025-11-10 11:29:23,782] DEBUG: Fetching details: https://www.kleinanzeigen.de/s-anzeige/druckerpatronen-von-epson-8-/3236010767-225-2935
[2025-11-10 11:29:30,252] INFO: Product saved: Druckerpatronen  von EPSON   8 €...
[2025-11-10 11:29:30,258] DEBUG: Fetching details: https://www.kleinanzeigen.de/s-anzeige/druckerpatronen-epson-nachfueller-tank-101-102-103-104/3235994352-225-2937
[2025-11-10 11:29:37,136] INFO: Product saved: Druckerpatronen Epson Nachfüller/Tank 101 102 103 ...
[2025-11-10 11:29:37,150] DEBUG: Fetching details: https://www.kleinanzeigen.de/s-anzeige/epson-29-druckerpatronen/3235937918-225-2118
[2025-11-10 11:29:43,735] INFO: Product saved: Epson 29 Druckerpatronen...
[2025-11-10 11:29:43,738] DEBUG: Fetching details: https://www.kleinanzeigen.de/s-anzeige/13-druckerpatronen-fuer-verschiedene-epson-xp-modelle/3235852780-225-7262
[2025-11-10 11:29:53,671] INFO: Product saved: 13 Druckerpatronen für verschiedene EPSON XP Model...
[2025-11-10 11:29:53,682] DEBUG: Fetching details: https://www.kleinanzeigen.de/s-anzeige/epson-druckerpatronen-2-stueck-original-schwarz-/3235785603-225-7262
[2025-11-10 11:30:00,015] INFO: Product saved: EPSON Druckerpatronen (2 Stückoriginal)  schwarz...
[2025-11-10 11:30:00,019] DEBUG: Fetching details: https://www.kleinanzeigen.de/s-anzeige/epson-druckerpatronen/3235750036-225-6956
[2025-11-10 11:30:02,044] INFO: Product saved: epson Druckerpatronen...
[2025-11-10 11:30:02,046] DEBUG: Fetching details: https://www.kleinanzeigen.de/s-anzeige/druckerpatronen-schwarz-fuer-epson/3235710336-225-984
[2025-11-10 11:30:03,701] INFO: Product saved: Druckerpatronen schwarz für Epson...
[2025-11-10 11:30:03,703] DEBUG: Fetching details: https://www.kleinanzeigen.de/s-anzeige/original-epson-t11d1-druckerpatrone-schwarz/3235707926-225-7912
[2025-11-10 11:30:05,065] INFO: Product saved: Original Epson T11D1 Druckerpatrone Schwarz...
[2025-11-10 11:30:05,065] DEBUG: Fetching details: https://www.kleinanzeigen.de/s-anzeige/druckerpatronen-fuer-epson/3235707140-225-984
[2025-11-10 11:30:07,866] INFO: Product saved: Druckerpatronen für Epson...
[2025-11-10 11:30:07,867] DEBUG: Fetching details: https://www.kleinanzeigen.de/s-anzeige/original-epson-t05a4-druckerpatrone-gelb/3235704105-225-7912
[2025-11-10 11:30:10,202] INFO: Product saved: Original Epson T05A4 Druckerpatrone Gelb...
[2025-11-10 11:30:10,203] DEBUG: Fetching details: https://www.kleinanzeigen.de/s-anzeige/epson-druckerpatronen-t1291-1292-1293-1294/3235659264-225-1457
[2025-11-10 11:30:12,166] INFO: Product saved: EPSON Druckerpatronen T1291/1292/1293/1294...
[2025-11-10 11:30:13,312] INFO: Scraping complete: 3 products
[2025-11-10 11:30:13,358] INFO: Task completed successfully
