[2025-11-08T19:14:51.547917] Task received by worker
[2025-11-08T19:14:51.547938] Starting task: Kleinanzeigen Product Scraper
[2025-11-08T19:14:51.547945] Input data: {
  "searchQuery": "Druckerpatrone",
  "maxPages": 5,
  "brands": [
    {
      "brand": "Canon"
    }
  ]
}

[2025-11-08T19:14:52.582356] Starting to scrape brand: Canon
[2025-11-08T19:14:52.648608] Scraping Canon - Page 1
[2025-11-08T19:15:43.834757] Error getting images: Page.wait_for_selector: Timeout 30000ms exceeded.
Call log:
  - waiting for locator("#viewad-image") to be visible

[2025-11-08T19:16:15.462754] Error getting images: Page.wait_for_selector: Timeout 30000ms exceeded.
Call log:
  - waiting for locator("#viewad-image") to be visible

[2025-11-08T19:16:47.257796] Scraping Canon - Page 2
[2025-11-08T19:17:03.033506] Error scraping product detail: Page.goto: Target page, context or browser has been closed
Call log:
  - navigating to "https://www.kleinanzeigen.de/s-anzeige/druckerpatronen-kompatibel-fuer-canon-pixma/3239527902-225-7138", waiting until "load"

[2025-11-08T19:17:03.047426] Error scraping product detail: Page.goto: Target page, context or browser has been closed
[2025-11-08T19:17:03.054824] Error scraping product detail: Page.goto: Target page, context or browser has been closed
[2025-11-08T19:17:03.061569] Error scraping product detail: Page.goto: Target page, context or browser has been closed
[2025-11-08T19:17:03.073168] Error scraping product detail: Page.goto: Target page, context or browser has been closed
[2025-11-08T19:17:03.081612] Error scraping product detail: Page.goto: Target page, context or browser has been closed
[2025-11-08T19:17:03.088116] Error scraping product detail: Page.goto: Target page, context or browser has been closed
[2025-11-08T19:17:03.098275] Error scraping product detail: Page.goto: Target page, context or browser has been closed
[2025-11-08T19:17:03.107234] Error scraping product detail: Page.goto: Target page, context or browser has been closed
[2025-11-08T19:17:03.113821] Error scraping product detail: Page.goto: Target page, context or browser has been closed
[2025-11-08T19:17:03.120905] Error scraping product detail: Page.goto: Target page, context or browser has been closed
[2025-11-08T19:17:03.128274] Error scraping product detail: Page.goto: Target page, context or browser has been closed
[2025-11-08T19:17:03.135233] Error scraping product detail: Page.goto: Target page, context or browser has been closed
[2025-11-08T19:17:03.141354] Error scraping product detail: Page.goto: Target page, context or browser has been closed
[2025-11-08T19:17:03.153094] Error scraping product detail: Page.goto: Connection closed while reading from the driver
