[2025-11-08T16:57:00.130987] Task received by worker
[2025-11-08T16:57:00.131001] Starting task: Kleinanzeigen Product Scraper
[2025-11-08T16:57:00.131006] Input data: {
  "searchQuery": "Druckerpatrone",
  "maxPages": 5,
  "brands": [
    {
      "brand": "Brand"
    }
  ]
}


[2025-11-08T16:57:00.262972] ERROR: No module named 'bs4'
Traceback (most recent call last):
  File "/home/akhliddin/Desktop/ScriptifyBackend/apps/scripts/tasks.py", line 41, in execute_script_task
    if task_name == 'scripts.tasks.scrape_kleinanzeigen_brand':
                 ^^^^^^^^^^^^^^^^^^^^^^^^^^^^^^^^^^^^^^^^^^^^^^^
  File "/home/akhliddin/Desktop/ScriptifyBackend/apps/scripts/tasks.py", line 82, in scrape_kleinanzeigen_brand_task
    from playwright.sync_api import sync_playwright
    ^^^^^^^^^^^^^^^^^^^^^^^^^^^^^
ModuleNotFoundError: No module named 'bs4'

