[2025-11-09 01:20:11,518] INFO: Task received by worker
[2025-11-09 01:20:11,518] INFO: Starting task: Kleinanzeigen Product Scraper
[2025-11-09 01:20:11,519] DEBUG: Input data: {
  "searchQuery": "Druckerpatrone",
  "maxPages": 5,
  "brands": [
    {
      "brand": "Canon"
    }
  ]
}
[2025-11-09 01:20:11,526] INFO: Scraping 1 brand(s): Canon
[2025-11-09 01:20:13,356] INFO: Processing brand: Canon
[2025-11-09 01:20:13,696] DEBUG: Loading page 1: https://www.kleinanzeigen.de/s-Druckerpatrone-Canon/k0
[2025-11-09 01:20:18,061] DEBUG: Found 27 product in the page: 1
[2025-11-09 01:20:18,062] DEBUG: Fetching details: /s-anzeige/ankauf-ihrer-leeren-vollen-hp-und-canon-540-541-545-546-560-561-575-576-585-586-510-511-512-513-40-41-37-38-50-51-leere-volle-ueberlagerte-druckerpatronen-tintenpatronen-toner-hp-62-302-303-304-305/1117663714-225-9683
[2025-11-09 01:20:23,138] INFO: Product saved: Ankauf Ihrer leeren vollen HP und Canon 540 541 54...
[2025-11-09 01:20:23,139] DEBUG: Fetching details: /s-anzeige/ankauf-ihrer-leeren-canon-und-hp-305-hp-305xl-hp-307xl-hp-304-hp-304xl-hp-303-hp-303xl-hp-302-hp-302xl-hp-301-301xl-62-62xl-300-300xl-901-leere-patronen-volle-ueberlagerte-druckerpatronen-toner/1764977037-225-9683
[2025-11-09 01:20:25,802] INFO: Product saved: Ankauf Ihrer leeren Canon und HP 305 HP 305XL HP 3...
[2025-11-09 01:20:25,803] DEBUG: Fetching details: /s-anzeige/5x-druckerpatronen-neu-tintenpatronen-toner-f-drucker-canon/3240361746-225-3877
[2025-11-09 01:20:27,710] INFO: Product saved: 5x DRUCKERPATRONEN -NEU- TINTENPATRONEN TONER f.Dr...
[2025-11-09 01:20:27,711] DEBUG: Fetching details: /s-anzeige/canon-druckerpatronen-570-571-incl-canon-ts5055/3240340319-225-922
[2025-11-09 01:20:29,587] INFO: Product saved: Canon Druckerpatronen 570/571 incl. Canon TS5055...
[2025-11-09 01:20:29,588] DEBUG: Fetching details: /s-anzeige/druckerpatronen-fuer-canon-pixma-drucker/3240337721-225-26046
[2025-11-09 01:20:31,171] INFO: Product saved: Druckerpatronen für Canon Pixma Drucker...
[2025-11-09 01:20:31,172] DEBUG: Fetching details: /s-anzeige/2-druckerpatronen-fuer-canon-drucker-pg545xl-cl546xl-/3240335923-225-4571
[2025-11-09 01:20:32,969] INFO: Product saved: 2 Druckerpatronen für Canon Drucker: PG545XLCL546X...
[2025-11-09 01:20:32,969] DEBUG: Fetching details: /s-anzeige/druckerpatronen-canon-ts-7450a/3240330396-225-16973
[2025-11-09 01:20:35,198] INFO: Product saved: Druckerpatronen Canon TS 7450a...
[2025-11-09 01:20:35,199] DEBUG: Fetching details: /s-anzeige/28x-druckerpatronen-tintenpartonen-canon-drucker-551-und-550/3240304614-225-4711
[2025-11-09 01:20:36,767] INFO: Product saved: 28x Druckerpatronen Tintenpartonen Canon  Drucker ...
[2025-11-09 01:20:36,768] DEBUG: Fetching details: /s-anzeige/3x-original-canon-cli-551-xl-druckerpatronen-neu-druckertinte/3240302834-225-7924
[2025-11-09 01:20:38,419] INFO: Product saved: 3x Original Canon CLI 551 (XL) Druckerpatronen  ne...
[2025-11-09 01:20:38,419] DEBUG: Fetching details: /s-anzeige/lxtek-druckerpatronen-580-581-multipack-kompatibel-fuer-canon-tr85/3240292302-225-9602
[2025-11-09 01:20:40,021] INFO: Product saved: LxTek Druckerpatronen 580 581 Multipack Kompatibel...
[2025-11-09 01:20:40,022] DEBUG: Fetching details: /s-anzeige/druckerpatrone-canon-ts-7450a-pg-560xl-black/3240205781-225-16973
[2025-11-09 01:20:41,626] INFO: Product saved: Druckerpatrone Canon TS 7450a PG-560XL black...
[2025-11-09 01:20:41,627] DEBUG: Fetching details: /s-anzeige/canon-pixmal-druckerpatronen-neu-blau-rot-schwarz-geld/3240195102-225-2490
[2025-11-09 01:20:44,493] INFO: Product saved: Canon Pixmal Druckerpatronen neu blau rot schwarz ...
[2025-11-09 01:20:44,494] DEBUG: Fetching details: /s-anzeige/canon-pg-575-druckerpatrone/3240195077-225-25295
[2025-11-09 01:20:46,082] INFO: Product saved: Canon PG 575 Druckerpatrone...
[2025-11-09 01:20:46,083] DEBUG: Fetching details: /s-anzeige/druckerpatronen-mit-chip-fuer-canon-drucker-kopierer/3240186983-225-4104
[2025-11-09 01:20:47,667] INFO: Product saved: Druckerpatronen mit Chip für Canon Drucker  / Kopi...
[2025-11-09 01:20:47,668] DEBUG: Fetching details: /s-anzeige/druckerpatronen-canon/3240186887-225-16366
[2025-11-09 01:20:49,816] INFO: Product saved: Druckerpatronen Canon...
[2025-11-09 01:20:49,817] DEBUG: Fetching details: /s-anzeige/druckerpatronen-fuer-canon-drucker/3240119637-225-5424
[2025-11-09 01:20:54,168] INFO: Product saved: Druckerpatronen für Canon Drucker...
[2025-11-09 01:20:54,169] DEBUG: Fetching details: /s-anzeige/druckerpatronen-canon-mg-6150/3240111041-225-8830
[2025-11-09 01:21:05,331] INFO: Product saved: Druckerpatronen canon mg 6150...
[2025-11-09 01:21:05,332] DEBUG: Fetching details: /s-anzeige/druckerpatronen-canon-mg-6150/3240111039-225-8830
[2025-11-09 01:21:16,615] INFO: Product saved: Druckerpatronen canon mg 6150...
[2025-11-09 01:21:16,616] DEBUG: Fetching details: /s-anzeige/kompatibel-canon-pgi-570xl-cli-571xl-druckerpatronen-multipack/3240095927-225-9419
[2025-11-09 01:21:18,518] INFO: Product saved: Kompatibel Canon PGI-570XL/CLI-571XL Druckerpatron...
[2025-11-09 01:21:18,519] DEBUG: Fetching details: /s-anzeige/druckerpatronen-canon-pixma/3240072819-93-8594
[2025-11-09 01:21:20,207] INFO: Product saved: Druckerpatronen Canon Pixma...
[2025-11-09 01:21:20,208] DEBUG: Fetching details: None
[2025-11-09 01:21:20,208] ERROR: Ad parse error: can only concatenate str (not "NoneType") to str
[2025-11-09 01:21:20,209] DEBUG: Fetching details: /s-anzeige/4-kompatible-druckerpatronen-canon-pixma/3239990973-225-7980
[2025-11-09 01:21:22,069] INFO: Product saved: 4 kompatible Druckerpatronen Canon Pixma...
[2025-11-09 01:21:22,069] DEBUG: Fetching details: /s-anzeige/druckerpatronen-canon-526/3239980805-225-7527
[2025-11-09 01:21:24,048] INFO: Product saved: Druckerpatronen Canon 526...
[2025-11-09 01:21:24,049] DEBUG: Fetching details: /s-anzeige/druckerpatronen-xl-canon/3239936651-225-3460
[2025-11-09 01:21:25,521] INFO: Product saved: Druckerpatronen XL Canon...
[2025-11-09 01:21:25,522] DEBUG: Fetching details: /s-anzeige/druckerpatrone-canon-540-black-pg-540/3239901733-225-7422
[2025-11-09 01:21:27,135] INFO: Product saved: Druckerpatrone Canon 540 Black - PG-540...
[2025-11-09 01:21:27,136] DEBUG: Fetching details: /s-anzeige/atopink-pg540xl-schwarz-druckerpatrone-pg-540-xl-canon/3239898527-225-9358
[2025-11-09 01:21:28,924] INFO: Product saved: ATOPINK  PG540XL schwarz Druckerpatrone PG-540 XL ...
[2025-11-09 01:21:28,925] DEBUG: Fetching details: /s-anzeige/canon-580-581-druckerpatronen-neu/3239841199-225-3199
[2025-11-09 01:21:30,411] INFO: Product saved: Canon 580/581 Druckerpatronen neu...
[2025-11-09 01:21:31,411] DEBUG: Loading page 2: https://www.kleinanzeigen.de/s-seite:2/Druckerpatrone-Canon/k0
[2025-11-09 01:21:33,421] DEBUG: Found 25 product in the page: 2
[2025-11-09 01:21:33,422] DEBUG: Fetching details: None
[2025-11-09 01:21:33,423] ERROR: Ad parse error: can only concatenate str (not "NoneType") to str
[2025-11-09 01:21:33,423] DEBUG: Fetching details: /s-anzeige/druckerpatronen-canon-kompatibel/3239809319-225-6800
[2025-11-09 01:21:35,223] INFO: Product saved: Druckerpatronen Canon kompatibel...
[2025-11-09 01:21:35,224] DEBUG: Fetching details: /s-anzeige/canon-580-581-druckerpatronen-in-farbe-und-in-schwarz/3239768057-225-1007
[2025-11-09 01:21:36,842] INFO: Product saved: Canon 580/581 Druckerpatronen in Farbe und in schw...
[2025-11-09 01:21:36,843] DEBUG: Fetching details: /s-anzeige/2x-canon-pg-512-druckerpatronen-schwarz/3239751012-225-4255
[2025-11-09 01:21:38,354] INFO: Product saved: 2x Canon PG-512 Druckerpatronen schwarz...
[2025-11-09 01:21:38,355] DEBUG: Fetching details: /s-anzeige/druckerpatronen-canon-540xl-541xl-neu-und-originalverpackt/3239730587-225-6080
[2025-11-09 01:21:39,811] INFO: Product saved: Druckerpatronen Canon 540XL / 541XL neu und origin...
[2025-11-09 01:21:39,811] DEBUG: Fetching details: /s-anzeige/canon-540-xl-schwarz-druckerpatronen-tintenpatronen-kompatibel/3239717827-225-9518
[2025-11-09 01:21:41,348] INFO: Product saved: Canon 540 XL schwarz Druckerpatronen Tintenpatrone...
[2025-11-09 01:21:41,349] DEBUG: Fetching details: /s-anzeige/canon-pixma-druckerpatronen-525-schwarz-und-526-bunt-/3239715272-225-7981
[2025-11-09 01:21:42,845] INFO: Product saved: Canon PIXMA Druckerpatronen 525 (schwarz) und 526 ...
[2025-11-09 01:21:42,846] DEBUG: Fetching details: /s-anzeige/canon-545-xl-546-xl-druckerpatronen-tintenpatronen-kompatibel/3239714827-225-9518
[2025-11-09 01:21:44,628] INFO: Product saved: Canon 545 XL 546 XL Druckerpatronen Tintenpatronen...
[2025-11-09 01:21:44,629] DEBUG: Fetching details: /s-anzeige/druckerpatronen-fuer-canon-11st-/3239713126-225-2074
[2025-11-09 01:21:46,257] INFO: Product saved: Druckerpatronen für Canon 11St....
[2025-11-09 01:21:46,257] DEBUG: Fetching details: /s-anzeige/druckerpatronen-fuer-canon/3239708969-225-3810
[2025-11-09 01:21:49,564] INFO: Product saved: Druckerpatronen für Canon...
[2025-11-09 01:21:49,565] DEBUG: Fetching details: /s-anzeige/druckerpatronen-fuer-canon/3239643467-225-2303
[2025-11-09 01:21:51,488] INFO: Product saved: Druckerpatronen für Canon...
[2025-11-09 01:21:51,490] DEBUG: Fetching details: /s-anzeige/canon-druckerpatronen-original-verpackt-cli-8m-y-c-5/3239555091-225-1522
[2025-11-09 01:21:53,313] INFO: Product saved: Canon Druckerpatronen Original verpackt CLI-8M-Y-C...
[2025-11-09 01:21:53,314] DEBUG: Fetching details: /s-anzeige/d-c-druckerpatronen-fuer-canon-drucker-tintenpatronen/3239539705-225-1889
[2025-11-09 01:21:55,490] INFO: Product saved: D&C Druckerpatronen für Canon Drucker Tintenpatron...
[2025-11-09 01:21:55,491] DEBUG: Fetching details: /s-anzeige/druckerpatronen-kompatibel-fuer-canon-pixma/3239527902-225-7138
[2025-11-09 01:21:57,898] INFO: Product saved: Druckerpatronen Kompatibel für Canon Pixma...
[2025-11-09 01:21:57,900] DEBUG: Fetching details: /s-anzeige/2-stueck-neue-originale-canon-druckerpatronen-571-bk-schwarz-/3239489066-225-3364
[2025-11-09 01:22:00,351] INFO: Product saved: 2 Stück neue originale Canon Druckerpatronen 571 (...
[2025-11-09 01:22:00,352] DEBUG: Fetching details: None
[2025-11-09 01:22:00,352] ERROR: Ad parse error: can only concatenate str (not "NoneType") to str
[2025-11-09 01:22:00,353] DEBUG: Fetching details: /s-anzeige/druckerpatronen-multipack-canon-pg-40-cl-41-schwarz-farbig-28-ml/3239354325-225-4164
[2025-11-09 01:22:02,264] INFO: Product saved: Druckerpatronen MultiPack Canon PG-40+CL-41 schwar...
[2025-11-09 01:22:02,265] DEBUG: Fetching details: /s-anzeige/10-druckerpatronen-kompatibel-fuer-canon-pixma/3239257562-225-1125
[2025-11-09 01:22:04,072] INFO: Product saved: 10 Druckerpatronen kompatibel für Canon Pixma...
[2025-11-09 01:22:04,073] DEBUG: Fetching details: /s-anzeige/druckerpatronen-fuer-canon-xp-452-455-serie-gegen-eine-kleinigkeit/3239166472-225-5968
[2025-11-09 01:22:06,278] INFO: Product saved: Druckerpatronen für Canon XP-452 455 Serie gegen e...
[2025-11-09 01:22:06,281] DEBUG: Fetching details: /s-anzeige/druckerpatronen-fuer-canon-prixma/3239134166-225-4057
[2025-11-09 01:22:08,306] INFO: Product saved: Druckerpatronen für Canon Prixma...
[2025-11-09 01:22:08,307] DEBUG: Fetching details: /s-anzeige/druckerpatronen-canon/3239101899-225-2862
[2025-11-09 01:22:10,113] INFO: Product saved: Druckerpatronen Canon...
[2025-11-09 01:22:10,113] DEBUG: Fetching details: /s-anzeige/druckerpatronen-canon-mp550/3239086367-225-7328
[2025-11-09 01:22:11,750] INFO: Product saved: Druckerpatronen Canon MP550...
[2025-11-09 01:22:11,751] DEBUG: Fetching details: /s-anzeige/-10-druckerpatronen-571xl-cgi-571-xl-fuer-canon-ts8050-u-a-/3239055184-225-4754
[2025-11-09 01:22:13,333] INFO: Product saved: ⭐⭐⭐ 10 Druckerpatronen 571XL (CGI-571 XL) für Cano...
[2025-11-09 01:22:13,334] DEBUG: Fetching details: /s-anzeige/canon-druckerpatronen-original-verpackung-/3238998097-225-8255
[2025-11-09 01:22:14,968] INFO: Product saved: Canon Druckerpatronen (original Verpackung)...
[2025-11-09 01:22:14,969] DEBUG: Fetching details: /s-anzeige/original-druckerpatronen-canon-mp-280pixma-510-black/3238983702-225-1732
[2025-11-09 01:22:17,671] INFO: Product saved: original Druckerpatronen Canon MP 280pixma 510 bla...
[2025-11-09 01:22:18,673] DEBUG: Loading page 3: https://www.kleinanzeigen.de/s-seite:3/Druckerpatrone-Canon/k0
[2025-11-09 01:22:21,611] DEBUG: Found 25 product in the page: 3
[2025-11-09 01:22:21,612] DEBUG: Fetching details: /s-anzeige/canon-druckerpatronen-pgi-550-cli-551-34-st-ip7250-mg-5400etc/3238965507-225-9212
[2025-11-09 01:22:23,896] INFO: Product saved: Canon Druckerpatronen PGI-550/CLI-551 * 34 St. IP7...
[2025-11-09 01:22:23,897] DEBUG: Fetching details: /s-anzeige/druckerpatronen-canon-pixma/3238957151-225-19404
[2025-11-09 01:22:25,843] INFO: Product saved: Druckerpatronen Canon Pixma...
[2025-11-09 01:22:25,844] DEBUG: Fetching details: /s-anzeige/5x-druckerpatrone-fuer-canon-komp-mit-pg-525-schwarz/3238956351-225-14101
[2025-11-09 01:22:27,655] INFO: Product saved: 5x Druckerpatrone für Canon (Komp. mit PG 525) sch...
[2025-11-09 01:22:27,656] DEBUG: Fetching details: /s-anzeige/bubprint-druckerpatronen-fuer-canon-pixma-ip/3238884513-225-4763
[2025-11-09 01:22:30,453] INFO: Product saved: Bubprint Druckerpatronen für Canon Pixma IP...
[2025-11-09 01:22:30,453] DEBUG: Fetching details: /s-anzeige/canon-716-original-druckerpatronen-schwarz-cyan-magenta-gelb/3238825630-225-3258
[2025-11-09 01:22:30,504] ERROR: Ad parse error: Page.goto: net::ERR_ABORTED at https://www.kleinanzeigen.de/s-anzeige/canon-716-original-druckerpatronen-schwarz-cyan-magenta-gelb/3238825630-225-3258
Call log:
  - navigating to "https://www.kleinanzeigen.de/s-anzeige/canon-716-original-druckerpatronen-schwarz-cyan-magenta-gelb/3238825630-225-3258", waiting until "load"

[2025-11-09 01:22:30,513] DEBUG: Fetching details: /s-anzeige/druckerpatronen-canon-570-71-kostenl-versand/3238814113-225-15769
[2025-11-09 01:22:30,571] ERROR: Ad parse error: Page.goto: Target page, context or browser has been closed
[2025-11-09 01:22:30,572] DEBUG: Fetching details: /s-anzeige/canon-multipack-druckerpatronen-set/3238757741-225-5191
[2025-11-09 01:22:30,591] ERROR: Ad parse error: Page.goto: Target page, context or browser has been closed
[2025-11-09 01:22:30,592] DEBUG: Fetching details: /s-anzeige/26-canon-druckerpatronen-komp-zu-cli-526/3238735403-225-1974
[2025-11-09 01:22:30,602] ERROR: Ad parse error: Page.goto: Target page, context or browser has been closed
[2025-11-09 01:22:30,606] DEBUG: Fetching details: None
[2025-11-09 01:22:30,607] ERROR: Ad parse error: can only concatenate str (not "NoneType") to str
[2025-11-09 01:22:30,608] DEBUG: Fetching details: /s-anzeige/druckerpatronen-fuer-canon-drucker-gem-aufdruck/3238672402-225-922
[2025-11-09 01:22:30,634] ERROR: Ad parse error: Page.goto: Target page, context or browser has been closed
[2025-11-09 01:22:30,640] DEBUG: Fetching details: /s-anzeige/canon-pixma-druckerpatrone-576-color/3238645730-225-4727
[2025-11-09 01:22:30,664] ERROR: Ad parse error: Page.goto: Target page, context or browser has been closed
[2025-11-09 01:22:30,666] DEBUG: Fetching details: /s-anzeige/3-leere-druckerpatronen-canon-hp-/3238612503-225-353
[2025-11-09 01:22:30,676] ERROR: Ad parse error: Page.goto: Target page, context or browser has been closed
[2025-11-09 01:22:30,677] DEBUG: Fetching details: /s-anzeige/druckerpatronen-6x-fuer-canon-pixma-ip-mp-mx/3238609304-225-1158
[2025-11-09 01:22:30,689] ERROR: Ad parse error: Page.goto: Target page, context or browser has been closed
[2025-11-09 01:22:30,690] DEBUG: Fetching details: /s-anzeige/druckerpatronen-canon-gelb-schwarz-magenta/3238589905-225-150
[2025-11-09 01:22:30,706] ERROR: Ad parse error: <class 'celery.concurrency.solo.TaskPool'> does not implement kill_job
[2025-11-09 01:22:30,708] DEBUG: Fetching details: None
[2025-11-09 01:22:30,711] ERROR: Ad parse error: can only concatenate str (not "NoneType") to str
[2025-11-09 01:22:30,712] DEBUG: Fetching details: /s-anzeige/druckerpatronen-canon-c550-551-xl/3238512363-225-1100
[2025-11-09 01:22:30,892] ERROR: Ad parse error: <class 'celery.concurrency.solo.TaskPool'> does not implement kill_job
[2025-11-09 01:22:30,893] DEBUG: Fetching details: /s-anzeige/wegen-druckerwechsel-druckerpatronen-fuer-canon-pixma-ip-mp-mx/3238504383-225-3731
