[2025-11-08 23:55:08,069] INFO: Task received by worker
[2025-11-08 23:55:08,079] INFO: Starting task: Kleinanzeigen Product Scraper
[2025-11-08 23:55:08,084] DEBUG: Input data: {
  "searchQuery": "Druckerpatrone",
  "maxPages": 5,
  "brands": [
    {
      "brand": "Canon"
    }
  ]
}
[2025-11-08 23:55:08,097] INFO: Scraping 1 brand(s): Canon
[2025-11-08 23:55:11,025] INFO: Processing brand: Canon
[2025-11-08 23:55:11,479] DEBUG: Loading page 1: https://www.kleinanzeigen.de/s-Druckerpatrone-Canon/k0
[2025-11-08 23:55:18,117] DEBUG: Found 27 product in the page: 1
[2025-11-08 23:55:18,119] DEBUG: Fetching details: <a class="ellipsis" href="/s-anzeige/ankauf-ihrer-leeren-vollen-hp-und-canon-540-541-545-546-560-561-575-576-585-586-510-511-512-513-40-41-37-38-50-51-leere-volle-ueberlagerte-druckerpatronen-tintenpatronen-toner-hp-62-302-303-304-305/1117663714-225-9683">Ankauf Ihrer leeren, vollen HP und Canon 540 541 545 546 560 561 575 576 585 586 510 511 512 513 40 41 37 38 50 51 leere, volle überlagerte Druckerpatronen Tintenpatronen Toner + HP 62 302 303 304 305</a>
[2025-11-08 23:55:22,153] INFO: Product saved: Ankauf Ihrer leeren vollen HP und Canon 540 541 54...
[2025-11-08 23:55:22,165] DEBUG: Fetching details: <a class="ellipsis" href="/s-anzeige/ankauf-ihrer-leeren-canon-und-hp-305-hp-305xl-hp-307xl-hp-304-hp-304xl-hp-303-hp-303xl-hp-302-hp-302xl-hp-301-301xl-62-62xl-300-300xl-901-leere-patronen-volle-ueberlagerte-druckerpatronen-toner/1764977037-225-9683">Ankauf Ihrer leeren Canon und HP 305 HP 305XL HP 307XL HP 304 HP 304XL HP 303 HP 303XL HP 302 HP 302XL HP 301 301XL 62 62XL 300 300XL 901 leere Patronen, volle überlagerte Druckerpatronen Toner</a>
[2025-11-08 23:55:25,981] INFO: Product saved: Ankauf Ihrer leeren Canon und HP 305 HP 305XL HP 3...
[2025-11-08 23:55:25,983] DEBUG: Fetching details: <a class="ellipsis" href="/s-anzeige/5x-druckerpatronen-neu-tintenpatronen-toner-f-drucker-canon/3240361746-225-3877">5x DRUCKERPATRONEN -NEU- TINTENPATRONEN TONER f.Drucker CANON</a>
[2025-11-08 23:55:29,607] INFO: Product saved: 5x DRUCKERPATRONEN -NEU- TINTENPATRONEN TONER f.Dr...
[2025-11-08 23:55:29,608] DEBUG: Fetching details: <a class="ellipsis" href="/s-anzeige/canon-druckerpatronen-570-571-incl-canon-ts5055/3240340319-225-922">Canon Druckerpatronen 570/571 incl. Canon TS5055</a>
[2025-11-08 23:55:32,123] INFO: Product saved: Canon Druckerpatronen 570/571 incl. Canon TS5055...
[2025-11-08 23:55:32,127] DEBUG: Fetching details: <a class="ellipsis" href="/s-anzeige/druckerpatronen-fuer-canon-pixma-drucker/3240337721-225-26046">Druckerpatronen für Canon Pixma Drucker</a>
[2025-11-08 23:55:34,341] INFO: Product saved: Druckerpatronen für Canon Pixma Drucker...
[2025-11-08 23:55:34,342] DEBUG: Fetching details: <a class="ellipsis" href="/s-anzeige/2-druckerpatronen-fuer-canon-drucker-pg545xl-cl546xl-/3240335923-225-4571">2 Druckerpatronen für Canon Drucker: PG545XL,CL546XL.</a>
[2025-11-08 23:55:38,235] INFO: Product saved: 2 Druckerpatronen für Canon Drucker: PG545XLCL546X...
[2025-11-08 23:55:38,237] DEBUG: Fetching details: <a class="ellipsis" href="/s-anzeige/druckerpatronen-canon-ts-7450a/3240330396-225-16973">Druckerpatronen Canon TS 7450a</a>
[2025-11-08 23:55:40,629] INFO: Product saved: Druckerpatronen Canon TS 7450a...
[2025-11-08 23:55:40,630] DEBUG: Fetching details: <a class="ellipsis" href="/s-anzeige/28x-druckerpatronen-tintenpartonen-canon-drucker-551-und-550/3240304614-225-4711">28x Druckerpatronen Tintenpartonen Canon  Drucker 551 und 550</a>
[2025-11-08 23:55:45,137] INFO: Product saved: 28x Druckerpatronen Tintenpartonen Canon  Drucker ...
[2025-11-08 23:55:45,138] DEBUG: Fetching details: <a class="ellipsis" href="/s-anzeige/3x-original-canon-cli-551-xl-druckerpatronen-neu-druckertinte/3240302834-225-7924">3x Original Canon CLI 551 (XL) Druckerpatronen  neu, Druckertinte</a>
[2025-11-08 23:55:47,301] INFO: Product saved: 3x Original Canon CLI 551 (XL) Druckerpatronen  ne...
[2025-11-08 23:55:47,307] DEBUG: Fetching details: <a class="ellipsis" href="/s-anzeige/lxtek-druckerpatronen-580-581-multipack-kompatibel-fuer-canon-tr85/3240292302-225-9602">LxTek Druckerpatronen 580 581 Multipack Kompatibel für Canon TR85</a>
[2025-11-08 23:55:50,994] INFO: Product saved: LxTek Druckerpatronen 580 581 Multipack Kompatibel...
[2025-11-08 23:55:50,998] DEBUG: Fetching details: <a class="ellipsis" href="/s-anzeige/druckerpatrone-canon-ts-7450a-pg-560xl-black/3240205781-225-16973">Druckerpatrone Canon TS 7450a PG-560XL black</a>
[2025-11-08 23:55:53,458] INFO: Product saved: Druckerpatrone Canon TS 7450a PG-560XL black...
[2025-11-08 23:55:53,459] DEBUG: Fetching details: <a class="ellipsis" href="/s-anzeige/canon-pixmal-druckerpatronen-neu-blau-rot-schwarz-geld/3240195102-225-2490">Canon Pixmal Druckerpatronen neu blau rot schwarz Geld</a>
[2025-11-08 23:55:55,735] INFO: Product saved: Canon Pixmal Druckerpatronen neu blau rot schwarz ...
[2025-11-08 23:55:55,738] DEBUG: Fetching details: <a class="ellipsis" href="/s-anzeige/canon-pg-575-druckerpatrone/3240195077-225-25295">Canon PG 575 Druckerpatrone</a>
[2025-11-08 23:55:59,083] INFO: Product saved: Canon PG 575 Druckerpatrone...
[2025-11-08 23:55:59,085] DEBUG: Fetching details: <a class="ellipsis" href="/s-anzeige/druckerpatronen-mit-chip-fuer-canon-drucker-kopierer/3240186983-225-4104">Druckerpatronen mit Chip für Canon Drucker  / Kopierer</a>
[2025-11-08 23:56:02,392] INFO: Product saved: Druckerpatronen mit Chip für Canon Drucker  / Kopi...
[2025-11-08 23:56:02,398] DEBUG: Fetching details: <a class="ellipsis" href="/s-anzeige/druckerpatronen-canon/3240186887-225-16366">Druckerpatronen Canon</a>
[2025-11-08 23:56:06,443] INFO: Product saved: Druckerpatronen Canon...
[2025-11-08 23:56:06,444] DEBUG: Fetching details: <a class="ellipsis" href="/s-anzeige/druckerpatronen-fuer-canon-drucker/3240119637-225-5424">Druckerpatronen für Canon Drucker</a>
[2025-11-08 23:56:08,535] INFO: Product saved: Druckerpatronen für Canon Drucker...
[2025-11-08 23:56:08,537] DEBUG: Fetching details: <a class="ellipsis" href="/s-anzeige/druckerpatronen-canon-mg-6150/3240111041-225-8830">Druckerpatronen canon mg 6150</a>
[2025-11-08 23:56:20,652] INFO: Product saved: Druckerpatronen canon mg 6150...
[2025-11-08 23:56:20,653] DEBUG: Fetching details: <a class="ellipsis" href="/s-anzeige/druckerpatronen-canon-mg-6150/3240111039-225-8830">Druckerpatronen canon mg 6150</a>
[2025-11-08 23:56:32,934] INFO: Product saved: Druckerpatronen canon mg 6150...
[2025-11-08 23:56:32,942] DEBUG: Fetching details: <a class="ellipsis" href="/s-anzeige/kompatibel-canon-pgi-570xl-cli-571xl-druckerpatronen-multipack/3240095927-225-9419">Kompatibel Canon PGI-570XL/CLI-571XL Druckerpatronen Multipack</a>
[2025-11-08 23:56:34,943] INFO: Product saved: Kompatibel Canon PGI-570XL/CLI-571XL Druckerpatron...
[2025-11-08 23:56:34,944] DEBUG: Fetching details: <a class="ellipsis" href="/s-anzeige/druckerpatronen-canon-pixma/3240072819-93-8594">Druckerpatronen Canon Pixma</a>
[2025-11-08 23:56:36,848] INFO: Product saved: Druckerpatronen Canon Pixma...
[2025-11-08 23:56:36,849] DEBUG: Fetching details: <span class="ellipsis ref-not-linked" data-url="/s-anzeige/2-originale-druckerpatronen-und-5-kompatible-canon-maxify/3239996186-225-7980">2 originale Druckerpatronen und 5 kompatible Canon Maxify</span>
[2025-11-08 23:56:36,850] ERROR: Ad parse error: 'href'
[2025-11-08 23:56:36,851] DEBUG: Fetching details: <a class="ellipsis" href="/s-anzeige/4-kompatible-druckerpatronen-canon-pixma/3239990973-225-7980">4 kompatible Druckerpatronen Canon Pixma</a>
[2025-11-08 23:56:38,771] INFO: Product saved: 4 kompatible Druckerpatronen Canon Pixma...
[2025-11-08 23:56:38,772] DEBUG: Fetching details: <a class="ellipsis" href="/s-anzeige/druckerpatronen-canon-526/3239980805-225-7527">Druckerpatronen Canon 526</a>
[2025-11-08 23:56:40,305] INFO: Product saved: Druckerpatronen Canon 526...
[2025-11-08 23:56:40,307] DEBUG: Fetching details: <a class="ellipsis" href="/s-anzeige/druckerpatronen-xl-canon/3239936651-225-3460">Druckerpatronen XL Canon</a>
[2025-11-08 23:56:42,495] INFO: Product saved: Druckerpatronen XL Canon...
[2025-11-08 23:56:42,496] DEBUG: Fetching details: <a class="ellipsis" href="/s-anzeige/druckerpatrone-canon-540-black-pg-540/3239901733-225-7422">Druckerpatrone Canon 540 Black - PG-540</a>
[2025-11-08 23:56:44,939] INFO: Product saved: Druckerpatrone Canon 540 Black - PG-540...
[2025-11-08 23:56:44,942] DEBUG: Fetching details: <a class="ellipsis" href="/s-anzeige/atopink-pg540xl-schwarz-druckerpatrone-pg-540-xl-canon/3239898527-225-9358">ATOPINK  PG540XL schwarz, Druckerpatrone PG-540 XL Canon</a>
[2025-11-08 23:56:47,548] INFO: Product saved: ATOPINK  PG540XL schwarz Druckerpatrone PG-540 XL ...
[2025-11-08 23:56:47,549] DEBUG: Fetching details: <a class="ellipsis" href="/s-anzeige/canon-580-581-druckerpatronen-neu/3239841199-225-3199">Canon 580/581 Druckerpatronen neu</a>
[2025-11-08 23:56:51,581] INFO: Product saved: Canon 580/581 Druckerpatronen neu...
[2025-11-08 23:56:52,599] DEBUG: Loading page 2: https://www.kleinanzeigen.de/s-seite:2/Druckerpatrone-Canon/k0
[2025-11-08 23:56:56,868] DEBUG: Found 25 product in the page: 2
[2025-11-08 23:56:56,870] DEBUG: Fetching details: <span class="ellipsis ref-not-linked" data-url="/s-anzeige/canon-druckerpatrone-neu-color-546/3239826608-18-1147">Canon Druckerpatrone neu Color 546</span>
[2025-11-08 23:56:56,872] ERROR: Ad parse error: 'href'
[2025-11-08 23:56:56,877] DEBUG: Fetching details: <a class="ellipsis" href="/s-anzeige/druckerpatronen-canon-kompatibel/3239809319-225-6800">Druckerpatronen Canon kompatibel</a>
[2025-11-08 23:57:00,865] INFO: Product saved: Druckerpatronen Canon kompatibel...
[2025-11-08 23:57:00,870] DEBUG: Fetching details: <a class="ellipsis" href="/s-anzeige/canon-580-581-druckerpatronen-in-farbe-und-in-schwarz/3239768057-225-1007">Canon 580/581 Druckerpatronen in Farbe und in schwarz</a>
[2025-11-08 23:57:05,021] INFO: Product saved: Canon 580/581 Druckerpatronen in Farbe und in schw...
[2025-11-08 23:57:05,026] DEBUG: Fetching details: <a class="ellipsis" href="/s-anzeige/2x-canon-pg-512-druckerpatronen-schwarz/3239751012-225-4255">2x Canon PG-512 Druckerpatronen schwarz</a>
[2025-11-08 23:57:08,231] INFO: Product saved: 2x Canon PG-512 Druckerpatronen schwarz...
[2025-11-08 23:57:08,234] DEBUG: Fetching details: <a class="ellipsis" href="/s-anzeige/druckerpatronen-canon-540xl-541xl-neu-und-originalverpackt/3239730587-225-6080">Druckerpatronen Canon 540XL / 541XL neu und originalverpackt</a>
[2025-11-08 23:57:10,901] INFO: Product saved: Druckerpatronen Canon 540XL / 541XL neu und origin...
[2025-11-08 23:57:10,904] DEBUG: Fetching details: <a class="ellipsis" href="/s-anzeige/canon-540-xl-schwarz-druckerpatronen-tintenpatronen-kompatibel/3239717827-225-9518">Canon 540 XL schwarz Druckerpatronen Tintenpatronen Kompatibel</a>
[2025-11-08 23:57:17,414] INFO: Product saved: Canon 540 XL schwarz Druckerpatronen Tintenpatrone...
[2025-11-08 23:57:17,419] DEBUG: Fetching details: <a class="ellipsis" href="/s-anzeige/canon-pixma-druckerpatronen-525-schwarz-und-526-bunt-/3239715272-225-7981">Canon PIXMA Druckerpatronen 525 (schwarz) und 526 (bunt)</a>
[2025-11-08 23:57:23,126] INFO: Product saved: Canon PIXMA Druckerpatronen 525 (schwarz) und 526 ...
[2025-11-08 23:57:23,130] DEBUG: Fetching details: <a class="ellipsis" href="/s-anzeige/canon-545-xl-546-xl-druckerpatronen-tintenpatronen-kompatibel/3239714827-225-9518">Canon 545 XL 546 XL Druckerpatronen Tintenpatronen Kompatibel</a>
[2025-11-08 23:57:25,849] INFO: Product saved: Canon 545 XL 546 XL Druckerpatronen Tintenpatronen...
[2025-11-08 23:57:25,851] DEBUG: Fetching details: <a class="ellipsis" href="/s-anzeige/druckerpatronen-fuer-canon-11st-/3239713126-225-2074">Druckerpatronen für Canon 11St.</a>
[2025-11-08 23:57:30,901] INFO: Product saved: Druckerpatronen für Canon 11St....
[2025-11-08 23:57:30,905] DEBUG: Fetching details: <a class="ellipsis" href="/s-anzeige/druckerpatronen-fuer-canon/3239708969-225-3810">Druckerpatronen für Canon</a>
[2025-11-08 23:57:34,816] INFO: Product saved: Druckerpatronen für Canon...
[2025-11-08 23:57:34,817] DEBUG: Fetching details: <a class="ellipsis" href="/s-anzeige/druckerpatronen-fuer-canon/3239643467-225-2303">Druckerpatronen für Canon</a>
[2025-11-08 23:57:38,192] INFO: Product saved: Druckerpatronen für Canon...
[2025-11-08 23:57:38,197] DEBUG: Fetching details: <a class="ellipsis" href="/s-anzeige/canon-druckerpatronen-original-verpackt-cli-8m-y-c-5/3239555091-225-1522">Canon Druckerpatronen Original verpackt CLI-8M-Y-C + 5</a>
[2025-11-08 23:57:43,543] INFO: Product saved: Canon Druckerpatronen Original verpackt CLI-8M-Y-C...
[2025-11-08 23:57:43,548] DEBUG: Fetching details: <a class="ellipsis" href="/s-anzeige/d-c-druckerpatronen-fuer-canon-drucker-tintenpatronen/3239539705-225-1889">D&amp;C Druckerpatronen für Canon Drucker Tintenpatronen</a>
[2025-11-08 23:57:46,599] INFO: Product saved: D&C Druckerpatronen für Canon Drucker Tintenpatron...
[2025-11-08 23:57:46,601] DEBUG: Fetching details: <a class="ellipsis" href="/s-anzeige/druckerpatronen-kompatibel-fuer-canon-pixma/3239527902-225-7138">Druckerpatronen Kompatibel für Canon Pixma</a>
[2025-11-08 23:57:49,128] INFO: Product saved: Druckerpatronen Kompatibel für Canon Pixma...
[2025-11-08 23:57:49,130] DEBUG: Fetching details: <a class="ellipsis" href="/s-anzeige/2-stueck-neue-originale-canon-druckerpatronen-571-bk-schwarz-/3239489066-225-3364">2 Stück neue originale Canon Druckerpatronen 571 (BK - schwarz)</a>
[2025-11-08 23:57:51,586] INFO: Product saved: 2 Stück neue originale Canon Druckerpatronen 571 (...
[2025-11-08 23:57:51,590] DEBUG: Fetching details: <span class="ellipsis ref-not-linked" data-url="/s-anzeige/druckerpatronen-canon-pixma-color-41/3239484658-225-19386">Druckerpatronen Canon PIXMA Color 41</span>
[2025-11-08 23:57:51,593] ERROR: Ad parse error: 'href'
[2025-11-08 23:57:51,595] DEBUG: Fetching details: <a class="ellipsis" href="/s-anzeige/druckerpatronen-multipack-canon-pg-40-cl-41-schwarz-farbig-28-ml/3239354325-225-4164">Druckerpatronen MultiPack Canon PG-40+CL-41 schwarz farbig 28 ml</a>
[2025-11-08 23:57:54,180] INFO: Product saved: Druckerpatronen MultiPack Canon PG-40+CL-41 schwar...
[2025-11-08 23:57:54,182] DEBUG: Fetching details: <a class="ellipsis" href="/s-anzeige/10-druckerpatronen-kompatibel-fuer-canon-pixma/3239257562-225-1125">10 Druckerpatronen kompatibel für Canon Pixma</a>
[2025-11-08 23:58:00,502] INFO: Product saved: 10 Druckerpatronen kompatibel für Canon Pixma...
[2025-11-08 23:58:00,508] DEBUG: Fetching details: <a class="ellipsis" href="/s-anzeige/druckerpatronen-fuer-canon-xp-452-455-serie-gegen-eine-kleinigkeit/3239166472-225-5968">Druckerpatronen für Canon XP-452 455 Serie gegen eine Kleinigkeit</a>
[2025-11-08 23:58:04,861] INFO: Product saved: Druckerpatronen für Canon XP-452 455 Serie gegen e...
[2025-11-08 23:58:04,868] DEBUG: Fetching details: <a class="ellipsis" href="/s-anzeige/druckerpatronen-fuer-canon-prixma/3239134166-225-4057">Druckerpatronen für Canon Prixma</a>
[2025-11-08 23:58:08,730] INFO: Product saved: Druckerpatronen für Canon Prixma...
[2025-11-08 23:58:08,735] DEBUG: Fetching details: <a class="ellipsis" href="/s-anzeige/druckerpatronen-canon/3239101899-225-2862">Druckerpatronen, Canon</a>
[2025-11-08 23:58:12,399] INFO: Product saved: Druckerpatronen Canon...
[2025-11-08 23:58:12,402] DEBUG: Fetching details: <a class="ellipsis" href="/s-anzeige/druckerpatronen-canon-mp550/3239086367-225-7328">Druckerpatronen Canon MP550</a>
[2025-11-08 23:58:17,410] INFO: Product saved: Druckerpatronen Canon MP550...
[2025-11-08 23:58:17,412] DEBUG: Fetching details: <a class="ellipsis" href="/s-anzeige/-10-druckerpatronen-571xl-cgi-571-xl-fuer-canon-ts8050-u-a-/3239055184-225-4754">⭐⭐⭐ 10 Druckerpatronen 571XL (CGI-571 XL) für Canon TS8050 u. a.</a>
[2025-11-08 23:58:21,092] INFO: Product saved: ⭐⭐⭐ 10 Druckerpatronen 571XL (CGI-571 XL) für Cano...
[2025-11-08 23:58:21,116] DEBUG: Fetching details: <a class="ellipsis" href="/s-anzeige/canon-druckerpatronen-original-verpackung-/3238998097-225-8255">Canon Druckerpatronen (original Verpackung)</a>
[2025-11-08 23:58:25,575] INFO: Product saved: Canon Druckerpatronen (original Verpackung)...
[2025-11-08 23:58:25,576] DEBUG: Fetching details: <a class="ellipsis" href="/s-anzeige/original-druckerpatronen-canon-mp-280pixma-510-black/3238983702-225-1732">original Druckerpatronen Canon MP 280pixma 510 black</a>
[2025-11-08 23:58:28,328] INFO: Product saved: original Druckerpatronen Canon MP 280pixma 510 bla...
[2025-11-08 23:58:29,332] DEBUG: Loading page 3: https://www.kleinanzeigen.de/s-seite:3/Druckerpatrone-Canon/k0
[2025-11-08 23:58:33,857] DEBUG: Found 25 product in the page: 3
[2025-11-08 23:58:33,860] DEBUG: Fetching details: <a class="ellipsis" href="/s-anzeige/canon-druckerpatronen-pgi-550-cli-551-34-st-ip7250-mg-5400etc/3238965507-225-9212">Canon Druckerpatronen PGI-550/CLI-551 * 34 St. IP7250, MG 5400etc</a>
[2025-11-08 23:58:40,193] INFO: Product saved: Canon Druckerpatronen PGI-550/CLI-551 * 34 St. IP7...
[2025-11-08 23:58:40,197] DEBUG: Fetching details: <a class="ellipsis" href="/s-anzeige/druckerpatronen-canon-pixma/3238957151-225-19404">Druckerpatronen Canon Pixma</a>
[2025-11-08 23:58:56,035] INFO: Product saved: Druckerpatronen Canon Pixma...
[2025-11-08 23:58:56,044] DEBUG: Fetching details: <a class="ellipsis" href="/s-anzeige/5x-druckerpatrone-fuer-canon-komp-mit-pg-525-schwarz/3238956351-225-14101">5x Druckerpatrone für Canon (Komp. mit PG 525) schwarz</a>
[2025-11-08 23:59:02,260] INFO: Product saved: 5x Druckerpatrone für Canon (Komp. mit PG 525) sch...
[2025-11-08 23:59:02,274] DEBUG: Fetching details: <a class="ellipsis" href="/s-anzeige/bubprint-druckerpatronen-fuer-canon-pixma-ip/3238884513-225-4763">Bubprint Druckerpatronen für Canon Pixma IP</a>
[2025-11-08 23:59:08,396] INFO: Product saved: Bubprint Druckerpatronen für Canon Pixma IP...
[2025-11-08 23:59:08,402] DEBUG: Fetching details: <a class="ellipsis" href="/s-anzeige/canon-716-original-druckerpatronen-schwarz-cyan-magenta-gelb/3238825630-225-3258">Canon 716, Original Druckerpatronen schwarz, cyan, magenta, gelb</a>
[2025-11-08 23:59:12,793] INFO: Product saved: Canon 716 Original Druckerpatronen schwarz cyan ma...
[2025-11-08 23:59:12,802] DEBUG: Fetching details: <a class="ellipsis" href="/s-anzeige/druckerpatronen-canon-570-71-kostenl-versand/3238814113-225-15769">Druckerpatronen Canon 570/71, kostenl. Versand</a>
[2025-11-08 23:59:18,356] INFO: Product saved: Druckerpatronen Canon 570/71 kostenl. Versand...
[2025-11-08 23:59:18,358] DEBUG: Fetching details: <a class="ellipsis" href="/s-anzeige/canon-multipack-druckerpatronen-set/3238757741-225-5191">Canon Multipack Druckerpatronen Set</a>
[2025-11-08 23:59:23,599] INFO: Product saved: Canon Multipack Druckerpatronen Set...
[2025-11-08 23:59:23,602] DEBUG: Fetching details: <a class="ellipsis" href="/s-anzeige/26-canon-druckerpatronen-komp-zu-cli-526/3238735403-225-1974">26 Canon Druckerpatronen komp. zu CLI 526</a>
[2025-11-08 23:59:27,229] INFO: Product saved: 26 Canon Druckerpatronen komp. zu CLI 526...
[2025-11-08 23:59:27,233] DEBUG: Fetching details: <span class="ellipsis ref-not-linked" data-url="/s-anzeige/druckerpatrone-canon-pixma/3238718071-225-18650">Druckerpatrone Canon PIXMA</span>
[2025-11-08 23:59:27,234] ERROR: Ad parse error: 'href'
[2025-11-08 23:59:27,235] DEBUG: Fetching details: <a class="ellipsis" href="/s-anzeige/druckerpatronen-fuer-canon-drucker-gem-aufdruck/3238672402-225-922">Druckerpatronen für Canon Drucker gem. Aufdruck</a>
[2025-11-08 23:59:32,279] INFO: Product saved: Druckerpatronen für Canon Drucker gem. Aufdruck...
[2025-11-08 23:59:32,281] DEBUG: Fetching details: <a class="ellipsis" href="/s-anzeige/canon-pixma-druckerpatrone-576-color/3238645730-225-4727">Canon PIXMA Druckerpatrone 576 Color</a>
[2025-11-08 23:59:35,541] INFO: Product saved: Canon PIXMA Druckerpatrone 576 Color...
[2025-11-08 23:59:35,542] DEBUG: Fetching details: <a class="ellipsis" href="/s-anzeige/3-leere-druckerpatronen-canon-hp-/3238612503-225-353">3 Leere Druckerpatronen (Canon, HP)</a>
[2025-11-08 23:59:40,178] INFO: Product saved: 3 Leere Druckerpatronen (Canon HP)...
[2025-11-08 23:59:40,183] DEBUG: Fetching details: <a class="ellipsis" href="/s-anzeige/druckerpatronen-6x-fuer-canon-pixma-ip-mp-mx/3238609304-225-1158">Druckerpatronen 6x für Canon PIXMA, IP, MP, MX</a>
[2025-11-08 23:59:45,118] INFO: Product saved: Druckerpatronen 6x für Canon PIXMA IP MP MX...
[2025-11-08 23:59:45,120] DEBUG: Fetching details: <a class="ellipsis" href="/s-anzeige/druckerpatronen-canon-gelb-schwarz-magenta/3238589905-225-150">Druckerpatronen Canon, gelb, schwarz, magenta</a>
[2025-11-08 23:59:49,290] INFO: Product saved: Druckerpatronen Canon gelb schwarz magenta...
[2025-11-08 23:59:49,291] DEBUG: Fetching details: <span class="ellipsis ref-not-linked" data-url="/s-anzeige/druckerpatronen-canon/3238568394-225-8936">Druckerpatronen Canon</span>
[2025-11-08 23:59:49,297] ERROR: Ad parse error: 'href'
[2025-11-08 23:59:49,298] DEBUG: Fetching details: <a class="ellipsis" href="/s-anzeige/druckerpatronen-canon-c550-551-xl/3238512363-225-1100">Druckerpatronen Canon C550 / 551 XL</a>
[2025-11-08 23:59:53,373] INFO: Product saved: Druckerpatronen Canon C550 / 551 XL...
[2025-11-08 23:59:53,375] DEBUG: Fetching details: <a class="ellipsis" href="/s-anzeige/wegen-druckerwechsel-druckerpatronen-fuer-canon-pixma-ip-mp-mx/3238504383-225-3731">Wegen Druckerwechsel Druckerpatronen für Canon Pixma IP,MP,MX</a>
[2025-11-08 23:59:57,488] INFO: Product saved: Wegen Druckerwechsel Druckerpatronen für Canon Pix...
[2025-11-08 23:59:57,490] DEBUG: Fetching details: <a class="ellipsis" href="/s-anzeige/druckerpatronen-multipack-canon-mx925/3238497617-225-1101">DRUCKERPATRONEN Multipack Canon Mx925</a>
[2025-11-09 00:00:01,650] INFO: Product saved: DRUCKERPATRONEN Multipack Canon Mx925...
[2025-11-09 00:00:01,651] DEBUG: Fetching details: <a class="ellipsis" href="/s-anzeige/kompatible-druckerpatronen-konvolut-550xl-551xl-fuer-canon/3238488603-225-25427">Kompatible Druckerpatronen-Konvolut 550XL/551XL *für Canon</a>
[2025-11-09 00:00:04,698] INFO: Product saved: Kompatible Druckerpatronen-Konvolut 550XL/551XL *f...
[2025-11-09 00:00:04,701] DEBUG: Fetching details: <a class="ellipsis" href="/s-anzeige/pureink-druckerpatrone-canon-pg540xl-cl541xl-multipack/3238473129-225-19904">PureInk Druckerpatrone Canon PG540XL/CL541XL Multipack</a>
[2025-11-09 00:00:08,776] INFO: Product saved: PureInk Druckerpatrone Canon PG540XL/CL541XL Multi...
[2025-11-09 00:00:08,777] DEBUG: Fetching details: <a class="ellipsis" href="/s-anzeige/-druckerpatrone-original-canon-cl-541-xl-neu-/3238464292-225-3811">++ Druckerpatrone original Canon CL-541 XL  / Neu ++</a>
[2025-11-09 00:00:12,954] INFO: Product saved: ++ Druckerpatrone original Canon CL-541 XL  / Neu ...
[2025-11-09 00:00:12,956] DEBUG: Fetching details: <a class="ellipsis" href="/s-anzeige/druckerpatronen-525-und-526-u-a-fuer-canon-pixma/3238463403-225-5589">Druckerpatronen 525 und 526 u.a. für Canon Pixma</a>
[2025-11-09 00:00:18,022] INFO: Product saved: Druckerpatronen 525 und 526 u.a. für Canon Pixma...
[2025-11-09 00:00:18,026] DEBUG: Fetching details: <a class="ellipsis" href="/s-anzeige/3x-original-canon-druckerpatronen/3238449183-225-4719">3x original Canon Druckerpatronen</a>
[2025-11-09 00:00:22,246] INFO: Product saved: 3x original Canon Druckerpatronen...
[2025-11-09 00:00:22,251] DEBUG: Fetching details: <a class="ellipsis" href="/s-anzeige/druckerpatronen-canon-bci-10-schwarz-und-bci-11-farbe-/3238425240-225-1170">Druckerpatronen Canon BCI-10 (schwarz) und BCI-11 (farbe)</a>
[2025-11-09 00:00:26,523] INFO: Product saved: Druckerpatronen Canon BCI-10 (schwarz) und BCI-11 ...
[2025-11-09 00:00:26,524] DEBUG: Fetching details: <a class="ellipsis" href="/s-anzeige/canon-545-546-druckerpatronen/3238402494-225-1020">Canon 545/546 Druckerpatronen</a>
[2025-11-09 00:00:29,118] INFO: Product saved: Canon 545/546 Druckerpatronen...
[2025-11-09 00:00:30,130] DEBUG: Loading page 4: https://www.kleinanzeigen.de/s-seite:4/Druckerpatrone-Canon/k0
[2025-11-09 00:00:32,396] WARNING: Page load failed: Page.goto: net::ERR_ABORTED at https://www.kleinanzeigen.de/s-seite:4/Druckerpatrone-Canon/k0
Call log:
  - navigating to "https://www.kleinanzeigen.de/s-seite:4/Druckerpatrone-Canon/k0", waiting until "load"

