[2025-11-09 10:34:07,634] INFO: Task received by worker
[2025-11-09 10:34:07,635] INFO: Starting task: Kleinanzeigen Product Scraper
[2025-11-09 10:34:07,635] DEBUG: Input data: {
  "searchQuery": "Druckerpatrone",
  "maxPages": 5,
  "brands": [
    {
      "brand": "Canon"
    },
    {
      "brand": "HP"
    }
  ]
}
[2025-11-09 10:34:08,153] INFO: Scraping 2 brand(s): Canon, HP
[2025-11-09 10:34:10,734] INFO: Processing brand: Canon
[2025-11-09 10:34:11,157] DEBUG: Loading page 1: https://www.kleinanzeigen.de/s-Druckerpatrone-Canon/k0
[2025-11-09 10:34:16,583] DEBUG: Found 27 product in the page: 1
[2025-11-09 10:34:16,586] DEBUG: Fetching details: https://www.kleinanzeigen.de/s-anzeige/ankauf-ihrer-leeren-canon-und-hp-305-hp-305xl-hp-307xl-hp-304-hp-304xl-hp-303-hp-303xl-hp-302-hp-302xl-hp-301-301xl-62-62xl-300-300xl-901-leere-patronen-volle-ueberlagerte-druckerpatronen-toner/1764977037-225-9683
[2025-11-09 10:34:21,444] INFO: Product saved: Ankauf Ihrer leeren Canon und HP 305 HP 305XL HP 3...
[2025-11-09 10:34:21,446] DEBUG: Fetching details: https://www.kleinanzeigen.de/s-anzeige/ankauf-ihrer-leeren-vollen-hp-und-canon-540-541-545-546-560-561-575-576-585-586-510-511-512-513-40-41-37-38-50-51-leere-volle-ueberlagerte-druckerpatronen-tintenpatronen-toner-hp-62-302-303-304-305/1117663714-225-9683
[2025-11-09 10:34:25,642] INFO: Product saved: Ankauf Ihrer leeren vollen HP und Canon 540 541 54...
[2025-11-09 10:34:25,645] DEBUG: Fetching details: https://www.kleinanzeigen.de/s-anzeige/canon-druckerpatrone-pixma-545-black-xl-neu/3240663364-225-157
[2025-11-09 10:34:28,880] INFO: Product saved: Canon Druckerpatrone Pixma 545 black XL neu...
[2025-11-09 10:34:28,887] DEBUG: Fetching details: https://www.kleinanzeigen.de/s-anzeige/kompatibel-canon-pg-540-xl-druckerpatronen-540-yuanqim/3240641087-225-794
[2025-11-09 10:34:31,214] INFO: Product saved: KOMPATIBEL CANON PG-540 XL Druckerpatronen 540 YUA...
[2025-11-09 10:34:31,216] DEBUG: Fetching details: https://www.kleinanzeigen.de/s-anzeige/canon-pixma-545-black-druckerpatrone/3240628180-225-20998
[2025-11-09 10:34:33,139] INFO: Product saved: Canon Pixma 545 black Druckerpatrone...
[2025-11-09 10:34:33,141] DEBUG: Fetching details: https://www.kleinanzeigen.de/s-anzeige/kompatibel-canon-pg-540-cl-541-xl-druckerpatronen-540-541-yuanqim/3240624767-225-794
[2025-11-09 10:34:35,150] INFO: Product saved: KOMPATIBEL CANON PG-540 CL-541 XL Druckerpatronen ...
[2025-11-09 10:34:35,151] DEBUG: Fetching details: https://www.kleinanzeigen.de/s-anzeige/canon-druckerpatronen/3240603456-225-8432
[2025-11-09 10:34:37,527] INFO: Product saved: Canon Druckerpatronen...
[2025-11-09 10:34:37,529] DEBUG: Fetching details: https://www.kleinanzeigen.de/s-anzeige/druckerpatrone-canon-pixma-8-schwarz-cyan-yellow-neu-in-ovp/3240598352-225-6766
[2025-11-09 10:34:40,653] INFO: Product saved: Druckerpatrone Canon Pixma 8 schwarz cyan yellow n...
[2025-11-09 10:34:40,655] DEBUG: Fetching details: https://www.kleinanzeigen.de/s-anzeige/druckerpatronen-fuer-canon/3240563083-225-1904
[2025-11-09 10:34:43,438] INFO: Product saved: Druckerpatronen für Canon...
[2025-11-09 10:34:43,440] DEBUG: Fetching details: https://www.kleinanzeigen.de/s-anzeige/druckerpatronen-neu-fuer-canon-prixma-ip-7250/3240561724-225-4251
[2025-11-09 10:34:46,321] INFO: Product saved: Druckerpatronen neu für Canon Prixma IP 7250...
[2025-11-09 10:34:46,323] DEBUG: Fetching details: https://www.kleinanzeigen.de/s-anzeige/druckerpatronen-original-canon-fuer-canon-cli-551xl/3240550607-225-19916
[2025-11-09 10:34:48,797] INFO: Product saved: Druckerpatronen original Canon für CANON CLi-551XL...
[2025-11-09 10:34:48,798] ERROR: Ad parse error: can only concatenate str (not "NoneType") to str
[2025-11-09 10:34:48,800] DEBUG: Fetching details: https://www.kleinanzeigen.de/s-anzeige/10x-druckerpatronen-z-b-fuer-canon-c-cli-8-c-pgi-5-cc-8bk/3240457740-225-2700
[2025-11-09 10:34:52,050] INFO: Product saved: 10x Druckerpatronen z.B. für Canon C-CLI-8 C-PGI-5...
[2025-11-09 10:34:52,052] DEBUG: Fetching details: https://www.kleinanzeigen.de/s-anzeige/canon-druckerpatronen-551-fuer-pixma-alles-in-ovp/3240419772-225-1202
[2025-11-09 10:34:54,540] INFO: Product saved: Canon Druckerpatronen 551 für PIXMA. Alles in OVP...
[2025-11-09 10:34:54,543] DEBUG: Fetching details: https://www.kleinanzeigen.de/s-anzeige/druckerpatronen-kompatibel-canon-pgi-570-cli-571/3240413191-225-9178
[2025-11-09 10:34:58,841] INFO: Product saved: Druckerpatronen kompatibel Canon PGI-570 CLI-571...
[2025-11-09 10:34:58,847] DEBUG: Fetching details: https://www.kleinanzeigen.de/s-anzeige/druckerpatrone-canon-510/3240396057-225-4816
[2025-11-09 10:35:01,659] INFO: Product saved: Druckerpatrone Canon 510...
[2025-11-09 10:35:01,661] DEBUG: Fetching details: https://www.kleinanzeigen.de/s-anzeige/5x-druckerpatronen-neu-tintenpatronen-toner-f-drucker-canon/3240361746-225-3877
[2025-11-09 10:35:03,966] INFO: Product saved: 5x DRUCKERPATRONEN -NEU- TINTENPATRONEN TONER f.Dr...
[2025-11-09 10:35:03,967] DEBUG: Fetching details: https://www.kleinanzeigen.de/s-anzeige/canon-druckerpatronen-570-571-incl-canon-ts5055/3240340319-225-922
[2025-11-09 10:35:06,907] INFO: Product saved: Canon Druckerpatronen 570/571 incl. Canon TS5055...
[2025-11-09 10:35:06,908] DEBUG: Fetching details: https://www.kleinanzeigen.de/s-anzeige/druckerpatronen-fuer-canon-pixma-drucker/3240337721-225-26046
[2025-11-09 10:35:08,492] INFO: Product saved: Druckerpatronen für Canon Pixma Drucker...
[2025-11-09 10:35:08,499] DEBUG: Fetching details: https://www.kleinanzeigen.de/s-anzeige/2-druckerpatronen-fuer-canon-drucker-pg545xl-cl546xl-/3240335923-225-4571
[2025-11-09 10:35:09,981] INFO: Product saved: 2 Druckerpatronen für Canon Drucker: PG545XLCL546X...
[2025-11-09 10:35:09,982] DEBUG: Fetching details: https://www.kleinanzeigen.de/s-anzeige/druckerpatronen-canon-ts-7450a/3240330396-225-16973
[2025-11-09 10:35:13,735] INFO: Product saved: Druckerpatronen Canon TS 7450a...
[2025-11-09 10:35:13,737] DEBUG: Fetching details: https://www.kleinanzeigen.de/s-anzeige/28x-druckerpatronen-tintenpartonen-canon-drucker-551-und-550/3240304614-225-4711
[2025-11-09 10:35:16,439] INFO: Product saved: 28x Druckerpatronen Tintenpartonen Canon  Drucker ...
[2025-11-09 10:35:16,440] DEBUG: Fetching details: https://www.kleinanzeigen.de/s-anzeige/3x-original-canon-cli-551-xl-druckerpatronen-neu-druckertinte/3240302834-225-7924
[2025-11-09 10:35:18,215] INFO: Product saved: 3x Original Canon CLI 551 (XL) Druckerpatronen  ne...
[2025-11-09 10:35:18,216] DEBUG: Fetching details: https://www.kleinanzeigen.de/s-anzeige/lxtek-druckerpatronen-580-581-multipack-kompatibel-fuer-canon-tr85/3240292302-225-9602
[2025-11-09 10:35:20,569] INFO: Product saved: LxTek Druckerpatronen 580 581 Multipack Kompatibel...
[2025-11-09 10:35:20,571] DEBUG: Fetching details: https://www.kleinanzeigen.de/s-anzeige/druckerpatrone-canon-ts-7450a-pg-560xl-black/3240205781-225-16973
[2025-11-09 10:35:22,304] INFO: Product saved: Druckerpatrone Canon TS 7450a PG-560XL black...
[2025-11-09 10:35:22,305] DEBUG: Fetching details: https://www.kleinanzeigen.de/s-anzeige/canon-pixmal-druckerpatronen-neu-blau-rot-schwarz-geld/3240195102-225-2490
[2025-11-09 10:35:24,360] INFO: Product saved: Canon Pixmal Druckerpatronen neu blau rot schwarz ...
[2025-11-09 10:35:24,361] DEBUG: Fetching details: https://www.kleinanzeigen.de/s-anzeige/canon-pg-575-druckerpatrone/3240195077-225-25295
[2025-11-09 10:35:25,999] INFO: Product saved: Canon PG 575 Druckerpatrone...
[2025-11-09 10:35:27,001] DEBUG: Loading page 2: https://www.kleinanzeigen.de/s-seite:2/Druckerpatrone-Canon/k0
[2025-11-09 10:35:29,890] DEBUG: Found 25 product in the page: 2
[2025-11-09 10:35:29,892] DEBUG: Fetching details: https://www.kleinanzeigen.de/s-anzeige/druckerpatronen-mit-chip-fuer-canon-drucker-kopierer/3240186983-225-4104
[2025-11-09 10:35:31,503] INFO: Product saved: Druckerpatronen mit Chip für Canon Drucker  / Kopi...
[2025-11-09 10:35:31,504] DEBUG: Fetching details: https://www.kleinanzeigen.de/s-anzeige/druckerpatronen-canon/3240186887-225-16366
[2025-11-09 10:35:34,999] INFO: Product saved: Druckerpatronen Canon...
[2025-11-09 10:35:35,002] DEBUG: Fetching details: https://www.kleinanzeigen.de/s-anzeige/druckerpatronen-fuer-canon-drucker/3240119637-225-5424
[2025-11-09 10:35:37,792] INFO: Product saved: Druckerpatronen für Canon Drucker...
[2025-11-09 10:35:37,795] DEBUG: Fetching details: https://www.kleinanzeigen.de/s-anzeige/druckerpatronen-canon-mg-6150/3240111041-225-8830
[2025-11-09 10:35:50,398] INFO: Product saved: Druckerpatronen canon mg 6150...
[2025-11-09 10:35:50,399] DEBUG: Fetching details: https://www.kleinanzeigen.de/s-anzeige/druckerpatronen-canon-mg-6150/3240111039-225-8830
[2025-11-09 10:36:02,055] INFO: Product saved: Druckerpatronen canon mg 6150...
[2025-11-09 10:36:02,057] DEBUG: Fetching details: https://www.kleinanzeigen.de/s-anzeige/kompatibel-canon-pgi-570xl-cli-571xl-druckerpatronen-multipack/3240095927-225-9419
[2025-11-09 10:36:04,382] INFO: Product saved: Kompatibel Canon PGI-570XL/CLI-571XL Druckerpatron...
[2025-11-09 10:36:04,385] DEBUG: Fetching details: https://www.kleinanzeigen.de/s-anzeige/druckerpatronen-canon-pixma/3240072819-93-8594
[2025-11-09 10:36:08,098] INFO: Product saved: Druckerpatronen Canon Pixma...
[2025-11-09 10:36:08,100] ERROR: Ad parse error: can only concatenate str (not "NoneType") to str
[2025-11-09 10:36:08,102] DEBUG: Fetching details: https://www.kleinanzeigen.de/s-anzeige/4-kompatible-druckerpatronen-canon-pixma/3239990973-225-7980
[2025-11-09 10:36:10,845] INFO: Product saved: 4 kompatible Druckerpatronen Canon Pixma...
[2025-11-09 10:36:10,848] DEBUG: Fetching details: https://www.kleinanzeigen.de/s-anzeige/druckerpatronen-canon-526/3239980805-225-7527
[2025-11-09 10:36:14,042] INFO: Product saved: Druckerpatronen Canon 526...
[2025-11-09 10:36:14,044] DEBUG: Fetching details: https://www.kleinanzeigen.de/s-anzeige/druckerpatronen-xl-canon/3239936651-225-3460
[2025-11-09 10:36:17,192] INFO: Product saved: Druckerpatronen XL Canon...
[2025-11-09 10:36:17,196] DEBUG: Fetching details: https://www.kleinanzeigen.de/s-anzeige/druckerpatrone-canon-540-black-pg-540/3239901733-225-7422
[2025-11-09 10:36:20,879] INFO: Product saved: Druckerpatrone Canon 540 Black - PG-540...
[2025-11-09 10:36:20,889] DEBUG: Fetching details: https://www.kleinanzeigen.de/s-anzeige/atopink-pg540xl-schwarz-druckerpatrone-pg-540-xl-canon/3239898527-225-9358
[2025-11-09 10:36:25,265] INFO: Product saved: ATOPINK  PG540XL schwarz Druckerpatrone PG-540 XL ...
[2025-11-09 10:36:25,273] DEBUG: Fetching details: https://www.kleinanzeigen.de/s-anzeige/canon-580-581-druckerpatronen-neu/3239841199-225-3199
[2025-11-09 10:36:29,692] INFO: Product saved: Canon 580/581 Druckerpatronen neu...
[2025-11-09 10:36:29,694] ERROR: Ad parse error: can only concatenate str (not "NoneType") to str
[2025-11-09 10:36:29,696] DEBUG: Fetching details: https://www.kleinanzeigen.de/s-anzeige/druckerpatronen-canon-kompatibel/3239809319-225-6800
[2025-11-09 10:36:32,339] INFO: Product saved: Druckerpatronen Canon kompatibel...
[2025-11-09 10:36:32,341] DEBUG: Fetching details: https://www.kleinanzeigen.de/s-anzeige/canon-580-581-druckerpatronen-in-farbe-und-in-schwarz/3239768057-225-1007
[2025-11-09 10:36:34,399] INFO: Product saved: Canon 580/581 Druckerpatronen in Farbe und in schw...
[2025-11-09 10:36:34,400] DEBUG: Fetching details: https://www.kleinanzeigen.de/s-anzeige/2x-canon-pg-512-druckerpatronen-schwarz/3239751012-225-4255
[2025-11-09 10:36:36,669] INFO: Product saved: 2x Canon PG-512 Druckerpatronen schwarz...
[2025-11-09 10:36:36,671] DEBUG: Fetching details: https://www.kleinanzeigen.de/s-anzeige/druckerpatronen-canon-540xl-541xl-neu-und-originalverpackt/3239730587-225-6080
[2025-11-09 10:36:38,735] INFO: Product saved: Druckerpatronen Canon 540XL / 541XL neu und origin...
[2025-11-09 10:36:38,737] DEBUG: Fetching details: https://www.kleinanzeigen.de/s-anzeige/canon-540-xl-schwarz-druckerpatronen-tintenpatronen-kompatibel/3239717827-225-9518
[2025-11-09 10:36:41,745] INFO: Product saved: Canon 540 XL schwarz Druckerpatronen Tintenpatrone...
[2025-11-09 10:36:41,749] DEBUG: Fetching details: https://www.kleinanzeigen.de/s-anzeige/canon-pixma-druckerpatronen-525-schwarz-und-526-bunt-/3239715272-225-7981
[2025-11-09 10:36:44,524] INFO: Product saved: Canon PIXMA Druckerpatronen 525 (schwarz) und 526 ...
[2025-11-09 10:36:44,526] DEBUG: Fetching details: https://www.kleinanzeigen.de/s-anzeige/canon-545-xl-546-xl-druckerpatronen-tintenpatronen-kompatibel/3239714827-225-9518
[2025-11-09 10:36:46,646] INFO: Product saved: Canon 545 XL 546 XL Druckerpatronen Tintenpatronen...
[2025-11-09 10:36:46,648] DEBUG: Fetching details: https://www.kleinanzeigen.de/s-anzeige/druckerpatronen-fuer-canon-11st-/3239713126-225-2074
[2025-11-09 10:36:48,407] INFO: Product saved: Druckerpatronen für Canon 11St....
[2025-11-09 10:36:48,411] DEBUG: Fetching details: https://www.kleinanzeigen.de/s-anzeige/druckerpatronen-fuer-canon/3239708969-225-3810
[2025-11-09 10:36:50,183] INFO: Product saved: Druckerpatronen für Canon...
[2025-11-09 10:36:50,184] DEBUG: Fetching details: https://www.kleinanzeigen.de/s-anzeige/druckerpatronen-fuer-canon/3239643467-225-2303
[2025-11-09 10:36:52,111] INFO: Product saved: Druckerpatronen für Canon...
[2025-11-09 10:36:53,111] DEBUG: Loading page 3: https://www.kleinanzeigen.de/s-seite:3/Druckerpatrone-Canon/k0
[2025-11-09 10:36:55,394] DEBUG: Found 25 product in the page: 3
[2025-11-09 10:36:55,395] ERROR: Ad parse error: can only concatenate str (not "NoneType") to str
[2025-11-09 10:36:55,396] DEBUG: Fetching details: https://www.kleinanzeigen.de/s-anzeige/canon-druckerpatronen-original-verpackt-cli-8m-y-c-5/3239555091-225-1522
[2025-11-09 10:36:58,220] INFO: Product saved: Canon Druckerpatronen Original verpackt CLI-8M-Y-C...
[2025-11-09 10:36:58,222] DEBUG: Fetching details: https://www.kleinanzeigen.de/s-anzeige/d-c-druckerpatronen-fuer-canon-drucker-tintenpatronen/3239539705-225-1889
[2025-11-09 10:37:00,058] INFO: Product saved: D&C Druckerpatronen für Canon Drucker Tintenpatron...
[2025-11-09 10:37:00,060] DEBUG: Fetching details: https://www.kleinanzeigen.de/s-anzeige/druckerpatronen-kompatibel-fuer-canon-pixma/3239527902-225-7138
[2025-11-09 10:37:02,106] INFO: Product saved: Druckerpatronen Kompatibel für Canon Pixma...
[2025-11-09 10:37:02,108] DEBUG: Fetching details: https://www.kleinanzeigen.de/s-anzeige/2-stueck-neue-originale-canon-druckerpatronen-571-bk-schwarz-/3239489066-225-3364
[2025-11-09 10:37:04,172] INFO: Product saved: 2 Stück neue originale Canon Druckerpatronen 571 (...
[2025-11-09 10:37:04,173] ERROR: Ad parse error: can only concatenate str (not "NoneType") to str
[2025-11-09 10:37:04,175] DEBUG: Fetching details: https://www.kleinanzeigen.de/s-anzeige/druckerpatronen-multipack-canon-pg-40-cl-41-schwarz-farbig-28-ml/3239354325-225-4164
[2025-11-09 10:37:06,190] INFO: Product saved: Druckerpatronen MultiPack Canon PG-40+CL-41 schwar...
[2025-11-09 10:37:06,192] DEBUG: Fetching details: https://www.kleinanzeigen.de/s-anzeige/10-druckerpatronen-kompatibel-fuer-canon-pixma/3239257562-225-1125
[2025-11-09 10:37:08,461] INFO: Product saved: 10 Druckerpatronen kompatibel für Canon Pixma...
[2025-11-09 10:37:08,463] DEBUG: Fetching details: https://www.kleinanzeigen.de/s-anzeige/druckerpatronen-fuer-canon-xp-452-455-serie-gegen-eine-kleinigkeit/3239166472-225-5968
[2025-11-09 10:37:10,024] INFO: Product saved: Druckerpatronen für Canon XP-452 455 Serie gegen e...
[2025-11-09 10:37:10,026] DEBUG: Fetching details: https://www.kleinanzeigen.de/s-anzeige/druckerpatronen-fuer-canon-prixma/3239134166-225-4057
[2025-11-09 10:37:12,534] INFO: Product saved: Druckerpatronen für Canon Prixma...
[2025-11-09 10:37:12,535] DEBUG: Fetching details: https://www.kleinanzeigen.de/s-anzeige/druckerpatronen-canon/3239101899-225-2862
[2025-11-09 10:37:14,140] INFO: Product saved: Druckerpatronen Canon...
[2025-11-09 10:37:14,141] DEBUG: Fetching details: https://www.kleinanzeigen.de/s-anzeige/druckerpatronen-canon-mp550/3239086367-225-7328
[2025-11-09 10:37:15,591] INFO: Product saved: Druckerpatronen Canon MP550...
[2025-11-09 10:37:15,592] DEBUG: Fetching details: https://www.kleinanzeigen.de/s-anzeige/-10-druckerpatronen-571xl-cgi-571-xl-fuer-canon-ts8050-u-a-/3239055184-225-4754
[2025-11-09 10:37:17,061] INFO: Product saved: ⭐⭐⭐ 10 Druckerpatronen 571XL (CGI-571 XL) für Cano...
[2025-11-09 10:37:17,063] DEBUG: Fetching details: https://www.kleinanzeigen.de/s-anzeige/canon-druckerpatronen-original-verpackung-/3238998097-225-8255
[2025-11-09 10:37:19,049] INFO: Product saved: Canon Druckerpatronen (original Verpackung)...
[2025-11-09 10:37:19,051] DEBUG: Fetching details: https://www.kleinanzeigen.de/s-anzeige/original-druckerpatronen-canon-mp-280pixma-510-black/3238983702-225-1732
[2025-11-09 10:37:21,176] INFO: Product saved: original Druckerpatronen Canon MP 280pixma 510 bla...
[2025-11-09 10:37:21,177] DEBUG: Fetching details: https://www.kleinanzeigen.de/s-anzeige/canon-druckerpatronen-pgi-550-cli-551-34-st-ip7250-mg-5400etc/3238965507-225-9212
[2025-11-09 10:37:24,541] INFO: Product saved: Canon Druckerpatronen PGI-550/CLI-551 * 34 St. IP7...
[2025-11-09 10:37:24,544] DEBUG: Fetching details: https://www.kleinanzeigen.de/s-anzeige/druckerpatronen-canon-pixma/3238957151-225-19404
[2025-11-09 10:37:27,124] INFO: Product saved: Druckerpatronen Canon Pixma...
[2025-11-09 10:37:27,126] DEBUG: Fetching details: https://www.kleinanzeigen.de/s-anzeige/5x-druckerpatrone-fuer-canon-komp-mit-pg-525-schwarz/3238956351-225-14101
[2025-11-09 10:37:30,183] INFO: Product saved: 5x Druckerpatrone für Canon (Komp. mit PG 525) sch...
[2025-11-09 10:37:30,187] DEBUG: Fetching details: https://www.kleinanzeigen.de/s-anzeige/bubprint-druckerpatronen-fuer-canon-pixma-ip/3238884513-225-4763
[2025-11-09 10:37:32,059] INFO: Product saved: Bubprint Druckerpatronen für Canon Pixma IP...
[2025-11-09 10:37:32,061] DEBUG: Fetching details: https://www.kleinanzeigen.de/s-anzeige/canon-716-original-druckerpatronen-schwarz-cyan-magenta-gelb/3238825630-225-3258
[2025-11-09 10:37:34,275] INFO: Product saved: Canon 716 Original Druckerpatronen schwarz cyan ma...
[2025-11-09 10:37:34,287] DEBUG: Fetching details: https://www.kleinanzeigen.de/s-anzeige/druckerpatronen-canon-570-71-kostenl-versand/3238814113-225-15769
[2025-11-09 10:37:36,747] INFO: Product saved: Druckerpatronen Canon 570/71 kostenl. Versand...
[2025-11-09 10:37:36,751] DEBUG: Fetching details: https://www.kleinanzeigen.de/s-anzeige/canon-multipack-druckerpatronen-set/3238757741-225-5191
[2025-11-09 10:37:38,377] INFO: Product saved: Canon Multipack Druckerpatronen Set...
[2025-11-09 10:37:38,378] DEBUG: Fetching details: https://www.kleinanzeigen.de/s-anzeige/26-canon-druckerpatronen-komp-zu-cli-526/3238735403-225-1974
[2025-11-09 10:37:40,103] INFO: Product saved: 26 Canon Druckerpatronen komp. zu CLI 526...
[2025-11-09 10:37:40,104] ERROR: Ad parse error: can only concatenate str (not "NoneType") to str
[2025-11-09 10:37:40,106] DEBUG: Fetching details: https://www.kleinanzeigen.de/s-anzeige/druckerpatronen-fuer-canon-drucker-gem-aufdruck/3238672402-225-922
[2025-11-09 10:37:41,755] INFO: Product saved: Druckerpatronen für Canon Drucker gem. Aufdruck...
[2025-11-09 10:37:42,756] DEBUG: Loading page 4: https://www.kleinanzeigen.de/s-seite:4/Druckerpatrone-Canon/k0
[2025-11-09 10:37:44,750] DEBUG: Found 25 product in the page: 4
[2025-11-09 10:37:44,755] DEBUG: Fetching details: https://www.kleinanzeigen.de/s-anzeige/canon-pixma-druckerpatrone-576-color/3238645730-225-4727
[2025-11-09 10:37:46,559] INFO: Product saved: Canon PIXMA Druckerpatrone 576 Color...
[2025-11-09 10:37:46,561] DEBUG: Fetching details: https://www.kleinanzeigen.de/s-anzeige/3-leere-druckerpatronen-canon-hp-/3238612503-225-353
[2025-11-09 10:37:48,195] INFO: Product saved: 3 Leere Druckerpatronen (Canon HP)...
[2025-11-09 10:37:48,196] DEBUG: Fetching details: https://www.kleinanzeigen.de/s-anzeige/druckerpatronen-6x-fuer-canon-pixma-ip-mp-mx/3238609304-225-1158
[2025-11-09 10:37:49,942] INFO: Product saved: Druckerpatronen 6x für Canon PIXMA IP MP MX...
[2025-11-09 10:37:49,944] DEBUG: Fetching details: https://www.kleinanzeigen.de/s-anzeige/druckerpatronen-canon-gelb-schwarz-magenta/3238589905-225-150
[2025-11-09 10:37:52,248] INFO: Product saved: Druckerpatronen Canon gelb schwarz magenta...
[2025-11-09 10:37:52,249] ERROR: Ad parse error: can only concatenate str (not "NoneType") to str
[2025-11-09 10:37:52,250] DEBUG: Fetching details: https://www.kleinanzeigen.de/s-anzeige/druckerpatronen-canon-c550-551-xl/3238512363-225-1100
[2025-11-09 10:37:54,393] INFO: Product saved: Druckerpatronen Canon C550 / 551 XL...
[2025-11-09 10:37:54,394] DEBUG: Fetching details: https://www.kleinanzeigen.de/s-anzeige/wegen-druckerwechsel-druckerpatronen-fuer-canon-pixma-ip-mp-mx/3238504383-225-3731
[2025-11-09 10:37:57,851] INFO: Product saved: Wegen Druckerwechsel Druckerpatronen für Canon Pix...
[2025-11-09 10:37:57,853] DEBUG: Fetching details: https://www.kleinanzeigen.de/s-anzeige/druckerpatronen-multipack-canon-mx925/3238497617-225-1101
[2025-11-09 10:38:00,114] INFO: Product saved: DRUCKERPATRONEN Multipack Canon Mx925...
[2025-11-09 10:38:00,115] DEBUG: Fetching details: https://www.kleinanzeigen.de/s-anzeige/kompatible-druckerpatronen-konvolut-550xl-551xl-fuer-canon/3238488603-225-25427
[2025-11-09 10:38:07,761] INFO: Product saved: Kompatible Druckerpatronen-Konvolut 550XL/551XL *f...
[2025-11-09 10:38:07,763] DEBUG: Fetching details: https://www.kleinanzeigen.de/s-anzeige/pureink-druckerpatrone-canon-pg540xl-cl541xl-multipack/3238473129-225-19904
[2025-11-09 10:38:10,602] INFO: Product saved: PureInk Druckerpatrone Canon PG540XL/CL541XL Multi...
[2025-11-09 10:38:10,604] DEBUG: Fetching details: https://www.kleinanzeigen.de/s-anzeige/-druckerpatrone-original-canon-cl-541-xl-neu-/3238464292-225-3811
[2025-11-09 10:38:13,050] INFO: Product saved: ++ Druckerpatrone original Canon CL-541 XL  / Neu ...
[2025-11-09 10:38:13,051] DEBUG: Fetching details: https://www.kleinanzeigen.de/s-anzeige/druckerpatronen-525-und-526-u-a-fuer-canon-pixma/3238463403-225-5589
[2025-11-09 10:38:26,063] INFO: Product saved: Druckerpatronen 525 und 526 u.a. für Canon Pixma...
[2025-11-09 10:38:26,065] DEBUG: Fetching details: https://www.kleinanzeigen.de/s-anzeige/3x-original-canon-druckerpatronen/3238449183-225-4719
[2025-11-09 10:38:36,732] INFO: Product saved: 3x original Canon Druckerpatronen...
[2025-11-09 10:38:36,735] DEBUG: Fetching details: https://www.kleinanzeigen.de/s-anzeige/druckerpatronen-canon-bci-10-schwarz-und-bci-11-farbe-/3238425240-225-1170
[2025-11-09 10:38:40,588] INFO: Product saved: Druckerpatronen Canon BCI-10 (schwarz) und BCI-11 ...
[2025-11-09 10:38:40,589] DEBUG: Fetching details: https://www.kleinanzeigen.de/s-anzeige/canon-545-546-druckerpatronen/3238402494-225-1020
[2025-11-09 10:38:49,682] INFO: Product saved: Canon 545/546 Druckerpatronen...
[2025-11-09 10:38:49,684] DEBUG: Fetching details: https://www.kleinanzeigen.de/s-anzeige/druckerpatronen-kompatibel-canon/3238377989-225-13234
[2025-11-09 10:38:54,092] INFO: Product saved: Druckerpatronen kompatibel Canon...
[2025-11-09 10:38:54,093] ERROR: Ad parse error: can only concatenate str (not "NoneType") to str
[2025-11-09 10:38:54,096] DEBUG: Fetching details: https://www.kleinanzeigen.de/s-anzeige/druckerpatronen-fuer-drucker-von-canon-pixma-5250/3238347854-225-4684
[2025-11-09 10:38:56,838] INFO: Product saved: Druckerpatronen für Drucker von Canon PIXMA 5250...
[2025-11-09 10:38:56,843] DEBUG: Fetching details: https://www.kleinanzeigen.de/s-anzeige/canon-druckerpatronen-pixma-520-521-neu/3238300144-225-1791
[2025-11-09 10:39:00,016] INFO: Product saved: Canon Druckerpatronen Pixma  520/521  Neu...
[2025-11-09 10:39:00,018] DEBUG: Fetching details: https://www.kleinanzeigen.de/s-anzeige/canon-druckerpatrone-cli-36-chromalife-100-pack-mit-100-blatt/3238283607-225-21142
[2025-11-09 10:39:02,966] INFO: Product saved: Canon Druckerpatrone CLI-36 „ChromaLife 100 Pack“ ...
[2025-11-09 10:39:02,968] DEBUG: Fetching details: https://www.kleinanzeigen.de/s-anzeige/canon-druckerpatronen-multipack-blau-magenta-gelb/3238274463-225-8203
[2025-11-09 10:39:05,284] INFO: Product saved: Canon Druckerpatronen Multipack blau magenta gelb...
[2025-11-09 10:39:05,285] DEBUG: Fetching details: https://www.kleinanzeigen.de/s-anzeige/logic-seek-druckerpatronen-fuer-canon-drucker/3238262334-225-2418
[2025-11-09 10:39:10,561] INFO: Product saved: Logic- Seek-Druckerpatronen für Canon Drucker...
[2025-11-09 10:39:10,562] DEBUG: Fetching details: https://www.kleinanzeigen.de/s-anzeige/druckerpatronen-kompatibel-canon-pixma-ts8050-u-a-/3238247738-225-20581
[2025-11-09 10:39:12,945] INFO: Product saved: Druckerpatronen Kompatibel Canon Pixma TS8050 u. a...
[2025-11-09 10:39:12,946] DEBUG: Fetching details: https://www.kleinanzeigen.de/s-anzeige/canon-pixmar-mx475-unbenutzte-druckerpatrone-schwarz/3238235574-225-5067
[2025-11-09 10:39:15,488] INFO: Product saved: Canon Pixmar mx475 + unbenutzte Druckerpatrone sch...
[2025-11-09 10:39:15,491] DEBUG: Fetching details: https://www.kleinanzeigen.de/s-anzeige/canon-druckerpatronen-581-xl-multipack-mit-fotopapier/3238108083-225-1176
[2025-11-09 10:39:21,110] INFO: Product saved: CANON Druckerpatronen 581 XL Multipack mit Fotopap...
[2025-11-09 10:39:22,110] DEBUG: Loading page 5: https://www.kleinanzeigen.de/s-seite:5/Druckerpatrone-Canon/k0
[2025-11-09 10:39:25,893] DEBUG: Found 25 product in the page: 5
[2025-11-09 10:39:25,894] DEBUG: Fetching details: https://www.kleinanzeigen.de/s-anzeige/druckerpatronen-cli-521-neu-bk-y-patronen-drucker-canon/3238105211-225-7357
[2025-11-09 10:39:27,808] INFO: Product saved: Druckerpatronen CLI 521 Neu BK Y Patronen Drucker ...
[2025-11-09 10:39:27,809] DEBUG: Fetching details: https://www.kleinanzeigen.de/s-anzeige/druckerpatronen-canon-cli-551/3238032690-225-26506
[2025-11-09 10:39:29,322] INFO: Product saved: Druckerpatronen Canon Cli-551...
[2025-11-09 10:39:29,324] DEBUG: Fetching details: https://www.kleinanzeigen.de/s-anzeige/druckerpatronen-fuer-canon/3237956446-225-9353
[2025-11-09 10:39:31,479] INFO: Product saved: Druckerpatronen für Canon...
[2025-11-09 10:39:31,480] DEBUG: Fetching details: https://www.kleinanzeigen.de/s-anzeige/canon-druckerpatronen-pg-40-cl-41-mcvp-multipack/3237946140-225-1908
[2025-11-09 10:39:33,756] INFO: Product saved: Canon Druckerpatronen PG-40+CL-41 MCVP Multipack...
[2025-11-09 10:39:33,757] DEBUG: Fetching details: https://www.kleinanzeigen.de/s-anzeige/druckerpatronen-canon-pixma/3237931733-225-8639
[2025-11-09 10:39:36,152] INFO: Product saved: Druckerpatronen Canon Pixma...
[2025-11-09 10:39:36,155] DEBUG: Fetching details: https://www.kleinanzeigen.de/s-anzeige/druckerpatronen-cli-526-pgi-525-canon-pixma-nicht-original/3237925069-225-5919
[2025-11-09 10:39:39,818] INFO: Product saved: Druckerpatronen  CLI 526 PGI 525 Canon Pixma nicht...
[2025-11-09 10:39:39,819] DEBUG: Fetching details: https://www.kleinanzeigen.de/s-anzeige/druckerpatronen-bubprint-7-stueck-fuer-canon-pgi550-cli551-neu-ovp/3237899858-225-4561
[2025-11-09 10:39:41,832] INFO: Product saved: Druckerpatronen Bubprint 7 Stück für Canon PGI550 ...
[2025-11-09 10:39:41,833] DEBUG: Fetching details: https://www.kleinanzeigen.de/s-anzeige/8-x-druckerpatronen-pgi-550-und-cli-551-fuer-canon/3237893921-225-6812
[2025-11-09 10:39:44,002] INFO: Product saved: 8 x Druckerpatronen PGI-550 und CLI-551  für Canon...
[2025-11-09 10:39:44,003] DEBUG: Fetching details: https://www.kleinanzeigen.de/s-anzeige/canon-druckerpatronen/3237867447-225-392
[2025-11-09 10:39:45,816] INFO: Product saved: Canon Druckerpatronen...
[2025-11-09 10:39:45,818] DEBUG: Fetching details: https://www.kleinanzeigen.de/s-anzeige/29-canon-druckerpatronen/3237862210-225-1091
[2025-11-09 10:39:48,658] INFO: Product saved: 29 Canon Druckerpatronen...
[2025-11-09 10:39:48,659] ERROR: Ad parse error: can only concatenate str (not "NoneType") to str
[2025-11-09 10:39:48,661] DEBUG: Fetching details: https://www.kleinanzeigen.de/s-anzeige/druckerpatronen-fuer-canon-cli-520-521-neuwertig/3237800505-225-6654
[2025-11-09 10:39:51,130] INFO: Product saved: Druckerpatronen für Canon CLI 520/521 NEUWERTIG...
[2025-11-09 10:39:51,132] DEBUG: Fetching details: https://www.kleinanzeigen.de/s-anzeige/canon-druckerpatrone-545-xl-black-und-546-xl-color/3237703974-225-20208
[2025-11-09 10:39:53,970] INFO: Product saved: Canon Druckerpatrone 545 XL Black und 546 XL Color...
[2025-11-09 10:39:53,972] DEBUG: Fetching details: https://www.kleinanzeigen.de/s-anzeige/neu-druckerpatrone-canon-pg-240-xlbkw/3237671194-225-9462
[2025-11-09 10:39:55,990] INFO: Product saved: NEU Druckerpatrone Canon PG-240 XLBKw...
[2025-11-09 10:39:55,992] DEBUG: Fetching details: https://www.kleinanzeigen.de/s-anzeige/druckerpatronen-canon/3237610271-225-5951
[2025-11-09 10:40:00,984] INFO: Product saved: Druckerpatronen Canon...
[2025-11-09 10:40:00,985] DEBUG: Fetching details: https://www.kleinanzeigen.de/s-anzeige/neu-druckerpatronen-canon-mx-925/3237584385-225-20082
[2025-11-09 10:40:05,088] INFO: Product saved: NEU - Druckerpatronen Canon MX 925...
[2025-11-09 10:40:05,091] DEBUG: Fetching details: https://www.kleinanzeigen.de/s-anzeige/druckerpatronen-multipack-fuer-canon-drucker-z-b-ip4900-neu/3237582419-225-1023
[2025-11-09 10:40:07,842] INFO: Product saved: Druckerpatronen Multipack für CANON DRUCKER z.B. i...
[2025-11-09 10:40:07,851] DEBUG: Fetching details: https://www.kleinanzeigen.de/s-anzeige/druckerpatrone-von-canon-fuer-canon-pixma-drucker/3237552989-225-9012
[2025-11-09 10:40:10,661] INFO: Product saved: Druckerpatrone von Canon für Canon Pixma Drucker...
[2025-11-09 10:40:10,663] DEBUG: Fetching details: https://www.kleinanzeigen.de/s-anzeige/vvqv-canon-pg-540xl-cl-541xl-druckerpatrone-neu-2er-pack/3237552376-225-1824
[2025-11-09 10:40:13,643] INFO: Product saved: VVQV Canon PG‑540XL + CL‑541XL Druckerpatrone – NE...
[2025-11-09 10:40:13,645] DEBUG: Fetching details: https://www.kleinanzeigen.de/s-anzeige/canpick-canon-pg-540xl-cl-541xl-druckerpatronen-neu-2er-pack/3237550870-225-1824
[2025-11-09 10:40:16,551] INFO: Product saved: CanPick Canon PG‑540XL+CL‑541XL Druckerpatronen – ...
[2025-11-09 10:40:16,553] DEBUG: Fetching details: https://www.kleinanzeigen.de/s-anzeige/druckerpatrone-von-digital-revolution-fuer-canon-pixma-drucker/3237546688-225-9012
[2025-11-09 10:40:18,576] INFO: Product saved: Druckerpatrone von Digital Revolution für Canon Pi...
[2025-11-09 10:40:18,578] DEBUG: Fetching details: https://www.kleinanzeigen.de/s-anzeige/canon-cp-2500xl-druckerpatronen-neu/3237504367-225-7700
[2025-11-09 10:40:21,072] INFO: Product saved: Canon CP-2500XL Druckerpatronen NEU...
[2025-11-09 10:40:21,074] DEBUG: Fetching details: https://www.kleinanzeigen.de/s-anzeige/-neu-tintenpatronen-druckerpatronen-canon-550-551/3237499229-225-6147
[2025-11-09 10:40:22,929] INFO: Product saved: *neu* Tintenpatronen / Druckerpatronen Canon 550/5...
[2025-11-09 10:40:22,929] ERROR: Ad parse error: can only concatenate str (not "NoneType") to str
[2025-11-09 10:40:22,931] DEBUG: Fetching details: https://www.kleinanzeigen.de/s-anzeige/-schnaeppchen-4-drucker-patronen-canon-pixma-551-bzw-550-/3237397792-225-5753
[2025-11-09 10:40:25,022] INFO: Product saved: ☀ Schnäppchen: 4 Drucker-Patronen Canon Pixma 551 ...
[2025-11-09 10:40:26,239] INFO: Processing brand: HP
[2025-11-09 10:40:26,427] DEBUG: Loading page 1: https://www.kleinanzeigen.de/s-Druckerpatrone-HP/k0
[2025-11-09 10:40:30,542] DEBUG: Found 27 product in the page: 1
[2025-11-09 10:40:30,544] DEBUG: Fetching details: https://www.kleinanzeigen.de/s-anzeige/ankauf-ihrer-leeren-canon-und-hp-305-hp-305xl-hp-307xl-hp-304-hp-304xl-hp-303-hp-303xl-hp-302-hp-302xl-hp-301-301xl-62-62xl-300-300xl-901-leere-patronen-volle-ueberlagerte-druckerpatronen-toner/1764977037-225-9683
[2025-11-09 10:40:34,144] INFO: Product saved: Ankauf Ihrer leeren Canon und HP 305 HP 305XL HP 3...
[2025-11-09 10:40:34,145] DEBUG: Fetching details: https://www.kleinanzeigen.de/s-anzeige/ankauf-ihrer-leeren-vollen-hp-und-canon-540-541-545-546-560-561-575-576-585-586-510-511-512-513-40-41-37-38-50-51-leere-volle-ueberlagerte-druckerpatronen-tintenpatronen-toner-hp-62-302-303-304-305/1117663714-225-9683
[2025-11-09 10:40:37,136] INFO: Product saved: Ankauf Ihrer leeren vollen HP und Canon 540 541 54...
[2025-11-09 10:40:37,138] DEBUG: Fetching details: https://www.kleinanzeigen.de/s-anzeige/hp-druckerpatronen-953-4-pack/3240674938-225-4495
[2025-11-09 10:40:39,095] INFO: Product saved: HP Druckerpatronen 953 / 4-pack...
[2025-11-09 10:40:39,096] DEBUG: Fetching details: https://www.kleinanzeigen.de/s-anzeige/hp-druckerpatronen-10-11-alle-ovp-22-stueck/3240655069-225-2826
[2025-11-09 10:40:42,490] INFO: Product saved: HP Druckerpatronen 10 - 11 alle OVP 22 Stück...
[2025-11-09 10:40:42,492] DEBUG: Fetching details: https://www.kleinanzeigen.de/s-anzeige/druckerpatronen-hp363/3240654642-225-5834
[2025-11-09 10:40:44,636] INFO: Product saved: Druckerpatronen HP363...
[2025-11-09 10:40:44,638] DEBUG: Fetching details: https://www.kleinanzeigen.de/s-anzeige/bubprint-druckerpatronen-fuer-hp-963-xl-neu-ovp/3240651527-225-1863
[2025-11-09 10:40:47,148] INFO: Product saved: Bubprint Druckerpatronen für HP 963 XL neu OVP...
[2025-11-09 10:40:47,150] DEBUG: Fetching details: https://www.kleinanzeigen.de/s-anzeige/hp-druckerpatronen-981yc-original-produkte-4er-set-farbe-in-ovp/3240637650-225-4816
[2025-11-09 10:40:49,503] INFO: Product saved: HP Druckerpatronen 981YC Original Produkte 4er-Set...
[2025-11-09 10:40:49,504] DEBUG: Fetching details: https://www.kleinanzeigen.de/s-anzeige/hp-935-druckerpatronen/3240637197-225-6406
[2025-11-09 10:40:51,018] INFO: Product saved: HP 935 Druckerpatronen...
[2025-11-09 10:40:51,019] DEBUG: Fetching details: https://www.kleinanzeigen.de/s-anzeige/druckerpatrone-hp-951-xl-magenta/3240620402-225-6021
[2025-11-09 10:40:53,404] INFO: Product saved: Druckerpatrone HP 951 XL magenta...
[2025-11-09 10:40:53,406] DEBUG: Fetching details: https://www.kleinanzeigen.de/s-anzeige/druckerpatrone-hp-951xl-magenta/3240615823-225-6021
[2025-11-09 10:40:55,727] INFO: Product saved: Druckerpatrone HP 951XL magenta...
[2025-11-09 10:40:55,728] DEBUG: Fetching details: https://www.kleinanzeigen.de/s-anzeige/druckerpatrone-hp-17-a-schwarz/3240607032-225-9509
[2025-11-09 10:40:57,873] INFO: Product saved: Druckerpatrone HP 17 A schwarz...
[2025-11-09 10:40:57,875] DEBUG: Fetching details: https://www.kleinanzeigen.de/s-anzeige/4-druckerpatronen-hp-950-951-set-zugabe/3240606196-225-4523
[2025-11-09 10:41:00,212] INFO: Product saved: 4 Druckerpatronen HP 950 951 Set + Zugabe...
[2025-11-09 10:41:00,213] DEBUG: Fetching details: https://www.kleinanzeigen.de/s-anzeige/druckerpatronen-hp-officejet-pro-950xl-und-951xl/3240601227-225-6206
[2025-11-09 10:41:03,272] INFO: Product saved: Druckerpatronen HP Officejet Pro - 950XL und 951XL...
[2025-11-09 10:41:03,274] DEBUG: Fetching details: https://www.kleinanzeigen.de/s-anzeige/2x-druckerpatronen-black-hp-301-xl/3240522748-225-136
[2025-11-09 10:41:06,713] INFO: Product saved: 2x Druckerpatronen /Black HP 301 XL...
[2025-11-09 10:41:06,715] DEBUG: Fetching details: https://www.kleinanzeigen.de/s-anzeige/druckerpatronen-hp-932-und-932-xl/3240504117-225-8375
[2025-11-09 10:41:10,994] INFO: Product saved: Druckerpatronen  HP 932 und 932 XL...
[2025-11-09 10:41:10,996] DEBUG: Fetching details: https://www.kleinanzeigen.de/s-anzeige/druckerpatrone-hp304/3240491274-225-8094
[2025-11-09 10:41:13,120] INFO: Product saved: Druckerpatrone HP304...
[2025-11-09 10:41:13,121] DEBUG: Fetching details: https://www.kleinanzeigen.de/s-anzeige/druckerpatrone-hp-302-xl-color/3240482979-225-3122
[2025-11-09 10:41:15,392] INFO: Product saved: Druckerpatrone HP  302 XL Color...
[2025-11-09 10:41:15,394] DEBUG: Fetching details: https://www.kleinanzeigen.de/s-anzeige/hp-druckerpatronen-304-schwarz-farbig/3240470642-225-23691
[2025-11-09 10:41:17,588] INFO: Product saved: HP Druckerpatronen 304 schwarz / farbig...
[2025-11-09 10:41:17,589] DEBUG: Fetching details: https://www.kleinanzeigen.de/s-anzeige/original-hp-903-t6l87ae-druckerpatrone-cyan/3240372659-225-4944
[2025-11-09 10:41:21,699] INFO: Product saved: Original HP 903 / T6L87AE Druckerpatrone Cyan...
[2025-11-09 10:41:21,708] DEBUG: Fetching details: https://www.kleinanzeigen.de/s-anzeige/hp-903-blau-original-druckerpatrone-fuer-hp/3240372356-225-4944
[2025-11-09 10:41:23,740] INFO: Product saved: HP 903 Blau Original Druckerpatrone für HP...
[2025-11-09 10:41:23,742] DEBUG: Fetching details: https://www.kleinanzeigen.de/s-anzeige/hp-druckerpatronen-953-xl/3240332686-225-7962
[2025-11-09 10:41:26,099] INFO: Product saved: HP Druckerpatronen - 953 XL...
[2025-11-09 10:41:26,100] ERROR: Ad parse error: can only concatenate str (not "NoneType") to str
[2025-11-09 10:41:26,101] ERROR: Ad parse error: list index out of range
[2025-11-09 10:41:26,101] ERROR: Ad parse error: can only concatenate str (not "NoneType") to str
[2025-11-09 10:41:26,102] ERROR: Ad parse error: can only concatenate str (not "NoneType") to str
[2025-11-09 10:41:26,103] DEBUG: Fetching details: https://www.kleinanzeigen.de/s-anzeige/druckerpatrone-hp364-xl-schwarz-originalverpackt/3240198846-225-5537
[2025-11-09 10:41:28,374] INFO: Product saved: Druckerpatrone HP364 XL schwarz originalverpackt...
[2025-11-09 10:41:28,375] ERROR: Ad parse error: can only concatenate str (not "NoneType") to str
[2025-11-09 10:41:29,375] DEBUG: Loading page 2: https://www.kleinanzeigen.de/s-seite:2/Druckerpatrone-HP/k0
[2025-11-09 10:41:32,400] DEBUG: Found 25 product in the page: 2
[2025-11-09 10:41:32,401] ERROR: Ad parse error: can only concatenate str (not "NoneType") to str
[2025-11-09 10:41:32,402] DEBUG: Fetching details: https://www.kleinanzeigen.de/s-anzeige/druckerpatrone-original-hp-920xl-schwarz/3240134226-225-528
[2025-11-09 10:41:35,955] INFO: Product saved: Druckerpatrone original HP 920XL schwarz...
[2025-11-09 10:41:35,956] DEBUG: Fetching details: https://www.kleinanzeigen.de/s-anzeige/druckerpatronen-neu-original-hp-250dw-270dw-8100-8600-serie/3197112752-225-7814
[2025-11-09 10:41:37,823] INFO: Product saved: Druckerpatronen NEU Original/ HP 250dw270dw8100860...
[2025-11-09 10:41:37,825] DEBUG: Fetching details: https://www.kleinanzeigen.de/s-anzeige/druckerpatronen-patronen-364-xl-set-hp-drucker/3240126303-225-7875
[2025-11-09 10:41:45,908] INFO: Product saved: Druckerpatronen Patronen 364 XL Set HP Drucker...
[2025-11-09 10:41:45,912] DEBUG: Fetching details: https://www.kleinanzeigen.de/s-anzeige/druckerpatronen-hp-933/3240122917-225-5840
[2025-11-09 10:41:48,926] INFO: Product saved: Druckerpatronen HP 933...
[2025-11-09 10:41:48,930] DEBUG: Fetching details: https://www.kleinanzeigen.de/s-anzeige/953xl-953-xl-druckerpatronen-kompatibel-hp/3240110319-225-3157
[2025-11-09 10:41:51,303] INFO: Product saved: 953XL 953 XL Druckerpatronen Kompatibel hp...
[2025-11-09 10:41:51,306] DEBUG: Fetching details: https://www.kleinanzeigen.de/s-anzeige/8-neue-orginal-verpackte-druckerpatronen-hp-62-xl/3240101406-225-3660
[2025-11-09 10:41:55,101] INFO: Product saved: 8 Neue Orginal verpackte Druckerpatronen  HP 62 Xl...
[2025-11-09 10:41:55,102] DEBUG: Fetching details: https://www.kleinanzeigen.de/s-anzeige/hp-druckerpatrone-4-pack-933-932xl-mhd2022/3240094828-225-18758
[2025-11-09 10:41:57,053] INFO: Product saved: Hp Druckerpatrone 4-pack 933/932XL MHD2022...
[2025-11-09 10:41:57,054] ERROR: Ad parse error: can only concatenate str (not "NoneType") to str
[2025-11-09 10:41:57,056] DEBUG: Fetching details: https://www.kleinanzeigen.de/s-anzeige/original-hp-druckerpatrone-901-dreifarbig/3240055436-225-16905
[2025-11-09 10:41:59,762] INFO: Product saved: Original HP Druckerpatrone 901 Dreifarbig...
[2025-11-09 10:41:59,764] DEBUG: Fetching details: https://www.kleinanzeigen.de/s-anzeige/hp-62-xl-farbe-color-druckerpatrone/3240054050-225-2790
[2025-11-09 10:42:02,204] INFO: Product saved: HP 62 XL Farbe / Color Druckerpatrone...
[2025-11-09 10:42:02,205] DEBUG: Fetching details: https://www.kleinanzeigen.de/s-anzeige/druckerpatronen-hp-und-epson/3240053840-225-10590
[2025-11-09 10:42:04,235] INFO: Product saved: Druckerpatronen HP und Epson...
[2025-11-09 10:42:04,237] DEBUG: Fetching details: https://www.kleinanzeigen.de/s-anzeige/hp-druckerpatronen-2er-pack/3239994612-225-855
[2025-11-09 10:42:07,390] INFO: Product saved: HP Druckerpatronen 2er Pack...
[2025-11-09 10:42:07,393] DEBUG: Fetching details: https://www.kleinanzeigen.de/s-anzeige/hp-druckerpatrone-original-verpackt-schwarz/3239976912-225-1854
[2025-11-09 10:42:11,284] INFO: Product saved: HP Druckerpatrone original verpackt schwarz...
[2025-11-09 10:42:11,286] DEBUG: Fetching details: https://www.kleinanzeigen.de/s-anzeige/hp-druckerpatrone-903xl-original-gelb-cyan-magenta/3239945684-225-7570
[2025-11-09 10:42:13,425] INFO: Product saved: HP Druckerpatrone 903XL  Original  Gelb Cyan Magen...
[2025-11-09 10:42:13,427] DEBUG: Fetching details: https://www.kleinanzeigen.de/s-anzeige/druckerpatronen-hp-laserjet/3239940688-225-1034
[2025-11-09 10:42:16,561] INFO: Product saved: Druckerpatronen HP/ Laserjet...
[2025-11-09 10:42:16,563] DEBUG: Fetching details: https://www.kleinanzeigen.de/s-anzeige/druckerpatronen-neu-verpackt-fuer-hp-laserjet/3239937702-225-1034
[2025-11-09 10:42:19,315] INFO: Product saved: Druckerpatronen neu verpackt für HP/Laserjet...
[2025-11-09 10:42:19,316] DEBUG: Fetching details: https://www.kleinanzeigen.de/s-anzeige/druckerpatronen-hp-951/3239930923-225-2632
[2025-11-09 10:42:21,864] INFO: Product saved: Druckerpatronen HP 951...
[2025-11-09 10:42:21,865] DEBUG: Fetching details: https://www.kleinanzeigen.de/s-anzeige/4x-hp-druckerpatronen-410xl/3239928432-225-9559
[2025-11-09 10:42:23,854] INFO: Product saved: 4x HP Druckerpatronen 410XL...
[2025-11-09 10:42:23,856] DEBUG: Fetching details: https://www.kleinanzeigen.de/s-anzeige/hp-druckerpatronen-301-xl-6-x-in-schwarz-und-5-x-in-tri-color/3239927780-225-2816
[2025-11-09 10:42:26,221] INFO: Product saved: HP Druckerpatronen 301 XL 6 x in Schwarz und 5 x i...
[2025-11-09 10:42:26,226] DEBUG: Fetching details: https://www.kleinanzeigen.de/s-anzeige/satz-hp-druckerpatronen-950-xl-951-xl-1-x-schwarz-xl-zusaetzlich/3239900047-225-1950
[2025-11-09 10:42:28,445] INFO: Product saved: Satz HP Druckerpatronen 950 XL 951 XL ; 1 x schwar...
[2025-11-09 10:42:28,446] DEBUG: Fetching details: https://www.kleinanzeigen.de/s-anzeige/hp-304a-schwarz-black-patrone-druckerpatrone/3239897889-225-9103
[2025-11-09 10:42:30,670] INFO: Product saved: HP 304A schwarz black Patrone Druckerpatrone...
[2025-11-09 10:42:30,672] DEBUG: Fetching details: https://www.kleinanzeigen.de/s-anzeige/hp-druckerpatronen-304/3239888052-225-2499
[2025-11-09 10:42:33,448] INFO: Product saved: HP Druckerpatronen 304...
[2025-11-09 10:42:33,449] ERROR: Ad parse error: can only concatenate str (not "NoneType") to str
[2025-11-09 10:42:33,450] DEBUG: Fetching details: https://www.kleinanzeigen.de/s-anzeige/hp-62-xl-druckerpatronen-schwarz-und-mehrfarbig-ovp/3239866028-225-20672
[2025-11-09 10:42:35,430] INFO: Product saved: HP 62 XL Druckerpatronen - schwarz und mehrfarbig ...
[2025-11-09 10:42:36,431] DEBUG: Loading page 3: https://www.kleinanzeigen.de/s-seite:3/Druckerpatrone-HP/k0
[2025-11-09 10:42:39,299] DEBUG: Found 25 product in the page: 3
[2025-11-09 10:42:39,301] DEBUG: Fetching details: https://www.kleinanzeigen.de/s-anzeige/druckerpatronen-hp-black-tricolour-2-pack/3239844416-225-3481
[2025-11-09 10:42:41,640] INFO: Product saved: Druckerpatronen HP Black + Tricolour 2 Pack...
[2025-11-09 10:42:41,642] DEBUG: Fetching details: https://www.kleinanzeigen.de/s-anzeige/tintenpatronen-druckerpatronen-hp-56-und-57-original-und-leer/3239835653-225-8459
[2025-11-09 10:42:43,803] INFO: Product saved: Tintenpatronen / Druckerpatronen  HP 56 und 57 Ori...
[2025-11-09 10:42:43,804] DEBUG: Fetching details: https://www.kleinanzeigen.de/s-anzeige/druckerpatronen-hp-963-xl/3239803328-225-5834
[2025-11-09 10:42:46,013] INFO: Product saved: Druckerpatronen HP 963 XL...
[2025-11-09 10:42:46,014] DEBUG: Fetching details: https://www.kleinanzeigen.de/s-anzeige/hp-62-xl-multipack-druckerpatronen-original/3239780272-225-8621
[2025-11-09 10:42:48,456] INFO: Product saved: HP 62 XL Multipack Druckerpatronen Original...
[2025-11-09 10:42:48,468] DEBUG: Fetching details: https://www.kleinanzeigen.de/s-anzeige/hp-301-multipack-druckerpatronen/3239756399-225-2829
[2025-11-09 10:42:52,592] INFO: Product saved: HP 301 Multipack Druckerpatronen...
[2025-11-09 10:42:52,613] ERROR: Ad parse error: can only concatenate str (not "NoneType") to str
[2025-11-09 10:42:52,618] DEBUG: Fetching details: https://www.kleinanzeigen.de/s-anzeige/originale-druckerpatronen-hp-950xl-951xl-4-farben/3239744241-225-9233
[2025-11-09 10:42:54,816] INFO: Product saved: Originale Druckerpatronen HP 950XL/951XL 4-Farben...
[2025-11-09 10:42:54,817] DEBUG: Fetching details: https://www.kleinanzeigen.de/s-anzeige/36x-fuer-hp-364-druckerpatronen/3239731871-225-1651
[2025-11-09 10:42:56,948] INFO: Product saved: 36x für HP 364 Druckerpatronen...
[2025-11-09 10:42:56,950] DEBUG: Fetching details: https://www.kleinanzeigen.de/s-anzeige/hp-950xl-951xl-druckerpatronen-tintenpatronen/3239730129-225-9518
[2025-11-09 10:42:58,981] INFO: Product saved: HP 950xl 951xl Druckerpatronen Tintenpatronen...
[2025-11-09 10:42:58,982] DEBUG: Fetching details: https://www.kleinanzeigen.de/s-anzeige/3x-hp-920xl-druckerpatronen-tintenpatronen/3239720194-225-9518
[2025-11-09 10:43:01,407] INFO: Product saved: 3x HP 920xl Druckerpatronen Tintenpatronen...
[2025-11-09 10:43:01,409] DEBUG: Fetching details: https://www.kleinanzeigen.de/s-anzeige/hp-950xl-951xl-druckerpatronen-tintenpatronen-kompatibel/3239702784-225-9518
[2025-11-09 10:43:03,293] INFO: Product saved: HP 950xl 951xl Druckerpatronen Tintenpatronen Komp...
[2025-11-09 10:43:03,294] ERROR: Ad parse error: can only concatenate str (not "NoneType") to str
[2025-11-09 10:43:03,295] DEBUG: Fetching details: https://www.kleinanzeigen.de/s-anzeige/hp-304-xl-druckerpatronen-tintenpatronen-kompatibel/3239698214-225-9518
[2025-11-09 10:43:05,629] INFO: Product saved: HP 304 XL Druckerpatronen Tintenpatronen Kompatibe...
[2025-11-09 10:43:05,631] DEBUG: Fetching details: https://www.kleinanzeigen.de/s-anzeige/hp-300-xl-druckerpatronen-tintenpatronen-kompatibel/3239695464-225-9518
[2025-11-09 10:43:07,462] INFO: Product saved: HP 300 XL Druckerpatronen Tintenpatronen Kompatibe...
[2025-11-09 10:43:07,464] DEBUG: Fetching details: https://www.kleinanzeigen.de/s-anzeige/hp-301-druckerpatronen-tintenpatronen-kompatibel/3239689998-225-9518
[2025-11-09 10:43:09,368] INFO: Product saved: HP 301 Druckerpatronen Tintenpatronen Kompatibel...
[2025-11-09 10:43:09,369] DEBUG: Fetching details: https://www.kleinanzeigen.de/s-anzeige/leere-druckerpatronen-hp62-black-tri-color/3239688448-225-19530
[2025-11-09 10:43:13,049] INFO: Product saved: Leere Druckerpatronen hp62 black/tri-color...
[2025-11-09 10:43:13,052] DEBUG: Fetching details: https://www.kleinanzeigen.de/s-anzeige/hp-302-druckerpatronen-tintenpatronen-kompatibel/3239685131-225-9518
[2025-11-09 10:43:15,016] INFO: Product saved: HP 302 Druckerpatronen Tintenpatronen Kompatibel...
[2025-11-09 10:43:15,018] DEBUG: Fetching details: https://www.kleinanzeigen.de/s-anzeige/hp-druckerpatronen-10/3239647828-225-1863
[2025-11-09 10:43:17,490] INFO: Product saved: HP Druckerpatronen 10...
[2025-11-09 10:43:17,491] DEBUG: Fetching details: https://www.kleinanzeigen.de/s-anzeige/hp-druckerpatronen-82/3239634109-225-1863
[2025-11-09 10:43:20,900] INFO: Product saved: HP Druckerpatronen 82...
[2025-11-09 10:43:20,901] DEBUG: Fetching details: https://www.kleinanzeigen.de/s-anzeige/hp-druckerpatrone-original-901-xl-black-colour/3239620658-225-2498
[2025-11-09 10:43:23,254] INFO: Product saved: HP Druckerpatrone original 901 XL black + Colour...
[2025-11-09 10:43:23,260] ERROR: Ad parse error: can only concatenate str (not "NoneType") to str
[2025-11-09 10:43:23,261] ERROR: Ad parse error: can only concatenate str (not "NoneType") to str
[2025-11-09 10:43:23,264] DEBUG: Fetching details: https://www.kleinanzeigen.de/s-anzeige/original-druckerpatrone-hp-xl-magenta/3239616688-225-8855
[2025-11-09 10:43:25,917] INFO: Product saved: Original Druckerpatrone HP XL Magenta...
[2025-11-09 10:43:25,925] DEBUG: Fetching details: https://www.kleinanzeigen.de/s-anzeige/hp-druckerpatronen-typ-305/3239553163-225-8422
[2025-11-09 10:43:30,631] INFO: Product saved: HP Druckerpatronen Typ 305...
[2025-11-09 10:43:30,644] DEBUG: Fetching details: https://www.kleinanzeigen.de/s-anzeige/druckerpatronen-farbig-fuer-hp-photosmart/3239522886-225-4008
[2025-11-09 10:43:33,505] INFO: Product saved: Druckerpatronen farbig für HP photosmart...
[2025-11-09 10:43:34,508] DEBUG: Loading page 4: https://www.kleinanzeigen.de/s-seite:4/Druckerpatrone-HP/k0
[2025-11-09 10:43:39,762] DEBUG: Found 25 product in the page: 4
[2025-11-09 10:43:39,767] DEBUG: Fetching details: https://www.kleinanzeigen.de/s-anzeige/druckerpatrone-hp-304/3239484098-225-8988
[2025-11-09 10:43:44,545] INFO: Product saved: Druckerpatrone HP 304...
[2025-11-09 10:43:44,549] DEBUG: Fetching details: https://www.kleinanzeigen.de/s-anzeige/hp-903-druckerpatronen-nur-geoeffnet-nicht-benutz/3239450615-225-1973
[2025-11-09 10:43:47,054] INFO: Product saved: HP 903 Druckerpatronen nur geöffnet nicht benutz...
[2025-11-09 10:43:47,056] DEBUG: Fetching details: https://www.kleinanzeigen.de/s-anzeige/druckerpatrone-hp-364-neu/3239437439-225-12173
[2025-11-09 10:43:49,208] INFO: Product saved: Druckerpatrone HP 364 neu...
[2025-11-09 10:43:49,210] DEBUG: Fetching details: https://www.kleinanzeigen.de/s-anzeige/original-hp-72-tinten-druckerpatronen-130-ml-ovp/3239436440-225-6453
[2025-11-09 10:43:51,777] INFO: Product saved: Original hp 72 Tinten-Druckerpatronen 130 ml ovp...
[2025-11-09 10:43:51,780] DEBUG: Fetching details: https://www.kleinanzeigen.de/s-anzeige/neu-hp-laserjet-druckerpatrone-504a-ce252a-farbe-yellow/3239415167-225-5790
[2025-11-09 10:43:53,994] INFO: Product saved: NEU - HP Laserjet Druckerpatrone 504A (CE252A); Fa...
[2025-11-09 10:43:53,996] DEBUG: Fetching details: https://www.kleinanzeigen.de/s-anzeige/neu-hp-laserjet-druckerpatrone-504a-ce251a-farbe-cyan/3239414055-225-5790
[2025-11-09 10:43:56,574] INFO: Product saved: NEU - HP Laserjet Druckerpatrone 504A (CE251A); Fa...
[2025-11-09 10:43:56,576] DEBUG: Fetching details: https://www.kleinanzeigen.de/s-anzeige/druckerpatronen-hp/3239388705-225-1809
[2025-11-09 10:43:59,751] INFO: Product saved: Druckerpatronen HP...
[2025-11-09 10:43:59,752] DEBUG: Fetching details: https://www.kleinanzeigen.de/s-anzeige/druckerpatrone-hp-301-schwarz-mehrfarbig/3239347119-225-2469
[2025-11-09 10:44:01,499] INFO: Product saved: Druckerpatrone HP 301 Schwarz & mehrfarbig...
[2025-11-09 10:44:01,501] DEBUG: Fetching details: https://www.kleinanzeigen.de/s-anzeige/druckerpatrone-hp-302-schwarz-mehrfarbig/3239346016-225-2469
[2025-11-09 10:44:03,172] INFO: Product saved: Druckerpatrone HP 302 Schwarz & mehrfarbig...
[2025-11-09 10:44:03,174] DEBUG: Fetching details: https://www.kleinanzeigen.de/s-anzeige/hp-981x-druckerpatronen-set-alle-farben-neu/3239345395-225-1336
[2025-11-09 10:44:05,711] INFO: Product saved: HP 981x - Druckerpatronen - Set (alle Farben) - Ne...
[2025-11-09 10:44:05,713] DEBUG: Fetching details: https://www.kleinanzeigen.de/s-anzeige/3x-druckerpatronen-hp-350-hp-351/3239264201-225-5491
[2025-11-09 10:44:08,306] INFO: Product saved: 3x Druckerpatronen HP 350 / HP 351...
[2025-11-09 10:44:08,308] DEBUG: Fetching details: https://www.kleinanzeigen.de/s-anzeige/drucker-patronen-fuer-hp-932xl-933xl/3239235487-225-6651
[2025-11-09 10:44:10,553] INFO: Product saved: Drucker-Patronen für HP 932XL+933XL...
[2025-11-09 10:44:10,555] DEBUG: Fetching details: https://www.kleinanzeigen.de/s-anzeige/hp-903-xl-tinte-patronen-druckerpatrone-schwarz-ersatzpatrone/2813055816-225-9475
[2025-11-09 10:44:12,058] INFO: Product saved: HP 903 XL Tinte Patronen Druckerpatrone Schwarz Er...
[2025-11-09 10:44:12,059] DEBUG: Fetching details: https://www.kleinanzeigen.de/s-anzeige/2x-neue-hp-druckerpatrone-500-blatt/3239221516-93-8199
[2025-11-09 10:44:14,455] INFO: Product saved: 2x Neue HP Druckerpatrone  500 Blatt...
[2025-11-09 10:44:14,457] DEBUG: Fetching details: https://www.kleinanzeigen.de/s-anzeige/-hp-957-xl-schwarz-druckerpatrone-/3239219189-225-1761
[2025-11-09 10:44:15,941] INFO: Product saved: ⭐️ HP 957 XL ⭐️ Schwarz ⭐️ Druckerpatrone ⭐️...
[2025-11-09 10:44:15,943] ERROR: Ad parse error: can only concatenate str (not "NoneType") to str
[2025-11-09 10:44:15,946] ERROR: Ad parse error: list index out of range
[2025-11-09 10:44:15,948] DEBUG: Fetching details: https://www.kleinanzeigen.de/s-anzeige/hp-druckerpatronen/3239145267-225-1939
[2025-11-09 10:44:17,605] INFO: Product saved: HP-Druckerpatronen...
[2025-11-09 10:44:17,606] DEBUG: Fetching details: https://www.kleinanzeigen.de/s-anzeige/druckerpatronen-fuer-hp-903-xl-hp-officejet-pro-6868-6950-6960-697/2813085285-225-9475
[2025-11-09 10:44:19,015] INFO: Product saved: Druckerpatronen für HP 903 XL HP Officejet Pro 686...
[2025-11-09 10:44:19,017] DEBUG: Fetching details: https://www.kleinanzeigen.de/s-anzeige/364xl-3-farbige-tintenpatronen-fuer-hp-drucker-druckerpatrone/3239137881-225-23485
[2025-11-09 10:44:22,558] INFO: Product saved: 364XL 3 farbige Tintenpatronen für HP Drucker Druc...
[2025-11-09 10:44:22,560] DEBUG: Fetching details: https://www.kleinanzeigen.de/s-anzeige/hp-druckerpatronen-963-und-953/3239135491-225-23865
[2025-11-09 10:44:24,180] INFO: Product saved: HP Druckerpatronen 963 und 953...
[2025-11-09 10:44:24,181] DEBUG: Fetching details: https://www.kleinanzeigen.de/s-anzeige/hp-laserjet-druckerpatronen/3239134137-225-5681
[2025-11-09 10:44:25,744] INFO: Product saved: HP Laserjet Druckerpatronen...
[2025-11-09 10:44:25,746] DEBUG: Fetching details: https://www.kleinanzeigen.de/s-anzeige/druckerpatronen-original-hp-950-951/3239105030-225-2401
[2025-11-09 10:44:27,421] INFO: Product saved: Druckerpatronen Original HP 950/951...
[2025-11-09 10:44:27,423] DEBUG: Fetching details: https://www.kleinanzeigen.de/s-anzeige/druckerpatronen-hp727-kompatibel-xl-727-designjet-t1500-2530-3500/3183472106-225-794
[2025-11-09 10:44:29,198] INFO: Product saved: DRUCKERPATRONEN HP727 KOMPATIBEL XL 727 Designjet ...
[2025-11-09 10:44:29,199] DEBUG: Fetching details: https://www.kleinanzeigen.de/s-anzeige/druckerpatronen-hp-364-xl/3239082526-225-1637
[2025-11-09 10:44:31,131] INFO: Product saved: Druckerpatronen HP 364 XL...
[2025-11-09 10:44:32,132] DEBUG: Loading page 5: https://www.kleinanzeigen.de/s-seite:5/Druckerpatrone-HP/k0
[2025-11-09 10:44:34,273] DEBUG: Found 25 product in the page: 5
[2025-11-09 10:44:34,274] DEBUG: Fetching details: https://www.kleinanzeigen.de/s-anzeige/neu-druckerpatronen-bunt-hp-kompatibel-903-xl/3239063514-225-4711
[2025-11-09 10:44:36,226] INFO: Product saved: Neu Druckerpatronen bunt HP kompatibel 903 XL...
[2025-11-09 10:44:36,228] DEBUG: Fetching details: https://www.kleinanzeigen.de/s-anzeige/9x-hp-934-935-xl-druckerpatronen-toner-neu-ovp-set-cmyk/3239061584-225-8758
[2025-11-09 10:44:38,766] INFO: Product saved: 9x HP 934 935 XL DRUCKERPATRONEN TONER NEU OVP Set...
[2025-11-09 10:44:38,767] DEBUG: Fetching details: https://www.kleinanzeigen.de/s-anzeige/druckerpatronen-fuer-hp-364-xl-cyan-magenta-gelb-schwarz/3239040031-225-2549
[2025-11-09 10:44:40,536] INFO: Product saved: Druckerpatronen für HP 364 XL - Cyan Magenta Gelb ...
[2025-11-09 10:44:40,537] DEBUG: Fetching details: https://www.kleinanzeigen.de/s-anzeige/druckerpatronen-hp-950xl-und-950-951-multi/3239004126-225-26979
[2025-11-09 10:44:42,728] INFO: Product saved: Druckerpatronen HP 950XL und 950 951 Multi...
[2025-11-09 10:44:42,729] DEBUG: Fetching details: https://www.kleinanzeigen.de/s-anzeige/hp-950xl-original-hp-druckerpatrone-schwarz-ca-2-300-seiten/3238997602-225-4810
[2025-11-09 10:44:44,583] INFO: Product saved: HP 950XL Original HP-Druckerpatrone schwarz ca. 2....
[2025-11-09 10:44:44,586] DEBUG: Fetching details: https://www.kleinanzeigen.de/s-anzeige/-druckerpatronen-hp-/3238997225-225-7532
[2025-11-09 10:44:46,418] INFO: Product saved: ***   DRUCKERPATRONEN   HP   ***...
[2025-11-09 10:44:46,420] DEBUG: Fetching details: https://www.kleinanzeigen.de/s-anzeige/hp-druckerpatronen-364/3238961625-225-552
[2025-11-09 10:44:48,473] INFO: Product saved: Hp Druckerpatronen 364...
[2025-11-09 10:44:48,474] DEBUG: Fetching details: https://www.kleinanzeigen.de/s-anzeige/druckerpatrone-cyan-hp-452-hp-477-pagewide/3238941932-225-7119
[2025-11-09 10:44:51,197] INFO: Product saved: Druckerpatrone Cyan HP 452/HP 477 PageWide...
[2025-11-09 10:44:51,198] DEBUG: Fetching details: https://www.kleinanzeigen.de/s-anzeige/druckerpatrone-lemero-fuer-hp-953xl/3238931565-225-14056
[2025-11-09 10:44:53,777] INFO: Product saved: Druckerpatrone LEMERO für hp 953XL...
[2025-11-09 10:44:53,779] DEBUG: Fetching details: https://www.kleinanzeigen.de/s-anzeige/druckerpatrone-hp-953-yellow/3238928617-225-14056
[2025-11-09 10:44:55,365] INFO: Product saved: Druckerpatrone hp 953 Yellow...
[2025-11-09 10:44:55,368] DEBUG: Fetching details: https://www.kleinanzeigen.de/s-anzeige/druckerpatronen-hp-953-magenta/3238927458-225-14056
[2025-11-09 10:44:56,839] INFO: Product saved: Druckerpatronen hp 953 Magenta...
[2025-11-09 10:44:56,840] DEBUG: Fetching details: https://www.kleinanzeigen.de/s-anzeige/druckerpatronen-neu-hp-953-xl/3238922274-225-14056
[2025-11-09 10:44:58,439] INFO: Product saved: Druckerpatronen neu hp 953 XL...
[2025-11-09 10:44:58,442] DEBUG: Fetching details: https://www.kleinanzeigen.de/s-anzeige/hp-druckerpatrone-963-xl-magenta-originalverpackt-neu/3238885888-225-13734
[2025-11-09 10:45:00,275] INFO: Product saved: HP Druckerpatrone 963 XL Magenta – Originalverpack...
[2025-11-09 10:45:00,276] DEBUG: Fetching details: https://www.kleinanzeigen.de/s-anzeige/hp-druckerpatrone-963-xl-cyan-originalverpackt-neu/3238883162-225-13734
[2025-11-09 10:45:02,053] INFO: Product saved: HP Druckerpatrone 963 XL Cyan – Originalverpackt N...
[2025-11-09 10:45:02,055] DEBUG: Fetching details: https://www.kleinanzeigen.de/s-anzeige/druckerpatronen-hp-pagewide-991-ac-cyan-yellow-magenta/3238873799-225-5898
[2025-11-09 10:45:03,552] INFO: Product saved: Druckerpatronen HP PageWide 991 AC Cyan/Yellow/Mag...
[2025-11-09 10:45:03,554] DEBUG: Fetching details: https://www.kleinanzeigen.de/s-anzeige/hp-302-schwarz-und-tri-colour-druckerpatronen-f6u66a-f6u65a-/3238871953-225-1984
[2025-11-09 10:45:05,257] INFO: Product saved: HP 302 Schwarz und Tri-colour Druckerpatronen (F6U...
[2025-11-09 10:45:05,259] DEBUG: Fetching details: https://www.kleinanzeigen.de/s-anzeige/hp-druckerpatrone-953-xl-schwarz-neu/3238855286-225-3911
[2025-11-09 10:45:07,750] INFO: Product saved: HP Druckerpatrone 953 XL - Schwarz Neu...
[2025-11-09 10:45:07,752] DEBUG: Fetching details: https://www.kleinanzeigen.de/s-anzeige/druckerpatronen-hp-951-xl-fuer-hp-officejet-pro-div-modelle-neu/3238848717-225-1814
[2025-11-09 10:45:10,544] INFO: Product saved: Druckerpatronen HP 951 XL für HP OfficeJet Pro div...
[2025-11-09 10:45:10,546] DEBUG: Fetching details: https://www.kleinanzeigen.de/s-anzeige/hp-301-original-druckerpatronen-2er-pack-n9j72ae-/3183188663-225-4438
[2025-11-09 10:45:12,148] INFO: Product saved: HP 301 Original Druckerpatronen 2er-Pack (N9J72AE)...
[2025-11-09 10:45:12,150] DEBUG: Fetching details: https://www.kleinanzeigen.de/s-anzeige/hp-903-6zc73ae-multipack-original-druckerpatronen/3238843613-225-6835
[2025-11-09 10:45:14,764] INFO: Product saved: HP 903 (6ZC73AE) Multipack Original Druckerpatrone...
[2025-11-09 10:45:14,766] DEBUG: Fetching details: https://www.kleinanzeigen.de/s-anzeige/hp-druckerpatronen-303/3238833534-225-7505
[2025-11-09 10:45:17,712] INFO: Product saved: HP Druckerpatronen 303...
[2025-11-09 10:45:17,714] DEBUG: Fetching details: https://www.kleinanzeigen.de/s-anzeige/hp-951-xl-gelb-2-stueck-druckerpatronen/3238796892-225-8681
[2025-11-09 10:45:20,997] INFO: Product saved: HP  951 XL gelb 2 stück Druckerpatronen...
[2025-11-09 10:45:20,999] DEBUG: Fetching details: https://www.kleinanzeigen.de/s-anzeige/hp-druckerpatronen-903/3238796555-225-1463
[2025-11-09 10:45:23,211] INFO: Product saved: HP Druckerpatronen 903...
[2025-11-09 10:45:23,214] DEBUG: Fetching details: https://www.kleinanzeigen.de/s-anzeige/hp-druckerpatronen-tintenpatrone-300-xl-neu-/3238788029-225-2095
[2025-11-09 10:45:24,875] INFO: Product saved: HP Druckerpatronen Tintenpatrone 300 XL [NEU]...
[2025-11-09 10:45:24,880] DEBUG: Fetching details: https://www.kleinanzeigen.de/s-anzeige/4x-original-hp-10-druckerpatrone-tintenpatrone-c4844a-neu-/3238767459-225-27861
[2025-11-09 10:45:26,962] INFO: Product saved: 4x Original HP 10 Druckerpatrone Tintenpatrone C48...
[2025-11-09 10:45:28,241] INFO: Scraping complete: 2 products
[2025-11-09 10:45:28,335] INFO: Task completed successfully
