[2025-11-09 18:03:49,659] INFO: Task received by worker
[2025-11-09 18:03:49,660] INFO: Starting task: Kleinanzeigen Product Scraper
[2025-11-09 18:03:49,661] DEBUG: Input data: {
  "searchQuery": "Druckerpatrone",
  "maxPages": 5,
  "brands": [
    {
      "brand": "Canon"
    }
  ]
}
[2025-11-09 18:03:50,277] INFO: Scraping 1 brand(s): Canon
[2025-11-09 18:03:52,878] INFO: Processing brand: Canon
[2025-11-09 18:03:53,180] DEBUG: Loading page 1: https://www.kleinanzeigen.de/s-Druckerpatrone-Canon/k0
[2025-11-09 18:04:00,840] DEBUG: Found 27 product in the page: 1
[2025-11-09 18:04:00,842] DEBUG: Fetching details: https://www.kleinanzeigen.de/s-anzeige/ankauf-ihrer-leeren-canon-und-hp-305-hp-305xl-hp-307xl-hp-304-hp-304xl-hp-303-hp-303xl-hp-302-hp-302xl-hp-301-301xl-62-62xl-300-300xl-901-leere-patronen-volle-ueberlagerte-druckerpatronen-toner/1764977037-225-9683
[2025-11-09 18:04:06,141] INFO: Product saved: Ankauf Ihrer leeren Canon und HP 305 HP 305XL HP 3...
[2025-11-09 18:04:06,143] DEBUG: Fetching details: https://www.kleinanzeigen.de/s-anzeige/ankauf-ihrer-leeren-vollen-hp-und-canon-540-541-545-546-560-561-575-576-585-586-510-511-512-513-40-41-37-38-50-51-leere-volle-ueberlagerte-druckerpatronen-tintenpatronen-toner-hp-62-302-303-304-305/1117663714-225-9683
[2025-11-09 18:04:14,983] INFO: Product saved: Ankauf Ihrer leeren vollen HP und Canon 540 541 54...
[2025-11-09 18:04:14,984] DEBUG: Fetching details: https://www.kleinanzeigen.de/s-anzeige/orginal-canon-cl-546xl-color-tintenpatrone-druckerpatrone/3241514103-225-4682
[2025-11-09 18:04:18,172] INFO: Product saved: Orginal Canon CL-546XL Color Tintenpatrone/ Drucke...
[2025-11-09 18:04:18,174] DEBUG: Fetching details: https://www.kleinanzeigen.de/s-anzeige/druckerpatronen-canon/3241513755-225-1952
[2025-11-09 18:04:20,242] INFO: Product saved: Druckerpatronen Canon...
[2025-11-09 18:04:20,243] DEBUG: Fetching details: https://www.kleinanzeigen.de/s-anzeige/druckerpatronen-canon-pixma/3241500126-225-18523
[2025-11-09 18:04:24,885] INFO: Product saved: Druckerpatronen Canon Pixma...
[2025-11-09 18:04:24,887] DEBUG: Fetching details: https://www.kleinanzeigen.de/s-anzeige/druckerpatrone-canon-521-gy-cli-521gy-/3241498348-225-7620
[2025-11-09 18:04:28,170] INFO: Product saved: Druckerpatrone Canon 521 GY (CLI-521GY)...
[2025-11-09 18:04:28,184] DEBUG: Fetching details: https://www.kleinanzeigen.de/s-anzeige/druckerpatronen-canon-550xl-551xl-47stk-/3241495892-225-1818
[2025-11-09 18:04:30,761] INFO: Product saved: Druckerpatronen Canon 550XL / 551XL - 47Stk....
[2025-11-09 18:04:30,763] DEBUG: Fetching details: https://www.kleinanzeigen.de/s-anzeige/druckerpatronen-fuer-canon-maxify-5100/3241495111-225-989
[2025-11-09 18:04:42,935] INFO: Product saved: Druckerpatronen für Canon Maxify 5100...
[2025-11-09 18:04:42,936] DEBUG: Fetching details: https://www.kleinanzeigen.de/s-anzeige/original-canon-druckerpatronen-cli-581-pgi-580/3241479195-225-9421
[2025-11-09 18:04:46,012] INFO: Product saved: Original Canon Druckerpatronen CLI-581 PGI-580...
[2025-11-09 18:04:46,014] DEBUG: Fetching details: https://www.kleinanzeigen.de/s-anzeige/druckerpatronen-canon-pixma/3241433156-225-16412
[2025-11-09 18:04:48,775] INFO: Product saved: Druckerpatronen Canon Pixma...
[2025-11-09 18:04:48,777] DEBUG: Fetching details: https://www.kleinanzeigen.de/s-anzeige/druckerpatronen-canon-pixma-ip-7200-etc-neu-/3241421641-225-4516
[2025-11-09 18:04:52,181] INFO: Product saved: Druckerpatronen Canon Pixma IP 7200 etc. Neu !!!...
[2025-11-09 18:04:52,183] DEBUG: Fetching details: https://www.kleinanzeigen.de/s-anzeige/kompatibel-canon-druckerpatronen-pgi-520-cli-521/3241418246-225-1227
