[2025-11-10 14:50:27,137] INFO: Task received by worker
[2025-11-10 14:50:27,137] INFO: Starting task: Kleinanzeigen Product Scraper
[2025-11-10 14:50:27,137] DEBUG: Input data: {
  "searchQuery": "Druckerpatrone",
  "brands": [
    {
      "brand": "Canon"
    },
    {
      "brand": "HP"
    }
  ],
  "maxPages": 5
}
[2025-11-10 14:50:27,140] ERROR: Task failed: cannot access local variable 'result' where it is not associated with a value
Traceback (most recent call last):
  File "/home/akhliddin/Desktop/ScriptifyBackend/apps/scripts/tasks.py", line 52, in execute_script_task
    json.dump(result, f, indent=2)
              ^^^^^^
UnboundLocalError: cannot access local variable 'result' where it is not associated with a value

