[2025-11-09 08:19:26,790] INFO: Task received by worker
[2025-11-09 08:19:26,797] INFO: Starting task: Kleinanzeigen Product Scraper
[2025-11-09 08:19:26,798] DEBUG: Input data: {
  "searchQuery": "Druckerpatrone",
  "maxPages": "10",
  "brands": [
    {
      "brand": "Canon"
    }
  ]
}
[2025-11-09 08:19:28,033] INFO: Scraping 1 brand(s): Canon
[2025-11-09 08:19:29,374] INFO: Processing brand: Canon
[2025-11-09 08:19:29,633] DEBUG: Loading page 1: https://www.kleinanzeigen.de/s-Druckerpatrone-Canon/k0
[2025-11-09 08:19:37,310] DEBUG: Found 27 product in the page: 1
[2025-11-09 08:19:37,313] DEBUG: Fetching details: https://www.kleinanzeigen.de/s-anzeige/ankauf-ihrer-leeren-vollen-hp-und-canon-540-541-545-546-560-561-575-576-585-586-510-511-512-513-40-41-37-38-50-51-leere-volle-ueberlagerte-druckerpatronen-tintenpatronen-toner-hp-62-302-303-304-305/1117663714-225-9683
[2025-11-09 08:19:41,672] INFO: Product saved: Ankauf Ihrer leeren vollen HP und Canon 540 541 54...
[2025-11-09 08:19:41,674] DEBUG: Fetching details: https://www.kleinanzeigen.de/s-anzeige/ankauf-ihrer-leeren-canon-und-hp-305-hp-305xl-hp-307xl-hp-304-hp-304xl-hp-303-hp-303xl-hp-302-hp-302xl-hp-301-301xl-62-62xl-300-300xl-901-leere-patronen-volle-ueberlagerte-druckerpatronen-toner/1764977037-225-9683
[2025-11-09 08:19:44,482] INFO: Product saved: Ankauf Ihrer leeren Canon und HP 305 HP 305XL HP 3...
[2025-11-09 08:19:44,483] DEBUG: Fetching details: https://www.kleinanzeigen.de/s-anzeige/10x-druckerpatronen-z-b-fuer-canon-c-cli-8-c-pgi-5-cc-8bk/3240457740-225-2700
[2025-11-09 08:19:46,925] INFO: Product saved: 10x Druckerpatronen z.B. für Canon C-CLI-8 C-PGI-5...
[2025-11-09 08:19:46,927] DEBUG: Fetching details: https://www.kleinanzeigen.de/s-anzeige/canon-druckerpatronen-551-fuer-pixma-alles-in-ovp/3240419772-225-1202
[2025-11-09 08:19:48,699] INFO: Product saved: Canon Druckerpatronen 551 für PIXMA. Alles in OVP...
[2025-11-09 08:19:48,701] DEBUG: Fetching details: https://www.kleinanzeigen.de/s-anzeige/druckerpatronen-kompatibel-canon-pgi-570-cli-571/3240413191-225-9178
[2025-11-09 08:19:50,784] INFO: Product saved: Druckerpatronen kompatibel Canon PGI-570 CLI-571...
[2025-11-09 08:19:50,786] DEBUG: Fetching details: https://www.kleinanzeigen.de/s-anzeige/druckerpatrone-canon-510/3240396057-225-4816
[2025-11-09 08:19:52,623] INFO: Product saved: Druckerpatrone Canon 510...
[2025-11-09 08:19:52,625] DEBUG: Fetching details: https://www.kleinanzeigen.de/s-anzeige/5x-druckerpatronen-neu-tintenpatronen-toner-f-drucker-canon/3240361746-225-3877
[2025-11-09 08:19:54,606] INFO: Product saved: 5x DRUCKERPATRONEN -NEU- TINTENPATRONEN TONER f.Dr...
[2025-11-09 08:19:54,607] DEBUG: Fetching details: https://www.kleinanzeigen.de/s-anzeige/canon-druckerpatronen-570-571-incl-canon-ts5055/3240340319-225-922
[2025-11-09 08:19:56,392] INFO: Product saved: Canon Druckerpatronen 570/571 incl. Canon TS5055...
[2025-11-09 08:19:56,393] DEBUG: Fetching details: https://www.kleinanzeigen.de/s-anzeige/druckerpatronen-fuer-canon-pixma-drucker/3240337721-225-26046
[2025-11-09 08:19:58,307] INFO: Product saved: Druckerpatronen für Canon Pixma Drucker...
[2025-11-09 08:19:58,309] DEBUG: Fetching details: https://www.kleinanzeigen.de/s-anzeige/2-druckerpatronen-fuer-canon-drucker-pg545xl-cl546xl-/3240335923-225-4571
[2025-11-09 08:20:00,231] INFO: Product saved: 2 Druckerpatronen für Canon Drucker: PG545XLCL546X...
[2025-11-09 08:20:00,232] DEBUG: Fetching details: https://www.kleinanzeigen.de/s-anzeige/druckerpatronen-canon-ts-7450a/3240330396-225-16973
[2025-11-09 08:20:03,337] INFO: Product saved: Druckerpatronen Canon TS 7450a...
[2025-11-09 08:20:03,339] DEBUG: Fetching details: https://www.kleinanzeigen.de/s-anzeige/28x-druckerpatronen-tintenpartonen-canon-drucker-551-und-550/3240304614-225-4711
[2025-11-09 08:20:04,925] INFO: Product saved: 28x Druckerpatronen Tintenpartonen Canon  Drucker ...
[2025-11-09 08:20:04,927] DEBUG: Fetching details: https://www.kleinanzeigen.de/s-anzeige/3x-original-canon-cli-551-xl-druckerpatronen-neu-druckertinte/3240302834-225-7924
[2025-11-09 08:20:06,732] INFO: Product saved: 3x Original Canon CLI 551 (XL) Druckerpatronen  ne...
[2025-11-09 08:20:06,735] DEBUG: Fetching details: https://www.kleinanzeigen.de/s-anzeige/lxtek-druckerpatronen-580-581-multipack-kompatibel-fuer-canon-tr85/3240292302-225-9602
[2025-11-09 08:20:08,529] INFO: Product saved: LxTek Druckerpatronen 580 581 Multipack Kompatibel...
[2025-11-09 08:20:08,531] DEBUG: Fetching details: https://www.kleinanzeigen.de/s-anzeige/druckerpatrone-canon-ts-7450a-pg-560xl-black/3240205781-225-16973
[2025-11-09 08:20:09,973] INFO: Product saved: Druckerpatrone Canon TS 7450a PG-560XL black...
[2025-11-09 08:20:09,974] DEBUG: Fetching details: https://www.kleinanzeigen.de/s-anzeige/canon-pixmal-druckerpatronen-neu-blau-rot-schwarz-geld/3240195102-225-2490
[2025-11-09 08:20:12,805] INFO: Product saved: Canon Pixmal Druckerpatronen neu blau rot schwarz ...
[2025-11-09 08:20:12,807] DEBUG: Fetching details: https://www.kleinanzeigen.de/s-anzeige/canon-pg-575-druckerpatrone/3240195077-225-25295
[2025-11-09 08:20:14,806] INFO: Product saved: Canon PG 575 Druckerpatrone...
[2025-11-09 08:20:14,814] DEBUG: Fetching details: https://www.kleinanzeigen.de/s-anzeige/druckerpatronen-mit-chip-fuer-canon-drucker-kopierer/3240186983-225-4104
[2025-11-09 08:20:18,218] INFO: Product saved: Druckerpatronen mit Chip für Canon Drucker  / Kopi...
[2025-11-09 08:20:18,220] DEBUG: Fetching details: https://www.kleinanzeigen.de/s-anzeige/druckerpatronen-canon/3240186887-225-16366
[2025-11-09 08:20:20,903] INFO: Product saved: Druckerpatronen Canon...
[2025-11-09 08:20:20,905] DEBUG: Fetching details: https://www.kleinanzeigen.de/s-anzeige/druckerpatronen-fuer-canon-drucker/3240119637-225-5424
[2025-11-09 08:20:24,096] INFO: Product saved: Druckerpatronen für Canon Drucker...
[2025-11-09 08:20:24,098] DEBUG: Fetching details: https://www.kleinanzeigen.de/s-anzeige/druckerpatronen-canon-mg-6150/3240111041-225-8830
[2025-11-09 08:20:35,423] INFO: Product saved: Druckerpatronen canon mg 6150...
[2025-11-09 08:20:35,424] DEBUG: Fetching details: https://www.kleinanzeigen.de/s-anzeige/druckerpatronen-canon-mg-6150/3240111039-225-8830
[2025-11-09 08:20:46,834] INFO: Product saved: Druckerpatronen canon mg 6150...
[2025-11-09 08:20:46,835] DEBUG: Fetching details: https://www.kleinanzeigen.de/s-anzeige/kompatibel-canon-pgi-570xl-cli-571xl-druckerpatronen-multipack/3240095927-225-9419
[2025-11-09 08:20:48,536] INFO: Product saved: Kompatibel Canon PGI-570XL/CLI-571XL Druckerpatron...
[2025-11-09 08:20:48,537] DEBUG: Fetching details: https://www.kleinanzeigen.de/s-anzeige/druckerpatronen-canon-pixma/3240072819-93-8594
[2025-11-09 08:20:56,970] INFO: Product saved: Druckerpatronen Canon Pixma...
[2025-11-09 08:20:56,971] ERROR: Ad parse error: can only concatenate str (not "NoneType") to str
[2025-11-09 08:20:56,973] DEBUG: Fetching details: https://www.kleinanzeigen.de/s-anzeige/4-kompatible-druckerpatronen-canon-pixma/3239990973-225-7980
[2025-11-09 08:20:59,996] INFO: Product saved: 4 kompatible Druckerpatronen Canon Pixma...
[2025-11-09 08:20:59,999] DEBUG: Fetching details: https://www.kleinanzeigen.de/s-anzeige/druckerpatronen-canon-526/3239980805-225-7527
[2025-11-09 08:21:03,018] INFO: Product saved: Druckerpatronen Canon 526...
[2025-11-09 08:21:04,020] DEBUG: Loading page 2: https://www.kleinanzeigen.de/s-seite:2/Druckerpatrone-Canon/k0
[2025-11-09 08:21:06,489] DEBUG: Found 25 product in the page: 2
[2025-11-09 08:21:06,491] DEBUG: Fetching details: https://www.kleinanzeigen.de/s-anzeige/druckerpatronen-xl-canon/3239936651-225-3460
[2025-11-09 08:21:08,344] INFO: Product saved: Druckerpatronen XL Canon...
[2025-11-09 08:21:08,346] DEBUG: Fetching details: https://www.kleinanzeigen.de/s-anzeige/druckerpatrone-canon-540-black-pg-540/3239901733-225-7422
[2025-11-09 08:21:09,846] INFO: Product saved: Druckerpatrone Canon 540 Black - PG-540...
[2025-11-09 08:21:09,849] DEBUG: Fetching details: https://www.kleinanzeigen.de/s-anzeige/atopink-pg540xl-schwarz-druckerpatrone-pg-540-xl-canon/3239898527-225-9358
[2025-11-09 08:21:11,986] INFO: Product saved: ATOPINK  PG540XL schwarz Druckerpatrone PG-540 XL ...
[2025-11-09 08:21:11,991] DEBUG: Fetching details: https://www.kleinanzeigen.de/s-anzeige/canon-580-581-druckerpatronen-neu/3239841199-225-3199
[2025-11-09 08:21:14,822] INFO: Product saved: Canon 580/581 Druckerpatronen neu...
[2025-11-09 08:21:14,825] ERROR: Ad parse error: can only concatenate str (not "NoneType") to str
[2025-11-09 08:21:14,827] DEBUG: Fetching details: https://www.kleinanzeigen.de/s-anzeige/druckerpatronen-canon-kompatibel/3239809319-225-6800
[2025-11-09 08:21:17,347] INFO: Product saved: Druckerpatronen Canon kompatibel...
[2025-11-09 08:21:17,350] DEBUG: Fetching details: https://www.kleinanzeigen.de/s-anzeige/canon-580-581-druckerpatronen-in-farbe-und-in-schwarz/3239768057-225-1007
[2025-11-09 08:21:20,291] INFO: Product saved: Canon 580/581 Druckerpatronen in Farbe und in schw...
[2025-11-09 08:21:20,297] DEBUG: Fetching details: https://www.kleinanzeigen.de/s-anzeige/2x-canon-pg-512-druckerpatronen-schwarz/3239751012-225-4255
[2025-11-09 08:21:22,120] INFO: Product saved: 2x Canon PG-512 Druckerpatronen schwarz...
[2025-11-09 08:21:22,122] DEBUG: Fetching details: https://www.kleinanzeigen.de/s-anzeige/druckerpatronen-canon-540xl-541xl-neu-und-originalverpackt/3239730587-225-6080
[2025-11-09 08:21:23,782] INFO: Product saved: Druckerpatronen Canon 540XL / 541XL neu und origin...
[2025-11-09 08:21:23,783] DEBUG: Fetching details: https://www.kleinanzeigen.de/s-anzeige/canon-540-xl-schwarz-druckerpatronen-tintenpatronen-kompatibel/3239717827-225-9518
[2025-11-09 08:21:25,311] INFO: Product saved: Canon 540 XL schwarz Druckerpatronen Tintenpatrone...
[2025-11-09 08:21:25,312] DEBUG: Fetching details: https://www.kleinanzeigen.de/s-anzeige/canon-pixma-druckerpatronen-525-schwarz-und-526-bunt-/3239715272-225-7981
[2025-11-09 08:21:26,967] INFO: Product saved: Canon PIXMA Druckerpatronen 525 (schwarz) und 526 ...
[2025-11-09 08:21:26,969] DEBUG: Fetching details: https://www.kleinanzeigen.de/s-anzeige/canon-545-xl-546-xl-druckerpatronen-tintenpatronen-kompatibel/3239714827-225-9518
[2025-11-09 08:21:28,777] INFO: Product saved: Canon 545 XL 546 XL Druckerpatronen Tintenpatronen...
[2025-11-09 08:21:28,778] DEBUG: Fetching details: https://www.kleinanzeigen.de/s-anzeige/druckerpatronen-fuer-canon-11st-/3239713126-225-2074
[2025-11-09 08:21:30,162] INFO: Product saved: Druckerpatronen für Canon 11St....
[2025-11-09 08:21:30,164] DEBUG: Fetching details: https://www.kleinanzeigen.de/s-anzeige/druckerpatronen-fuer-canon/3239708969-225-3810
[2025-11-09 08:21:31,860] INFO: Product saved: Druckerpatronen für Canon...
[2025-11-09 08:21:31,861] DEBUG: Fetching details: https://www.kleinanzeigen.de/s-anzeige/druckerpatronen-fuer-canon/3239643467-225-2303
[2025-11-09 08:21:33,780] INFO: Product saved: Druckerpatronen für Canon...
[2025-11-09 08:21:33,781] DEBUG: Fetching details: https://www.kleinanzeigen.de/s-anzeige/canon-druckerpatronen-original-verpackt-cli-8m-y-c-5/3239555091-225-1522
[2025-11-09 08:21:35,828] INFO: Product saved: Canon Druckerpatronen Original verpackt CLI-8M-Y-C...
[2025-11-09 08:21:35,829] DEBUG: Fetching details: https://www.kleinanzeigen.de/s-anzeige/d-c-druckerpatronen-fuer-canon-drucker-tintenpatronen/3239539705-225-1889
[2025-11-09 08:21:37,962] INFO: Product saved: D&C Druckerpatronen für Canon Drucker Tintenpatron...
[2025-11-09 08:21:37,964] DEBUG: Fetching details: https://www.kleinanzeigen.de/s-anzeige/druckerpatronen-kompatibel-fuer-canon-pixma/3239527902-225-7138
[2025-11-09 08:21:39,605] INFO: Product saved: Druckerpatronen Kompatibel für Canon Pixma...
[2025-11-09 08:21:39,606] DEBUG: Fetching details: https://www.kleinanzeigen.de/s-anzeige/2-stueck-neue-originale-canon-druckerpatronen-571-bk-schwarz-/3239489066-225-3364
[2025-11-09 08:21:41,295] INFO: Product saved: 2 Stück neue originale Canon Druckerpatronen 571 (...
[2025-11-09 08:21:41,296] ERROR: Ad parse error: can only concatenate str (not "NoneType") to str
[2025-11-09 08:21:41,297] DEBUG: Fetching details: https://www.kleinanzeigen.de/s-anzeige/druckerpatronen-multipack-canon-pg-40-cl-41-schwarz-farbig-28-ml/3239354325-225-4164
[2025-11-09 08:21:43,656] INFO: Product saved: Druckerpatronen MultiPack Canon PG-40+CL-41 schwar...
[2025-11-09 08:21:43,658] DEBUG: Fetching details: https://www.kleinanzeigen.de/s-anzeige/10-druckerpatronen-kompatibel-fuer-canon-pixma/3239257562-225-1125
[2025-11-09 08:21:45,333] INFO: Product saved: 10 Druckerpatronen kompatibel für Canon Pixma...
[2025-11-09 08:21:45,335] DEBUG: Fetching details: https://www.kleinanzeigen.de/s-anzeige/druckerpatronen-fuer-canon-xp-452-455-serie-gegen-eine-kleinigkeit/3239166472-225-5968
[2025-11-09 08:21:47,252] INFO: Product saved: Druckerpatronen für Canon XP-452 455 Serie gegen e...
[2025-11-09 08:21:47,255] DEBUG: Fetching details: https://www.kleinanzeigen.de/s-anzeige/druckerpatronen-fuer-canon-prixma/3239134166-225-4057
[2025-11-09 08:21:49,543] INFO: Product saved: Druckerpatronen für Canon Prixma...
[2025-11-09 08:21:49,544] DEBUG: Fetching details: https://www.kleinanzeigen.de/s-anzeige/druckerpatronen-canon/3239101899-225-2862
[2025-11-09 08:21:51,133] INFO: Product saved: Druckerpatronen Canon...
[2025-11-09 08:21:52,134] DEBUG: Loading page 3: https://www.kleinanzeigen.de/s-seite:3/Druckerpatrone-Canon/k0
[2025-11-09 08:21:53,675] DEBUG: Found 25 product in the page: 3
[2025-11-09 08:21:53,676] DEBUG: Fetching details: https://www.kleinanzeigen.de/s-anzeige/-10-druckerpatronen-571xl-cgi-571-xl-fuer-canon-ts8050-u-a-/3239055184-225-4754
[2025-11-09 08:21:55,230] INFO: Product saved: ⭐⭐⭐ 10 Druckerpatronen 571XL (CGI-571 XL) für Cano...
[2025-11-09 08:21:55,231] DEBUG: Fetching details: https://www.kleinanzeigen.de/s-anzeige/canon-druckerpatronen-original-verpackung-/3238998097-225-8255
[2025-11-09 08:21:57,127] INFO: Product saved: Canon Druckerpatronen (original Verpackung)...
[2025-11-09 08:21:57,128] DEBUG: Fetching details: https://www.kleinanzeigen.de/s-anzeige/original-druckerpatronen-canon-mp-280pixma-510-black/3238983702-225-1732
[2025-11-09 08:21:58,861] INFO: Product saved: original Druckerpatronen Canon MP 280pixma 510 bla...
[2025-11-09 08:21:58,864] DEBUG: Fetching details: https://www.kleinanzeigen.de/s-anzeige/canon-druckerpatronen-pgi-550-cli-551-34-st-ip7250-mg-5400etc/3238965507-225-9212
[2025-11-09 08:22:00,263] INFO: Product saved: Canon Druckerpatronen PGI-550/CLI-551 * 34 St. IP7...
[2025-11-09 08:22:00,264] DEBUG: Fetching details: https://www.kleinanzeigen.de/s-anzeige/druckerpatronen-canon-pixma/3238957151-225-19404
[2025-11-09 08:22:01,999] INFO: Product saved: Druckerpatronen Canon Pixma...
[2025-11-09 08:22:02,000] DEBUG: Fetching details: https://www.kleinanzeigen.de/s-anzeige/5x-druckerpatrone-fuer-canon-komp-mit-pg-525-schwarz/3238956351-225-14101
[2025-11-09 08:22:03,873] INFO: Product saved: 5x Druckerpatrone für Canon (Komp. mit PG 525) sch...
[2025-11-09 08:22:03,877] DEBUG: Fetching details: https://www.kleinanzeigen.de/s-anzeige/bubprint-druckerpatronen-fuer-canon-pixma-ip/3238884513-225-4763
[2025-11-09 08:22:06,466] INFO: Product saved: Bubprint Druckerpatronen für Canon Pixma IP...
[2025-11-09 08:22:06,467] DEBUG: Fetching details: https://www.kleinanzeigen.de/s-anzeige/canon-716-original-druckerpatronen-schwarz-cyan-magenta-gelb/3238825630-225-3258
[2025-11-09 08:22:09,669] INFO: Product saved: Canon 716 Original Druckerpatronen schwarz cyan ma...
[2025-11-09 08:22:09,671] DEBUG: Fetching details: https://www.kleinanzeigen.de/s-anzeige/druckerpatronen-canon-570-71-kostenl-versand/3238814113-225-15769
[2025-11-09 08:22:11,862] INFO: Product saved: Druckerpatronen Canon 570/71 kostenl. Versand...
[2025-11-09 08:22:11,863] DEBUG: Fetching details: https://www.kleinanzeigen.de/s-anzeige/canon-multipack-druckerpatronen-set/3238757741-225-5191
[2025-11-09 08:22:14,561] INFO: Product saved: Canon Multipack Druckerpatronen Set...
[2025-11-09 08:22:14,565] DEBUG: Fetching details: https://www.kleinanzeigen.de/s-anzeige/26-canon-druckerpatronen-komp-zu-cli-526/3238735403-225-1974
[2025-11-09 08:22:16,467] INFO: Product saved: 26 Canon Druckerpatronen komp. zu CLI 526...
[2025-11-09 08:22:16,468] ERROR: Ad parse error: can only concatenate str (not "NoneType") to str
[2025-11-09 08:22:16,470] DEBUG: Fetching details: https://www.kleinanzeigen.de/s-anzeige/druckerpatronen-fuer-canon-drucker-gem-aufdruck/3238672402-225-922
[2025-11-09 08:22:18,635] INFO: Product saved: Druckerpatronen für Canon Drucker gem. Aufdruck...
[2025-11-09 08:22:18,637] DEBUG: Fetching details: https://www.kleinanzeigen.de/s-anzeige/canon-pixma-druckerpatrone-576-color/3238645730-225-4727
[2025-11-09 08:22:20,539] INFO: Product saved: Canon PIXMA Druckerpatrone 576 Color...
[2025-11-09 08:22:20,541] DEBUG: Fetching details: https://www.kleinanzeigen.de/s-anzeige/3-leere-druckerpatronen-canon-hp-/3238612503-225-353
[2025-11-09 08:22:22,017] INFO: Product saved: 3 Leere Druckerpatronen (Canon HP)...
[2025-11-09 08:22:22,018] DEBUG: Fetching details: https://www.kleinanzeigen.de/s-anzeige/druckerpatronen-6x-fuer-canon-pixma-ip-mp-mx/3238609304-225-1158
[2025-11-09 08:22:23,885] INFO: Product saved: Druckerpatronen 6x für Canon PIXMA IP MP MX...
[2025-11-09 08:22:23,888] DEBUG: Fetching details: https://www.kleinanzeigen.de/s-anzeige/druckerpatronen-canon-gelb-schwarz-magenta/3238589905-225-150
[2025-11-09 08:22:26,628] INFO: Product saved: Druckerpatronen Canon gelb schwarz magenta...
[2025-11-09 08:22:26,629] ERROR: Ad parse error: can only concatenate str (not "NoneType") to str
[2025-11-09 08:22:26,631] DEBUG: Fetching details: https://www.kleinanzeigen.de/s-anzeige/druckerpatronen-canon-c550-551-xl/3238512363-225-1100
[2025-11-09 08:22:29,340] INFO: Product saved: Druckerpatronen Canon C550 / 551 XL...
[2025-11-09 08:22:29,342] DEBUG: Fetching details: https://www.kleinanzeigen.de/s-anzeige/wegen-druckerwechsel-druckerpatronen-fuer-canon-pixma-ip-mp-mx/3238504383-225-3731
[2025-11-09 08:22:32,678] INFO: Product saved: Wegen Druckerwechsel Druckerpatronen für Canon Pix...
[2025-11-09 08:22:32,680] DEBUG: Fetching details: https://www.kleinanzeigen.de/s-anzeige/druckerpatronen-multipack-canon-mx925/3238497617-225-1101
[2025-11-09 08:22:37,890] INFO: Product saved: DRUCKERPATRONEN Multipack Canon Mx925...
[2025-11-09 08:22:37,894] DEBUG: Fetching details: https://www.kleinanzeigen.de/s-anzeige/kompatible-druckerpatronen-konvolut-550xl-551xl-fuer-canon/3238488603-225-25427
[2025-11-09 08:22:43,774] INFO: Product saved: Kompatible Druckerpatronen-Konvolut 550XL/551XL *f...
[2025-11-09 08:22:43,778] DEBUG: Fetching details: https://www.kleinanzeigen.de/s-anzeige/pureink-druckerpatrone-canon-pg540xl-cl541xl-multipack/3238473129-225-19904
[2025-11-09 08:22:47,585] INFO: Product saved: PureInk Druckerpatrone Canon PG540XL/CL541XL Multi...
[2025-11-09 08:22:47,598] DEBUG: Fetching details: https://www.kleinanzeigen.de/s-anzeige/-druckerpatrone-original-canon-cl-541-xl-neu-/3238464292-225-3811
[2025-11-09 08:22:49,778] INFO: Product saved: ++ Druckerpatrone original Canon CL-541 XL  / Neu ...
[2025-11-09 08:22:49,782] DEBUG: Fetching details: https://www.kleinanzeigen.de/s-anzeige/druckerpatronen-525-und-526-u-a-fuer-canon-pixma/3238463403-225-5589
[2025-11-09 08:22:52,046] INFO: Product saved: Druckerpatronen 525 und 526 u.a. für Canon Pixma...
[2025-11-09 08:22:53,049] DEBUG: Loading page 4: https://www.kleinanzeigen.de/s-seite:4/Druckerpatrone-Canon/k0
[2025-11-09 08:22:55,144] DEBUG: Found 25 product in the page: 4
[2025-11-09 08:22:55,145] DEBUG: Fetching details: https://www.kleinanzeigen.de/s-anzeige/druckerpatronen-525-und-526-u-a-fuer-canon-pixma/3238463403-225-5589
[2025-11-09 08:22:56,897] INFO: Product saved: Druckerpatronen 525 und 526 u.a. für Canon Pixma...
[2025-11-09 08:22:56,899] DEBUG: Fetching details: https://www.kleinanzeigen.de/s-anzeige/3x-original-canon-druckerpatronen/3238449183-225-4719
[2025-11-09 08:22:58,484] INFO: Product saved: 3x original Canon Druckerpatronen...
[2025-11-09 08:22:58,486] DEBUG: Fetching details: https://www.kleinanzeigen.de/s-anzeige/druckerpatronen-canon-bci-10-schwarz-und-bci-11-farbe-/3238425240-225-1170
[2025-11-09 08:23:00,334] INFO: Product saved: Druckerpatronen Canon BCI-10 (schwarz) und BCI-11 ...
[2025-11-09 08:23:00,335] DEBUG: Fetching details: https://www.kleinanzeigen.de/s-anzeige/canon-545-546-druckerpatronen/3238402494-225-1020
[2025-11-09 08:23:02,146] INFO: Product saved: Canon 545/546 Druckerpatronen...
[2025-11-09 08:23:02,149] DEBUG: Fetching details: https://www.kleinanzeigen.de/s-anzeige/druckerpatronen-kompatibel-canon/3238377989-225-13234
[2025-11-09 08:23:03,465] INFO: Product saved: Druckerpatronen kompatibel Canon...
[2025-11-09 08:23:03,466] ERROR: Ad parse error: can only concatenate str (not "NoneType") to str
[2025-11-09 08:23:03,467] DEBUG: Fetching details: https://www.kleinanzeigen.de/s-anzeige/druckerpatronen-fuer-drucker-von-canon-pixma-5250/3238347854-225-4684
[2025-11-09 08:23:05,788] INFO: Product saved: Druckerpatronen für Drucker von Canon PIXMA 5250...
[2025-11-09 08:23:05,795] DEBUG: Fetching details: https://www.kleinanzeigen.de/s-anzeige/canon-druckerpatronen-pixma-520-521-neu/3238300144-225-1791
[2025-11-09 08:23:07,498] INFO: Product saved: Canon Druckerpatronen Pixma  520/521  Neu...
[2025-11-09 08:23:07,499] DEBUG: Fetching details: https://www.kleinanzeigen.de/s-anzeige/canon-druckerpatrone-cli-36-chromalife-100-pack-mit-100-blatt/3238283607-225-21142
[2025-11-09 08:23:09,039] INFO: Product saved: Canon Druckerpatrone CLI-36 „ChromaLife 100 Pack“ ...
[2025-11-09 08:23:09,040] DEBUG: Fetching details: https://www.kleinanzeigen.de/s-anzeige/canon-druckerpatronen-multipack-blau-magenta-gelb/3238274463-225-8203
[2025-11-09 08:23:10,436] INFO: Product saved: Canon Druckerpatronen Multipack blau magenta gelb...
[2025-11-09 08:23:10,438] DEBUG: Fetching details: https://www.kleinanzeigen.de/s-anzeige/logic-seek-druckerpatronen-fuer-canon-drucker/3238262334-225-2418
[2025-11-09 08:23:12,393] INFO: Product saved: Logic- Seek-Druckerpatronen für Canon Drucker...
[2025-11-09 08:23:12,394] DEBUG: Fetching details: https://www.kleinanzeigen.de/s-anzeige/druckerpatronen-kompatibel-canon-pixma-ts8050-u-a-/3238247738-225-20581
[2025-11-09 08:23:15,113] INFO: Product saved: Druckerpatronen Kompatibel Canon Pixma TS8050 u. a...
[2025-11-09 08:23:15,115] DEBUG: Fetching details: https://www.kleinanzeigen.de/s-anzeige/canon-pixmar-mx475-unbenutzte-druckerpatrone-schwarz/3238235574-225-5067
[2025-11-09 08:23:17,770] INFO: Product saved: Canon Pixmar mx475 + unbenutzte Druckerpatrone sch...
[2025-11-09 08:23:17,773] DEBUG: Fetching details: https://www.kleinanzeigen.de/s-anzeige/canon-druckerpatronen-581-xl-multipack-mit-fotopapier/3238108083-225-1176
[2025-11-09 08:23:19,880] INFO: Product saved: CANON Druckerpatronen 581 XL Multipack mit Fotopap...
[2025-11-09 08:23:19,881] DEBUG: Fetching details: https://www.kleinanzeigen.de/s-anzeige/druckerpatronen-cli-521-neu-bk-y-patronen-drucker-canon/3238105211-225-7357
[2025-11-09 08:23:21,596] INFO: Product saved: Druckerpatronen CLI 521 Neu BK Y Patronen Drucker ...
[2025-11-09 08:23:21,598] DEBUG: Fetching details: https://www.kleinanzeigen.de/s-anzeige/druckerpatronen-canon-cli-551/3238032690-225-26506
[2025-11-09 08:23:23,410] INFO: Product saved: Druckerpatronen Canon Cli-551...
[2025-11-09 08:23:23,411] DEBUG: Fetching details: https://www.kleinanzeigen.de/s-anzeige/druckerpatronen-fuer-canon/3237956446-225-9353
[2025-11-09 08:23:24,782] INFO: Product saved: Druckerpatronen für Canon...
[2025-11-09 08:23:24,784] DEBUG: Fetching details: https://www.kleinanzeigen.de/s-anzeige/canon-druckerpatronen-pg-40-cl-41-mcvp-multipack/3237946140-225-1908
[2025-11-09 08:23:26,474] INFO: Product saved: Canon Druckerpatronen PG-40+CL-41 MCVP Multipack...
[2025-11-09 08:23:26,475] DEBUG: Fetching details: https://www.kleinanzeigen.de/s-anzeige/druckerpatronen-canon-pixma/3237931733-225-8639
[2025-11-09 08:23:28,228] INFO: Product saved: Druckerpatronen Canon Pixma...
[2025-11-09 08:23:28,229] DEBUG: Fetching details: https://www.kleinanzeigen.de/s-anzeige/druckerpatronen-cli-526-pgi-525-canon-pixma-nicht-original/3237925069-225-5919
[2025-11-09 08:23:29,785] INFO: Product saved: Druckerpatronen  CLI 526 PGI 525 Canon Pixma nicht...
[2025-11-09 08:23:29,786] DEBUG: Fetching details: https://www.kleinanzeigen.de/s-anzeige/druckerpatronen-bubprint-7-stueck-fuer-canon-pgi550-cli551-neu-ovp/3237899858-225-4561
[2025-11-09 08:23:31,397] INFO: Product saved: Druckerpatronen Bubprint 7 Stück für Canon PGI550 ...
[2025-11-09 08:23:31,399] DEBUG: Fetching details: https://www.kleinanzeigen.de/s-anzeige/8-x-druckerpatronen-pgi-550-und-cli-551-fuer-canon/3237893921-225-6812
[2025-11-09 08:23:32,990] INFO: Product saved: 8 x Druckerpatronen PGI-550 und CLI-551  für Canon...
[2025-11-09 08:23:32,993] DEBUG: Fetching details: https://www.kleinanzeigen.de/s-anzeige/canon-druckerpatronen/3237867447-225-392
[2025-11-09 08:23:34,579] INFO: Product saved: Canon Druckerpatronen...
[2025-11-09 08:23:34,580] DEBUG: Fetching details: https://www.kleinanzeigen.de/s-anzeige/29-canon-druckerpatronen/3237862210-225-1091
[2025-11-09 08:23:36,028] INFO: Product saved: 29 Canon Druckerpatronen...
[2025-11-09 08:23:36,029] ERROR: Ad parse error: can only concatenate str (not "NoneType") to str
[2025-11-09 08:23:37,029] DEBUG: Loading page 5: https://www.kleinanzeigen.de/s-seite:5/Druckerpatrone-Canon/k0
[2025-11-09 08:23:39,228] DEBUG: Found 25 product in the page: 5
[2025-11-09 08:23:39,230] DEBUG: Fetching details: https://www.kleinanzeigen.de/s-anzeige/druckerpatronen-fuer-canon-cli-520-521-neuwertig/3237800505-225-6654
[2025-11-09 08:23:41,785] INFO: Product saved: Druckerpatronen für Canon CLI 520/521 NEUWERTIG...
[2025-11-09 08:23:41,786] DEBUG: Fetching details: https://www.kleinanzeigen.de/s-anzeige/canon-druckerpatrone-545-xl-black-und-546-xl-color/3237703974-225-20208
[2025-11-09 08:23:43,638] INFO: Product saved: Canon Druckerpatrone 545 XL Black und 546 XL Color...
[2025-11-09 08:23:43,641] DEBUG: Fetching details: https://www.kleinanzeigen.de/s-anzeige/neu-druckerpatrone-canon-pg-240-xlbkw/3237671194-225-9462
[2025-11-09 08:23:47,253] INFO: Product saved: NEU Druckerpatrone Canon PG-240 XLBKw...
[2025-11-09 08:23:47,257] DEBUG: Fetching details: https://www.kleinanzeigen.de/s-anzeige/druckerpatronen-canon/3237610271-225-5951
[2025-11-09 08:23:50,092] INFO: Product saved: Druckerpatronen Canon...
[2025-11-09 08:23:50,095] DEBUG: Fetching details: https://www.kleinanzeigen.de/s-anzeige/neu-druckerpatronen-canon-mx-925/3237584385-225-20082
[2025-11-09 08:23:52,827] INFO: Product saved: NEU - Druckerpatronen Canon MX 925...
[2025-11-09 08:23:52,829] DEBUG: Fetching details: https://www.kleinanzeigen.de/s-anzeige/druckerpatronen-multipack-fuer-canon-drucker-z-b-ip4900-neu/3237582419-225-1023
[2025-11-09 08:23:54,596] INFO: Product saved: Druckerpatronen Multipack für CANON DRUCKER z.B. i...
[2025-11-09 08:23:54,599] DEBUG: Fetching details: https://www.kleinanzeigen.de/s-anzeige/druckerpatrone-von-canon-fuer-canon-pixma-drucker/3237552989-225-9012
[2025-11-09 08:23:56,515] INFO: Product saved: Druckerpatrone von Canon für Canon Pixma Drucker...
[2025-11-09 08:23:56,517] DEBUG: Fetching details: https://www.kleinanzeigen.de/s-anzeige/vvqv-canon-pg-540xl-cl-541xl-druckerpatrone-neu-2er-pack/3237552376-225-1824
[2025-11-09 08:23:58,770] INFO: Product saved: VVQV Canon PG‑540XL + CL‑541XL Druckerpatrone – NE...
[2025-11-09 08:23:58,772] DEBUG: Fetching details: https://www.kleinanzeigen.de/s-anzeige/canpick-canon-pg-540xl-cl-541xl-druckerpatronen-neu-2er-pack/3237550870-225-1824
[2025-11-09 08:24:00,051] INFO: Product saved: CanPick Canon PG‑540XL+CL‑541XL Druckerpatronen – ...
[2025-11-09 08:24:00,053] DEBUG: Fetching details: https://www.kleinanzeigen.de/s-anzeige/druckerpatrone-von-digital-revolution-fuer-canon-pixma-drucker/3237546688-225-9012
[2025-11-09 08:24:01,763] INFO: Product saved: Druckerpatrone von Digital Revolution für Canon Pi...
[2025-11-09 08:24:01,764] DEBUG: Fetching details: https://www.kleinanzeigen.de/s-anzeige/canon-cp-2500xl-druckerpatronen-neu/3237504367-225-7700
[2025-11-09 08:24:03,413] INFO: Product saved: Canon CP-2500XL Druckerpatronen NEU...
[2025-11-09 08:24:03,414] DEBUG: Fetching details: https://www.kleinanzeigen.de/s-anzeige/-neu-tintenpatronen-druckerpatronen-canon-550-551/3237499229-225-6147
[2025-11-09 08:24:04,989] INFO: Product saved: *neu* Tintenpatronen / Druckerpatronen Canon 550/5...
[2025-11-09 08:24:04,990] ERROR: Ad parse error: can only concatenate str (not "NoneType") to str
[2025-11-09 08:24:04,994] DEBUG: Fetching details: https://www.kleinanzeigen.de/s-anzeige/-schnaeppchen-4-drucker-patronen-canon-pixma-551-bzw-550-/3237397792-225-5753
[2025-11-09 08:24:06,974] INFO: Product saved: ☀ Schnäppchen: 4 Drucker-Patronen Canon Pixma 551 ...
[2025-11-09 08:24:06,976] DEBUG: Fetching details: https://www.kleinanzeigen.de/s-anzeige/7-druckerpatronen-fuer-canon-pixma-u-ae-/3237333631-225-9449
[2025-11-09 08:24:09,529] INFO: Product saved: 7 Druckerpatronen für Canon Pixma u.ä....
[2025-11-09 08:24:09,530] DEBUG: Fetching details: https://www.kleinanzeigen.de/s-anzeige/druckerpatrone-canon-pixma-xl-571-bl-xl-schwarz-neu/3237331255-225-9505
[2025-11-09 08:24:10,986] INFO: Product saved: Druckerpatrone Canon PIXMA XL 571 BL XL schwarz NE...
[2025-11-09 08:24:10,988] DEBUG: Fetching details: https://www.kleinanzeigen.de/s-anzeige/druckerpatronen-canon-xl/3237279544-225-3043
[2025-11-09 08:24:13,232] INFO: Product saved: Druckerpatronen Canon XL...
[2025-11-09 08:24:13,234] DEBUG: Fetching details: https://www.kleinanzeigen.de/s-anzeige/druckerpatronen-canon-pixma-mg-und-ts-passend/3237239793-225-20334
[2025-11-09 08:24:14,910] INFO: Product saved: Druckerpatronen Canon pixma MG  und TS passend...
[2025-11-09 08:24:14,912] DEBUG: Fetching details: https://www.kleinanzeigen.de/s-anzeige/verkaufe-druckerpatrone-pg545xl-schwarz-fuer-canon-pixma/3237202865-225-4601
[2025-11-09 08:24:16,893] INFO: Product saved: Verkaufe Druckerpatrone PG545XL Schwarz für Canon ...
[2025-11-09 08:24:16,894] DEBUG: Fetching details: https://www.kleinanzeigen.de/s-anzeige/canon-druckerpatronen-551-xl-4-st-2-x-sw-originalverpackt/3237206949-225-8892
[2025-11-09 08:24:18,675] INFO: Product saved: CANON Druckerpatronen 551 XL (4 St.) + 2 X sw- ORI...
[2025-11-09 08:24:18,677] DEBUG: Fetching details: https://www.kleinanzeigen.de/s-anzeige/54-druckerpatronen-fuer-canon-drucker/3237154630-225-1757
[2025-11-09 08:24:20,749] INFO: Product saved: 54 Druckerpatronen  für Canon Drucker...
[2025-11-09 08:24:20,750] DEBUG: Fetching details: https://www.kleinanzeigen.de/s-anzeige/druckerpatronen-canon-pixma-ip-7200-etc-neu-/3237098342-225-4516
[2025-11-09 08:24:22,354] INFO: Product saved: Druckerpatronen Canon Pixma IP 7200 etc. Neu !!!...
[2025-11-09 08:24:22,355] DEBUG: Fetching details: https://www.kleinanzeigen.de/s-anzeige/11-druckerpatronen-fuer-canon-520-521-mp540-mp540x-mp550-etc-/3237083011-225-9269
[2025-11-09 08:24:24,074] INFO: Product saved: 11 Druckerpatronen für Canon 520 521 MP540 MP540x ...
[2025-11-09 08:24:24,075] DEBUG: Fetching details: https://www.kleinanzeigen.de/s-anzeige/druckerpatronen-canon-pixma/3237064952-225-7114
[2025-11-09 08:24:25,711] INFO: Product saved: Druckerpatronen Canon PIXMA...
[2025-11-09 08:24:25,712] DEBUG: Fetching details: https://www.kleinanzeigen.de/s-anzeige/canon-druckerpatrone-bc-20-3mal-schwarz-neu-ovp-np90-/3237059156-225-1718
[2025-11-09 08:24:28,162] INFO: Product saved: Canon Druckerpatrone BC-20 3mal schwarz NEU OVP NP...
[2025-11-09 08:24:29,163] DEBUG: Loading page 6: https://www.kleinanzeigen.de/s-seite:6/Druckerpatrone-Canon/k0
[2025-11-09 08:24:32,188] DEBUG: Found 25 product in the page: 6
[2025-11-09 08:24:32,190] DEBUG: Fetching details: https://www.kleinanzeigen.de/s-anzeige/druckerpatronen-fuer-den-drucker-canon-mg-6450/3237040038-225-1986
[2025-11-09 08:24:34,080] INFO: Product saved: Druckerpatronen für den Drucker Canon MG 6450...
[2025-11-09 08:24:34,082] DEBUG: Fetching details: https://www.kleinanzeigen.de/s-anzeige/15er-570-571-druckerpatrone-kompatibel-canon-druck-ink-tank/3237007095-225-9196
[2025-11-09 08:24:35,852] INFO: Product saved: 15er 570 - 571 Druckerpatrone kompatibel Canon Dru...
[2025-11-09 08:24:35,852] ERROR: Ad parse error: can only concatenate str (not "NoneType") to str
[2025-11-09 08:24:35,853] DEBUG: Fetching details: https://www.kleinanzeigen.de/s-anzeige/druckerpatronen-canon/3236957014-225-877
[2025-11-09 08:24:37,091] INFO: Product saved: Druckerpatronen Canon...
[2025-11-09 08:24:37,092] DEBUG: Fetching details: https://www.kleinanzeigen.de/s-anzeige/3-druckerpatronen-canon-mp550-schwarz-neu/3236918208-225-18683
[2025-11-09 08:24:39,051] INFO: Product saved: 3 Druckerpatronen Canon MP550 schwarz neu...
[2025-11-09 08:24:39,054] DEBUG: Fetching details: https://www.kleinanzeigen.de/s-anzeige/druckerpatronen-fuer-canon-ts5000-und-gleiche-modelle/3236812301-225-9042
[2025-11-09 08:24:41,587] INFO: Product saved: Druckerpatronen für Canon TS5000 und gleiche Model...
[2025-11-09 08:24:41,588] DEBUG: Fetching details: https://www.kleinanzeigen.de/s-anzeige/druckerpatronen-canon/3236787990-225-7408
[2025-11-09 08:24:43,493] INFO: Product saved: Druckerpatronen Canon...
[2025-11-09 08:24:43,495] DEBUG: Fetching details: https://www.kleinanzeigen.de/s-anzeige/druckerpatronen-canon-maxify-2500xl/3236751754-225-2180
[2025-11-09 08:24:46,234] INFO: Product saved: Druckerpatronen Canon Maxify 2500XL...
[2025-11-09 08:24:46,236] DEBUG: Fetching details: https://www.kleinanzeigen.de/s-anzeige/canon-pixma-mx925-gebraucht-defekt-24x-druckerpatronen/3236737557-225-9513
[2025-11-09 08:24:47,924] INFO: Product saved: Canon PIXMA MX925 gebraucht - defekt - 24x Drucker...
[2025-11-09 08:24:47,925] DEBUG: Fetching details: https://www.kleinanzeigen.de/s-anzeige/druckerpatronen-canon-5-/3236726626-225-13372
[2025-11-09 08:24:49,603] INFO: Product saved: Druckerpatronen Canon 5€...
[2025-11-09 08:24:49,604] DEBUG: Fetching details: https://www.kleinanzeigen.de/s-anzeige/canon-original-pixma-cli-571-xl-druckerpatrone-ungeoeffnet/3236674953-225-6686
[2025-11-09 08:24:51,436] INFO: Product saved: CANON Original Pixma CLI 571 XL Druckerpatrone ung...
[2025-11-09 08:24:51,440] DEBUG: Fetching details: https://www.kleinanzeigen.de/s-anzeige/druckerpatronen-canon/3236641571-225-7529
[2025-11-09 08:24:53,348] INFO: Product saved: Druckerpatronen Canon...
[2025-11-09 08:24:53,354] DEBUG: Fetching details: https://www.kleinanzeigen.de/s-anzeige/14-canon-ip-druckerpatronen-cli526/3236621425-225-8308
[2025-11-09 08:24:55,148] INFO: Product saved: 14 Canon iP Druckerpatronen CLI526...
[2025-11-09 08:24:55,150] DEBUG: Fetching details: https://www.kleinanzeigen.de/s-anzeige/druckerpatronen-canon-drucker/3236602947-225-2417
[2025-11-09 08:24:56,590] INFO: Product saved: Druckerpatronen Canon Drucker...
[2025-11-09 08:24:56,592] DEBUG: Fetching details: https://www.kleinanzeigen.de/s-anzeige/original-druckerpatrone-canon-pg-40/3236567633-225-7061
[2025-11-09 08:24:58,586] INFO: Product saved: Original  Druckerpatrone Canon PG-40...
[2025-11-09 08:24:58,588] DEBUG: Fetching details: https://www.kleinanzeigen.de/s-anzeige/canon-druckerpatronen/3236538523-225-15771
[2025-11-09 08:25:00,360] INFO: Product saved: Canon Druckerpatronen...
[2025-11-09 08:25:00,362] DEBUG: Fetching details: https://www.kleinanzeigen.de/s-anzeige/original-canon-pixma-druckerpatrone-cli-581-581-bk/3236506293-225-1218
[2025-11-09 08:25:02,736] INFO: Product saved: Original Canon Pixma Druckerpatrone CLI-581 581 BK...
[2025-11-09 08:25:02,738] DEBUG: Fetching details: https://www.kleinanzeigen.de/s-anzeige/druckerpatronen-kompatibel-mit-canon-pixima-ts/3236465735-225-1831
[2025-11-09 08:25:04,600] INFO: Product saved: Druckerpatronen kompatibel mit Canon Pixima TS...
[2025-11-09 08:25:04,602] DEBUG: Fetching details: https://www.kleinanzeigen.de/s-anzeige/druckerpatronen-kompatibel-fuer-canon-520-521/3236445324-225-1550
[2025-11-09 08:25:06,473] INFO: Product saved: Druckerpatronen kompatibel für Canon 520 / 521...
[2025-11-09 08:25:06,474] DEBUG: Fetching details: https://www.kleinanzeigen.de/s-anzeige/original-canon-druckerpatrone-pgi-555-pgbk-xxl/3236430939-225-8865
[2025-11-09 08:25:08,663] INFO: Product saved: Original Canon Druckerpatrone PGI 555 PGBK XXL...
[2025-11-09 08:25:08,665] DEBUG: Fetching details: https://www.kleinanzeigen.de/s-anzeige/druckerpatronen-canon-pixma-ts-5055/3236409517-225-8699
[2025-11-09 08:25:10,967] INFO: Product saved: Druckerpatronen Canon pixma TS 5055...
[2025-11-09 08:25:10,969] DEBUG: Fetching details: https://www.kleinanzeigen.de/s-anzeige/druckerpatronen-fuer-canon-pixma-und-andere/3236368380-225-4653
[2025-11-09 08:25:13,856] INFO: Product saved: Druckerpatronen für Canon Pixma und andere...
[2025-11-09 08:25:13,857] DEBUG: Fetching details: https://www.kleinanzeigen.de/s-anzeige/druckerpatronen-fuer-canon-pixma-640/3236350314-225-7982
[2025-11-09 08:25:16,227] INFO: Product saved: Druckerpatronen für Canon Pixma 640...
[2025-11-09 08:25:16,228] DEBUG: Fetching details: https://www.kleinanzeigen.de/s-anzeige/canon-drucker-pixma-o-ae-druckerpatronen-neu-u-ovp-26stueck-alle-f/3236327162-18-4828
[2025-11-09 08:25:20,206] INFO: Product saved: Canon Drucker PIXMA o.ä. Druckerpatronen neu u.OVP...
[2025-11-09 08:25:20,208] DEBUG: Fetching details: https://www.kleinanzeigen.de/s-anzeige/12x-druckerpatronen-canon-c551-2x-c550xl-1x-c555-xxl-neu/3236323630-225-4954
[2025-11-09 08:25:25,984] INFO: Product saved: 12x Druckerpatronen Canon C551 2x C550XL 1x C555 X...
[2025-11-09 08:25:26,984] DEBUG: Loading page 7: https://www.kleinanzeigen.de/s-seite:7/Druckerpatrone-Canon/k0
[2025-11-09 08:25:29,232] DEBUG: Found 25 product in the page: 7
[2025-11-09 08:25:29,234] DEBUG: Fetching details: https://www.kleinanzeigen.de/s-anzeige/druckerpatronen-canon-545-schwarz-xl-und-546-color-xl-/3236291681-93-989
[2025-11-09 08:25:31,592] INFO: Product saved: Druckerpatronen Canon 545 (schwarz Xl) und 546 (Co...
[2025-11-09 08:25:31,594] DEBUG: Fetching details: https://www.kleinanzeigen.de/s-anzeige/canon-pixma-ip7250-farbdrucker-mit-druckerpatronen/3236278559-225-704
[2025-11-09 08:25:34,391] INFO: Product saved: Canon Pixma iP7250 Farbdrucker mit Druckerpatronen...
[2025-11-09 08:25:34,393] DEBUG: Fetching details: https://www.kleinanzeigen.de/s-anzeige/diverse-alternative-canon-druckerpatronen-cli-550-551/3236253553-225-5422
[2025-11-09 08:25:36,397] INFO: Product saved: Diverse Alternative Canon Druckerpatronen  CLI -55...
[2025-11-09 08:25:36,398] DEBUG: Fetching details: https://www.kleinanzeigen.de/s-anzeige/120-x-cp-525-black-druckerpatrone-fuer-canon-pgi-525bk/3236229664-225-7904
[2025-11-09 08:25:43,324] INFO: Product saved: 120 x CP-525 Black Druckerpatrone  für Canon PGI-5...
[2025-11-09 08:25:43,327] DEBUG: Fetching details: https://www.kleinanzeigen.de/s-anzeige/druckerpatronen-canon-570-571-kompatibel/3236215053-225-1676
[2025-11-09 08:25:46,188] INFO: Product saved: Druckerpatronen Canon 570 571 kompatibel...
[2025-11-09 08:25:46,189] DEBUG: Fetching details: https://www.kleinanzeigen.de/s-anzeige/canon-druckerpatrone-cl546-xl-neu/3236198785-225-2997
[2025-11-09 08:25:47,987] INFO: Product saved: Canon druckerpatrone CL546 XL NEU...
[2025-11-09 08:25:47,989] DEBUG: Fetching details: https://www.kleinanzeigen.de/s-anzeige/canon-druckerpatronen-570-571/3236178587-225-5681
[2025-11-09 08:25:51,081] INFO: Product saved: Canon Druckerpatronen 570/571...
[2025-11-09 08:25:51,084] DEBUG: Fetching details: https://www.kleinanzeigen.de/s-anzeige/druckerpatronen-fuer-canon-drucker-540-541-xl/3236143441-225-910
[2025-11-09 08:25:53,534] INFO: Product saved: Druckerpatronen für Canon Drucker 540 541 xl...
[2025-11-09 08:25:53,538] DEBUG: Fetching details: https://www.kleinanzeigen.de/s-anzeige/druckerpatronen-bunt-color-cl-541-xl-fuer-canon/3236119919-225-7747
[2025-11-09 08:25:57,256] INFO: Product saved: Druckerpatronen bunt color CL 541 XL für Canon...
[2025-11-09 08:25:57,263] DEBUG: Fetching details: https://www.kleinanzeigen.de/s-anzeige/canon-druckerpatronen-neu-/3236105811-225-4284
[2025-11-09 08:26:03,168] INFO: Product saved: Canon Druckerpatronen neu!!!...
[2025-11-09 08:26:03,175] DEBUG: Fetching details: https://www.kleinanzeigen.de/s-anzeige/ankauf-ihrer-leeren-vollen-canon-und-hp-62-62xl-301-301xl-302-302xl-303-303xl-304-304xl-305-305xl-canon-540-541-545-546-560-561-575-576-585-586-510-511-512-513-leere-druckerpatronen-tintenpatronen/1882794874-225-9683
[2025-11-09 08:26:08,693] INFO: Product saved: Ankauf Ihrer leeren vollen Canon und HP 62 62XL 30...
[2025-11-09 08:26:08,694] DEBUG: Fetching details: https://www.kleinanzeigen.de/s-anzeige/canon-druckerpatronen-545-546-neu-versiegelt/3235968548-225-2852
[2025-11-09 08:26:12,259] INFO: Product saved: Canon Druckerpatronen 545 546 Neu versiegelt...
[2025-11-09 08:26:12,263] DEBUG: Fetching details: https://www.kleinanzeigen.de/s-anzeige/druckerpatronen-canon-neu/3235943311-225-5659
[2025-11-09 08:26:16,797] INFO: Product saved: Druckerpatronen Canon neu...
[2025-11-09 08:26:16,805] DEBUG: Fetching details: https://www.kleinanzeigen.de/s-anzeige/ankauf-ihrer-leeren-vollen-hp-und-canon-540-541-545-546-560-561-575-576-585-586-510-511-512-513-40-41-37-38-50-51-leere-volle-ueberlagerte-druckerpatronen-tintenpatronen-toner-hp-62-302-303-304-305/1117663714-225-9683
[2025-11-09 08:26:23,578] INFO: Product saved: Ankauf Ihrer leeren vollen HP und Canon 540 541 54...
[2025-11-09 08:26:23,592] DEBUG: Fetching details: https://www.kleinanzeigen.de/s-anzeige/druckerpatrone-drucker-canon-neu/3235894689-225-3512
[2025-11-09 08:26:25,837] INFO: Product saved: Druckerpatrone Drucker Canon NEU...
[2025-11-09 08:26:25,838] DEBUG: Fetching details: https://www.kleinanzeigen.de/s-anzeige/neu-3x-druckerpatronen-fuer-canon-pixma-mg-5752/3235881358-225-9054
[2025-11-09 08:26:28,997] INFO: Product saved: NEU - 3x Druckerpatronen für Canon Pixma MG 5752...
[2025-11-09 08:26:28,999] DEBUG: Fetching details: https://www.kleinanzeigen.de/s-anzeige/canon-pixma-druckerpatronen/3235864719-225-24625
[2025-11-09 08:26:31,542] INFO: Product saved: Canon Pixma Druckerpatronen...
[2025-11-09 08:26:31,554] DEBUG: Fetching details: https://www.kleinanzeigen.de/s-anzeige/druckerpatrone-canon-cli-36/3235707914-225-3328
[2025-11-09 08:26:35,311] INFO: Product saved: Druckerpatrone Canon CLI 36...
[2025-11-09 08:26:35,313] DEBUG: Fetching details: https://www.kleinanzeigen.de/s-anzeige/canon-druckerpatronen/3235699848-225-4501
[2025-11-09 08:26:38,688] INFO: Product saved: Canon Druckerpatronen...
[2025-11-09 08:26:38,690] DEBUG: Fetching details: https://www.kleinanzeigen.de/s-anzeige/druckerpatronen-fuer-canon/3235609580-225-3013
[2025-11-09 08:26:41,572] INFO: Product saved: Druckerpatronen für Canon...
[2025-11-09 08:26:41,574] ERROR: Ad parse error: can only concatenate str (not "NoneType") to str
[2025-11-09 08:26:41,575] DEBUG: Fetching details: https://www.kleinanzeigen.de/s-anzeige/canon-druckerpatrone-pg-540-xl-black-2-stueck-/3235603175-225-3466
[2025-11-09 08:26:43,796] INFO: Product saved: Canon Druckerpatrone PG-540 XL Black (2 Stück)...
[2025-11-09 08:26:43,797] DEBUG: Fetching details: https://www.kleinanzeigen.de/s-anzeige/11-druckerpatronen-canon-komp-/3235595412-228-1155
[2025-11-09 08:26:45,959] INFO: Product saved: 11-Druckerpatronen Canon komp....
[2025-11-09 08:26:45,961] DEBUG: Fetching details: https://www.kleinanzeigen.de/s-anzeige/druckerpatronen-fuer-canon-drucker/3235576003-225-3078
[2025-11-09 08:26:48,553] INFO: Product saved: Druckerpatronen für Canon Drucker...
[2025-11-09 08:26:48,554] DEBUG: Fetching details: https://www.kleinanzeigen.de/s-anzeige/drucker-patronen-571xl-canon-pixma/3235563136-225-2071
[2025-11-09 08:26:51,019] INFO: Product saved: Drucker-Patronen 571XL Canon PIXMA...
[2025-11-09 08:26:52,021] DEBUG: Loading page 8: https://www.kleinanzeigen.de/s-seite:8/Druckerpatrone-Canon/k0
[2025-11-09 08:26:57,800] DEBUG: Found 25 product in the page: 8
[2025-11-09 08:26:57,802] DEBUG: Fetching details: https://www.kleinanzeigen.de/s-anzeige/druckerpatronen-fuer-canon-pixma-tr8550/3235562881-225-3194
[2025-11-09 08:27:02,631] INFO: Product saved: Druckerpatronen für Canon Pixma TR8550...
[2025-11-09 08:27:02,635] DEBUG: Fetching details: https://www.kleinanzeigen.de/s-anzeige/canon-druckerpatronen-pg-510-und-cl-511/3235539987-225-24476
[2025-11-09 08:27:06,360] INFO: Product saved: Canon Druckerpatronen  PG 510 und CL 511...
[2025-11-09 08:27:06,400] DEBUG: Fetching details: https://www.kleinanzeigen.de/s-anzeige/druckerpatronen-fuer-canon-mg6250/3235522856-225-6799
[2025-11-09 08:27:11,522] INFO: Product saved: Druckerpatronen für Canon MG6250...
[2025-11-09 08:27:11,529] DEBUG: Fetching details: https://www.kleinanzeigen.de/s-anzeige/canon-druckerpatronen-neu/3235516816-225-3203
[2025-11-09 08:27:16,246] INFO: Product saved: Canon Druckerpatronen NEU...
[2025-11-09 08:27:16,249] DEBUG: Fetching details: https://www.kleinanzeigen.de/s-anzeige/druckerpatronen-570-571-canon-kompatibel-voll-und-ungeoeffnet/3235482334-225-16496
[2025-11-09 08:27:22,294] INFO: Product saved: Druckerpatronen 570 + 571 Canon kompatibel - voll ...
[2025-11-09 08:27:22,308] DEBUG: Fetching details: https://www.kleinanzeigen.de/s-anzeige/druckerpatronen-fuer-canon-550xl-551xl/3235455986-225-8810
[2025-11-09 08:27:25,732] INFO: Product saved: Druckerpatronen für Canon 550XL 551XL...
[2025-11-09 08:27:25,733] DEBUG: Fetching details: https://www.kleinanzeigen.de/s-anzeige/druckerpatronen-fuer-canon-drucker/3235434234-225-764
[2025-11-09 08:27:27,484] INFO: Product saved: Druckerpatronen für Canon Drucker...
[2025-11-09 08:27:27,487] DEBUG: Fetching details: https://www.kleinanzeigen.de/s-anzeige/druckerpatronen-1xcl541xl-farbig-3x540xl-s-w-fuer-canon-pixma/3235431488-225-6020
[2025-11-09 08:27:30,726] INFO: Product saved: Druckerpatronen 1xCL541XL farbig 3x540XL s/w für C...
[2025-11-09 08:27:30,732] DEBUG: Fetching details: https://www.kleinanzeigen.de/s-anzeige/druckerpatronen-canon-ip7200-series-550xl-551xl-chip-19-stueck/3235429881-225-7853
[2025-11-09 08:27:33,691] INFO: Product saved: Druckerpatronen Canon IP7200 Series - 550xl+551xl ...
[2025-11-09 08:27:33,692] DEBUG: Fetching details: https://www.kleinanzeigen.de/s-anzeige/9x-druckerpatronen-fuer-canon-tintenstrahldrucker/3235424544-225-5314
[2025-11-09 08:27:36,800] INFO: Product saved: 9x Druckerpatronen für Canon Tintenstrahldrucker...
[2025-11-09 08:27:36,803] DEBUG: Fetching details: https://www.kleinanzeigen.de/s-anzeige/canon-pixma-druckerpatronen-540-541-xl-multipack/3235321102-225-932
[2025-11-09 08:27:40,096] INFO: Product saved: Canon Pixma Druckerpatronen 540 / 541 XL / Multipa...
[2025-11-09 08:27:40,098] DEBUG: Fetching details: https://www.kleinanzeigen.de/s-anzeige/druckerpatronen-canon-pixma-ipl-7250-neu-ovp/3235265860-225-4506
[2025-11-09 08:27:44,789] INFO: Product saved: Druckerpatronen CANON Pixma IPl 7250 – NEU OVP...
[2025-11-09 08:27:44,793] DEBUG: Fetching details: https://www.kleinanzeigen.de/s-anzeige/druckerpatronen-c-525-c526-canon/3235252734-225-7052
[2025-11-09 08:27:51,225] INFO: Product saved: Druckerpatronen C 525/C526 Canon...
[2025-11-09 08:27:51,230] DEBUG: Fetching details: https://www.kleinanzeigen.de/s-anzeige/diverse-druckerpatronen-canon-cl-36/3235231687-225-3520
[2025-11-09 08:27:57,067] INFO: Product saved: Diverse druckerpatronen Canon CL-36...
[2025-11-09 08:27:57,073] DEBUG: Fetching details: https://www.kleinanzeigen.de/s-anzeige/druckerpatrone-canon-546-color-xl/3235221394-225-1522
[2025-11-09 08:28:02,690] INFO: Product saved: Druckerpatrone Canon 546 Color XL...
[2025-11-09 08:28:02,695] DEBUG: Fetching details: https://www.kleinanzeigen.de/s-anzeige/6-druckerpatronen-canon-551-cyan-black-magenta-yellow/3235211240-225-24588
[2025-11-09 08:28:09,177] INFO: Product saved: 6 Druckerpatronen Canon 551 Cyan Black Magenta Yel...
[2025-11-09 08:28:09,180] DEBUG: Fetching details: https://www.kleinanzeigen.de/s-anzeige/druckerpatronen-canon-cli-550-pgbk-xl-neu-original-schwarz/3235206441-225-2842
[2025-11-09 08:28:12,105] INFO: Product saved: Druckerpatronen Canon CLI-550 PGBK XL * neu & orig...
[2025-11-09 08:28:12,115] ERROR: Ad parse error: can only concatenate str (not "NoneType") to str
[2025-11-09 08:28:12,116] ERROR: Ad parse error: can only concatenate str (not "NoneType") to str
[2025-11-09 08:28:12,121] DEBUG: Fetching details: https://www.kleinanzeigen.de/s-anzeige/druckerpatronen-jarbo-571xl-fuer-z-b-canons-ts5000/3235007047-225-3911
[2025-11-09 08:28:16,188] INFO: Product saved: Druckerpatronen Jarbo 571xl für z.b. Canons Ts5000...
[2025-11-09 08:28:16,190] DEBUG: Fetching details: https://www.kleinanzeigen.de/s-anzeige/swiss-ink-canon-druckerpatronen-pgi550-cli551/3234997885-225-3261
[2025-11-09 08:28:20,557] INFO: Product saved: Swiss Ink Canon Druckerpatronen PGI550 CLI551...
[2025-11-09 08:28:20,562] DEBUG: Fetching details: https://www.kleinanzeigen.de/s-anzeige/druckerpatronen-canon-545-und-545/3234995759-225-4525
[2025-11-09 08:28:23,403] INFO: Product saved: Druckerpatronen Canon 545 und 545...
[2025-11-09 08:28:23,404] ERROR: Ad parse error: can only concatenate str (not "NoneType") to str
[2025-11-09 08:28:23,407] DEBUG: Fetching details: https://www.kleinanzeigen.de/s-anzeige/2-canon-druckerpatronen-schwarz-551-bk/3234956425-225-3420
[2025-11-09 08:28:26,014] INFO: Product saved: 2 Canon Druckerpatronen schwarz 551 BK...
[2025-11-09 08:28:26,018] ERROR: Ad parse error: can only concatenate str (not "NoneType") to str
[2025-11-09 08:28:27,019] DEBUG: Loading page 9: https://www.kleinanzeigen.de/s-seite:9/Druckerpatrone-Canon/k0
[2025-11-09 08:28:29,937] DEBUG: Found 25 product in the page: 9
[2025-11-09 08:28:29,939] ERROR: Ad parse error: can only concatenate str (not "NoneType") to str
[2025-11-09 08:28:29,941] DEBUG: Fetching details: https://www.kleinanzeigen.de/s-anzeige/druckerpatrone-kompatibel-fuer-canon-pg-560xl-schwarz-neu/3234940834-225-5578
[2025-11-09 08:28:31,938] INFO: Product saved: Druckerpatrone kompatibel für Canon PG-560XL (Schw...
[2025-11-09 08:28:31,940] DEBUG: Fetching details: https://www.kleinanzeigen.de/s-anzeige/canon-druckerpatrone-526-schwarz/3234939990-225-9255
[2025-11-09 08:28:35,496] INFO: Product saved: Canon Druckerpatrone 526 schwarz...
[2025-11-09 08:28:35,497] DEBUG: Fetching details: https://www.kleinanzeigen.de/s-anzeige/canon-pgi-580-cli-581-original-druckerpatronen-set-leer/3234935719-225-8012
[2025-11-09 08:28:38,506] INFO: Product saved: CANON PGI-580 / CLI-581 | Original | Druckerpatron...
[2025-11-09 08:28:38,507] ERROR: Ad parse error: can only concatenate str (not "NoneType") to str
[2025-11-09 08:28:38,511] DEBUG: Fetching details: https://www.kleinanzeigen.de/s-anzeige/druckerpatronen-kompartibel-zu-canon-pixma-tr-4550/3234924025-225-5266
[2025-11-09 08:28:40,598] INFO: Product saved: Druckerpatronen kompartibel zu CANON PIXMA TR 4550...
[2025-11-09 08:28:40,601] DEBUG: Fetching details: https://www.kleinanzeigen.de/s-anzeige/druckerpatronen-kompartibel-zu-canon-pixma-tr-4550/3234913484-225-5266
[2025-11-09 08:28:43,116] INFO: Product saved: Druckerpatronen kompartibel zu CANON PIXMA TR 4550...
[2025-11-09 08:28:43,118] DEBUG: Fetching details: https://www.kleinanzeigen.de/s-anzeige/canon-pixma-black-color-druckerpatrone-neu-ovp/3234902361-225-7461
[2025-11-09 08:28:45,507] INFO: Product saved: Canon Pixma Black & Color Druckerpatrone Neu & OVP...
[2025-11-09 08:28:45,510] DEBUG: Fetching details: https://www.kleinanzeigen.de/s-anzeige/druckerpatronen-canon-original-571/3234849076-225-9404
[2025-11-09 08:28:49,226] INFO: Product saved: Druckerpatronen Canon Original 571...
[2025-11-09 08:28:49,231] DEBUG: Fetching details: https://www.kleinanzeigen.de/s-anzeige/druckerpatronen-canon-pixma/3234841277-225-2599
[2025-11-09 08:28:53,944] INFO: Product saved: Druckerpatronen Canon Pixma...
[2025-11-09 08:28:53,955] DEBUG: Fetching details: https://www.kleinanzeigen.de/s-anzeige/druckerpatronen-canon/3234789616-228-982
[2025-11-09 08:28:59,063] INFO: Product saved: Druckerpatronen CANON...
[2025-11-09 08:28:59,068] DEBUG: Fetching details: https://www.kleinanzeigen.de/s-anzeige/kompatibel-canon-pgi-550xl-cli-551xl-druckerpatronen-multipack/3234787014-225-4826
[2025-11-09 08:29:03,866] INFO: Product saved: Kompatibel Canon PGI-550XL/CLI-551XL Druckerpatron...
[2025-11-09 08:29:03,872] DEBUG: Fetching details: https://www.kleinanzeigen.de/s-anzeige/druckerpatronen-fuer-canon/3234785179-225-1909
[2025-11-09 08:29:07,468] INFO: Product saved: Druckerpatronen für Canon...
[2025-11-09 08:29:07,470] DEBUG: Fetching details: https://www.kleinanzeigen.de/s-anzeige/druckerpatronen-fuer-diverse-canon-drucker-cli-551bk/3234771223-225-27679
[2025-11-09 08:29:10,383] INFO: Product saved: Druckerpatronen für diverse Canon Drucker CLI- 551...
[2025-11-09 08:29:10,385] DEBUG: Fetching details: https://www.kleinanzeigen.de/s-anzeige/druckerpatronen-canon-pixma-525-825/3234750399-225-8969
[2025-11-09 08:29:14,235] INFO: Product saved: Druckerpatronen Canon Pixma 525 825...
[2025-11-09 08:29:14,236] ERROR: Ad parse error: can only concatenate str (not "NoneType") to str
[2025-11-09 08:29:14,238] DEBUG: Fetching details: https://www.kleinanzeigen.de/s-anzeige/14-druckerpatronen-canon-551-550/3234661150-225-8827
[2025-11-09 08:29:16,663] INFO: Product saved: 14 Druckerpatronen Canon 551 / 550...
[2025-11-09 08:29:16,665] DEBUG: Fetching details: https://www.kleinanzeigen.de/s-anzeige/leere-druckerpatronen-canon-545xl-u-546xl-original-11-stueck/3234646194-228-7607
[2025-11-09 08:29:19,302] INFO: Product saved: Leere 'Druckerpatronen Canon 545Xl u 546XL origina...
[2025-11-09 08:29:19,304] DEBUG: Fetching details: https://www.kleinanzeigen.de/s-anzeige/druckerpatronen-original-canon-pixma/3234636633-168-1913
[2025-11-09 08:29:21,177] INFO: Product saved: Druckerpatronen Original Canon PIXMA...
[2025-11-09 08:29:21,180] DEBUG: Fetching details: https://www.kleinanzeigen.de/s-anzeige/druckerpatronen-fuer-canon/3234625974-225-3045
[2025-11-09 08:29:23,208] INFO: Product saved: Druckerpatronen für Canon...
[2025-11-09 08:29:23,211] DEBUG: Fetching details: https://www.kleinanzeigen.de/s-anzeige/neue-canon-druckerpatrone-541xl-black/3234604464-225-5430
[2025-11-09 08:29:24,676] INFO: Product saved: Neue Canon Druckerpatrone 541xl Black...
[2025-11-09 08:29:24,677] DEBUG: Fetching details: https://www.kleinanzeigen.de/s-anzeige/original-druckerpatronen-fuer-canon-pixma/3234584784-225-20176
[2025-11-09 08:29:27,731] INFO: Product saved: Original Druckerpatronen für Canon Pixma...
[2025-11-09 08:29:27,732] DEBUG: Fetching details: https://www.kleinanzeigen.de/s-anzeige/canon-druckerpatronen-pixma-525-und-526/3234576303-225-8583
[2025-11-09 08:29:29,603] INFO: Product saved: Canon Druckerpatronen Pixma 525 und 526...
[2025-11-09 08:29:29,604] DEBUG: Fetching details: https://www.kleinanzeigen.de/s-anzeige/druckerpatronen-mit-vielen-canon-tintenstrahldruckern-kompatibel/3234554681-225-4832
[2025-11-09 08:29:31,830] INFO: Product saved: Druckerpatronen mit vielen Canon Tintenstrahldruck...
[2025-11-09 08:29:31,833] DEBUG: Fetching details: https://www.kleinanzeigen.de/s-anzeige/druckerpatronen-passend-fuer-canon-drucker-4-in-1-mx925/3234519692-225-6296
[2025-11-09 08:29:33,596] INFO: Product saved: Druckerpatronen passend für Canon Drucker 4 in 1 M...
[2025-11-09 08:29:34,596] DEBUG: Loading page 10: https://www.kleinanzeigen.de/s-seite:10/Druckerpatrone-Canon/k0
[2025-11-09 08:29:37,544] DEBUG: Found 25 product in the page: 10
[2025-11-09 08:29:37,546] DEBUG: Fetching details: https://www.kleinanzeigen.de/s-anzeige/56-canon-druckerpatronen-550xl-551/3234460825-225-3044
[2025-11-09 08:29:39,701] INFO: Product saved: 56 CANON Druckerpatronen 550XL  & 551...
[2025-11-09 08:29:39,703] DEBUG: Fetching details: https://www.kleinanzeigen.de/s-anzeige/-30-xl-druckerpatronen-fuer-canon-cli-551-/3234455003-93-8391
[2025-11-09 08:29:42,609] INFO: Product saved: ⭐️30 XL Druckerpatronen für Canon CLI 551⭐️...
[2025-11-09 08:29:42,611] DEBUG: Fetching details: https://www.kleinanzeigen.de/s-anzeige/ersatz-druckerpatronen-tonerkingdom-570xl-canon-pixma-kompatibel/3234452375-225-989
[2025-11-09 08:29:44,139] INFO: Product saved: Ersatz-Druckerpatronen Tonerkingdom 570XL (Canon P...
[2025-11-09 08:29:44,141] DEBUG: Fetching details: https://www.kleinanzeigen.de/s-anzeige/druckerpatronen-fuer-canon-pixma-pgi-cli/3234451907-225-5320
[2025-11-09 08:29:47,082] INFO: Product saved: Druckerpatronen für Canon Pixma PGI & CLI...
[2025-11-09 08:29:47,083] DEBUG: Fetching details: https://www.kleinanzeigen.de/s-anzeige/kompatible-canon-druckerpatronen-cli-526-pgi-525/3234440307-225-30061
[2025-11-09 08:29:50,043] INFO: Product saved: Kompatible Canon Druckerpatronen CLI-526 / PGI-525...
[2025-11-09 08:29:50,044] DEBUG: Fetching details: https://www.kleinanzeigen.de/s-anzeige/canon-druckerpatronen/3234392468-225-4728
[2025-11-09 08:29:52,237] INFO: Product saved: Canon Druckerpatronen...
[2025-11-09 08:29:52,241] ERROR: Ad parse error: can only concatenate str (not "NoneType") to str
[2025-11-09 08:29:52,242] DEBUG: Fetching details: https://www.kleinanzeigen.de/s-anzeige/druckerpatronen-fuer-canon-ip-4850/3234299213-225-1984
[2025-11-09 08:29:54,072] INFO: Product saved: Druckerpatronen für Canon IP 4850...
[2025-11-09 08:29:54,073] DEBUG: Fetching details: https://www.kleinanzeigen.de/s-anzeige/15x-druckerpatronen-mit-chip-xxl-fuer-canon-pixma-mg5500-mg6650/3234289996-225-1569
[2025-11-09 08:29:56,288] INFO: Product saved: 15x Druckerpatronen + mit Chip XXL für Canon Pixma...
[2025-11-09 08:29:56,297] ERROR: Ad parse error: list index out of range
[2025-11-09 08:29:56,299] DEBUG: Fetching details: https://www.kleinanzeigen.de/s-anzeige/canon-571-druckerpatronen/3234128132-225-9292
[2025-11-09 08:29:58,387] INFO: Product saved: canon 571 Druckerpatronen...
[2025-11-09 08:29:58,393] DEBUG: Fetching details: https://www.kleinanzeigen.de/s-anzeige/druckerpatronen-toner-xl-526-fuer-canon-drucker/3234062955-225-8937
[2025-11-09 08:30:02,443] INFO: Product saved: Druckerpatronen / Toner XL 526 für Canon-Drucker...
[2025-11-09 08:30:02,444] ERROR: Ad parse error: can only concatenate str (not "NoneType") to str
[2025-11-09 08:30:02,446] DEBUG: Fetching details: https://www.kleinanzeigen.de/s-anzeige/kompatibel-canon-pg-512-cl-513-xl-druckerpatronen-512-513-washope/3234037746-225-794
[2025-11-09 08:30:06,067] INFO: Product saved: KOMPATIBEL CANON PG-512 CL-513 XL Druckerpatronen ...
[2025-11-09 08:30:06,068] DEBUG: Fetching details: https://www.kleinanzeigen.de/s-anzeige/aufgefuellte-canon-521-druckerpatronen-mcy/3233983436-225-3841
[2025-11-09 08:30:08,659] INFO: Product saved: aufgefüllte Canon 521 Druckerpatronen MCY...
[2025-11-09 08:30:08,661] DEBUG: Fetching details: https://www.kleinanzeigen.de/s-anzeige/canon-pixma-551-druckerpatronen-neu-und-original-/3233962605-225-3204
[2025-11-09 08:30:11,527] INFO: Product saved: Canon pixma 551 Druckerpatronen neu und original!...
[2025-11-09 08:30:11,529] DEBUG: Fetching details: https://www.kleinanzeigen.de/s-anzeige/42x-druckerpatronen-canon-pixma-ts-5055/3233806195-225-8844
[2025-11-09 08:30:13,346] INFO: Product saved: 42x Druckerpatronen Canon pixma TS 5055...
[2025-11-09 08:30:13,347] DEBUG: Fetching details: https://www.kleinanzeigen.de/s-anzeige/canon-druckerpatronen-5er-set-c550-551xl-neu-ovp/3233798506-225-2003
[2025-11-09 08:30:16,299] INFO: Product saved: Canon Druckerpatronen 5er-Set (C550/551XL) Neu & O...
[2025-11-09 08:30:16,301] DEBUG: Fetching details: https://www.kleinanzeigen.de/s-anzeige/druckerpatrone-canon-xl545-black-neu-unbenutzt/3233759397-225-1373
[2025-11-09 08:30:17,973] INFO: Product saved: Druckerpatrone Canon Xl545 black neu unbenutzt...
[2025-11-09 08:30:17,974] DEBUG: Fetching details: https://www.kleinanzeigen.de/s-anzeige/druckerpatronen-canon-maxify-1500-8st-/3233758370-225-7481
[2025-11-09 08:30:20,175] INFO: Product saved: Druckerpatronen Canon MAXIFY 1500 8St....
[2025-11-09 08:30:20,176] DEBUG: Fetching details: https://www.kleinanzeigen.de/s-anzeige/canon-pixma-521-druckerpatronen/3233733878-225-23715
[2025-11-09 08:30:22,289] INFO: Product saved: Canon Pixma 521 Druckerpatronen...
[2025-11-09 08:30:22,291] DEBUG: Fetching details: https://www.kleinanzeigen.de/s-anzeige/canon-druckerpatronen-570-571-xl/3233721925-225-4053
[2025-11-09 08:30:24,432] INFO: Product saved: Canon Druckerpatronen 570/571 xl...
[2025-11-09 08:30:24,434] DEBUG: Fetching details: https://www.kleinanzeigen.de/s-anzeige/druckerpatronen-schwarz-fuer-div-canon-pixma-drucker/3233704048-225-648
[2025-11-09 08:30:26,695] INFO: Product saved: Druckerpatronen Schwarz für div. Canon Pixma Druck...
[2025-11-09 08:30:26,697] DEBUG: Fetching details: https://www.kleinanzeigen.de/s-anzeige/original-druckerpatronen-canon-cli-571-gelb-cli-571-schwarz-ovp/3233676994-225-1644
[2025-11-09 08:30:28,872] INFO: Product saved: Original Druckerpatronen CANON CLI-571 gelb + CLI-...
[2025-11-09 08:30:28,873] DEBUG: Fetching details: https://www.kleinanzeigen.de/s-anzeige/druckerpatrone-schwarz-neu-fuer-canon-drucker/3230955691-225-9305
[2025-11-09 08:30:31,720] INFO: Product saved: Druckerpatrone schwarz neu für Canon Drucker...
[2025-11-09 08:30:33,084] INFO: Scraping complete: 232 products
[2025-11-09 08:30:33,130] INFO: Task completed successfully
