[2025-11-09 18:05:30,727] INFO: Task received by worker
[2025-11-09 18:05:30,727] INFO: Starting task: Kleinanzeigen Product Scraper
[2025-11-09 18:05:30,728] DEBUG: Input data: {
  "searchQuery": "Druckerpatrone",
  "maxPages": "10",
  "brands": [
    {
      "brand": "Canon"
    }
  ]
}
[2025-11-09 18:05:31,303] INFO: Scraping 1 brand(s): Canon
[2025-11-09 18:05:34,219] INFO: Processing brand: Canon
[2025-11-09 18:05:34,454] DEBUG: Loading page 1: https://www.kleinanzeigen.de/s-Druckerpatrone-Canon/k0
[2025-11-09 18:05:41,207] DEBUG: Found 27 product in the page: 1
[2025-11-09 18:05:41,209] DEBUG: Fetching details: https://www.kleinanzeigen.de/s-anzeige/ankauf-ihrer-leeren-canon-und-hp-305-hp-305xl-hp-307xl-hp-304-hp-304xl-hp-303-hp-303xl-hp-302-hp-302xl-hp-301-301xl-62-62xl-300-300xl-901-leere-patronen-volle-ueberlagerte-druckerpatronen-toner/1764977037-225-9683
[2025-11-09 18:05:46,783] INFO: Product saved: Ankauf Ihrer leeren Canon und HP 305 HP 305XL HP 3...
[2025-11-09 18:05:46,785] DEBUG: Fetching details: https://www.kleinanzeigen.de/s-anzeige/ankauf-ihrer-leeren-vollen-hp-und-canon-540-541-545-546-560-561-575-576-585-586-510-511-512-513-40-41-37-38-50-51-leere-volle-ueberlagerte-druckerpatronen-tintenpatronen-toner-hp-62-302-303-304-305/1117663714-225-9683
[2025-11-09 18:05:50,888] INFO: Product saved: Ankauf Ihrer leeren vollen HP und Canon 540 541 54...
[2025-11-09 18:05:50,889] DEBUG: Fetching details: https://www.kleinanzeigen.de/s-anzeige/orginal-canon-cl-546xl-color-tintenpatrone-druckerpatrone/3241514103-225-4682
[2025-11-09 18:05:54,527] INFO: Product saved: Orginal Canon CL-546XL Color Tintenpatrone/ Drucke...
[2025-11-09 18:05:54,530] DEBUG: Fetching details: https://www.kleinanzeigen.de/s-anzeige/druckerpatronen-canon/3241513755-225-1952
[2025-11-09 18:05:56,693] INFO: Product saved: Druckerpatronen Canon...
[2025-11-09 18:05:56,694] DEBUG: Fetching details: https://www.kleinanzeigen.de/s-anzeige/druckerpatronen-canon-pixma/3241500126-225-18523
[2025-11-09 18:05:59,739] INFO: Product saved: Druckerpatronen Canon Pixma...
[2025-11-09 18:05:59,741] DEBUG: Fetching details: https://www.kleinanzeigen.de/s-anzeige/druckerpatrone-canon-521-gy-cli-521gy-/3241498348-225-7620
[2025-11-09 18:06:01,932] INFO: Product saved: Druckerpatrone Canon 521 GY (CLI-521GY)...
[2025-11-09 18:06:01,934] DEBUG: Fetching details: https://www.kleinanzeigen.de/s-anzeige/druckerpatronen-canon-550xl-551xl-47stk-/3241495892-225-1818
[2025-11-09 18:06:05,535] INFO: Product saved: Druckerpatronen Canon 550XL / 551XL - 47Stk....
[2025-11-09 18:06:05,541] DEBUG: Fetching details: https://www.kleinanzeigen.de/s-anzeige/druckerpatronen-fuer-canon-maxify-5100/3241495111-225-989
[2025-11-09 18:06:17,334] INFO: Product saved: Druckerpatronen für Canon Maxify 5100...
[2025-11-09 18:06:17,335] DEBUG: Fetching details: https://www.kleinanzeigen.de/s-anzeige/original-canon-druckerpatronen-cli-581-pgi-580/3241479195-225-9421
[2025-11-09 18:06:19,776] INFO: Product saved: Original Canon Druckerpatronen CLI-581 PGI-580...
[2025-11-09 18:06:19,778] DEBUG: Fetching details: https://www.kleinanzeigen.de/s-anzeige/druckerpatronen-canon-pixma/3241433156-225-16412
[2025-11-09 18:06:21,960] INFO: Product saved: Druckerpatronen Canon Pixma...
[2025-11-09 18:06:21,969] DEBUG: Fetching details: https://www.kleinanzeigen.de/s-anzeige/druckerpatronen-canon-pixma-ip-7200-etc-neu-/3241421641-225-4516
[2025-11-09 18:06:25,110] INFO: Product saved: Druckerpatronen Canon Pixma IP 7200 etc. Neu !!!...
[2025-11-09 18:06:25,116] DEBUG: Fetching details: https://www.kleinanzeigen.de/s-anzeige/kompatibel-canon-druckerpatronen-pgi-520-cli-521/3241418246-225-1227
[2025-11-09 18:06:29,121] INFO: Product saved: Kompatibel Canon Druckerpatronen PGI-520/CLI-521...
[2025-11-09 18:06:29,126] DEBUG: Fetching details: https://www.kleinanzeigen.de/s-anzeige/druckerpatronen-origian-canon-pixma-520-und-521/3241396984-225-7875
[2025-11-09 18:06:33,188] INFO: Product saved: Druckerpatronen Origian Canon Pixma 520 und 521...
[2025-11-09 18:06:33,197] DEBUG: Fetching details: https://www.kleinanzeigen.de/s-anzeige/neu-druckerpatronen-tinte-chip-je-1-kompatibel-canon-mg5150/3241387764-225-734
[2025-11-09 18:06:36,914] INFO: Product saved: Neu Druckerpatronen Tinte Chip je 1-€ * kompatibel...
[2025-11-09 18:06:36,916] DEBUG: Fetching details: https://www.kleinanzeigen.de/s-anzeige/-canon-druckerpatrone-cl-541-xl-neu-/3241360789-225-3811
[2025-11-09 18:06:40,486] INFO: Product saved: +++ Canon Druckerpatrone CL-541 XL / Neu +++...
[2025-11-09 18:06:40,489] DEBUG: Fetching details: https://www.kleinanzeigen.de/s-anzeige/canon-pixma-multipack-druckerpatronen/3241339181-225-7503
[2025-11-09 18:06:42,681] INFO: Product saved: Canon Pixma Multipack Druckerpatronen...
[2025-11-09 18:06:42,685] DEBUG: Fetching details: https://www.kleinanzeigen.de/s-anzeige/druckerpatronen-canon-mb-maxify-mb2150/3241279264-225-612
[2025-11-09 18:06:46,427] INFO: Product saved: Druckerpatronen – Canon MB Maxify MB2150...
[2025-11-09 18:06:46,443] DEBUG: Fetching details: https://www.kleinanzeigen.de/s-anzeige/druckerpatronen-canon-8-bk-schwarz-8-y-gelb-neu/3241278261-225-1688
[2025-11-09 18:06:49,644] INFO: Product saved: Druckerpatronen Canon 8 BK schwarz 8 Y gelb neu...
[2025-11-09 18:06:49,645] DEBUG: Fetching details: https://www.kleinanzeigen.de/s-anzeige/druckerpatronen-canon-570-571/3241266065-225-1345
[2025-11-09 18:06:52,370] INFO: Product saved: Druckerpatronen Canon 570/571...
[2025-11-09 18:06:52,372] DEBUG: Fetching details: https://www.kleinanzeigen.de/s-anzeige/canon-druckerpatronen-prixma-mg5100-neu-kompatibel/3241256975-225-3981
[2025-11-09 18:06:55,419] INFO: Product saved: Canon Druckerpatronen Prixma MG5100 - NEU kompatib...
[2025-11-09 18:06:55,423] DEBUG: Fetching details: https://www.kleinanzeigen.de/s-anzeige/lxtek-canon-580-581-xxl-druckerpatronen-neu-ovp-10er-pack/3241240280-225-1824
[2025-11-09 18:06:58,065] INFO: Product saved: LxTek Canon 580/581 XXL Druckerpatronen – NEU & OV...
[2025-11-09 18:06:58,067] DEBUG: Fetching details: https://www.kleinanzeigen.de/s-anzeige/ovp-edding-druckerpatronen-no-514-5-stueck-fuer-canon-pixma/3241211214-225-5414
[2025-11-09 18:07:01,724] INFO: Product saved: OVP Edding Druckerpatronen No. 514 5 Stück für Can...
[2025-11-09 18:07:01,729] DEBUG: Fetching details: https://www.kleinanzeigen.de/s-anzeige/canon-pixma-tintenpatronen-druckerpatronen-yellow-gelb/3241171193-225-4903
[2025-11-09 18:07:07,245] INFO: Product saved: Canon Pixma Tintenpatronen Druckerpatronen Yellow ...
[2025-11-09 18:07:07,247] DEBUG: Fetching details: https://www.kleinanzeigen.de/s-anzeige/canon-pixma-druckerpatronen-cli-8m-cli-8y-cli-8c-inkl-7-folien/3241136430-225-3842
[2025-11-09 18:07:10,326] INFO: Product saved: Canon PIXMA Druckerpatronen CLI-8M+CLI-8Y+CLI-8C i...
[2025-11-09 18:07:10,328] DEBUG: Fetching details: https://www.kleinanzeigen.de/s-anzeige/druckerpatronen-canon-550-551/3241118641-225-25159
[2025-11-09 18:07:13,659] INFO: Product saved: Druckerpatronen Canon 550 / 551...
[2025-11-09 18:07:13,661] DEBUG: Fetching details: https://www.kleinanzeigen.de/s-anzeige/neue-canon-pixma-cl-541-color-druckerpatrone-originalverpackt/3241111197-225-9185
[2025-11-09 18:07:16,047] INFO: Product saved: Neue Canon Pixma CL-541 Color Druckerpatrone – Ori...
[2025-11-09 18:07:16,049] DEBUG: Fetching details: https://www.kleinanzeigen.de/s-anzeige/original-canon-pixma-pro-100-s-druckerpatrone-grau/3240953050-225-4904
[2025-11-09 18:07:18,334] INFO: Product saved: Original Canon Pixma Pro 100 S Druckerpatrone Grau...
[2025-11-09 18:07:19,336] DEBUG: Loading page 2: https://www.kleinanzeigen.de/s-seite:2/Druckerpatrone-Canon/k0
[2025-11-09 18:07:22,358] DEBUG: Found 25 product in the page: 2
[2025-11-09 18:07:22,359] DEBUG: Fetching details: https://www.kleinanzeigen.de/s-anzeige/original-canon-pixma-pro-100-s-druckerpatrone-schwarz/3240939421-225-4904
[2025-11-09 18:07:25,363] INFO: Product saved: Original Canon Pixma Pro 100 S Druckerpatrone Schw...
[2025-11-09 18:07:25,365] DEBUG: Fetching details: https://www.kleinanzeigen.de/s-anzeige/canon-druckerpatronen-570-571-von-isy/3240931195-225-1843
[2025-11-09 18:07:29,258] INFO: Product saved: Canon Druckerpatronen 570 + 571 von ISY...
[2025-11-09 18:07:29,260] DEBUG: Fetching details: https://www.kleinanzeigen.de/s-anzeige/canon-drucker-mit-druckerpatronen/3240905510-225-2921
[2025-11-09 18:07:32,707] INFO: Product saved: Canon Drucker mit Druckerpatronen...
[2025-11-09 18:07:32,710] DEBUG: Fetching details: https://www.kleinanzeigen.de/s-anzeige/druckerpatronen-canon/3240895936-225-6986
[2025-11-09 18:07:36,164] INFO: Product saved: Druckerpatronen. Canon...
[2025-11-09 18:07:36,165] DEBUG: Fetching details: https://www.kleinanzeigen.de/s-anzeige/kompatibel-canon-pg-545-cl-546-xl-druckerpatronen-545-546-yuanqim/3212331803-225-794
[2025-11-09 18:07:38,978] INFO: Product saved: KOMPATIBEL CANON PG-545 CL-546 XL Druckerpatronen ...
[2025-11-09 18:07:38,979] ERROR: Ad parse error: can only concatenate str (not "NoneType") to str
[2025-11-09 18:07:38,980] DEBUG: Fetching details: https://www.kleinanzeigen.de/s-anzeige/canon-druckerpatronen-pgi-520bk-cli-521bk-zu-verschenken/3240806186-225-7730
[2025-11-09 18:07:42,035] INFO: Product saved: Canon Druckerpatronen PGI-520BK & CLI-521BK – zu v...
[2025-11-09 18:07:42,037] DEBUG: Fetching details: https://www.kleinanzeigen.de/s-anzeige/canon-druckerpatrone/3240805238-225-3135
[2025-11-09 18:07:46,265] INFO: Product saved: Canon Druckerpatrone...
[2025-11-09 18:07:46,266] DEBUG: Fetching details: https://www.kleinanzeigen.de/s-anzeige/canon-pg-512-cl-513-druckerpatrone-schwarz-und-oder-color/3240803193-225-2113
[2025-11-09 18:07:49,256] INFO: Product saved: Canon PG 512 / CL 513 Druckerpatrone Schwarz und /...
[2025-11-09 18:07:49,257] DEBUG: Fetching details: https://www.kleinanzeigen.de/s-anzeige/druckerpatronen-canon-tr8550-tr7550-tr7650-ts6350-ts705a-ts6300/3240753168-225-9482
[2025-11-09 18:07:54,015] INFO: Product saved: Druckerpatronen Canon TR8550 TR7550 TR7650 TS6350 ...
[2025-11-09 18:07:54,016] DEBUG: Fetching details: https://www.kleinanzeigen.de/s-anzeige/druckerpatronen-fuer-canon-verschiedene-farben/3240738662-225-21142
[2025-11-09 18:07:56,258] INFO: Product saved: Druckerpatronen für Canon verschiedene Farben...
[2025-11-09 18:07:56,259] DEBUG: Fetching details: https://www.kleinanzeigen.de/s-anzeige/druckerpatronen-fuer-canon/3240695236-225-7915
[2025-11-09 18:08:01,388] INFO: Product saved: Druckerpatronen für Canon...
[2025-11-09 18:08:01,389] DEBUG: Fetching details: https://www.kleinanzeigen.de/s-anzeige/canon-druckerpatronen-set-540-541-540-black-l-und-541-colour-xl/3240680000-225-9241
[2025-11-09 18:08:03,781] INFO: Product saved: Canon Druckerpatronen Set 540/541 540 Black L und ...
[2025-11-09 18:08:03,783] DEBUG: Fetching details: https://www.kleinanzeigen.de/s-anzeige/kompatibel-canon-pg-540-xl-druckerpatronen-540-yuanqim/3240641087-225-794
[2025-11-09 18:08:06,143] INFO: Product saved: KOMPATIBEL CANON PG-540 XL Druckerpatronen 540 YUA...
[2025-11-09 18:08:06,145] DEBUG: Fetching details: https://www.kleinanzeigen.de/s-anzeige/kompatibel-canon-pg-540-cl-541-xl-druckerpatronen-540-541-yuanqim/3240624767-225-794
[2025-11-09 18:08:08,427] INFO: Product saved: KOMPATIBEL CANON PG-540 CL-541 XL Druckerpatronen ...
[2025-11-09 18:08:08,429] DEBUG: Fetching details: https://www.kleinanzeigen.de/s-anzeige/canon-druckerpatronen/3240603456-225-8432
[2025-11-09 18:08:11,262] INFO: Product saved: Canon Druckerpatronen...
[2025-11-09 18:08:11,264] DEBUG: Fetching details: https://www.kleinanzeigen.de/s-anzeige/druckerpatrone-canon-pixma-8-schwarz-cyan-yellow-neu-in-ovp/3240598352-225-6766
[2025-11-09 18:08:15,388] INFO: Product saved: Druckerpatrone Canon Pixma 8 schwarz cyan yellow n...
[2025-11-09 18:08:15,392] DEBUG: Fetching details: https://www.kleinanzeigen.de/s-anzeige/druckerpatronen-fuer-canon/3240563083-225-1904
[2025-11-09 18:08:19,871] INFO: Product saved: Druckerpatronen für Canon...
[2025-11-09 18:08:19,874] DEBUG: Fetching details: https://www.kleinanzeigen.de/s-anzeige/druckerpatronen-neu-fuer-canon-prixma-ip-7250/3240561724-225-4251
[2025-11-09 18:08:24,701] INFO: Product saved: Druckerpatronen neu für Canon Prixma IP 7250...
[2025-11-09 18:08:24,707] DEBUG: Fetching details: https://www.kleinanzeigen.de/s-anzeige/druckerpatronen-original-canon-fuer-canon-cli-551xl/3240550607-225-19916
[2025-11-09 18:08:28,377] INFO: Product saved: Druckerpatronen original Canon für CANON CLi-551XL...
[2025-11-09 18:08:28,380] ERROR: Ad parse error: can only concatenate str (not "NoneType") to str
[2025-11-09 18:08:28,383] DEBUG: Fetching details: https://www.kleinanzeigen.de/s-anzeige/10x-druckerpatronen-z-b-fuer-canon-c-cli-8-c-pgi-5-cc-8bk/3240457740-225-2700
[2025-11-09 18:08:32,460] INFO: Product saved: 10x Druckerpatronen z.B. für Canon C-CLI-8 C-PGI-5...
[2025-11-09 18:08:32,469] DEBUG: Fetching details: https://www.kleinanzeigen.de/s-anzeige/druckerpatronen-kompatibel-canon-pgi-570-cli-571/3240413191-225-9178
[2025-11-09 18:08:36,767] INFO: Product saved: Druckerpatronen kompatibel Canon PGI-570 CLI-571...
[2025-11-09 18:08:36,769] DEBUG: Fetching details: https://www.kleinanzeigen.de/s-anzeige/druckerpatrone-canon-510/3240396057-225-4816
[2025-11-09 18:08:41,257] INFO: Product saved: Druckerpatrone Canon 510...
[2025-11-09 18:08:41,267] DEBUG: Fetching details: https://www.kleinanzeigen.de/s-anzeige/5x-druckerpatronen-neu-tintenpatronen-toner-f-drucker-canon/3240361746-225-3877
[2025-11-09 18:08:45,485] INFO: Product saved: 5x DRUCKERPATRONEN -NEU- TINTENPATRONEN TONER f.Dr...
[2025-11-09 18:08:46,486] DEBUG: Loading page 3: https://www.kleinanzeigen.de/s-seite:3/Druckerpatrone-Canon/k0
[2025-11-09 18:08:49,616] DEBUG: Found 25 product in the page: 3
[2025-11-09 18:08:49,618] DEBUG: Fetching details: https://www.kleinanzeigen.de/s-anzeige/canon-druckerpatronen-570-571-incl-canon-ts5055/3240340319-225-922
[2025-11-09 18:08:53,670] INFO: Product saved: Canon Druckerpatronen 570/571 incl. Canon TS5055...
[2025-11-09 18:08:53,673] DEBUG: Fetching details: https://www.kleinanzeigen.de/s-anzeige/druckerpatronen-fuer-canon-pixma-drucker/3240337721-225-26046
[2025-11-09 18:08:58,063] INFO: Product saved: Druckerpatronen für Canon Pixma Drucker...
[2025-11-09 18:08:58,069] DEBUG: Fetching details: https://www.kleinanzeigen.de/s-anzeige/2-druckerpatronen-fuer-canon-drucker-pg545xl-cl546xl-/3240335923-225-4571
[2025-11-09 18:09:01,131] INFO: Product saved: 2 Druckerpatronen für Canon Drucker: PG545XLCL546X...
[2025-11-09 18:09:01,136] DEBUG: Fetching details: https://www.kleinanzeigen.de/s-anzeige/druckerpatronen-canon-ts-7450a/3240330396-225-16973
[2025-11-09 18:09:04,494] INFO: Product saved: Druckerpatronen Canon TS 7450a...
[2025-11-09 18:09:04,497] DEBUG: Fetching details: https://www.kleinanzeigen.de/s-anzeige/28x-druckerpatronen-tintenpartonen-canon-drucker-551-und-550/3240304614-225-4711
[2025-11-09 18:09:14,207] INFO: Product saved: 28x Druckerpatronen Tintenpartonen Canon  Drucker ...
[2025-11-09 18:09:14,209] DEBUG: Fetching details: https://www.kleinanzeigen.de/s-anzeige/3x-original-canon-cli-551-xl-druckerpatronen-neu-druckertinte/3240302834-225-7924
[2025-11-09 18:09:21,001] INFO: Product saved: 3x Original Canon CLI 551 (XL) Druckerpatronen  ne...
[2025-11-09 18:09:21,003] DEBUG: Fetching details: https://www.kleinanzeigen.de/s-anzeige/lxtek-druckerpatronen-580-581-multipack-kompatibel-fuer-canon-tr85/3240292302-225-9602
[2025-11-09 18:09:23,875] INFO: Product saved: LxTek Druckerpatronen 580 581 Multipack Kompatibel...
[2025-11-09 18:09:23,878] DEBUG: Fetching details: https://www.kleinanzeigen.de/s-anzeige/druckerpatrone-canon-ts-7450a-pg-560xl-black/3240205781-225-16973
[2025-11-09 18:09:26,465] INFO: Product saved: Druckerpatrone Canon TS 7450a PG-560XL black...
[2025-11-09 18:09:26,467] DEBUG: Fetching details: https://www.kleinanzeigen.de/s-anzeige/canon-pixmal-druckerpatronen-neu-blau-rot-schwarz-geld/3240195102-225-2490
[2025-11-09 18:09:30,046] INFO: Product saved: Canon Pixmal Druckerpatronen neu blau rot schwarz ...
[2025-11-09 18:09:30,048] DEBUG: Fetching details: https://www.kleinanzeigen.de/s-anzeige/canon-pg-575-druckerpatrone/3240195077-225-25295
[2025-11-09 18:09:34,390] INFO: Product saved: Canon PG 575 Druckerpatrone...
[2025-11-09 18:09:34,400] DEBUG: Fetching details: https://www.kleinanzeigen.de/s-anzeige/druckerpatronen-mit-chip-fuer-canon-drucker-kopierer/3240186983-225-4104
[2025-11-09 18:09:38,019] INFO: Product saved: Druckerpatronen mit Chip für Canon Drucker  / Kopi...
[2025-11-09 18:09:38,020] DEBUG: Fetching details: https://www.kleinanzeigen.de/s-anzeige/druckerpatronen-canon/3240186887-225-16366
[2025-11-09 18:09:41,741] INFO: Product saved: Druckerpatronen Canon...
[2025-11-09 18:09:41,742] DEBUG: Fetching details: https://www.kleinanzeigen.de/s-anzeige/druckerpatronen-fuer-canon-drucker/3240119637-225-5424
[2025-11-09 18:09:45,314] INFO: Product saved: Druckerpatronen für Canon Drucker...
[2025-11-09 18:09:45,318] DEBUG: Fetching details: https://www.kleinanzeigen.de/s-anzeige/druckerpatronen-canon-mg-6150/3240111041-225-8830
[2025-11-09 18:09:57,779] INFO: Product saved: Druckerpatronen canon mg 6150...
[2025-11-09 18:09:57,780] DEBUG: Fetching details: https://www.kleinanzeigen.de/s-anzeige/druckerpatronen-canon-mg-6150/3240111039-225-8830
[2025-11-09 18:10:09,568] INFO: Product saved: Druckerpatronen canon mg 6150...
[2025-11-09 18:10:09,569] DEBUG: Fetching details: https://www.kleinanzeigen.de/s-anzeige/kompatibel-canon-pgi-570xl-cli-571xl-druckerpatronen-multipack/3240095927-225-9419
[2025-11-09 18:10:11,377] INFO: Product saved: Kompatibel Canon PGI-570XL/CLI-571XL Druckerpatron...
[2025-11-09 18:10:11,380] DEBUG: Fetching details: https://www.kleinanzeigen.de/s-anzeige/druckerpatronen-canon-pixma/3240072819-93-8594
[2025-11-09 18:10:15,017] INFO: Product saved: Druckerpatronen Canon Pixma...
[2025-11-09 18:10:15,026] ERROR: Ad parse error: can only concatenate str (not "NoneType") to str
[2025-11-09 18:10:15,029] DEBUG: Fetching details: https://www.kleinanzeigen.de/s-anzeige/4-kompatible-druckerpatronen-canon-pixma/3239990973-225-7980
[2025-11-09 18:10:19,019] INFO: Product saved: 4 kompatible Druckerpatronen Canon Pixma...
[2025-11-09 18:10:19,021] DEBUG: Fetching details: https://www.kleinanzeigen.de/s-anzeige/druckerpatronen-canon-526/3239980805-225-7527
[2025-11-09 18:10:23,443] INFO: Product saved: Druckerpatronen Canon 526...
[2025-11-09 18:10:23,452] DEBUG: Fetching details: https://www.kleinanzeigen.de/s-anzeige/druckerpatronen-xl-canon/3239936651-225-3460
[2025-11-09 18:10:27,712] INFO: Product saved: Druckerpatronen XL Canon...
[2025-11-09 18:10:27,725] DEBUG: Fetching details: https://www.kleinanzeigen.de/s-anzeige/atopink-pg540xl-schwarz-druckerpatrone-pg-540-xl-canon/3239898527-225-9358
[2025-11-09 18:10:32,216] INFO: Product saved: ATOPINK  PG540XL schwarz Druckerpatrone PG-540 XL ...
[2025-11-09 18:10:32,224] DEBUG: Fetching details: https://www.kleinanzeigen.de/s-anzeige/canon-580-581-druckerpatronen-neu/3239841199-225-3199
[2025-11-09 18:10:35,321] INFO: Product saved: Canon 580/581 Druckerpatronen neu...
[2025-11-09 18:10:35,326] ERROR: Ad parse error: can only concatenate str (not "NoneType") to str
[2025-11-09 18:10:35,335] DEBUG: Fetching details: https://www.kleinanzeigen.de/s-anzeige/druckerpatronen-canon-kompatibel/3239809319-225-6800
[2025-11-09 18:10:38,883] INFO: Product saved: Druckerpatronen Canon kompatibel...
[2025-11-09 18:10:39,886] DEBUG: Loading page 4: https://www.kleinanzeigen.de/s-seite:4/Druckerpatrone-Canon/k0
[2025-11-09 18:10:43,841] DEBUG: Found 25 product in the page: 4
[2025-11-09 18:10:43,843] DEBUG: Fetching details: https://www.kleinanzeigen.de/s-anzeige/canon-580-581-druckerpatronen-in-farbe-und-in-schwarz/3239768057-225-1007
[2025-11-09 18:10:46,382] INFO: Product saved: Canon 580/581 Druckerpatronen in Farbe und in schw...
[2025-11-09 18:10:46,383] DEBUG: Fetching details: https://www.kleinanzeigen.de/s-anzeige/2x-canon-pg-512-druckerpatronen-schwarz/3239751012-225-4255
[2025-11-09 18:10:48,897] INFO: Product saved: 2x Canon PG-512 Druckerpatronen schwarz...
[2025-11-09 18:10:48,899] DEBUG: Fetching details: https://www.kleinanzeigen.de/s-anzeige/druckerpatronen-canon-540xl-541xl-neu-und-originalverpackt/3239730587-225-6080
[2025-11-09 18:10:51,853] INFO: Product saved: Druckerpatronen Canon 540XL / 541XL neu und origin...
[2025-11-09 18:10:51,858] DEBUG: Fetching details: https://www.kleinanzeigen.de/s-anzeige/canon-540-xl-schwarz-druckerpatronen-tintenpatronen-kompatibel/3239717827-225-9518
[2025-11-09 18:10:54,378] INFO: Product saved: Canon 540 XL schwarz Druckerpatronen Tintenpatrone...
[2025-11-09 18:10:54,380] DEBUG: Fetching details: https://www.kleinanzeigen.de/s-anzeige/canon-pixma-druckerpatronen-525-schwarz-und-526-bunt-/3239715272-225-7981
[2025-11-09 18:10:57,248] INFO: Product saved: Canon PIXMA Druckerpatronen 525 (schwarz) und 526 ...
[2025-11-09 18:10:57,251] DEBUG: Fetching details: https://www.kleinanzeigen.de/s-anzeige/canon-545-xl-546-xl-druckerpatronen-tintenpatronen-kompatibel/3239714827-225-9518
[2025-11-09 18:10:59,363] INFO: Product saved: Canon 545 XL 546 XL Druckerpatronen Tintenpatronen...
[2025-11-09 18:10:59,365] DEBUG: Fetching details: https://www.kleinanzeigen.de/s-anzeige/druckerpatronen-fuer-canon-11st-/3239713126-225-2074
[2025-11-09 18:11:02,840] INFO: Product saved: Druckerpatronen für Canon 11St....
[2025-11-09 18:11:02,842] DEBUG: Fetching details: https://www.kleinanzeigen.de/s-anzeige/druckerpatronen-fuer-canon/3239708969-225-3810
[2025-11-09 18:11:05,400] INFO: Product saved: Druckerpatronen für Canon...
[2025-11-09 18:11:05,401] DEBUG: Fetching details: https://www.kleinanzeigen.de/s-anzeige/druckerpatronen-fuer-canon/3239643467-225-2303
[2025-11-09 18:11:08,175] INFO: Product saved: Druckerpatronen für Canon...
[2025-11-09 18:11:08,178] ERROR: Ad parse error: can only concatenate str (not "NoneType") to str
[2025-11-09 18:11:08,180] DEBUG: Fetching details: https://www.kleinanzeigen.de/s-anzeige/canon-druckerpatronen-original-verpackt-cli-8m-y-c-5/3239555091-225-1522
[2025-11-09 18:11:11,176] INFO: Product saved: Canon Druckerpatronen Original verpackt CLI-8M-Y-C...
[2025-11-09 18:11:11,179] DEBUG: Fetching details: https://www.kleinanzeigen.de/s-anzeige/d-c-druckerpatronen-fuer-canon-drucker-tintenpatronen/3239539705-225-1889
[2025-11-09 18:11:13,634] INFO: Product saved: D&C Druckerpatronen für Canon Drucker Tintenpatron...
[2025-11-09 18:11:13,636] DEBUG: Fetching details: https://www.kleinanzeigen.de/s-anzeige/druckerpatronen-kompatibel-fuer-canon-pixma/3239527902-225-7138
[2025-11-09 18:11:15,700] INFO: Product saved: Druckerpatronen Kompatibel für Canon Pixma...
[2025-11-09 18:11:15,704] DEBUG: Fetching details: https://www.kleinanzeigen.de/s-anzeige/2-stueck-neue-originale-canon-druckerpatronen-571-bk-schwarz-/3239489066-225-3364
[2025-11-09 18:11:18,079] INFO: Product saved: 2 Stück neue originale Canon Druckerpatronen 571 (...
[2025-11-09 18:11:18,082] ERROR: Ad parse error: can only concatenate str (not "NoneType") to str
[2025-11-09 18:11:18,084] DEBUG: Fetching details: https://www.kleinanzeigen.de/s-anzeige/druckerpatronen-multipack-canon-pg-40-cl-41-schwarz-farbig-28-ml/3239354325-225-4164
[2025-11-09 18:11:20,916] INFO: Product saved: Druckerpatronen MultiPack Canon PG-40+CL-41 schwar...
[2025-11-09 18:11:20,918] DEBUG: Fetching details: https://www.kleinanzeigen.de/s-anzeige/10-druckerpatronen-kompatibel-fuer-canon-pixma/3239257562-225-1125
[2025-11-09 18:11:24,606] INFO: Product saved: 10 Druckerpatronen kompatibel für Canon Pixma...
[2025-11-09 18:11:24,608] DEBUG: Fetching details: https://www.kleinanzeigen.de/s-anzeige/druckerpatronen-fuer-canon-xp-452-455-serie-gegen-eine-kleinigkeit/3239166472-225-5968
[2025-11-09 18:11:28,641] INFO: Product saved: Druckerpatronen für Canon XP-452 455 Serie gegen e...
[2025-11-09 18:11:28,651] DEBUG: Fetching details: https://www.kleinanzeigen.de/s-anzeige/druckerpatronen-fuer-canon-prixma/3239134166-225-4057
[2025-11-09 18:11:32,651] INFO: Product saved: Druckerpatronen für Canon Prixma...
[2025-11-09 18:11:32,663] DEBUG: Fetching details: https://www.kleinanzeigen.de/s-anzeige/druckerpatronen-canon/3239101899-225-2862
[2025-11-09 18:11:35,283] INFO: Product saved: Druckerpatronen Canon...
[2025-11-09 18:11:35,285] DEBUG: Fetching details: https://www.kleinanzeigen.de/s-anzeige/druckerpatronen-canon-mp550/3239086367-225-7328
[2025-11-09 18:11:39,499] INFO: Product saved: Druckerpatronen Canon MP550...
[2025-11-09 18:11:39,500] DEBUG: Fetching details: https://www.kleinanzeigen.de/s-anzeige/-10-druckerpatronen-571xl-cgi-571-xl-fuer-canon-ts8050-u-a-/3239055184-225-4754
[2025-11-09 18:11:41,813] INFO: Product saved: ⭐⭐⭐ 10 Druckerpatronen 571XL (CGI-571 XL) für Cano...
[2025-11-09 18:11:41,814] DEBUG: Fetching details: https://www.kleinanzeigen.de/s-anzeige/canon-druckerpatronen-original-verpackung-/3238998097-225-8255
[2025-11-09 18:11:43,487] INFO: Product saved: Canon Druckerpatronen (original Verpackung)...
[2025-11-09 18:11:43,488] DEBUG: Fetching details: https://www.kleinanzeigen.de/s-anzeige/original-druckerpatronen-canon-mp-280pixma-510-black/3238983702-225-1732
[2025-11-09 18:11:45,478] INFO: Product saved: original Druckerpatronen Canon MP 280pixma 510 bla...
[2025-11-09 18:11:45,479] DEBUG: Fetching details: https://www.kleinanzeigen.de/s-anzeige/canon-druckerpatronen-pgi-550-cli-551-34-st-ip7250-mg-5400etc/3238965507-225-9212
[2025-11-09 18:11:47,706] INFO: Product saved: Canon Druckerpatronen PGI-550/CLI-551 * 34 St. IP7...
[2025-11-09 18:11:48,710] DEBUG: Loading page 5: https://www.kleinanzeigen.de/s-seite:5/Druckerpatrone-Canon/k0
[2025-11-09 18:11:52,142] DEBUG: Found 25 product in the page: 5
[2025-11-09 18:11:52,144] DEBUG: Fetching details: https://www.kleinanzeigen.de/s-anzeige/druckerpatronen-canon-pixma/3238957151-225-19404
[2025-11-09 18:11:55,114] INFO: Product saved: Druckerpatronen Canon Pixma...
[2025-11-09 18:11:55,117] DEBUG: Fetching details: https://www.kleinanzeigen.de/s-anzeige/5x-druckerpatrone-fuer-canon-komp-mit-pg-525-schwarz/3238956351-225-14101
[2025-11-09 18:11:57,135] INFO: Product saved: 5x Druckerpatrone für Canon (Komp. mit PG 525) sch...
[2025-11-09 18:11:57,137] DEBUG: Fetching details: https://www.kleinanzeigen.de/s-anzeige/bubprint-druckerpatronen-fuer-canon-pixma-ip/3238884513-225-4763
[2025-11-09 18:11:59,717] INFO: Product saved: Bubprint Druckerpatronen für Canon Pixma IP...
[2025-11-09 18:11:59,719] DEBUG: Fetching details: https://www.kleinanzeigen.de/s-anzeige/canon-716-original-druckerpatronen-schwarz-cyan-magenta-gelb/3238825630-225-3258
[2025-11-09 18:12:02,770] INFO: Product saved: Canon 716 Original Druckerpatronen schwarz cyan ma...
[2025-11-09 18:12:02,773] DEBUG: Fetching details: https://www.kleinanzeigen.de/s-anzeige/druckerpatronen-canon-570-71-kostenl-versand/3238814113-225-15769
[2025-11-09 18:12:04,699] INFO: Product saved: Druckerpatronen Canon 570/71 kostenl. Versand...
[2025-11-09 18:12:04,700] DEBUG: Fetching details: https://www.kleinanzeigen.de/s-anzeige/canon-multipack-druckerpatronen-set/3238757741-225-5191
[2025-11-09 18:12:06,764] INFO: Product saved: Canon Multipack Druckerpatronen Set...
[2025-11-09 18:12:06,766] DEBUG: Fetching details: https://www.kleinanzeigen.de/s-anzeige/26-canon-druckerpatronen-komp-zu-cli-526/3238735403-225-1974
[2025-11-09 18:12:08,965] INFO: Product saved: 26 Canon Druckerpatronen komp. zu CLI 526...
[2025-11-09 18:12:08,965] ERROR: Ad parse error: can only concatenate str (not "NoneType") to str
[2025-11-09 18:12:08,967] DEBUG: Fetching details: https://www.kleinanzeigen.de/s-anzeige/druckerpatronen-fuer-canon-drucker-gem-aufdruck/3238672402-225-922
[2025-11-09 18:12:11,574] INFO: Product saved: Druckerpatronen für Canon Drucker gem. Aufdruck...
[2025-11-09 18:12:11,575] DEBUG: Fetching details: https://www.kleinanzeigen.de/s-anzeige/canon-pixma-druckerpatrone-576-color/3238645730-225-4727
[2025-11-09 18:12:13,381] INFO: Product saved: Canon PIXMA Druckerpatrone 576 Color...
[2025-11-09 18:12:13,383] DEBUG: Fetching details: https://www.kleinanzeigen.de/s-anzeige/3-leere-druckerpatronen-canon-hp-/3238612503-225-353
[2025-11-09 18:12:16,775] INFO: Product saved: 3 Leere Druckerpatronen (Canon HP)...
[2025-11-09 18:12:16,778] DEBUG: Fetching details: https://www.kleinanzeigen.de/s-anzeige/druckerpatronen-6x-fuer-canon-pixma-ip-mp-mx/3238609304-225-1158
[2025-11-09 18:12:19,993] INFO: Product saved: Druckerpatronen 6x für Canon PIXMA IP MP MX...
[2025-11-09 18:12:20,003] DEBUG: Fetching details: https://www.kleinanzeigen.de/s-anzeige/druckerpatronen-canon-gelb-schwarz-magenta/3238589905-225-150
[2025-11-09 18:12:24,207] INFO: Product saved: Druckerpatronen Canon gelb schwarz magenta...
[2025-11-09 18:12:24,212] DEBUG: Fetching details: https://www.kleinanzeigen.de/s-anzeige/druckerpatronen-canon-c550-551-xl/3238512363-225-1100
[2025-11-09 18:12:27,698] INFO: Product saved: Druckerpatronen Canon C550 / 551 XL...
[2025-11-09 18:12:27,700] DEBUG: Fetching details: https://www.kleinanzeigen.de/s-anzeige/wegen-druckerwechsel-druckerpatronen-fuer-canon-pixma-ip-mp-mx/3238504383-225-3731
[2025-11-09 18:12:30,651] INFO: Product saved: Wegen Druckerwechsel Druckerpatronen für Canon Pix...
[2025-11-09 18:12:30,653] DEBUG: Fetching details: https://www.kleinanzeigen.de/s-anzeige/druckerpatronen-multipack-canon-mx925/3238497617-225-1101
[2025-11-09 18:12:33,708] INFO: Product saved: DRUCKERPATRONEN Multipack Canon Mx925...
[2025-11-09 18:12:33,710] DEBUG: Fetching details: https://www.kleinanzeigen.de/s-anzeige/kompatible-druckerpatronen-konvolut-550xl-551xl-fuer-canon/3238488603-225-25427
[2025-11-09 18:12:36,121] INFO: Product saved: Kompatible Druckerpatronen-Konvolut 550XL/551XL *f...
[2025-11-09 18:12:36,122] DEBUG: Fetching details: https://www.kleinanzeigen.de/s-anzeige/pureink-druckerpatrone-canon-pg540xl-cl541xl-multipack/3238473129-225-19904
[2025-11-09 18:12:39,030] INFO: Product saved: PureInk Druckerpatrone Canon PG540XL/CL541XL Multi...
[2025-11-09 18:12:39,036] DEBUG: Fetching details: https://www.kleinanzeigen.de/s-anzeige/druckerpatronen-525-und-526-u-a-fuer-canon-pixma/3238463403-225-5589
[2025-11-09 18:12:40,960] INFO: Product saved: Druckerpatronen 525 und 526 u.a. für Canon Pixma...
[2025-11-09 18:12:40,961] DEBUG: Fetching details: https://www.kleinanzeigen.de/s-anzeige/3x-original-canon-druckerpatronen/3238449183-225-4719
[2025-11-09 18:12:43,199] INFO: Product saved: 3x original Canon Druckerpatronen...
[2025-11-09 18:12:43,200] DEBUG: Fetching details: https://www.kleinanzeigen.de/s-anzeige/druckerpatronen-canon-bci-10-schwarz-und-bci-11-farbe-/3238425240-225-1170
[2025-11-09 18:12:45,240] INFO: Product saved: Druckerpatronen Canon BCI-10 (schwarz) und BCI-11 ...
[2025-11-09 18:12:45,241] DEBUG: Fetching details: https://www.kleinanzeigen.de/s-anzeige/druckerpatronen-kompatibel-canon/3238377989-225-13234
[2025-11-09 18:12:47,089] INFO: Product saved: Druckerpatronen kompatibel Canon...
[2025-11-09 18:12:47,091] ERROR: Ad parse error: can only concatenate str (not "NoneType") to str
[2025-11-09 18:12:47,093] DEBUG: Fetching details: https://www.kleinanzeigen.de/s-anzeige/druckerpatronen-fuer-drucker-von-canon-pixma-5250/3238347854-225-4684
[2025-11-09 18:12:49,327] INFO: Product saved: Druckerpatronen für Drucker von Canon PIXMA 5250...
[2025-11-09 18:12:49,328] DEBUG: Fetching details: https://www.kleinanzeigen.de/s-anzeige/canon-druckerpatronen-pixma-520-521-neu/3238300144-225-1791
[2025-11-09 18:12:51,344] INFO: Product saved: Canon Druckerpatronen Pixma  520/521  Neu...
[2025-11-09 18:12:52,344] DEBUG: Loading page 6: https://www.kleinanzeigen.de/s-seite:6/Druckerpatrone-Canon/k0
[2025-11-09 18:12:54,354] DEBUG: Found 25 product in the page: 6
[2025-11-09 18:12:54,355] DEBUG: Fetching details: https://www.kleinanzeigen.de/s-anzeige/canon-druckerpatrone-cli-36-chromalife-100-pack-mit-100-blatt/3238283607-225-21142
[2025-11-09 18:12:56,097] INFO: Product saved: Canon Druckerpatrone CLI-36 „ChromaLife 100 Pack“ ...
[2025-11-09 18:12:56,099] DEBUG: Fetching details: https://www.kleinanzeigen.de/s-anzeige/canon-druckerpatronen-multipack-blau-magenta-gelb/3238274463-225-8203
[2025-11-09 18:12:57,986] INFO: Product saved: Canon Druckerpatronen Multipack blau magenta gelb...
[2025-11-09 18:12:57,988] DEBUG: Fetching details: https://www.kleinanzeigen.de/s-anzeige/logic-seek-druckerpatronen-fuer-canon-drucker/3238262334-225-2418
[2025-11-09 18:13:00,820] INFO: Product saved: Logic- Seek-Druckerpatronen für Canon Drucker...
[2025-11-09 18:13:00,824] DEBUG: Fetching details: https://www.kleinanzeigen.de/s-anzeige/druckerpatronen-kompatibel-canon-pixma-ts8050-u-a-/3238247738-225-20581
[2025-11-09 18:13:04,817] INFO: Product saved: Druckerpatronen Kompatibel Canon Pixma TS8050 u. a...
[2025-11-09 18:13:04,819] DEBUG: Fetching details: https://www.kleinanzeigen.de/s-anzeige/canon-pixmar-mx475-unbenutzte-druckerpatrone-schwarz/3238235574-225-5067
[2025-11-09 18:13:08,992] INFO: Product saved: Canon Pixmar mx475 + unbenutzte Druckerpatrone sch...
[2025-11-09 18:13:08,994] DEBUG: Fetching details: https://www.kleinanzeigen.de/s-anzeige/canon-druckerpatronen-581-xl-multipack-mit-fotopapier/3238108083-225-1176
[2025-11-09 18:13:11,242] INFO: Product saved: CANON Druckerpatronen 581 XL Multipack mit Fotopap...
[2025-11-09 18:13:11,244] DEBUG: Fetching details: https://www.kleinanzeigen.de/s-anzeige/druckerpatronen-cli-521-neu-bk-y-patronen-drucker-canon/3238105211-225-7357
[2025-11-09 18:13:13,931] INFO: Product saved: Druckerpatronen CLI 521 Neu BK Y Patronen Drucker ...
[2025-11-09 18:13:13,933] DEBUG: Fetching details: https://www.kleinanzeigen.de/s-anzeige/druckerpatronen-canon-cli-551/3238032690-225-26506
[2025-11-09 18:13:16,076] INFO: Product saved: Druckerpatronen Canon Cli-551...
[2025-11-09 18:13:16,077] DEBUG: Fetching details: https://www.kleinanzeigen.de/s-anzeige/druckerpatronen-fuer-canon/3237956446-225-9353
[2025-11-09 18:13:18,021] INFO: Product saved: Druckerpatronen für Canon...
[2025-11-09 18:13:18,025] DEBUG: Fetching details: https://www.kleinanzeigen.de/s-anzeige/canon-druckerpatronen-pg-40-cl-41-mcvp-multipack/3237946140-225-1908
[2025-11-09 18:13:21,364] INFO: Product saved: Canon Druckerpatronen PG-40+CL-41 MCVP Multipack...
[2025-11-09 18:13:21,374] DEBUG: Fetching details: https://www.kleinanzeigen.de/s-anzeige/druckerpatronen-canon-pixma/3237931733-225-8639
[2025-11-09 18:13:23,488] INFO: Product saved: Druckerpatronen Canon Pixma...
[2025-11-09 18:13:23,499] DEBUG: Fetching details: https://www.kleinanzeigen.de/s-anzeige/druckerpatronen-cli-526-pgi-525-canon-pixma-nicht-original/3237925069-225-5919
[2025-11-09 18:13:26,376] INFO: Product saved: Druckerpatronen  CLI 526 PGI 525 Canon Pixma nicht...
[2025-11-09 18:13:26,378] DEBUG: Fetching details: https://www.kleinanzeigen.de/s-anzeige/druckerpatronen-bubprint-7-stueck-fuer-canon-pgi550-cli551-neu-ovp/3237899858-225-4561
[2025-11-09 18:13:28,665] INFO: Product saved: Druckerpatronen Bubprint 7 Stück für Canon PGI550 ...
[2025-11-09 18:13:28,667] DEBUG: Fetching details: https://www.kleinanzeigen.de/s-anzeige/8-x-druckerpatronen-pgi-550-und-cli-551-fuer-canon/3237893921-225-6812
[2025-11-09 18:13:31,064] INFO: Product saved: 8 x Druckerpatronen PGI-550 und CLI-551  für Canon...
[2025-11-09 18:13:31,066] DEBUG: Fetching details: https://www.kleinanzeigen.de/s-anzeige/canon-druckerpatronen/3237867447-225-392
[2025-11-09 18:13:33,364] INFO: Product saved: Canon Druckerpatronen...
[2025-11-09 18:13:33,373] DEBUG: Fetching details: https://www.kleinanzeigen.de/s-anzeige/29-canon-druckerpatronen/3237862210-225-1091
[2025-11-09 18:13:36,949] INFO: Product saved: 29 Canon Druckerpatronen...
[2025-11-09 18:13:36,951] ERROR: Ad parse error: can only concatenate str (not "NoneType") to str
[2025-11-09 18:13:36,956] DEBUG: Fetching details: https://www.kleinanzeigen.de/s-anzeige/druckerpatronen-fuer-canon-cli-520-521-neuwertig/3237800505-225-6654
[2025-11-09 18:13:39,117] INFO: Product saved: Druckerpatronen für Canon CLI 520/521 NEUWERTIG...
[2025-11-09 18:13:39,127] DEBUG: Fetching details: https://www.kleinanzeigen.de/s-anzeige/canon-druckerpatrone-545-xl-black-und-546-xl-color/3237703974-225-20208
[2025-11-09 18:13:41,559] INFO: Product saved: Canon Druckerpatrone 545 XL Black und 546 XL Color...
[2025-11-09 18:13:41,572] DEBUG: Fetching details: https://www.kleinanzeigen.de/s-anzeige/neu-druckerpatrone-canon-pg-240-xlbkw/3237671194-225-9462
[2025-11-09 18:13:44,071] INFO: Product saved: NEU Druckerpatrone Canon PG-240 XLBKw...
[2025-11-09 18:13:44,076] DEBUG: Fetching details: https://www.kleinanzeigen.de/s-anzeige/druckerpatronen-canon/3237610271-225-5951
[2025-11-09 18:13:46,972] INFO: Product saved: Druckerpatronen Canon...
[2025-11-09 18:13:46,974] DEBUG: Fetching details: https://www.kleinanzeigen.de/s-anzeige/neu-druckerpatronen-canon-mx-925/3237584385-225-20082
[2025-11-09 18:13:49,321] INFO: Product saved: NEU - Druckerpatronen Canon MX 925...
[2025-11-09 18:13:49,323] DEBUG: Fetching details: https://www.kleinanzeigen.de/s-anzeige/druckerpatronen-multipack-fuer-canon-drucker-z-b-ip4900-neu/3237582419-225-1023
[2025-11-09 18:13:51,970] INFO: Product saved: Druckerpatronen Multipack für CANON DRUCKER z.B. i...
[2025-11-09 18:13:51,973] DEBUG: Fetching details: https://www.kleinanzeigen.de/s-anzeige/druckerpatrone-von-canon-fuer-canon-pixma-drucker/3237552989-225-9012
[2025-11-09 18:13:54,383] INFO: Product saved: Druckerpatrone von Canon für Canon Pixma Drucker...
[2025-11-09 18:13:54,386] DEBUG: Fetching details: https://www.kleinanzeigen.de/s-anzeige/vvqv-canon-pg-540xl-cl-541xl-druckerpatrone-neu-2er-pack/3237552376-225-1824
[2025-11-09 18:13:56,495] INFO: Product saved: VVQV Canon PG‑540XL + CL‑541XL Druckerpatrone – NE...
[2025-11-09 18:13:57,496] DEBUG: Loading page 7: https://www.kleinanzeigen.de/s-seite:7/Druckerpatrone-Canon/k0
[2025-11-09 18:14:00,679] DEBUG: Found 25 product in the page: 7
[2025-11-09 18:14:00,691] DEBUG: Fetching details: https://www.kleinanzeigen.de/s-anzeige/vvqv-canon-pg-540xl-cl-541xl-druckerpatrone-neu-2er-pack/3237552376-225-1824
[2025-11-09 18:14:03,312] INFO: Product saved: VVQV Canon PG‑540XL + CL‑541XL Druckerpatrone – NE...
[2025-11-09 18:14:03,317] DEBUG: Fetching details: https://www.kleinanzeigen.de/s-anzeige/canpick-canon-pg-540xl-cl-541xl-druckerpatronen-neu-2er-pack/3237550870-225-1824
[2025-11-09 18:14:05,401] INFO: Product saved: CanPick Canon PG‑540XL+CL‑541XL Druckerpatronen – ...
[2025-11-09 18:14:05,404] DEBUG: Fetching details: https://www.kleinanzeigen.de/s-anzeige/druckerpatrone-von-digital-revolution-fuer-canon-pixma-drucker/3237546688-225-9012
[2025-11-09 18:14:07,776] INFO: Product saved: Druckerpatrone von Digital Revolution für Canon Pi...
[2025-11-09 18:14:07,778] DEBUG: Fetching details: https://www.kleinanzeigen.de/s-anzeige/canon-cp-2500xl-druckerpatronen-neu/3237504367-225-7700
[2025-11-09 18:14:10,007] INFO: Product saved: Canon CP-2500XL Druckerpatronen NEU...
[2025-11-09 18:14:10,008] DEBUG: Fetching details: https://www.kleinanzeigen.de/s-anzeige/-neu-tintenpatronen-druckerpatronen-canon-550-551/3237499229-225-6147
[2025-11-09 18:14:13,453] INFO: Product saved: *neu* Tintenpatronen / Druckerpatronen Canon 550/5...
[2025-11-09 18:14:13,457] ERROR: Ad parse error: can only concatenate str (not "NoneType") to str
[2025-11-09 18:14:13,467] DEBUG: Fetching details: https://www.kleinanzeigen.de/s-anzeige/-schnaeppchen-4-drucker-patronen-canon-pixma-551-bzw-550-/3237397792-225-5753
[2025-11-09 18:14:15,826] INFO: Product saved: ☀ Schnäppchen: 4 Drucker-Patronen Canon Pixma 551 ...
[2025-11-09 18:14:15,828] DEBUG: Fetching details: https://www.kleinanzeigen.de/s-anzeige/7-druckerpatronen-fuer-canon-pixma-u-ae-/3237333631-225-9449
[2025-11-09 18:14:18,267] INFO: Product saved: 7 Druckerpatronen für Canon Pixma u.ä....
[2025-11-09 18:14:18,268] DEBUG: Fetching details: https://www.kleinanzeigen.de/s-anzeige/druckerpatrone-canon-pixma-xl-571-bl-xl-schwarz-neu/3237331255-225-9505
[2025-11-09 18:14:20,856] INFO: Product saved: Druckerpatrone Canon PIXMA XL 571 BL XL schwarz NE...
[2025-11-09 18:14:20,858] DEBUG: Fetching details: https://www.kleinanzeigen.de/s-anzeige/druckerpatronen-canon-xl/3237279544-225-3043
[2025-11-09 18:14:23,964] INFO: Product saved: Druckerpatronen Canon XL...
[2025-11-09 18:14:23,966] DEBUG: Fetching details: https://www.kleinanzeigen.de/s-anzeige/druckerpatronen-canon-pixma-mg-und-ts-passend/3237239793-225-20334
[2025-11-09 18:14:26,884] INFO: Product saved: Druckerpatronen Canon pixma MG  und TS passend...
[2025-11-09 18:14:26,889] DEBUG: Fetching details: https://www.kleinanzeigen.de/s-anzeige/verkaufe-druckerpatrone-pg545xl-schwarz-fuer-canon-pixma/3237202865-225-4601
[2025-11-09 18:14:29,526] INFO: Product saved: Verkaufe Druckerpatrone PG545XL Schwarz für Canon ...
[2025-11-09 18:14:29,527] DEBUG: Fetching details: https://www.kleinanzeigen.de/s-anzeige/canon-druckerpatronen-551-xl-3-st-2-st-sw-originalverpackt/3237206949-225-8892
[2025-11-09 18:14:32,073] INFO: Product saved: CANON Druckerpatronen 551 XL (3 St.) + 2 St. sw OR...
[2025-11-09 18:14:32,076] DEBUG: Fetching details: https://www.kleinanzeigen.de/s-anzeige/54-druckerpatronen-fuer-canon-drucker/3237154630-225-1757
[2025-11-09 18:14:35,633] INFO: Product saved: 54 Druckerpatronen  für Canon Drucker...
[2025-11-09 18:14:35,635] DEBUG: Fetching details: https://www.kleinanzeigen.de/s-anzeige/11-druckerpatronen-fuer-canon-520-521-mp540-mp540x-mp550-etc-/3237083011-225-9269
[2025-11-09 18:14:38,069] INFO: Product saved: 11 Druckerpatronen für Canon 520 521 MP540 MP540x ...
[2025-11-09 18:14:38,070] DEBUG: Fetching details: https://www.kleinanzeigen.de/s-anzeige/druckerpatronen-canon-pixma/3237064952-225-7114
[2025-11-09 18:14:40,661] INFO: Product saved: Druckerpatronen Canon PIXMA...
[2025-11-09 18:14:40,663] DEBUG: Fetching details: https://www.kleinanzeigen.de/s-anzeige/canon-druckerpatrone-bc-20-3mal-schwarz-neu-ovp-np90-/3237059156-225-1718
[2025-11-09 18:14:43,224] INFO: Product saved: Canon Druckerpatrone BC-20 3mal schwarz NEU OVP NP...
[2025-11-09 18:14:43,228] DEBUG: Fetching details: https://www.kleinanzeigen.de/s-anzeige/druckerpatronen-fuer-den-drucker-canon-mg-6450/3237040038-225-1986
[2025-11-09 18:14:45,842] INFO: Product saved: Druckerpatronen für den Drucker Canon MG 6450...
[2025-11-09 18:14:45,843] DEBUG: Fetching details: https://www.kleinanzeigen.de/s-anzeige/15er-570-571-druckerpatrone-kompatibel-canon-druck-ink-tank/3237007095-225-9196
[2025-11-09 18:14:48,561] INFO: Product saved: 15er 570 - 571 Druckerpatrone kompatibel Canon Dru...
[2025-11-09 18:14:48,562] ERROR: Ad parse error: can only concatenate str (not "NoneType") to str
[2025-11-09 18:14:48,569] DEBUG: Fetching details: https://www.kleinanzeigen.de/s-anzeige/druckerpatronen-canon/3236957014-225-877
[2025-11-09 18:14:50,810] INFO: Product saved: Druckerpatronen Canon...
[2025-11-09 18:14:50,814] DEBUG: Fetching details: https://www.kleinanzeigen.de/s-anzeige/83-kompatible-canon-druckerpatronen-570-571-alle-farben/3236950715-225-9219
[2025-11-09 18:14:54,605] INFO: Product saved: 83 kompatible Canon Druckerpatronen 570/571 alle F...
[2025-11-09 18:14:54,632] DEBUG: Fetching details: https://www.kleinanzeigen.de/s-anzeige/3-druckerpatronen-canon-mp550-schwarz-neu/3236918208-225-18683
[2025-11-09 18:14:57,438] INFO: Product saved: 3 Druckerpatronen Canon MP550 schwarz neu...
[2025-11-09 18:14:57,440] DEBUG: Fetching details: https://www.kleinanzeigen.de/s-anzeige/druckerpatronen-fuer-canon-ts5000-und-gleiche-modelle/3236812301-225-9042
[2025-11-09 18:14:59,784] INFO: Product saved: Druckerpatronen für Canon TS5000 und gleiche Model...
[2025-11-09 18:14:59,787] DEBUG: Fetching details: https://www.kleinanzeigen.de/s-anzeige/druckerpatronen-canon/3236787990-225-8561
[2025-11-09 18:15:02,101] INFO: Product saved: Druckerpatronen Canon...
[2025-11-09 18:15:03,103] DEBUG: Loading page 8: https://www.kleinanzeigen.de/s-seite:8/Druckerpatrone-Canon/k0
[2025-11-09 18:15:06,131] DEBUG: Found 25 product in the page: 8
[2025-11-09 18:15:06,133] DEBUG: Fetching details: https://www.kleinanzeigen.de/s-anzeige/druckerpatronen-canon-maxify-2500xl/3236751754-225-2180
[2025-11-09 18:15:09,763] INFO: Product saved: Druckerpatronen Canon Maxify 2500XL...
[2025-11-09 18:15:09,766] DEBUG: Fetching details: https://www.kleinanzeigen.de/s-anzeige/canon-pixma-mx925-gebraucht-defekt-24x-druckerpatronen/3236737557-225-9513
[2025-11-09 18:15:12,075] INFO: Product saved: Canon PIXMA MX925 gebraucht - defekt - 24x Drucker...
[2025-11-09 18:15:12,077] DEBUG: Fetching details: https://www.kleinanzeigen.de/s-anzeige/druckerpatronen-canon-5-/3236726626-225-13372
[2025-11-09 18:15:16,493] INFO: Product saved: Druckerpatronen Canon 5€...
[2025-11-09 18:15:16,494] DEBUG: Fetching details: https://www.kleinanzeigen.de/s-anzeige/canon-original-pixma-cli-571-xl-druckerpatrone-ungeoeffnet/3236674953-225-6686
[2025-11-09 18:15:19,021] INFO: Product saved: CANON Original Pixma CLI 571 XL Druckerpatrone ung...
[2025-11-09 18:15:19,023] DEBUG: Fetching details: https://www.kleinanzeigen.de/s-anzeige/druckerpatronen-canon/3236641571-225-7529
[2025-11-09 18:15:23,100] INFO: Product saved: Druckerpatronen Canon...
[2025-11-09 18:15:23,101] DEBUG: Fetching details: https://www.kleinanzeigen.de/s-anzeige/14-canon-ip-druckerpatronen-cli526/3236621425-225-8308
[2025-11-09 18:15:25,749] INFO: Product saved: 14 Canon iP Druckerpatronen CLI526...
[2025-11-09 18:15:25,750] DEBUG: Fetching details: https://www.kleinanzeigen.de/s-anzeige/druckerpatronen-canon-drucker/3236602947-225-2417
[2025-11-09 18:15:28,252] INFO: Product saved: Druckerpatronen Canon Drucker...
[2025-11-09 18:15:28,257] DEBUG: Fetching details: https://www.kleinanzeigen.de/s-anzeige/original-druckerpatrone-canon-pg-40/3236567633-225-7061
[2025-11-09 18:15:31,660] INFO: Product saved: Original  Druckerpatrone Canon PG-40...
[2025-11-09 18:15:31,661] DEBUG: Fetching details: https://www.kleinanzeigen.de/s-anzeige/canon-druckerpatronen/3236538523-225-15771
[2025-11-09 18:15:33,864] INFO: Product saved: Canon Druckerpatronen...
[2025-11-09 18:15:33,868] DEBUG: Fetching details: https://www.kleinanzeigen.de/s-anzeige/original-canon-pixma-druckerpatrone-cli-581-581-bk/3236506293-225-1218
[2025-11-09 18:15:37,138] INFO: Product saved: Original Canon Pixma Druckerpatrone CLI-581 581 BK...
[2025-11-09 18:15:37,140] DEBUG: Fetching details: https://www.kleinanzeigen.de/s-anzeige/druckerpatronen-kompatibel-mit-canon-pixima-ts/3236465735-225-1831
[2025-11-09 18:15:39,861] INFO: Product saved: Druckerpatronen kompatibel mit Canon Pixima TS...
[2025-11-09 18:15:39,863] DEBUG: Fetching details: https://www.kleinanzeigen.de/s-anzeige/druckerpatronen-kompatibel-fuer-canon-520-521/3236445324-225-1550
[2025-11-09 18:15:42,000] INFO: Product saved: Druckerpatronen kompatibel für Canon 520 / 521...
[2025-11-09 18:15:42,002] DEBUG: Fetching details: https://www.kleinanzeigen.de/s-anzeige/original-canon-druckerpatrone-pgi-555-pgbk-xxl/3236430939-225-8865
[2025-11-09 18:15:44,622] INFO: Product saved: Original Canon Druckerpatrone PGI 555 PGBK XXL...
[2025-11-09 18:15:44,624] DEBUG: Fetching details: https://www.kleinanzeigen.de/s-anzeige/druckerpatronen-canon-pixma-ts-5055/3236409517-225-8699
[2025-11-09 18:15:48,121] INFO: Product saved: Druckerpatronen Canon pixma TS 5055...
[2025-11-09 18:15:48,128] DEBUG: Fetching details: https://www.kleinanzeigen.de/s-anzeige/druckerpatronen-fuer-canon-pixma-und-andere/3236368380-225-4653
[2025-11-09 18:15:51,094] INFO: Product saved: Druckerpatronen für Canon Pixma und andere...
[2025-11-09 18:15:51,095] DEBUG: Fetching details: https://www.kleinanzeigen.de/s-anzeige/druckerpatronen-fuer-canon-pixma-640/3236350314-225-7982
[2025-11-09 18:15:53,207] INFO: Product saved: Druckerpatronen für Canon Pixma 640...
[2025-11-09 18:15:53,211] DEBUG: Fetching details: https://www.kleinanzeigen.de/s-anzeige/canon-drucker-pixma-o-ae-druckerpatronen-neu-u-ovp-26stueck-alle-f/3236327162-18-4828
[2025-11-09 18:15:56,394] INFO: Product saved: Canon Drucker PIXMA o.ä. Druckerpatronen neu u.OVP...
[2025-11-09 18:15:56,396] DEBUG: Fetching details: https://www.kleinanzeigen.de/s-anzeige/12x-druckerpatronen-canon-c551-2x-c550xl-1x-c555-xxl-neu/3236323630-225-4954
[2025-11-09 18:15:58,588] INFO: Product saved: 12x Druckerpatronen Canon C551 2x C550XL 1x C555 X...
[2025-11-09 18:15:58,593] DEBUG: Fetching details: https://www.kleinanzeigen.de/s-anzeige/druckerpatronen-canon-545-schwarz-xl-und-546-color-xl-/3236291681-93-989
[2025-11-09 18:16:00,990] INFO: Product saved: Druckerpatronen Canon 545 (schwarz Xl) und 546 (Co...
[2025-11-09 18:16:00,992] DEBUG: Fetching details: https://www.kleinanzeigen.de/s-anzeige/diverse-alternative-canon-druckerpatronen-cli-550-551/3236253553-225-5422
[2025-11-09 18:16:03,471] INFO: Product saved: Diverse Alternative Canon Druckerpatronen  CLI -55...
[2025-11-09 18:16:03,473] DEBUG: Fetching details: https://www.kleinanzeigen.de/s-anzeige/120-x-cp-525-black-druckerpatrone-fuer-canon-pgi-525bk/3236229664-225-7904
[2025-11-09 18:16:06,398] INFO: Product saved: 120 x CP-525 Black Druckerpatrone  für Canon PGI-5...
[2025-11-09 18:16:06,400] DEBUG: Fetching details: https://www.kleinanzeigen.de/s-anzeige/druckerpatronen-canon-570-571-kompatibel/3236215053-225-1676
[2025-11-09 18:16:09,547] INFO: Product saved: Druckerpatronen Canon 570 571 kompatibel...
[2025-11-09 18:16:09,549] DEBUG: Fetching details: https://www.kleinanzeigen.de/s-anzeige/canon-druckerpatrone-cl546-xl-neu/3236198785-225-2997
[2025-11-09 18:16:11,718] INFO: Product saved: Canon druckerpatrone CL546 XL NEU...
[2025-11-09 18:16:11,719] DEBUG: Fetching details: https://www.kleinanzeigen.de/s-anzeige/canon-druckerpatronen-570-571/3236178587-225-5681
[2025-11-09 18:16:13,742] INFO: Product saved: Canon Druckerpatronen 570/571...
[2025-11-09 18:16:13,744] DEBUG: Fetching details: https://www.kleinanzeigen.de/s-anzeige/druckerpatronen-fuer-canon-drucker-540-541-xl/3236143441-225-910
[2025-11-09 18:16:16,210] INFO: Product saved: Druckerpatronen für Canon Drucker 540 541 xl...
[2025-11-09 18:16:17,211] DEBUG: Loading page 9: https://www.kleinanzeigen.de/s-seite:9/Druckerpatrone-Canon/k0
[2025-11-09 18:16:19,876] DEBUG: Found 25 product in the page: 9
[2025-11-09 18:16:19,879] DEBUG: Fetching details: https://www.kleinanzeigen.de/s-anzeige/druckerpatronen-bunt-color-cl-541-xl-fuer-canon/3236119919-225-7747
[2025-11-09 18:16:22,533] INFO: Product saved: Druckerpatronen bunt color CL 541 XL für Canon...
[2025-11-09 18:16:22,534] DEBUG: Fetching details: https://www.kleinanzeigen.de/s-anzeige/canon-druckerpatronen-neu-/3236105811-225-4284
[2025-11-09 18:16:24,336] INFO: Product saved: Canon Druckerpatronen neu!!!...
[2025-11-09 18:16:24,337] DEBUG: Fetching details: https://www.kleinanzeigen.de/s-anzeige/ankauf-ihrer-leeren-vollen-canon-und-hp-62-62xl-301-301xl-302-302xl-303-303xl-304-304xl-305-305xl-canon-540-541-545-546-560-561-575-576-585-586-510-511-512-513-leere-druckerpatronen-tintenpatronen/1882794874-225-9683
[2025-11-09 18:16:28,750] INFO: Product saved: Ankauf Ihrer leeren vollen Canon und HP 62 62XL 30...
[2025-11-09 18:16:28,752] DEBUG: Fetching details: https://www.kleinanzeigen.de/s-anzeige/canon-druckerpatronen-545-546-neu-versiegelt/3235968548-225-2852
[2025-11-09 18:16:31,298] INFO: Product saved: Canon Druckerpatronen 545 546 Neu versiegelt...
[2025-11-09 18:16:31,300] DEBUG: Fetching details: https://www.kleinanzeigen.de/s-anzeige/druckerpatronen-canon-neu/3235943311-225-5659
[2025-11-09 18:16:33,470] INFO: Product saved: Druckerpatronen Canon neu...
[2025-11-09 18:16:33,472] DEBUG: Fetching details: https://www.kleinanzeigen.de/s-anzeige/ankauf-ihrer-leeren-vollen-hp-und-canon-540-541-545-546-560-561-575-576-585-586-510-511-512-513-40-41-37-38-50-51-leere-volle-ueberlagerte-druckerpatronen-tintenpatronen-toner-hp-62-302-303-304-305/1117663714-225-9683
[2025-11-09 18:16:36,961] INFO: Product saved: Ankauf Ihrer leeren vollen HP und Canon 540 541 54...
[2025-11-09 18:16:36,962] DEBUG: Fetching details: https://www.kleinanzeigen.de/s-anzeige/druckerpatrone-drucker-canon-neu/3235894689-225-3512
[2025-11-09 18:16:39,505] INFO: Product saved: Druckerpatrone Drucker Canon NEU...
[2025-11-09 18:16:39,506] DEBUG: Fetching details: https://www.kleinanzeigen.de/s-anzeige/neu-3x-druckerpatronen-fuer-canon-pixma-mg-5752/3235881358-225-9054
[2025-11-09 18:16:42,020] INFO: Product saved: NEU - 3x Druckerpatronen für Canon Pixma MG 5752...
[2025-11-09 18:16:42,022] DEBUG: Fetching details: https://www.kleinanzeigen.de/s-anzeige/canon-pixma-druckerpatronen/3235864719-225-24625
[2025-11-09 18:16:43,982] INFO: Product saved: Canon Pixma Druckerpatronen...
[2025-11-09 18:16:43,984] DEBUG: Fetching details: https://www.kleinanzeigen.de/s-anzeige/druckerpatrone-canon-cli-36/3235707914-225-3328
[2025-11-09 18:16:46,553] INFO: Product saved: Druckerpatrone Canon CLI 36...
[2025-11-09 18:16:46,555] DEBUG: Fetching details: https://www.kleinanzeigen.de/s-anzeige/canon-druckerpatronen/3235699848-225-4501
[2025-11-09 18:16:48,877] INFO: Product saved: Canon Druckerpatronen...
[2025-11-09 18:16:48,878] DEBUG: Fetching details: https://www.kleinanzeigen.de/s-anzeige/druckerpatronen-fuer-canon/3235609580-225-3013
[2025-11-09 18:16:51,501] INFO: Product saved: Druckerpatronen für Canon...
[2025-11-09 18:16:51,502] ERROR: Ad parse error: can only concatenate str (not "NoneType") to str
[2025-11-09 18:16:51,504] DEBUG: Fetching details: https://www.kleinanzeigen.de/s-anzeige/canon-druckerpatrone-pg-540-xl-black-2-stueck-/3235603175-225-3466
[2025-11-09 18:16:55,214] INFO: Product saved: Canon Druckerpatrone PG-540 XL Black (2 Stück)...
[2025-11-09 18:16:55,215] DEBUG: Fetching details: https://www.kleinanzeigen.de/s-anzeige/11-druckerpatronen-canon-komp-/3235595412-228-1155
[2025-11-09 18:16:57,455] INFO: Product saved: 11-Druckerpatronen Canon komp....
[2025-11-09 18:16:57,457] DEBUG: Fetching details: https://www.kleinanzeigen.de/s-anzeige/druckerpatronen-fuer-canon-drucker/3235576003-225-3078
[2025-11-09 18:17:01,528] INFO: Product saved: Druckerpatronen für Canon Drucker...
[2025-11-09 18:17:01,529] DEBUG: Fetching details: https://www.kleinanzeigen.de/s-anzeige/drucker-patronen-571xl-canon-pixma/3235563136-225-2071
[2025-11-09 18:17:04,290] INFO: Product saved: Drucker-Patronen 571XL Canon PIXMA...
[2025-11-09 18:17:04,292] DEBUG: Fetching details: https://www.kleinanzeigen.de/s-anzeige/druckerpatronen-fuer-canon-pixma-tr8550/3235562881-225-3194
[2025-11-09 18:17:06,724] INFO: Product saved: Druckerpatronen für Canon Pixma TR8550...
[2025-11-09 18:17:06,726] DEBUG: Fetching details: https://www.kleinanzeigen.de/s-anzeige/canon-druckerpatronen-pg-510-und-cl-511/3235539987-225-24476
[2025-11-09 18:17:10,860] INFO: Product saved: Canon Druckerpatronen  PG 510 und CL 511...
[2025-11-09 18:17:10,863] DEBUG: Fetching details: https://www.kleinanzeigen.de/s-anzeige/druckerpatronen-fuer-canon-mg6250/3235522856-225-6799
[2025-11-09 18:17:13,511] INFO: Product saved: Druckerpatronen für Canon MG6250...
[2025-11-09 18:17:13,518] DEBUG: Fetching details: https://www.kleinanzeigen.de/s-anzeige/canon-druckerpatronen-neu/3235516816-225-3203
[2025-11-09 18:17:16,992] INFO: Product saved: Canon Druckerpatronen NEU...
[2025-11-09 18:17:17,009] DEBUG: Fetching details: https://www.kleinanzeigen.de/s-anzeige/druckerpatronen-570-571-canon-kompatibel-voll-und-ungeoeffnet/3235482334-225-16496
[2025-11-09 18:17:20,567] INFO: Product saved: Druckerpatronen 570 + 571 Canon kompatibel - voll ...
[2025-11-09 18:17:20,574] DEBUG: Fetching details: https://www.kleinanzeigen.de/s-anzeige/druckerpatronen-fuer-canon-550xl-551xl/3235455986-225-8810
[2025-11-09 18:17:23,341] INFO: Product saved: Druckerpatronen für Canon 550XL 551XL...
[2025-11-09 18:17:23,346] DEBUG: Fetching details: https://www.kleinanzeigen.de/s-anzeige/druckerpatronen-fuer-canon-drucker/3235434234-225-764
[2025-11-09 18:17:26,989] INFO: Product saved: Druckerpatronen für Canon Drucker...
[2025-11-09 18:17:26,998] DEBUG: Fetching details: https://www.kleinanzeigen.de/s-anzeige/druckerpatronen-1xcl541xl-farbig-3x540xl-s-w-fuer-canon-pixma/3235431488-225-6020
[2025-11-09 18:17:29,776] INFO: Product saved: Druckerpatronen 1xCL541XL farbig 3x540XL s/w für C...
[2025-11-09 18:17:30,782] DEBUG: Loading page 10: https://www.kleinanzeigen.de/s-seite:10/Druckerpatrone-Canon/k0
[2025-11-09 18:17:34,481] DEBUG: Found 25 product in the page: 10
[2025-11-09 18:17:34,485] DEBUG: Fetching details: https://www.kleinanzeigen.de/s-anzeige/druckerpatronen-canon-ip7200-series-550xl-551xl-chip-19-stueck/3235429881-225-7853
[2025-11-09 18:17:38,556] INFO: Product saved: Druckerpatronen Canon IP7200 Series - 550xl+551xl ...
[2025-11-09 18:17:38,562] DEBUG: Fetching details: https://www.kleinanzeigen.de/s-anzeige/9x-druckerpatronen-fuer-canon-tintenstrahldrucker/3235424544-225-5314
[2025-11-09 18:17:40,912] INFO: Product saved: 9x Druckerpatronen für Canon Tintenstrahldrucker...
[2025-11-09 18:17:40,914] DEBUG: Fetching details: https://www.kleinanzeigen.de/s-anzeige/canon-pixma-druckerpatronen-540-541-xl-multipack/3235321102-225-932
[2025-11-09 18:17:43,153] INFO: Product saved: Canon Pixma Druckerpatronen 540 / 541 XL / Multipa...
[2025-11-09 18:17:43,155] DEBUG: Fetching details: https://www.kleinanzeigen.de/s-anzeige/druckerpatronen-canon-pixma-ipl-7250-neu-ovp/3235265860-225-4506
[2025-11-09 18:17:45,201] INFO: Product saved: Druckerpatronen CANON Pixma IPl 7250 – NEU OVP...
[2025-11-09 18:17:45,202] DEBUG: Fetching details: https://www.kleinanzeigen.de/s-anzeige/druckerpatronen-c-525-c526-canon/3235252734-225-7052
[2025-11-09 18:17:47,345] INFO: Product saved: Druckerpatronen C 525/C526 Canon...
[2025-11-09 18:17:47,348] DEBUG: Fetching details: https://www.kleinanzeigen.de/s-anzeige/diverse-druckerpatronen-canon-cl-36/3235231687-225-3520
[2025-11-09 18:17:49,380] INFO: Product saved: Diverse druckerpatronen Canon CL-36...
[2025-11-09 18:17:49,381] DEBUG: Fetching details: https://www.kleinanzeigen.de/s-anzeige/druckerpatrone-canon-546-color-xl/3235221394-225-1522
[2025-11-09 18:17:51,536] INFO: Product saved: Druckerpatrone Canon 546 Color XL...
[2025-11-09 18:17:51,537] DEBUG: Fetching details: https://www.kleinanzeigen.de/s-anzeige/6-druckerpatronen-canon-551-cyan-black-magenta-yellow/3235211240-225-24588
[2025-11-09 18:17:53,705] INFO: Product saved: 6 Druckerpatronen Canon 551 Cyan Black Magenta Yel...
[2025-11-09 18:17:53,712] DEBUG: Fetching details: https://www.kleinanzeigen.de/s-anzeige/druckerpatronen-canon-cli-550-pgbk-xl-neu-original-schwarz/3235206441-225-2842
[2025-11-09 18:17:55,243] INFO: Product saved: Druckerpatronen Canon CLI-550 PGBK XL * neu & orig...
[2025-11-09 18:17:55,244] ERROR: Ad parse error: can only concatenate str (not "NoneType") to str
[2025-11-09 18:17:55,244] ERROR: Ad parse error: can only concatenate str (not "NoneType") to str
[2025-11-09 18:17:55,245] DEBUG: Fetching details: https://www.kleinanzeigen.de/s-anzeige/druckerpatronen-jarbo-571xl-fuer-z-b-canons-ts5000/3235007047-225-3911
[2025-11-09 18:17:57,280] INFO: Product saved: Druckerpatronen Jarbo 571xl für z.b. Canons Ts5000...
[2025-11-09 18:17:57,283] DEBUG: Fetching details: https://www.kleinanzeigen.de/s-anzeige/swiss-ink-canon-druckerpatronen-pgi550-cli551/3234997885-225-3261
[2025-11-09 18:17:59,109] INFO: Product saved: Swiss Ink Canon Druckerpatronen PGI550 CLI551...
[2025-11-09 18:17:59,112] DEBUG: Fetching details: https://www.kleinanzeigen.de/s-anzeige/druckerpatronen-canon-545-und-545/3234995759-225-4525
[2025-11-09 18:18:00,828] INFO: Product saved: Druckerpatronen Canon 545 und 545...
[2025-11-09 18:18:00,829] ERROR: Ad parse error: can only concatenate str (not "NoneType") to str
[2025-11-09 18:18:00,830] DEBUG: Fetching details: https://www.kleinanzeigen.de/s-anzeige/2-canon-druckerpatronen-schwarz-551-bk/3234956425-225-3420
[2025-11-09 18:18:02,788] INFO: Product saved: 2 Canon Druckerpatronen schwarz 551 BK...
[2025-11-09 18:18:02,789] ERROR: Ad parse error: can only concatenate str (not "NoneType") to str
[2025-11-09 18:18:02,790] ERROR: Ad parse error: can only concatenate str (not "NoneType") to str
[2025-11-09 18:18:02,791] DEBUG: Fetching details: https://www.kleinanzeigen.de/s-anzeige/druckerpatrone-kompatibel-fuer-canon-pg-560xl-schwarz-neu/3234940834-225-5578
[2025-11-09 18:18:04,690] INFO: Product saved: Druckerpatrone kompatibel für Canon PG-560XL (Schw...
[2025-11-09 18:18:04,691] DEBUG: Fetching details: https://www.kleinanzeigen.de/s-anzeige/canon-druckerpatrone-526-schwarz/3234939990-225-9255
[2025-11-09 18:18:06,687] INFO: Product saved: Canon Druckerpatrone 526 schwarz...
[2025-11-09 18:18:06,689] DEBUG: Fetching details: https://www.kleinanzeigen.de/s-anzeige/canon-pgi-580-cli-581-original-druckerpatronen-set-leer/3234935719-225-8012
[2025-11-09 18:18:09,819] INFO: Product saved: CANON PGI-580 / CLI-581 | Original | Druckerpatron...
[2025-11-09 18:18:09,820] ERROR: Ad parse error: can only concatenate str (not "NoneType") to str
[2025-11-09 18:18:09,821] DEBUG: Fetching details: https://www.kleinanzeigen.de/s-anzeige/druckerpatronen-kompartibel-zu-canon-pixma-tr-4550/3234924025-225-5266
[2025-11-09 18:18:13,267] INFO: Product saved: Druckerpatronen kompartibel zu CANON PIXMA TR 4550...
[2025-11-09 18:18:13,273] DEBUG: Fetching details: https://www.kleinanzeigen.de/s-anzeige/druckerpatronen-kompartibel-zu-canon-pixma-tr-4550/3234913484-225-5266
[2025-11-09 18:18:15,150] INFO: Product saved: Druckerpatronen kompartibel zu CANON PIXMA TR 4550...
[2025-11-09 18:18:15,151] DEBUG: Fetching details: https://www.kleinanzeigen.de/s-anzeige/canon-pixma-black-color-druckerpatrone-neu-ovp/3234902361-225-7461
[2025-11-09 18:18:16,891] INFO: Product saved: Canon Pixma Black & Color Druckerpatrone Neu & OVP...
[2025-11-09 18:18:18,173] INFO: Scraping complete: 1 products
[2025-11-09 18:18:18,205] INFO: Task completed successfully
