[2025-11-08T19:06:09.631671] Task received by worker
[2025-11-08T19:06:09.631705] Starting task: Kleinanzeigen Product Scraper
[2025-11-08T19:06:09.632518] Input data: {
  "searchQuery": "Druckerpatrone",
  "maxPages": 5,
  "brands": [
    {
      "brand": "Canon"
    }
  ]
}

[2025-11-08T19:06:12.332632] Starting to scrape brand: Canon
[2025-11-08T19:06:12.512680] Scraping Canon - Page 1
[2025-11-08T19:07:04.418178] Error getting images: Page.wait_for_selector: Timeout 30000ms exceeded.
Call log:
  - waiting for locator("#viewad-image") to be visible

[2025-11-08T19:07:35.505836] Error getting images: Page.wait_for_selector: Timeout 30000ms exceeded.
Call log:
  - waiting for locator("#viewad-image") to be visible

[2025-11-08T19:07:55.946647] Scraping Canon - Page 2
[2025-11-08T19:08:29.628892] Scraping Canon - Page 3
[2025-11-08T19:09:02.592479] Scraping Canon - Page 4
[2025-11-08T19:09:39.954111] Scraping Canon - Page 5
[2025-11-08T19:10:12.702782] Scraping complete. Total results: 118

[2025-11-08T19:10:12.721331] Task completed successfully
