[2025-11-09 09:22:30,941] INFO: Task received by worker
[2025-11-09 09:22:30,942] INFO: Starting task: Kleinanzeigen Product Scraper
[2025-11-09 09:22:30,943] DEBUG: Input data: {
  "searchQuery": "Druckerpatrone",
  "maxPages": "16",
  "brands": [
    {
      "brand": "Canon"
    }
  ]
}
[2025-11-09 09:22:30,953] INFO: Scraping 1 brand(s): Canon
[2025-11-09 09:22:33,040] INFO: Processing brand: Canon
[2025-11-09 09:22:33,557] DEBUG: Loading page 1: https://www.kleinanzeigen.de/s-Druckerpatrone-Canon/k0
[2025-11-09 09:22:40,243] DEBUG: Found 27 product in the page: 1
[2025-11-09 09:22:40,244] DEBUG: Fetching details: https://www.kleinanzeigen.de/s-anzeige/ankauf-ihrer-leeren-vollen-hp-und-canon-540-541-545-546-560-561-575-576-585-586-510-511-512-513-40-41-37-38-50-51-leere-volle-ueberlagerte-druckerpatronen-tintenpatronen-toner-hp-62-302-303-304-305/1117663714-225-9683
[2025-11-09 09:22:44,993] INFO: Product saved: Ankauf Ihrer leeren vollen HP und Canon 540 541 54...
[2025-11-09 09:22:44,994] DEBUG: Fetching details: https://www.kleinanzeigen.de/s-anzeige/ankauf-ihrer-leeren-canon-und-hp-305-hp-305xl-hp-307xl-hp-304-hp-304xl-hp-303-hp-303xl-hp-302-hp-302xl-hp-301-301xl-62-62xl-300-300xl-901-leere-patronen-volle-ueberlagerte-druckerpatronen-toner/1764977037-225-9683
[2025-11-09 09:22:48,442] INFO: Product saved: Ankauf Ihrer leeren Canon und HP 305 HP 305XL HP 3...
[2025-11-09 09:22:48,445] DEBUG: Fetching details: https://www.kleinanzeigen.de/s-anzeige/10x-druckerpatronen-z-b-fuer-canon-c-cli-8-c-pgi-5-cc-8bk/3240457740-225-2700
[2025-11-09 09:22:50,621] INFO: Product saved: 10x Druckerpatronen z.B. für Canon C-CLI-8 C-PGI-5...
[2025-11-09 09:22:50,623] DEBUG: Fetching details: https://www.kleinanzeigen.de/s-anzeige/canon-druckerpatronen-551-fuer-pixma-alles-in-ovp/3240419772-225-1202
[2025-11-09 09:22:52,824] INFO: Product saved: Canon Druckerpatronen 551 für PIXMA. Alles in OVP...
[2025-11-09 09:22:52,826] DEBUG: Fetching details: https://www.kleinanzeigen.de/s-anzeige/druckerpatronen-kompatibel-canon-pgi-570-cli-571/3240413191-225-9178
[2025-11-09 09:22:54,475] INFO: Product saved: Druckerpatronen kompatibel Canon PGI-570 CLI-571...
[2025-11-09 09:22:54,476] DEBUG: Fetching details: https://www.kleinanzeigen.de/s-anzeige/druckerpatrone-canon-510/3240396057-225-4816
[2025-11-09 09:22:56,299] INFO: Product saved: Druckerpatrone Canon 510...
[2025-11-09 09:22:56,300] DEBUG: Fetching details: https://www.kleinanzeigen.de/s-anzeige/5x-druckerpatronen-neu-tintenpatronen-toner-f-drucker-canon/3240361746-225-3877
[2025-11-09 09:22:58,415] INFO: Product saved: 5x DRUCKERPATRONEN -NEU- TINTENPATRONEN TONER f.Dr...
[2025-11-09 09:22:58,416] DEBUG: Fetching details: https://www.kleinanzeigen.de/s-anzeige/canon-druckerpatronen-570-571-incl-canon-ts5055/3240340319-225-922
[2025-11-09 09:23:01,086] INFO: Product saved: Canon Druckerpatronen 570/571 incl. Canon TS5055...
[2025-11-09 09:23:01,087] DEBUG: Fetching details: https://www.kleinanzeigen.de/s-anzeige/druckerpatronen-fuer-canon-pixma-drucker/3240337721-225-26046
[2025-11-09 09:23:04,361] INFO: Product saved: Druckerpatronen für Canon Pixma Drucker...
[2025-11-09 09:23:04,363] DEBUG: Fetching details: https://www.kleinanzeigen.de/s-anzeige/2-druckerpatronen-fuer-canon-drucker-pg545xl-cl546xl-/3240335923-225-4571
[2025-11-09 09:23:09,320] INFO: Product saved: 2 Druckerpatronen für Canon Drucker: PG545XLCL546X...
[2025-11-09 09:23:09,325] DEBUG: Fetching details: https://www.kleinanzeigen.de/s-anzeige/druckerpatronen-canon-ts-7450a/3240330396-225-16973
[2025-11-09 09:23:13,898] INFO: Product saved: Druckerpatronen Canon TS 7450a...
[2025-11-09 09:23:13,900] DEBUG: Fetching details: https://www.kleinanzeigen.de/s-anzeige/28x-druckerpatronen-tintenpartonen-canon-drucker-551-und-550/3240304614-225-4711
[2025-11-09 09:23:16,259] INFO: Product saved: 28x Druckerpatronen Tintenpartonen Canon  Drucker ...
[2025-11-09 09:23:16,261] DEBUG: Fetching details: https://www.kleinanzeigen.de/s-anzeige/3x-original-canon-cli-551-xl-druckerpatronen-neu-druckertinte/3240302834-225-7924
[2025-11-09 09:23:17,998] INFO: Product saved: 3x Original Canon CLI 551 (XL) Druckerpatronen  ne...
[2025-11-09 09:23:17,999] DEBUG: Fetching details: https://www.kleinanzeigen.de/s-anzeige/lxtek-druckerpatronen-580-581-multipack-kompatibel-fuer-canon-tr85/3240292302-225-9602
[2025-11-09 09:23:19,624] INFO: Product saved: LxTek Druckerpatronen 580 581 Multipack Kompatibel...
[2025-11-09 09:23:19,625] DEBUG: Fetching details: https://www.kleinanzeigen.de/s-anzeige/druckerpatrone-canon-ts-7450a-pg-560xl-black/3240205781-225-16973
[2025-11-09 09:23:21,398] INFO: Product saved: Druckerpatrone Canon TS 7450a PG-560XL black...
[2025-11-09 09:23:21,400] DEBUG: Fetching details: https://www.kleinanzeigen.de/s-anzeige/canon-pixmal-druckerpatronen-neu-blau-rot-schwarz-geld/3240195102-225-2490
[2025-11-09 09:23:23,368] INFO: Product saved: Canon Pixmal Druckerpatronen neu blau rot schwarz ...
[2025-11-09 09:23:23,370] DEBUG: Fetching details: https://www.kleinanzeigen.de/s-anzeige/canon-pg-575-druckerpatrone/3240195077-225-25295
[2025-11-09 09:23:24,958] INFO: Product saved: Canon PG 575 Druckerpatrone...
[2025-11-09 09:23:24,959] DEBUG: Fetching details: https://www.kleinanzeigen.de/s-anzeige/druckerpatronen-mit-chip-fuer-canon-drucker-kopierer/3240186983-225-4104
[2025-11-09 09:23:26,749] INFO: Product saved: Druckerpatronen mit Chip für Canon Drucker  / Kopi...
[2025-11-09 09:23:26,751] DEBUG: Fetching details: https://www.kleinanzeigen.de/s-anzeige/druckerpatronen-canon/3240186887-225-16366
[2025-11-09 09:23:28,841] INFO: Product saved: Druckerpatronen Canon...
[2025-11-09 09:23:28,842] DEBUG: Fetching details: https://www.kleinanzeigen.de/s-anzeige/druckerpatronen-fuer-canon-drucker/3240119637-225-5424
[2025-11-09 09:23:30,806] INFO: Product saved: Druckerpatronen für Canon Drucker...
[2025-11-09 09:23:30,807] DEBUG: Fetching details: https://www.kleinanzeigen.de/s-anzeige/druckerpatronen-canon-mg-6150/3240111041-225-8830
[2025-11-09 09:23:42,160] INFO: Product saved: Druckerpatronen canon mg 6150...
[2025-11-09 09:23:42,161] DEBUG: Fetching details: https://www.kleinanzeigen.de/s-anzeige/druckerpatronen-canon-mg-6150/3240111039-225-8830
[2025-11-09 09:23:53,889] INFO: Product saved: Druckerpatronen canon mg 6150...
[2025-11-09 09:23:53,890] DEBUG: Fetching details: https://www.kleinanzeigen.de/s-anzeige/kompatibel-canon-pgi-570xl-cli-571xl-druckerpatronen-multipack/3240095927-225-9419
[2025-11-09 09:23:56,109] INFO: Product saved: Kompatibel Canon PGI-570XL/CLI-571XL Druckerpatron...
[2025-11-09 09:23:56,111] DEBUG: Fetching details: https://www.kleinanzeigen.de/s-anzeige/druckerpatronen-canon-pixma/3240072819-93-8594
[2025-11-09 09:23:57,591] INFO: Product saved: Druckerpatronen Canon Pixma...
[2025-11-09 09:23:57,592] ERROR: Ad parse error: can only concatenate str (not "NoneType") to str
[2025-11-09 09:23:57,593] DEBUG: Fetching details: https://www.kleinanzeigen.de/s-anzeige/4-kompatible-druckerpatronen-canon-pixma/3239990973-225-7980
[2025-11-09 09:23:59,322] INFO: Product saved: 4 kompatible Druckerpatronen Canon Pixma...
[2025-11-09 09:23:59,323] DEBUG: Fetching details: https://www.kleinanzeigen.de/s-anzeige/druckerpatronen-canon-526/3239980805-225-7527
[2025-11-09 09:24:00,836] INFO: Product saved: Druckerpatronen Canon 526...
[2025-11-09 09:24:01,837] DEBUG: Loading page 2: https://www.kleinanzeigen.de/s-seite:2/Druckerpatrone-Canon/k0
[2025-11-09 09:24:03,731] DEBUG: Found 25 product in the page: 2
[2025-11-09 09:24:03,732] DEBUG: Fetching details: https://www.kleinanzeigen.de/s-anzeige/druckerpatronen-xl-canon/3239936651-225-3460
[2025-11-09 09:24:06,887] INFO: Product saved: Druckerpatronen XL Canon...
[2025-11-09 09:24:06,889] DEBUG: Fetching details: https://www.kleinanzeigen.de/s-anzeige/druckerpatrone-canon-540-black-pg-540/3239901733-225-7422
[2025-11-09 09:24:08,954] INFO: Product saved: Druckerpatrone Canon 540 Black - PG-540...
[2025-11-09 09:24:08,958] DEBUG: Fetching details: https://www.kleinanzeigen.de/s-anzeige/atopink-pg540xl-schwarz-druckerpatrone-pg-540-xl-canon/3239898527-225-9358
[2025-11-09 09:24:11,728] INFO: Product saved: ATOPINK  PG540XL schwarz Druckerpatrone PG-540 XL ...
[2025-11-09 09:24:11,730] DEBUG: Fetching details: https://www.kleinanzeigen.de/s-anzeige/canon-580-581-druckerpatronen-neu/3239841199-225-3199
[2025-11-09 09:24:14,404] INFO: Product saved: Canon 580/581 Druckerpatronen neu...
[2025-11-09 09:24:14,408] ERROR: Ad parse error: can only concatenate str (not "NoneType") to str
[2025-11-09 09:24:14,412] DEBUG: Fetching details: https://www.kleinanzeigen.de/s-anzeige/druckerpatronen-canon-kompatibel/3239809319-225-6800
[2025-11-09 09:24:20,435] INFO: Product saved: Druckerpatronen Canon kompatibel...
[2025-11-09 09:24:20,440] DEBUG: Fetching details: https://www.kleinanzeigen.de/s-anzeige/canon-580-581-druckerpatronen-in-farbe-und-in-schwarz/3239768057-225-1007
[2025-11-09 09:24:25,650] INFO: Product saved: Canon 580/581 Druckerpatronen in Farbe und in schw...
[2025-11-09 09:24:25,656] DEBUG: Fetching details: https://www.kleinanzeigen.de/s-anzeige/2x-canon-pg-512-druckerpatronen-schwarz/3239751012-225-4255
[2025-11-09 09:24:29,216] INFO: Product saved: 2x Canon PG-512 Druckerpatronen schwarz...
[2025-11-09 09:24:29,223] DEBUG: Fetching details: https://www.kleinanzeigen.de/s-anzeige/druckerpatronen-canon-540xl-541xl-neu-und-originalverpackt/3239730587-225-6080
[2025-11-09 09:24:32,089] INFO: Product saved: Druckerpatronen Canon 540XL / 541XL neu und origin...
[2025-11-09 09:24:32,091] DEBUG: Fetching details: https://www.kleinanzeigen.de/s-anzeige/canon-540-xl-schwarz-druckerpatronen-tintenpatronen-kompatibel/3239717827-225-9518
[2025-11-09 09:24:35,175] INFO: Product saved: Canon 540 XL schwarz Druckerpatronen Tintenpatrone...
[2025-11-09 09:24:35,177] DEBUG: Fetching details: https://www.kleinanzeigen.de/s-anzeige/canon-pixma-druckerpatronen-525-schwarz-und-526-bunt-/3239715272-225-7981
[2025-11-09 09:24:39,067] INFO: Product saved: Canon PIXMA Druckerpatronen 525 (schwarz) und 526 ...
[2025-11-09 09:24:39,069] DEBUG: Fetching details: https://www.kleinanzeigen.de/s-anzeige/canon-545-xl-546-xl-druckerpatronen-tintenpatronen-kompatibel/3239714827-225-9518
[2025-11-09 09:24:40,973] INFO: Product saved: Canon 545 XL 546 XL Druckerpatronen Tintenpatronen...
[2025-11-09 09:24:40,974] DEBUG: Fetching details: https://www.kleinanzeigen.de/s-anzeige/druckerpatronen-fuer-canon-11st-/3239713126-225-2074
[2025-11-09 09:24:42,562] INFO: Product saved: Druckerpatronen für Canon 11St....
[2025-11-09 09:24:42,563] DEBUG: Fetching details: https://www.kleinanzeigen.de/s-anzeige/druckerpatronen-fuer-canon/3239708969-225-3810
[2025-11-09 09:24:44,790] INFO: Product saved: Druckerpatronen für Canon...
[2025-11-09 09:24:44,792] DEBUG: Fetching details: https://www.kleinanzeigen.de/s-anzeige/druckerpatronen-fuer-canon/3239643467-225-2303
[2025-11-09 09:24:46,627] INFO: Product saved: Druckerpatronen für Canon...
[2025-11-09 09:24:46,627] ERROR: Ad parse error: can only concatenate str (not "NoneType") to str
[2025-11-09 09:24:46,631] DEBUG: Fetching details: https://www.kleinanzeigen.de/s-anzeige/canon-druckerpatronen-original-verpackt-cli-8m-y-c-5/3239555091-225-1522
[2025-11-09 09:24:48,899] INFO: Product saved: Canon Druckerpatronen Original verpackt CLI-8M-Y-C...
[2025-11-09 09:24:48,901] DEBUG: Fetching details: https://www.kleinanzeigen.de/s-anzeige/d-c-druckerpatronen-fuer-canon-drucker-tintenpatronen/3239539705-225-1889
[2025-11-09 09:24:51,847] INFO: Product saved: D&C Druckerpatronen für Canon Drucker Tintenpatron...
[2025-11-09 09:24:51,851] DEBUG: Fetching details: https://www.kleinanzeigen.de/s-anzeige/druckerpatronen-kompatibel-fuer-canon-pixma/3239527902-225-7138
[2025-11-09 09:24:54,198] INFO: Product saved: Druckerpatronen Kompatibel für Canon Pixma...
[2025-11-09 09:24:54,204] DEBUG: Fetching details: https://www.kleinanzeigen.de/s-anzeige/2-stueck-neue-originale-canon-druckerpatronen-571-bk-schwarz-/3239489066-225-3364
[2025-11-09 09:24:56,490] INFO: Product saved: 2 Stück neue originale Canon Druckerpatronen 571 (...
[2025-11-09 09:24:56,491] ERROR: Ad parse error: can only concatenate str (not "NoneType") to str
[2025-11-09 09:24:56,492] DEBUG: Fetching details: https://www.kleinanzeigen.de/s-anzeige/druckerpatronen-multipack-canon-pg-40-cl-41-schwarz-farbig-28-ml/3239354325-225-4164
[2025-11-09 09:24:58,479] INFO: Product saved: Druckerpatronen MultiPack Canon PG-40+CL-41 schwar...
[2025-11-09 09:24:58,480] DEBUG: Fetching details: https://www.kleinanzeigen.de/s-anzeige/10-druckerpatronen-kompatibel-fuer-canon-pixma/3239257562-225-1125
[2025-11-09 09:25:00,194] INFO: Product saved: 10 Druckerpatronen kompatibel für Canon Pixma...
[2025-11-09 09:25:00,195] DEBUG: Fetching details: https://www.kleinanzeigen.de/s-anzeige/druckerpatronen-fuer-canon-xp-452-455-serie-gegen-eine-kleinigkeit/3239166472-225-5968
[2025-11-09 09:25:02,429] INFO: Product saved: Druckerpatronen für Canon XP-452 455 Serie gegen e...
[2025-11-09 09:25:02,431] DEBUG: Fetching details: https://www.kleinanzeigen.de/s-anzeige/druckerpatronen-fuer-canon-prixma/3239134166-225-4057
[2025-11-09 09:25:04,091] INFO: Product saved: Druckerpatronen für Canon Prixma...
[2025-11-09 09:25:05,091] DEBUG: Loading page 3: https://www.kleinanzeigen.de/s-seite:3/Druckerpatrone-Canon/k0
[2025-11-09 09:25:07,096] DEBUG: Found 25 product in the page: 3
[2025-11-09 09:25:07,098] DEBUG: Fetching details: https://www.kleinanzeigen.de/s-anzeige/druckerpatronen-canon/3239101899-225-2862
[2025-11-09 09:25:08,968] INFO: Product saved: Druckerpatronen Canon...
[2025-11-09 09:25:08,969] DEBUG: Fetching details: https://www.kleinanzeigen.de/s-anzeige/druckerpatronen-canon-mp550/3239086367-225-7328
[2025-11-09 09:25:10,783] INFO: Product saved: Druckerpatronen Canon MP550...
[2025-11-09 09:25:10,785] DEBUG: Fetching details: https://www.kleinanzeigen.de/s-anzeige/-10-druckerpatronen-571xl-cgi-571-xl-fuer-canon-ts8050-u-a-/3239055184-225-4754
[2025-11-09 09:25:12,464] INFO: Product saved: ⭐⭐⭐ 10 Druckerpatronen 571XL (CGI-571 XL) für Cano...
[2025-11-09 09:25:12,465] DEBUG: Fetching details: https://www.kleinanzeigen.de/s-anzeige/canon-druckerpatronen-original-verpackung-/3238998097-225-8255
[2025-11-09 09:25:14,294] INFO: Product saved: Canon Druckerpatronen (original Verpackung)...
[2025-11-09 09:25:14,295] DEBUG: Fetching details: https://www.kleinanzeigen.de/s-anzeige/original-druckerpatronen-canon-mp-280pixma-510-black/3238983702-225-1732
[2025-11-09 09:25:15,818] INFO: Product saved: original Druckerpatronen Canon MP 280pixma 510 bla...
[2025-11-09 09:25:15,819] DEBUG: Fetching details: https://www.kleinanzeigen.de/s-anzeige/canon-druckerpatronen-pgi-550-cli-551-34-st-ip7250-mg-5400etc/3238965507-225-9212
[2025-11-09 09:25:18,242] INFO: Product saved: Canon Druckerpatronen PGI-550/CLI-551 * 34 St. IP7...
[2025-11-09 09:25:18,243] DEBUG: Fetching details: https://www.kleinanzeigen.de/s-anzeige/druckerpatronen-canon-pixma/3238957151-225-19404
[2025-11-09 09:25:22,704] INFO: Product saved: Druckerpatronen Canon Pixma...
[2025-11-09 09:25:22,706] DEBUG: Fetching details: https://www.kleinanzeigen.de/s-anzeige/5x-druckerpatrone-fuer-canon-komp-mit-pg-525-schwarz/3238956351-225-14101
[2025-11-09 09:25:25,764] INFO: Product saved: 5x Druckerpatrone für Canon (Komp. mit PG 525) sch...
[2025-11-09 09:25:25,769] DEBUG: Fetching details: https://www.kleinanzeigen.de/s-anzeige/bubprint-druckerpatronen-fuer-canon-pixma-ip/3238884513-225-4763
[2025-11-09 09:25:28,272] INFO: Product saved: Bubprint Druckerpatronen für Canon Pixma IP...
[2025-11-09 09:25:28,273] DEBUG: Fetching details: https://www.kleinanzeigen.de/s-anzeige/canon-716-original-druckerpatronen-schwarz-cyan-magenta-gelb/3238825630-225-3258
[2025-11-09 09:25:29,877] INFO: Product saved: Canon 716 Original Druckerpatronen schwarz cyan ma...
[2025-11-09 09:25:29,878] DEBUG: Fetching details: https://www.kleinanzeigen.de/s-anzeige/druckerpatronen-canon-570-71-kostenl-versand/3238814113-225-15769
[2025-11-09 09:25:31,496] INFO: Product saved: Druckerpatronen Canon 570/71 kostenl. Versand...
[2025-11-09 09:25:31,497] DEBUG: Fetching details: https://www.kleinanzeigen.de/s-anzeige/canon-multipack-druckerpatronen-set/3238757741-225-5191
[2025-11-09 09:25:33,928] INFO: Product saved: Canon Multipack Druckerpatronen Set...
[2025-11-09 09:25:33,929] DEBUG: Fetching details: https://www.kleinanzeigen.de/s-anzeige/26-canon-druckerpatronen-komp-zu-cli-526/3238735403-225-1974
[2025-11-09 09:25:36,123] INFO: Product saved: 26 Canon Druckerpatronen komp. zu CLI 526...
[2025-11-09 09:25:36,124] ERROR: Ad parse error: can only concatenate str (not "NoneType") to str
[2025-11-09 09:25:36,125] DEBUG: Fetching details: https://www.kleinanzeigen.de/s-anzeige/druckerpatronen-fuer-canon-drucker-gem-aufdruck/3238672402-225-922
[2025-11-09 09:25:37,851] INFO: Product saved: Druckerpatronen für Canon Drucker gem. Aufdruck...
[2025-11-09 09:25:37,853] DEBUG: Fetching details: https://www.kleinanzeigen.de/s-anzeige/canon-pixma-druckerpatrone-576-color/3238645730-225-4727
[2025-11-09 09:25:39,406] INFO: Product saved: Canon PIXMA Druckerpatrone 576 Color...
[2025-11-09 09:25:39,408] DEBUG: Fetching details: https://www.kleinanzeigen.de/s-anzeige/3-leere-druckerpatronen-canon-hp-/3238612503-225-353
[2025-11-09 09:25:41,312] INFO: Product saved: 3 Leere Druckerpatronen (Canon HP)...
[2025-11-09 09:25:41,313] DEBUG: Fetching details: https://www.kleinanzeigen.de/s-anzeige/druckerpatronen-6x-fuer-canon-pixma-ip-mp-mx/3238609304-225-1158
[2025-11-09 09:25:42,990] INFO: Product saved: Druckerpatronen 6x für Canon PIXMA IP MP MX...
[2025-11-09 09:25:42,991] DEBUG: Fetching details: https://www.kleinanzeigen.de/s-anzeige/druckerpatronen-canon-gelb-schwarz-magenta/3238589905-225-150
[2025-11-09 09:25:44,817] INFO: Product saved: Druckerpatronen Canon gelb schwarz magenta...
[2025-11-09 09:25:44,817] ERROR: Ad parse error: can only concatenate str (not "NoneType") to str
[2025-11-09 09:25:44,819] DEBUG: Fetching details: https://www.kleinanzeigen.de/s-anzeige/druckerpatronen-canon-c550-551-xl/3238512363-225-1100
[2025-11-09 09:25:46,590] INFO: Product saved: Druckerpatronen Canon C550 / 551 XL...
[2025-11-09 09:25:46,592] DEBUG: Fetching details: https://www.kleinanzeigen.de/s-anzeige/wegen-druckerwechsel-druckerpatronen-fuer-canon-pixma-ip-mp-mx/3238504383-225-3731
[2025-11-09 09:25:48,197] INFO: Product saved: Wegen Druckerwechsel Druckerpatronen für Canon Pix...
[2025-11-09 09:25:48,200] DEBUG: Fetching details: https://www.kleinanzeigen.de/s-anzeige/druckerpatronen-multipack-canon-mx925/3238497617-225-1101
[2025-11-09 09:25:49,941] INFO: Product saved: DRUCKERPATRONEN Multipack Canon Mx925...
[2025-11-09 09:25:49,942] DEBUG: Fetching details: https://www.kleinanzeigen.de/s-anzeige/kompatible-druckerpatronen-konvolut-550xl-551xl-fuer-canon/3238488603-225-25427
[2025-11-09 09:25:51,697] INFO: Product saved: Kompatible Druckerpatronen-Konvolut 550XL/551XL *f...
[2025-11-09 09:25:51,698] DEBUG: Fetching details: https://www.kleinanzeigen.de/s-anzeige/pureink-druckerpatrone-canon-pg540xl-cl541xl-multipack/3238473129-225-19904
[2025-11-09 09:25:53,292] INFO: Product saved: PureInk Druckerpatrone Canon PG540XL/CL541XL Multi...
[2025-11-09 09:25:54,293] DEBUG: Loading page 4: https://www.kleinanzeigen.de/s-seite:4/Druckerpatrone-Canon/k0
[2025-11-09 09:25:56,297] DEBUG: Found 25 product in the page: 4
[2025-11-09 09:25:56,299] DEBUG: Fetching details: https://www.kleinanzeigen.de/s-anzeige/-druckerpatrone-original-canon-cl-541-xl-neu-/3238464292-225-3811
[2025-11-09 09:25:57,787] INFO: Product saved: ++ Druckerpatrone original Canon CL-541 XL  / Neu ...
[2025-11-09 09:25:57,788] DEBUG: Fetching details: https://www.kleinanzeigen.de/s-anzeige/druckerpatronen-525-und-526-u-a-fuer-canon-pixma/3238463403-225-5589
[2025-11-09 09:25:59,343] INFO: Product saved: Druckerpatronen 525 und 526 u.a. für Canon Pixma...
[2025-11-09 09:25:59,345] DEBUG: Fetching details: https://www.kleinanzeigen.de/s-anzeige/3x-original-canon-druckerpatronen/3238449183-225-4719
[2025-11-09 09:26:00,960] INFO: Product saved: 3x original Canon Druckerpatronen...
[2025-11-09 09:26:00,961] DEBUG: Fetching details: https://www.kleinanzeigen.de/s-anzeige/druckerpatronen-canon-bci-10-schwarz-und-bci-11-farbe-/3238425240-225-1170
[2025-11-09 09:26:02,915] INFO: Product saved: Druckerpatronen Canon BCI-10 (schwarz) und BCI-11 ...
[2025-11-09 09:26:02,916] DEBUG: Fetching details: https://www.kleinanzeigen.de/s-anzeige/canon-545-546-druckerpatronen/3238402494-225-1020
[2025-11-09 09:26:04,742] INFO: Product saved: Canon 545/546 Druckerpatronen...
[2025-11-09 09:26:04,743] DEBUG: Fetching details: https://www.kleinanzeigen.de/s-anzeige/druckerpatronen-kompatibel-canon/3238377989-225-13234
[2025-11-09 09:26:06,570] INFO: Product saved: Druckerpatronen kompatibel Canon...
[2025-11-09 09:26:06,571] ERROR: Ad parse error: can only concatenate str (not "NoneType") to str
[2025-11-09 09:26:06,572] DEBUG: Fetching details: https://www.kleinanzeigen.de/s-anzeige/druckerpatronen-fuer-drucker-von-canon-pixma-5250/3238347854-225-4684
[2025-11-09 09:26:08,430] INFO: Product saved: Druckerpatronen für Drucker von Canon PIXMA 5250...
[2025-11-09 09:26:08,432] DEBUG: Fetching details: https://www.kleinanzeigen.de/s-anzeige/canon-druckerpatronen-pixma-520-521-neu/3238300144-225-1791
[2025-11-09 09:26:10,796] INFO: Product saved: Canon Druckerpatronen Pixma  520/521  Neu...
[2025-11-09 09:26:10,802] DEBUG: Fetching details: https://www.kleinanzeigen.de/s-anzeige/canon-druckerpatrone-cli-36-chromalife-100-pack-mit-100-blatt/3238283607-225-21142
[2025-11-09 09:26:12,867] INFO: Product saved: Canon Druckerpatrone CLI-36 „ChromaLife 100 Pack“ ...
[2025-11-09 09:26:12,872] DEBUG: Fetching details: https://www.kleinanzeigen.de/s-anzeige/canon-druckerpatronen-multipack-blau-magenta-gelb/3238274463-225-8203
[2025-11-09 09:26:14,979] INFO: Product saved: Canon Druckerpatronen Multipack blau magenta gelb...
[2025-11-09 09:26:14,982] DEBUG: Fetching details: https://www.kleinanzeigen.de/s-anzeige/logic-seek-druckerpatronen-fuer-canon-drucker/3238262334-225-2418
[2025-11-09 09:26:16,581] INFO: Product saved: Logic- Seek-Druckerpatronen für Canon Drucker...
[2025-11-09 09:26:16,583] DEBUG: Fetching details: https://www.kleinanzeigen.de/s-anzeige/druckerpatronen-kompatibel-canon-pixma-ts8050-u-a-/3238247738-225-20581
[2025-11-09 09:26:18,218] INFO: Product saved: Druckerpatronen Kompatibel Canon Pixma TS8050 u. a...
[2025-11-09 09:26:18,219] DEBUG: Fetching details: https://www.kleinanzeigen.de/s-anzeige/canon-pixmar-mx475-unbenutzte-druckerpatrone-schwarz/3238235574-225-5067
[2025-11-09 09:26:19,937] INFO: Product saved: Canon Pixmar mx475 + unbenutzte Druckerpatrone sch...
[2025-11-09 09:26:19,939] DEBUG: Fetching details: https://www.kleinanzeigen.de/s-anzeige/canon-druckerpatronen-581-xl-multipack-mit-fotopapier/3238108083-225-1176
[2025-11-09 09:26:21,722] INFO: Product saved: CANON Druckerpatronen 581 XL Multipack mit Fotopap...
[2025-11-09 09:26:21,723] DEBUG: Fetching details: https://www.kleinanzeigen.de/s-anzeige/druckerpatronen-cli-521-neu-bk-y-patronen-drucker-canon/3238105211-225-7357
[2025-11-09 09:26:24,268] INFO: Product saved: Druckerpatronen CLI 521 Neu BK Y Patronen Drucker ...
[2025-11-09 09:26:24,270] DEBUG: Fetching details: https://www.kleinanzeigen.de/s-anzeige/druckerpatronen-canon-cli-551/3238032690-225-26506
[2025-11-09 09:26:27,049] INFO: Product saved: Druckerpatronen Canon Cli-551...
[2025-11-09 09:26:27,051] DEBUG: Fetching details: https://www.kleinanzeigen.de/s-anzeige/druckerpatronen-fuer-canon/3237956446-225-9353
[2025-11-09 09:26:28,841] INFO: Product saved: Druckerpatronen für Canon...
[2025-11-09 09:26:28,844] DEBUG: Fetching details: https://www.kleinanzeigen.de/s-anzeige/canon-druckerpatronen-pg-40-cl-41-mcvp-multipack/3237946140-225-1908
[2025-11-09 09:26:31,028] INFO: Product saved: Canon Druckerpatronen PG-40+CL-41 MCVP Multipack...
[2025-11-09 09:26:31,030] DEBUG: Fetching details: https://www.kleinanzeigen.de/s-anzeige/druckerpatronen-canon-pixma/3237931733-225-8639
[2025-11-09 09:26:33,418] INFO: Product saved: Druckerpatronen Canon Pixma...
[2025-11-09 09:26:33,420] DEBUG: Fetching details: https://www.kleinanzeigen.de/s-anzeige/druckerpatronen-cli-526-pgi-525-canon-pixma-nicht-original/3237925069-225-5919
[2025-11-09 09:26:35,814] INFO: Product saved: Druckerpatronen  CLI 526 PGI 525 Canon Pixma nicht...
[2025-11-09 09:26:35,816] DEBUG: Fetching details: https://www.kleinanzeigen.de/s-anzeige/druckerpatronen-bubprint-7-stueck-fuer-canon-pgi550-cli551-neu-ovp/3237899858-225-4561
[2025-11-09 09:26:37,593] INFO: Product saved: Druckerpatronen Bubprint 7 Stück für Canon PGI550 ...
[2025-11-09 09:26:37,595] DEBUG: Fetching details: https://www.kleinanzeigen.de/s-anzeige/8-x-druckerpatronen-pgi-550-und-cli-551-fuer-canon/3237893921-225-6812
[2025-11-09 09:26:39,765] INFO: Product saved: 8 x Druckerpatronen PGI-550 und CLI-551  für Canon...
[2025-11-09 09:26:39,770] DEBUG: Fetching details: https://www.kleinanzeigen.de/s-anzeige/canon-druckerpatronen/3237867447-225-392
[2025-11-09 09:26:43,183] INFO: Product saved: Canon Druckerpatronen...
[2025-11-09 09:26:43,187] DEBUG: Fetching details: https://www.kleinanzeigen.de/s-anzeige/29-canon-druckerpatronen/3237862210-225-1091
[2025-11-09 09:26:45,628] INFO: Product saved: 29 Canon Druckerpatronen...
[2025-11-09 09:26:46,630] DEBUG: Loading page 5: https://www.kleinanzeigen.de/s-seite:5/Druckerpatrone-Canon/k0
[2025-11-09 09:26:49,492] DEBUG: Found 25 product in the page: 5
[2025-11-09 09:26:49,493] ERROR: Ad parse error: can only concatenate str (not "NoneType") to str
[2025-11-09 09:26:49,494] DEBUG: Fetching details: https://www.kleinanzeigen.de/s-anzeige/druckerpatronen-fuer-canon-cli-520-521-neuwertig/3237800505-225-6654
[2025-11-09 09:26:53,763] INFO: Product saved: Druckerpatronen für Canon CLI 520/521 NEUWERTIG...
[2025-11-09 09:26:53,764] DEBUG: Fetching details: https://www.kleinanzeigen.de/s-anzeige/canon-druckerpatrone-545-xl-black-und-546-xl-color/3237703974-225-20208
[2025-11-09 09:26:55,917] INFO: Product saved: Canon Druckerpatrone 545 XL Black und 546 XL Color...
[2025-11-09 09:26:55,919] DEBUG: Fetching details: https://www.kleinanzeigen.de/s-anzeige/neu-druckerpatrone-canon-pg-240-xlbkw/3237671194-225-9462
[2025-11-09 09:26:58,475] INFO: Product saved: NEU Druckerpatrone Canon PG-240 XLBKw...
[2025-11-09 09:26:58,477] DEBUG: Fetching details: https://www.kleinanzeigen.de/s-anzeige/druckerpatronen-canon/3237610271-225-5951
[2025-11-09 09:27:01,952] INFO: Product saved: Druckerpatronen Canon...
[2025-11-09 09:27:01,954] DEBUG: Fetching details: https://www.kleinanzeigen.de/s-anzeige/neu-druckerpatronen-canon-mx-925/3237584385-225-20082
[2025-11-09 09:27:04,759] INFO: Product saved: NEU - Druckerpatronen Canon MX 925...
[2025-11-09 09:27:04,760] DEBUG: Fetching details: https://www.kleinanzeigen.de/s-anzeige/druckerpatronen-multipack-fuer-canon-drucker-z-b-ip4900-neu/3237582419-225-1023
[2025-11-09 09:27:07,272] INFO: Product saved: Druckerpatronen Multipack für CANON DRUCKER z.B. i...
[2025-11-09 09:27:07,274] DEBUG: Fetching details: https://www.kleinanzeigen.de/s-anzeige/druckerpatrone-von-canon-fuer-canon-pixma-drucker/3237552989-225-9012
[2025-11-09 09:27:10,437] INFO: Product saved: Druckerpatrone von Canon für Canon Pixma Drucker...
[2025-11-09 09:27:10,447] DEBUG: Fetching details: https://www.kleinanzeigen.de/s-anzeige/vvqv-canon-pg-540xl-cl-541xl-druckerpatrone-neu-2er-pack/3237552376-225-1824
[2025-11-09 09:27:12,549] INFO: Product saved: VVQV Canon PG‑540XL + CL‑541XL Druckerpatrone – NE...
[2025-11-09 09:27:12,552] DEBUG: Fetching details: https://www.kleinanzeigen.de/s-anzeige/canpick-canon-pg-540xl-cl-541xl-druckerpatronen-neu-2er-pack/3237550870-225-1824
[2025-11-09 09:27:15,058] INFO: Product saved: CanPick Canon PG‑540XL+CL‑541XL Druckerpatronen – ...
[2025-11-09 09:27:15,059] DEBUG: Fetching details: https://www.kleinanzeigen.de/s-anzeige/druckerpatrone-von-digital-revolution-fuer-canon-pixma-drucker/3237546688-225-9012
[2025-11-09 09:27:17,513] INFO: Product saved: Druckerpatrone von Digital Revolution für Canon Pi...
[2025-11-09 09:27:17,515] DEBUG: Fetching details: https://www.kleinanzeigen.de/s-anzeige/canon-cp-2500xl-druckerpatronen-neu/3237504367-225-7700
[2025-11-09 09:27:19,812] INFO: Product saved: Canon CP-2500XL Druckerpatronen NEU...
[2025-11-09 09:27:19,814] DEBUG: Fetching details: https://www.kleinanzeigen.de/s-anzeige/-neu-tintenpatronen-druckerpatronen-canon-550-551/3237499229-225-6147
[2025-11-09 09:27:22,245] INFO: Product saved: *neu* Tintenpatronen / Druckerpatronen Canon 550/5...
[2025-11-09 09:27:22,246] ERROR: Ad parse error: can only concatenate str (not "NoneType") to str
[2025-11-09 09:27:22,247] DEBUG: Fetching details: https://www.kleinanzeigen.de/s-anzeige/-schnaeppchen-4-drucker-patronen-canon-pixma-551-bzw-550-/3237397792-225-5753
[2025-11-09 09:27:24,570] INFO: Product saved: ☀ Schnäppchen: 4 Drucker-Patronen Canon Pixma 551 ...
[2025-11-09 09:27:24,573] DEBUG: Fetching details: https://www.kleinanzeigen.de/s-anzeige/7-druckerpatronen-fuer-canon-pixma-u-ae-/3237333631-225-9449
[2025-11-09 09:27:27,183] INFO: Product saved: 7 Druckerpatronen für Canon Pixma u.ä....
[2025-11-09 09:27:27,185] DEBUG: Fetching details: https://www.kleinanzeigen.de/s-anzeige/druckerpatrone-canon-pixma-xl-571-bl-xl-schwarz-neu/3237331255-225-9505
[2025-11-09 09:27:30,730] INFO: Product saved: Druckerpatrone Canon PIXMA XL 571 BL XL schwarz NE...
[2025-11-09 09:27:30,732] DEBUG: Fetching details: https://www.kleinanzeigen.de/s-anzeige/druckerpatronen-canon-xl/3237279544-225-3043
[2025-11-09 09:27:33,839] INFO: Product saved: Druckerpatronen Canon XL...
[2025-11-09 09:27:33,841] DEBUG: Fetching details: https://www.kleinanzeigen.de/s-anzeige/druckerpatronen-canon-pixma-mg-und-ts-passend/3237239793-225-20334
[2025-11-09 09:27:36,791] INFO: Product saved: Druckerpatronen Canon pixma MG  und TS passend...
[2025-11-09 09:27:36,793] DEBUG: Fetching details: https://www.kleinanzeigen.de/s-anzeige/verkaufe-druckerpatrone-pg545xl-schwarz-fuer-canon-pixma/3237202865-225-4601
[2025-11-09 09:27:38,819] INFO: Product saved: Verkaufe Druckerpatrone PG545XL Schwarz für Canon ...
[2025-11-09 09:27:38,821] DEBUG: Fetching details: https://www.kleinanzeigen.de/s-anzeige/canon-druckerpatronen-551-xl-3-st-2-x-sw-originalverpackt/3237206949-225-8892
[2025-11-09 09:27:40,911] INFO: Product saved: CANON Druckerpatronen 551 XL (3 St.) + 2 X sw- ORI...
[2025-11-09 09:27:40,913] DEBUG: Fetching details: https://www.kleinanzeigen.de/s-anzeige/54-druckerpatronen-fuer-canon-drucker/3237154630-225-1757
[2025-11-09 09:27:42,636] INFO: Product saved: 54 Druckerpatronen  für Canon Drucker...
[2025-11-09 09:27:42,638] DEBUG: Fetching details: https://www.kleinanzeigen.de/s-anzeige/druckerpatronen-canon-pixma-ip-7200-etc-neu-/3237098342-225-4516
[2025-11-09 09:27:45,052] INFO: Product saved: Druckerpatronen Canon Pixma IP 7200 etc. Neu !!!...
[2025-11-09 09:27:45,053] DEBUG: Fetching details: https://www.kleinanzeigen.de/s-anzeige/11-druckerpatronen-fuer-canon-520-521-mp540-mp540x-mp550-etc-/3237083011-225-9269
[2025-11-09 09:27:47,125] INFO: Product saved: 11 Druckerpatronen für Canon 520 521 MP540 MP540x ...
[2025-11-09 09:27:47,127] DEBUG: Fetching details: https://www.kleinanzeigen.de/s-anzeige/druckerpatronen-canon-pixma/3237064952-225-7114
[2025-11-09 09:27:49,442] INFO: Product saved: Druckerpatronen Canon PIXMA...
[2025-11-09 09:27:50,443] DEBUG: Loading page 6: https://www.kleinanzeigen.de/s-seite:6/Druckerpatrone-Canon/k0
[2025-11-09 09:27:52,674] DEBUG: Found 25 product in the page: 6
[2025-11-09 09:27:52,675] DEBUG: Fetching details: https://www.kleinanzeigen.de/s-anzeige/canon-druckerpatrone-bc-20-3mal-schwarz-neu-ovp-np90-/3237059156-225-1718
[2025-11-09 09:27:54,853] INFO: Product saved: Canon Druckerpatrone BC-20 3mal schwarz NEU OVP NP...
[2025-11-09 09:27:54,855] DEBUG: Fetching details: https://www.kleinanzeigen.de/s-anzeige/druckerpatronen-fuer-den-drucker-canon-mg-6450/3237040038-225-1986
[2025-11-09 09:27:56,856] INFO: Product saved: Druckerpatronen für den Drucker Canon MG 6450...
[2025-11-09 09:27:56,858] DEBUG: Fetching details: https://www.kleinanzeigen.de/s-anzeige/15er-570-571-druckerpatrone-kompatibel-canon-druck-ink-tank/3237007095-225-9196
[2025-11-09 09:27:59,871] INFO: Product saved: 15er 570 - 571 Druckerpatrone kompatibel Canon Dru...
[2025-11-09 09:27:59,872] ERROR: Ad parse error: can only concatenate str (not "NoneType") to str
[2025-11-09 09:27:59,874] DEBUG: Fetching details: https://www.kleinanzeigen.de/s-anzeige/druckerpatronen-canon/3236957014-225-877
[2025-11-09 09:28:03,251] INFO: Product saved: Druckerpatronen Canon...
[2025-11-09 09:28:03,253] DEBUG: Fetching details: https://www.kleinanzeigen.de/s-anzeige/3-druckerpatronen-canon-mp550-schwarz-neu/3236918208-225-18683
[2025-11-09 09:28:05,077] INFO: Product saved: 3 Druckerpatronen Canon MP550 schwarz neu...
[2025-11-09 09:28:05,083] DEBUG: Fetching details: https://www.kleinanzeigen.de/s-anzeige/druckerpatronen-fuer-canon-ts5000-und-gleiche-modelle/3236812301-225-9042
[2025-11-09 09:28:07,760] INFO: Product saved: Druckerpatronen für Canon TS5000 und gleiche Model...
[2025-11-09 09:28:07,764] DEBUG: Fetching details: https://www.kleinanzeigen.de/s-anzeige/druckerpatronen-canon/3236787990-225-7408
[2025-11-09 09:28:10,025] INFO: Product saved: Druckerpatronen Canon...
[2025-11-09 09:28:10,026] DEBUG: Fetching details: https://www.kleinanzeigen.de/s-anzeige/druckerpatronen-canon-maxify-2500xl/3236751754-225-2180
[2025-11-09 09:28:13,344] INFO: Product saved: Druckerpatronen Canon Maxify 2500XL...
[2025-11-09 09:28:13,346] DEBUG: Fetching details: https://www.kleinanzeigen.de/s-anzeige/canon-pixma-mx925-gebraucht-defekt-24x-druckerpatronen/3236737557-225-9513
[2025-11-09 09:28:16,093] INFO: Product saved: Canon PIXMA MX925 gebraucht - defekt - 24x Drucker...
[2025-11-09 09:28:16,094] DEBUG: Fetching details: https://www.kleinanzeigen.de/s-anzeige/druckerpatronen-canon-5-/3236726626-225-13372
[2025-11-09 09:28:18,249] INFO: Product saved: Druckerpatronen Canon 5€...
[2025-11-09 09:28:18,251] DEBUG: Fetching details: https://www.kleinanzeigen.de/s-anzeige/canon-original-pixma-cli-571-xl-druckerpatrone-ungeoeffnet/3236674953-225-6686
[2025-11-09 09:28:20,569] INFO: Product saved: CANON Original Pixma CLI 571 XL Druckerpatrone ung...
[2025-11-09 09:28:20,571] DEBUG: Fetching details: https://www.kleinanzeigen.de/s-anzeige/druckerpatronen-canon/3236641571-225-7529
[2025-11-09 09:28:22,673] INFO: Product saved: Druckerpatronen Canon...
[2025-11-09 09:28:22,675] DEBUG: Fetching details: https://www.kleinanzeigen.de/s-anzeige/14-canon-ip-druckerpatronen-cli526/3236621425-225-8308
[2025-11-09 09:28:24,865] INFO: Product saved: 14 Canon iP Druckerpatronen CLI526...
[2025-11-09 09:28:24,866] DEBUG: Fetching details: https://www.kleinanzeigen.de/s-anzeige/druckerpatronen-canon-drucker/3236602947-225-2417
[2025-11-09 09:28:26,419] INFO: Product saved: Druckerpatronen Canon Drucker...
[2025-11-09 09:28:26,420] DEBUG: Fetching details: https://www.kleinanzeigen.de/s-anzeige/original-druckerpatrone-canon-pg-40/3236567633-225-7061
[2025-11-09 09:28:27,886] INFO: Product saved: Original  Druckerpatrone Canon PG-40...
[2025-11-09 09:28:27,888] DEBUG: Fetching details: https://www.kleinanzeigen.de/s-anzeige/canon-druckerpatronen/3236538523-225-15771
[2025-11-09 09:28:29,939] INFO: Product saved: Canon Druckerpatronen...
[2025-11-09 09:28:29,941] DEBUG: Fetching details: https://www.kleinanzeigen.de/s-anzeige/original-canon-pixma-druckerpatrone-cli-581-581-bk/3236506293-225-1218
[2025-11-09 09:28:33,779] INFO: Product saved: Original Canon Pixma Druckerpatrone CLI-581 581 BK...
[2025-11-09 09:28:33,781] DEBUG: Fetching details: https://www.kleinanzeigen.de/s-anzeige/druckerpatronen-kompatibel-mit-canon-pixima-ts/3236465735-225-1831
[2025-11-09 09:28:36,402] INFO: Product saved: Druckerpatronen kompatibel mit Canon Pixima TS...
[2025-11-09 09:28:36,404] DEBUG: Fetching details: https://www.kleinanzeigen.de/s-anzeige/druckerpatronen-kompatibel-fuer-canon-520-521/3236445324-225-1550
[2025-11-09 09:28:38,259] INFO: Product saved: Druckerpatronen kompatibel für Canon 520 / 521...
[2025-11-09 09:28:38,261] DEBUG: Fetching details: https://www.kleinanzeigen.de/s-anzeige/original-canon-druckerpatrone-pgi-555-pgbk-xxl/3236430939-225-8865
[2025-11-09 09:28:40,323] INFO: Product saved: Original Canon Druckerpatrone PGI 555 PGBK XXL...
[2025-11-09 09:28:40,325] DEBUG: Fetching details: https://www.kleinanzeigen.de/s-anzeige/druckerpatronen-canon-pixma-ts-5055/3236409517-225-8699
[2025-11-09 09:28:41,996] INFO: Product saved: Druckerpatronen Canon pixma TS 5055...
[2025-11-09 09:28:41,998] DEBUG: Fetching details: https://www.kleinanzeigen.de/s-anzeige/druckerpatronen-fuer-canon-pixma-und-andere/3236368380-225-4653
[2025-11-09 09:28:43,821] INFO: Product saved: Druckerpatronen für Canon Pixma und andere...
[2025-11-09 09:28:43,823] DEBUG: Fetching details: https://www.kleinanzeigen.de/s-anzeige/druckerpatronen-fuer-canon-pixma-640/3236350314-225-7982
[2025-11-09 09:28:45,616] INFO: Product saved: Druckerpatronen für Canon Pixma 640...
[2025-11-09 09:28:45,617] DEBUG: Fetching details: https://www.kleinanzeigen.de/s-anzeige/canon-drucker-pixma-o-ae-druckerpatronen-neu-u-ovp-26stueck-alle-f/3236327162-18-4828
[2025-11-09 09:28:47,202] INFO: Product saved: Canon Drucker PIXMA o.ä. Druckerpatronen neu u.OVP...
[2025-11-09 09:28:48,203] DEBUG: Loading page 7: https://www.kleinanzeigen.de/s-seite:7/Druckerpatrone-Canon/k0
[2025-11-09 09:28:49,813] DEBUG: Found 25 product in the page: 7
[2025-11-09 09:28:49,814] DEBUG: Fetching details: https://www.kleinanzeigen.de/s-anzeige/12x-druckerpatronen-canon-c551-2x-c550xl-1x-c555-xxl-neu/3236323630-225-4954
[2025-11-09 09:28:51,701] INFO: Product saved: 12x Druckerpatronen Canon C551 2x C550XL 1x C555 X...
[2025-11-09 09:28:51,704] DEBUG: Fetching details: https://www.kleinanzeigen.de/s-anzeige/druckerpatronen-canon-545-schwarz-xl-und-546-color-xl-/3236291681-93-989
[2025-11-09 09:28:53,218] INFO: Product saved: Druckerpatronen Canon 545 (schwarz Xl) und 546 (Co...
[2025-11-09 09:28:53,220] DEBUG: Fetching details: https://www.kleinanzeigen.de/s-anzeige/canon-pixma-ip7250-farbdrucker-mit-druckerpatronen/3236278559-225-704
[2025-11-09 09:28:54,784] INFO: Product saved: Canon Pixma iP7250 Farbdrucker mit Druckerpatronen...
[2025-11-09 09:28:54,786] DEBUG: Fetching details: https://www.kleinanzeigen.de/s-anzeige/diverse-alternative-canon-druckerpatronen-cli-550-551/3236253553-225-5422
[2025-11-09 09:28:56,434] INFO: Product saved: Diverse Alternative Canon Druckerpatronen  CLI -55...
[2025-11-09 09:28:56,435] DEBUG: Fetching details: https://www.kleinanzeigen.de/s-anzeige/120-x-cp-525-black-druckerpatrone-fuer-canon-pgi-525bk/3236229664-225-7904
[2025-11-09 09:28:58,190] INFO: Product saved: 120 x CP-525 Black Druckerpatrone  für Canon PGI-5...
[2025-11-09 09:28:58,191] DEBUG: Fetching details: https://www.kleinanzeigen.de/s-anzeige/druckerpatronen-canon-570-571-kompatibel/3236215053-225-1676
[2025-11-09 09:28:59,752] INFO: Product saved: Druckerpatronen Canon 570 571 kompatibel...
[2025-11-09 09:28:59,753] DEBUG: Fetching details: https://www.kleinanzeigen.de/s-anzeige/canon-druckerpatrone-cl546-xl-neu/3236198785-225-2997
[2025-11-09 09:29:01,596] INFO: Product saved: Canon druckerpatrone CL546 XL NEU...
[2025-11-09 09:29:01,597] DEBUG: Fetching details: https://www.kleinanzeigen.de/s-anzeige/canon-druckerpatronen-570-571/3236178587-225-5681
[2025-11-09 09:29:03,163] INFO: Product saved: Canon Druckerpatronen 570/571...
[2025-11-09 09:29:03,164] DEBUG: Fetching details: https://www.kleinanzeigen.de/s-anzeige/druckerpatronen-fuer-canon-drucker-540-541-xl/3236143441-225-910
[2025-11-09 09:29:05,235] INFO: Product saved: Druckerpatronen für Canon Drucker 540 541 xl...
[2025-11-09 09:29:05,237] DEBUG: Fetching details: https://www.kleinanzeigen.de/s-anzeige/druckerpatronen-bunt-color-cl-541-xl-fuer-canon/3236119919-225-7747
[2025-11-09 09:29:06,706] INFO: Product saved: Druckerpatronen bunt color CL 541 XL für Canon...
[2025-11-09 09:29:06,708] DEBUG: Fetching details: https://www.kleinanzeigen.de/s-anzeige/canon-druckerpatronen-neu-/3236105811-225-4284
[2025-11-09 09:29:08,223] INFO: Product saved: Canon Druckerpatronen neu!!!...
[2025-11-09 09:29:08,224] DEBUG: Fetching details: https://www.kleinanzeigen.de/s-anzeige/ankauf-ihrer-leeren-vollen-canon-und-hp-62-62xl-301-301xl-302-302xl-303-303xl-304-304xl-305-305xl-canon-540-541-545-546-560-561-575-576-585-586-510-511-512-513-leere-druckerpatronen-tintenpatronen/1882794874-225-9683
[2025-11-09 09:29:10,312] INFO: Product saved: Ankauf Ihrer leeren vollen Canon und HP 62 62XL 30...
[2025-11-09 09:29:10,313] DEBUG: Fetching details: https://www.kleinanzeigen.de/s-anzeige/canon-druckerpatronen-545-546-neu-versiegelt/3235968548-225-2852
[2025-11-09 09:29:11,710] INFO: Product saved: Canon Druckerpatronen 545 546 Neu versiegelt...
[2025-11-09 09:29:11,712] DEBUG: Fetching details: https://www.kleinanzeigen.de/s-anzeige/druckerpatronen-canon-neu/3235943311-225-5659
[2025-11-09 09:29:13,236] INFO: Product saved: Druckerpatronen Canon neu...
[2025-11-09 09:29:13,237] DEBUG: Fetching details: https://www.kleinanzeigen.de/s-anzeige/ankauf-ihrer-leeren-vollen-hp-und-canon-540-541-545-546-560-561-575-576-585-586-510-511-512-513-40-41-37-38-50-51-leere-volle-ueberlagerte-druckerpatronen-tintenpatronen-toner-hp-62-302-303-304-305/1117663714-225-9683
[2025-11-09 09:29:15,902] INFO: Product saved: Ankauf Ihrer leeren vollen HP und Canon 540 541 54...
[2025-11-09 09:29:15,903] DEBUG: Fetching details: https://www.kleinanzeigen.de/s-anzeige/druckerpatrone-drucker-canon-neu/3235894689-225-3512
[2025-11-09 09:29:17,220] INFO: Product saved: Druckerpatrone Drucker Canon NEU...
[2025-11-09 09:29:17,221] DEBUG: Fetching details: https://www.kleinanzeigen.de/s-anzeige/neu-3x-druckerpatronen-fuer-canon-pixma-mg-5752/3235881358-225-9054
[2025-11-09 09:29:18,976] INFO: Product saved: NEU - 3x Druckerpatronen für Canon Pixma MG 5752...
[2025-11-09 09:29:18,977] DEBUG: Fetching details: https://www.kleinanzeigen.de/s-anzeige/canon-pixma-druckerpatronen/3235864719-225-24625
[2025-11-09 09:29:21,137] INFO: Product saved: Canon Pixma Druckerpatronen...
[2025-11-09 09:29:21,139] DEBUG: Fetching details: https://www.kleinanzeigen.de/s-anzeige/druckerpatrone-canon-cli-36/3235707914-225-3328
[2025-11-09 09:29:22,855] INFO: Product saved: Druckerpatrone Canon CLI 36...
[2025-11-09 09:29:22,856] DEBUG: Fetching details: https://www.kleinanzeigen.de/s-anzeige/canon-druckerpatronen/3235699848-225-4501
[2025-11-09 09:29:24,461] INFO: Product saved: Canon Druckerpatronen...
[2025-11-09 09:29:24,462] DEBUG: Fetching details: https://www.kleinanzeigen.de/s-anzeige/druckerpatronen-fuer-canon/3235609580-225-3013
[2025-11-09 09:29:25,850] INFO: Product saved: Druckerpatronen für Canon...
[2025-11-09 09:29:25,851] ERROR: Ad parse error: can only concatenate str (not "NoneType") to str
[2025-11-09 09:29:25,852] DEBUG: Fetching details: https://www.kleinanzeigen.de/s-anzeige/canon-druckerpatrone-pg-540-xl-black-2-stueck-/3235603175-225-3466
[2025-11-09 09:29:27,484] INFO: Product saved: Canon Druckerpatrone PG-540 XL Black (2 Stück)...
[2025-11-09 09:29:27,485] DEBUG: Fetching details: https://www.kleinanzeigen.de/s-anzeige/11-druckerpatronen-canon-komp-/3235595412-228-1155
[2025-11-09 09:29:29,008] INFO: Product saved: 11-Druckerpatronen Canon komp....
[2025-11-09 09:29:29,009] DEBUG: Fetching details: https://www.kleinanzeigen.de/s-anzeige/druckerpatronen-fuer-canon-drucker/3235576003-225-3078
[2025-11-09 09:29:31,029] INFO: Product saved: Druckerpatronen für Canon Drucker...
[2025-11-09 09:29:32,030] DEBUG: Loading page 8: https://www.kleinanzeigen.de/s-seite:8/Druckerpatrone-Canon/k0
[2025-11-09 09:29:36,812] DEBUG: Found 25 product in the page: 8
[2025-11-09 09:29:36,819] DEBUG: Fetching details: https://www.kleinanzeigen.de/s-anzeige/drucker-patronen-571xl-canon-pixma/3235563136-225-2071
[2025-11-09 09:29:42,440] INFO: Product saved: Drucker-Patronen 571XL Canon PIXMA...
[2025-11-09 09:29:42,446] DEBUG: Fetching details: https://www.kleinanzeigen.de/s-anzeige/druckerpatronen-fuer-canon-pixma-tr8550/3235562881-225-3194
[2025-11-09 09:29:46,410] INFO: Product saved: Druckerpatronen für Canon Pixma TR8550...
[2025-11-09 09:29:46,414] DEBUG: Fetching details: https://www.kleinanzeigen.de/s-anzeige/canon-druckerpatronen-pg-510-und-cl-511/3235539987-225-24476
[2025-11-09 09:29:49,039] INFO: Product saved: Canon Druckerpatronen  PG 510 und CL 511...
[2025-11-09 09:29:49,042] DEBUG: Fetching details: https://www.kleinanzeigen.de/s-anzeige/druckerpatronen-fuer-canon-mg6250/3235522856-225-6799
[2025-11-09 09:29:51,239] INFO: Product saved: Druckerpatronen für Canon MG6250...
[2025-11-09 09:29:51,241] DEBUG: Fetching details: https://www.kleinanzeigen.de/s-anzeige/canon-druckerpatronen-neu/3235516816-225-3203
[2025-11-09 09:29:53,011] INFO: Product saved: Canon Druckerpatronen NEU...
[2025-11-09 09:29:53,014] DEBUG: Fetching details: https://www.kleinanzeigen.de/s-anzeige/druckerpatronen-570-571-canon-kompatibel-voll-und-ungeoeffnet/3235482334-225-16496
[2025-11-09 09:29:54,947] INFO: Product saved: Druckerpatronen 570 + 571 Canon kompatibel - voll ...
[2025-11-09 09:29:54,949] DEBUG: Fetching details: https://www.kleinanzeigen.de/s-anzeige/druckerpatronen-fuer-canon-550xl-551xl/3235455986-225-8810
[2025-11-09 09:29:57,194] INFO: Product saved: Druckerpatronen für Canon 550XL 551XL...
[2025-11-09 09:29:57,195] DEBUG: Fetching details: https://www.kleinanzeigen.de/s-anzeige/druckerpatronen-fuer-canon-drucker/3235434234-225-764
[2025-11-09 09:29:58,948] INFO: Product saved: Druckerpatronen für Canon Drucker...
[2025-11-09 09:29:58,950] DEBUG: Fetching details: https://www.kleinanzeigen.de/s-anzeige/druckerpatronen-1xcl541xl-farbig-3x540xl-s-w-fuer-canon-pixma/3235431488-225-6020
[2025-11-09 09:30:01,599] INFO: Product saved: Druckerpatronen 1xCL541XL farbig 3x540XL s/w für C...
[2025-11-09 09:30:01,601] DEBUG: Fetching details: https://www.kleinanzeigen.de/s-anzeige/druckerpatronen-canon-ip7200-series-550xl-551xl-chip-19-stueck/3235429881-225-7853
[2025-11-09 09:30:03,969] INFO: Product saved: Druckerpatronen Canon IP7200 Series - 550xl+551xl ...
[2025-11-09 09:30:03,970] DEBUG: Fetching details: https://www.kleinanzeigen.de/s-anzeige/9x-druckerpatronen-fuer-canon-tintenstrahldrucker/3235424544-225-5314
[2025-11-09 09:30:05,677] INFO: Product saved: 9x Druckerpatronen für Canon Tintenstrahldrucker...
[2025-11-09 09:30:05,679] DEBUG: Fetching details: https://www.kleinanzeigen.de/s-anzeige/canon-pixma-druckerpatronen-540-541-xl-multipack/3235321102-225-932
[2025-11-09 09:30:07,418] INFO: Product saved: Canon Pixma Druckerpatronen 540 / 541 XL / Multipa...
[2025-11-09 09:30:07,420] DEBUG: Fetching details: https://www.kleinanzeigen.de/s-anzeige/druckerpatronen-canon-pixma-ipl-7250-neu-ovp/3235265860-225-4506
[2025-11-09 09:30:09,928] INFO: Product saved: Druckerpatronen CANON Pixma IPl 7250 – NEU OVP...
[2025-11-09 09:30:09,930] DEBUG: Fetching details: https://www.kleinanzeigen.de/s-anzeige/druckerpatronen-c-525-c526-canon/3235252734-225-7052
[2025-11-09 09:30:11,623] INFO: Product saved: Druckerpatronen C 525/C526 Canon...
[2025-11-09 09:30:11,628] DEBUG: Fetching details: https://www.kleinanzeigen.de/s-anzeige/diverse-druckerpatronen-canon-cl-36/3235231687-225-3520
[2025-11-09 09:30:14,262] INFO: Product saved: Diverse druckerpatronen Canon CL-36...
[2025-11-09 09:30:14,264] DEBUG: Fetching details: https://www.kleinanzeigen.de/s-anzeige/druckerpatrone-canon-546-color-xl/3235221394-225-1522
[2025-11-09 09:30:15,835] INFO: Product saved: Druckerpatrone Canon 546 Color XL...
[2025-11-09 09:30:15,837] DEBUG: Fetching details: https://www.kleinanzeigen.de/s-anzeige/6-druckerpatronen-canon-551-cyan-black-magenta-yellow/3235211240-225-24588
[2025-11-09 09:30:17,478] INFO: Product saved: 6 Druckerpatronen Canon 551 Cyan Black Magenta Yel...
[2025-11-09 09:30:17,479] DEBUG: Fetching details: https://www.kleinanzeigen.de/s-anzeige/druckerpatronen-canon-cli-550-pgbk-xl-neu-original-schwarz/3235206441-225-2842
[2025-11-09 09:30:19,123] INFO: Product saved: Druckerpatronen Canon CLI-550 PGBK XL * neu & orig...
[2025-11-09 09:30:19,124] ERROR: Ad parse error: can only concatenate str (not "NoneType") to str
[2025-11-09 09:30:19,125] ERROR: Ad parse error: can only concatenate str (not "NoneType") to str
[2025-11-09 09:30:19,126] DEBUG: Fetching details: https://www.kleinanzeigen.de/s-anzeige/druckerpatronen-jarbo-571xl-fuer-z-b-canons-ts5000/3235007047-225-3911
[2025-11-09 09:30:20,625] INFO: Product saved: Druckerpatronen Jarbo 571xl für z.b. Canons Ts5000...
[2025-11-09 09:30:20,626] DEBUG: Fetching details: https://www.kleinanzeigen.de/s-anzeige/swiss-ink-canon-druckerpatronen-pgi550-cli551/3234997885-225-3261
[2025-11-09 09:30:22,256] INFO: Product saved: Swiss Ink Canon Druckerpatronen PGI550 CLI551...
[2025-11-09 09:30:22,258] DEBUG: Fetching details: https://www.kleinanzeigen.de/s-anzeige/druckerpatronen-canon-545-und-545/3234995759-225-4525
[2025-11-09 09:30:23,845] INFO: Product saved: Druckerpatronen Canon 545 und 545...
[2025-11-09 09:30:23,846] ERROR: Ad parse error: can only concatenate str (not "NoneType") to str
[2025-11-09 09:30:23,848] DEBUG: Fetching details: https://www.kleinanzeigen.de/s-anzeige/2-canon-druckerpatronen-schwarz-551-bk/3234956425-225-3420
[2025-11-09 09:30:25,734] INFO: Product saved: 2 Canon Druckerpatronen schwarz 551 BK...
[2025-11-09 09:30:26,734] DEBUG: Loading page 9: https://www.kleinanzeigen.de/s-seite:9/Druckerpatrone-Canon/k0
[2025-11-09 09:30:29,102] DEBUG: Found 25 product in the page: 9
[2025-11-09 09:30:29,105] DEBUG: Fetching details: https://www.kleinanzeigen.de/s-anzeige/2-canon-druckerpatronen-schwarz-551-bk/3234956425-225-3420
[2025-11-09 09:30:31,303] INFO: Product saved: 2 Canon Druckerpatronen schwarz 551 BK...
[2025-11-09 09:30:31,308] ERROR: Ad parse error: can only concatenate str (not "NoneType") to str
[2025-11-09 09:30:31,314] ERROR: Ad parse error: can only concatenate str (not "NoneType") to str
[2025-11-09 09:30:31,325] DEBUG: Fetching details: https://www.kleinanzeigen.de/s-anzeige/druckerpatrone-kompatibel-fuer-canon-pg-560xl-schwarz-neu/3234940834-225-5578
[2025-11-09 09:30:33,404] INFO: Product saved: Druckerpatrone kompatibel für Canon PG-560XL (Schw...
[2025-11-09 09:30:33,405] DEBUG: Fetching details: https://www.kleinanzeigen.de/s-anzeige/canon-druckerpatrone-526-schwarz/3234939990-225-9255
[2025-11-09 09:30:35,676] INFO: Product saved: Canon Druckerpatrone 526 schwarz...
[2025-11-09 09:30:35,678] DEBUG: Fetching details: https://www.kleinanzeigen.de/s-anzeige/canon-pgi-580-cli-581-original-druckerpatronen-set-leer/3234935719-225-8012
[2025-11-09 09:30:39,072] INFO: Product saved: CANON PGI-580 / CLI-581 | Original | Druckerpatron...
[2025-11-09 09:30:39,073] ERROR: Ad parse error: can only concatenate str (not "NoneType") to str
[2025-11-09 09:30:39,079] DEBUG: Fetching details: https://www.kleinanzeigen.de/s-anzeige/druckerpatronen-kompartibel-zu-canon-pixma-tr-4550/3234924025-225-5266
[2025-11-09 09:30:44,611] INFO: Product saved: Druckerpatronen kompartibel zu CANON PIXMA TR 4550...
[2025-11-09 09:30:44,618] DEBUG: Fetching details: https://www.kleinanzeigen.de/s-anzeige/druckerpatronen-kompartibel-zu-canon-pixma-tr-4550/3234913484-225-5266
[2025-11-09 09:30:49,364] INFO: Product saved: Druckerpatronen kompartibel zu CANON PIXMA TR 4550...
[2025-11-09 09:30:49,366] DEBUG: Fetching details: https://www.kleinanzeigen.de/s-anzeige/canon-pixma-black-color-druckerpatrone-neu-ovp/3234902361-225-7461
[2025-11-09 09:30:52,843] INFO: Product saved: Canon Pixma Black & Color Druckerpatrone Neu & OVP...
[2025-11-09 09:30:52,846] DEBUG: Fetching details: https://www.kleinanzeigen.de/s-anzeige/druckerpatronen-canon-original-571/3234849076-225-9404
[2025-11-09 09:30:57,894] INFO: Product saved: Druckerpatronen Canon Original 571...
[2025-11-09 09:30:57,896] DEBUG: Fetching details: https://www.kleinanzeigen.de/s-anzeige/druckerpatronen-canon-pixma/3234841277-225-2599
[2025-11-09 09:31:01,372] INFO: Product saved: Druckerpatronen Canon Pixma...
[2025-11-09 09:31:01,374] DEBUG: Fetching details: https://www.kleinanzeigen.de/s-anzeige/druckerpatronen-canon/3234789616-228-982
[2025-11-09 09:31:07,023] INFO: Product saved: Druckerpatronen CANON...
[2025-11-09 09:31:07,028] DEBUG: Fetching details: https://www.kleinanzeigen.de/s-anzeige/kompatibel-canon-pgi-550xl-cli-551xl-druckerpatronen-multipack/3234787014-225-4826
[2025-11-09 09:31:12,663] INFO: Product saved: Kompatibel Canon PGI-550XL/CLI-551XL Druckerpatron...
[2025-11-09 09:31:12,671] DEBUG: Fetching details: https://www.kleinanzeigen.de/s-anzeige/druckerpatronen-fuer-canon/3234785179-225-1909
[2025-11-09 09:31:15,760] INFO: Product saved: Druckerpatronen für Canon...
[2025-11-09 09:31:15,764] DEBUG: Fetching details: https://www.kleinanzeigen.de/s-anzeige/druckerpatronen-fuer-diverse-canon-drucker-cli-551bk/3234771223-225-27679
[2025-11-09 09:31:17,989] INFO: Product saved: Druckerpatronen für diverse Canon Drucker CLI- 551...
[2025-11-09 09:31:17,992] DEBUG: Fetching details: https://www.kleinanzeigen.de/s-anzeige/druckerpatronen-canon-pixma-525-825/3234750399-225-8969
[2025-11-09 09:31:20,503] INFO: Product saved: Druckerpatronen Canon Pixma 525 825...
[2025-11-09 09:31:20,504] ERROR: Ad parse error: can only concatenate str (not "NoneType") to str
[2025-11-09 09:31:20,505] DEBUG: Fetching details: https://www.kleinanzeigen.de/s-anzeige/14-druckerpatronen-canon-551-550/3234661150-225-8827
[2025-11-09 09:31:22,560] INFO: Product saved: 14 Druckerpatronen Canon 551 / 550...
[2025-11-09 09:31:22,565] DEBUG: Fetching details: https://www.kleinanzeigen.de/s-anzeige/leere-druckerpatronen-canon-545xl-u-546xl-original-11-stueck/3234646194-228-7607
[2025-11-09 09:31:24,986] INFO: Product saved: Leere 'Druckerpatronen Canon 545Xl u 546XL origina...
[2025-11-09 09:31:24,988] DEBUG: Fetching details: https://www.kleinanzeigen.de/s-anzeige/druckerpatronen-original-canon-pixma/3234636633-168-1913
[2025-11-09 09:31:27,086] INFO: Product saved: Druckerpatronen Original Canon PIXMA...
[2025-11-09 09:31:27,088] DEBUG: Fetching details: https://www.kleinanzeigen.de/s-anzeige/druckerpatronen-fuer-canon/3234625974-225-3045
[2025-11-09 09:31:30,580] INFO: Product saved: Druckerpatronen für Canon...
[2025-11-09 09:31:30,582] DEBUG: Fetching details: https://www.kleinanzeigen.de/s-anzeige/neue-canon-druckerpatrone-541xl-black/3234604464-225-5430
[2025-11-09 09:31:32,582] INFO: Product saved: Neue Canon Druckerpatrone 541xl Black...
[2025-11-09 09:31:32,584] DEBUG: Fetching details: https://www.kleinanzeigen.de/s-anzeige/original-druckerpatronen-fuer-canon-pixma/3234584784-225-20176
[2025-11-09 09:31:35,031] INFO: Product saved: Original Druckerpatronen für Canon Pixma...
[2025-11-09 09:31:35,033] DEBUG: Fetching details: https://www.kleinanzeigen.de/s-anzeige/canon-druckerpatronen-pixma-525-und-526/3234576303-225-8583
[2025-11-09 09:31:36,998] INFO: Product saved: Canon Druckerpatronen Pixma 525 und 526...
[2025-11-09 09:31:37,999] DEBUG: Loading page 10: https://www.kleinanzeigen.de/s-seite:10/Druckerpatrone-Canon/k0
[2025-11-09 09:31:40,202] DEBUG: Found 25 product in the page: 10
[2025-11-09 09:31:40,204] DEBUG: Fetching details: https://www.kleinanzeigen.de/s-anzeige/canon-druckerpatronen-pixma-525-und-526/3234576303-225-8583
[2025-11-09 09:31:42,387] INFO: Product saved: Canon Druckerpatronen Pixma 525 und 526...
[2025-11-09 09:31:42,389] DEBUG: Fetching details: https://www.kleinanzeigen.de/s-anzeige/druckerpatronen-mit-vielen-canon-tintenstrahldruckern-kompatibel/3234554681-225-4832
[2025-11-09 09:31:45,714] INFO: Product saved: Druckerpatronen mit vielen Canon Tintenstrahldruck...
[2025-11-09 09:31:45,716] DEBUG: Fetching details: https://www.kleinanzeigen.de/s-anzeige/druckerpatronen-passend-fuer-canon-drucker-4-in-1-mx925/3234519692-225-6296
[2025-11-09 09:31:48,669] INFO: Product saved: Druckerpatronen passend für Canon Drucker 4 in 1 M...
[2025-11-09 09:31:48,673] DEBUG: Fetching details: https://www.kleinanzeigen.de/s-anzeige/56-canon-druckerpatronen-550xl-551/3234460825-225-3044
[2025-11-09 09:31:53,689] INFO: Product saved: 56 CANON Druckerpatronen 550XL  & 551...
[2025-11-09 09:31:53,695] DEBUG: Fetching details: https://www.kleinanzeigen.de/s-anzeige/-30-xl-druckerpatronen-fuer-canon-cli-551-/3234455003-93-8391
[2025-11-09 09:32:00,647] INFO: Product saved: ⭐️30 XL Druckerpatronen für Canon CLI 551⭐️...
[2025-11-09 09:32:00,650] DEBUG: Fetching details: https://www.kleinanzeigen.de/s-anzeige/ersatz-druckerpatronen-tonerkingdom-570xl-canon-pixma-kompatibel/3234452375-225-989
[2025-11-09 09:32:05,718] INFO: Product saved: Ersatz-Druckerpatronen Tonerkingdom 570XL (Canon P...
[2025-11-09 09:32:05,720] DEBUG: Fetching details: https://www.kleinanzeigen.de/s-anzeige/kompatible-canon-druckerpatronen-cli-526-pgi-525/3234440307-225-30061
[2025-11-09 09:32:08,888] INFO: Product saved: Kompatible Canon Druckerpatronen CLI-526 / PGI-525...
[2025-11-09 09:32:08,893] DEBUG: Fetching details: https://www.kleinanzeigen.de/s-anzeige/canon-druckerpatronen/3234392468-225-4728
[2025-11-09 09:32:10,736] INFO: Product saved: Canon Druckerpatronen...
[2025-11-09 09:32:10,736] ERROR: Ad parse error: can only concatenate str (not "NoneType") to str
[2025-11-09 09:32:10,737] DEBUG: Fetching details: https://www.kleinanzeigen.de/s-anzeige/druckerpatronen-fuer-canon-ip-4850/3234299213-225-1984
[2025-11-09 09:32:13,856] INFO: Product saved: Druckerpatronen für Canon IP 4850...
[2025-11-09 09:32:13,863] DEBUG: Fetching details: https://www.kleinanzeigen.de/s-anzeige/15x-druckerpatronen-mit-chip-xxl-fuer-canon-pixma-mg5500-mg6650/3234289996-225-1569
[2025-11-09 09:32:18,461] INFO: Product saved: 15x Druckerpatronen + mit Chip XXL für Canon Pixma...
[2025-11-09 09:32:18,464] ERROR: Ad parse error: list index out of range
[2025-11-09 09:32:18,465] DEBUG: Fetching details: https://www.kleinanzeigen.de/s-anzeige/canon-571-druckerpatronen/3234128132-225-9292
[2025-11-09 09:32:22,282] INFO: Product saved: canon 571 Druckerpatronen...
[2025-11-09 09:32:22,287] DEBUG: Fetching details: https://www.kleinanzeigen.de/s-anzeige/druckerpatronen-toner-xl-526-fuer-canon-drucker/3234062955-225-8937
[2025-11-09 09:32:29,078] INFO: Product saved: Druckerpatronen / Toner XL 526 für Canon-Drucker...
[2025-11-09 09:32:29,082] ERROR: Ad parse error: can only concatenate str (not "NoneType") to str
[2025-11-09 09:32:29,087] DEBUG: Fetching details: https://www.kleinanzeigen.de/s-anzeige/kompatibel-canon-pg-512-cl-513-xl-druckerpatronen-512-513-washope/3234037746-225-794
[2025-11-09 09:32:34,748] INFO: Product saved: KOMPATIBEL CANON PG-512 CL-513 XL Druckerpatronen ...
[2025-11-09 09:32:34,753] DEBUG: Fetching details: https://www.kleinanzeigen.de/s-anzeige/aufgefuellte-canon-521-druckerpatronen-mcy/3233983436-225-3841
[2025-11-09 09:32:41,661] INFO: Product saved: aufgefüllte Canon 521 Druckerpatronen MCY...
[2025-11-09 09:32:41,670] DEBUG: Fetching details: https://www.kleinanzeigen.de/s-anzeige/canon-pixma-551-druckerpatronen-neu-und-original-/3233962605-225-3204
[2025-11-09 09:32:46,366] INFO: Product saved: Canon pixma 551 Druckerpatronen neu und original!...
[2025-11-09 09:32:46,372] DEBUG: Fetching details: https://www.kleinanzeigen.de/s-anzeige/42x-druckerpatronen-canon-pixma-ts-5055/3233806195-225-8844
[2025-11-09 09:32:51,502] INFO: Product saved: 42x Druckerpatronen Canon pixma TS 5055...
[2025-11-09 09:32:51,507] DEBUG: Fetching details: https://www.kleinanzeigen.de/s-anzeige/canon-druckerpatronen-5er-set-c550-551xl-neu-ovp/3233798506-225-2003
[2025-11-09 09:32:57,997] INFO: Product saved: Canon Druckerpatronen 5er-Set (C550/551XL) Neu & O...
[2025-11-09 09:32:57,999] DEBUG: Fetching details: https://www.kleinanzeigen.de/s-anzeige/druckerpatrone-canon-xl545-black-neu-unbenutzt/3233759397-225-1373
[2025-11-09 09:33:01,929] INFO: Product saved: Druckerpatrone Canon Xl545 black neu unbenutzt...
[2025-11-09 09:33:01,935] DEBUG: Fetching details: https://www.kleinanzeigen.de/s-anzeige/druckerpatronen-canon-maxify-1500-8st-/3233758370-225-7481
[2025-11-09 09:33:05,518] INFO: Product saved: Druckerpatronen Canon MAXIFY 1500 8St....
[2025-11-09 09:33:05,520] DEBUG: Fetching details: https://www.kleinanzeigen.de/s-anzeige/canon-pixma-521-druckerpatronen/3233733878-225-23715
[2025-11-09 09:33:09,308] INFO: Product saved: Canon Pixma 521 Druckerpatronen...
[2025-11-09 09:33:09,313] DEBUG: Fetching details: https://www.kleinanzeigen.de/s-anzeige/canon-druckerpatronen-570-571-xl/3233721925-225-4053
[2025-11-09 09:33:11,813] INFO: Product saved: Canon Druckerpatronen 570/571 xl...
[2025-11-09 09:33:11,815] DEBUG: Fetching details: https://www.kleinanzeigen.de/s-anzeige/druckerpatronen-schwarz-fuer-div-canon-pixma-drucker/3233704048-225-648
[2025-11-09 09:33:16,941] INFO: Product saved: Druckerpatronen Schwarz für div. Canon Pixma Druck...
[2025-11-09 09:33:17,944] DEBUG: Loading page 11: https://www.kleinanzeigen.de/s-seite:11/Druckerpatrone-Canon/k0
[2025-11-09 09:33:21,070] DEBUG: Found 25 product in the page: 11
[2025-11-09 09:33:21,072] DEBUG: Fetching details: https://www.kleinanzeigen.de/s-anzeige/original-druckerpatronen-canon-cli-571-gelb-cli-571-schwarz-ovp/3233676994-225-1644
[2025-11-09 09:33:25,765] INFO: Product saved: Original Druckerpatronen CANON CLI-571 gelb + CLI-...
[2025-11-09 09:33:25,767] DEBUG: Fetching details: https://www.kleinanzeigen.de/s-anzeige/druckerpatrone-schwarz-neu-fuer-canon-drucker/3230955691-225-9305
[2025-11-09 09:33:31,527] INFO: Product saved: Druckerpatrone schwarz neu für Canon Drucker...
[2025-11-09 09:33:31,536] DEBUG: Fetching details: https://www.kleinanzeigen.de/s-anzeige/canon-pgi-570xl-cli-571-pgbk-druckerpatronen-canon-pixma/3233494408-225-29590
[2025-11-09 09:33:36,843] INFO: Product saved: Canon PGI-570XL/CLI-571 PGBK  Druckerpatronen Cano...
[2025-11-09 09:33:36,853] DEBUG: Fetching details: https://www.kleinanzeigen.de/s-anzeige/druckerpatronen-canon-pf-570-xl-cli-571-xl/3233486559-225-7972
[2025-11-09 09:33:42,267] INFO: Product saved: Druckerpatronen Canon PF-570 XL & CLI-571 XL...
[2025-11-09 09:33:42,281] DEBUG: Fetching details: https://www.kleinanzeigen.de/s-anzeige/druckerpatrone-canon-551-bk/3233434650-225-2578
[2025-11-09 09:33:47,832] INFO: Product saved: Druckerpatrone Canon 551 BK...
[2025-11-09 09:33:47,835] DEBUG: Fetching details: https://www.kleinanzeigen.de/s-anzeige/druckerpatrone-fuer-canon-pixma-551-c-xl/3233429044-225-2578
[2025-11-09 09:33:52,534] INFO: Product saved: Druckerpatrone für Canon PIXMA 551 C XL...
[2025-11-09 09:33:52,539] DEBUG: Fetching details: https://www.kleinanzeigen.de/s-anzeige/druckerpatrone-fuer-canon-pixma-555-pgbk/3233424997-225-2578
[2025-11-09 09:33:54,840] INFO: Product saved: Druckerpatrone für Canon PIXMA 555 PGBK...
[2025-11-09 09:33:54,842] DEBUG: Fetching details: https://www.kleinanzeigen.de/s-anzeige/druckerpatrone-fuer-canon-drucker-pixma-551-bk-xl/3233415746-225-2578
[2025-11-09 09:33:58,807] INFO: Product saved: Druckerpatrone für Canon Drucker PIXMA 551 BK XL...
[2025-11-09 09:33:58,810] DEBUG: Fetching details: https://www.kleinanzeigen.de/s-anzeige/druckerpatronen-fuer-canon-pixma/3233292376-225-19394
[2025-11-09 09:34:02,901] INFO: Product saved: Druckerpatronen für Canon PIXMA...
[2025-11-09 09:34:02,905] DEBUG: Fetching details: https://www.kleinanzeigen.de/s-anzeige/canon-druckerpatronen-c-571-xl-unbenutzt/3233205394-225-1964
[2025-11-09 09:34:05,253] INFO: Product saved: Canon Druckerpatronen C 571 XL – unbenutzt...
[2025-11-09 09:34:05,256] DEBUG: Fetching details: https://www.kleinanzeigen.de/s-anzeige/540-xl-druckerpatronen-pg-540-xl-schwarz-2-pack-fuer-canon-neu-/3233110266-225-1732
[2025-11-09 09:34:09,035] INFO: Product saved: 540 XL DruckerPatronen PG-540 XL Schwarz 2-Pack fü...
[2025-11-09 09:34:09,039] DEBUG: Fetching details: https://www.kleinanzeigen.de/s-anzeige/druckerpatronen-fuer-canon-drucker/3233085926-225-8376
[2025-11-09 09:34:11,672] INFO: Product saved: Druckerpatronen für Canon Drucker...
[2025-11-09 09:34:11,674] DEBUG: Fetching details: https://www.kleinanzeigen.de/s-anzeige/canon-pixma-druckerpatronen-set-30-stk/3233050223-225-8873
[2025-11-09 09:34:14,023] INFO: Product saved: Canon Pixma Druckerpatronen Set 30 Stk...
[2025-11-09 09:34:14,025] DEBUG: Fetching details: https://www.kleinanzeigen.de/s-anzeige/8-original-canon-pixma-druckerpatronen-cli-8/3233032591-225-21896
[2025-11-09 09:34:16,543] INFO: Product saved: 8 original Canon Pixma Druckerpatronen CLI-8...
[2025-11-09 09:34:16,545] DEBUG: Fetching details: https://www.kleinanzeigen.de/s-anzeige/canon-druckerpatronen-multipack/3233028532-225-4855
[2025-11-09 09:34:18,610] INFO: Product saved: Canon Druckerpatronen multipack...
[2025-11-09 09:34:18,612] DEBUG: Fetching details: https://www.kleinanzeigen.de/s-anzeige/canon-pg-546-546-xl-je-2x-toner-druckerpatronen-ovp/3233021439-225-7106
[2025-11-09 09:34:20,808] INFO: Product saved: CANON PG 546 + 546 XL je 2x Toner Druckerpatronen ...
[2025-11-09 09:34:20,809] ERROR: Ad parse error: can only concatenate str (not "NoneType") to str
[2025-11-09 09:34:20,810] ERROR: Ad parse error: can only concatenate str (not "NoneType") to str
[2025-11-09 09:34:20,811] DEBUG: Fetching details: https://www.kleinanzeigen.de/s-anzeige/canon-druckerpatronen-neu-9x/3232928159-225-8648
[2025-11-09 09:34:22,808] INFO: Product saved: Canon Druckerpatronen neu 9x...
[2025-11-09 09:34:22,810] DEBUG: Fetching details: https://www.kleinanzeigen.de/s-anzeige/4-stueck-canon-druckerpatronen-original-cli-526-neu/3232861134-225-8681
[2025-11-09 09:34:25,426] INFO: Product saved: 4 Stück Canon Druckerpatronen Original CLI-526 NEU...
[2025-11-09 09:34:25,428] DEBUG: Fetching details: https://www.kleinanzeigen.de/s-anzeige/canon-druckerpatronen-550-551/3232840956-225-8207
[2025-11-09 09:34:27,296] INFO: Product saved: CANON Druckerpatronen 550/551...
[2025-11-09 09:34:27,297] DEBUG: Fetching details: https://www.kleinanzeigen.de/s-anzeige/original-canon-pixma-druckerpatronen-cli-571-xl-bk-black-schwarz/3232829782-225-6252
[2025-11-09 09:34:29,403] INFO: Product saved: Original Canon Pixma Druckerpatronen CLI-571 XL BK...
[2025-11-09 09:34:29,406] DEBUG: Fetching details: https://www.kleinanzeigen.de/s-anzeige/neue-druckerpatronen-schwarz-canon-cli-571-bk/3232819845-225-6819
[2025-11-09 09:34:32,208] INFO: Product saved: Neue Druckerpatronen schwarz Canon CLI-571 BK...
[2025-11-09 09:34:32,209] DEBUG: Fetching details: https://www.kleinanzeigen.de/s-anzeige/canon-druckerpatrone-575xl-druckerp-schwarz-/3232798555-225-5474
[2025-11-09 09:34:34,319] INFO: Product saved: Canon Druckerpatrone (575XL Druckerp. schwarz )...
[2025-11-09 09:34:34,321] DEBUG: Fetching details: https://www.kleinanzeigen.de/s-anzeige/druckerpatronen-fuer-canon/3232679759-225-16360
[2025-11-09 09:34:37,139] INFO: Product saved: Druckerpatronen für Canon...
[2025-11-09 09:34:38,139] DEBUG: Loading page 12: https://www.kleinanzeigen.de/s-seite:12/Druckerpatrone-Canon/k0
[2025-11-09 09:34:42,634] DEBUG: Found 25 product in the page: 12
[2025-11-09 09:34:42,639] ERROR: Ad parse error: can only concatenate str (not "NoneType") to str
[2025-11-09 09:34:42,651] DEBUG: Fetching details: https://www.kleinanzeigen.de/s-anzeige/2-canon-pixma-ts-6350a-drucker-ohne-druckerpatronen/3232653040-225-3162
[2025-11-09 09:34:45,667] INFO: Product saved: 2 Canon PIXMA TS 6350a Drucker ohne Druckerpatrone...
[2025-11-09 09:34:45,669] DEBUG: Fetching details: https://www.kleinanzeigen.de/s-anzeige/druckerpatronen-canon/3232652072-225-1885
[2025-11-09 09:34:48,820] INFO: Product saved: Druckerpatronen Canon...
[2025-11-09 09:34:48,826] DEBUG: Fetching details: https://www.kleinanzeigen.de/s-anzeige/druckerpatronen-kompatibel-mit-canon-druckern/3232547785-225-3842
[2025-11-09 09:34:51,088] INFO: Product saved: Druckerpatronen kompatibel mit Canon Druckern...
[2025-11-09 09:34:51,090] DEBUG: Fetching details: https://www.kleinanzeigen.de/s-anzeige/canon-druckerpatronen-pixma/3232538752-225-3097
[2025-11-09 09:34:54,099] INFO: Product saved: Canon Druckerpatronen Pixma...
[2025-11-09 09:34:54,103] DEBUG: Fetching details: https://www.kleinanzeigen.de/s-anzeige/canon-druckerpatronen-cl8/3232520762-225-4537
[2025-11-09 09:34:56,253] INFO: Product saved: Canon Druckerpatronen CL8...
[2025-11-09 09:34:56,254] DEBUG: Fetching details: https://www.kleinanzeigen.de/s-anzeige/canon-druckerpatrone-pixma-schwarz-551-bk/3232489982-225-4477
[2025-11-09 09:34:58,446] INFO: Product saved: Canon Druckerpatrone Pixma schwarz 551 BK...
[2025-11-09 09:34:58,447] DEBUG: Fetching details: https://www.kleinanzeigen.de/s-anzeige/canon-druckerpatrone-pixma-schwarz-xl/3232485041-225-4477
[2025-11-09 09:35:01,245] INFO: Product saved: Canon Druckerpatrone Pixma schwarz XL...
[2025-11-09 09:35:01,249] DEBUG: Fetching details: https://www.kleinanzeigen.de/s-anzeige/28-druckerpatronen-kompatibel-mit-canon-drucker/3232484792-225-3173
[2025-11-09 09:35:03,088] INFO: Product saved: 28 Druckerpatronen kompatibel mit Canon Drucker...
[2025-11-09 09:35:03,090] DEBUG: Fetching details: https://www.kleinanzeigen.de/s-anzeige/druckerpatronen-canon-pgi-cp-cc-550-551-xl-alle-farben/3232474564-225-9519
[2025-11-09 09:35:06,150] INFO: Product saved: Druckerpatronen Canon PGI CP/CC 550/551 XL alle Fa...
[2025-11-09 09:35:06,152] DEBUG: Fetching details: https://www.kleinanzeigen.de/s-anzeige/canon-pgi-550-cli-551-schwarz-und-farbige-druckerpatronen/3232470436-225-9436
[2025-11-09 09:35:08,149] INFO: Product saved: Canon Pgi-550/cli-551 Schwarz und Farbige Druckerp...
[2025-11-09 09:35:08,150] DEBUG: Fetching details: https://www.kleinanzeigen.de/s-anzeige/5x-druckerpatronen-canon-4x-c-581-xxl-1x-c-580-xxl-komplett/3232465868-225-2439
[2025-11-09 09:35:09,885] INFO: Product saved: 5x Druckerpatronen Canon 4x C-581 XXL 1x C-580 XXL...
[2025-11-09 09:35:09,887] DEBUG: Fetching details: https://www.kleinanzeigen.de/s-anzeige/druckerpatronen-fuer-canon-570xl-571xl/3232409719-225-30161
[2025-11-09 09:35:13,204] INFO: Product saved: Druckerpatronen für Canon - 570XL / 571XL...
[2025-11-09 09:35:13,205] ERROR: Ad parse error: can only concatenate str (not "NoneType") to str
[2025-11-09 09:35:13,208] DEBUG: Fetching details: https://www.kleinanzeigen.de/s-anzeige/canon-kompatible-druckerpatronen-570-und-571-keine-versandkosten/3232398103-225-2422
[2025-11-09 09:35:14,960] INFO: Product saved: Canon kompatible Druckerpatronen 570 und 571 -Kein...
[2025-11-09 09:35:14,962] DEBUG: Fetching details: https://www.kleinanzeigen.de/s-anzeige/neu-druckerpatronen-pg-545-xl-cl-546-xl-fuer-canon-pixma/3232381281-225-2135
[2025-11-09 09:35:17,071] INFO: Product saved: Neu Druckerpatronen PG-545 XL CL-546 XL für Canon ...
[2025-11-09 09:35:17,073] DEBUG: Fetching details: https://www.kleinanzeigen.de/s-anzeige/druckerpatrone-canon/3232364925-225-5036
[2025-11-09 09:35:18,692] INFO: Product saved: Druckerpatrone Canon...
[2025-11-09 09:35:18,693] DEBUG: Fetching details: https://www.kleinanzeigen.de/s-anzeige/canon-cl-576-druckerpatrone/3232351988-225-1289
[2025-11-09 09:35:20,445] INFO: Product saved: Canon CL-576 Druckerpatrone...
[2025-11-09 09:35:20,446] DEBUG: Fetching details: https://www.kleinanzeigen.de/s-anzeige/druckerpatronen-fuer-canon-pixma-ts5350-ts5351-ts5352-ts7450-usw-/3232335899-225-3972
[2025-11-09 09:35:23,012] INFO: Product saved: Druckerpatronen für Canon Pixma TS5350 TS5351 TS53...
[2025-11-09 09:35:23,015] DEBUG: Fetching details: https://www.kleinanzeigen.de/s-anzeige/canon-druckerpatronen-neu-/3232333716-225-2332
[2025-11-09 09:35:24,841] INFO: Product saved: CANON Druckerpatronen   Neu ❗️...
[2025-11-09 09:35:24,842] DEBUG: Fetching details: https://www.kleinanzeigen.de/s-anzeige/druckerpatronen-neu-fuer-canon-prixma-ip-7250/3232316765-225-4251
[2025-11-09 09:35:27,899] INFO: Product saved: Druckerpatronen neu für Canon Prixma IP 7250...
[2025-11-09 09:35:27,901] DEBUG: Fetching details: https://www.kleinanzeigen.de/s-anzeige/canon-druckerpatronen-551-pixma-neu-original-cmyk-top/3232282600-225-7721
[2025-11-09 09:35:30,025] INFO: Product saved: Canon Druckerpatronen 551 Pixma neu & original cmy...
[2025-11-09 09:35:30,027] DEBUG: Fetching details: https://www.kleinanzeigen.de/s-anzeige/canon-druckerpatronen-cli-551/3232277811-225-1403
[2025-11-09 09:35:33,453] INFO: Product saved: Canon Druckerpatronen CLI 551...
[2025-11-09 09:35:33,455] DEBUG: Fetching details: https://www.kleinanzeigen.de/s-anzeige/3-druckerpatronen-fuer-canon-dk-bc-02/3232259190-225-2831
[2025-11-09 09:35:35,514] INFO: Product saved: 3 Druckerpatronen für Canon DK BC-02...
[2025-11-09 09:35:35,515] DEBUG: Fetching details: https://www.kleinanzeigen.de/s-anzeige/20x-cli-571xl-druckerpatronen-fuer-canon-drucker/3232256694-225-23694
[2025-11-09 09:35:38,779] INFO: Product saved: 20x CLI-571XL Druckerpatronen für Canon-Drucker...
[2025-11-09 09:35:39,780] DEBUG: Loading page 13: https://www.kleinanzeigen.de/s-seite:13/Druckerpatrone-Canon/k0
[2025-11-09 09:35:42,677] DEBUG: Found 25 product in the page: 13
[2025-11-09 09:35:42,679] DEBUG: Fetching details: https://www.kleinanzeigen.de/s-anzeige/canon-druckerpatronen/3232211773-225-734
[2025-11-09 09:35:44,888] INFO: Product saved: Canon Druckerpatronen...
[2025-11-09 09:35:44,889] DEBUG: Fetching details: https://www.kleinanzeigen.de/s-anzeige/original-canon-cli-571-bk-schwarz-druckerpatrone/3232128816-225-301
[2025-11-09 09:35:48,088] INFO: Product saved: Original Canon CLI-571 BK schwarz Druckerpatrone...
[2025-11-09 09:35:48,089] DEBUG: Fetching details: https://www.kleinanzeigen.de/s-anzeige/druckerpatronen-fuer-canon-c580-581-xxl/3232123020-225-8994
[2025-11-09 09:35:49,845] INFO: Product saved: Druckerpatronen für CANON C580/581 XXL...
[2025-11-09 09:35:49,846] DEBUG: Fetching details: https://www.kleinanzeigen.de/s-anzeige/druckerpatronen-canon-c-571-bzw-c-570/3232118920-225-25307
[2025-11-09 09:35:51,565] INFO: Product saved: Druckerpatronen Canon C-571 bzw. C-570...
[2025-11-09 09:35:51,567] DEBUG: Fetching details: https://www.kleinanzeigen.de/s-anzeige/zwei-druckerpatronen-canon-pixma-541-color-/3232098190-225-6904
[2025-11-09 09:35:53,480] INFO: Product saved: Zwei Druckerpatronen Canon Pixma 541 Color....
[2025-11-09 09:35:53,481] ERROR: Ad parse error: can only concatenate str (not "NoneType") to str
[2025-11-09 09:35:53,483] DEBUG: Fetching details: https://www.kleinanzeigen.de/s-anzeige/multipack-druckerpatronen-mit-chip-i-canon/3232037820-225-5191
[2025-11-09 09:35:56,504] INFO: Product saved: Multipack Druckerpatronen mit Chip I Canon...
[2025-11-09 09:35:56,505] ERROR: Ad parse error: can only concatenate str (not "NoneType") to str
[2025-11-09 09:35:56,507] DEBUG: Fetching details: https://www.kleinanzeigen.de/s-anzeige/canon-druckerpatronen-set-526-xl-6-4/3232006819-225-8889
[2025-11-09 09:35:59,254] INFO: Product saved: Canon Druckerpatronen Set 526 XL 6 + 4...
[2025-11-09 09:35:59,256] DEBUG: Fetching details: https://www.kleinanzeigen.de/s-anzeige/druckerpatronen-canon/3231975730-225-7967
[2025-11-09 09:36:02,440] INFO: Product saved: Druckerpatronen Canon...
[2025-11-09 09:36:02,441] DEBUG: Fetching details: https://www.kleinanzeigen.de/s-anzeige/armor-druckerpatronen-brother-epson-canon-kompatibel/3231969232-225-7618
[2025-11-09 09:36:05,313] INFO: Product saved: Armor Druckerpatronen Brother Epson Canon kompatib...
[2025-11-09 09:36:05,315] DEBUG: Fetching details: https://www.kleinanzeigen.de/s-anzeige/canon-pixma-druckerpatronen/3231874815-225-9469
[2025-11-09 09:36:07,507] INFO: Product saved: Canon PIXMA Druckerpatronen...
[2025-11-09 09:36:07,509] DEBUG: Fetching details: https://www.kleinanzeigen.de/s-anzeige/druckerpatronen-start-c-551xl-kompatibel-zu-canon-ovp-neu/3231701067-225-3470
[2025-11-09 09:36:09,992] INFO: Product saved: Druckerpatronen Start C-551XL (kompatibel zu Canon...
[2025-11-09 09:36:09,994] DEBUG: Fetching details: https://www.kleinanzeigen.de/s-anzeige/gelegenheit-canon-druckerpatronen-fuer-pixma-tr-und-ts/3231698075-225-27099
[2025-11-09 09:36:11,999] INFO: Product saved: GELEGENHEIT!        CANON Druckerpatronen für PIXM...
[2025-11-09 09:36:12,001] DEBUG: Fetching details: https://www.kleinanzeigen.de/s-anzeige/druckerpatronen-fuer-canon-drucker/3231822425-225-9672
[2025-11-09 09:36:14,224] INFO: Product saved: Druckerpatronen für Canon-Drucker...
[2025-11-09 09:36:14,226] DEBUG: Fetching details: https://www.kleinanzeigen.de/s-anzeige/original-canon-druckerpatronen-pixma-cli-8/3231814964-225-8080
[2025-11-09 09:36:16,180] INFO: Product saved: Original Canon Druckerpatronen Pixma CLI 8...
[2025-11-09 09:36:16,182] DEBUG: Fetching details: https://www.kleinanzeigen.de/s-anzeige/druckerpatronen-canon-rot-gelb-u-blau-/3231788701-225-2459
[2025-11-09 09:36:18,765] INFO: Product saved: Druckerpatronen Canonrotgelb u.blau....
[2025-11-09 09:36:18,768] DEBUG: Fetching details: https://www.kleinanzeigen.de/s-anzeige/druckerpatronen-canon-kompatibel/3231786765-225-28281
[2025-11-09 09:36:21,361] INFO: Product saved: Druckerpatronen CANON kompatibel...
[2025-11-09 09:36:21,364] DEBUG: Fetching details: https://www.kleinanzeigen.de/s-anzeige/druckerpatrone-canon-pixma-550-xl-schwarz-neu-ovp/3231780094-225-4824
[2025-11-09 09:36:23,421] INFO: Product saved: Druckerpatrone Canon Pixma 550 XL schwarz NEU OVP...
[2025-11-09 09:36:23,422] DEBUG: Fetching details: https://www.kleinanzeigen.de/s-anzeige/orginal-canon-druckerpatrone/3231749315-225-6975
[2025-11-09 09:36:24,975] INFO: Product saved: Orginal Canon Druckerpatrone...
[2025-11-09 09:36:24,977] DEBUG: Fetching details: https://www.kleinanzeigen.de/s-anzeige/canon-druckerpatronen-570-571/3231739477-225-9177
[2025-11-09 09:36:26,404] INFO: Product saved: Canon Druckerpatronen 570 571...
[2025-11-09 09:36:26,406] DEBUG: Fetching details: https://www.kleinanzeigen.de/s-anzeige/druckerpatronen-15-stueck-cli-526-cli-525canon/3231725094-225-1376
[2025-11-09 09:36:28,378] INFO: Product saved: Druckerpatronen 15 Stück CLI 526 CLI 525Canon...
[2025-11-09 09:36:28,379] DEBUG: Fetching details: https://www.kleinanzeigen.de/s-anzeige/druckerpatronen-canon-pixma-ip-ix-mx-mp-pro/3231704454-93-1938
[2025-11-09 09:36:30,276] INFO: Product saved: Druckerpatronen Canon PIXMA iP iX MX MP Pro...
[2025-11-09 09:36:30,277] DEBUG: Fetching details: https://www.kleinanzeigen.de/s-anzeige/canon-580-581-druckerpatronen-patronen-set-neu/3231674826-225-13382
[2025-11-09 09:36:31,993] INFO: Product saved: Canon 580 581 Druckerpatronen Patronen Set NEU...
[2025-11-09 09:36:31,995] DEBUG: Fetching details: https://www.kleinanzeigen.de/s-anzeige/druckerpatrone-canon-pixma-570-571/3231668716-225-3459
[2025-11-09 09:36:34,004] INFO: Product saved: Druckerpatrone Canon Pixma 570/ 571...
[2025-11-09 09:36:35,005] DEBUG: Loading page 14: https://www.kleinanzeigen.de/s-seite:14/Druckerpatrone-Canon/k0
[2025-11-09 09:36:37,175] DEBUG: Found 25 product in the page: 14
[2025-11-09 09:36:37,177] DEBUG: Fetching details: https://www.kleinanzeigen.de/s-anzeige/druckerpatronen-canon-xl-doppelpack/3231612144-225-4144
[2025-11-09 09:36:39,008] INFO: Product saved: Druckerpatronen Canon XL-Doppelpack...
[2025-11-09 09:36:39,009] DEBUG: Fetching details: https://www.kleinanzeigen.de/s-anzeige/neue-canon-druckerpatronen-drucker-pixma-5150-defekt-/3231593084-225-4254
[2025-11-09 09:36:40,956] INFO: Product saved: Neue Canon Druckerpatronen + Drucker Pixma 5150 (d...
[2025-11-09 09:36:40,957] DEBUG: Fetching details: https://www.kleinanzeigen.de/s-anzeige/canon-pixma-35-druckerpatronen-tintenstrahldrucker/3231590060-225-3354
[2025-11-09 09:36:43,130] INFO: Product saved: CANON PIXMA | 35 Druckerpatronen | Tintenstrahldru...
[2025-11-09 09:36:43,132] DEBUG: Fetching details: https://www.kleinanzeigen.de/s-anzeige/canons-magenta-druckerpatrone-fairtoner-9194b001-k-359-neu/3231546617-225-423
[2025-11-09 09:36:44,742] INFO: Product saved: Canons Magenta Druckerpatrone - FairToner 9194B001...
[2025-11-09 09:36:44,743] DEBUG: Fetching details: https://www.kleinanzeigen.de/s-anzeige/canon-druckerpatronen/3231517984-225-3303
[2025-11-09 09:36:46,609] INFO: Product saved: Canon Druckerpatronen...
[2025-11-09 09:36:46,611] DEBUG: Fetching details: https://www.kleinanzeigen.de/s-anzeige/druckerpatronen-canon-526-2xbk-y/3231498419-225-3952
[2025-11-09 09:36:48,720] INFO: Product saved: Druckerpatronen Canon 526 2xBK + Y...
[2025-11-09 09:36:48,722] DEBUG: Fetching details: https://www.kleinanzeigen.de/s-anzeige/druckerpatronen-kompatibel-fuer-canon-6431b001/3231496265-225-6850
[2025-11-09 09:36:51,520] INFO: Product saved: Druckerpatronen kompatibel für Canon 6431B001...
[2025-11-09 09:36:51,521] DEBUG: Fetching details: https://www.kleinanzeigen.de/s-anzeige/canon-druckerpatronen/3231487396-225-3832
[2025-11-09 09:36:53,759] INFO: Product saved: Canon Druckerpatronen...
[2025-11-09 09:36:53,760] DEBUG: Fetching details: https://www.kleinanzeigen.de/s-anzeige/druckerpatronen-fuer-canon-pixma/3231467057-225-3284
[2025-11-09 09:36:55,639] INFO: Product saved: Druckerpatronen für Canon Pixma...
[2025-11-09 09:36:55,640] DEBUG: Fetching details: https://www.kleinanzeigen.de/s-anzeige/druckerpatronen-canon-571-10-stueck/3231445374-225-2013
[2025-11-09 09:36:58,309] INFO: Product saved: Druckerpatronen Canon 571  10 Stück...
[2025-11-09 09:36:58,311] DEBUG: Fetching details: https://www.kleinanzeigen.de/s-anzeige/druckerpatronen-fuer-canon-571-570/3231439872-225-4712
[2025-11-09 09:37:00,595] INFO: Product saved: Druckerpatronen für Canon 571 570...
[2025-11-09 09:37:00,596] DEBUG: Fetching details: https://www.kleinanzeigen.de/s-anzeige/druckerpatronen-canon-gi-50-y-c-m-2x-schwarz-neu/3231378642-225-7956
[2025-11-09 09:37:03,391] INFO: Product saved: Druckerpatronen Canon GI 50 Y C M 2x schwarz NEU...
[2025-11-09 09:37:03,392] DEBUG: Fetching details: https://www.kleinanzeigen.de/s-anzeige/druckerpatronen-fuer-canon-drucker-ip-pixma-und-mp/3231351304-225-1012
[2025-11-09 09:37:05,288] INFO: Product saved: Druckerpatronen für Canon Drucker iP Pixma und MP...
[2025-11-09 09:37:05,290] DEBUG: Fetching details: https://www.kleinanzeigen.de/s-anzeige/druckerpatronen-fuer-canon-drucker-/3231307663-225-25134
[2025-11-09 09:37:08,741] INFO: Product saved: Druckerpatronen (für Canon Drucker)...
[2025-11-09 09:37:08,743] DEBUG: Fetching details: https://www.kleinanzeigen.de/s-anzeige/canon-pixma-druckerpatronen/3231285162-225-1384
[2025-11-09 09:37:10,644] INFO: Product saved: Canon Pixma Druckerpatronen...
[2025-11-09 09:37:10,645] DEBUG: Fetching details: https://www.kleinanzeigen.de/s-anzeige/druckerpatronen-canon-525-526/3231284967-225-8741
[2025-11-09 09:37:13,102] INFO: Product saved: Druckerpatronen Canon 525 526...
[2025-11-09 09:37:13,103] DEBUG: Fetching details: https://www.kleinanzeigen.de/s-anzeige/xxl-druckerpatronen-schwarz-canon-pgi-580-cli-581/3231284211-225-16390
[2025-11-09 09:37:15,253] INFO: Product saved: XXL Druckerpatronen Schwarz Canon PGI 580 CLI 581...
[2025-11-09 09:37:15,255] DEBUG: Fetching details: https://www.kleinanzeigen.de/s-anzeige/neu-druckerpatronen-canon-550-551/3231192492-225-1642
[2025-11-09 09:37:17,515] INFO: Product saved: NEU Druckerpatronen Canon 550/551...
[2025-11-09 09:37:17,517] DEBUG: Fetching details: https://www.kleinanzeigen.de/s-anzeige/druckerpatronen-alternativ-canon-pgi-550-cli-551/3231183470-225-8259
[2025-11-09 09:37:19,518] INFO: Product saved: Druckerpatronen Alternativ Canon PGI-550 CLI-551...
[2025-11-09 09:37:19,520] DEBUG: Fetching details: https://www.kleinanzeigen.de/s-anzeige/canon-bc-02-druckerpatrone/3231146229-225-9390
[2025-11-09 09:37:21,862] INFO: Product saved: Canon BC 02 Druckerpatrone...
[2025-11-09 09:37:21,863] DEBUG: Fetching details: https://www.kleinanzeigen.de/s-anzeige/canon-druckerpatronen-550-551/3231095586-225-1095
[2025-11-09 09:37:24,428] INFO: Product saved: Canon DruckerPatronen 550/551...
[2025-11-09 09:37:24,430] DEBUG: Fetching details: https://www.kleinanzeigen.de/s-anzeige/canon-pixma-521-druckerpatronen/3231079049-225-3234
[2025-11-09 09:37:26,927] INFO: Product saved: Canon Pixma 521 Druckerpatronen...
[2025-11-09 09:37:26,929] DEBUG: Fetching details: https://www.kleinanzeigen.de/s-anzeige/canon-druckerpatrone/3231074593-225-18785
[2025-11-09 09:37:30,418] INFO: Product saved: Canon Druckerpatrone...
[2025-11-09 09:37:30,421] DEBUG: Fetching details: https://www.kleinanzeigen.de/s-anzeige/druckerpatronen-canon-pixma/3231066353-225-1652
[2025-11-09 09:37:33,819] INFO: Product saved: Druckerpatronen Canon pixma...
[2025-11-09 09:37:33,826] DEBUG: Fetching details: https://www.kleinanzeigen.de/s-anzeige/xl-druckerpatronen-fuer-canon-pg-575-cl-576-rudguz-pixma-575-576/3073100508-225-794
[2025-11-09 09:37:36,481] INFO: Product saved: XL Druckerpatronen für CANON PG 575 CL 576 RUDGUZ ...
[2025-11-09 09:37:37,482] DEBUG: Loading page 15: https://www.kleinanzeigen.de/s-seite:15/Druckerpatrone-Canon/k0
[2025-11-09 09:37:41,883] DEBUG: Found 25 product in the page: 15
[2025-11-09 09:37:41,885] DEBUG: Fetching details: https://www.kleinanzeigen.de/s-anzeige/druckerpatronen-fuer-canon-drucker/3231001429-225-5103
[2025-11-09 09:37:47,862] INFO: Product saved: Druckerpatronen für Canon Drucker...
[2025-11-09 09:37:47,865] DEBUG: Fetching details: https://www.kleinanzeigen.de/s-anzeige/1-set-5-stk-druckerpatronen-canon-pgi-520bk-cli-521bk-m-y-c/3230968587-225-16300
[2025-11-09 09:37:54,223] INFO: Product saved: 1 Set (5 Stk.) Druckerpatronen Canon PGI-520BK CLI...
[2025-11-09 09:37:54,226] DEBUG: Fetching details: https://www.kleinanzeigen.de/s-anzeige/druckerpatronen-fuer-canon-pixma-und-a-/3230931068-225-1664
[2025-11-09 09:37:57,086] INFO: Product saved: Druckerpatronen für Canon Pixma und.a....
[2025-11-09 09:37:57,088] DEBUG: Fetching details: https://www.kleinanzeigen.de/s-anzeige/drucker-druckerpatronen-canon-pg-545xl-cl-546xl-/3230806656-225-5878
[2025-11-09 09:38:01,750] INFO: Product saved: Drucker Druckerpatronen Canon PG-545XL + CL-546XL❗...
[2025-11-09 09:38:01,774] DEBUG: Fetching details: https://www.kleinanzeigen.de/s-anzeige/canon-druckerpatronen/3230790811-225-2960
[2025-11-09 09:38:04,901] INFO: Product saved: Canon Druckerpatronen...
[2025-11-09 09:38:04,905] DEBUG: Fetching details: https://www.kleinanzeigen.de/s-anzeige/canon-pixma-druckerpatronen-set-original-andere-/3230757491-225-23000
[2025-11-09 09:38:10,465] INFO: Product saved: Canon PIXMA Druckerpatronen Set (Original + andere...
[2025-11-09 09:38:10,477] DEBUG: Fetching details: https://www.kleinanzeigen.de/s-anzeige/canon-pixma-ip8750-inkl-druckerpatronen/3230678178-225-8942
[2025-11-09 09:38:13,720] INFO: Product saved: Canon Pixma iP8750 inkl. Druckerpatronen...
[2025-11-09 09:38:13,722] DEBUG: Fetching details: https://www.kleinanzeigen.de/s-anzeige/druckerpatronen-canon-ip-3500-4300-4500-5200-u-a-ersetzt-c8/3230676009-225-2590
[2025-11-09 09:38:18,791] INFO: Product saved: Druckerpatronen Canon IP 3500 4300 4500 5200 u.a. ...
[2025-11-09 09:38:18,794] DEBUG: Fetching details: https://www.kleinanzeigen.de/s-anzeige/canon-pixma-551-bk-original-druckerpatrone/3230644274-225-630
[2025-11-09 09:38:21,243] INFO: Product saved: CANON PIXMA - 551 BK  - Original-Druckerpatrone...
[2025-11-09 09:38:21,245] DEBUG: Fetching details: https://www.kleinanzeigen.de/s-anzeige/canon-541-drucker-druckerpatrone-3-farbig-15ml/3230634959-225-8394
[2025-11-09 09:38:25,130] INFO: Product saved: Canon 541 Drucker  Druckerpatrone 3-farbig  15ml...
[2025-11-09 09:38:25,133] DEBUG: Fetching details: https://www.kleinanzeigen.de/s-anzeige/11-druckerpatronen-ersetzt-canon/3230605787-225-21091
[2025-11-09 09:38:27,061] INFO: Product saved: 11 Druckerpatronen (ersetzt) Canon...
[2025-11-09 09:38:27,063] DEBUG: Fetching details: https://www.kleinanzeigen.de/s-anzeige/13-x-druckerpatronen-schwarz-farbpatrone-canon-mit-chip/3230549822-225-334
[2025-11-09 09:38:29,576] INFO: Product saved: 13 x Druckerpatronen schwarz Farbpatrone canon  mi...
[2025-11-09 09:38:29,578] DEBUG: Fetching details: https://www.kleinanzeigen.de/s-anzeige/canon-druckerpatronen-cli-580-cli-581/3230536873-225-1636
[2025-11-09 09:38:31,285] INFO: Product saved: Canon Druckerpatronen  CLI 580  &  CLI 581...
[2025-11-09 09:38:31,287] DEBUG: Fetching details: https://www.kleinanzeigen.de/s-anzeige/canon-original-pricma-druckerpatrone-540-black/3230490139-225-2022
[2025-11-09 09:38:34,524] INFO: Product saved: Canon Original Pricma Druckerpatrone 540 black...
[2025-11-09 09:38:34,526] DEBUG: Fetching details: https://www.kleinanzeigen.de/s-anzeige/druckerpatrone-magenta-fuer-canon-pixma-modelle/3230456242-225-8892
[2025-11-09 09:38:36,620] INFO: Product saved: Druckerpatrone Magenta für Canon Pixma Modelle...
[2025-11-09 09:38:36,621] DEBUG: Fetching details: https://www.kleinanzeigen.de/s-anzeige/canon-druckerpatronen-neu-/3230437237-225-15355
[2025-11-09 09:38:39,058] INFO: Product saved: Canon Druckerpatronen „neu“...
[2025-11-09 09:38:39,060] DEBUG: Fetching details: https://www.kleinanzeigen.de/s-anzeige/druckerpatronen-fuer-canon-540xl-und-541xl/3230431216-225-19745
[2025-11-09 09:38:41,416] INFO: Product saved: Druckerpatronen für Canon  540XL und 541XL...
[2025-11-09 09:38:41,418] ERROR: Ad parse error: can only concatenate str (not "NoneType") to str
[2025-11-09 09:38:41,420] DEBUG: Fetching details: https://www.kleinanzeigen.de/s-anzeige/5-druckerpatronen-canon-/3230315611-225-4906
[2025-11-09 09:38:43,254] INFO: Product saved: 5 Druckerpatronen (Canon)...
[2025-11-09 09:38:43,256] DEBUG: Fetching details: https://www.kleinanzeigen.de/s-anzeige/druckerpatronen-canon-verpackt/3230293091-225-4826
[2025-11-09 09:38:46,515] INFO: Product saved: Druckerpatronen * Canon * verpackt...
[2025-11-09 09:38:46,525] DEBUG: Fetching details: https://www.kleinanzeigen.de/s-anzeige/druckerpatronen-fuer-canon-drucker/3230257160-225-9042
[2025-11-09 09:38:50,376] INFO: Product saved: Druckerpatronen für Canon Drucker...
[2025-11-09 09:38:50,384] DEBUG: Fetching details: https://www.kleinanzeigen.de/s-anzeige/neu-ovp-6xl-druckerpatronen-571-canon-ts-5000er-serie/3230237719-225-16761
[2025-11-09 09:38:55,149] INFO: Product saved: NEU OVP 6XL Druckerpatronen 571 Canon TS 5000er Se...
[2025-11-09 09:38:55,151] DEBUG: Fetching details: https://www.kleinanzeigen.de/s-anzeige/druckerpatronen-fuer-canon-maxify-c-1500-xlm-magenta/3230237355-225-718
[2025-11-09 09:38:58,682] INFO: Product saved: Druckerpatronen für Canon Maxify C 1500 XLM Magent...
[2025-11-09 09:38:58,685] DEBUG: Fetching details: https://www.kleinanzeigen.de/s-anzeige/2-universale-druckerpatronen-fuer-hp-canon-epson-brother/3230213844-225-30168
[2025-11-09 09:39:06,459] INFO: Product saved: 2 Universale Druckerpatronen für HP Canon Epson Br...
[2025-11-09 09:39:06,472] DEBUG: Fetching details: https://www.kleinanzeigen.de/s-anzeige/canon-cli-551xl-c-m-y-bk-photo-pack-4-farbig-druckerpatronen-neu/3230189747-225-9678
[2025-11-09 09:39:13,904] INFO: Product saved: Canon CLI-551XL C/M/Y/BK Photo pack 4-farbig Druck...
[2025-11-09 09:39:14,907] DEBUG: Loading page 16: https://www.kleinanzeigen.de/s-seite:16/Druckerpatrone-Canon/k0
[2025-11-09 09:39:25,611] DEBUG: Found 25 product in the page: 16
[2025-11-09 09:39:25,614] DEBUG: Fetching details: https://www.kleinanzeigen.de/s-anzeige/canon-cli-551xl-c-m-y-bk-photo-pack-4-farbig-druckerpatronen-neu/3230189747-225-9678
[2025-11-09 09:39:33,219] INFO: Product saved: Canon CLI-551XL C/M/Y/BK Photo pack 4-farbig Druck...
[2025-11-09 09:39:33,223] DEBUG: Fetching details: https://www.kleinanzeigen.de/s-anzeige/druckerpatronen-fuer-canon-drucker/3230178353-225-1620
[2025-11-09 09:39:40,724] INFO: Product saved: Druckerpatronen für Canon Drucker...
[2025-11-09 09:39:40,733] DEBUG: Fetching details: https://www.kleinanzeigen.de/s-anzeige/druckerpatronen-fuer-canon/3230009081-225-4716
[2025-11-09 09:39:44,924] INFO: Product saved: Druckerpatronen für Canon...
[2025-11-09 09:39:44,928] DEBUG: Fetching details: https://www.kleinanzeigen.de/s-anzeige/20-druckerpatronen-fuer-canon/3229985784-225-4753
[2025-11-09 09:39:51,931] INFO: Product saved: 20 Druckerpatronen für Canon...
[2025-11-09 09:39:51,933] DEBUG: Fetching details: https://www.kleinanzeigen.de/s-anzeige/-neu-druckerpatronen-canon-cli-526-photo-value-pack/3229964506-225-4575
[2025-11-09 09:39:57,486] INFO: Product saved: *NEU* Druckerpatronen CANON CLI-526 Photo Value Pa...
[2025-11-09 09:39:57,489] DEBUG: Fetching details: https://www.kleinanzeigen.de/s-anzeige/5x-druckerpatronen-neu-verpackt-canon-maxify-1500-rabat-34-/3229963457-225-1150
[2025-11-09 09:40:04,152] INFO: Product saved: 5x Druckerpatronen NEU verpackt Canon Maxify 1500 ...
[2025-11-09 09:40:04,163] DEBUG: Fetching details: https://www.kleinanzeigen.de/s-anzeige/canon-druckerpatronen-pgi-35-bk-cli-36-pixma-ip100-ip110-tr150/3229952901-225-9022
[2025-11-09 09:40:10,857] INFO: Product saved: Canon Druckerpatronen PGI-35 BK CLI-36 Pixma IP100...
[2025-11-09 09:40:10,859] ERROR: Ad parse error: list index out of range
[2025-11-09 09:40:10,861] DEBUG: Fetching details: https://www.kleinanzeigen.de/s-anzeige/canon-druckerpatronen-545-black-546-color-neu-/3229926034-225-7092
[2025-11-09 09:40:15,641] INFO: Product saved: Canon Druckerpatronen 545 black 546 color ♡NEU ♡...
[2025-11-09 09:40:15,651] DEBUG: Fetching details: https://www.kleinanzeigen.de/s-anzeige/canon-drucker-druckerpatrone-schwarz/3229874017-225-1466
[2025-11-09 09:40:21,540] INFO: Product saved: Canon Drucker Druckerpatrone Schwarz...
[2025-11-09 09:40:21,551] DEBUG: Fetching details: https://www.kleinanzeigen.de/s-anzeige/canon-druckerpatronen/3229850081-93-1311
[2025-11-09 09:40:26,571] INFO: Product saved: Canon Druckerpatronen...
[2025-11-09 09:40:26,582] DEBUG: Fetching details: https://www.kleinanzeigen.de/s-anzeige/druckerpatronen-canon/3229830842-225-6091
[2025-11-09 09:40:30,668] INFO: Product saved: Druckerpatronen Canon...
[2025-11-09 09:40:30,671] DEBUG: Fetching details: https://www.kleinanzeigen.de/s-anzeige/druckerpatronen-17-stueck-hp-canon/3229779962-225-7000
[2025-11-09 09:40:35,318] INFO: Product saved: Druckerpatronen 17 Stück HP Canon...
[2025-11-09 09:40:35,327] DEBUG: Fetching details: https://www.kleinanzeigen.de/s-anzeige/druckerpatrone-farbe-color-cr-561xl-fuer-canon-ovp/3229721411-225-8342
[2025-11-09 09:40:38,844] INFO: Product saved: Druckerpatrone Farbe/Color CR-561XL für Canon OVP...
[2025-11-09 09:40:38,846] DEBUG: Fetching details: https://www.kleinanzeigen.de/s-anzeige/druckerpatronen-original-canon-cli-8/3229717726-225-997
[2025-11-09 09:40:41,885] INFO: Product saved: Druckerpatronen - original Canon CLI-8...
[2025-11-09 09:40:41,887] DEBUG: Fetching details: https://www.kleinanzeigen.de/s-anzeige/druckerpatronen-original-canon-bci-6/3229714300-225-997
[2025-11-09 09:40:46,311] INFO: Product saved: Druckerpatronen - original Canon BCI-6...
[2025-11-09 09:40:46,319] DEBUG: Fetching details: https://www.kleinanzeigen.de/s-anzeige/6-stueck-original-canon-cli-druckerpatrone-4-x-bk-1-x-c-1-x-m/3229700164-225-8121
[2025-11-09 09:40:52,246] INFO: Product saved: 6 Stück Original Canon CLI Druckerpatrone 4 x BK 1...
[2025-11-09 09:40:52,249] DEBUG: Fetching details: https://www.kleinanzeigen.de/s-anzeige/uniwork-druckerpatronen-fuer-canon/3229624158-225-18745
[2025-11-09 09:40:55,973] INFO: Product saved: Uniwork Druckerpatronen für Canon...
[2025-11-09 09:40:55,975] DEBUG: Fetching details: https://www.kleinanzeigen.de/s-anzeige/canon-pixma-druckerpatronen/3229623556-225-3434
[2025-11-09 09:40:59,398] INFO: Product saved: canon pixma druckerpatronen...
[2025-11-09 09:40:59,400] DEBUG: Fetching details: https://www.kleinanzeigen.de/s-anzeige/neue-druckerpatronen-fuer-canon-kompatibel-/3229575473-225-1132
[2025-11-09 09:41:02,298] INFO: Product saved: Neue Druckerpatronen für Canon (kompatibel)...
[2025-11-09 09:41:02,300] DEBUG: Fetching details: https://www.kleinanzeigen.de/s-anzeige/druckerpatronen-fuer-canon-pixma-mp560-520-521-/3229564846-225-17314
[2025-11-09 09:41:07,549] INFO: Product saved: Druckerpatronen für Canon Pixma MP560 (520/521)...
[2025-11-09 09:41:07,551] DEBUG: Fetching details: https://www.kleinanzeigen.de/s-anzeige/canon-druckerpatronen-schwarz-und-gelb-bezeichnung-unten-/3229561847-225-5318
[2025-11-09 09:41:12,702] INFO: Product saved: Canon Druckerpatronen Schwarz und gelb (Bezeichnun...
[2025-11-09 09:41:12,704] DEBUG: Fetching details: https://www.kleinanzeigen.de/s-anzeige/druckerpatronen-canon-neu/3229467244-225-877
[2025-11-09 09:41:18,866] INFO: Product saved: druckerpatronen Canon NEU...
[2025-11-09 09:41:18,871] DEBUG: Fetching details: https://www.kleinanzeigen.de/s-anzeige/canon-druckerpatronen/3229427623-225-2590
[2025-11-09 09:41:32,630] INFO: Product saved: Canon Druckerpatronen...
[2025-11-09 09:41:32,633] DEBUG: Fetching details: https://www.kleinanzeigen.de/s-anzeige/canon-pixma-druckerpatronen/3229395533-225-1316
[2025-11-09 09:41:37,710] INFO: Product saved: Canon Pixma Druckerpatronen...
[2025-11-09 09:41:40,136] INFO: Scraping complete: 373 products
[2025-11-09 09:41:40,221] INFO: Task completed successfully
