[2025-11-10 23:52:30,737] INFO: Task received by worker
[2025-11-10 23:52:30,738] INFO: Starting task: Kleinanzeigen Product Scraper
[2025-11-10 23:52:30,740] DEBUG: Input data: {
  "searchQuery": "Druckerpatrone",
  "brands": [
    {
      "brand": "Canon"
    }
  ],
  "maxPages": 5
}
[2025-11-10 23:52:30,760] INFO: Scraping 1 brand(s): Canon
[2025-11-10 23:52:33,348] INFO: Processing brand: Canon
[2025-11-10 23:52:33,807] DEBUG: Loading page 1: https://www.kleinanzeigen.de/s-Druckerpatrone-Canon/k0
[2025-11-10 23:52:42,659] DEBUG: Found 27 product in the page: 1
[2025-11-10 23:52:42,664] DEBUG: Fetching details: https://www.kleinanzeigen.de/s-anzeige/ankauf-ihrer-leeren-vollen-hp-und-canon-540-541-545-546-560-561-575-576-585-586-510-511-512-513-40-41-37-38-50-51-leere-volle-ueberlagerte-druckerpatronen-tintenpatronen-toner-hp-62-302-303-304-305/1117663714-225-9683
[2025-11-10 23:52:47,861] INFO: Product saved: Ankauf Ihrer leeren vollen HP und Canon 540 541 54...
[2025-11-10 23:52:47,864] DEBUG: Fetching details: https://www.kleinanzeigen.de/s-anzeige/ankauf-ihrer-leeren-canon-und-hp-305-hp-305xl-hp-307xl-hp-304-hp-304xl-hp-303-hp-303xl-hp-302-hp-302xl-hp-301-301xl-62-62xl-300-300xl-901-leere-patronen-volle-ueberlagerte-druckerpatronen-toner/1764977037-225-9683
[2025-11-10 23:52:52,482] INFO: Product saved: Ankauf Ihrer leeren Canon und HP 305 HP 305XL HP 3...
[2025-11-10 23:52:52,497] DEBUG: Fetching details: https://www.kleinanzeigen.de/s-anzeige/druckerpatrone-fuer-canon-bjc-2100/3242625997-225-6786
[2025-11-10 23:52:54,638] INFO: Product saved: Druckerpatrone für Canon BJC-2100...
[2025-11-10 23:52:54,640] DEBUG: Fetching details: https://www.kleinanzeigen.de/s-anzeige/druckerpatronen-fuer-canon-pixma-icolor-6-stueck/3242624504-225-3291
[2025-11-10 23:52:56,843] INFO: Product saved: Druckerpatronen für Canon  Pixma iColor 6 Stück...
[2025-11-10 23:52:56,844] DEBUG: Fetching details: https://www.kleinanzeigen.de/s-anzeige/canon-druckerpatronen-bci-11-colour/3242619262-225-3291
[2025-11-10 23:52:58,547] INFO: Product saved: Canon  Druckerpatronen BCI-11 Colour...
[2025-11-10 23:52:58,549] DEBUG: Fetching details: https://www.kleinanzeigen.de/s-anzeige/druckerpatronen-canon-printer-schwarz-gelb/3242566235-225-6860
[2025-11-10 23:53:01,134] INFO: Product saved: Druckerpatronen | Canon Printer | schwarz & gelb...
[2025-11-10 23:53:01,144] DEBUG: Fetching details: https://www.kleinanzeigen.de/s-anzeige/druckerpatronen-fuer-canon-drucker/3242560031-225-9182
[2025-11-10 23:53:03,574] INFO: Product saved: Druckerpatronen für Canon Drucker...
[2025-11-10 23:53:03,580] DEBUG: Fetching details: https://www.kleinanzeigen.de/s-anzeige/druckerpatronen-fuer-canon-570-571/3242549667-225-3810
[2025-11-10 23:53:05,299] INFO: Product saved: Druckerpatronen für Canon 570/571...
[2025-11-10 23:53:05,301] DEBUG: Fetching details: https://www.kleinanzeigen.de/s-anzeige/druckerpatrone-canon-521-magenta-und-520-pgbk-schwarz/3242534937-225-6080
[2025-11-10 23:53:07,007] INFO: Product saved: Druckerpatrone Canon 521 Magenta und 520 PGBK Schw...
[2025-11-10 23:53:07,009] DEBUG: Fetching details: https://www.kleinanzeigen.de/s-anzeige/druckerpatronen-canon/3242496494-225-1876
[2025-11-10 23:53:08,532] INFO: Product saved: Druckerpatronen Canon...
[2025-11-10 23:53:08,537] DEBUG: Fetching details: https://www.kleinanzeigen.de/s-anzeige/canon-pixma-ip6600d-inkl-druckerpatronen-cli-8-und-fotopapier/3242480904-225-6248
[2025-11-10 23:53:11,007] INFO: Product saved: Canon Pixma IP6600D inkl. Druckerpatronen CLI-8 un...
[2025-11-10 23:53:11,010] ERROR: Ad parse error: list index out of range
[2025-11-10 23:53:11,016] DEBUG: Fetching details: https://www.kleinanzeigen.de/s-anzeige/11-canon-original-tintenpatronen-druckerpatrone/3242361859-225-3335
[2025-11-10 23:53:13,756] INFO: Product saved: 11 Canon Original Tintenpatronen Druckerpatrone...
[2025-11-10 23:53:13,761] DEBUG: Fetching details: https://www.kleinanzeigen.de/s-anzeige/hp-10-druckerpatronen-hp-364-xl-1-canon-bx-3-drucker/3242360813-225-7734
[2025-11-10 23:53:16,089] INFO: Product saved: HP 10 Druckerpatronen HP 364 XL & 1 Canon BX-3 Dru...
[2025-11-10 23:53:16,090] DEBUG: Fetching details: https://www.kleinanzeigen.de/s-anzeige/druckerpatrone-canon/3242359656-225-8091
[2025-11-10 23:53:17,677] INFO: Product saved: Druckerpatrone Canon...
[2025-11-10 23:53:17,679] DEBUG: Fetching details: https://www.kleinanzeigen.de/s-anzeige/druckerpatronen-xl-neu-schwarz-und-bunt-canon-pixma-pg545/3242353062-225-4578
[2025-11-10 23:53:19,294] INFO: Product saved: Druckerpatronen XL neu schwarz und bunt Canon Pixm...
[2025-11-10 23:53:19,298] DEBUG: Fetching details: https://www.kleinanzeigen.de/s-anzeige/druckerpatronen-kompatibel-fuer-div-canon-pixma/3242310011-225-964
[2025-11-10 23:53:20,796] INFO: Product saved: Druckerpatronen kompatibel für div Canon-PIXMA...
[2025-11-10 23:53:20,798] DEBUG: Fetching details: https://www.kleinanzeigen.de/s-anzeige/9x-druckerpatronen-in-ovp-kompatibel-zu-canon/3242239227-225-4721
[2025-11-10 23:53:22,975] INFO: Product saved: 9x Druckerpatronen in OVP kompatibel zu CANON...
[2025-11-10 23:53:22,977] DEBUG: Fetching details: https://www.kleinanzeigen.de/s-anzeige/druckerpatronen-set-cli-571-xl-pgi-570xl-fuer-canon-drucker/3242236942-225-5740
[2025-11-10 23:53:26,469] INFO: Product saved: Druckerpatronen Set CLI 571 XL PGI 570XL für Canon...
[2025-11-10 23:53:26,471] DEBUG: Fetching details: https://www.kleinanzeigen.de/s-anzeige/canon-druckerpatronen/3242225656-225-18374
[2025-11-10 23:53:29,894] INFO: Product saved: Canon Druckerpatronen...
[2025-11-10 23:53:29,896] DEBUG: Fetching details: https://www.kleinanzeigen.de/s-anzeige/canon-druckerpatronen/3242218907-225-7729
[2025-11-10 23:53:31,376] INFO: Product saved: CANON Druckerpatronen...
[2025-11-10 23:53:31,377] ERROR: Ad parse error: can only concatenate str (not "NoneType") to str
[2025-11-10 23:53:31,378] DEBUG: Fetching details: https://www.kleinanzeigen.de/s-anzeige/8-druckerpatronen-fuer-canon/3242159298-225-17392
[2025-11-10 23:53:33,040] INFO: Product saved: 8 Druckerpatronen für Canon...
[2025-11-10 23:53:33,041] DEBUG: Fetching details: https://www.kleinanzeigen.de/s-anzeige/canon-druckerpatronen-typ-571/3242128162-225-7417
[2025-11-10 23:53:35,429] INFO: Product saved: Canon Druckerpatronen Typ 571...
[2025-11-10 23:53:35,431] DEBUG: Fetching details: https://www.kleinanzeigen.de/s-anzeige/canon-druckerpatronen-typ-526/3242125674-225-7417
[2025-11-10 23:53:38,405] INFO: Product saved: Canon Druckerpatronen Typ 526...
[2025-11-10 23:53:38,411] DEBUG: Fetching details: https://www.kleinanzeigen.de/s-anzeige/570xl-571xl-kompatibel-fuer-canon-druckerpatronen-patronen-neu/3242108682-225-322
[2025-11-10 23:53:40,376] INFO: Product saved: 570XL 571XL kompatibel für Canon Druckerpatronen P...
[2025-11-10 23:53:40,379] DEBUG: Fetching details: https://www.kleinanzeigen.de/s-anzeige/original-canon-druckerpatronen-cli-571-/3242074073-225-20670
[2025-11-10 23:53:41,855] INFO: Product saved: Original Canon Druckerpatronen CLI-571()...
[2025-11-10 23:53:42,856] DEBUG: Loading page 2: https://www.kleinanzeigen.de/s-seite:2/Druckerpatrone-Canon/k0
[2025-11-10 23:53:45,866] DEBUG: Found 25 product in the page: 2
[2025-11-10 23:53:45,867] DEBUG: Fetching details: https://www.kleinanzeigen.de/s-anzeige/canon-drucker-druckerpatronen-black-yellow-cyan-magenta/3242068649-225-5635
[2025-11-10 23:53:48,891] INFO: Product saved: Canon Drucker Druckerpatronen black yellow Cyan ma...
[2025-11-10 23:53:48,897] DEBUG: Fetching details: https://www.kleinanzeigen.de/s-anzeige/canon-pgi-580-cli-581-druckerpatronen-multipack/3242068046-225-20176
[2025-11-10 23:53:52,185] INFO: Product saved: Canon PGI-580 + CLI-581 Druckerpatronen Multipack...
[2025-11-10 23:53:52,191] DEBUG: Fetching details: https://www.kleinanzeigen.de/s-anzeige/canon-pg40-und-cl41-druckerpatronen-set-pixma-black-color/3242058227-225-963
[2025-11-10 23:53:54,902] INFO: Product saved: Canon PG40 und CL41 Druckerpatronen Set Pixma Blac...
[2025-11-10 23:53:54,903] ERROR: Ad parse error: can only concatenate str (not "NoneType") to str
[2025-11-10 23:53:54,904] DEBUG: Fetching details: https://www.kleinanzeigen.de/s-anzeige/neue-druckerpatronen-canon-ts6151-guenstig-abzugeben/3242041114-225-8783
[2025-11-10 23:53:56,831] INFO: Product saved: Neue Druckerpatronen Canon TS6151 günstig abzugebe...
[2025-11-10 23:53:56,832] DEBUG: Fetching details: https://www.kleinanzeigen.de/s-anzeige/druckerpatrone-canon-pixma-546-color-und-545-black-xl/3242012971-225-8784
[2025-11-10 23:53:58,267] INFO: Product saved: Druckerpatrone Canon Pixma 546 Color und 545 Black...
[2025-11-10 23:53:58,268] DEBUG: Fetching details: https://www.kleinanzeigen.de/s-anzeige/druckerpatronen-fuer-canon/3241975278-225-6814
[2025-11-10 23:53:59,812] INFO: Product saved: Druckerpatronen für Canon...
[2025-11-10 23:53:59,814] DEBUG: Fetching details: https://www.kleinanzeigen.de/s-anzeige/drucker-canon-pixma-ts5050-mit-druckerpatronen-funktioniert-/3241956207-225-991
[2025-11-10 23:54:01,295] INFO: Product saved: Drucker Canon Pixma TS5050 mit Druckerpatronen - f...
[2025-11-10 23:54:01,297] DEBUG: Fetching details: https://www.kleinanzeigen.de/s-anzeige/druckerpatrone-fuer-canon-pixma-5222bb005-pg-540-xl-/3241947783-225-1949
[2025-11-10 23:54:02,846] INFO: Product saved: Druckerpatrone für Canon Pixma (5222BB005 PG 540 X...
[2025-11-10 23:54:02,848] DEBUG: Fetching details: https://www.kleinanzeigen.de/s-anzeige/canon-bci-24-color-druckerpatrone-ink-tank/3241926233-225-6401
[2025-11-10 23:54:04,360] INFO: Product saved: Canon BCI-24 Color Druckerpatrone Ink Tank...
[2025-11-10 23:54:04,362] DEBUG: Fetching details: https://www.kleinanzeigen.de/s-anzeige/druckerpatrone-fuer-canon-schwarz-540xl/3241917284-225-7011
[2025-11-10 23:54:06,973] INFO: Product saved: Druckerpatrone für Canon schwarz 540XL...
[2025-11-10 23:54:06,982] DEBUG: Fetching details: https://www.kleinanzeigen.de/s-anzeige/canon-druckerpatronen-pg550-und-angebr-nachfuellset-fuer-bastler/3241866492-225-1681
[2025-11-10 23:54:08,996] INFO: Product saved: Canon Druckerpatronen PG550 und angebr. Nachfüllse...
[2025-11-10 23:54:08,997] DEBUG: Fetching details: https://www.kleinanzeigen.de/s-anzeige/druckerpatrone-canon-original-cli-571-y-gelb-/3241853639-225-5524
[2025-11-10 23:54:10,427] INFO: Product saved: Druckerpatrone Canon Original CLI - 571 Y (gelb)...
[2025-11-10 23:54:10,429] DEBUG: Fetching details: https://www.kleinanzeigen.de/s-anzeige/druckerpatrone-canon-orig-cli-571-bk-schwarz-/3241851378-225-5524
[2025-11-10 23:54:11,821] INFO: Product saved: Druckerpatrone Canon Orig. CLI - 571 BK (schwarz)...
[2025-11-10 23:54:11,824] DEBUG: Fetching details: https://www.kleinanzeigen.de/s-anzeige/druckerpatronen-575xl-576xl-komp-canon-neu-b-y-m-c/3241762622-225-7897
[2025-11-10 23:54:13,640] INFO: Product saved: Druckerpatronen 575XL / 576XL Komp. Canon Neu B Y ...
[2025-11-10 23:54:13,641] DEBUG: Fetching details: https://www.kleinanzeigen.de/s-anzeige/druckerpatrone-canon-pixma-561-/3241762321-225-1920
[2025-11-10 23:54:15,434] INFO: Product saved: Druckerpatrone Canon Pixma561....
[2025-11-10 23:54:15,437] DEBUG: Fetching details: https://www.kleinanzeigen.de/s-anzeige/ovp-canon-druckerpatronen-xl-pixma-551-550/3241752362-225-9389
[2025-11-10 23:54:17,753] INFO: Product saved: OVP Canon Druckerpatronen XL PIXMA 551/550...
[2025-11-10 23:54:17,755] DEBUG: Fetching details: https://www.kleinanzeigen.de/s-anzeige/3-stueck-original-druckerpatronen-canon-540l/3241693608-225-6734
[2025-11-10 23:54:20,149] INFO: Product saved: 3 Stück Original  Druckerpatronen Canon 540L...
[2025-11-10 23:54:20,151] DEBUG: Fetching details: https://www.kleinanzeigen.de/s-anzeige/canon-druckerpatronen/3241664519-93-18674
[2025-11-10 23:54:22,587] INFO: Product saved: Canon Druckerpatronen...
[2025-11-10 23:54:22,589] DEBUG: Fetching details: https://www.kleinanzeigen.de/s-anzeige/druckerpatronen-canon-pixma-ink-print/3241641521-225-30159
[2025-11-10 23:54:24,544] INFO: Product saved: Druckerpatronen Canon Pixma ink&print...
[2025-11-10 23:54:24,548] DEBUG: Fetching details: https://www.kleinanzeigen.de/s-anzeige/canon-pg-40-cl-41-druckerpatronen-schwarz-color/3241633184-225-6482
[2025-11-10 23:54:27,880] INFO: Product saved: Canon pg-40 cl-41 Druckerpatronen schwarz + Color...
[2025-11-10 23:54:27,882] DEBUG: Fetching details: https://www.kleinanzeigen.de/s-anzeige/druckerpatronen-fuer-canon-pixma-ts5050/3241613049-225-2728
[2025-11-10 23:54:31,304] INFO: Product saved: Druckerpatronen für Canon pixma ts5050...
[2025-11-10 23:54:31,306] DEBUG: Fetching details: https://www.kleinanzeigen.de/s-anzeige/tinten-druckerpatronen-canon-mg-5200-series/3241586195-225-1114
[2025-11-10 23:54:32,984] INFO: Product saved: Tinten Druckerpatronen Canon MG 5200 Series...
[2025-11-10 23:54:32,985] DEBUG: Fetching details: https://www.kleinanzeigen.de/s-anzeige/druckerpatronen-fuer-canon-drucker-pgi-550-cli/3241529913-225-1476
[2025-11-10 23:54:36,389] INFO: Product saved: Druckerpatronen für Canon Drucker PGI- 550-CLI...
[2025-11-10 23:54:36,392] DEBUG: Fetching details: https://www.kleinanzeigen.de/s-anzeige/orginal-canon-cl-546xl-color-tintenpatrone-druckerpatrone/3241514103-225-4682
[2025-11-10 23:54:39,761] INFO: Product saved: Orginal Canon CL-546XL Color Tintenpatrone/ Drucke...
[2025-11-10 23:54:40,773] DEBUG: Loading page 3: https://www.kleinanzeigen.de/s-seite:3/Druckerpatrone-Canon/k0
[2025-11-10 23:54:43,553] DEBUG: Found 25 product in the page: 3
[2025-11-10 23:54:43,558] DEBUG: Fetching details: https://www.kleinanzeigen.de/s-anzeige/druckerpatronen-canon/3241513755-225-1952
[2025-11-10 23:54:45,625] INFO: Product saved: Druckerpatronen Canon...
[2025-11-10 23:54:45,633] DEBUG: Fetching details: https://www.kleinanzeigen.de/s-anzeige/druckerpatronen-canon-pixma/3241500126-225-18523
[2025-11-10 23:54:48,349] INFO: Product saved: Druckerpatronen Canon Pixma...
[2025-11-10 23:54:48,351] DEBUG: Fetching details: https://www.kleinanzeigen.de/s-anzeige/druckerpatrone-canon-521-gy-cli-521gy-/3241498348-225-7620
[2025-11-10 23:54:50,860] INFO: Product saved: Druckerpatrone Canon 521 GY (CLI-521GY)...
[2025-11-10 23:54:50,863] DEBUG: Fetching details: https://www.kleinanzeigen.de/s-anzeige/druckerpatronen-canon-550xl-551xl-47stk-/3241495892-225-1818
[2025-11-10 23:54:53,197] INFO: Product saved: Druckerpatronen Canon 550XL / 551XL - 47Stk....
[2025-11-10 23:54:53,200] DEBUG: Fetching details: https://www.kleinanzeigen.de/s-anzeige/druckerpatronen-fuer-canon-maxify-5100/3241495111-225-989
[2025-11-10 23:54:55,931] INFO: Product saved: Druckerpatronen für Canon Maxify 5100...
[2025-11-10 23:54:55,935] DEBUG: Fetching details: https://www.kleinanzeigen.de/s-anzeige/original-canon-druckerpatronen-cli-581-pgi-580/3241479195-225-9421
[2025-11-10 23:54:58,422] INFO: Product saved: Original Canon Druckerpatronen CLI-581 PGI-580...
[2025-11-10 23:54:58,426] DEBUG: Fetching details: https://www.kleinanzeigen.de/s-anzeige/druckerpatronen-canon-pixma/3241433156-225-16412
[2025-11-10 23:55:00,533] INFO: Product saved: Druckerpatronen Canon Pixma...
[2025-11-10 23:55:00,534] DEBUG: Fetching details: https://www.kleinanzeigen.de/s-anzeige/druckerpatronen-canon-pixma-ip-7200-etc-neu-/3241421641-225-4516
[2025-11-10 23:55:02,040] INFO: Product saved: Druckerpatronen Canon Pixma IP 7200 etc. Neu !!!...
[2025-11-10 23:55:02,041] DEBUG: Fetching details: https://www.kleinanzeigen.de/s-anzeige/kompatibel-canon-druckerpatronen-pgi-520-cli-521/3241418246-225-1227
[2025-11-10 23:55:03,705] INFO: Product saved: Kompatibel Canon Druckerpatronen PGI-520/CLI-521...
[2025-11-10 23:55:03,707] DEBUG: Fetching details: https://www.kleinanzeigen.de/s-anzeige/druckerpatronen-origian-canon-pixma-520-und-521/3241396984-225-7875
[2025-11-10 23:55:05,509] INFO: Product saved: Druckerpatronen Origian Canon Pixma 520 und 521...
[2025-11-10 23:55:05,510] DEBUG: Fetching details: https://www.kleinanzeigen.de/s-anzeige/canon-pixma-multipack-druckerpatronen/3241339181-225-7503
[2025-11-10 23:55:06,988] INFO: Product saved: Canon Pixma Multipack Druckerpatronen...
[2025-11-10 23:55:06,989] DEBUG: Fetching details: https://www.kleinanzeigen.de/s-anzeige/druckerpatronen-canon-mb-maxify-mb2150/3241279264-225-612
[2025-11-10 23:55:08,496] INFO: Product saved: Druckerpatronen – Canon MB Maxify MB2150...
[2025-11-10 23:55:08,498] DEBUG: Fetching details: https://www.kleinanzeigen.de/s-anzeige/druckerpatronen-canon-8-bk-schwarz-8-y-gelb-neu/3241278261-225-1688
[2025-11-10 23:55:09,949] INFO: Product saved: Druckerpatronen Canon 8 BK schwarz 8 Y gelb neu...
[2025-11-10 23:55:09,950] DEBUG: Fetching details: https://www.kleinanzeigen.de/s-anzeige/druckerpatronen-canon-570-571/3241266065-225-1345
[2025-11-10 23:55:11,886] INFO: Product saved: Druckerpatronen Canon 570/571...
[2025-11-10 23:55:11,888] DEBUG: Fetching details: https://www.kleinanzeigen.de/s-anzeige/canon-druckerpatronen-prixma-mg5100-neu-kompatibel/3241256975-225-3981
[2025-11-10 23:55:13,430] INFO: Product saved: Canon Druckerpatronen Prixma MG5100 - NEU kompatib...
[2025-11-10 23:55:13,432] DEBUG: Fetching details: https://www.kleinanzeigen.de/s-anzeige/lxtek-canon-580-581-xxl-druckerpatronen-neu-ovp-10er-pack/3241240280-225-1824
[2025-11-10 23:55:15,007] INFO: Product saved: LxTek Canon 580/581 XXL Druckerpatronen – NEU & OV...
[2025-11-10 23:55:15,009] DEBUG: Fetching details: https://www.kleinanzeigen.de/s-anzeige/ovp-edding-druckerpatronen-no-514-5-stueck-fuer-canon-pixma/3241211214-225-5414
[2025-11-10 23:55:16,861] INFO: Product saved: OVP Edding Druckerpatronen No. 514 5 Stück für Can...
[2025-11-10 23:55:16,863] DEBUG: Fetching details: https://www.kleinanzeigen.de/s-anzeige/canon-pixma-tintenpatronen-druckerpatronen-yellow-gelb/3241171193-225-4903
[2025-11-10 23:55:18,942] INFO: Product saved: Canon Pixma Tintenpatronen Druckerpatronen Yellow ...
[2025-11-10 23:55:18,944] DEBUG: Fetching details: https://www.kleinanzeigen.de/s-anzeige/canon-druckerpatronen/3241154403-225-3013
[2025-11-10 23:55:21,159] INFO: Product saved: Canon Druckerpatronen...
[2025-11-10 23:55:21,161] DEBUG: Fetching details: https://www.kleinanzeigen.de/s-anzeige/canon-pixma-druckerpatronen-cli-8m-cli-8y-cli-8c-inkl-7-folien/3241136430-225-3842
[2025-11-10 23:55:23,295] INFO: Product saved: Canon PIXMA Druckerpatronen CLI-8M+CLI-8Y+CLI-8C i...
[2025-11-10 23:55:23,297] DEBUG: Fetching details: https://www.kleinanzeigen.de/s-anzeige/druckerpatronen-canon-550-551/3241118641-225-25159
[2025-11-10 23:55:25,951] INFO: Product saved: Druckerpatronen Canon 550 / 551...
[2025-11-10 23:55:25,956] DEBUG: Fetching details: https://www.kleinanzeigen.de/s-anzeige/neue-canon-pixma-cl-541-color-druckerpatrone-originalverpackt/3241111197-225-9185
[2025-11-10 23:55:27,981] INFO: Product saved: Neue Canon Pixma CL-541 Color Druckerpatrone – Ori...
[2025-11-10 23:55:27,983] DEBUG: Fetching details: https://www.kleinanzeigen.de/s-anzeige/original-canon-pixma-pro-100-s-druckerpatrone-grau/3240953050-225-4904
[2025-11-10 23:55:29,576] INFO: Product saved: Original Canon Pixma Pro 100 S Druckerpatrone Grau...
[2025-11-10 23:55:29,577] DEBUG: Fetching details: https://www.kleinanzeigen.de/s-anzeige/original-canon-pixma-pro-100-s-druckerpatrone-schwarz/3240939421-225-4904
[2025-11-10 23:55:31,248] INFO: Product saved: Original Canon Pixma Pro 100 S Druckerpatrone Schw...
[2025-11-10 23:55:31,250] DEBUG: Fetching details: https://www.kleinanzeigen.de/s-anzeige/canon-druckerpatronen-570-571-von-isy/3240931195-225-1843
[2025-11-10 23:55:33,849] INFO: Product saved: Canon Druckerpatronen 570 + 571 von ISY...
[2025-11-10 23:55:34,856] DEBUG: Loading page 4: https://www.kleinanzeigen.de/s-seite:4/Druckerpatrone-Canon/k0
[2025-11-10 23:55:37,508] DEBUG: Found 25 product in the page: 4
[2025-11-10 23:55:37,510] DEBUG: Fetching details: https://www.kleinanzeigen.de/s-anzeige/canon-drucker-mit-druckerpatronen/3240905510-225-2921
[2025-11-10 23:55:39,857] INFO: Product saved: Canon Drucker mit Druckerpatronen...
[2025-11-10 23:55:39,859] DEBUG: Fetching details: https://www.kleinanzeigen.de/s-anzeige/druckerpatronen-canon/3240895936-225-6986
[2025-11-10 23:55:41,597] INFO: Product saved: Druckerpatronen. Canon...
[2025-11-10 23:55:41,599] DEBUG: Fetching details: https://www.kleinanzeigen.de/s-anzeige/kompatibel-canon-pg-545-cl-546-xl-druckerpatronen-545-546-yuanqim/3212331803-225-794
[2025-11-10 23:55:43,096] INFO: Product saved: KOMPATIBEL CANON PG-545 CL-546 XL Druckerpatronen ...
[2025-11-10 23:55:43,097] ERROR: Ad parse error: can only concatenate str (not "NoneType") to str
[2025-11-10 23:55:43,098] DEBUG: Fetching details: https://www.kleinanzeigen.de/s-anzeige/canon-druckerpatronen-pgi-520bk-cli-521bk-zu-verschenken/3240806186-225-7730
[2025-11-10 23:55:44,931] INFO: Product saved: Canon Druckerpatronen PGI-520BK & CLI-521BK – zu v...
[2025-11-10 23:55:44,933] DEBUG: Fetching details: https://www.kleinanzeigen.de/s-anzeige/canon-druckerpatrone/3240805238-225-3135
[2025-11-10 23:55:47,335] INFO: Product saved: Canon Druckerpatrone...
[2025-11-10 23:55:47,345] DEBUG: Fetching details: https://www.kleinanzeigen.de/s-anzeige/canon-pg-512-cl-513-druckerpatrone-schwarz-und-oder-color/3240803193-225-2113
[2025-11-10 23:55:51,271] INFO: Product saved: Canon PG 512 / CL 513 Druckerpatrone Schwarz und /...
[2025-11-10 23:55:51,282] DEBUG: Fetching details: https://www.kleinanzeigen.de/s-anzeige/druckerpatronen-canon-tr8550-tr7550-tr7650-ts6350-ts705a-ts6300/3240753168-225-9482
[2025-11-10 23:55:56,336] INFO: Product saved: Druckerpatronen Canon TR8550 TR7550 TR7650 TS6350 ...
[2025-11-10 23:55:56,342] DEBUG: Fetching details: https://www.kleinanzeigen.de/s-anzeige/druckerpatronen-fuer-canon-verschiedene-farben/3240738662-225-21142
[2025-11-10 23:55:59,502] INFO: Product saved: Druckerpatronen für Canon verschiedene Farben...
[2025-11-10 23:55:59,510] DEBUG: Fetching details: https://www.kleinanzeigen.de/s-anzeige/druckerpatronen-fuer-canon/3240695236-225-7915
[2025-11-10 23:56:02,690] INFO: Product saved: Druckerpatronen für Canon...
[2025-11-10 23:56:02,695] DEBUG: Fetching details: https://www.kleinanzeigen.de/s-anzeige/kompatibel-canon-pg-540-xl-druckerpatronen-540-yuanqim/3240641087-225-794
[2025-11-10 23:56:04,311] INFO: Product saved: KOMPATIBEL CANON PG-540 XL Druckerpatronen 540 YUA...
[2025-11-10 23:56:04,313] DEBUG: Fetching details: https://www.kleinanzeigen.de/s-anzeige/kompatibel-canon-pg-540-cl-541-xl-druckerpatronen-540-541-yuanqim/3240624767-225-794
[2025-11-10 23:56:06,081] INFO: Product saved: KOMPATIBEL CANON PG-540 CL-541 XL Druckerpatronen ...
[2025-11-10 23:56:06,089] DEBUG: Fetching details: https://www.kleinanzeigen.de/s-anzeige/canon-druckerpatronen/3240603456-225-8432
[2025-11-10 23:56:07,690] INFO: Product saved: Canon Druckerpatronen...
[2025-11-10 23:56:07,692] DEBUG: Fetching details: https://www.kleinanzeigen.de/s-anzeige/druckerpatrone-canon-pixma-8-schwarz-cyan-yellow-neu-in-ovp/3240598352-225-6766
[2025-11-10 23:56:09,677] INFO: Product saved: Druckerpatrone Canon Pixma 8 schwarz cyan yellow n...
[2025-11-10 23:56:09,678] DEBUG: Fetching details: https://www.kleinanzeigen.de/s-anzeige/druckerpatronen-fuer-canon/3240563083-225-1904
[2025-11-10 23:56:11,989] INFO: Product saved: Druckerpatronen für Canon...
[2025-11-10 23:56:11,992] DEBUG: Fetching details: https://www.kleinanzeigen.de/s-anzeige/druckerpatronen-neu-fuer-canon-prixma-ip-7250/3240561724-225-4251
[2025-11-10 23:56:14,281] INFO: Product saved: Druckerpatronen neu für Canon Prixma IP 7250...
[2025-11-10 23:56:14,290] DEBUG: Fetching details: https://www.kleinanzeigen.de/s-anzeige/druckerpatronen-original-canon-fuer-canon-cli-551xl/3240550607-225-19916
[2025-11-10 23:56:16,050] INFO: Product saved: Druckerpatronen original Canon für CANON CLi-551XL...
[2025-11-10 23:56:16,053] ERROR: Ad parse error: can only concatenate str (not "NoneType") to str
[2025-11-10 23:56:16,057] DEBUG: Fetching details: https://www.kleinanzeigen.de/s-anzeige/10x-druckerpatronen-z-b-fuer-canon-c-cli-8-c-pgi-5-cc-8bk/3240457740-225-2700
[2025-11-10 23:56:18,144] INFO: Product saved: 10x Druckerpatronen z.B. für Canon C-CLI-8 C-PGI-5...
[2025-11-10 23:56:18,146] DEBUG: Fetching details: https://www.kleinanzeigen.de/s-anzeige/druckerpatronen-kompatibel-canon-pgi-570-cli-571/3240413191-225-9178
[2025-11-10 23:56:20,195] INFO: Product saved: Druckerpatronen kompatibel Canon PGI-570 CLI-571...
[2025-11-10 23:56:20,197] DEBUG: Fetching details: https://www.kleinanzeigen.de/s-anzeige/druckerpatrone-canon-510/3240396057-225-4816
[2025-11-10 23:56:22,880] INFO: Product saved: Druckerpatrone Canon 510...
[2025-11-10 23:56:22,885] DEBUG: Fetching details: https://www.kleinanzeigen.de/s-anzeige/5x-druckerpatronen-neu-tintenpatronen-toner-f-drucker-canon/3240361746-225-3877
[2025-11-10 23:56:25,421] INFO: Product saved: 5x DRUCKERPATRONEN -NEU- TINTENPATRONEN TONER f.Dr...
[2025-11-10 23:56:25,431] DEBUG: Fetching details: https://www.kleinanzeigen.de/s-anzeige/canon-druckerpatronen-570-571-incl-canon-ts5055/3240340319-225-922
[2025-11-10 23:56:27,500] INFO: Product saved: Canon Druckerpatronen 570/571 incl. Canon TS5055...
[2025-11-10 23:56:27,506] DEBUG: Fetching details: https://www.kleinanzeigen.de/s-anzeige/druckerpatronen-fuer-canon-pixma-drucker/3240337721-225-26046
[2025-11-10 23:56:29,551] INFO: Product saved: Druckerpatronen für Canon Pixma Drucker...
[2025-11-10 23:56:29,553] DEBUG: Fetching details: https://www.kleinanzeigen.de/s-anzeige/druckerpatronen-canon-ts-7450a/3240330396-225-16973
[2025-11-10 23:56:31,785] INFO: Product saved: Druckerpatronen Canon TS 7450a...
[2025-11-10 23:56:32,786] DEBUG: Loading page 5: https://www.kleinanzeigen.de/s-seite:5/Druckerpatrone-Canon/k0
[2025-11-10 23:56:35,085] DEBUG: Found 25 product in the page: 5
[2025-11-10 23:56:35,086] DEBUG: Fetching details: https://www.kleinanzeigen.de/s-anzeige/28x-druckerpatronen-tintenpartonen-canon-drucker-551-und-550/3240304614-225-4711
[2025-11-10 23:56:37,019] INFO: Product saved: 28x Druckerpatronen Tintenpartonen Canon  Drucker ...
[2025-11-10 23:56:37,020] DEBUG: Fetching details: https://www.kleinanzeigen.de/s-anzeige/3x-original-canon-cli-551-xl-druckerpatronen-neu-druckertinte/3240302834-225-7924
[2025-11-10 23:56:38,761] INFO: Product saved: 3x Original Canon CLI 551 (XL) Druckerpatronen  ne...
[2025-11-10 23:56:38,762] DEBUG: Fetching details: https://www.kleinanzeigen.de/s-anzeige/lxtek-druckerpatronen-580-581-multipack-kompatibel-fuer-canon-tr85/3240292302-225-9602
[2025-11-10 23:56:41,186] INFO: Product saved: LxTek Druckerpatronen 580 581 Multipack Kompatibel...
[2025-11-10 23:56:41,191] DEBUG: Fetching details: https://www.kleinanzeigen.de/s-anzeige/druckerpatrone-canon-ts-7450a-pg-560xl-black/3240205781-225-16973
[2025-11-10 23:56:43,020] INFO: Product saved: Druckerpatrone Canon TS 7450a PG-560XL black...
[2025-11-10 23:56:43,022] DEBUG: Fetching details: https://www.kleinanzeigen.de/s-anzeige/canon-pixma-druckerpatronen-neu-blau-rot-schwarz-geld/3240195102-225-2490
[2025-11-10 23:56:44,902] INFO: Product saved: Canon Pixma Druckerpatronen neu blau rot schwarz G...
[2025-11-10 23:56:44,904] DEBUG: Fetching details: https://www.kleinanzeigen.de/s-anzeige/canon-pg-575-druckerpatrone/3240195077-225-25295
[2025-11-10 23:56:46,403] INFO: Product saved: Canon PG 575 Druckerpatrone...
[2025-11-10 23:56:46,405] DEBUG: Fetching details: https://www.kleinanzeigen.de/s-anzeige/druckerpatronen-mit-chip-fuer-canon-drucker-kopierer/3240186983-225-4104
[2025-11-10 23:56:48,321] INFO: Product saved: Druckerpatronen mit Chip für Canon Drucker  / Kopi...
[2025-11-10 23:56:48,323] DEBUG: Fetching details: https://www.kleinanzeigen.de/s-anzeige/druckerpatronen-canon/3240186887-225-16366
[2025-11-10 23:56:50,204] INFO: Product saved: Druckerpatronen Canon...
[2025-11-10 23:56:50,206] DEBUG: Fetching details: https://www.kleinanzeigen.de/s-anzeige/druckerpatronen-fuer-canon-drucker/3240119637-225-5424
[2025-11-10 23:56:52,385] INFO: Product saved: Druckerpatronen für Canon Drucker...
[2025-11-10 23:56:52,387] DEBUG: Fetching details: https://www.kleinanzeigen.de/s-anzeige/druckerpatronen-canon-mg-6150/3240111041-225-8830
[2025-11-10 23:57:04,160] INFO: Product saved: Druckerpatronen canon mg 6150...
[2025-11-10 23:57:04,165] DEBUG: Fetching details: https://www.kleinanzeigen.de/s-anzeige/druckerpatronen-canon-mg-6150/3240111039-225-8830
[2025-11-10 23:57:15,308] INFO: Product saved: Druckerpatronen canon mg 6150...
[2025-11-10 23:57:15,310] DEBUG: Fetching details: https://www.kleinanzeigen.de/s-anzeige/kompatibel-canon-pgi-570xl-cli-571xl-druckerpatronen-multipack/3240095927-225-9419
[2025-11-10 23:57:17,956] INFO: Product saved: Kompatibel Canon PGI-570XL/CLI-571XL Druckerpatron...
[2025-11-10 23:57:17,958] DEBUG: Fetching details: https://www.kleinanzeigen.de/s-anzeige/druckerpatronen-canon-pixma/3240072819-93-8594
[2025-11-10 23:57:19,840] INFO: Product saved: Druckerpatronen Canon Pixma...
[2025-11-10 23:57:19,841] ERROR: Ad parse error: can only concatenate str (not "NoneType") to str
[2025-11-10 23:57:19,842] DEBUG: Fetching details: https://www.kleinanzeigen.de/s-anzeige/4-kompatible-druckerpatronen-canon-pixma/3239990973-225-7980
[2025-11-10 23:57:21,721] INFO: Product saved: 4 kompatible Druckerpatronen Canon Pixma...
[2025-11-10 23:57:21,722] DEBUG: Fetching details: https://www.kleinanzeigen.de/s-anzeige/druckerpatronen-canon-526/3239980805-225-7527
[2025-11-10 23:57:24,257] INFO: Product saved: Druckerpatronen Canon 526...
[2025-11-10 23:57:24,259] DEBUG: Fetching details: https://www.kleinanzeigen.de/s-anzeige/druckerpatronen-xl-canon/3239936651-225-3460
[2025-11-10 23:57:26,084] INFO: Product saved: Druckerpatronen XL Canon...
[2025-11-10 23:57:26,086] DEBUG: Fetching details: https://www.kleinanzeigen.de/s-anzeige/atopink-pg540xl-schwarz-druckerpatrone-pg-540-xl-canon/3239898527-225-9358
[2025-11-10 23:57:27,720] INFO: Product saved: ATOPINK  PG540XL schwarz Druckerpatrone PG-540 XL ...
[2025-11-10 23:57:27,721] DEBUG: Fetching details: https://www.kleinanzeigen.de/s-anzeige/canon-580-581-druckerpatronen-neu/3239841199-225-3199
[2025-11-10 23:57:31,330] INFO: Product saved: Canon 580/581 Druckerpatronen neu...
[2025-11-10 23:57:31,332] ERROR: Ad parse error: can only concatenate str (not "NoneType") to str
[2025-11-10 23:57:31,334] DEBUG: Fetching details: https://www.kleinanzeigen.de/s-anzeige/druckerpatronen-canon-kompatibel/3239809319-225-6800
[2025-11-10 23:57:33,854] INFO: Product saved: Druckerpatronen Canon kompatibel...
[2025-11-10 23:57:33,856] DEBUG: Fetching details: https://www.kleinanzeigen.de/s-anzeige/canon-580-581-druckerpatronen-in-farbe-und-in-schwarz/3239768057-225-1007
[2025-11-10 23:57:35,583] INFO: Product saved: Canon 580/581 Druckerpatronen in Farbe und in schw...
[2025-11-10 23:57:35,585] DEBUG: Fetching details: https://www.kleinanzeigen.de/s-anzeige/druckerpatronen-canon-540xl-541xl-neu-und-originalverpackt/3239730587-225-6080
[2025-11-10 23:57:37,117] INFO: Product saved: Druckerpatronen Canon 540XL / 541XL neu und origin...
[2025-11-10 23:57:37,120] DEBUG: Fetching details: https://www.kleinanzeigen.de/s-anzeige/canon-540-xl-schwarz-druckerpatronen-tintenpatronen-kompatibel/3239717827-225-9518
[2025-11-10 23:57:39,516] INFO: Product saved: Canon 540 XL schwarz Druckerpatronen Tintenpatrone...
[2025-11-10 23:57:39,518] DEBUG: Fetching details: https://www.kleinanzeigen.de/s-anzeige/canon-pixma-druckerpatronen-525-schwarz-und-526-bunt-/3239715272-225-7981
[2025-11-10 23:57:41,617] INFO: Product saved: Canon PIXMA Druckerpatronen 525 (schwarz) und 526 ...
[2025-11-10 23:57:43,169] INFO: Scraping complete: 1 products
[2025-11-10 23:57:43,195] INFO: Task completed successfully
