[2025-11-10 23:39:38,792] INFO: Task received by worker
[2025-11-10 23:39:38,793] INFO: Starting task: Kleinanzeigen Product Scraper
[2025-11-10 23:39:38,793] DEBUG: Input data: {
  "searchQuery": "Druckerpatrone",
  "brands": [
    {
      "brand": "Canon"
    }
  ],
  "maxPages": 5
}
[2025-11-10 23:39:39,720] INFO: Scraping 1 brand(s): Canon
[2025-11-10 23:39:42,634] INFO: Processing brand: Canon
[2025-11-10 23:39:42,989] DEBUG: Loading page 1: https://www.kleinanzeigen.de/s-Druckerpatrone-Canon/k0
[2025-11-10 23:39:48,776] DEBUG: Found 27 product in the page: 1
[2025-11-10 23:39:48,778] DEBUG: Fetching details: https://www.kleinanzeigen.de/s-anzeige/ankauf-ihrer-leeren-canon-und-hp-305-hp-305xl-hp-307xl-hp-304-hp-304xl-hp-303-hp-303xl-hp-302-hp-302xl-hp-301-301xl-62-62xl-300-300xl-901-leere-patronen-volle-ueberlagerte-druckerpatronen-toner/1764977037-225-9683
[2025-11-10 23:39:54,267] INFO: Product saved: Ankauf Ihrer leeren Canon und HP 305 HP 305XL HP 3...
[2025-11-10 23:39:54,270] DEBUG: Fetching details: https://www.kleinanzeigen.de/s-anzeige/ankauf-ihrer-leeren-vollen-hp-und-canon-540-541-545-546-560-561-575-576-585-586-510-511-512-513-40-41-37-38-50-51-leere-volle-ueberlagerte-druckerpatronen-tintenpatronen-toner-hp-62-302-303-304-305/1117663714-225-9683
[2025-11-10 23:39:57,853] INFO: Product saved: Ankauf Ihrer leeren vollen HP und Canon 540 541 54...
[2025-11-10 23:39:57,858] DEBUG: Fetching details: https://www.kleinanzeigen.de/s-anzeige/druckerpatrone-fuer-canon-bjc-2100/3242625997-225-6786
[2025-11-10 23:40:01,427] INFO: Product saved: Druckerpatrone für Canon BJC-2100...
[2025-11-10 23:40:01,429] DEBUG: Fetching details: https://www.kleinanzeigen.de/s-anzeige/druckerpatronen-fuer-canon-pixma-icolor-6-stueck/3242624504-225-3291
[2025-11-10 23:40:04,427] INFO: Product saved: Druckerpatronen für Canon  Pixma iColor 6 Stück...
[2025-11-10 23:40:04,429] DEBUG: Fetching details: https://www.kleinanzeigen.de/s-anzeige/canon-druckerpatronen-bci-11-colour/3242619262-225-3291
[2025-11-10 23:40:07,862] INFO: Product saved: Canon  Druckerpatronen BCI-11 Colour...
[2025-11-10 23:40:07,864] DEBUG: Fetching details: https://www.kleinanzeigen.de/s-anzeige/druckerpatronen-canon-printer-schwarz-gelb/3242566235-225-6860
[2025-11-10 23:40:09,924] INFO: Product saved: Druckerpatronen | Canon Printer | schwarz & gelb...
[2025-11-10 23:40:09,925] DEBUG: Fetching details: https://www.kleinanzeigen.de/s-anzeige/druckerpatronen-fuer-canon-drucker/3242560031-225-9182
[2025-11-10 23:40:11,960] INFO: Product saved: Druckerpatronen für Canon Drucker...
[2025-11-10 23:40:11,962] DEBUG: Fetching details: https://www.kleinanzeigen.de/s-anzeige/druckerpatronen-fuer-canon-570-571/3242549667-225-3810
[2025-11-10 23:40:13,808] INFO: Product saved: Druckerpatronen für Canon 570/571...
[2025-11-10 23:40:13,809] DEBUG: Fetching details: https://www.kleinanzeigen.de/s-anzeige/druckerpatrone-canon-521-magenta-und-520-pgbk-schwarz/3242534937-225-6080
[2025-11-10 23:40:17,133] INFO: Product saved: Druckerpatrone Canon 521 Magenta und 520 PGBK Schw...
[2025-11-10 23:40:17,135] DEBUG: Fetching details: https://www.kleinanzeigen.de/s-anzeige/druckerpatronen-canon/3242496494-225-1876
[2025-11-10 23:40:21,095] INFO: Product saved: Druckerpatronen Canon...
[2025-11-10 23:40:21,100] DEBUG: Fetching details: https://www.kleinanzeigen.de/s-anzeige/canon-pixma-ip6600d-inkl-druckerpatronen-cli-8-und-fotopapier/3242480904-225-6248
[2025-11-10 23:40:23,223] INFO: Product saved: Canon Pixma IP6600D inkl. Druckerpatronen CLI-8 un...
[2025-11-10 23:40:23,224] ERROR: Ad parse error: list index out of range
[2025-11-10 23:40:23,225] DEBUG: Fetching details: https://www.kleinanzeigen.de/s-anzeige/11-canon-original-tintenpatronen-druckerpatrone/3242361859-225-3335
[2025-11-10 23:40:25,070] INFO: Product saved: 11 Canon Original Tintenpatronen Druckerpatrone...
[2025-11-10 23:40:25,072] DEBUG: Fetching details: https://www.kleinanzeigen.de/s-anzeige/hp-10-druckerpatronen-hp-364-xl-1-canon-bx-3-drucker/3242360813-225-7734
[2025-11-10 23:40:28,736] INFO: Product saved: HP 10 Druckerpatronen HP 364 XL & 1 Canon BX-3 Dru...
[2025-11-10 23:40:28,738] DEBUG: Fetching details: https://www.kleinanzeigen.de/s-anzeige/druckerpatrone-canon/3242359656-225-8091
[2025-11-10 23:40:32,504] INFO: Product saved: Druckerpatrone Canon...
[2025-11-10 23:40:32,513] DEBUG: Fetching details: https://www.kleinanzeigen.de/s-anzeige/druckerpatronen-xl-neu-schwarz-und-bunt-canon-pixma-pg545/3242353062-225-4578
[2025-11-10 23:40:34,777] INFO: Product saved: Druckerpatronen XL neu schwarz und bunt Canon Pixm...
[2025-11-10 23:40:34,782] DEBUG: Fetching details: https://www.kleinanzeigen.de/s-anzeige/druckerpatronen-kompatibel-fuer-div-canon-pixma/3242310011-225-964
[2025-11-10 23:40:36,416] INFO: Product saved: Druckerpatronen kompatibel für div Canon-PIXMA...
[2025-11-10 23:40:36,418] DEBUG: Fetching details: https://www.kleinanzeigen.de/s-anzeige/9x-druckerpatronen-in-ovp-kompatibel-zu-canon/3242239227-225-4721
[2025-11-10 23:40:39,277] INFO: Product saved: 9x Druckerpatronen in OVP kompatibel zu CANON...
[2025-11-10 23:40:39,279] DEBUG: Fetching details: https://www.kleinanzeigen.de/s-anzeige/druckerpatronen-set-cli-571-xl-pgi-570xl-fuer-canon-drucker/3242236942-225-5740
[2025-11-10 23:40:41,530] INFO: Product saved: Druckerpatronen Set CLI 571 XL PGI 570XL für Canon...
[2025-11-10 23:40:41,534] DEBUG: Fetching details: https://www.kleinanzeigen.de/s-anzeige/canon-druckerpatronen/3242225656-225-18374
[2025-11-10 23:40:42,992] INFO: Product saved: Canon Druckerpatronen...
[2025-11-10 23:40:42,994] DEBUG: Fetching details: https://www.kleinanzeigen.de/s-anzeige/canon-druckerpatronen/3242218907-225-7729
[2025-11-10 23:40:44,819] INFO: Product saved: CANON Druckerpatronen...
[2025-11-10 23:40:44,822] ERROR: Ad parse error: can only concatenate str (not "NoneType") to str
[2025-11-10 23:40:44,829] DEBUG: Fetching details: https://www.kleinanzeigen.de/s-anzeige/8-druckerpatronen-fuer-canon/3242159298-225-17392
[2025-11-10 23:40:47,038] INFO: Product saved: 8 Druckerpatronen für Canon...
[2025-11-10 23:40:47,041] DEBUG: Fetching details: https://www.kleinanzeigen.de/s-anzeige/canon-druckerpatronen-typ-571/3242128162-225-7417
[2025-11-10 23:40:49,309] INFO: Product saved: Canon Druckerpatronen Typ 571...
[2025-11-10 23:40:49,311] DEBUG: Fetching details: https://www.kleinanzeigen.de/s-anzeige/canon-druckerpatronen-typ-526/3242125674-225-7417
[2025-11-10 23:40:51,914] INFO: Product saved: Canon Druckerpatronen Typ 526...
[2025-11-10 23:40:51,917] DEBUG: Fetching details: https://www.kleinanzeigen.de/s-anzeige/570xl-571xl-kompatibel-fuer-canon-druckerpatronen-patronen-neu/3242108682-225-322
[2025-11-10 23:40:55,513] INFO: Product saved: 570XL 571XL kompatibel für Canon Druckerpatronen P...
[2025-11-10 23:40:55,518] DEBUG: Fetching details: https://www.kleinanzeigen.de/s-anzeige/original-canon-druckerpatronen-cli-571-/3242074073-225-20670
[2025-11-10 23:40:58,733] INFO: Product saved: Original Canon Druckerpatronen CLI-571()...
[2025-11-10 23:40:59,733] DEBUG: Loading page 2: https://www.kleinanzeigen.de/s-seite:2/Druckerpatrone-Canon/k0
[2025-11-10 23:41:02,872] DEBUG: Found 25 product in the page: 2
[2025-11-10 23:41:02,874] DEBUG: Fetching details: https://www.kleinanzeigen.de/s-anzeige/canon-drucker-druckerpatronen-black-yellow-cyan-magenta/3242068649-225-5635
[2025-11-10 23:41:04,989] INFO: Product saved: Canon Drucker Druckerpatronen black yellow Cyan ma...
[2025-11-10 23:41:04,991] DEBUG: Fetching details: https://www.kleinanzeigen.de/s-anzeige/canon-pgi-580-cli-581-druckerpatronen-multipack/3242068046-225-20176
[2025-11-10 23:41:06,733] INFO: Product saved: Canon PGI-580 + CLI-581 Druckerpatronen Multipack...
[2025-11-10 23:41:06,736] DEBUG: Fetching details: https://www.kleinanzeigen.de/s-anzeige/canon-pg40-und-cl41-druckerpatronen-set-pixma-black-color/3242058227-225-963
[2025-11-10 23:41:08,439] INFO: Product saved: Canon PG40 und CL41 Druckerpatronen Set Pixma Blac...
[2025-11-10 23:41:08,440] ERROR: Ad parse error: can only concatenate str (not "NoneType") to str
[2025-11-10 23:41:08,441] DEBUG: Fetching details: https://www.kleinanzeigen.de/s-anzeige/neue-druckerpatronen-canon-ts6151-guenstig-abzugeben/3242041114-225-8783
[2025-11-10 23:41:09,908] INFO: Product saved: Neue Druckerpatronen Canon TS6151 günstig abzugebe...
[2025-11-10 23:41:09,909] DEBUG: Fetching details: https://www.kleinanzeigen.de/s-anzeige/druckerpatrone-canon-pixma-546-color-und-545-black-xl/3242012971-225-8784
[2025-11-10 23:41:12,052] INFO: Product saved: Druckerpatrone Canon Pixma 546 Color und 545 Black...
[2025-11-10 23:41:12,054] DEBUG: Fetching details: https://www.kleinanzeigen.de/s-anzeige/druckerpatronen-fuer-canon/3241975278-225-6814
[2025-11-10 23:41:13,887] INFO: Product saved: Druckerpatronen für Canon...
[2025-11-10 23:41:13,889] DEBUG: Fetching details: https://www.kleinanzeigen.de/s-anzeige/drucker-canon-pixma-ts5050-mit-druckerpatronen-funktioniert-/3241956207-225-991
[2025-11-10 23:41:17,814] INFO: Product saved: Drucker Canon Pixma TS5050 mit Druckerpatronen - f...
[2025-11-10 23:41:17,816] DEBUG: Fetching details: https://www.kleinanzeigen.de/s-anzeige/druckerpatrone-fuer-canon-pixma-5222bb005-pg-540-xl-/3241947783-225-1949
[2025-11-10 23:41:19,822] INFO: Product saved: Druckerpatrone für Canon Pixma (5222BB005 PG 540 X...
[2025-11-10 23:41:19,824] DEBUG: Fetching details: https://www.kleinanzeigen.de/s-anzeige/canon-bci-24-color-druckerpatrone-ink-tank/3241926233-225-6401
[2025-11-10 23:41:21,295] INFO: Product saved: Canon BCI-24 Color Druckerpatrone Ink Tank...
[2025-11-10 23:41:21,296] DEBUG: Fetching details: https://www.kleinanzeigen.de/s-anzeige/druckerpatrone-fuer-canon-schwarz-540xl/3241917284-225-7011
[2025-11-10 23:41:22,857] INFO: Product saved: Druckerpatrone für Canon schwarz 540XL...
[2025-11-10 23:41:22,858] DEBUG: Fetching details: https://www.kleinanzeigen.de/s-anzeige/canon-druckerpatronen-pg550-und-angebr-nachfuellset-fuer-bastler/3241866492-225-1681
[2025-11-10 23:41:24,745] INFO: Product saved: Canon Druckerpatronen PG550 und angebr. Nachfüllse...
[2025-11-10 23:41:24,747] DEBUG: Fetching details: https://www.kleinanzeigen.de/s-anzeige/druckerpatrone-canon-original-cli-571-y-gelb-/3241853639-225-5524
[2025-11-10 23:41:26,654] INFO: Product saved: Druckerpatrone Canon Original CLI - 571 Y (gelb)...
[2025-11-10 23:41:26,655] DEBUG: Fetching details: https://www.kleinanzeigen.de/s-anzeige/druckerpatrone-canon-orig-cli-571-bk-schwarz-/3241851378-225-5524
[2025-11-10 23:41:28,626] INFO: Product saved: Druckerpatrone Canon Orig. CLI - 571 BK (schwarz)...
[2025-11-10 23:41:28,629] DEBUG: Fetching details: https://www.kleinanzeigen.de/s-anzeige/druckerpatronen-575xl-576xl-komp-canon-neu-b-y-m-c/3241762622-225-7897
[2025-11-10 23:41:31,169] INFO: Product saved: Druckerpatronen 575XL / 576XL Komp. Canon Neu B Y ...
[2025-11-10 23:41:31,173] DEBUG: Fetching details: https://www.kleinanzeigen.de/s-anzeige/druckerpatrone-canon-pixma-561-/3241762321-225-1920
[2025-11-10 23:41:33,277] INFO: Product saved: Druckerpatrone Canon Pixma561....
[2025-11-10 23:41:33,278] DEBUG: Fetching details: https://www.kleinanzeigen.de/s-anzeige/ovp-canon-druckerpatronen-xl-pixma-551-550/3241752362-225-9389
[2025-11-10 23:41:34,976] INFO: Product saved: OVP Canon Druckerpatronen XL PIXMA 551/550...
[2025-11-10 23:41:34,977] DEBUG: Fetching details: https://www.kleinanzeigen.de/s-anzeige/3-stueck-original-druckerpatronen-canon-540l/3241693608-225-6734
[2025-11-10 23:41:36,935] INFO: Product saved: 3 Stück Original  Druckerpatronen Canon 540L...
[2025-11-10 23:41:36,938] DEBUG: Fetching details: https://www.kleinanzeigen.de/s-anzeige/canon-druckerpatronen/3241664519-93-18674
[2025-11-10 23:41:39,358] INFO: Product saved: Canon Druckerpatronen...
[2025-11-10 23:41:39,360] DEBUG: Fetching details: https://www.kleinanzeigen.de/s-anzeige/druckerpatronen-canon-pixma-ink-print/3241641521-225-30159
[2025-11-10 23:41:44,482] INFO: Product saved: Druckerpatronen Canon Pixma ink&print...
[2025-11-10 23:41:44,510] DEBUG: Fetching details: https://www.kleinanzeigen.de/s-anzeige/canon-pg-40-cl-41-druckerpatronen-schwarz-color/3241633184-225-6482
[2025-11-10 23:41:48,613] INFO: Product saved: Canon pg-40 cl-41 Druckerpatronen schwarz + Color...
[2025-11-10 23:41:48,615] DEBUG: Fetching details: https://www.kleinanzeigen.de/s-anzeige/druckerpatronen-fuer-canon-pixma-ts5050/3241613049-225-2728
[2025-11-10 23:41:52,531] INFO: Product saved: Druckerpatronen für Canon pixma ts5050...
[2025-11-10 23:41:52,546] DEBUG: Fetching details: https://www.kleinanzeigen.de/s-anzeige/tinten-druckerpatronen-canon-mg-5200-series/3241586195-225-1114
[2025-11-10 23:41:56,011] INFO: Product saved: Tinten Druckerpatronen Canon MG 5200 Series...
[2025-11-10 23:41:56,020] DEBUG: Fetching details: https://www.kleinanzeigen.de/s-anzeige/druckerpatronen-fuer-canon-drucker-pgi-550-cli/3241529913-225-1476
[2025-11-10 23:42:01,885] INFO: Product saved: Druckerpatronen für Canon Drucker PGI- 550-CLI...
[2025-11-10 23:42:01,889] DEBUG: Fetching details: https://www.kleinanzeigen.de/s-anzeige/orginal-canon-cl-546xl-color-tintenpatrone-druckerpatrone/3241514103-225-4682
[2025-11-10 23:42:04,617] INFO: Product saved: Orginal Canon CL-546XL Color Tintenpatrone/ Drucke...
[2025-11-10 23:42:05,618] DEBUG: Loading page 3: https://www.kleinanzeigen.de/s-seite:3/Druckerpatrone-Canon/k0
[2025-11-10 23:42:09,932] DEBUG: Found 25 product in the page: 3
[2025-11-10 23:42:09,939] DEBUG: Fetching details: https://www.kleinanzeigen.de/s-anzeige/druckerpatronen-canon/3241513755-225-1952
[2025-11-10 23:42:12,672] INFO: Product saved: Druckerpatronen Canon...
[2025-11-10 23:42:12,674] DEBUG: Fetching details: https://www.kleinanzeigen.de/s-anzeige/druckerpatronen-canon-pixma/3241500126-225-18523
[2025-11-10 23:42:15,066] INFO: Product saved: Druckerpatronen Canon Pixma...
[2025-11-10 23:42:15,071] DEBUG: Fetching details: https://www.kleinanzeigen.de/s-anzeige/druckerpatrone-canon-521-gy-cli-521gy-/3241498348-225-7620
[2025-11-10 23:42:17,130] INFO: Product saved: Druckerpatrone Canon 521 GY (CLI-521GY)...
[2025-11-10 23:42:17,131] DEBUG: Fetching details: https://www.kleinanzeigen.de/s-anzeige/druckerpatronen-canon-550xl-551xl-47stk-/3241495892-225-1818
[2025-11-10 23:42:18,944] INFO: Product saved: Druckerpatronen Canon 550XL / 551XL - 47Stk....
[2025-11-10 23:42:18,946] DEBUG: Fetching details: https://www.kleinanzeigen.de/s-anzeige/druckerpatronen-fuer-canon-maxify-5100/3241495111-225-989
[2025-11-10 23:42:20,846] INFO: Product saved: Druckerpatronen für Canon Maxify 5100...
[2025-11-10 23:42:20,848] DEBUG: Fetching details: https://www.kleinanzeigen.de/s-anzeige/original-canon-druckerpatronen-cli-581-pgi-580/3241479195-225-9421
[2025-11-10 23:42:22,462] INFO: Product saved: Original Canon Druckerpatronen CLI-581 PGI-580...
[2025-11-10 23:42:22,463] DEBUG: Fetching details: https://www.kleinanzeigen.de/s-anzeige/druckerpatronen-canon-pixma/3241433156-225-16412
[2025-11-10 23:42:23,758] INFO: Product saved: Druckerpatronen Canon Pixma...
[2025-11-10 23:42:23,759] DEBUG: Fetching details: https://www.kleinanzeigen.de/s-anzeige/druckerpatronen-canon-pixma-ip-7200-etc-neu-/3241421641-225-4516
[2025-11-10 23:42:25,420] INFO: Product saved: Druckerpatronen Canon Pixma IP 7200 etc. Neu !!!...
[2025-11-10 23:42:25,421] DEBUG: Fetching details: https://www.kleinanzeigen.de/s-anzeige/kompatibel-canon-druckerpatronen-pgi-520-cli-521/3241418246-225-1227
[2025-11-10 23:42:27,256] INFO: Product saved: Kompatibel Canon Druckerpatronen PGI-520/CLI-521...
[2025-11-10 23:42:27,257] DEBUG: Fetching details: https://www.kleinanzeigen.de/s-anzeige/druckerpatronen-origian-canon-pixma-520-und-521/3241396984-225-7875
[2025-11-10 23:42:29,025] INFO: Product saved: Druckerpatronen Origian Canon Pixma 520 und 521...
[2025-11-10 23:42:29,027] DEBUG: Fetching details: https://www.kleinanzeigen.de/s-anzeige/canon-pixma-multipack-druckerpatronen/3241339181-225-7503
[2025-11-10 23:42:30,619] INFO: Product saved: Canon Pixma Multipack Druckerpatronen...
[2025-11-10 23:42:30,620] DEBUG: Fetching details: https://www.kleinanzeigen.de/s-anzeige/druckerpatronen-canon-mb-maxify-mb2150/3241279264-225-612
[2025-11-10 23:42:32,290] INFO: Product saved: Druckerpatronen – Canon MB Maxify MB2150...
[2025-11-10 23:42:32,291] DEBUG: Fetching details: https://www.kleinanzeigen.de/s-anzeige/druckerpatronen-canon-8-bk-schwarz-8-y-gelb-neu/3241278261-225-1688
[2025-11-10 23:42:34,170] INFO: Product saved: Druckerpatronen Canon 8 BK schwarz 8 Y gelb neu...
[2025-11-10 23:42:34,172] DEBUG: Fetching details: https://www.kleinanzeigen.de/s-anzeige/druckerpatronen-canon-570-571/3241266065-225-1345
[2025-11-10 23:42:35,960] INFO: Product saved: Druckerpatronen Canon 570/571...
[2025-11-10 23:42:35,963] DEBUG: Fetching details: https://www.kleinanzeigen.de/s-anzeige/canon-druckerpatronen-prixma-mg5100-neu-kompatibel/3241256975-225-3981
[2025-11-10 23:42:37,850] INFO: Product saved: Canon Druckerpatronen Prixma MG5100 - NEU kompatib...
[2025-11-10 23:42:37,851] DEBUG: Fetching details: https://www.kleinanzeigen.de/s-anzeige/lxtek-canon-580-581-xxl-druckerpatronen-neu-ovp-10er-pack/3241240280-225-1824
[2025-11-10 23:42:39,416] INFO: Product saved: LxTek Canon 580/581 XXL Druckerpatronen – NEU & OV...
[2025-11-10 23:42:39,417] DEBUG: Fetching details: https://www.kleinanzeigen.de/s-anzeige/ovp-edding-druckerpatronen-no-514-5-stueck-fuer-canon-pixma/3241211214-225-5414
[2025-11-10 23:42:40,977] INFO: Product saved: OVP Edding Druckerpatronen No. 514 5 Stück für Can...
[2025-11-10 23:42:40,978] DEBUG: Fetching details: https://www.kleinanzeigen.de/s-anzeige/canon-pixma-tintenpatronen-druckerpatronen-yellow-gelb/3241171193-225-4903
[2025-11-10 23:42:42,384] INFO: Product saved: Canon Pixma Tintenpatronen Druckerpatronen Yellow ...
[2025-11-10 23:42:42,385] DEBUG: Fetching details: https://www.kleinanzeigen.de/s-anzeige/canon-druckerpatronen/3241154403-225-3013
[2025-11-10 23:42:43,711] INFO: Product saved: Canon Druckerpatronen...
[2025-11-10 23:42:43,712] DEBUG: Fetching details: https://www.kleinanzeigen.de/s-anzeige/canon-pixma-druckerpatronen-cli-8m-cli-8y-cli-8c-inkl-7-folien/3241136430-225-3842
[2025-11-10 23:42:45,486] INFO: Product saved: Canon PIXMA Druckerpatronen CLI-8M+CLI-8Y+CLI-8C i...
[2025-11-10 23:42:45,488] DEBUG: Fetching details: https://www.kleinanzeigen.de/s-anzeige/druckerpatronen-canon-550-551/3241118641-225-25159
[2025-11-10 23:42:47,469] INFO: Product saved: Druckerpatronen Canon 550 / 551...
[2025-11-10 23:42:47,471] DEBUG: Fetching details: https://www.kleinanzeigen.de/s-anzeige/neue-canon-pixma-cl-541-color-druckerpatrone-originalverpackt/3241111197-225-9185
[2025-11-10 23:42:49,321] INFO: Product saved: Neue Canon Pixma CL-541 Color Druckerpatrone – Ori...
[2025-11-10 23:42:49,323] DEBUG: Fetching details: https://www.kleinanzeigen.de/s-anzeige/original-canon-pixma-pro-100-s-druckerpatrone-grau/3240953050-225-4904
[2025-11-10 23:42:51,446] INFO: Product saved: Original Canon Pixma Pro 100 S Druckerpatrone Grau...
[2025-11-10 23:42:51,449] DEBUG: Fetching details: https://www.kleinanzeigen.de/s-anzeige/original-canon-pixma-pro-100-s-druckerpatrone-schwarz/3240939421-225-4904
[2025-11-10 23:42:53,771] INFO: Product saved: Original Canon Pixma Pro 100 S Druckerpatrone Schw...
[2025-11-10 23:42:53,773] DEBUG: Fetching details: https://www.kleinanzeigen.de/s-anzeige/canon-druckerpatronen-570-571-von-isy/3240931195-225-1843
[2025-11-10 23:42:56,913] INFO: Product saved: Canon Druckerpatronen 570 + 571 von ISY...
[2025-11-10 23:42:57,913] DEBUG: Loading page 4: https://www.kleinanzeigen.de/s-seite:4/Druckerpatrone-Canon/k0
[2025-11-10 23:42:59,806] DEBUG: Found 25 product in the page: 4
[2025-11-10 23:42:59,808] DEBUG: Fetching details: https://www.kleinanzeigen.de/s-anzeige/canon-drucker-mit-druckerpatronen/3240905510-225-2921
[2025-11-10 23:43:01,521] INFO: Product saved: Canon Drucker mit Druckerpatronen...
[2025-11-10 23:43:01,525] DEBUG: Fetching details: https://www.kleinanzeigen.de/s-anzeige/druckerpatronen-canon/3240895936-225-6986
[2025-11-10 23:43:03,332] INFO: Product saved: Druckerpatronen. Canon...
[2025-11-10 23:43:03,333] DEBUG: Fetching details: https://www.kleinanzeigen.de/s-anzeige/kompatibel-canon-pg-545-cl-546-xl-druckerpatronen-545-546-yuanqim/3212331803-225-794
[2025-11-10 23:43:04,976] INFO: Product saved: KOMPATIBEL CANON PG-545 CL-546 XL Druckerpatronen ...
[2025-11-10 23:43:04,978] ERROR: Ad parse error: can only concatenate str (not "NoneType") to str
[2025-11-10 23:43:04,980] DEBUG: Fetching details: https://www.kleinanzeigen.de/s-anzeige/canon-druckerpatronen-pgi-520bk-cli-521bk-zu-verschenken/3240806186-225-7730
[2025-11-10 23:43:06,594] INFO: Product saved: Canon Druckerpatronen PGI-520BK & CLI-521BK – zu v...
[2025-11-10 23:43:06,596] DEBUG: Fetching details: https://www.kleinanzeigen.de/s-anzeige/canon-druckerpatrone/3240805238-225-3135
[2025-11-10 23:43:08,318] INFO: Product saved: Canon Druckerpatrone...
[2025-11-10 23:43:08,320] DEBUG: Fetching details: https://www.kleinanzeigen.de/s-anzeige/canon-pg-512-cl-513-druckerpatrone-schwarz-und-oder-color/3240803193-225-2113
[2025-11-10 23:43:09,725] INFO: Product saved: Canon PG 512 / CL 513 Druckerpatrone Schwarz und /...
[2025-11-10 23:43:09,726] DEBUG: Fetching details: https://www.kleinanzeigen.de/s-anzeige/druckerpatronen-canon-tr8550-tr7550-tr7650-ts6350-ts705a-ts6300/3240753168-225-9482
[2025-11-10 23:43:11,127] INFO: Product saved: Druckerpatronen Canon TR8550 TR7550 TR7650 TS6350 ...
[2025-11-10 23:43:11,129] DEBUG: Fetching details: https://www.kleinanzeigen.de/s-anzeige/druckerpatronen-fuer-canon-verschiedene-farben/3240738662-225-21142
[2025-11-10 23:43:12,753] INFO: Product saved: Druckerpatronen für Canon verschiedene Farben...
[2025-11-10 23:43:12,754] DEBUG: Fetching details: https://www.kleinanzeigen.de/s-anzeige/druckerpatronen-fuer-canon/3240695236-225-7915
[2025-11-10 23:43:16,093] INFO: Product saved: Druckerpatronen für Canon...
[2025-11-10 23:43:16,102] DEBUG: Fetching details: https://www.kleinanzeigen.de/s-anzeige/kompatibel-canon-pg-540-xl-druckerpatronen-540-yuanqim/3240641087-225-794
[2025-11-10 23:43:20,324] INFO: Product saved: KOMPATIBEL CANON PG-540 XL Druckerpatronen 540 YUA...
[2025-11-10 23:43:20,334] DEBUG: Fetching details: https://www.kleinanzeigen.de/s-anzeige/kompatibel-canon-pg-540-cl-541-xl-druckerpatronen-540-541-yuanqim/3240624767-225-794
[2025-11-10 23:43:24,720] INFO: Product saved: KOMPATIBEL CANON PG-540 CL-541 XL Druckerpatronen ...
[2025-11-10 23:43:24,725] DEBUG: Fetching details: https://www.kleinanzeigen.de/s-anzeige/canon-druckerpatronen/3240603456-225-8432
[2025-11-10 23:43:28,130] INFO: Product saved: Canon Druckerpatronen...
[2025-11-10 23:43:28,132] DEBUG: Fetching details: https://www.kleinanzeigen.de/s-anzeige/druckerpatrone-canon-pixma-8-schwarz-cyan-yellow-neu-in-ovp/3240598352-225-6766
[2025-11-10 23:43:30,700] INFO: Product saved: Druckerpatrone Canon Pixma 8 schwarz cyan yellow n...
[2025-11-10 23:43:30,705] DEBUG: Fetching details: https://www.kleinanzeigen.de/s-anzeige/druckerpatronen-fuer-canon/3240563083-225-1904
[2025-11-10 23:43:32,713] INFO: Product saved: Druckerpatronen für Canon...
[2025-11-10 23:43:32,716] DEBUG: Fetching details: https://www.kleinanzeigen.de/s-anzeige/druckerpatronen-neu-fuer-canon-prixma-ip-7250/3240561724-225-4251
[2025-11-10 23:43:34,884] INFO: Product saved: Druckerpatronen neu für Canon Prixma IP 7250...
[2025-11-10 23:43:34,886] DEBUG: Fetching details: https://www.kleinanzeigen.de/s-anzeige/druckerpatronen-original-canon-fuer-canon-cli-551xl/3240550607-225-19916
[2025-11-10 23:43:36,887] INFO: Product saved: Druckerpatronen original Canon für CANON CLi-551XL...
[2025-11-10 23:43:36,888] ERROR: Ad parse error: can only concatenate str (not "NoneType") to str
[2025-11-10 23:43:36,890] DEBUG: Fetching details: https://www.kleinanzeigen.de/s-anzeige/10x-druckerpatronen-z-b-fuer-canon-c-cli-8-c-pgi-5-cc-8bk/3240457740-225-2700
[2025-11-10 23:43:38,965] INFO: Product saved: 10x Druckerpatronen z.B. für Canon C-CLI-8 C-PGI-5...
[2025-11-10 23:43:38,967] DEBUG: Fetching details: https://www.kleinanzeigen.de/s-anzeige/druckerpatronen-kompatibel-canon-pgi-570-cli-571/3240413191-225-9178
[2025-11-10 23:43:40,473] INFO: Product saved: Druckerpatronen kompatibel Canon PGI-570 CLI-571...
[2025-11-10 23:43:40,475] DEBUG: Fetching details: https://www.kleinanzeigen.de/s-anzeige/druckerpatrone-canon-510/3240396057-225-4816
[2025-11-10 23:43:42,521] INFO: Product saved: Druckerpatrone Canon 510...
[2025-11-10 23:43:42,527] DEBUG: Fetching details: https://www.kleinanzeigen.de/s-anzeige/5x-druckerpatronen-neu-tintenpatronen-toner-f-drucker-canon/3240361746-225-3877
[2025-11-10 23:43:44,467] INFO: Product saved: 5x DRUCKERPATRONEN -NEU- TINTENPATRONEN TONER f.Dr...
[2025-11-10 23:43:44,468] DEBUG: Fetching details: https://www.kleinanzeigen.de/s-anzeige/canon-druckerpatronen-570-571-incl-canon-ts5055/3240340319-225-922
[2025-11-10 23:43:46,352] INFO: Product saved: Canon Druckerpatronen 570/571 incl. Canon TS5055...
[2025-11-10 23:43:46,354] DEBUG: Fetching details: https://www.kleinanzeigen.de/s-anzeige/druckerpatronen-fuer-canon-pixma-drucker/3240337721-225-26046
[2025-11-10 23:43:48,316] INFO: Product saved: Druckerpatronen für Canon Pixma Drucker...
[2025-11-10 23:43:48,317] DEBUG: Fetching details: https://www.kleinanzeigen.de/s-anzeige/druckerpatronen-canon-ts-7450a/3240330396-225-16973
[2025-11-10 23:43:49,721] INFO: Product saved: Druckerpatronen Canon TS 7450a...
[2025-11-10 23:43:50,721] DEBUG: Loading page 5: https://www.kleinanzeigen.de/s-seite:5/Druckerpatrone-Canon/k0
[2025-11-10 23:43:52,399] DEBUG: Found 25 product in the page: 5
[2025-11-10 23:43:52,401] DEBUG: Fetching details: https://www.kleinanzeigen.de/s-anzeige/28x-druckerpatronen-tintenpartonen-canon-drucker-551-und-550/3240304614-225-4711
[2025-11-10 23:43:53,894] INFO: Product saved: 28x Druckerpatronen Tintenpartonen Canon  Drucker ...
[2025-11-10 23:43:53,895] DEBUG: Fetching details: https://www.kleinanzeigen.de/s-anzeige/3x-original-canon-cli-551-xl-druckerpatronen-neu-druckertinte/3240302834-225-7924
[2025-11-10 23:43:55,485] INFO: Product saved: 3x Original Canon CLI 551 (XL) Druckerpatronen  ne...
[2025-11-10 23:43:55,487] DEBUG: Fetching details: https://www.kleinanzeigen.de/s-anzeige/lxtek-druckerpatronen-580-581-multipack-kompatibel-fuer-canon-tr85/3240292302-225-9602
[2025-11-10 23:43:57,126] INFO: Product saved: LxTek Druckerpatronen 580 581 Multipack Kompatibel...
[2025-11-10 23:43:57,128] DEBUG: Fetching details: https://www.kleinanzeigen.de/s-anzeige/druckerpatrone-canon-ts-7450a-pg-560xl-black/3240205781-225-16973
[2025-11-10 23:43:58,624] INFO: Product saved: Druckerpatrone Canon TS 7450a PG-560XL black...
[2025-11-10 23:43:58,625] DEBUG: Fetching details: https://www.kleinanzeigen.de/s-anzeige/canon-pixma-druckerpatronen-neu-blau-rot-schwarz-geld/3240195102-225-2490
[2025-11-10 23:44:00,262] INFO: Product saved: Canon Pixma Druckerpatronen neu blau rot schwarz G...
[2025-11-10 23:44:00,264] DEBUG: Fetching details: https://www.kleinanzeigen.de/s-anzeige/canon-pg-575-druckerpatrone/3240195077-225-25295
[2025-11-10 23:44:02,040] INFO: Product saved: Canon PG 575 Druckerpatrone...
[2025-11-10 23:44:02,041] DEBUG: Fetching details: https://www.kleinanzeigen.de/s-anzeige/druckerpatronen-mit-chip-fuer-canon-drucker-kopierer/3240186983-225-4104
[2025-11-10 23:44:04,446] INFO: Product saved: Druckerpatronen mit Chip für Canon Drucker  / Kopi...
[2025-11-10 23:44:04,448] DEBUG: Fetching details: https://www.kleinanzeigen.de/s-anzeige/druckerpatronen-canon/3240186887-225-16366
[2025-11-10 23:44:06,664] INFO: Product saved: Druckerpatronen Canon...
[2025-11-10 23:44:06,666] DEBUG: Fetching details: https://www.kleinanzeigen.de/s-anzeige/druckerpatronen-fuer-canon-drucker/3240119637-225-5424
[2025-11-10 23:44:08,736] INFO: Product saved: Druckerpatronen für Canon Drucker...
[2025-11-10 23:44:08,737] DEBUG: Fetching details: https://www.kleinanzeigen.de/s-anzeige/druckerpatronen-canon-mg-6150/3240111041-225-8830
[2025-11-10 23:44:20,456] INFO: Product saved: Druckerpatronen canon mg 6150...
[2025-11-10 23:44:20,462] DEBUG: Fetching details: https://www.kleinanzeigen.de/s-anzeige/druckerpatronen-canon-mg-6150/3240111039-225-8830
[2025-11-10 23:44:32,996] INFO: Product saved: Druckerpatronen canon mg 6150...
[2025-11-10 23:44:33,001] DEBUG: Fetching details: https://www.kleinanzeigen.de/s-anzeige/kompatibel-canon-pgi-570xl-cli-571xl-druckerpatronen-multipack/3240095927-225-9419
[2025-11-10 23:44:37,371] INFO: Product saved: Kompatibel Canon PGI-570XL/CLI-571XL Druckerpatron...
[2025-11-10 23:44:37,373] DEBUG: Fetching details: https://www.kleinanzeigen.de/s-anzeige/druckerpatronen-canon-pixma/3240072819-93-8594
[2025-11-10 23:44:40,061] INFO: Product saved: Druckerpatronen Canon Pixma...
[2025-11-10 23:44:40,062] ERROR: Ad parse error: can only concatenate str (not "NoneType") to str
[2025-11-10 23:44:40,063] DEBUG: Fetching details: https://www.kleinanzeigen.de/s-anzeige/4-kompatible-druckerpatronen-canon-pixma/3239990973-225-7980
[2025-11-10 23:44:42,486] INFO: Product saved: 4 kompatible Druckerpatronen Canon Pixma...
[2025-11-10 23:44:42,487] DEBUG: Fetching details: https://www.kleinanzeigen.de/s-anzeige/druckerpatronen-canon-526/3239980805-225-7527
[2025-11-10 23:44:44,528] INFO: Product saved: Druckerpatronen Canon 526...
[2025-11-10 23:44:44,530] DEBUG: Fetching details: https://www.kleinanzeigen.de/s-anzeige/druckerpatronen-xl-canon/3239936651-225-3460
[2025-11-10 23:44:48,272] INFO: Product saved: Druckerpatronen XL Canon...
[2025-11-10 23:44:48,274] DEBUG: Fetching details: https://www.kleinanzeigen.de/s-anzeige/atopink-pg540xl-schwarz-druckerpatrone-pg-540-xl-canon/3239898527-225-9358
[2025-11-10 23:44:49,871] INFO: Product saved: ATOPINK  PG540XL schwarz Druckerpatrone PG-540 XL ...
[2025-11-10 23:44:49,872] DEBUG: Fetching details: https://www.kleinanzeigen.de/s-anzeige/canon-580-581-druckerpatronen-neu/3239841199-225-3199
[2025-11-10 23:44:51,597] INFO: Product saved: Canon 580/581 Druckerpatronen neu...
[2025-11-10 23:44:51,598] ERROR: Ad parse error: can only concatenate str (not "NoneType") to str
[2025-11-10 23:44:51,599] DEBUG: Fetching details: https://www.kleinanzeigen.de/s-anzeige/druckerpatronen-canon-kompatibel/3239809319-225-6800
[2025-11-10 23:44:53,433] INFO: Product saved: Druckerpatronen Canon kompatibel...
[2025-11-10 23:44:53,435] DEBUG: Fetching details: https://www.kleinanzeigen.de/s-anzeige/canon-580-581-druckerpatronen-in-farbe-und-in-schwarz/3239768057-225-1007
[2025-11-10 23:44:55,173] INFO: Product saved: Canon 580/581 Druckerpatronen in Farbe und in schw...
[2025-11-10 23:44:55,175] DEBUG: Fetching details: https://www.kleinanzeigen.de/s-anzeige/druckerpatronen-canon-540xl-541xl-neu-und-originalverpackt/3239730587-225-6080
[2025-11-10 23:44:57,284] INFO: Product saved: Druckerpatronen Canon 540XL / 541XL neu und origin...
[2025-11-10 23:44:57,286] DEBUG: Fetching details: https://www.kleinanzeigen.de/s-anzeige/canon-540-xl-schwarz-druckerpatronen-tintenpatronen-kompatibel/3239717827-225-9518
[2025-11-10 23:44:58,953] INFO: Product saved: Canon 540 XL schwarz Druckerpatronen Tintenpatrone...
[2025-11-10 23:44:58,954] DEBUG: Fetching details: https://www.kleinanzeigen.de/s-anzeige/canon-pixma-druckerpatronen-525-schwarz-und-526-bunt-/3239715272-225-7981
[2025-11-10 23:45:00,823] INFO: Product saved: Canon PIXMA Druckerpatronen 525 (schwarz) und 526 ...
[2025-11-10 23:45:02,039] INFO: Scraping complete: 1 products
[2025-11-10 23:45:02,075] INFO: Task completed successfully
