[2025-11-08 19:25:57,745] INFO: Task received by worker
[2025-11-08 19:25:57,745] INFO: Starting task: Kleinanzeigen Product Scraper
[2025-11-08 19:25:57,745] DEBUG: Input data: {
  "searchQuery": "Druckerpatrone",
  "maxPages": 5,
  "brands": [
    {
      "brand": "Canon"
    }
  ]
}
[2025-11-08 19:25:57,967] INFO: Scraping 1 brand(s): Canon
[2025-11-08 19:25:59,010] INFO: Processing brand: Canon
[2025-11-08 19:25:59,108] DEBUG: Loading page 1: https://www.kleinanzeigen.de/s-Druckerpatrone-Canon/k0
[2025-11-08 19:26:09,531] DEBUG: Found 27 product in the page: 1
[2025-11-08 19:26:09,532] DEBUG: Fetching details: <a class="ellipsis" href="/s-anzeige/ankauf-ihrer-leeren-canon-und-hp-305-hp-305xl-hp-307xl-hp-304-hp-304xl-hp-303-hp-303xl-hp-302-hp-302xl-hp-301-301xl-62-62xl-300-300xl-901-leere-patronen-volle-ueberlagerte-druckerpatronen-toner/1764977037-225-9683">Ankauf Ihrer leeren Canon und HP 305 HP 305XL HP 307XL HP 304 HP 304XL HP 303 HP 303XL HP 302 HP 302XL HP 301 301XL 62 62XL 300 300XL 901 leere Patronen, volle überlagerte Druckerpatronen Toner</a>
[2025-11-08 19:26:15,610] ERROR: Ad parse error: name 'partial' is not defined
[2025-11-08 19:26:15,610] DEBUG: Fetching details: <a class="ellipsis" href="/s-anzeige/ankauf-ihrer-leeren-vollen-hp-und-canon-540-541-545-546-560-561-575-576-585-586-510-511-512-513-40-41-37-38-50-51-leere-volle-ueberlagerte-druckerpatronen-tintenpatronen-toner-hp-62-302-303-304-305/1117663714-225-9683">Ankauf Ihrer leeren, vollen HP und Canon 540 541 545 546 560 561 575 576 585 586 510 511 512 513 40 41 37 38 50 51 leere, volle überlagerte Druckerpatronen Tintenpatronen Toner + HP 62 302 303 304 305</a>
[2025-11-08 19:26:20,937] ERROR: Ad parse error: name 'partial' is not defined
[2025-11-08 19:26:20,937] DEBUG: Fetching details: <a class="ellipsis" href="/s-anzeige/druckerpatrone-canon-pg-560xl-black/3240205781-225-16973">Druckerpatrone Canon PG-560XL black</a>
[2025-11-08 19:26:23,836] ERROR: Ad parse error: name 'partial' is not defined
[2025-11-08 19:26:23,836] DEBUG: Fetching details: <a class="ellipsis" href="/s-anzeige/canon-pixmal-druckerpatronen-neu-blau-rot-schwarz-geld/3240195102-225-2490">Canon Pixmal Druckerpatronen neu blau rot schwarz Geld</a>
[2025-11-08 19:26:30,660] ERROR: Ad parse error: name 'partial' is not defined
[2025-11-08 19:26:30,661] DEBUG: Fetching details: <a class="ellipsis" href="/s-anzeige/canon-pg-575-druckerpatrone/3240195077-225-25295">Canon PG 575 Druckerpatrone</a>
[2025-11-08 19:26:33,069] ERROR: Ad parse error: name 'partial' is not defined
[2025-11-08 19:26:33,070] DEBUG: Fetching details: <a class="ellipsis" href="/s-anzeige/druckerpatronen-mit-chip-fuer-canon-drucker-kopierer/3240186983-225-4104">Druckerpatronen mit Chip für Canon Drucker  / Kopierer</a>
[2025-11-08 19:26:36,414] ERROR: Ad parse error: name 'partial' is not defined
[2025-11-08 19:26:36,415] DEBUG: Fetching details: <a class="ellipsis" href="/s-anzeige/druckerpatronen-canon/3240186887-225-16366">Druckerpatronen Canon</a>
[2025-11-08 19:26:39,893] ERROR: Ad parse error: name 'partial' is not defined
[2025-11-08 19:26:39,894] DEBUG: Fetching details: <a class="ellipsis" href="/s-anzeige/druckerpatronen-fuer-canon-drucker/3240119637-225-5424">Druckerpatronen für Canon Drucker</a>
[2025-11-08 19:26:42,181] ERROR: Ad parse error: name 'partial' is not defined
[2025-11-08 19:26:42,182] DEBUG: Fetching details: <a class="ellipsis" href="/s-anzeige/druckerpatronen-canon-mg-6150/3240111041-225-8830">Druckerpatronen canon mg 6150</a>
[2025-11-08 19:26:53,440] ERROR: Ad parse error: name 'partial' is not defined
[2025-11-08 19:26:53,441] DEBUG: Fetching details: <a class="ellipsis" href="/s-anzeige/druckerpatronen-canon-mg-6150/3240111039-225-8830">Druckerpatronen canon mg 6150</a>
[2025-11-08 19:27:13,657] ERROR: Ad parse error: name 'partial' is not defined
[2025-11-08 19:27:13,657] DEBUG: Fetching details: <a class="ellipsis" href="/s-anzeige/kompatibel-canon-pgi-570xl-cli-571xl-druckerpatronen-multipack/3240095927-225-9419">Kompatibel Canon PGI-570XL/CLI-571XL Druckerpatronen Multipack</a>
[2025-11-08 19:27:15,782] ERROR: Ad parse error: name 'partial' is not defined
[2025-11-08 19:27:15,782] DEBUG: Fetching details: <a class="ellipsis" href="/s-anzeige/druckerpatronen-canon-pixma/3240072819-93-8594">Druckerpatronen Canon Pixma</a>
[2025-11-08 19:27:17,764] ERROR: Ad parse error: name 'partial' is not defined
[2025-11-08 19:27:17,764] DEBUG: Fetching details: <span class="ellipsis ref-not-linked" data-url="/s-anzeige/2-originale-druckerpatronen-und-5-kompatible-canon-maxify/3239996186-225-7980">2 originale Druckerpatronen und 5 kompatible Canon Maxify</span>
[2025-11-08 19:27:17,765] ERROR: Ad parse error: 'href'
[2025-11-08 19:27:17,765] DEBUG: Fetching details: <a class="ellipsis" href="/s-anzeige/4-kompatible-druckerpatronen-canon-pixma/3239990973-225-7980">4 kompatible Druckerpatronen Canon Pixma</a>
[2025-11-08 19:27:19,369] ERROR: Ad parse error: name 'partial' is not defined
[2025-11-08 19:27:19,371] DEBUG: Fetching details: <a class="ellipsis" href="/s-anzeige/druckerpatronen-canon-526/3239980805-225-7527">Druckerpatronen Canon 526</a>
[2025-11-08 19:27:21,576] ERROR: Ad parse error: name 'partial' is not defined
[2025-11-08 19:27:21,576] DEBUG: Fetching details: <a class="ellipsis" href="/s-anzeige/canon-original-druckerpatronen-cli-526-pgi-525-pgbk/3239963644-225-2596">Canon original Druckerpatronen CLI-526 + PGI 525 PGBK</a>
[2025-11-08 19:27:23,068] ERROR: Ad parse error: name 'partial' is not defined
[2025-11-08 19:27:23,069] DEBUG: Fetching details: <a class="ellipsis" href="/s-anzeige/druckerpatronen-xl-canon/3239936651-225-3460">Druckerpatronen XL Canon</a>
[2025-11-08 19:27:24,672] ERROR: Ad parse error: name 'partial' is not defined
[2025-11-08 19:27:24,673] DEBUG: Fetching details: <a class="ellipsis" href="/s-anzeige/druckerpatrone-canon-540-black-pg-540/3239901733-225-7422">Druckerpatrone Canon 540 Black - PG-540</a>
[2025-11-08 19:27:26,321] ERROR: Ad parse error: name 'partial' is not defined
[2025-11-08 19:27:26,322] DEBUG: Fetching details: <a class="ellipsis" href="/s-anzeige/atopink-pg540xl-schwarz-druckerpatrone-pg-540-xl-canon/3239898527-225-9358">ATOPINK  PG540XL schwarz, Druckerpatrone PG-540 XL Canon</a>
[2025-11-08 19:27:28,791] ERROR: Ad parse error: name 'partial' is not defined
[2025-11-08 19:27:28,792] DEBUG: Fetching details: <a class="ellipsis" href="/s-anzeige/canon-580-581-druckerpatronen-neu/3239841199-225-3199">Canon 580/581 Druckerpatronen neu</a>
[2025-11-08 19:27:31,133] ERROR: Ad parse error: name 'partial' is not defined
[2025-11-08 19:27:31,135] DEBUG: Fetching details: <span class="ellipsis ref-not-linked" data-url="/s-anzeige/canon-druckerpatrone-neu-color-546/3239826608-18-1147">Canon Druckerpatrone neu Color 546</span>
[2025-11-08 19:27:31,135] ERROR: Ad parse error: 'href'
[2025-11-08 19:27:31,136] DEBUG: Fetching details: <a class="ellipsis" href="/s-anzeige/druckerpatronen-canon-kompatibel/3239809319-225-6800">Druckerpatronen Canon kompatibel</a>
[2025-11-08 19:27:32,846] ERROR: Ad parse error: name 'partial' is not defined
[2025-11-08 19:27:32,846] DEBUG: Fetching details: <a class="ellipsis" href="/s-anzeige/canon-580-581-druckerpatronen-in-farbe-und-in-schwarz/3239768057-225-1007">Canon 580/581 Druckerpatronen in Farbe und in schwarz</a>
[2025-11-08 19:27:34,412] ERROR: Ad parse error: name 'partial' is not defined
[2025-11-08 19:27:34,412] DEBUG: Fetching details: <a class="ellipsis" href="/s-anzeige/2x-canon-pg-512-druckerpatronen-schwarz/3239751012-225-4255">2x Canon PG-512 Druckerpatronen schwarz</a>
[2025-11-08 19:27:36,064] ERROR: Ad parse error: name 'partial' is not defined
[2025-11-08 19:27:36,065] DEBUG: Fetching details: <a class="ellipsis" href="/s-anzeige/druckerpatronen-canon-540xl-541xl-neu-und-originalverpackt/3239730587-225-6080">Druckerpatronen Canon 540XL / 541XL neu und originalverpackt</a>
[2025-11-08 19:27:38,578] ERROR: Ad parse error: name 'partial' is not defined
[2025-11-08 19:27:38,578] DEBUG: Fetching details: <a class="ellipsis" href="/s-anzeige/canon-540-xl-schwarz-druckerpatronen-tintenpatronen-kompatibel/3239717827-225-9518">Canon 540 XL schwarz Druckerpatronen Tintenpatronen Kompatibel</a>
[2025-11-08 19:27:40,396] ERROR: Ad parse error: name 'partial' is not defined
[2025-11-08 19:27:40,396] DEBUG: Fetching details: <a class="ellipsis" href="/s-anzeige/canon-pixma-druckerpatronen-525-schwarz-und-526-bunt-/3239715272-225-7981">Canon PIXMA Druckerpatronen 525 (schwarz) und 526 (bunt)</a>
[2025-11-08 19:27:42,002] ERROR: Ad parse error: name 'partial' is not defined
[2025-11-08 19:27:43,003] DEBUG: Loading page 2: https://www.kleinanzeigen.de/s-seite:2/Druckerpatrone-Canon/k0
[2025-11-08 19:27:46,028] DEBUG: Found 25 product in the page: 2
[2025-11-08 19:27:46,029] DEBUG: Fetching details: <a class="ellipsis" href="/s-anzeige/canon-545-xl-546-xl-druckerpatronen-tintenpatronen-kompatibel/3239714827-225-9518">Canon 545 XL 546 XL Druckerpatronen Tintenpatronen Kompatibel</a>
[2025-11-08 19:27:47,880] ERROR: Ad parse error: name 'partial' is not defined
[2025-11-08 19:27:47,880] DEBUG: Fetching details: <a class="ellipsis" href="/s-anzeige/druckerpatronen-fuer-canon-11st-/3239713126-225-2074">Druckerpatronen für Canon 11St.</a>
[2025-11-08 19:27:50,219] ERROR: Ad parse error: name 'partial' is not defined
[2025-11-08 19:27:50,220] DEBUG: Fetching details: <a class="ellipsis" href="/s-anzeige/druckerpatronen-fuer-canon/3239708969-225-3810">Druckerpatronen für Canon</a>
[2025-11-08 19:27:51,949] ERROR: Ad parse error: name 'partial' is not defined
[2025-11-08 19:27:51,950] DEBUG: Fetching details: <a class="ellipsis" href="/s-anzeige/druckerpatronen-fuer-canon/3239643467-225-2303">Druckerpatronen für Canon</a>
[2025-11-08 19:27:53,853] ERROR: Ad parse error: name 'partial' is not defined
[2025-11-08 19:27:53,854] DEBUG: Fetching details: <a class="ellipsis" href="/s-anzeige/canon-druckerpatronen-original-verpackt-cli-8m-y-c-5/3239555091-225-1522">Canon Druckerpatronen Original verpackt CLI-8M-Y-C + 5</a>
[2025-11-08 19:27:55,450] ERROR: Ad parse error: name 'partial' is not defined
[2025-11-08 19:27:55,451] DEBUG: Fetching details: <a class="ellipsis" href="/s-anzeige/d-c-druckerpatronen-fuer-canon-drucker-tintenpatronen/3239539705-225-1889">D&amp;C Druckerpatronen für Canon Drucker Tintenpatronen</a>
[2025-11-08 19:27:56,916] ERROR: Ad parse error: name 'partial' is not defined
[2025-11-08 19:27:56,916] DEBUG: Fetching details: <a class="ellipsis" href="/s-anzeige/druckerpatronen-kompatibel-fuer-canon-pixma/3239527902-225-7138">Druckerpatronen Kompatibel für Canon Pixma</a>
[2025-11-08 19:27:58,329] ERROR: Ad parse error: name 'partial' is not defined
[2025-11-08 19:27:58,330] DEBUG: Fetching details: <a class="ellipsis" href="/s-anzeige/2-stueck-neue-originale-canon-druckerpatronen-571-bk-schwarz-/3239489066-225-3364">2 Stück neue originale Canon Druckerpatronen 571 (BK - schwarz)</a>
[2025-11-08 19:27:59,830] ERROR: Ad parse error: name 'partial' is not defined
[2025-11-08 19:27:59,830] DEBUG: Fetching details: <span class="ellipsis ref-not-linked" data-url="/s-anzeige/druckerpatronen-canon-pixma-color-41/3239484658-225-19386">Druckerpatronen Canon PIXMA Color 41</span>
[2025-11-08 19:27:59,831] ERROR: Ad parse error: 'href'
[2025-11-08 19:27:59,831] DEBUG: Fetching details: <a class="ellipsis" href="/s-anzeige/druckerpatronen-multipack-canon-pg-40-cl-41-schwarz-farbig-28-ml/3239354325-225-4164">Druckerpatronen MultiPack Canon PG-40+CL-41 schwarz farbig 28 ml</a>
[2025-11-08 19:28:01,467] ERROR: Ad parse error: name 'partial' is not defined
[2025-11-08 19:28:01,468] DEBUG: Fetching details: <a class="ellipsis" href="/s-anzeige/10-druckerpatronen-kompatibel-fuer-canon-pixma/3239257562-225-1125">10 Druckerpatronen kompatibel für Canon Pixma</a>
[2025-11-08 19:28:03,387] ERROR: Ad parse error: name 'partial' is not defined
[2025-11-08 19:28:03,388] DEBUG: Fetching details: <a class="ellipsis" href="/s-anzeige/druckerpatronen-fuer-canon-xp-452-455-serie-gegen-eine-kleinigkeit/3239166472-225-5968">Druckerpatronen für Canon XP-452 455 Serie gegen eine Kleinigkeit</a>
[2025-11-08 19:28:04,856] ERROR: Ad parse error: name 'partial' is not defined
[2025-11-08 19:28:04,856] DEBUG: Fetching details: <a class="ellipsis" href="/s-anzeige/druckerpatronen-fuer-canon-prixma/3239134166-225-4057">Druckerpatronen für Canon Prixma</a>
[2025-11-08 19:28:06,698] ERROR: Ad parse error: name 'partial' is not defined
[2025-11-08 19:28:06,698] DEBUG: Fetching details: <a class="ellipsis" href="/s-anzeige/druckerpatronen-canon/3239101899-225-2862">Druckerpatronen, Canon</a>
[2025-11-08 19:28:07,906] ERROR: Ad parse error: name 'partial' is not defined
[2025-11-08 19:28:07,907] DEBUG: Fetching details: <a class="ellipsis" href="/s-anzeige/druckerpatronen-canon-mp550/3239086367-225-7328">Druckerpatronen Canon MP550</a>
[2025-11-08 19:28:09,732] ERROR: Ad parse error: name 'partial' is not defined
[2025-11-08 19:28:09,733] DEBUG: Fetching details: <a class="ellipsis" href="/s-anzeige/-10-druckerpatronen-571xl-cgi-571-xl-fuer-canon-ts8050-u-a-/3239055184-225-4754">⭐⭐⭐ 10 Druckerpatronen 571XL (CGI-571 XL) für Canon TS8050 u. a.</a>
[2025-11-08 19:28:11,336] ERROR: Ad parse error: name 'partial' is not defined
[2025-11-08 19:28:11,337] DEBUG: Fetching details: <a class="ellipsis" href="/s-anzeige/canon-druckerpatronen-original-verpackung-/3238998097-225-8255">Canon Druckerpatronen (original Verpackung)</a>
[2025-11-08 19:28:12,911] ERROR: Ad parse error: name 'partial' is not defined
[2025-11-08 19:28:12,912] DEBUG: Fetching details: <a class="ellipsis" href="/s-anzeige/original-druckerpatronen-canon-mp-280pixma-510-black/3238983702-225-1732">original Druckerpatronen Canon MP 280pixma 510 black</a>
[2025-11-08 19:28:14,284] ERROR: Ad parse error: name 'partial' is not defined
[2025-11-08 19:28:14,284] DEBUG: Fetching details: <a class="ellipsis" href="/s-anzeige/canon-druckerpatronen-pgi-550-cli-551-34-st-ip7250-mg-5400etc/3238965507-225-9212">Canon Druckerpatronen PGI-550/CLI-551 * 34 St. IP7250, MG 5400etc</a>
[2025-11-08 19:28:16,033] ERROR: Ad parse error: name 'partial' is not defined
[2025-11-08 19:28:16,033] DEBUG: Fetching details: <a class="ellipsis" href="/s-anzeige/druckerpatronen-canon-pixma/3238957151-225-19404">Druckerpatronen Canon Pixma</a>
[2025-11-08 19:28:24,886] ERROR: Ad parse error: name 'partial' is not defined
[2025-11-08 19:28:24,887] DEBUG: Fetching details: <a class="ellipsis" href="/s-anzeige/5x-druckerpatrone-fuer-canon-komp-mit-pg-525-schwarz/3238956351-225-14101">5x Druckerpatrone für Canon (Komp. mit PG 525) schwarz</a>
[2025-11-08 19:28:28,138] ERROR: Ad parse error: name 'partial' is not defined
[2025-11-08 19:28:28,138] DEBUG: Fetching details: <a class="ellipsis" href="/s-anzeige/bubprint-druckerpatronen-fuer-canon-pixma-ip/3238884513-225-4763">Bubprint Druckerpatronen für Canon Pixma IP</a>
[2025-11-08 19:28:30,452] ERROR: Ad parse error: name 'partial' is not defined
[2025-11-08 19:28:30,453] DEBUG: Fetching details: <a class="ellipsis" href="/s-anzeige/canon-716-original-druckerpatronen-schwarz-cyan-magenta-gelb/3238825630-225-3258">Canon 716, Original Druckerpatronen schwarz, cyan, magenta, gelb</a>
[2025-11-08 19:28:38,868] ERROR: Ad parse error: name 'partial' is not defined
[2025-11-08 19:28:38,868] DEBUG: Fetching details: <a class="ellipsis" href="/s-anzeige/druckerpatronen-canon-570-71-kostenl-versand/3238814113-225-15769">Druckerpatronen Canon 570/71, kostenl. Versand</a>
[2025-11-08 19:28:43,127] ERROR: Ad parse error: name 'partial' is not defined
[2025-11-08 19:28:43,128] DEBUG: Fetching details: <a class="ellipsis" href="/s-anzeige/canon-multipack-druckerpatronen-set/3238757741-225-5191">Canon Multipack Druckerpatronen Set</a>
[2025-11-08 19:28:45,083] ERROR: Ad parse error: name 'partial' is not defined
[2025-11-08 19:28:46,083] DEBUG: Loading page 3: https://www.kleinanzeigen.de/s-seite:3/Druckerpatrone-Canon/k0
[2025-11-08 19:28:47,937] DEBUG: Found 25 product in the page: 3
[2025-11-08 19:28:47,938] DEBUG: Fetching details: <a class="ellipsis" href="/s-anzeige/26-canon-druckerpatronen-komp-zu-cli-526/3238735403-225-1974">26 Canon Druckerpatronen komp. zu CLI 526</a>
[2025-11-08 19:28:51,136] ERROR: Ad parse error: name 'partial' is not defined
[2025-11-08 19:28:51,139] DEBUG: Fetching details: <span class="ellipsis ref-not-linked" data-url="/s-anzeige/druckerpatrone-canon-pixma/3238718071-225-18650">Druckerpatrone Canon PIXMA</span>
[2025-11-08 19:28:51,140] ERROR: Ad parse error: 'href'
[2025-11-08 19:28:51,141] DEBUG: Fetching details: <a class="ellipsis" href="/s-anzeige/druckerpatronen-fuer-canon-drucker-gem-aufdruck/3238672402-225-922">Druckerpatronen für Canon Drucker gem. Aufdruck</a>
[2025-11-08 19:28:55,188] ERROR: Ad parse error: name 'partial' is not defined
[2025-11-08 19:28:55,189] DEBUG: Fetching details: <a class="ellipsis" href="/s-anzeige/canon-pixma-druckerpatrone-576-color/3238645730-225-4727">Canon PIXMA Druckerpatrone 576 Color</a>
[2025-11-08 19:29:00,601] ERROR: Ad parse error: name 'partial' is not defined
[2025-11-08 19:29:00,602] DEBUG: Fetching details: <a class="ellipsis" href="/s-anzeige/3-leere-druckerpatronen-canon-hp-/3238612503-225-353">3 Leere Druckerpatronen (Canon, HP)</a>
[2025-11-08 19:29:02,613] ERROR: Ad parse error: name 'partial' is not defined
[2025-11-08 19:29:02,614] DEBUG: Fetching details: <a class="ellipsis" href="/s-anzeige/druckerpatronen-6x-fuer-canon-pixma-ip-mp-mx/3238609304-225-1158">Druckerpatronen 6x für Canon PIXMA, IP, MP, MX</a>
[2025-11-08 19:29:04,936] ERROR: Ad parse error: name 'partial' is not defined
[2025-11-08 19:29:04,937] DEBUG: Fetching details: <a class="ellipsis" href="/s-anzeige/druckerpatronen-canon-gelb-schwarz-magenta/3238589905-225-150">Druckerpatronen Canon, gelb, schwarz, magenta</a>
[2025-11-08 19:29:08,732] ERROR: Ad parse error: name 'partial' is not defined
[2025-11-08 19:29:08,733] DEBUG: Fetching details: <span class="ellipsis ref-not-linked" data-url="/s-anzeige/druckerpatronen-canon/3238568394-225-8936">Druckerpatronen Canon</span>
[2025-11-08 19:29:08,733] ERROR: Ad parse error: 'href'
[2025-11-08 19:29:08,734] DEBUG: Fetching details: <a class="ellipsis" href="/s-anzeige/druckerpatronen-canon-c550-551-xl/3238512363-225-1100">Druckerpatronen Canon C550 / 551 XL</a>
[2025-11-08 19:29:13,578] ERROR: Ad parse error: name 'partial' is not defined
[2025-11-08 19:29:13,579] DEBUG: Fetching details: <a class="ellipsis" href="/s-anzeige/wegen-druckerwechsel-druckerpatronen-fuer-canon-pixma-ip-mp-mx/3238504383-225-3731">Wegen Druckerwechsel Druckerpatronen für Canon Pixma IP,MP,MX</a>
[2025-11-08 19:29:18,527] ERROR: Ad parse error: name 'partial' is not defined
[2025-11-08 19:29:18,527] DEBUG: Fetching details: <a class="ellipsis" href="/s-anzeige/druckerpatronen-multipack-canon-mx925/3238497617-225-1101">DRUCKERPATRONEN Multipack Canon Mx925</a>
[2025-11-08 19:29:21,031] ERROR: Ad parse error: name 'partial' is not defined
[2025-11-08 19:29:21,032] DEBUG: Fetching details: <a class="ellipsis" href="/s-anzeige/kompatible-druckerpatronen-konvolut-550xl-551xl-fuer-canon/3238488603-225-25427">Kompatible Druckerpatronen-Konvolut 550XL/551XL *für Canon</a>
[2025-11-08 19:29:23,928] ERROR: Ad parse error: name 'partial' is not defined
[2025-11-08 19:29:23,928] DEBUG: Fetching details: <a class="ellipsis" href="/s-anzeige/pureink-druckerpatrone-canon-pg540xl-cl541xl-multipack/3238473129-225-19904">PureInk Druckerpatrone Canon PG540XL/CL541XL Multipack</a>
[2025-11-08 19:29:26,271] ERROR: Ad parse error: name 'partial' is not defined
[2025-11-08 19:29:26,272] DEBUG: Fetching details: <a class="ellipsis" href="/s-anzeige/-druckerpatrone-original-canon-cl-541-xl-neu-/3238464292-225-3811">++ Druckerpatrone original Canon CL-541 XL  / Neu ++</a>
[2025-11-08 19:29:28,471] ERROR: Ad parse error: name 'partial' is not defined
[2025-11-08 19:29:28,472] DEBUG: Fetching details: <a class="ellipsis" href="/s-anzeige/druckerpatronen-525-und-526-u-a-fuer-canon-pixma/3238463403-225-5589">Druckerpatronen 525 und 526 u.a. für Canon Pixma</a>
[2025-11-08 19:29:30,257] ERROR: Ad parse error: name 'partial' is not defined
[2025-11-08 19:29:30,265] DEBUG: Fetching details: <a class="ellipsis" href="/s-anzeige/3x-original-canon-druckerpatronen/3238449183-225-4719">3x original Canon Druckerpatronen</a>
[2025-11-08 19:29:31,871] ERROR: Ad parse error: name 'partial' is not defined
[2025-11-08 19:29:31,872] DEBUG: Fetching details: <a class="ellipsis" href="/s-anzeige/druckerpatronen-canon-bci-10-schwarz-und-bci-11-farbe-/3238425240-225-1170">Druckerpatronen Canon BCI-10 (schwarz) und BCI-11 (farbe)</a>
[2025-11-08 19:29:33,612] ERROR: Ad parse error: name 'partial' is not defined
[2025-11-08 19:29:33,612] DEBUG: Fetching details: <a class="ellipsis" href="/s-anzeige/canon-druckerpatrone-cl546/3238412082-225-2023">Canon Druckerpatrone CL546</a>
[2025-11-08 19:29:35,277] ERROR: Ad parse error: name 'partial' is not defined
[2025-11-08 19:29:35,278] DEBUG: Fetching details: <a class="ellipsis" href="/s-anzeige/canon-545-546-druckerpatronen/3238402494-225-1020">Canon 545/546 Druckerpatronen</a>
[2025-11-08 19:29:37,106] ERROR: Ad parse error: name 'partial' is not defined
[2025-11-08 19:29:37,107] DEBUG: Fetching details: <a class="ellipsis" href="/s-anzeige/druckerpatronen-kompatibel-canon/3238377989-225-13234">Druckerpatronen kompatibel Canon</a>
[2025-11-08 19:29:38,539] ERROR: Ad parse error: name 'partial' is not defined
[2025-11-08 19:29:38,539] DEBUG: Fetching details: <span class="ellipsis ref-not-linked" data-url="/s-anzeige/druckerpatronen-von-canon-neu/3238375617-192-14801">Druckerpatronen von Canon Neu</span>
[2025-11-08 19:29:38,539] ERROR: Ad parse error: 'href'
[2025-11-08 19:29:38,540] DEBUG: Fetching details: <a class="ellipsis" href="/s-anzeige/druckerpatronen-fuer-drucker-von-canon-pixma-5250/3238347854-225-4684">Druckerpatronen für Drucker von Canon PIXMA 5250</a>
[2025-11-08 19:29:40,053] ERROR: Ad parse error: name 'partial' is not defined
[2025-11-08 19:29:40,054] DEBUG: Fetching details: <a class="ellipsis" href="/s-anzeige/canon-druckerpatronen-pixma-520-521-neu/3238300144-225-1791">Canon Druckerpatronen Pixma  520/521  Neu</a>
[2025-11-08 19:29:41,299] ERROR: Ad parse error: name 'partial' is not defined
[2025-11-08 19:29:41,299] DEBUG: Fetching details: <a class="ellipsis" href="/s-anzeige/canon-druckerpatrone-cli-36-chromalife-100-pack-mit-100-blatt/3238283607-225-21142">Canon Druckerpatrone CLI-36 „ChromaLife 100 Pack“ – mit 100 Blatt</a>
[2025-11-08 19:29:42,962] ERROR: Ad parse error: name 'partial' is not defined
[2025-11-08 19:29:42,963] DEBUG: Fetching details: <a class="ellipsis" href="/s-anzeige/canon-druckerpatronen-multipack-blau-magenta-gelb/3238274463-225-8203">Canon Druckerpatronen Multipack blau, magenta, gelb</a>
[2025-11-08 19:29:44,161] ERROR: Ad parse error: name 'partial' is not defined
[2025-11-08 19:29:45,162] DEBUG: Loading page 4: https://www.kleinanzeigen.de/s-seite:4/Druckerpatrone-Canon/k0
[2025-11-08 19:29:47,050] DEBUG: Found 25 product in the page: 4
[2025-11-08 19:29:47,051] DEBUG: Fetching details: <a class="ellipsis" href="/s-anzeige/logic-seek-druckerpatronen-fuer-canon-drucker/3238262334-225-2418">Logic- Seek-Druckerpatronen für Canon Drucker</a>
[2025-11-08 19:29:48,804] ERROR: Ad parse error: name 'partial' is not defined
[2025-11-08 19:29:48,804] DEBUG: Fetching details: <a class="ellipsis" href="/s-anzeige/druckerpatronen-kompatibel-canon-pixma-ts8050-u-a-/3238247738-225-20581">Druckerpatronen Kompatibel Canon Pixma TS8050 u. a.</a>
[2025-11-08 19:29:50,671] ERROR: Ad parse error: name 'partial' is not defined
[2025-11-08 19:29:50,672] DEBUG: Fetching details: <a class="ellipsis" href="/s-anzeige/canon-pixmar-mx475-unbenutzte-druckerpatrone-schwarz/3238235574-225-5067">Canon Pixmar mx475 + unbenutzte Druckerpatrone schwarz</a>
[2025-11-08 19:29:52,983] ERROR: Ad parse error: name 'partial' is not defined
[2025-11-08 19:29:52,984] DEBUG: Fetching details: <a class="ellipsis" href="/s-anzeige/canon-druckerpatronen-581-xl-multipack-mit-fotopapier/3238108083-225-1176">CANON Druckerpatronen 581 XL, Multipack mit Fotopapier</a>
[2025-11-08 19:29:55,579] ERROR: Ad parse error: name 'partial' is not defined
[2025-11-08 19:29:55,581] DEBUG: Fetching details: <a class="ellipsis" href="/s-anzeige/druckerpatronen-cli-521-neu-bk-y-patronen-drucker-canon/3238105211-225-7357">Druckerpatronen CLI 521 Neu BK Y Patronen Drucker Canon</a>
[2025-11-08 19:29:57,954] ERROR: Ad parse error: name 'partial' is not defined
[2025-11-08 19:29:57,956] DEBUG: Fetching details: <a class="ellipsis" href="/s-anzeige/druckerpatronen-fuer-canon/3237956446-225-9353">Druckerpatronen für Canon</a>
[2025-11-08 19:30:00,079] ERROR: Ad parse error: name 'partial' is not defined
[2025-11-08 19:30:00,079] DEBUG: Fetching details: <a class="ellipsis" href="/s-anzeige/canon-druckerpatronen-pg-40-cl-41-mcvp-multipack/3237946140-225-1908">Canon Druckerpatronen PG-40+CL-41 MCVP Multipack</a>
[2025-11-08 19:30:03,753] ERROR: Ad parse error: name 'partial' is not defined
[2025-11-08 19:30:03,754] DEBUG: Fetching details: <a class="ellipsis" href="/s-anzeige/druckerpatronen-canon-pixma/3237931733-225-8639">Druckerpatronen Canon Pixma</a>
[2025-11-08 19:30:06,122] ERROR: Ad parse error: name 'partial' is not defined
[2025-11-08 19:30:06,123] DEBUG: Fetching details: <a class="ellipsis" href="/s-anzeige/druckerpatronen-cli-526-pgi-525-canon-pixma-nicht-original/3237925069-225-5919">Druckerpatronen  CLI 526 PGI 525 Canon Pixma nicht original</a>
[2025-11-08 19:30:08,034] ERROR: Ad parse error: name 'partial' is not defined
[2025-11-08 19:30:08,034] DEBUG: Fetching details: <a class="ellipsis" href="/s-anzeige/druckerpatronen-bubprint-7-stueck-fuer-canon-pgi550-cli551-neu-ovp/3237899858-225-4561">Druckerpatronen Bubprint 7 Stück für Canon PGI550 CLI551 NEU OVP</a>
[2025-11-08 19:30:09,742] ERROR: Ad parse error: name 'partial' is not defined
[2025-11-08 19:30:09,743] DEBUG: Fetching details: <a class="ellipsis" href="/s-anzeige/8-x-druckerpatronen-pgi-550-und-cli-551-fuer-canon/3237893921-225-6812">8 x Druckerpatronen PGI-550 und CLI-551  für Canon</a>
[2025-11-08 19:30:11,725] ERROR: Ad parse error: name 'partial' is not defined
[2025-11-08 19:30:11,725] DEBUG: Fetching details: <a class="ellipsis" href="/s-anzeige/canon-druckerpatronen/3237867447-225-392">Canon Druckerpatronen</a>
[2025-11-08 19:30:14,421] ERROR: Ad parse error: name 'partial' is not defined
[2025-11-08 19:30:14,422] DEBUG: Fetching details: <a class="ellipsis" href="/s-anzeige/29-canon-druckerpatronen/3237862210-225-1091">29 Canon Druckerpatronen</a>
[2025-11-08 19:30:16,715] ERROR: Ad parse error: name 'partial' is not defined
[2025-11-08 19:30:16,716] DEBUG: Fetching details: <span class="ellipsis ref-not-linked" data-url="/s-anzeige/druckerpatronen-canon-mg-6850/3237838677-225-2272">druckerpatronen Canon MG  6850</span>
[2025-11-08 19:30:16,716] ERROR: Ad parse error: 'href'
[2025-11-08 19:30:16,717] DEBUG: Fetching details: <a class="ellipsis" href="/s-anzeige/druckerpatronen-fuer-canon-cli-520-521-neuwertig/3237800505-225-6654">Druckerpatronen für Canon CLI 520/521 NEUWERTIG</a>
[2025-11-08 19:30:18,514] ERROR: Ad parse error: name 'partial' is not defined
[2025-11-08 19:30:18,514] DEBUG: Fetching details: <a class="ellipsis" href="/s-anzeige/canon-druckerpatrone-545-xl-black-und-546-xl-color/3237703974-225-20208">Canon Druckerpatrone 545 XL Black und 546 XL Color</a>
[2025-11-08 19:30:19,979] ERROR: Ad parse error: name 'partial' is not defined
[2025-11-08 19:30:19,979] DEBUG: Fetching details: <a class="ellipsis" href="/s-anzeige/neu-druckerpatrone-canon-pg-240-xlbkw/3237671194-225-9462">NEU Druckerpatrone Canon PG-240 XLBKw</a>
[2025-11-08 19:30:21,675] ERROR: Ad parse error: name 'partial' is not defined
[2025-11-08 19:30:21,676] DEBUG: Fetching details: <a class="ellipsis" href="/s-anzeige/druckerpatronen-canon/3237610271-225-5951">Druckerpatronen Canon</a>
[2025-11-08 19:30:23,783] ERROR: Ad parse error: name 'partial' is not defined
[2025-11-08 19:30:23,783] DEBUG: Fetching details: <a class="ellipsis" href="/s-anzeige/neu-druckerpatronen-canon-mx-925/3237584385-225-20082">NEU - Druckerpatronen Canon MX 925</a>
[2025-11-08 19:30:25,293] ERROR: Ad parse error: name 'partial' is not defined
[2025-11-08 19:30:25,293] DEBUG: Fetching details: <a class="ellipsis" href="/s-anzeige/druckerpatronen-multipack-fuer-canon-drucker-z-b-ip4900-neu/3237582419-225-1023">Druckerpatronen Multipack für CANON DRUCKER z.B. iP4900 - NEU</a>
[2025-11-08 19:30:27,179] ERROR: Ad parse error: name 'partial' is not defined
[2025-11-08 19:30:27,179] DEBUG: Fetching details: <a class="ellipsis" href="/s-anzeige/druckerpatrone-von-canon-fuer-canon-pixma-drucker/3237552989-225-9012">Druckerpatrone von Canon für Canon Pixma Drucker</a>
[2025-11-08 19:30:28,847] ERROR: Ad parse error: name 'partial' is not defined
[2025-11-08 19:30:28,847] DEBUG: Fetching details: <a class="ellipsis" href="/s-anzeige/vvqv-canon-pg-540xl-cl-541xl-druckerpatrone-neu-2er-pack/3237552376-225-1824">VVQV Canon PG‑540XL + CL‑541XL Druckerpatrone – NEU – 2er-Pack</a>
[2025-11-08 19:30:30,538] ERROR: Ad parse error: name 'partial' is not defined
[2025-11-08 19:30:30,539] DEBUG: Fetching details: <a class="ellipsis" href="/s-anzeige/canpick-canon-pg-540xl-cl-541xl-druckerpatronen-neu-2er-pack/3237550870-225-1824">CanPick Canon PG‑540XL+CL‑541XL Druckerpatronen – NEU – 2er-Pack</a>
[2025-11-08 19:30:31,884] ERROR: Ad parse error: name 'partial' is not defined
[2025-11-08 19:30:31,885] DEBUG: Fetching details: <a class="ellipsis" href="/s-anzeige/druckerpatrone-von-digital-revolution-fuer-canon-pixma-drucker/3237546688-225-9012">Druckerpatrone von Digital Revolution für Canon Pixma Drucker</a>
[2025-11-08 19:30:33,512] ERROR: Ad parse error: name 'partial' is not defined
[2025-11-08 19:30:33,513] DEBUG: Fetching details: <a class="ellipsis" href="/s-anzeige/canon-cp-2500xl-druckerpatronen-neu/3237504367-225-7700">Canon CP-2500XL Druckerpatronen NEU</a>
[2025-11-08 19:30:35,392] ERROR: Ad parse error: name 'partial' is not defined
[2025-11-08 19:30:36,393] DEBUG: Loading page 5: https://www.kleinanzeigen.de/s-seite:5/Druckerpatrone-Canon/k0
[2025-11-08 19:30:39,185] DEBUG: Found 25 product in the page: 5
[2025-11-08 19:30:39,186] DEBUG: Fetching details: <a class="ellipsis" href="/s-anzeige/-neu-tintenpatronen-druckerpatronen-canon-550-551/3237499229-225-6147">*neu* Tintenpatronen / Druckerpatronen Canon 550/551</a>
[2025-11-08 19:30:47,621] ERROR: Ad parse error: name 'partial' is not defined
[2025-11-08 19:30:47,622] DEBUG: Fetching details: <span class="ellipsis ref-not-linked" data-url="/s-anzeige/druckerpatronen-fuer-canon-pixma-5700-series/3237421967-225-8673">Druckerpatronen für Canon Pixma 5700 series</span>
[2025-11-08 19:30:47,622] ERROR: Ad parse error: 'href'
[2025-11-08 19:30:47,623] DEBUG: Fetching details: <a class="ellipsis" href="/s-anzeige/-schnaeppchen-4-drucker-patronen-canon-pixma-551-bzw-550-/3237397792-225-5753">☀ Schnäppchen: 4 Drucker-Patronen Canon Pixma 551 bzw. 550 ☀</a>
[2025-11-08 19:30:49,576] ERROR: Ad parse error: name 'partial' is not defined
[2025-11-08 19:30:49,577] DEBUG: Fetching details: <a class="ellipsis" href="/s-anzeige/7-druckerpatronen-fuer-canon-pixma-u-ae-/3237333631-225-9449">7 Druckerpatronen für Canon Pixma u.ä.</a>
[2025-11-08 19:30:51,351] ERROR: Ad parse error: name 'partial' is not defined
[2025-11-08 19:30:51,352] DEBUG: Fetching details: <a class="ellipsis" href="/s-anzeige/druckerpatrone-canon-pixma-xl-571-bl-xl-schwarz-neu/3237331255-225-9505">Druckerpatrone Canon PIXMA XL 571 BL XL schwarz, NEU</a>
[2025-11-08 19:30:52,973] ERROR: Ad parse error: name 'partial' is not defined
[2025-11-08 19:30:52,974] DEBUG: Fetching details: <a class="ellipsis" href="/s-anzeige/druckerpatronen-canon-xl/3237279544-225-3043">Druckerpatronen Canon XL</a>
[2025-11-08 19:30:54,616] ERROR: Ad parse error: name 'partial' is not defined
[2025-11-08 19:30:54,617] DEBUG: Fetching details: <a class="ellipsis" href="/s-anzeige/druckerpatronen-canon-pixma-mg-und-ts-passend/3237239793-225-20334">Druckerpatronen Canon pixma MG  und TS passend</a>
[2025-11-08 19:30:56,900] ERROR: Ad parse error: name 'partial' is not defined
[2025-11-08 19:30:56,901] DEBUG: Fetching details: <a class="ellipsis" href="/s-anzeige/verkaufe-druckerpatrone-pg545xl-schwarz-fuer-canon-pixma/3237202865-225-4601">Verkaufe Druckerpatrone PG545XL Schwarz für Canon Pixma</a>
[2025-11-08 19:30:58,733] ERROR: Ad parse error: name 'partial' is not defined
[2025-11-08 19:30:58,734] DEBUG: Fetching details: <a class="ellipsis" href="/s-anzeige/canon-druckerpatronen-551-xl-4-st-2-x-sw-originalverpackt/3237206949-225-8892">CANON Druckerpatronen 551 XL (4 St.) + 2 X sw- ORIGINALVERPACKT</a>
[2025-11-08 19:31:00,643] ERROR: Ad parse error: name 'partial' is not defined
[2025-11-08 19:31:00,644] DEBUG: Fetching details: <a class="ellipsis" href="/s-anzeige/54-druckerpatronen-fuer-canon-drucker/3237154630-225-1757">54 Druckerpatronen  für Canon Drucker</a>
[2025-11-08 19:31:03,698] ERROR: Ad parse error: name 'partial' is not defined
[2025-11-08 19:31:03,699] DEBUG: Fetching details: <a class="ellipsis" href="/s-anzeige/druckerpatronen-canon-pixma-ip-7200-etc-neu-/3237098342-225-4516">Druckerpatronen Canon Pixma IP 7200 etc., Neu !!!</a>
[2025-11-08 19:31:05,570] ERROR: Ad parse error: name 'partial' is not defined
[2025-11-08 19:31:05,571] DEBUG: Fetching details: <a class="ellipsis" href="/s-anzeige/11-druckerpatronen-fuer-canon-520-521-mp540-mp540x-mp550-etc-/3237083011-225-9269">11 Druckerpatronen für Canon 520 521 MP540 MP540x MP550 etc.</a>
[2025-11-08 19:31:15,208] ERROR: Ad parse error: name 'partial' is not defined
[2025-11-08 19:31:15,209] DEBUG: Fetching details: <a class="ellipsis" href="/s-anzeige/druckerpatronen-canon-pixma/3237064952-225-7114">Druckerpatronen Canon PIXMA</a>
[2025-11-08 19:31:24,211] ERROR: Ad parse error: name 'partial' is not defined
[2025-11-08 19:31:24,212] DEBUG: Fetching details: <a class="ellipsis" href="/s-anzeige/canon-druckerpatrone-bc-20-3mal-schwarz-neu-ovp-np90-/3237059156-225-1718">Canon Druckerpatrone BC-20 3mal schwarz NEU OVP NP90€</a>
[2025-11-08 19:31:28,526] ERROR: Ad parse error: name 'partial' is not defined
[2025-11-08 19:31:28,527] DEBUG: Fetching details: <a class="ellipsis" href="/s-anzeige/druckerpatronen-fuer-den-drucker-canon-mg-6450/3237040038-225-1986">Druckerpatronen für den Drucker Canon MG 6450</a>
[2025-11-08 19:31:32,780] ERROR: Ad parse error: name 'partial' is not defined
[2025-11-08 19:31:32,780] DEBUG: Fetching details: <a class="ellipsis" href="/s-anzeige/15er-570-571-druckerpatrone-kompatibel-canon-druck-ink-tank/3237007095-225-9196">15er 570 - 571 Druckerpatrone kompatibel Canon, Druck Ink Tank</a>
[2025-11-08 19:31:38,337] ERROR: Ad parse error: name 'partial' is not defined
[2025-11-08 19:31:38,338] DEBUG: Fetching details: <span class="ellipsis ref-not-linked" data-url="/s-anzeige/canon-pixma-druckerpatrone-schwarz/3236961035-225-19654">Canon PIXMA Druckerpatrone, schwarz</span>
[2025-11-08 19:31:38,338] ERROR: Ad parse error: 'href'
[2025-11-08 19:31:38,339] DEBUG: Fetching details: <a class="ellipsis" href="/s-anzeige/druckerpatronen-canon/3236957014-225-877">Druckerpatronen Canon</a>
[2025-11-08 19:31:40,578] ERROR: Ad parse error: name 'partial' is not defined
[2025-11-08 19:31:40,580] DEBUG: Fetching details: <a class="ellipsis" href="/s-anzeige/3-druckerpatronen-canon-mp550-schwarz-neu/3236918208-225-18683">3 Druckerpatronen Canon MP550 schwarz neu</a>
[2025-11-08 19:31:45,141] ERROR: Ad parse error: name 'partial' is not defined
[2025-11-08 19:31:45,142] DEBUG: Fetching details: <a class="ellipsis" href="/s-anzeige/druckerpatronen-fuer-canon-ts5000-und-gleiche-modelle/3236812301-225-9042">Druckerpatronen für Canon TS5000 und gleiche Modelle</a>
[2025-11-08 19:31:47,303] ERROR: Ad parse error: name 'partial' is not defined
[2025-11-08 19:31:47,304] DEBUG: Fetching details: <a class="ellipsis" href="/s-anzeige/druckerpatronen-canon/3236787990-225-7408">Druckerpatronen Canon</a>
[2025-11-08 19:31:49,065] ERROR: Ad parse error: name 'partial' is not defined
[2025-11-08 19:31:49,066] DEBUG: Fetching details: <a class="ellipsis" href="/s-anzeige/druckerpatronen-canon-maxify-2500xl/3236751754-225-2180">Druckerpatronen Canon Maxify 2500XL</a>
[2025-11-08 19:31:51,469] ERROR: Ad parse error: name 'partial' is not defined
[2025-11-08 19:31:51,470] DEBUG: Fetching details: <a class="ellipsis" href="/s-anzeige/canon-pixma-mx925-gebraucht-defekt-24x-druckerpatronen/3236737557-225-9513">Canon PIXMA MX925 gebraucht - defekt - 24x Druckerpatronen</a>
[2025-11-08 19:31:53,622] ERROR: Ad parse error: name 'partial' is not defined
[2025-11-08 19:31:53,623] DEBUG: Fetching details: <a class="ellipsis" href="/s-anzeige/druckerpatronen-canon-5-/3236726626-225-13372">Druckerpatronen, Canon, 5€</a>
[2025-11-08 19:31:56,246] ERROR: Ad parse error: name 'partial' is not defined
[2025-11-08 19:31:56,247] DEBUG: Fetching details: <a class="ellipsis" href="/s-anzeige/canon-original-pixma-cli-571-xl-druckerpatrone-ungeoeffnet/3236674953-225-6686">CANON Original Pixma CLI 571 XL Druckerpatrone ungeöffnet</a>
[2025-11-08 19:31:57,899] ERROR: Ad parse error: name 'partial' is not defined
[2025-11-08 19:31:59,386] INFO: Scraping complete: 118 products
[2025-11-08 19:31:59,460] INFO: Task completed successfully
