[2025-11-12 23:35:49,199] INFO: Task received by worker
[2025-11-12 23:35:49,200] INFO: Starting task: Kleinanzeigen Product Scraper
[2025-11-12 23:35:49,201] DEBUG: Input data: {
  "searchQuery": "Druckerpatrone",
  "brands": [
    {
      "brand": "Canon"
    }
  ],
  "maxPages": "2"
}
[2025-11-12 23:35:49,726] INFO: Scraping 1 brand(s): Canon
[2025-11-12 23:35:53,762] INFO: Processing brand: Canon
[2025-11-12 23:35:54,379] DEBUG: Loading page 1: https://www.kleinanzeigen.de/s-Druckerpatrone-Canon/k0
[2025-11-12 23:36:00,336] DEBUG: Found 27 product in the page: 1
[2025-11-12 23:36:00,338] DEBUG: Fetching details: https://www.kleinanzeigen.de/s-anzeige/ankauf-ihrer-leeren-vollen-hp-und-canon-540-541-545-546-560-561-575-576-585-586-510-511-512-513-40-41-37-38-50-51-leere-volle-ueberlagerte-druckerpatronen-tintenpatronen-toner-hp-62-302-303-304-305/1117663714-225-9683
[2025-11-12 23:36:07,046] INFO: Product saved: Ankauf Ihrer leeren vollen HP und Canon 540 541 54...
[2025-11-12 23:36:07,052] DEBUG: Fetching details: https://www.kleinanzeigen.de/s-anzeige/ankauf-ihrer-leeren-canon-und-hp-305-hp-305xl-hp-307xl-hp-304-hp-304xl-hp-303-hp-303xl-hp-302-hp-302xl-hp-301-301xl-62-62xl-300-300xl-901-leere-patronen-volle-ueberlagerte-druckerpatronen-toner/1764977037-225-9683
[2025-11-12 23:36:14,284] INFO: Product saved: Ankauf Ihrer leeren Canon und HP 305 HP 305XL HP 3...
[2025-11-12 23:36:14,293] DEBUG: Fetching details: https://www.kleinanzeigen.de/s-anzeige/23-druckerpatronen-zum-drucker-canon-pixma/3244268988-225-941
[2025-11-12 23:36:18,114] INFO: Product saved: 23 Druckerpatronen zum Drucker Canon Pixma...
[2025-11-12 23:36:18,119] DEBUG: Fetching details: https://www.kleinanzeigen.de/s-anzeige/canon-druckerpatrone-cl-513-color-pg-512-black-bundle-ovp/3244247887-225-2164
[2025-11-12 23:36:21,831] INFO: Product saved: Canon Druckerpatrone CL-513 Color & PG-512 Black B...
[2025-11-12 23:36:21,835] DEBUG: Fetching details: https://www.kleinanzeigen.de/s-anzeige/druckerpatronen-canon/3244202459-225-6647
[2025-11-12 23:36:27,071] INFO: Product saved: Druckerpatronen Canon...
[2025-11-12 23:36:27,082] DEBUG: Fetching details: https://www.kleinanzeigen.de/s-anzeige/druckerpatronen-canon-570-571/3244156673-225-5446
[2025-11-12 23:36:30,623] INFO: Product saved: Druckerpatronen Canon 570/571...
[2025-11-12 23:36:30,630] DEBUG: Fetching details: https://www.kleinanzeigen.de/s-anzeige/druckerpatronen-canon-pixma/3244140401-225-2284
[2025-11-12 23:36:34,262] INFO: Product saved: Druckerpatronen Canon Pixma...
[2025-11-12 23:36:34,287] ERROR: Ad parse error: can only concatenate str (not "NoneType") to str
[2025-11-12 23:36:34,290] DEBUG: Fetching details: https://www.kleinanzeigen.de/s-anzeige/canon-pixma-druckerpatronen-cyan-magenta-yellow/3244123609-225-2831
[2025-11-12 23:36:38,823] INFO: Product saved: Canon Pixma Druckerpatronen Cyan Magenta Yellow...
[2025-11-12 23:36:38,826] DEBUG: Fetching details: https://www.kleinanzeigen.de/s-anzeige/druckerpatronen-canon-pixma-tintenstrahldrucker/3244093185-225-30065
[2025-11-12 23:36:43,789] INFO: Product saved: Druckerpatronen | Canon Pixma | Tintenstrahldrucke...
[2025-11-12 23:36:43,795] DEBUG: Fetching details: https://www.kleinanzeigen.de/s-anzeige/druckerpatronen-canon-pixma-drucker/3244064467-225-6986
[2025-11-12 23:36:45,826] INFO: Product saved: Druckerpatronen Canon Pixma Drucker...
[2025-11-12 23:36:45,828] DEBUG: Fetching details: https://www.kleinanzeigen.de/s-anzeige/canon-druckerpatronen-525-526-black-cyan-magenta-yellow-multipack/3244033794-225-2650
[2025-11-12 23:36:48,907] INFO: Product saved: Canon Druckerpatronen 525 526 Black Cyan Magenta Y...
[2025-11-12 23:36:48,920] DEBUG: Fetching details: https://www.kleinanzeigen.de/s-anzeige/canon-bci-16-farb-druckerpatrone-2x2-stueck/3243958229-225-8465
[2025-11-12 23:36:52,057] INFO: Product saved: Canon BCI 16 Farb- Druckerpatrone 2x2 Stück...
[2025-11-12 23:36:52,066] DEBUG: Fetching details: https://www.kleinanzeigen.de/s-anzeige/druckerpatronen-hp-epson-canon/3243909416-225-17
[2025-11-12 23:36:56,079] INFO: Product saved: Druckerpatronen. HP/EPSON/CANON...
[2025-11-12 23:36:56,084] DEBUG: Fetching details: https://www.kleinanzeigen.de/s-anzeige/canon-druckerpatrone-chip-reseter-fuer-pgi-5bk-cli-8/3243901661-225-16378
[2025-11-12 23:37:01,087] INFO: Product saved: Canon Druckerpatrone Chip Reseter für PGI-5BK  CLI...
[2025-11-12 23:37:01,089] DEBUG: Fetching details: https://www.kleinanzeigen.de/s-anzeige/canon-druckerpatronen/3243861336-225-2024
[2025-11-12 23:37:06,594] INFO: Product saved: Canon Druckerpatronen...
[2025-11-12 23:37:06,597] DEBUG: Fetching details: https://www.kleinanzeigen.de/s-anzeige/canon-druckerpatronen-551-xl/3243823571-225-3218
[2025-11-12 23:37:11,050] INFO: Product saved: Canon Druckerpatronen 551 XL...
[2025-11-12 23:37:11,063] DEBUG: Fetching details: https://www.kleinanzeigen.de/s-anzeige/15-kompatible-druckerpatronen-fuer-verschiedene-canon-modelle/3243821428-225-1838
[2025-11-12 23:37:14,519] INFO: Product saved: 15 Kompatible Druckerpatronen  für verschiedene Ca...
[2025-11-12 23:37:14,523] DEBUG: Fetching details: https://www.kleinanzeigen.de/s-anzeige/canon-pgi-550-xl-pgbk-schwarz-druckerpatrone/3243811411-225-3218
[2025-11-12 23:37:17,090] INFO: Product saved: Canon PGI-550 XL PGBK schwarz Druckerpatrone...
[2025-11-12 23:37:17,092] DEBUG: Fetching details: https://www.kleinanzeigen.de/s-anzeige/druckerpatronen-25-stueck-fuer-canon-pixma-ip7250-ip8750-mx925-etc/3243785393-225-289
[2025-11-12 23:37:19,974] INFO: Product saved: Druckerpatronen 25 Stück für Canon PIXMA IP7250 IP...
[2025-11-12 23:37:19,980] DEBUG: Fetching details: https://www.kleinanzeigen.de/s-anzeige/canon-druckerpatronen-wegen-druckerwechsel/3243780800-225-4503
[2025-11-12 23:37:22,463] INFO: Product saved: Canon Druckerpatronen wegen Druckerwechsel...
[2025-11-12 23:37:22,471] DEBUG: Fetching details: https://www.kleinanzeigen.de/s-anzeige/druckerpatronen-canon-pg-540-und-cl-541-schwarz-und-color/3243730975-225-16380
[2025-11-12 23:37:26,550] INFO: Product saved: Druckerpatronen Canon PG-540 und CL-541 schwarz un...
[2025-11-12 23:37:26,555] DEBUG: Fetching details: https://www.kleinanzeigen.de/s-anzeige/druckerpatronen-canon-580-581-schwarz-und-farbe-10-stueck-original/3243729352-225-8830
[2025-11-12 23:37:29,363] INFO: Product saved: Druckerpatronen Canon 580 581 schwarz und Farbe 10...
[2025-11-12 23:37:29,365] ERROR: Ad parse error: can only concatenate str (not "NoneType") to str
[2025-11-12 23:37:29,367] DEBUG: Fetching details: https://www.kleinanzeigen.de/s-anzeige/kompatibel-canon-pgi-570xl-cli-571xl-druckerpatronen-multipack/3243674085-225-4856
[2025-11-12 23:37:31,415] INFO: Product saved: Kompatibel Canon PGI-570XL/CLI-571XL Druckerpatron...
[2025-11-12 23:37:31,418] DEBUG: Fetching details: https://www.kleinanzeigen.de/s-anzeige/druckerpatronen-fuer-canon-cli-551/3243669193-225-2717
[2025-11-12 23:37:33,985] INFO: Product saved: Druckerpatronen für Canon CLI 551...
[2025-11-12 23:37:33,987] ERROR: Ad parse error: can only concatenate str (not "NoneType") to str
[2025-11-12 23:37:34,993] DEBUG: Loading page 2: https://www.kleinanzeigen.de/s-seite:2/Druckerpatrone-Canon/k0
[2025-11-12 23:37:37,609] DEBUG: Found 25 product in the page: 2
[2025-11-12 23:37:37,610] ERROR: Ad parse error: can only concatenate str (not "NoneType") to str
[2025-11-12 23:37:37,612] DEBUG: Fetching details: https://www.kleinanzeigen.de/s-anzeige/original-canon-druckerpatronen/3243624825-93-8396
[2025-11-12 23:37:40,095] INFO: Product saved: Original Canon Druckerpatronen...
[2025-11-12 23:37:40,097] DEBUG: Fetching details: https://www.kleinanzeigen.de/s-anzeige/canon-druckerpatronen/3243612667-225-16323
[2025-11-12 23:37:41,861] INFO: Product saved: Canon Druckerpatronen...
[2025-11-12 23:37:41,863] DEBUG: Fetching details: https://www.kleinanzeigen.de/s-anzeige/druckerpatrone-545xl-fuer-canon-drucker-tintenpatrone-neu-/3243608714-225-510
[2025-11-12 23:37:43,307] INFO: Product saved: Druckerpatrone 545XL für Canon Drucker Tintenpatro...
[2025-11-12 23:37:43,309] DEBUG: Fetching details: https://www.kleinanzeigen.de/s-anzeige/druckerpatronen-canon-551/3243588773-225-7152
[2025-11-12 23:37:45,226] INFO: Product saved: Druckerpatronen Canon 551...
[2025-11-12 23:37:45,229] DEBUG: Fetching details: https://www.kleinanzeigen.de/s-anzeige/diverse-druckerpatronen-fuer-canon-pixma-mp-mx-850-u-a-modelle/3243563486-225-7888
[2025-11-12 23:37:49,209] INFO: Product saved: Diverse Druckerpatronen  für Canon Pixma MP & Mx 8...
[2025-11-12 23:37:49,215] ERROR: Ad parse error: can only concatenate str (not "NoneType") to str
[2025-11-12 23:37:49,218] ERROR: Ad parse error: can only concatenate str (not "NoneType") to str
[2025-11-12 23:37:49,223] DEBUG: Fetching details: https://www.kleinanzeigen.de/s-anzeige/druckerpatronen-canon-pixma-ip-7200-etc-neu-/3243508431-225-4516
[2025-11-12 23:37:53,130] INFO: Product saved: Druckerpatronen Canon Pixma IP 7200 etc. Neu !!!...
[2025-11-12 23:37:53,134] DEBUG: Fetching details: https://www.kleinanzeigen.de/s-anzeige/druckerpatrone-546-xl-original-canon/3243502515-225-19496
[2025-11-12 23:37:55,895] INFO: Product saved: Druckerpatrone 546 XL Original Canon...
[2025-11-12 23:37:55,900] DEBUG: Fetching details: https://www.kleinanzeigen.de/s-anzeige/28x-druckerpatronen-schwarz-blau-gelb-rot-canon-pixma/3243471843-225-6926
[2025-11-12 23:37:59,319] INFO: Product saved: 28x Druckerpatronen schwarz blau gelb rot Canon Pi...
[2025-11-12 23:37:59,320] ERROR: Ad parse error: can only concatenate str (not "NoneType") to str
[2025-11-12 23:37:59,330] ERROR: Ad parse error: can only concatenate str (not "NoneType") to str
[2025-11-12 23:37:59,332] DEBUG: Fetching details: https://www.kleinanzeigen.de/s-anzeige/druckerpatronen-pg-545-xl-cl-546-xl-fuer-canon-pixma/3243447277-225-2135
[2025-11-12 23:38:02,830] INFO: Product saved: Druckerpatronen PG-545 XL CL-546 XL für Canon Pixm...
[2025-11-12 23:38:02,832] DEBUG: Fetching details: https://www.kleinanzeigen.de/s-anzeige/10-druckerpatronen-fuer-canon-pixma/3243446703-225-8260
[2025-11-12 23:38:06,102] INFO: Product saved: 10 Druckerpatronen für Canon Pixma...
[2025-11-12 23:38:06,103] DEBUG: Fetching details: https://www.kleinanzeigen.de/s-anzeige/tintenpatronen-druckerpatronen-canon-pixma/3243439773-225-2419
[2025-11-12 23:38:08,462] INFO: Product saved: Tintenpatronen / Druckerpatronen Canon Pixma...
[2025-11-12 23:38:08,474] DEBUG: Fetching details: https://www.kleinanzeigen.de/s-anzeige/druckerpatronen-fuer-canon-pgi/3243424136-225-941
[2025-11-12 23:38:11,755] INFO: Product saved: Druckerpatronen für Canon PGI...
[2025-11-12 23:38:11,757] DEBUG: Fetching details: https://www.kleinanzeigen.de/s-anzeige/canon-druckerpatronen/3243421698-225-9068
[2025-11-12 23:38:15,246] INFO: Product saved: Canon Druckerpatronen...
[2025-11-12 23:38:15,253] DEBUG: Fetching details: https://www.kleinanzeigen.de/s-anzeige/canon-druckerpatronen/3243391699-225-19089
[2025-11-12 23:38:17,383] INFO: Product saved: Canon Druckerpatronen...
[2025-11-12 23:38:17,384] DEBUG: Fetching details: https://www.kleinanzeigen.de/s-anzeige/druckerpatronen-canon-cli-schwarz-und-farbig/3243356412-225-3158
[2025-11-12 23:38:20,746] INFO: Product saved: Druckerpatronen Canon CLI schwarz und farbig...
[2025-11-12 23:38:20,750] DEBUG: Fetching details: https://www.kleinanzeigen.de/s-anzeige/canon-druckerpatronen-komplettes-set-/3243314465-225-22434
[2025-11-12 23:38:23,217] INFO: Product saved: Canon Druckerpatronen (komplettes Set)...
[2025-11-12 23:38:23,222] DEBUG: Fetching details: https://www.kleinanzeigen.de/s-anzeige/canon-druckerpatronen-farbe-schwarz/3243287836-225-2128
[2025-11-12 23:38:25,402] INFO: Product saved: Canon Druckerpatronen Farbe/Schwarz...
[2025-11-12 23:38:25,404] DEBUG: Fetching details: https://www.kleinanzeigen.de/s-anzeige/druckerpatrone-canon-mg-5150/3243267354-225-16601
[2025-11-12 23:38:27,369] INFO: Product saved: Druckerpatrone Canon MG 5150...
[2025-11-12 23:38:27,371] DEBUG: Fetching details: https://www.kleinanzeigen.de/s-anzeige/druckerpatronen-canon-550-551/3243260011-225-5757
[2025-11-12 23:38:29,649] INFO: Product saved: Druckerpatronen Canon 550/551...
[2025-11-12 23:38:29,651] DEBUG: Fetching details: https://www.kleinanzeigen.de/s-anzeige/druckerpatronen-fuer-canon-drucker-doppelpack-nummer-545xl-546xl/3243221351-225-24184
[2025-11-12 23:38:31,963] INFO: Product saved: Druckerpatronen für Canon Drucker  Doppelpack Numm...
[2025-11-12 23:38:33,739] INFO: Scraping complete: 1 products
[2025-11-12 23:38:33,849] INFO: Task completed successfully
