2026-03-01 08:39:59 | INFO     | 
================================================================================
2026-03-01 08:39:59 | INFO     | 🚀 VINTED DATA SCRAPER
2026-03-01 08:39:59 | INFO     | ================================================================================
2026-03-01 08:39:59 | INFO     | 📋 Configuration:
2026-03-01 08:39:59 | INFO     |    Base URL: https://www.vinted.de
2026-03-01 08:39:59 | INFO     |    Output CSV: /tmp/vinted_scraper_dummy.csv
2026-03-01 08:39:59 | INFO     |    Output JSON: /tmp/vinted_scraper_dummy.json
2026-03-01 08:39:59 | INFO     |    Cookies file: vinted_cookies.json
2026-03-01 08:39:59 | INFO     | ================================================================================
2026-03-01 08:39:59 | INFO     | Setting up browser...
2026-03-01 08:39:59 | INFO     | ✓ Browser ready
2026-03-01 08:39:59 | INFO     | 
================================================================================
2026-03-01 08:39:59 | INFO     | 🔐 LOGIN PROCESS
2026-03-01 08:39:59 | INFO     | --------------------------------------------------------------------------------
2026-03-01 08:39:59 | WARNING  | 🔐 Attempting automatic login...
2026-03-01 08:40:11 | INFO     |    Clicking: Deutschland...
2026-03-01 08:40:12 | INFO     |    Clicking: Alle zulassen...
2026-03-01 08:40:13 | INFO     |    Filling email...
2026-03-01 08:40:14 | INFO     |    Filling password...
2026-03-01 08:40:14 | INFO     |    Clicking submit button...
2026-03-01 08:40:15 | INFO     | ⏳ Waiting for login to complete...
2026-03-01 08:40:15 | INFO     |    (If captcha appears, please solve it - 60 seconds available)
2026-03-01 08:40:17 | INFO     |    ⏳ Still on login page... (58s remaining)
2026-03-01 08:40:19 | INFO     |    ⏳ Still on login page... (56s remaining)
2026-03-01 08:40:21 | INFO     |    ⏳ Still on login page... (54s remaining)
2026-03-01 08:40:23 | INFO     |    ⏳ Still on login page... (52s remaining)
2026-03-01 08:40:25 | INFO     |    ⏳ Still on login page... (50s remaining)
2026-03-01 08:40:27 | INFO     |    ⏳ Still on login page... (48s remaining)
2026-03-01 08:40:29 | INFO     |    ⏳ Still on login page... (46s remaining)
2026-03-01 08:40:31 | INFO     | 
Cleaning up...
