2026-03-01 08:33:58 | INFO     | 
================================================================================
2026-03-01 08:33:58 | INFO     | 🚀 VINTED DATA SCRAPER
2026-03-01 08:33:58 | INFO     | ================================================================================
2026-03-01 08:33:58 | INFO     | 📋 Configuration:
2026-03-01 08:33:58 | INFO     |    Base URL: https://www.vinted.de
2026-03-01 08:33:58 | INFO     |    Output CSV: /tmp/vinted_scraper_dummy.csv
2026-03-01 08:33:58 | INFO     |    Output JSON: /tmp/vinted_scraper_dummy.json
2026-03-01 08:33:58 | INFO     |    Cookies file: vinted_cookies.json
2026-03-01 08:33:58 | INFO     | ================================================================================
2026-03-01 08:33:58 | INFO     | Setting up browser...
2026-03-01 08:33:59 | INFO     | ✓ Browser ready
2026-03-01 08:33:59 | INFO     | 
================================================================================
2026-03-01 08:33:59 | INFO     | 🔐 LOGIN PROCESS
2026-03-01 08:33:59 | INFO     | --------------------------------------------------------------------------------
2026-03-01 08:33:59 | WARNING  | 🔐 Attempting automatic login...
2026-03-01 08:34:17 | INFO     |    Clicking: Deutschland...
2026-03-01 08:34:18 | INFO     |    Clicking: Alle zulassen...
2026-03-01 08:34:19 | INFO     |    Filling email...
2026-03-01 08:34:19 | INFO     |    Filling password...
2026-03-01 08:34:20 | INFO     |    Clicking submit button...
2026-03-01 08:34:20 | INFO     | ⏳ Waiting for login to complete...
2026-03-01 08:34:20 | INFO     |    (If captcha appears, please solve it - 60 seconds available)
2026-03-01 08:34:22 | INFO     |    ⏳ Still on login page... (58s remaining)
2026-03-01 08:34:24 | INFO     |    ⏳ Still on login page... (56s remaining)
2026-03-01 08:34:26 | INFO     |    ⏳ Still on login page... (54s remaining)
2026-03-01 08:34:28 | INFO     |    ⏳ Still on login page... (52s remaining)
2026-03-01 08:34:30 | INFO     |    ⏳ Still on login page... (50s remaining)
2026-03-01 08:34:33 | INFO     |    ⏳ Still on login page... (48s remaining)
2026-03-01 08:34:35 | INFO     |    ⏳ Still on login page... (46s remaining)
2026-03-01 08:34:37 | INFO     |    ⏳ Still on login page... (44s remaining)
2026-03-01 08:34:39 | INFO     |    ⏳ Still on login page... (42s remaining)
2026-03-01 08:34:41 | INFO     |    ⏳ Still on login page... (40s remaining)
2026-03-01 08:34:43 | INFO     |    ⏳ Still on login page... (38s remaining)
2026-03-01 08:34:45 | INFO     |    ⏳ Still on login page... (36s remaining)
2026-03-01 08:34:47 | INFO     |    ⏳ Still on login page... (34s remaining)
2026-03-01 08:34:49 | INFO     |    ⏳ Still on login page... (32s remaining)
2026-03-01 08:34:51 | INFO     |    ⏳ Still on login page... (30s remaining)
2026-03-01 08:34:53 | INFO     |    ⏳ Still on login page... (28s remaining)
2026-03-01 08:34:55 | INFO     |    ⏳ Still on login page... (26s remaining)
2026-03-01 08:34:57 | INFO     |    ⏳ Still on login page... (24s remaining)
2026-03-01 08:34:59 | INFO     |    ⏳ Still on login page... (21s remaining)
2026-03-01 08:35:01 | INFO     |    ⏳ Still on login page... (19s remaining)
2026-03-01 08:35:03 | INFO     |    ⏳ Still on login page... (17s remaining)
2026-03-01 08:35:05 | INFO     |    ⏳ Still on login page... (15s remaining)
2026-03-01 08:35:07 | INFO     |    ⏳ Still on login page... (13s remaining)
2026-03-01 08:35:09 | INFO     |    ⏳ Still on login page... (11s remaining)
2026-03-01 08:35:11 | INFO     |    ⏳ Still on login page... (9s remaining)
2026-03-01 08:35:13 | INFO     |    ⏳ Still on login page... (7s remaining)
2026-03-01 08:35:16 | INFO     |    ⏳ Still on login page... (5s remaining)
2026-03-01 08:35:18 | INFO     |    ⏳ Still on login page... (3s remaining)
2026-03-01 08:35:20 | INFO     |    ⏳ Still on login page... (1s remaining)
2026-03-01 08:35:22 | INFO     |    ⏳ Still on login page... (-1s remaining)
2026-03-01 08:35:22 | WARNING  | ❌ Login timeout reached (60 seconds)
2026-03-01 08:35:22 | WARNING  | ❌ Automatic login failed
2026-03-01 08:35:22 | WARNING  | ⚠️  Falling back to manual login...
2026-03-01 08:36:22 | INFO     | 
Cleaning up...
2026-03-01 08:36:22 | INFO     | ✓ Browser closed
2026-03-01 08:37:09 | INFO     | 
================================================================================
2026-03-01 08:37:09 | INFO     | 🚀 VINTED DATA SCRAPER
2026-03-01 08:37:09 | INFO     | ================================================================================
2026-03-01 08:37:09 | INFO     | 📋 Configuration:
2026-03-01 08:37:09 | INFO     |    Base URL: https://www.vinted.de
2026-03-01 08:37:09 | INFO     |    Output CSV: /tmp/vinted_scraper_dummy.csv
2026-03-01 08:37:09 | INFO     |    Output JSON: /tmp/vinted_scraper_dummy.json
2026-03-01 08:37:09 | INFO     |    Cookies file: vinted_cookies.json
2026-03-01 08:37:09 | INFO     | ================================================================================
2026-03-01 08:37:09 | INFO     | Setting up browser...
2026-03-01 08:37:10 | INFO     | ✓ Browser ready
2026-03-01 08:37:10 | INFO     | 
================================================================================
2026-03-01 08:37:10 | INFO     | 🔐 LOGIN PROCESS
2026-03-01 08:37:10 | INFO     | --------------------------------------------------------------------------------
2026-03-01 08:37:10 | WARNING  | 🔐 Attempting automatic login...
2026-03-01 08:38:10 | WARNING  | ❌ Auto-login error: Page.goto: Timeout 60000ms exceeded.
Call log:
  - navigating to "https://www.vinted.de/member/login/email", waiting until "domcontentloaded"

2026-03-01 08:38:10 | WARNING  | ⚠️  Falling back to manual login...
2026-03-01 08:38:33 | INFO     | 
================================================================================
2026-03-01 08:38:33 | WARNING  | ⚠️  MANUAL LOGIN REQUIRED
2026-03-01 08:38:33 | INFO     | ================================================================================
2026-03-01 08:38:33 | WARNING  | Please log in to Vinted in the browser window.
2026-03-01 08:38:33 | WARNING  | The script will continue automatically once you're logged in.
2026-03-01 08:38:33 | INFO     | ================================================================================
2026-03-01 08:39:53 | INFO     | 
Cleaning up...
