[2025-11-11 21:16:03,065] INFO: Task received by worker
[2025-11-11 21:16:03,065] INFO: Starting task: Facebook Marketplace Scraper
[2025-11-11 21:16:03,066] DEBUG: Input data: {
  "cities": [
    "berlin",
    "cologne"
  ],
  "query": "Canon Printer Cartridge",
  "last_n_days": 7,
  "listings_per_city": 100
}
[2025-11-11 21:16:03,075] INFO: AADSASDASDASDASDASSDFSDFSDKFHSDKJFHKDSHKJHkjhjhkjhkj
[2025-11-11 21:16:03,076] INFO: Scraping 2 city(s): berlin, cologne
[2025-11-11 21:16:03,079] INFO: ================================================================================
[2025-11-11 21:16:03,080] INFO: 🚀 FACEBOOK MARKETPLACE SCRAPER
[2025-11-11 21:16:03,080] INFO: ================================================================================
[2025-11-11 21:16:03,081] INFO: 📋 Configuration:
[2025-11-11 21:16:03,081] INFO:    Query: "Canon Printer Cartridge"
[2025-11-11 21:16:03,082] INFO:    Cities: berlin, cologne
[2025-11-11 21:16:03,082] INFO:    Days: 7
[2025-11-11 21:16:03,082] INFO:    Listings per city: 100
[2025-11-11 21:16:03,082] INFO:    Cookies file: Facebook Marketplace Scraper - 126 (STARTED)
[2025-11-11 21:16:03,082] INFO: ================================================================================
[2025-11-11 21:16:03,083] INFO: self.run.result_file_path
[2025-11-11 21:16:03,083] INFO: scripts_results/3/run_126.json
[2025-11-11 21:16:03,089] INFO: Task completed successfully
