[2025-11-12 20:38:54,929] INFO: Task received by worker
[2025-11-12 20:38:54,931] INFO: Starting task: Facebook Marketplace Scraper
[2025-11-12 20:38:54,932] DEBUG: Input data: {
  "cities": [
    "berlin",
    "manchester",
    "frankfurt",
    "cologne",
    "birmingham",
    "london"
  ],
  "query": "Canon Printer Cartridge",
  "last_n_days": 7,
  "listings_per_city": 100
}
[2025-11-12 20:38:54,937] INFO: AADSASDASDASDASDASSDFSDFSDKFHSDKJFHKDSHKJHkjhjhkjhkj
[2025-11-12 20:38:54,938] INFO: Scraping 6 city(s): berlin, manchester, frankfurt, cologne, birmingham, london
[2025-11-12 20:38:54,950] INFO: ================================================================================
[2025-11-12 20:38:54,950] INFO: 🚀 FACEBOOK MARKETPLACE SCRAPER
[2025-11-12 20:38:54,951] INFO: ================================================================================
[2025-11-12 20:38:54,951] INFO: 📋 Configuration:
[2025-11-12 20:38:54,951] INFO:    Query: "Canon Printer Cartridge"
[2025-11-12 20:38:54,951] INFO:    Cities: berlin, manchester, frankfurt, cologne, birmingham, london
[2025-11-12 20:38:54,951] INFO:    Days: 7
[2025-11-12 20:38:54,951] INFO:    Listings per city: 100
[2025-11-12 20:38:54,951] INFO:    Cookies file: Facebook Marketplace Scraper - 159 (STARTED)
[2025-11-12 20:38:54,951] INFO: ================================================================================
[2025-11-12 20:38:56,784] INFO: 
🔐 LOGIN PROCESS
[2025-11-12 20:38:56,785] INFO: --------------------------------------------------------------------------------
[2025-11-12 20:38:56,801] INFO: ✅ Cookies loaded. Checking session...
[2025-11-12 20:39:08,928] INFO: ✅ Session is valid.
[2025-11-12 20:39:08,928] INFO: 
🌍 SCRAPING CITIES
[2025-11-12 20:39:08,928] INFO: --------------------------------------------------------------------------------
[2025-11-12 20:39:08,933] INFO: 
📍 City 1/6: Berlin
[2025-11-12 20:39:08,933] INFO: --------------------------------------------------------------------------------
[2025-11-12 20:39:08,933] INFO: 🔗 URL: https://www.facebook.com/marketplace/berlin/search?daysSinceListed=7&sortBy=best_match&query=Canon%20Printer%20Cartridge
[2025-11-12 20:39:09,195] INFO: ⏳ Loading marketplace page...
[2025-11-12 20:39:10,584] INFO:   ⏳ Scraping up to 100 listings...
[2025-11-12 20:39:25,585] INFO:     🔄 Iteration 1
[2025-11-12 20:39:25,585] INFO:     ⚠️  No new items found. Attempt 1/3
[2025-11-12 20:39:25,586] INFO:     📜 Scrolling to bottom and waiting...
[2025-11-12 20:39:37,100] INFO:     🔄 Iteration 2
[2025-11-12 20:39:37,100] INFO:     ⚠️  No new items found. Attempt 2/3
[2025-11-12 20:39:37,100] INFO:     📜 Scrolling to bottom and waiting...
[2025-11-12 20:39:48,608] INFO:     🔄 Iteration 3
[2025-11-12 20:39:48,609] INFO:     ⚠️  No new items found. Attempt 3/3
[2025-11-12 20:39:48,609] INFO:     ❌ No new items after 3 attempts. Stopping.
[2025-11-12 20:39:48,609] INFO:   ⏳ Final wait for responses...
[2025-11-12 20:40:03,611] INFO: ❌ Failed to scrape Berlin after retries. Error: None
[2025-11-12 20:40:03,611] INFO: 
📍 City 2/6: Manchester
[2025-11-12 20:40:03,611] INFO: --------------------------------------------------------------------------------
[2025-11-12 20:40:03,611] INFO: 🔗 URL: https://www.facebook.com/marketplace/manchester/search?daysSinceListed=7&sortBy=best_match&query=Canon%20Printer%20Cartridge
[2025-11-12 20:40:03,733] INFO: ⏳ Loading marketplace page...
[2025-11-12 20:40:05,585] INFO:   ⏳ Scraping up to 100 listings...
[2025-11-12 20:40:06,105] INFO:   📄 HTML → 24 items
[2025-11-12 20:40:20,598] INFO:     🔄 Iteration 1
[2025-11-12 20:40:20,598] INFO:     ✅ Found 24 new items. Total: 0/100 | Total unique: 0
[2025-11-12 20:40:26,732] INFO:       [1/24] Processed 804443662396158... (1/100)
[2025-11-12 20:40:26,734] INFO:       Title: 10x printer in cartridges. | Price: 20.00
[2025-11-12 20:40:32,417] INFO:       [2/24] Processed 1409378457250684... (2/100)
[2025-11-12 20:40:32,417] INFO:       Title: Canon SELPHY Square mini photo printer with brand new ink cartridge | Price: 90.00
[2025-11-12 20:40:37,235] INFO:       [3/24] Processed 1388820689325856... (3/100)
[2025-11-12 20:40:37,235] INFO:       Title: Canon - EXV 34 printer cartridges All Colours PRICE PER CARTRIDGE £25 | Price: 25.00
[2025-11-12 20:40:42,770] INFO:       [4/24] Processed 821587960580790... (4/100)
[2025-11-12 20:40:42,770] INFO:       Title: 5 x Canon Pixma multipack printer cartridges | Price: 100.00
[2025-11-12 20:40:46,517] INFO:       [5/24] Processed 2634536553592425... (5/100)
[2025-11-12 20:40:46,517] INFO:       Title: Canon Printer Cartridges | Price: 12.00
[2025-11-12 20:40:51,262] INFO:       [6/24] Processed 1533404871411826... (6/100)
[2025-11-12 20:40:51,262] INFO:       Title: Canon pixma printer and black ink cartridge | Price: 35.00
[2025-11-12 20:40:56,958] INFO:       [7/24] Processed 1907867313413066... (7/100)
[2025-11-12 20:40:56,958] INFO:       Title: Canon BJC80 printer scanner & ink cartridges | Price: 50.00
[2025-11-12 20:41:02,500] INFO:       [8/24] Processed 25439726585661717... (8/100)
[2025-11-12 20:41:02,500] INFO:       Title: Canon Printer Cartridge Pixma 561 XL | Price: 15.00
[2025-11-12 20:41:06,085] INFO:       [9/24] Processed 4200158923604827... (9/100)
[2025-11-12 20:41:06,085] INFO:       Title: Canon 545 XL printer cartridge | Price: 10.00
[2025-11-12 20:41:10,812] INFO:       [10/24] Processed 1595795774739741... (10/100)
[2025-11-12 20:41:10,812] INFO:       Title: Canon Ink cartridges mixed bundle | Price: 350.00
[2025-11-12 20:41:15,336] INFO:       [11/24] Processed 1996643580893125... (11/100)
[2025-11-12 20:41:15,336] INFO:       Title: Canon imageprograf PRO-300 printer | Price: 200.00
[2025-11-12 20:41:18,918] INFO:       [12/24] Processed 1165421041786090... (12/100)
[2025-11-12 20:41:18,918] INFO:       Title: Ink Cartridges - Canon | Price: 10.00
[2025-11-12 20:41:23,526] INFO:       [13/24] Processed 1808046583245508... (13/100)
[2025-11-12 20:41:23,526] INFO:       Title: Canon Pixma Ink Cartridges | Price: 150.00
[2025-11-12 20:41:29,149] INFO:       [14/24] Processed 805123005626129... (14/100)
[2025-11-12 20:41:29,149] INFO:       Title: Canon IPF6400 24” colour printer | Price: 0.00
[2025-11-12 20:41:32,845] INFO:       [15/24] Processed 1362971471954146... (15/100)
[2025-11-12 20:41:32,845] INFO:       Title: Large canon printer | Price: 2000.00
[2025-11-12 20:41:34,520] INFO:   📊 GraphQL → 24 items
[2025-11-12 20:41:37,377] INFO:       [16/24] Processed 1554036418929335... (16/100)
[2025-11-12 20:41:37,378] INFO:       Title: Canon Printer Cartridge XL 540 | Price: 15.00
[2025-11-12 20:41:42,916] INFO:       [17/24] Processed 724021280062561... (17/100)
[2025-11-12 20:41:42,916] INFO:       Title: Genuine CANON ink cartridges for PIXMA printer (CLI-551/PGI-550) | Price: 22.00
[2025-11-12 20:41:46,612] INFO:       [18/24] Processed 3237053193118320... (18/100)
[2025-11-12 20:41:46,612] INFO:       Title: Cannon Ink Cartridges - free to collect | Price: 0.00
[2025-11-12 20:41:50,254] INFO:       [19/24] Processed 649613181565539... (19/100)
[2025-11-12 20:41:50,254] INFO:       Title: Canon A3 Printer with Ink Cartridges - collect from Crowle | Price: 110.00
[2025-11-12 20:41:53,846] INFO:       [20/24] Processed 1343984273540151... (20/100)
[2025-11-12 20:41:53,847] INFO:       Title: Canon Printer Ink Cartridges x12 (All Black) | Price: 20.00
[2025-11-12 20:41:59,412] INFO:       [21/24] Processed 1332803175252000... (21/100)
[2025-11-12 20:41:59,412] INFO:       Title: Printer Ink Cartridges | Price: 5.00
[2025-11-12 20:42:02,976] INFO:       [22/24] Processed 832326779395829... (22/100)
[2025-11-12 20:42:02,976] INFO:       Title: Canon printer | Price: 0.00
[2025-11-12 20:42:08,611] INFO:       [23/24] Processed 2089559951820011... (23/100)
[2025-11-12 20:42:08,611] INFO:       Title: PRINTER CARTRIDGES | Price: 20.00
[2025-11-12 20:42:12,255] INFO:       [24/24] Processed 842753322033398... (24/100)
[2025-11-12 20:42:12,255] INFO:       Title: Canon Pixma MG2551S Printer + 2 Cartridges (Black and Colour) | Price: 25.00
[2025-11-12 20:42:12,255] INFO:     🔄 Iteration 2
[2025-11-12 20:42:12,255] INFO:     ✅ Found 24 new items. Total: 24/100 | Total unique: 24
[2025-11-12 20:42:16,768] INFO:       [1/24] Processed 25115557958135469... (25/100)
[2025-11-12 20:42:16,768] INFO:       Title: Canon compatible ink cartridges | Price: 20.00
[2025-11-12 20:42:22,347] INFO:       [2/24] Processed 1356698949235939... (26/100)
[2025-11-12 20:42:22,347] INFO:       Title: Epson Printer & Scanner includes 6+Ink Cartridges New | Price: 40.00
[2025-11-12 20:42:26,132] INFO:       [3/24] Processed 867863309009116... (27/100)
[2025-11-12 20:42:26,132] INFO:       Title: FS: Brand New Sealed Genuine Canon Cartridge 312 Printer Black Toner for LBP3050 LBP3100 LBP3150 | Price: 20.00
[2025-11-12 20:42:29,685] INFO:       [4/24] Processed 1522001412469948... (28/100)
[2025-11-12 20:42:29,686] INFO:       Title: Canon Pixma MP495 Printer and Ink Cartridges | Price: 20.00
[2025-11-12 20:42:34,274] INFO:       [5/24] Processed 1596403328463194... (29/100)
[2025-11-12 20:42:34,274] INFO:       Title: Epson and Canon ink cartridges | Price: 25.00
[2025-11-12 20:42:38,967] INFO:       [6/24] Processed 811648921497685... (30/100)
[2025-11-12 20:42:38,967] INFO:       Title: Genuine canon 718 toner cartridges | Price: 195.00
[2025-11-12 20:42:44,574] INFO:       [7/24] Processed 1767010063866766... (31/100)
[2025-11-12 20:42:44,574] INFO:       Title: Canon Pixma Pro 10S colour A3+ professional printer. | Price: 200.00
[2025-11-12 20:42:50,258] INFO:       [8/24] Processed 1397369008671703... (32/100)
[2025-11-12 20:42:50,258] INFO:       Title: Cannon ink cartridges | Price: 15.00
[2025-11-12 20:42:53,835] INFO:       [9/24] Processed 25299163479699786... (33/100)
[2025-11-12 20:42:53,835] INFO:       Title: Canon Ink Cartridges | Price: 5.00
[2025-11-12 20:42:58,496] INFO:       [10/24] Processed 4079285479068173... (34/100)
[2025-11-12 20:42:58,496] INFO:       Title: 26 Printer Cartridges for Canon T5000 printers | Price: 10.00
[2025-11-12 20:43:03,045] INFO:       [11/24] Processed 2064374574376417... (35/100)
[2025-11-12 20:43:03,045] INFO:       Title: Canon Pixma ip6700D Photo Printer With New Ink Cartridges | Price: 20.00
[2025-11-12 20:43:06,660] INFO:       [12/24] Processed 4227006190880224... (36/100)
[2025-11-12 20:43:06,660] INFO:       Title: Printer ink cartridges | Price: 2.00
[2025-11-12 20:43:10,476] INFO:       [13/24] Processed 1357479955762941... (37/100)
[2025-11-12 20:43:10,476] INFO:       Title: HP compatible printer ink cartridges | Price: 0.00
[2025-11-12 20:43:14,318] INFO:   📊 GraphQL → 24 items
[2025-11-12 20:43:15,119] INFO:       [14/24] Processed 25005585095737198... (38/100)
[2025-11-12 20:43:15,119] INFO:       Title: Printer ink compatible with Canon cartridges 545 and 546. 5 BRAND NEW cartridges. | Price: 12.00
[2025-11-12 20:43:20,656] INFO:       [15/24] Processed 1712179912783068... (39/100)
[2025-11-12 20:43:20,656] INFO:       Title: Canon Printer Ink Cartridges | Price: 10.00
[2025-11-12 20:43:25,263] INFO:       [16/24] Processed 1802585840390656... (40/100)
[2025-11-12 20:43:25,263] INFO:       Title: Two Empty Ink Canon Printer Cartridges . (Collect Brentford Tw8 0de) | Price: 3.00
[2025-11-12 20:43:28,833] INFO:       [17/24] Processed 4400003950220063... (41/100)
[2025-11-12 20:43:28,833] INFO:       Title: Canon Printer | Price: 50.00
[2025-11-12 20:43:33,416] INFO:       [18/24] Processed 4364662043807658... (42/100)
[2025-11-12 20:43:33,416] INFO:       Title: Ink Cartridges from a canon printer collect LIttlehampton | Price: 3.00
[2025-11-12 20:43:38,006] INFO:       [19/24] Processed 1117543573501424... (43/100)
[2025-11-12 20:43:38,007] INFO:       Title: CANON PF570/1 printer cartridges | Price: 10.00
[2025-11-12 20:43:41,595] INFO:       [20/24] Processed 842869248116020... (44/100)
[2025-11-12 20:43:41,596] INFO:       Title: Printer cartridges multiple colours | Price: 20.00
[2025-11-12 20:43:45,138] INFO:       [21/24] Processed 862355533027965... (45/100)
[2025-11-12 20:43:45,138] INFO:       Title: Canon printer | Price: 20.00
[2025-11-12 20:43:50,687] INFO:       [22/24] Processed 802491352586788... (46/100)
[2025-11-12 20:43:50,687] INFO:       Title: Canon pixma colour cartridges | Price: 20.00
[2025-11-12 20:43:54,422] INFO:       [23/24] Processed 932832663238117... (47/100)
[2025-11-12 20:43:54,422] INFO:       Title: Canon Pixma TS3355 Printer | Price: 20.00
[2025-11-12 20:43:57,898] INFO:       [24/24] Processed 3266361300198687... (48/100)
[2025-11-12 20:43:57,899] INFO:       Title: Canon replacement colour ink | Price: 7.00
[2025-11-12 20:43:57,899] INFO:     🔄 Iteration 3
[2025-11-12 20:43:57,899] INFO:     ✅ Found 24 new items. Total: 48/100 | Total unique: 48
[2025-11-12 20:44:07,915] INFO:       ⏭️  Skipped 827568980231457: selector timeout, error: Page.wait_for_selector: Timeout 10000ms exceeded.

[2025-11-12 20:44:17,924] INFO:       ⏭️  Skipped 1041704031369989: selector timeout, error: Page.wait_for_selector: Timeout 10000ms exceeded.

[2025-11-12 20:44:27,930] INFO:       ⏭️  Skipped 4308290512832118: selector timeout, error: Page.wait_for_selector: Timeout 10000ms exceeded.

[2025-11-12 20:44:37,934] INFO:       ⏭️  Skipped 785202961005297: selector timeout, error: Page.wait_for_selector: Timeout 10000ms exceeded.

[2025-11-12 20:44:47,940] INFO:       ⏭️  Skipped 1580667719778744: selector timeout, error: Page.wait_for_selector: Timeout 10000ms exceeded.

[2025-11-12 20:44:57,945] INFO:       ⏭️  Skipped 2283700612058112: selector timeout, error: Page.wait_for_selector: Timeout 10000ms exceeded.

[2025-11-12 20:45:07,951] INFO:       ⏭️  Skipped 1316724486435641: selector timeout, error: Page.wait_for_selector: Timeout 10000ms exceeded.

[2025-11-12 20:45:17,955] INFO:       ⏭️  Skipped 1947766232449507: selector timeout, error: Page.wait_for_selector: Timeout 10000ms exceeded.

[2025-11-12 20:45:27,959] INFO:       ⏭️  Skipped 1161437302837830: selector timeout, error: Page.wait_for_selector: Timeout 10000ms exceeded.

[2025-11-12 20:45:37,965] INFO:       ⏭️  Skipped 819359297517915: selector timeout, error: Page.wait_for_selector: Timeout 10000ms exceeded.

[2025-11-12 20:45:47,976] INFO:       ⏭️  Skipped 1377635170643776: selector timeout, error: Page.wait_for_selector: Timeout 10000ms exceeded.

[2025-11-12 20:45:57,982] INFO:       ⏭️  Skipped 1031578899093719: selector timeout, error: Page.wait_for_selector: Timeout 10000ms exceeded.

[2025-11-12 20:46:07,987] INFO:       ⏭️  Skipped 2005787683540037: selector timeout, error: Page.wait_for_selector: Timeout 10000ms exceeded.

[2025-11-12 20:46:18,001] INFO:       ⏭️  Skipped 1368016338252688: selector timeout, error: Page.wait_for_selector: Timeout 10000ms exceeded.

[2025-11-12 20:46:28,006] INFO:       ⏭️  Skipped 695989156887288: selector timeout, error: Page.wait_for_selector: Timeout 10000ms exceeded.

[2025-11-12 20:46:38,008] INFO:       ⏭️  Skipped 1344436397378512: selector timeout, error: Page.wait_for_selector: Timeout 10000ms exceeded.

[2025-11-12 20:46:48,014] INFO:       ⏭️  Skipped 820043943962063: selector timeout, error: Page.wait_for_selector: Timeout 10000ms exceeded.

[2025-11-12 20:46:58,018] INFO:       ⏭️  Skipped 1951389322926735: selector timeout, error: Page.wait_for_selector: Timeout 10000ms exceeded.

[2025-11-12 20:47:08,024] INFO:       ⏭️  Skipped 2043500243052481: selector timeout, error: Page.wait_for_selector: Timeout 10000ms exceeded.

[2025-11-12 20:47:18,026] INFO:       ⏭️  Skipped 710944761533755: selector timeout, error: Page.wait_for_selector: Timeout 10000ms exceeded.

[2025-11-12 20:47:28,031] INFO:       ⏭️  Skipped 1380239786871615: selector timeout, error: Page.wait_for_selector: Timeout 10000ms exceeded.

[2025-11-12 20:47:38,035] INFO:       ⏭️  Skipped 850131994638938: selector timeout, error: Page.wait_for_selector: Timeout 10000ms exceeded.

[2025-11-12 20:47:48,041] INFO:       ⏭️  Skipped 828966139833370: selector timeout, error: Page.wait_for_selector: Timeout 10000ms exceeded.

[2025-11-12 20:47:58,045] INFO:       ⏭️  Skipped 2253659958393091: selector timeout, error: Page.wait_for_selector: Timeout 10000ms exceeded.

[2025-11-12 20:47:58,045] INFO:     🔄 Iteration 4
[2025-11-12 20:47:58,046] INFO:     ⚠️  No new items found. Attempt 1/3
[2025-11-12 20:47:58,046] INFO:     📜 Scrolling to bottom and waiting...
[2025-11-12 20:48:01,271] INFO:   📊 GraphQL → 15 items
[2025-11-12 20:48:09,572] INFO:     🔄 Iteration 5
[2025-11-12 20:48:09,573] INFO:     ✅ Found 15 new items. Total: 48/100 | Total unique: 48
[2025-11-12 20:48:14,140] INFO:       [1/15] Processed 1898680017661508... (49/100)
[2025-11-12 20:48:14,140] INFO:       Title: Canon Multifunction Printer Scanner With Ink - £5 | Price: 5.00
[2025-11-12 20:48:19,724] INFO:       [2/15] Processed 2253659958393091... (50/100)
[2025-11-12 20:48:19,724] INFO:       Title: Canon Printer Ink 551 Black Standard | Price: 5.00
[2025-11-12 20:48:25,472] INFO:       [3/15] Processed 846624017875744... (51/100)
[2025-11-12 20:48:25,472] INFO:       Title: Colour Direct Compatible Ink Cartridges Replacement for Canon PIXMA MG and TS series printers | Price: 15.00
[2025-11-12 20:48:30,956] INFO:       [4/15] Processed 1797193617598445... (52/100)
[2025-11-12 20:48:30,957] INFO:       Title: Cannon Black Ink Cartridge | Price: 15.00
[2025-11-12 20:48:36,479] INFO:       [5/15] Processed 4228707574041454... (53/100)
[2025-11-12 20:48:36,479] INFO:       Title: Canon Picture Mate photo printer. | Price: 10.00
[2025-11-12 20:48:41,191] INFO:       [6/15] Processed 1202197065150153... (54/100)
[2025-11-12 20:48:41,191] INFO:       Title: Laser Toner Cartridge HP | Price: 20.00
[2025-11-12 20:48:45,724] INFO:       [7/15] Processed 851810877264166... (55/100)
[2025-11-12 20:48:45,724] INFO:       Title: Canon colour inkjet printer (PIXMA MG2450) in great working order | Price: 5.00
[2025-11-12 20:48:49,244] INFO:       [8/15] Processed 1614278496649891... (56/100)
[2025-11-12 20:48:49,244] INFO:       Title: Canon CLI-521Y Yellow Ink Cartridge – Ink Cartridge for Pixma iP/MP/MX/Pro Printers. New, unused. | Price: 1.00
[2025-11-12 20:48:53,772] INFO:       [9/15] Processed 1005272328431363... (57/100)
[2025-11-12 20:48:53,772] INFO:       Title: Canon PIXMA TS5151 Wireless Printer + Additional Canon Ink Cartridge + Canon Premium Paper | Price: 40.00
[2025-11-12 20:48:58,358] INFO:       [10/15] Processed 1905744627040102... (58/100)
[2025-11-12 20:48:58,358] INFO:       Title: Canon PIXMA TS3350 Series - All-in-One Printer | Price: 25.00
[2025-11-12 20:49:03,913] INFO:       [11/15] Processed 832946079671196... (59/100)
[2025-11-12 20:49:03,913] INFO:       Title: Canon mg2550s NEW with cartridges | Price: 50.00
[2025-11-12 20:49:07,595] INFO:       [12/15] Processed 1072379504854554... (60/100)
[2025-11-12 20:49:07,596] INFO:       Title: Canon i - sensys, compatible printer  toner cartridge- Full Set | Price: 30.00
[2025-11-12 20:49:13,159] INFO:       [13/15] Processed 838917298497199... (61/100)
[2025-11-12 20:49:13,159] INFO:       Title: Canon Printer with ink cartridges included | Price: 30.00
[2025-11-12 20:49:18,783] INFO:       [14/15] Processed 837377232548332... (62/100)
[2025-11-12 20:49:18,784] INFO:       Title: Canon pixma printer | Price: 15.00
[2025-11-12 20:49:22,524] INFO:       [15/15] Processed 1747479769295461... (63/100)
[2025-11-12 20:49:22,524] INFO:       Title: Cannon Printer | Price: 20.00
[2025-11-12 20:49:22,524] INFO:     🔄 Iteration 6
[2025-11-12 20:49:22,524] INFO:     ⚠️  No new items found. Attempt 1/3
[2025-11-12 20:49:22,525] INFO:     📜 Scrolling to bottom and waiting...
[2025-11-12 20:49:34,031] INFO:     🔄 Iteration 7
[2025-11-12 20:49:34,031] INFO:     ⚠️  No new items found. Attempt 2/3
[2025-11-12 20:49:34,031] INFO:     📜 Scrolling to bottom and waiting...
[2025-11-12 20:49:45,541] INFO:     🔄 Iteration 8
[2025-11-12 20:49:45,541] INFO:     ⚠️  No new items found. Attempt 3/3
[2025-11-12 20:49:45,541] INFO:     ❌ No new items after 3 attempts. Stopping.
[2025-11-12 20:49:45,541] INFO:   ⏳ Final wait for responses...
[2025-11-12 20:50:00,543] INFO: ✅ Scraped 63 items from Manchester
[2025-11-12 20:50:00,543] INFO: 
📍 City 3/6: Frankfurt
[2025-11-12 20:50:00,544] INFO: --------------------------------------------------------------------------------
[2025-11-12 20:50:00,544] INFO: 🔗 URL: https://www.facebook.com/marketplace/frankfurt/search?daysSinceListed=7&sortBy=best_match&query=Canon%20Printer%20Cartridge
[2025-11-12 20:50:00,839] INFO: ⏳ Loading marketplace page...
[2025-11-12 20:50:04,012] INFO:   ⏳ Scraping up to 100 listings...
[2025-11-12 20:50:19,013] INFO:     🔄 Iteration 1
[2025-11-12 20:50:19,013] INFO:     ⚠️  No new items found. Attempt 1/3
[2025-11-12 20:50:19,013] INFO:     📜 Scrolling to bottom and waiting...
[2025-11-12 20:50:30,533] INFO:     🔄 Iteration 2
[2025-11-12 20:50:30,533] INFO:     ⚠️  No new items found. Attempt 2/3
[2025-11-12 20:50:30,533] INFO:     📜 Scrolling to bottom and waiting...
[2025-11-12 20:50:42,046] INFO:     🔄 Iteration 3
[2025-11-12 20:50:42,046] INFO:     ⚠️  No new items found. Attempt 3/3
[2025-11-12 20:50:42,046] INFO:     ❌ No new items after 3 attempts. Stopping.
[2025-11-12 20:50:42,046] INFO:   ⏳ Final wait for responses...
[2025-11-12 20:50:57,053] INFO: ❌ Failed to scrape Frankfurt after retries. Error: None
[2025-11-12 20:50:57,053] INFO: 
📍 City 4/6: Cologne
[2025-11-12 20:50:57,053] INFO: --------------------------------------------------------------------------------
[2025-11-12 20:50:57,054] INFO: 🔗 URL: https://www.facebook.com/marketplace/cologne/search?daysSinceListed=7&sortBy=best_match&query=Canon%20Printer%20Cartridge
[2025-11-12 20:50:57,271] INFO: ⏳ Loading marketplace page...
[2025-11-12 20:50:58,882] INFO:   ⏳ Scraping up to 100 listings...
[2025-11-12 20:51:13,885] INFO:     🔄 Iteration 1
[2025-11-12 20:51:13,885] INFO:     ⚠️  No new items found. Attempt 1/3
[2025-11-12 20:51:13,886] INFO:     📜 Scrolling to bottom and waiting...
[2025-11-12 20:51:25,395] INFO:     🔄 Iteration 2
[2025-11-12 20:51:25,395] INFO:     ⚠️  No new items found. Attempt 2/3
[2025-11-12 20:51:25,395] INFO:     📜 Scrolling to bottom and waiting...
[2025-11-12 20:51:36,905] INFO:     🔄 Iteration 3
[2025-11-12 20:51:36,905] INFO:     ⚠️  No new items found. Attempt 3/3
[2025-11-12 20:51:36,905] INFO:     ❌ No new items after 3 attempts. Stopping.
[2025-11-12 20:51:36,905] INFO:   ⏳ Final wait for responses...
[2025-11-12 20:51:51,906] INFO: ❌ Failed to scrape Cologne after retries. Error: None
[2025-11-12 20:51:51,906] INFO: 
📍 City 5/6: Birmingham
[2025-11-12 20:51:51,907] INFO: --------------------------------------------------------------------------------
[2025-11-12 20:51:51,907] INFO: 🔗 URL: https://www.facebook.com/marketplace/birmingham/search?daysSinceListed=7&sortBy=best_match&query=Canon%20Printer%20Cartridge
[2025-11-12 20:51:52,036] INFO: ⏳ Loading marketplace page...
[2025-11-12 20:51:53,655] INFO:   📄 HTML → 24 items
[2025-11-12 20:51:53,663] INFO:   ⏳ Scraping up to 100 listings...
[2025-11-12 20:52:08,665] INFO:     🔄 Iteration 1
[2025-11-12 20:52:08,665] INFO:     ✅ Found 24 new items. Total: 0/100 | Total unique: 63
[2025-11-12 20:52:08,745] INFO:       ⏭️  Skipped 1533404871411826: Duplicate
[2025-11-12 20:52:08,812] INFO:       ⏭️  Skipped 1388820689325856: Duplicate
[2025-11-12 20:52:08,878] INFO:       ⏭️  Skipped 804443662396158: Duplicate
[2025-11-12 20:52:08,945] INFO:       ⏭️  Skipped 25439726585661717: Duplicate
[2025-11-12 20:52:09,029] INFO:       ⏭️  Skipped 1343984273540151: Duplicate
[2025-11-12 20:52:09,140] INFO:       ⏭️  Skipped 1409378457250684: Duplicate
[2025-11-12 20:52:09,205] INFO:       ⏭️  Skipped 2634536553592425: Duplicate
[2025-11-12 20:52:09,289] INFO:       ⏭️  Skipped 1554036418929335: Duplicate
[2025-11-12 20:52:09,356] INFO:       ⏭️  Skipped 821587960580790: Duplicate
[2025-11-12 20:52:09,424] INFO:       ⏭️  Skipped 1907867313413066: Duplicate
[2025-11-12 20:52:09,507] INFO:       ⏭️  Skipped 1996643580893125: Duplicate
[2025-11-12 20:52:09,573] INFO:       ⏭️  Skipped 1362971471954146: Duplicate
[2025-11-12 20:52:09,640] INFO:       ⏭️  Skipped 805123005626129: Duplicate
[2025-11-12 20:52:09,724] INFO:       ⏭️  Skipped 1595795774739741: Duplicate
[2025-11-12 20:52:09,790] INFO:       ⏭️  Skipped 1165421041786090: Duplicate
[2025-11-12 20:52:09,857] INFO:       ⏭️  Skipped 4200158923604827: Duplicate
[2025-11-12 20:52:09,941] INFO:       ⏭️  Skipped 724021280062561: Duplicate
[2025-11-12 20:52:10,024] INFO:       ⏭️  Skipped 3237053193118320: Duplicate
[2025-11-12 20:52:10,089] INFO:       ⏭️  Skipped 842753322033398: Duplicate
[2025-11-12 20:52:10,157] INFO:       ⏭️  Skipped 1332803175252000: Duplicate
[2025-11-12 20:52:10,223] INFO:       ⏭️  Skipped 25115557958135469: Duplicate
[2025-11-12 20:52:10,290] INFO:       ⏭️  Skipped 832326779395829: Duplicate
[2025-11-12 20:52:10,368] INFO:       ⏭️  Skipped 2089559951820011: Duplicate
[2025-11-12 20:52:10,435] INFO:       ⏭️  Skipped 1767010063866766: Duplicate
[2025-11-12 20:52:10,435] INFO:     🔄 Iteration 2
[2025-11-12 20:52:10,436] INFO:     ⚠️  No new items found. Attempt 1/3
[2025-11-12 20:52:10,436] INFO:     📜 Scrolling to bottom and waiting...
[2025-11-12 20:52:21,945] INFO:     🔄 Iteration 3
[2025-11-12 20:52:21,945] INFO:     ⚠️  No new items found. Attempt 2/3
[2025-11-12 20:52:21,945] INFO:     📜 Scrolling to bottom and waiting...
[2025-11-12 20:52:23,382] INFO:   📊 GraphQL → 24 items
[2025-11-12 20:52:24,935] INFO:   📊 GraphQL → 24 items
[2025-11-12 20:52:33,453] INFO:     🔄 Iteration 4
[2025-11-12 20:52:33,453] INFO:     ✅ Found 48 new items. Total: 0/100 | Total unique: 63
[2025-11-12 20:52:33,521] INFO:       ⏭️  Skipped 842869248116020: Duplicate
[2025-11-12 20:52:39,132] INFO:       [2/48] Processed 25015282818100616... (1/100)
[2025-11-12 20:52:39,132] INFO:       Title: Canon Printer | Price: 10.00
[2025-11-12 20:52:39,198] INFO:       ⏭️  Skipped 1808046583245508: Duplicate
[2025-11-12 20:52:43,804] INFO:       [4/48] Processed 792299093801756... (2/100)
[2025-11-12 20:52:43,804] INFO:       Title: Canon Printer MG3150 Colour Photo Printer Used working - no power lead no cartridges. | Price: 10.00
[2025-11-12 20:52:49,367] INFO:       [5/48] Processed 1370910101214537... (3/100)
[2025-11-12 20:52:49,368] INFO:       Title: Canon ts5150 printer | Price: 30.00
[2025-11-12 20:52:54,924] INFO:       [6/48] Processed 832862975878515... (4/100)
[2025-11-12 20:52:54,924] INFO:       Title: Remanufactured Ink Jet Cartridges Colour X2 546 XL suitable for Cannon Printer | Price: 25.00
[2025-11-12 20:52:58,562] INFO:       [7/48] Processed 845592694592730... (5/100)
[2025-11-12 20:52:58,562] INFO:       Title: Cannon printer ink cartridges | Price: 25.00
[2025-11-12 20:53:03,136] INFO:       [8/48] Processed 1107790084761646... (6/100)
[2025-11-12 20:53:03,136] INFO:       Title: Box of 25 Canon CLI-526 Cyan, Magenta, Yellow, and Key (Black) Printer Ink Cartridges | Price: 15.00
[2025-11-12 20:53:08,893] INFO:       [9/48] Processed 812162075012254... (7/100)
[2025-11-12 20:53:08,893] INFO:       Title: Photo printer | Price: 55.00
[2025-11-12 20:53:13,480] INFO:       [10/48] Processed 1543534536553493... (8/100)
[2025-11-12 20:53:13,480] INFO:       Title: Canon Colour Cartridge (CL-513) 
New Original
No Posting - Collection Only
CASH ONLY AT DOOR | Price: 10.00
[2025-11-12 20:53:19,075] INFO:       [11/48] Processed 827568980231457... (9/100)
[2025-11-12 20:53:19,075] INFO:       Title: Cannon MG3050 Printer / Scanner (with ink) | Price: 30.00
[2025-11-12 20:53:23,760] INFO:       [12/48] Processed 2496756177372090... (10/100)
[2025-11-12 20:53:23,760] INFO:       Title: 4x 13ml C526 Ink Cartridges From Cartridge Save For Canon Printer | Price: 10.00
[2025-11-12 20:53:28,287] INFO:       [13/48] Processed 1881933909199971... (11/100)
[2025-11-12 20:53:28,288] INFO:       Title: Canon Pixma MX495 INKJET PRINTER | Price: 0.00
[2025-11-12 20:53:33,902] INFO:       [14/48] Processed 1463298951405998... (12/100)
[2025-11-12 20:53:33,902] INFO:       Title: Cannon printer cartridge | Price: 20.00
[2025-11-12 20:53:37,489] INFO:       [15/48] Processed 2254285295081869... (13/100)
[2025-11-12 20:53:37,489] INFO:       Title: Canon QY6-0082 Print head and ink cartridges | Price: 15.00
[2025-11-12 20:53:42,024] INFO:       [16/48] Processed 837074238871635... (14/100)
[2025-11-12 20:53:42,024] INFO:       Title: Cannon fax machine/printer/photocopier | Price: 100.00
[2025-11-12 20:53:46,621] INFO:       [17/48] Processed 2349034075529669... (15/100)
[2025-11-12 20:53:46,621] INFO:       Title: Black & Colour refurbished Canon ink cartridges | Price: 15.00
[2025-11-12 20:53:46,685] INFO:       ⏭️  Skipped 1117543573501424: Duplicate
[2025-11-12 20:53:50,259] INFO:       [19/48] Processed 1888079798754394... (16/100)
[2025-11-12 20:53:50,259] INFO:       Title: Canon Printer MG3650S with 2 black ink cartridges | Price: 40.00
[2025-11-12 20:53:53,897] INFO:       [20/48] Processed 1342491731006530... (17/100)
[2025-11-12 20:53:53,897] INFO:       Title: Canon DCP J4120DW Colour Printer | Price: 40.00
[2025-11-12 20:53:58,499] INFO:       [21/48] Processed 2341519326336848... (18/100)
[2025-11-12 20:53:58,500] INFO:       Title: Canon MG5750 Wireless Printer/Copy/Scan (HALF PRICE) | Price: 100.00
[2025-11-12 20:54:04,025] INFO:       [22/48] Processed 826237803464638... (19/100)
[2025-11-12 20:54:04,025] INFO:       Title: Canon Pixma MG4250 4 in 1 Printer | Price: 35.00
[2025-11-12 20:54:08,572] INFO:       [23/48] Processed 785202961005297... (20/100)
[2025-11-12 20:54:08,572] INFO:       Title: HP Inkjet cartridge - Tri colour official | Price: 5.00
[2025-11-12 20:54:14,114] INFO:       [24/48] Processed 24918229847834585... (21/100)
[2025-11-12 20:54:14,114] INFO:       Title: Great canon ts5351a with no ink cartridge (unboxed) | Price: 25.00
[2025-11-12 20:54:18,639] INFO:       [25/48] Processed 651067787942053... (22/100)
[2025-11-12 20:54:18,639] INFO:       Title: Genuine Epson ink cartridges | Price: 10.00
[2025-11-12 20:54:23,201] INFO:       [26/48] Processed 2283700612058112... (23/100)
[2025-11-12 20:54:23,201] INFO:       Title: Original new Canon 521 black ink cartridges cost £17 each selling for £5 | Price: 5.00
[2025-11-12 20:54:27,779] INFO:       [27/48] Processed 4308290512832118... (24/100)
[2025-11-12 20:54:27,779] INFO:       Title: Canon Printer - sat around a couple of years | Price: 2.00
[2025-11-12 20:54:33,322] INFO:       [28/48] Processed 1316724486435641... (25/100)
[2025-11-12 20:54:33,322] INFO:       Title: Canon Selphy Compact Photo Printer | Price: 95.00
[2025-11-12 20:54:38,839] INFO:       [29/48] Processed 1161437302837830... (26/100)
[2025-11-12 20:54:38,839] INFO:       Title: Canon printer | Price: 20.00
[2025-11-12 20:54:43,416] INFO:       [30/48] Processed 1947766232449507... (27/100)
[2025-11-12 20:54:43,416] INFO:       Title: Canon IP7250 pixima printer | Price: 20.00
[2025-11-12 20:54:49,018] INFO:       [31/48] Processed 819359297517915... (28/100)
[2025-11-12 20:54:49,018] INFO:       Title: Fantastic canon ts5151 with no ink cartridge | Price: 35.00
[2025-11-12 20:54:52,595] INFO:       [32/48] Processed 1377635170643776... (29/100)
[2025-11-12 20:54:52,595] INFO:       Title: Printer Cannon LPB 2900i. Black and White | Price: 20.00
[2025-11-12 20:54:57,187] INFO:       [33/48] Processed 1580667719778744... (30/100)
[2025-11-12 20:54:57,187] INFO:       Title: Cannon printer | Price: 55.00
[2025-11-12 20:55:02,761] INFO:       [34/48] Processed 1041704031369989... (31/100)
[2025-11-12 20:55:02,761] INFO:       Title: Cannon printer/scanner | Price: 10.00
[2025-11-12 20:55:08,307] INFO:       [35/48] Processed 1031578899093719... (32/100)
[2025-11-12 20:55:08,307] INFO:       Title: Printer, scanner, copier (Canon) & cartridges | Price: 20.00
[2025-11-12 20:55:11,881] INFO:       [36/48] Processed 2005787683540037... (33/100)
[2025-11-12 20:55:11,881] INFO:       Title: Canon printer MG2551S | Price: 40.00
[2025-11-12 20:55:15,464] INFO:       [37/48] Processed 1213075990872284... (34/100)
[2025-11-12 20:55:15,464] INFO:       Title: Wolfgray PGI 580XXL Printer Cartridges Compatible with Canon | Price: 10.00
[2025-11-12 20:55:21,007] INFO:       [38/48] Processed 695989156887288... (35/100)
[2025-11-12 20:55:21,007] INFO:       Title: Canon Printer Ink 550 PGBK XL | Price: 12.00
[2025-11-12 20:55:22,534] INFO:   📊 GraphQL → 15 items
[2025-11-12 20:55:24,669] INFO:       [39/48] Processed 1344436397378512... (36/100)
[2025-11-12 20:55:24,669] INFO:       Title: Wilko printer cartridge canon CLI-571XL | Price: 10.00
[2025-11-12 20:55:28,211] INFO:       [40/48] Processed 820043943962063... (37/100)
[2025-11-12 20:55:28,211] INFO:       Title: Canon Printer Ink 551 Black XL | Price: 12.00
[2025-11-12 20:55:31,799] INFO:       [41/48] Processed 1368016338252688... (38/100)
[2025-11-12 20:55:31,800] INFO:       Title: Canon Pixma 560 black ink cartridge | Price: 10.00
[2025-11-12 20:55:36,350] INFO:       [42/48] Processed 1951389322926735... (39/100)
[2025-11-12 20:55:36,350] INFO:       Title: A Yellow and a Cyan Canon Pixma 551 XL Ink Cartridges, new and unopened | Price: 15.00
[2025-11-12 20:55:36,414] INFO:       ⏭️  Skipped 1898680017661508: Duplicate
[2025-11-12 20:55:36,481] INFO:       ⏭️  Skipped 2253659958393091: Duplicate
[2025-11-12 20:55:41,048] INFO:       [45/48] Processed 850131994638938... (40/100)
[2025-11-12 20:55:41,048] INFO:       Title: Canon black ink 540 | Price: 15.00
[2025-11-12 20:55:41,111] INFO:       ⏭️  Skipped 846624017875744: Duplicate
[2025-11-12 20:55:44,740] INFO:       [47/48] Processed 690235447104618... (41/100)
[2025-11-12 20:55:44,741] INFO:       Title: All-in-one colour printer | Price: 20.00
[2025-11-12 20:55:48,239] INFO:       [48/48] Processed 828966139833370... (42/100)
[2025-11-12 20:55:48,239] INFO:       Title: Canon PIXMA Wireless ink jet printer, MG3650s | Price: 25.00
[2025-11-12 20:55:48,240] INFO:     🔄 Iteration 5
[2025-11-12 20:55:48,240] INFO:     ✅ Found 15 new items. Total: 42/100 | Total unique: 105
[2025-11-12 20:55:52,811] INFO:       [1/15] Processed 1380239786871615... (43/100)
[2025-11-12 20:55:52,811] INFO:       Title: Ink cartridges for Canon printer. Not suitable for my printer. | Price: 10.00
[2025-11-12 20:55:52,878] INFO:       ⏭️  Skipped 4228707574041454: Duplicate
[2025-11-12 20:55:56,533] INFO:       [3/15] Processed 2043500243052481... (44/100)
[2025-11-12 20:55:56,533] INFO:       Title: Canon pixma mx420 + genuine canon colour ink cartridge | Price: 25.00
[2025-11-12 20:55:56,599] INFO:       ⏭️  Skipped 1614278496649891: Duplicate
[2025-11-12 20:55:56,665] INFO:       ⏭️  Skipped 1797193617598445: Duplicate
[2025-11-12 20:56:02,267] INFO:       [6/15] Processed 710944761533755... (45/100)
[2025-11-12 20:56:02,267] INFO:       Title: Printer - Canon - no cartridges- Pixma TS3350 | Price: 10.00
[2025-11-12 20:56:02,336] INFO:       ⏭️  Skipped 1202197065150153: Duplicate
[2025-11-12 20:56:02,403] INFO:       ⏭️  Skipped 851810877264166: Duplicate
[2025-11-12 20:56:02,469] INFO:       ⏭️  Skipped 1005272328431363: Duplicate
[2025-11-12 20:56:02,529] INFO:       ⏭️  Skipped 1905744627040102: Duplicate
[2025-11-12 20:56:02,592] INFO:       ⏭️  Skipped 832946079671196: Duplicate
[2025-11-12 20:56:02,658] INFO:       ⏭️  Skipped 1072379504854554: Duplicate
[2025-11-12 20:56:02,769] INFO:       ⏭️  Skipped 838917298497199: Duplicate
[2025-11-12 20:56:02,834] INFO:       ⏭️  Skipped 837377232548332: Duplicate
[2025-11-12 20:56:02,901] INFO:       ⏭️  Skipped 1747479769295461: Duplicate
[2025-11-12 20:56:02,901] INFO:     🔄 Iteration 6
[2025-11-12 20:56:02,901] INFO:     ⚠️  No new items found. Attempt 1/3
[2025-11-12 20:56:02,901] INFO:     📜 Scrolling to bottom and waiting...
[2025-11-12 20:56:14,406] INFO:     🔄 Iteration 7
[2025-11-12 20:56:14,406] INFO:     ⚠️  No new items found. Attempt 2/3
[2025-11-12 20:56:14,406] INFO:     📜 Scrolling to bottom and waiting...
[2025-11-12 20:56:25,915] INFO:     🔄 Iteration 8
[2025-11-12 20:56:25,915] INFO:     ⚠️  No new items found. Attempt 3/3
[2025-11-12 20:56:25,915] INFO:     ❌ No new items after 3 attempts. Stopping.
[2025-11-12 20:56:25,915] INFO:   ⏳ Final wait for responses...
[2025-11-12 20:56:40,918] INFO: ✅ Scraped 45 items from Birmingham
[2025-11-12 20:56:40,918] INFO: 
📍 City 6/6: London
[2025-11-12 20:56:40,918] INFO: --------------------------------------------------------------------------------
[2025-11-12 20:56:40,918] INFO: 🔗 URL: https://www.facebook.com/marketplace/london/search?daysSinceListed=7&sortBy=best_match&query=Canon%20Printer%20Cartridge
[2025-11-12 20:56:41,028] INFO: ⏳ Loading marketplace page...
[2025-11-12 20:56:42,911] INFO:   📄 HTML → 24 items
[2025-11-12 20:56:42,912] INFO:   ⏳ Scraping up to 100 listings...
[2025-11-12 20:56:57,915] INFO:     🔄 Iteration 1
[2025-11-12 20:56:57,915] INFO:     ✅ Found 24 new items. Total: 0/100 | Total unique: 108
[2025-11-12 20:56:58,007] INFO:       ⏭️  Skipped 724021280062561: Duplicate
[2025-11-12 20:56:58,073] INFO:       ⏭️  Skipped 832326779395829: Duplicate
[2025-11-12 20:56:58,140] INFO:       ⏭️  Skipped 25439726585661717: Duplicate
[2025-11-12 20:56:58,207] INFO:       ⏭️  Skipped 1388820689325856: Duplicate
[2025-11-12 20:56:58,339] INFO:       ⏭️  Skipped 1554036418929335: Duplicate
[2025-11-12 20:56:58,406] INFO:       ⏭️  Skipped 821587960580790: Duplicate
[2025-11-12 20:56:58,473] INFO:       ⏭️  Skipped 1802585840390656: Duplicate
[2025-11-12 20:56:58,550] INFO:       ⏭️  Skipped 804443662396158: Duplicate
[2025-11-12 20:56:58,640] INFO:       ⏭️  Skipped 1533404871411826: Duplicate
[2025-11-12 20:56:58,707] INFO:       ⏭️  Skipped 1409378457250684: Duplicate
[2025-11-12 20:56:58,791] INFO:       ⏭️  Skipped 805123005626129: Duplicate
[2025-11-12 20:56:58,857] INFO:       ⏭️  Skipped 1522001412469948: Duplicate
[2025-11-12 20:56:58,925] INFO:       ⏭️  Skipped 867863309009116: Duplicate
[2025-11-12 20:56:59,028] INFO:       ⏭️  Skipped 932832663238117: Duplicate
[2025-11-12 20:56:59,095] INFO:       ⏭️  Skipped 1595795774739741: Duplicate
[2025-11-12 20:56:59,162] INFO:       ⏭️  Skipped 2634536553592425: Duplicate
[2025-11-12 20:56:59,246] INFO:       ⏭️  Skipped 1996643580893125: Duplicate
[2025-11-12 20:56:59,312] INFO:       ⏭️  Skipped 4200158923604827: Duplicate
[2025-11-12 20:56:59,380] INFO:       ⏭️  Skipped 3237053193118320: Duplicate
[2025-11-12 20:56:59,457] INFO:       ⏭️  Skipped 1165421041786090: Duplicate
[2025-11-12 20:56:59,524] INFO:       ⏭️  Skipped 1332803175252000: Duplicate
[2025-11-12 20:56:59,591] INFO:       ⏭️  Skipped 1356698949235939: Duplicate
[2025-11-12 20:56:59,682] INFO:       ⏭️  Skipped 1343984273540151: Duplicate
[2025-11-12 20:56:59,748] INFO:       ⏭️  Skipped 2089559951820011: Duplicate
[2025-11-12 20:56:59,748] INFO:     🔄 Iteration 2
[2025-11-12 20:56:59,749] INFO:     ⚠️  No new items found. Attempt 1/3
[2025-11-12 20:56:59,749] INFO:     📜 Scrolling to bottom and waiting...
[2025-11-12 20:57:00,487] INFO:   📊 GraphQL → 24 items
[2025-11-12 20:57:11,258] INFO:     🔄 Iteration 3
[2025-11-12 20:57:11,258] INFO:     ✅ Found 24 new items. Total: 0/100 | Total unique: 108
[2025-11-12 20:57:11,323] INFO:       ⏭️  Skipped 845592694592730: Duplicate
[2025-11-12 20:57:11,390] INFO:       ⏭️  Skipped 649613181565539: Duplicate
[2025-11-12 20:57:11,474] INFO:       ⏭️  Skipped 4079285479068173: Duplicate
[2025-11-12 20:57:11,606] INFO:       ⏭️  Skipped 1767010063866766: Duplicate
[2025-11-12 20:57:11,674] INFO:       ⏭️  Skipped 1161437302837830: Duplicate
[2025-11-12 20:57:11,741] INFO:       ⏭️  Skipped 25299163479699786: Duplicate
[2025-11-12 20:57:11,900] INFO:       ⏭️  Skipped 842869248116020: Duplicate
[2025-11-12 20:57:11,973] INFO:       ⏭️  Skipped 811648921497685: Duplicate
[2025-11-12 20:57:12,074] INFO:       ⏭️  Skipped 1712179912783068: Duplicate
[2025-11-12 20:57:12,146] INFO:       ⏭️  Skipped 1357479955762941: Duplicate
[2025-11-12 20:57:12,240] INFO:       ⏭️  Skipped 4364662043807658: Duplicate
[2025-11-12 20:57:12,357] INFO:       ⏭️  Skipped 2064374574376417: Duplicate
[2025-11-12 20:57:12,424] INFO:       ⏭️  Skipped 24918229847834585: Duplicate
[2025-11-12 20:57:12,491] INFO:       ⏭️  Skipped 1397369008671703: Duplicate
[2025-11-12 20:57:12,624] INFO:       ⏭️  Skipped 1898680017661508: Duplicate
[2025-11-12 20:57:12,690] INFO:       ⏭️  Skipped 25005585095737198: Duplicate
[2025-11-12 20:57:12,757] INFO:       ⏭️  Skipped 1907867313413066: Duplicate
[2025-11-12 20:57:12,873] INFO:       ⏭️  Skipped 2341519326336848: Duplicate
[2025-11-12 20:57:12,940] INFO:       ⏭️  Skipped 802491352586788: Duplicate
[2025-11-12 20:57:16,626] INFO:       [20/24] Processed 820176747282037... (1/100)
[2025-11-12 20:57:16,626] INFO:       Title: INK CARTRIDGES For Canon Printer  using 570 and 571 Cartridges | Price: 40.00
[2025-11-12 20:57:16,690] INFO:       ⏭️  Skipped 1362971471954146: Duplicate
[2025-11-12 20:57:16,756] INFO:       ⏭️  Skipped 832862975878515: Duplicate
[2025-11-12 20:57:16,823] INFO:       ⏭️  Skipped 792299093801756: Duplicate
[2025-11-12 20:57:16,905] INFO:       ⏭️  Skipped 1370910101214537: Duplicate
[2025-11-12 20:57:16,906] INFO:     🔄 Iteration 4
[2025-11-12 20:57:16,906] INFO:     ⚠️  No new items found. Attempt 1/3
[2025-11-12 20:57:16,906] INFO:     📜 Scrolling to bottom and waiting...
[2025-11-12 20:57:17,819] INFO:   📊 GraphQL → 23 items
[2025-11-12 20:57:28,410] INFO:     🔄 Iteration 5
[2025-11-12 20:57:28,411] INFO:     ✅ Found 23 new items. Total: 1/100 | Total unique: 109
[2025-11-12 20:57:28,473] INFO:       ⏭️  Skipped 1213075990872284: Duplicate
[2025-11-12 20:57:28,539] INFO:       ⏭️  Skipped 25015282818100616: Duplicate
[2025-11-12 20:57:28,605] INFO:       ⏭️  Skipped 1947766232449507: Duplicate
[2025-11-12 20:57:28,688] INFO:       ⏭️  Skipped 1580667719778744: Duplicate
[2025-11-12 20:57:28,756] INFO:       ⏭️  Skipped 1316724486435641: Duplicate
[2025-11-12 20:57:28,839] INFO:       ⏭️  Skipped 826237803464638: Duplicate
[2025-11-12 20:57:28,939] INFO:       ⏭️  Skipped 2005787683540037: Duplicate
[2025-11-12 20:57:29,007] INFO:       ⏭️  Skipped 695989156887288: Duplicate
[2025-11-12 20:57:29,073] INFO:       ⏭️  Skipped 1041704031369989: Duplicate
[2025-11-12 20:57:29,156] INFO:       ⏭️  Skipped 4308290512832118: Duplicate
[2025-11-12 20:57:29,240] INFO:       ⏭️  Skipped 1031578899093719: Duplicate
[2025-11-12 20:57:29,323] INFO:       ⏭️  Skipped 820043943962063: Duplicate
[2025-11-12 20:57:29,407] INFO:       ⏭️  Skipped 1368016338252688: Duplicate
[2025-11-12 20:57:29,474] INFO:       ⏭️  Skipped 846624017875744: Duplicate
[2025-11-12 20:57:29,542] INFO:       ⏭️  Skipped 1377635170643776: Duplicate
[2025-11-12 20:57:29,640] INFO:       ⏭️  Skipped 1951389322926735: Duplicate
[2025-11-12 20:57:29,723] INFO:       ⏭️  Skipped 828966139833370: Duplicate
[2025-11-12 20:57:29,806] INFO:       ⏭️  Skipped 2253659958393091: Duplicate
[2025-11-12 20:57:29,873] INFO:       ⏭️  Skipped 850131994638938: Duplicate
[2025-11-12 20:57:29,940] INFO:       ⏭️  Skipped 1380239786871615: Duplicate
[2025-11-12 20:57:30,006] INFO:       ⏭️  Skipped 690235447104618: Duplicate
[2025-11-12 20:57:30,090] INFO:       ⏭️  Skipped 2043500243052481: Duplicate
[2025-11-12 20:57:30,173] INFO:       ⏭️  Skipped 1614278496649891: Duplicate
[2025-11-12 20:57:30,174] INFO:     🔄 Iteration 6
[2025-11-12 20:57:30,174] INFO:     ⚠️  No new items found. Attempt 1/3
[2025-11-12 20:57:30,174] INFO:     📜 Scrolling to bottom and waiting...
[2025-11-12 20:57:41,685] INFO:     🔄 Iteration 7
[2025-11-12 20:57:41,685] INFO:     ⚠️  No new items found. Attempt 2/3
[2025-11-12 20:57:41,685] INFO:     📜 Scrolling to bottom and waiting...
[2025-11-12 20:57:53,196] INFO:     🔄 Iteration 8
[2025-11-12 20:57:53,196] INFO:     ⚠️  No new items found. Attempt 3/3
[2025-11-12 20:57:53,196] INFO:     ❌ No new items after 3 attempts. Stopping.
[2025-11-12 20:57:53,196] INFO:   ⏳ Final wait for responses...
[2025-11-12 20:58:08,198] INFO: ✅ Scraped 1 items from London
[2025-11-12 20:58:08,199] INFO: 
================================================================================
[2025-11-12 20:58:08,199] INFO: ✅ SCRAPING COMPLETE!
[2025-11-12 20:58:08,199] INFO: 📊 Total unique listings scraped: 109
[2025-11-12 20:58:08,199] INFO: ================================================================================
[2025-11-12 20:58:08,578] INFO: Task completed successfully
