[2025-11-12 09:33:07,505] INFO: Task received by worker
[2025-11-12 09:33:07,506] INFO: Starting task: Facebook Marketplace Scraper
[2025-11-12 09:33:07,507] DEBUG: Input data: {
  "cities": [
    "berlin"
  ],
  "query": "Canon Printer Cartridge",
  "last_n_days": 7,
  "listings_per_city": 100
}
[2025-11-12 09:33:07,511] INFO: AADSASDASDASDASDASSDFSDFSDKFHSDKJFHKDSHKJHkjhjhkjhkj
[2025-11-12 09:33:07,512] INFO: Scraping 1 city(s): berlin
[2025-11-12 09:33:07,514] INFO: ================================================================================
[2025-11-12 09:33:07,514] INFO: 🚀 FACEBOOK MARKETPLACE SCRAPER
[2025-11-12 09:33:07,514] INFO: ================================================================================
[2025-11-12 09:33:07,514] INFO: 📋 Configuration:
[2025-11-12 09:33:07,515] INFO:    Query: "Canon Printer Cartridge"
[2025-11-12 09:33:07,515] INFO:    Cities: berlin
[2025-11-12 09:33:07,515] INFO:    Days: 7
[2025-11-12 09:33:07,515] INFO:    Listings per city: 100
[2025-11-12 09:33:07,515] INFO:    Cookies file: Facebook Marketplace Scraper - 130 (STARTED)
[2025-11-12 09:33:07,515] INFO: ================================================================================
[2025-11-12 09:33:07,515] INFO: self.run.result_file_path
[2025-11-12 09:33:07,515] INFO: scripts_results/3/run_130.json
[2025-11-12 09:33:07,521] INFO: Task completed successfully
