[2025-11-15 00:27:30,643] INFO: Task received by worker
[2025-11-15 00:27:30,644] INFO: Starting task: Facebook Marketplace Scraper
[2025-11-15 00:27:30,644] DEBUG: Input data: {
  "cities": [
    "london"
  ],
  "query": "Canon Printer Cartridge",
  "last_n_days": 7,
  "listings_per_city": "10"
}
[2025-11-15 00:27:30,646] INFO: Scraping 1 city(s): london
[2025-11-15 00:27:30,647] INFO: ================================================================================
[2025-11-15 00:27:30,647] INFO: 🚀 FACEBOOK MARKETPLACE SCRAPER
[2025-11-15 00:27:30,648] INFO: ================================================================================
[2025-11-15 00:27:30,648] INFO: 📋 Configuration:
[2025-11-15 00:27:30,648] INFO:    Query: "Canon Printer Cartridge"
[2025-11-15 00:27:30,648] INFO:    Cities: london
[2025-11-15 00:27:30,648] INFO:    Days: 7
[2025-11-15 00:27:30,648] INFO:    Listings per city: 10
[2025-11-15 00:27:30,648] INFO:    Cookies file: Facebook Marketplace Scraper - 202 (STARTED)
[2025-11-15 00:27:30,648] INFO: ================================================================================
[2025-11-15 00:27:31,184] INFO: 
🔐 LOGIN PROCESS
[2025-11-15 00:27:31,185] INFO: --------------------------------------------------------------------------------
[2025-11-15 00:27:31,191] INFO: ✅ Cookies loaded. Checking session...
[2025-11-15 00:27:44,544] INFO: ✅ Session is valid.
[2025-11-15 00:27:44,545] INFO: 
🌍 SCRAPING CITIES
[2025-11-15 00:27:44,545] INFO: --------------------------------------------------------------------------------
[2025-11-15 00:27:44,545] INFO: 
📍 City 1/1: London
[2025-11-15 00:27:44,545] INFO: --------------------------------------------------------------------------------
[2025-11-15 00:27:44,545] INFO: 🔗 URL: https://www.facebook.com/marketplace/london/search?daysSinceListed=7&sortBy=best_match&query=Canon%20Printer%20Cartridge
[2025-11-15 00:27:44,609] INFO: ⏳ Loading marketplace page...
[2025-11-15 00:27:45,876] INFO:   ⏳ Scraping up to 10 listings...
[2025-11-15 00:27:46,100] INFO:   📄 HTML → 24 items
[2025-11-15 00:28:03,414] INFO:   ⏳ Scraping up to 10 listings...
