[2025-11-11 15:50:50,961] INFO: Task received by worker
[2025-11-11 15:50:50,962] INFO: Starting task: Facebook Marketplace Scraper
[2025-11-11 15:50:50,963] DEBUG: Input data: {
  "cities": [
    "berlin"
  ],
  "query": "Canon Printer Cartridge",
  "last_n_days": 7,
  "listings_per_city": 100
}
[2025-11-11 15:50:50,985] ERROR: Task failed: scrape_facebook_marketplace() takes 3 positional arguments but 4 were given
Traceback (most recent call last):
  File "/home/akhliddin/Desktop/ScriptifyBackend/apps/scripts/tasks.py", line 43, in execute_script_task
    result = scrape_facebook_marketplace(run_id, input_data, logger)
             ^^^^^^^^^^^^^^^^^^^^^^^^^^^^^^^^^^^^^^^^^^^^^^^^^^^^^^^
  File "/home/akhliddin/Desktop/ScriptifyBackend/venv/lib/python3.12/site-packages/celery/local.py", line 182, in __call__
    return self._get_current_object()(*a, **kw)
           ^^^^^^^^^^^^^^^^^^^^^^^^^^^^^^^^^^^^
  File "/home/akhliddin/Desktop/ScriptifyBackend/venv/lib/python3.12/site-packages/celery/app/trace.py", line 737, in __protected_call__
    return orig(self, *args, **kwargs)
           ^^^^^^^^^^^^^^^^^^^^^^^^^^^
  File "/home/akhliddin/Desktop/ScriptifyBackend/venv/lib/python3.12/site-packages/celery/app/task.py", line 411, in __call__
    return self.run(*args, **kwargs)
           ^^^^^^^^^^^^^^^^^^^^^^^^^
TypeError: scrape_facebook_marketplace() takes 3 positional arguments but 4 were given

