[2025-11-12 19:42:40,658] INFO: Task received by worker
[2025-11-12 19:42:40,659] INFO: Starting task: Facebook Marketplace Scraper
[2025-11-12 19:42:40,659] DEBUG: Input data: {
  "cities": [
    "london"
  ],
  "query": "Canon Printer Cartridge",
  "last_n_days": 7,
  "listings_per_city": 100
}
[2025-11-12 19:42:40,662] INFO: AADSASDASDASDASDASSDFSDFSDKFHSDKJFHKDSHKJHkjhjhkjhkj
[2025-11-12 19:42:40,662] INFO: Scraping 1 city(s): london
[2025-11-12 19:42:40,663] INFO: ================================================================================
[2025-11-12 19:42:40,664] INFO: 🚀 FACEBOOK MARKETPLACE SCRAPER
[2025-11-12 19:42:40,664] INFO: ================================================================================
[2025-11-12 19:42:40,664] INFO: 📋 Configuration:
[2025-11-12 19:42:40,664] INFO:    Query: "Canon Printer Cartridge"
[2025-11-12 19:42:40,664] INFO:    Cities: london
[2025-11-12 19:42:40,664] INFO:    Days: 7
[2025-11-12 19:42:40,664] INFO:    Listings per city: 100
[2025-11-12 19:42:40,664] INFO:    Cookies file: Facebook Marketplace Scraper - 151 (STARTED)
[2025-11-12 19:42:40,664] INFO: ================================================================================
[2025-11-12 19:42:42,602] INFO: 
🔐 LOGIN PROCESS
[2025-11-12 19:42:42,604] INFO: --------------------------------------------------------------------------------
[2025-11-12 19:42:42,617] INFO: ✅ Cookies loaded. Checking session...
[2025-11-12 19:42:55,151] INFO: ✅ Session is valid.
[2025-11-12 19:42:55,151] INFO: 
🌍 SCRAPING CITIES
[2025-11-12 19:42:55,151] INFO: --------------------------------------------------------------------------------
[2025-11-12 19:42:55,151] INFO: 
📍 City 1/1: London
[2025-11-12 19:42:55,151] INFO: --------------------------------------------------------------------------------
[2025-11-12 19:42:55,151] INFO: 🔗 URL: https://www.facebook.com/marketplace/london/search?daysSinceListed=7&sortBy=best_match&query=Canon%20Printer%20Cartridge
[2025-11-12 19:42:55,257] INFO: ⏳ Loading marketplace page...
[2025-11-12 19:42:56,513] INFO:   ⏳ Scraping up to 100 listings...
[2025-11-12 19:42:56,796] INFO:   📄 HTML → 24 items
[2025-11-12 19:43:11,516] INFO:     🔄 Iteration 1
[2025-11-12 19:43:11,516] INFO:     ✅ Found 24 new items. Total: 0/100 | Total unique: 0
[2025-11-12 19:43:17,185] INFO:       [1/24] Processed 832326779395829... (1/100)
[2025-11-12 19:43:17,186] INFO:       Title: Canon printer | Price: 0.00
[2025-11-12 19:43:20,825] INFO:       [2/24] Processed 724021280062561... (2/100)
[2025-11-12 19:43:20,825] INFO:       Title: Genuine CANON ink cartridges for PIXMA printer (CLI-551/PGI-550) | Price: 22.00
[2025-11-12 19:43:25,357] INFO:       [3/24] Processed 1388820689325856... (3/100)
[2025-11-12 19:43:25,357] INFO:       Title: Canon - EXV 34 printer cartridges All Colours PRICE PER CARTRIDGE £25 | Price: 25.00
[2025-11-12 19:43:28,972] INFO:       [4/24] Processed 25439726585661717... (4/100)
[2025-11-12 19:43:28,973] INFO:       Title: Canon Printer Cartridge Pixma 561 XL | Price: 15.00
[2025-11-12 19:43:32,623] INFO:       [5/24] Processed 4200158923604827... (5/100)
[2025-11-12 19:43:32,623] INFO:       Title: Canon 545 XL printer cartridge | Price: 10.00
[2025-11-12 19:43:37,278] INFO:       [6/24] Processed 2634536553592425... (6/100)
[2025-11-12 19:43:37,278] INFO:       Title: Canon Printer Cartridges | Price: 12.00
[2025-11-12 19:43:41,826] INFO:       [7/24] Processed 1409378457250684... (7/100)
[2025-11-12 19:43:41,827] INFO:       Title: Canon SELPHY Square mini photo printer with brand new ink cartridge | Price: 90.00
[2025-11-12 19:43:45,340] INFO:       [8/24] Processed 821587960580790... (8/100)
[2025-11-12 19:43:45,340] INFO:       Title: 5 x Canon Pixma multipack printer cartridges | Price: 100.00
[2025-11-12 19:43:48,940] INFO:       [9/24] Processed 1554036418929335... (9/100)
[2025-11-12 19:43:48,940] INFO:       Title: Canon Printer Cartridge XL 540 | Price: 15.00
[2025-11-12 19:43:54,475] INFO:       [10/24] Processed 1533404871411826... (10/100)
[2025-11-12 19:43:54,475] INFO:       Title: Canon pixma printer and black ink cartridge | Price: 35.00
[2025-11-12 19:44:00,005] INFO:       [11/24] Processed 805123005626129... (11/100)
[2025-11-12 19:44:00,006] INFO:       Title: Canon IPF6400 24” colour printer | Price: 0.00
[2025-11-12 19:44:04,607] INFO:       [12/24] Processed 1595795774739741... (12/100)
[2025-11-12 19:44:04,608] INFO:       Title: Canon Ink cartridges mixed bundle | Price: 350.00
[2025-11-12 19:44:09,256] INFO:       [13/24] Processed 804443662396158... (13/100)
[2025-11-12 19:44:09,256] INFO:       Title: 10x printer in cartridges. | Price: 20.00
[2025-11-12 19:44:13,877] INFO:       [14/24] Processed 867863309009116... (14/100)
[2025-11-12 19:44:13,877] INFO:       Title: FS: Brand New Sealed Genuine Canon Cartridge 312 Printer Black Toner for LBP3050 LBP3100 LBP3150 | Price: 20.00
[2025-11-12 19:44:17,404] INFO:       [15/24] Processed 932832663238117... (15/100)
[2025-11-12 19:44:17,404] INFO:       Title: Canon Pixma TS3355 Printer | Price: 20.00
[2025-11-12 19:44:21,039] INFO:       [16/24] Processed 1802585840390656... (16/100)
[2025-11-12 19:44:21,039] INFO:       Title: Two Empty Ink Canon Printer Cartridges . (Collect Brentford Tw8 0de) | Price: 3.00
[2025-11-12 19:44:25,742] INFO:       [17/24] Processed 1165421041786090... (17/100)
[2025-11-12 19:44:25,742] INFO:       Title: Ink Cartridges - Canon | Price: 10.00
[2025-11-12 19:44:30,302] INFO:       [18/24] Processed 1996643580893125... (18/100)
[2025-11-12 19:44:30,302] INFO:       Title: Canon imageprograf PRO-300 printer | Price: 200.00
[2025-11-12 19:44:34,835] INFO:       [19/24] Processed 1332803175252000... (19/100)
[2025-11-12 19:44:34,835] INFO:       Title: Printer Ink Cartridges | Price: 5.00
[2025-11-12 19:44:38,350] INFO:       [20/24] Processed 1522001412469948... (20/100)
[2025-11-12 19:44:38,350] INFO:       Title: Canon Pixma MP495 Printer and Ink Cartridges | Price: 20.00
[2025-11-12 19:44:41,858] INFO:       [21/24] Processed 2089559951820011... (21/100)
[2025-11-12 19:44:41,858] INFO:       Title: PRINTER CARTRIDGES | Price: 20.00
[2025-11-12 19:44:46,342] INFO:       [22/24] Processed 1343984273540151... (22/100)
[2025-11-12 19:44:46,342] INFO:       Title: Canon Printer Ink Cartridges x12 (All Black) | Price: 20.00
[2025-11-12 19:44:49,975] INFO:       [23/24] Processed 845592694592730... (23/100)
[2025-11-12 19:44:49,975] INFO:       Title: Cannon printer ink cartridges | Price: 25.00
[2025-11-12 19:44:53,623] INFO:       [24/24] Processed 3237053193118320... (24/100)
[2025-11-12 19:44:53,623] INFO:       Title: Cannon Ink Cartridges - free to collect | Price: 0.00
[2025-11-12 19:44:53,623] INFO:     🔄 Iteration 2
[2025-11-12 19:44:53,623] INFO:     ⚠️  No new items found. Attempt 1/3
[2025-11-12 19:44:53,623] INFO:     📜 Scrolling to bottom and waiting...
[2025-11-12 19:44:54,235] INFO:   📊 GraphQL → 24 items
[2025-11-12 19:44:55,355] INFO:   📊 GraphQL → 23 items
[2025-11-12 19:45:05,131] INFO:     🔄 Iteration 3
[2025-11-12 19:45:05,131] INFO:     ✅ Found 47 new items. Total: 24/100 | Total unique: 24
[2025-11-12 19:45:08,690] INFO:       [1/47] Processed 1107790084761646... (25/100)
[2025-11-12 19:45:08,690] INFO:       Title: Box of 25 Canon CLI-526 Cyan, Magenta, Yellow, and Key (Black) Printer Ink Cartridges | Price: 15.00
[2025-11-12 19:45:12,342] INFO:       [2/47] Processed 820176747282037... (26/100)
[2025-11-12 19:45:12,343] INFO:       Title: INK CARTRIDGES For Canon Printer  using 570 and 571 Cartridges | Price: 40.00
[2025-11-12 19:45:17,140] INFO:       [3/47] Processed 792299093801756... (27/100)
[2025-11-12 19:45:17,140] INFO:       Title: Canon Printer MG3150 Colour Photo Printer Used working - no power lead no cartridges. | Price: 10.00
[2025-11-12 19:45:22,708] INFO:       [4/47] Processed 1346914177100437... (28/100)
[2025-11-12 19:45:22,708] INFO:       Title: Canon MP490 All-in-One Inkjet Printer + lots of ink cartridges | Price: 50.00
[2025-11-12 19:45:27,280] INFO:       [5/47] Processed 4400003950220063... (29/100)
[2025-11-12 19:45:27,280] INFO:       Title: Canon Printer | Price: 50.00
[2025-11-12 19:45:32,992] INFO:       [6/47] Processed 3266361300198687... (30/100)
[2025-11-12 19:45:32,993] INFO:       Title: Canon replacement colour ink | Price: 7.00
[2025-11-12 19:45:36,651] INFO:       [7/47] Processed 1898680017661508... (31/100)
[2025-11-12 19:45:36,651] INFO:       Title: Canon Multifunction Printer Scanner With Ink - £5 | Price: 5.00
[2025-11-12 19:45:41,275] INFO:       [8/47] Processed 1543534536553493... (32/100)
[2025-11-12 19:45:41,275] INFO:       Title: Canon Colour Cartridge (CL-513) 
New Original
No Posting - Collection Only
CASH ONLY AT DOOR | Price: 10.00
[2025-11-12 19:45:44,789] INFO:       [9/47] Processed 1117543573501424... (33/100)
[2025-11-12 19:45:44,789] INFO:       Title: CANON PF570/1 printer cartridges | Price: 10.00
[2025-11-12 19:45:50,307] INFO:       [10/47] Processed 835893242730509... (34/100)
[2025-11-12 19:45:50,307] INFO:       Title: Inkjet cartridges suitable for Canon printers | Price: 1.00
[2025-11-12 19:45:56,008] INFO:       [11/47] Processed 2496756177372090... (35/100)
[2025-11-12 19:45:56,008] INFO:       Title: 4x 13ml C526 Ink Cartridges From Cartridge Save For Canon Printer | Price: 10.00
[2025-11-12 19:45:59,575] INFO:       [12/47] Processed 651067787942053... (36/100)
[2025-11-12 19:45:59,575] INFO:       Title: Genuine Epson ink cartridges | Price: 10.00
[2025-11-12 19:46:05,175] INFO:       [13/47] Processed 1881933909199971... (37/100)
[2025-11-12 19:46:05,175] INFO:       Title: Canon Pixma MX495 INKJET PRINTER | Price: 0.00
[2025-11-12 19:46:09,671] INFO:       [14/47] Processed 2254285295081869... (38/100)
[2025-11-12 19:46:09,679] INFO:       Title: Canon QY6-0082 Print head and ink cartridges | Price: 15.00
[2025-11-12 19:46:14,290] INFO:       [15/47] Processed 2349034075529669... (39/100)
[2025-11-12 19:46:14,290] INFO:       Title: Black & Colour refurbished Canon ink cartridges | Price: 15.00
[2025-11-12 19:46:19,926] INFO:       [16/47] Processed 1463298951405998... (40/100)
[2025-11-12 19:46:19,926] INFO:       Title: Cannon printer cartridge | Price: 20.00
[2025-11-12 19:46:25,506] INFO:       [17/47] Processed 819359297517915... (41/100)
[2025-11-12 19:46:25,506] INFO:       Title: Fantastic canon ts5151 with no ink cartridge | Price: 35.00
[2025-11-12 19:46:30,064] INFO:       [18/47] Processed 837074238871635... (42/100)
[2025-11-12 19:46:30,064] INFO:       Title: Cannon fax machine/printer/photocopier | Price: 100.00
[2025-11-12 19:46:34,619] INFO:       [19/47] Processed 4227006190880224... (43/100)
[2025-11-12 19:46:34,619] INFO:       Title: Printer ink cartridges | Price: 2.00
[2025-11-12 19:46:38,347] INFO:       [20/47] Processed 25015282818100616... (44/100)
[2025-11-12 19:46:38,347] INFO:       Title: Canon Printer | Price: 10.00
[2025-11-12 19:46:43,890] INFO:       [21/47] Processed 2283700612058112... (45/100)
[2025-11-12 19:46:43,890] INFO:       Title: Original new Canon 521 black ink cartridges cost £17 each selling for £5 | Price: 5.00
[2025-11-12 19:46:49,533] INFO:       [22/47] Processed 827568980231457... (46/100)
[2025-11-12 19:46:49,533] INFO:       Title: Cannon MG3050 Printer / Scanner (with ink) | Price: 30.00
[2025-11-12 19:46:53,233] INFO:       [23/47] Processed 1342491731006530... (47/100)
[2025-11-12 19:46:53,233] INFO:       Title: Canon DCP J4120DW Colour Printer | Price: 40.00
[2025-11-12 19:46:58,822] INFO:       [24/47] Processed 785202961005297... (48/100)
[2025-11-12 19:46:58,822] INFO:       Title: HP Inkjet cartridge - Tri colour official | Price: 5.00
[2025-11-12 19:47:04,321] INFO:       [25/47] Processed 1041704031369989... (49/100)
[2025-11-12 19:47:04,321] INFO:       Title: Cannon printer/scanner | Price: 10.00
[2025-11-12 19:47:08,920] INFO:       [26/47] Processed 1316724486435641... (50/100)
[2025-11-12 19:47:08,921] INFO:       Title: Canon Selphy Compact Photo Printer | Price: 95.00
[2025-11-12 19:47:14,492] INFO:       [27/47] Processed 1888079798754394... (51/100)
[2025-11-12 19:47:14,492] INFO:       Title: Canon Printer MG3650S with 2 black ink cartridges | Price: 40.00
[2025-11-12 19:47:17,997] INFO:       [28/47] Processed 695989156887288... (52/100)
[2025-11-12 19:47:17,997] INFO:       Title: Canon Printer Ink 550 PGBK XL | Price: 12.00
[2025-11-12 19:47:23,583] INFO:       [29/47] Processed 1344436397378512... (53/100)
[2025-11-12 19:47:23,584] INFO:       Title: Wilko printer cartridge canon CLI-571XL | Price: 10.00
[2025-11-12 19:47:28,183] INFO:       [30/47] Processed 1031578899093719... (54/100)
[2025-11-12 19:47:28,183] INFO:       Title: Printer, scanner, copier (Canon) & cartridges | Price: 20.00
[2025-11-12 19:47:32,825] INFO:       [31/47] Processed 1580667719778744... (55/100)
[2025-11-12 19:47:32,825] INFO:       Title: Cannon printer | Price: 55.00
[2025-11-12 19:47:38,466] INFO:       [32/47] Processed 826237803464638... (56/100)
[2025-11-12 19:47:38,466] INFO:       Title: Canon Pixma MG4250 4 in 1 Printer | Price: 35.00
[2025-11-12 19:47:44,085] INFO:       [33/47] Processed 1213075990872284... (57/100)
[2025-11-12 19:47:44,085] INFO:       Title: Wolfgray PGI 580XXL Printer Cartridges Compatible with Canon | Price: 10.00
[2025-11-12 19:47:49,584] INFO:       [34/47] Processed 1947766232449507... (58/100)
[2025-11-12 19:47:49,584] INFO:       Title: Canon IP7250 pixima printer | Price: 20.00
[2025-11-12 19:47:53,205] INFO:       [35/47] Processed 2005787683540037... (59/100)
[2025-11-12 19:47:53,205] INFO:       Title: Canon printer MG2551S | Price: 40.00
[2025-11-12 19:47:57,729] INFO:       [36/47] Processed 820043943962063... (60/100)
[2025-11-12 19:47:57,729] INFO:       Title: Canon Printer Ink 551 Black XL | Price: 12.00
[2025-11-12 19:48:03,222] INFO:       [37/47] Processed 846624017875744... (61/100)
[2025-11-12 19:48:03,222] INFO:       Title: Colour Direct Compatible Ink Cartridges Replacement for Canon PIXMA MG and TS series printers | Price: 15.00
[2025-11-12 19:48:07,762] INFO:       [38/47] Processed 1368016338252688... (62/100)
[2025-11-12 19:48:07,762] INFO:       Title: Canon Pixma 560 black ink cartridge | Price: 10.00
[2025-11-12 19:48:11,329] INFO:       [39/47] Processed 1380239786871615... (63/100)
[2025-11-12 19:48:11,329] INFO:       Title: Ink cartridges for Canon printer. Not suitable for my printer. | Price: 10.00
[2025-11-12 19:48:16,947] INFO:       [40/47] Processed 1377635170643776... (64/100)
[2025-11-12 19:48:16,947] INFO:       Title: Printer Cannon LPB 2900i. Black and White | Price: 20.00
[2025-11-12 19:48:20,603] INFO:       [41/47] Processed 1951389322926735... (65/100)
[2025-11-12 19:48:20,603] INFO:       Title: A Yellow and a Cyan Canon Pixma 551 XL Ink Cartridges, new and unopened | Price: 15.00
[2025-11-12 19:48:26,315] INFO:       [42/47] Processed 828966139833370... (66/100)
[2025-11-12 19:48:26,315] INFO:       Title: Canon PIXMA Wireless ink jet printer, MG3650s | Price: 25.00
[2025-11-12 19:48:31,903] INFO:       [43/47] Processed 850131994638938... (67/100)
[2025-11-12 19:48:31,903] INFO:       Title: Canon black ink 540 | Price: 15.00
[2025-11-12 19:48:36,385] INFO:       [44/47] Processed 2253659958393091... (68/100)
[2025-11-12 19:48:36,385] INFO:       Title: Canon Printer Ink 551 Black Standard | Price: 5.00
[2025-11-12 19:48:40,998] INFO:       [45/47] Processed 2043500243052481... (69/100)
[2025-11-12 19:48:40,998] INFO:       Title: Canon pixma mx420 + genuine canon colour ink cartridge | Price: 25.00
[2025-11-12 19:48:45,642] INFO:       [46/47] Processed 1202197065150153... (70/100)
[2025-11-12 19:48:45,642] INFO:       Title: Laser Toner Cartridge HP | Price: 20.00
[2025-11-12 19:48:50,264] INFO:       [47/47] Processed 1145683171049317... (71/100)
[2025-11-12 19:48:50,264] INFO:       Title: Printer - Canon Pixma ip7250 | Price: 50.00
[2025-11-12 19:48:50,264] INFO:     🔄 Iteration 4
[2025-11-12 19:48:50,264] INFO:     ⚠️  No new items found. Attempt 1/3
[2025-11-12 19:48:50,264] INFO:     📜 Scrolling to bottom and waiting...
[2025-11-12 19:49:01,770] INFO:     🔄 Iteration 5
[2025-11-12 19:49:01,770] INFO:     ⚠️  No new items found. Attempt 2/3
[2025-11-12 19:49:01,770] INFO:     📜 Scrolling to bottom and waiting...
[2025-11-12 19:49:13,281] INFO:     🔄 Iteration 6
[2025-11-12 19:49:13,281] INFO:     ⚠️  No new items found. Attempt 3/3
[2025-11-12 19:49:13,281] INFO:     ❌ No new items after 3 attempts. Stopping.
[2025-11-12 19:49:13,281] INFO:   ⏳ Final wait for responses...
[2025-11-12 19:49:28,289] INFO: ✅ Scraped 71 items from London
[2025-11-12 19:49:28,289] INFO: 
================================================================================
[2025-11-12 19:49:28,289] INFO: ✅ SCRAPING COMPLETE!
[2025-11-12 19:49:28,289] INFO: 📊 Total unique listings scraped: 71
[2025-11-12 19:49:28,289] INFO: ================================================================================
[2025-11-12 19:49:28,563] INFO: Task completed successfully
