[2025-11-12 18:02:41,097] INFO: Task received by worker
[2025-11-12 18:02:41,098] INFO: Starting task: Facebook Marketplace Scraper
[2025-11-12 18:02:41,098] DEBUG: Input data: {
  "cities": [
    "london"
  ],
  "query": "Canon Printer Cartridge",
  "last_n_days": 7,
  "listings_per_city": 100
}
[2025-11-12 18:02:41,105] INFO: AADSASDASDASDASDASSDFSDFSDKFHSDKJFHKDSHKJHkjhjhkjhkj
[2025-11-12 18:02:41,105] INFO: Scraping 1 city(s): london
[2025-11-12 18:02:41,106] INFO: ================================================================================
[2025-11-12 18:02:41,106] INFO: 🚀 FACEBOOK MARKETPLACE SCRAPER
[2025-11-12 18:02:41,106] INFO: ================================================================================
[2025-11-12 18:02:41,106] INFO: 📋 Configuration:
[2025-11-12 18:02:41,106] INFO:    Query: "Canon Printer Cartridge"
[2025-11-12 18:02:41,106] INFO:    Cities: london
[2025-11-12 18:02:41,107] INFO:    Days: 7
[2025-11-12 18:02:41,107] INFO:    Listings per city: 100
[2025-11-12 18:02:41,107] INFO:    Cookies file: Facebook Marketplace Scraper - 148 (STARTED)
[2025-11-12 18:02:41,107] INFO: ================================================================================
[2025-11-12 18:02:42,986] INFO: 
🔐 LOGIN PROCESS
[2025-11-12 18:02:42,986] INFO: --------------------------------------------------------------------------------
[2025-11-12 18:02:42,996] INFO: ✅ Cookies loaded. Checking session...
[2025-11-12 18:02:57,543] INFO: ✅ Session is valid.
[2025-11-12 18:02:57,543] INFO: 
🌍 SCRAPING CITIES
[2025-11-12 18:02:57,543] INFO: --------------------------------------------------------------------------------
[2025-11-12 18:02:57,543] INFO: 
📍 City 1/1: London
[2025-11-12 18:02:57,543] INFO: --------------------------------------------------------------------------------
[2025-11-12 18:02:57,543] INFO: 🔗 URL: https://www.facebook.com/marketplace/london/search?daysSinceListed=7&sortBy=best_match&query=Canon%20Printer%20Cartridge
[2025-11-12 18:02:57,823] INFO: ⏳ Loading marketplace page...
[2025-11-12 18:03:00,243] INFO:   ⏳ Scraping up to 100 listings...
[2025-11-12 18:03:00,552] INFO:   📄 HTML → 24 items
[2025-11-12 18:03:15,246] INFO:     🔄 Iteration 1
[2025-11-12 18:03:15,246] INFO:     ✅ Found 24 new items. Total: 0/100 | Total unique: 0
[2025-11-12 18:03:20,983] INFO:       [1/24] Processed 832326779395829... (1/100)
[2025-11-12 18:03:20,983] INFO:       Title: Canon printer | Price: 0.00
[2025-11-12 18:03:25,113] INFO:       [2/24] Processed 1554036418929335... (2/100)
[2025-11-12 18:03:25,113] INFO:       Title: Canon Printer Cartridge XL 540 | Price: 15.00
[2025-11-12 18:03:30,761] INFO:       [3/24] Processed 2634536553592425... (3/100)
[2025-11-12 18:03:30,761] INFO:       Title: Canon Printer Cartridges | Price: 12.00
[2025-11-12 18:03:34,428] INFO:       [4/24] Processed 25439726585661717... (4/100)
[2025-11-12 18:03:34,428] INFO:       Title: Canon Printer Cartridge Pixma 561 XL | Price: 15.00
[2025-11-12 18:03:38,043] INFO:       [5/24] Processed 1388820689325856... (5/100)
[2025-11-12 18:03:38,043] INFO:       Title: Canon - EXV 34 printer cartridges All Colours PRICE PER CARTRIDGE £25 | Price: 25.00
[2025-11-12 18:03:43,647] INFO:       [6/24] Processed 724021280062561... (6/100)
[2025-11-12 18:03:43,647] INFO:       Title: Genuine CANON ink cartridges for PIXMA printer (CLI-551/PGI-550) | Price: 22.00
[2025-11-12 18:03:48,258] INFO:       [7/24] Processed 4200158923604827... (7/100)
[2025-11-12 18:03:48,259] INFO:       Title: Canon 545 XL printer cartridge | Price: 10.00
[2025-11-12 18:03:51,809] INFO:       [8/24] Processed 821587960580790... (8/100)
[2025-11-12 18:03:51,809] INFO:       Title: 5 x Canon Pixma multipack printer cartridges | Price: 100.00
[2025-11-12 18:03:57,377] INFO:       [9/24] Processed 1802585840390656... (9/100)
[2025-11-12 18:03:57,377] INFO:       Title: Two Empty Ink Canon Printer Cartridges . (Collect Brentford Tw8 0de) | Price: 3.00
[2025-11-12 18:04:03,009] INFO:       [10/24] Processed 932832663238117... (10/100)
[2025-11-12 18:04:03,009] INFO:       Title: Canon Pixma TS3355 Printer | Price: 20.00
[2025-11-12 18:04:07,546] INFO:       [11/24] Processed 867863309009116... (11/100)
[2025-11-12 18:04:07,546] INFO:       Title: FS: Brand New Sealed Genuine Canon Cartridge 312 Printer Black Toner for LBP3050 LBP3100 LBP3150 | Price: 20.00
[2025-11-12 18:04:13,164] INFO:       [12/24] Processed 1533404871411826... (12/100)
[2025-11-12 18:04:13,164] INFO:       Title: Canon pixma printer and black ink cartridge | Price: 35.00
[2025-11-12 18:04:17,758] INFO:       [13/24] Processed 1996643580893125... (13/100)
[2025-11-12 18:04:17,758] INFO:       Title: Canon imageprograf PRO-300 printer | Price: 200.00
[2025-11-12 18:04:22,373] INFO:       [14/24] Processed 1595795774739741... (14/100)
[2025-11-12 18:04:22,374] INFO:       Title: Canon Ink cartridges mixed bundle | Price: 350.00
[2025-11-12 18:04:26,023] INFO:       [15/24] Processed 805123005626129... (15/100)
[2025-11-12 18:04:26,023] INFO:       Title: Canon IPF6400 24” colour printer | Price: 0.00
[2025-11-12 18:04:30,605] INFO:       [16/24] Processed 1165421041786090... (16/100)
[2025-11-12 18:04:30,605] INFO:       Title: Ink Cartridges - Canon | Price: 10.00
[2025-11-12 18:04:36,183] INFO:       [17/24] Processed 1409378457250684... (17/100)
[2025-11-12 18:04:36,183] INFO:       Title: Canon SELPHY Square mini photo printer with brand new ink cartridge | Price: 90.00
[2025-11-12 18:04:40,726] INFO:       [18/24] Processed 1332803175252000... (18/100)
[2025-11-12 18:04:40,726] INFO:       Title: Printer Ink Cartridges | Price: 5.00
[2025-11-12 18:04:44,398] INFO:       [19/24] Processed 1343984273540151... (19/100)
[2025-11-12 18:04:44,399] INFO:       Title: Canon Printer Ink Cartridges x12 (All Black) | Price: 20.00
[2025-11-12 18:04:49,008] INFO:       [20/24] Processed 3237053193118320... (20/100)
[2025-11-12 18:04:49,008] INFO:       Title: Cannon Ink Cartridges - free to collect | Price: 0.00
[2025-11-12 18:04:54,597] INFO:       [21/24] Processed 1522001412469948... (21/100)
[2025-11-12 18:04:54,597] INFO:       Title: Canon Pixma MP495 Printer and Ink Cartridges | Price: 20.00
[2025-11-12 18:04:59,217] INFO:       [22/24] Processed 804443662396158... (22/100)
[2025-11-12 18:04:59,218] INFO:       Title: 10x printer in cartridges. | Price: 20.00
[2025-11-12 18:05:03,810] INFO:       [23/24] Processed 25005585095737198... (23/100)
[2025-11-12 18:05:03,810] INFO:       Title: Printer ink compatible with Canon cartridges 545 and 546. 5 BRAND NEW cartridges. | Price: 12.00
[2025-11-12 18:05:08,416] INFO:       [24/24] Processed 2089559951820011... (24/100)
[2025-11-12 18:05:08,416] INFO:       Title: PRINTER CARTRIDGES | Price: 20.00
[2025-11-12 18:05:08,417] INFO:     🔄 Iteration 2
[2025-11-12 18:05:08,417] INFO:     ⚠️  No new items found. Attempt 1/3
[2025-11-12 18:05:08,417] INFO:     📜 Scrolling to bottom and waiting...
[2025-11-12 18:05:19,929] INFO:     🔄 Iteration 3
[2025-11-12 18:05:19,929] INFO:     ⚠️  No new items found. Attempt 2/3
[2025-11-12 18:05:19,929] INFO:     📜 Scrolling to bottom and waiting...
[2025-11-12 18:05:22,157] INFO:   📊 GraphQL → 23 items
[2025-11-12 18:05:31,443] INFO:     🔄 Iteration 4
[2025-11-12 18:05:31,443] INFO:     ✅ Found 23 new items. Total: 24/100 | Total unique: 24
[2025-11-12 18:05:36,040] INFO:       [1/23] Processed 827568980231457... (25/100)
[2025-11-12 18:05:36,040] INFO:       Title: Cannon MG3050 Printer / Scanner (with ink) | Price: 30.00
[2025-11-12 18:05:41,705] INFO:       [2/23] Processed 1888079798754394... (26/100)
[2025-11-12 18:05:41,705] INFO:       Title: Canon Printer MG3650S with 2 black ink cartridges | Price: 40.00
[2025-11-12 18:05:46,307] INFO:       [3/23] Processed 1316724486435641... (27/100)
[2025-11-12 18:05:46,307] INFO:       Title: Canon Selphy Compact Photo Printer | Price: 95.00
[2025-11-12 18:05:49,894] INFO:       [4/23] Processed 25015282818100616... (28/100)
[2025-11-12 18:05:49,894] INFO:       Title: Canon Printer | Price: 10.00
[2025-11-12 18:05:54,579] INFO:       [5/23] Processed 1031578899093719... (29/100)
[2025-11-12 18:05:54,580] INFO:       Title: Printer, scanner, copier (Canon) & cartridges | Price: 20.00
[2025-11-12 18:05:58,214] INFO:       [6/23] Processed 1344436397378512... (30/100)
[2025-11-12 18:05:58,214] INFO:       Title: Wilko printer cartridge canon CLI-571XL | Price: 10.00
[2025-11-12 18:06:02,730] INFO:       [7/23] Processed 1947766232449507... (31/100)
[2025-11-12 18:06:02,730] INFO:       Title: Canon IP7250 pixima printer | Price: 20.00
[2025-11-12 18:06:06,279] INFO:       [8/23] Processed 1213075990872284... (32/100)
[2025-11-12 18:06:06,279] INFO:       Title: Wolfgray PGI 580XXL Printer Cartridges Compatible with Canon | Price: 10.00
[2025-11-12 18:06:09,793] INFO:       [9/23] Processed 2005787683540037... (33/100)
[2025-11-12 18:06:09,794] INFO:       Title: Canon printer MG2551S | Price: 40.00
[2025-11-12 18:06:19,798] INFO:       ⏭️  Skipped 846624017875744: selector timeout, error: Page.wait_for_selector: Timeout 10000ms exceeded.

[2025-11-12 18:06:29,801] INFO:       ⏭️  Skipped 695989156887288: selector timeout, error: Page.wait_for_selector: Timeout 10000ms exceeded.

[2025-11-12 18:06:39,808] INFO:       ⏭️  Skipped 1580667719778744: selector timeout, error: Page.wait_for_selector: Timeout 10000ms exceeded.

[2025-11-12 18:06:49,814] INFO:       ⏭️  Skipped 2253659958393091: selector timeout, error: Page.wait_for_selector: Timeout 10000ms exceeded.

[2025-11-12 18:06:59,821] INFO:       ⏭️  Skipped 1380239786871615: selector timeout, error: Page.wait_for_selector: Timeout 10000ms exceeded.

[2025-11-12 18:07:09,825] INFO:       ⏭️  Skipped 1377635170643776: selector timeout, error: Page.wait_for_selector: Timeout 10000ms exceeded.

[2025-11-12 18:07:19,829] INFO:       ⏭️  Skipped 820043943962063: selector timeout, error: Page.wait_for_selector: Timeout 10000ms exceeded.

[2025-11-12 18:07:29,838] INFO:       ⏭️  Skipped 1951389322926735: selector timeout, error: Page.wait_for_selector: Timeout 10000ms exceeded.

[2025-11-12 18:07:39,843] INFO:       ⏭️  Skipped 1368016338252688: selector timeout, error: Page.wait_for_selector: Timeout 10000ms exceeded.

[2025-11-12 18:07:49,853] INFO:       ⏭️  Skipped 828966139833370: selector timeout, error: Page.wait_for_selector: Timeout 10000ms exceeded.

[2025-11-12 18:07:59,860] INFO:       ⏭️  Skipped 850131994638938: selector timeout, error: Page.wait_for_selector: Timeout 10000ms exceeded.

[2025-11-12 18:08:09,870] INFO:       ⏭️  Skipped 2043500243052481: selector timeout, error: Page.wait_for_selector: Timeout 10000ms exceeded.

[2025-11-12 18:08:20,002] INFO:       ⏭️  Skipped 690235447104618: selector timeout, error: Page.wait_for_selector: Timeout 10000ms exceeded.

[2025-11-12 18:08:30,007] INFO:       ⏭️  Skipped 1202197065150153: selector timeout, error: Page.wait_for_selector: Timeout 10000ms exceeded.

[2025-11-12 18:08:30,007] INFO:     🔄 Iteration 5
[2025-11-12 18:08:30,007] INFO:     ⚠️  No new items found. Attempt 1/3
[2025-11-12 18:08:30,007] INFO:     📜 Scrolling to bottom and waiting...
[2025-11-12 18:08:41,523] INFO:     🔄 Iteration 6
[2025-11-12 18:08:41,523] INFO:     ⚠️  No new items found. Attempt 2/3
[2025-11-12 18:08:41,523] INFO:     📜 Scrolling to bottom and waiting...
[2025-11-12 18:08:53,038] INFO:     🔄 Iteration 7
[2025-11-12 18:08:53,038] INFO:     ⚠️  No new items found. Attempt 3/3
[2025-11-12 18:08:53,038] INFO:     ❌ No new items after 3 attempts. Stopping.
[2025-11-12 18:08:53,038] INFO:   ⏳ Final wait for responses...
[2025-11-12 18:09:08,041] INFO: ✅ Scraped 33 items from London
[2025-11-12 18:09:08,041] INFO: 
================================================================================
[2025-11-12 18:09:08,041] INFO: ✅ SCRAPING COMPLETE!
[2025-11-12 18:09:08,041] INFO: 📊 Total unique listings scraped: 33
[2025-11-12 18:09:08,042] INFO: ================================================================================
[2025-11-12 18:09:08,261] INFO: Task completed successfully
