[2025-11-12 10:03:57,555] INFO: Task received by worker
[2025-11-12 10:03:57,556] INFO: Starting task: Facebook Marketplace Scraper
[2025-11-12 10:03:57,557] DEBUG: Input data: {
  "cities": [
    "berlin"
  ],
  "query": "Canon Printer Cartridge",
  "last_n_days": 7,
  "listings_per_city": 100
}
[2025-11-12 10:03:57,563] INFO: AADSASDASDASDASDASSDFSDFSDKFHSDKJFHKDSHKJHkjhjhkjhkj
[2025-11-12 10:03:57,563] INFO: Scraping 1 city(s): berlin
[2025-11-12 10:03:57,565] INFO: ================================================================================
[2025-11-12 10:03:57,566] INFO: 🚀 FACEBOOK MARKETPLACE SCRAPER
[2025-11-12 10:03:57,566] INFO: ================================================================================
[2025-11-12 10:03:57,566] INFO: 📋 Configuration:
[2025-11-12 10:03:57,567] INFO:    Query: "Canon Printer Cartridge"
[2025-11-12 10:03:57,567] INFO:    Cities: berlin
[2025-11-12 10:03:57,567] INFO:    Days: 7
[2025-11-12 10:03:57,567] INFO:    Listings per city: 100
[2025-11-12 10:03:57,568] INFO:    Cookies file: Facebook Marketplace Scraper - 133 (STARTED)
[2025-11-12 10:03:57,568] INFO: ================================================================================
[2025-11-12 10:04:00,078] INFO: 
🔐 LOGIN PROCESS
[2025-11-12 10:04:00,078] INFO: --------------------------------------------------------------------------------
[2025-11-12 10:04:00,096] INFO: ✅ Cookies loaded. Checking session...
[2025-11-12 10:04:12,241] INFO: ✅ Session is valid.
[2025-11-12 10:04:12,242] INFO: 
🌍 SCRAPING CITIES
[2025-11-12 10:04:12,242] INFO: --------------------------------------------------------------------------------
[2025-11-12 10:04:12,532] ERROR: Task failed: name 'CITIES' is not defined
Traceback (most recent call last):
  File "/home/akhliddin/Desktop/ScriptifyBackend/apps/scripts/tasks.py", line 46, in execute_script_task
    result = scrape_facebook_marketplace(run, script, input_data, logger, writer)
             ^^^^^^^^^^^^^^^^^^^^^^^^^^^^^^^^^^^^^^^^^^^^^^^^^^^^^^^^^^^^^^^^^^^^
  File "/home/akhliddin/Desktop/ScriptifyBackend/venv/lib/python3.12/site-packages/celery/local.py", line 182, in __call__
    return self._get_current_object()(*a, **kw)
           ^^^^^^^^^^^^^^^^^^^^^^^^^^^^^^^^^^^^
  File "/home/akhliddin/Desktop/ScriptifyBackend/venv/lib/python3.12/site-packages/celery/app/trace.py", line 737, in __protected_call__
    return orig(self, *args, **kwargs)
           ^^^^^^^^^^^^^^^^^^^^^^^^^^^
  File "/home/akhliddin/Desktop/ScriptifyBackend/venv/lib/python3.12/site-packages/celery/app/task.py", line 411, in __call__
    return self.run(*args, **kwargs)
           ^^^^^^^^^^^^^^^^^^^^^^^^^
  File "/home/akhliddin/Desktop/ScriptifyBackend/apps/scripts/tasks.py", line 193, in scrape_facebook_marketplace
    return facebook_scraper.start_scraping()
           ^^^^^^^^^^^^^^^^^^^^^^^^^^^^^^^^^
  File "/home/akhliddin/Desktop/ScriptifyBackend/apps/scripts/facebook_scraper/facebook_scraper_main.py", line 166, in start_scraping
    return asyncio.run(self._async_main())
           ^^^^^^^^^^^^^^^^^^^^^^^^^^^^^^^
  File "/usr/lib/python3.12/asyncio/runners.py", line 194, in run
    return runner.run(main)
           ^^^^^^^^^^^^^^^^
  File "/usr/lib/python3.12/asyncio/runners.py", line 118, in run
    return self._loop.run_until_complete(task)
           ^^^^^^^^^^^^^^^^^^^^^^^^^^^^^^^^^^^
  File "/usr/lib/python3.12/asyncio/base_events.py", line 687, in run_until_complete
    return future.result()
           ^^^^^^^^^^^^^^^
  File "/home/akhliddin/Desktop/ScriptifyBackend/apps/scripts/facebook_scraper/facebook_scraper_main.py", line 119, in _async_main
    self.logger.info(f"\n📍 City {city_idx}/{len(CITIES)}: {city.title()}")
                                                 ^^^^^^
NameError: name 'CITIES' is not defined

