[2025-11-12 09:52:03,277] INFO: Task received by worker
[2025-11-12 09:52:03,278] INFO: Starting task: Facebook Marketplace Scraper
[2025-11-12 09:52:03,278] DEBUG: Input data: {
  "cities": [
    "berlin"
  ],
  "query": "Canon Printer Cartridge",
  "last_n_days": 7,
  "listings_per_city": 100
}
[2025-11-12 09:52:03,282] INFO: AADSASDASDASDASDASSDFSDFSDKFHSDKJFHKDSHKJHkjhjhkjhkj
[2025-11-12 09:52:03,283] INFO: Scraping 1 city(s): berlin
[2025-11-12 09:52:03,285] INFO: ================================================================================
[2025-11-12 09:52:03,285] INFO: 🚀 FACEBOOK MARKETPLACE SCRAPER
[2025-11-12 09:52:03,286] INFO: ================================================================================
[2025-11-12 09:52:03,286] INFO: 📋 Configuration:
[2025-11-12 09:52:03,287] INFO:    Query: "Canon Printer Cartridge"
[2025-11-12 09:52:03,287] INFO:    Cities: berlin
[2025-11-12 09:52:03,288] INFO:    Days: 7
[2025-11-12 09:52:03,288] INFO:    Listings per city: 100
[2025-11-12 09:52:03,288] INFO:    Cookies file: Facebook Marketplace Scraper - 131 (STARTED)
[2025-11-12 09:52:03,288] INFO: ================================================================================
[2025-11-12 09:52:07,122] INFO: 
🔐 LOGIN PROCESS
[2025-11-12 09:52:07,127] INFO: --------------------------------------------------------------------------------
[2025-11-12 09:52:07,396] ERROR: Task failed: 'Run' object has no attribute 'cookies_file_path'
Traceback (most recent call last):
  File "/home/akhliddin/Desktop/ScriptifyBackend/apps/scripts/tasks.py", line 46, in execute_script_task
    result = scrape_facebook_marketplace(run, script, input_data, logger, writer)
             ^^^^^^^^^^^^^^^^^^^^^^^^^^^^^^^^^^^^^^^^^^^^^^^^^^^^^^^^^^^^^^^^^^^^
  File "/home/akhliddin/Desktop/ScriptifyBackend/venv/lib/python3.12/site-packages/celery/local.py", line 182, in __call__
    return self._get_current_object()(*a, **kw)
           ^^^^^^^^^^^^^^^^^^^^^^^^^^^^^^^^^^^^
  File "/home/akhliddin/Desktop/ScriptifyBackend/venv/lib/python3.12/site-packages/celery/app/trace.py", line 737, in __protected_call__
    return orig(self, *args, **kwargs)
           ^^^^^^^^^^^^^^^^^^^^^^^^^^^
  File "/home/akhliddin/Desktop/ScriptifyBackend/venv/lib/python3.12/site-packages/celery/app/task.py", line 411, in __call__
    return self.run(*args, **kwargs)
           ^^^^^^^^^^^^^^^^^^^^^^^^^
  File "/home/akhliddin/Desktop/ScriptifyBackend/apps/scripts/tasks.py", line 193, in scrape_facebook_marketplace
    return facebook_scraper.start_scraping()
           ^^^^^^^^^^^^^^^^^^^^^^^^^^^^^^^^^
  File "/home/akhliddin/Desktop/ScriptifyBackend/apps/scripts/facebook_scraper/facebook_scraper_main.py", line 166, in start_scraping
    return asyncio.run(self._async_main())
           ^^^^^^^^^^^^^^^^^^^^^^^^^^^^^^^
  File "/usr/lib/python3.12/asyncio/runners.py", line 194, in run
    return runner.run(main)
           ^^^^^^^^^^^^^^^^
  File "/usr/lib/python3.12/asyncio/runners.py", line 118, in run
    return self._loop.run_until_complete(task)
           ^^^^^^^^^^^^^^^^^^^^^^^^^^^^^^^^^^^
  File "/usr/lib/python3.12/asyncio/base_events.py", line 687, in run_until_complete
    return future.result()
           ^^^^^^^^^^^^^^^
  File "/home/akhliddin/Desktop/ScriptifyBackend/apps/scripts/facebook_scraper/facebook_scraper_main.py", line 98, in _async_main
    cookies_loaded = await load_cookies(context, self.run.cookies_file_path)
                                                 ^^^^^^^^^^^^^^^^^^^^^^^^^^
AttributeError: 'Run' object has no attribute 'cookies_file_path'. Did you mean: 'logs_file_path'?

