[2025-11-12 20:10:47,619] INFO: Task received by worker
[2025-11-12 20:10:47,620] INFO: Starting task: Facebook Marketplace Scraper
[2025-11-12 20:10:47,620] DEBUG: Input data: {
  "cities": [
    "london"
  ],
  "query": "Canon Printer Cartridge",
  "last_n_days": 7,
  "listings_per_city": 100
}
[2025-11-12 20:10:47,622] INFO: AADSASDASDASDASDASSDFSDFSDKFHSDKJFHKDSHKJHkjhjhkjhkj
[2025-11-12 20:10:47,622] INFO: Scraping 1 city(s): london
[2025-11-12 20:10:47,623] INFO: ================================================================================
[2025-11-12 20:10:47,623] INFO: 🚀 FACEBOOK MARKETPLACE SCRAPER
[2025-11-12 20:10:47,623] INFO: ================================================================================
[2025-11-12 20:10:47,623] INFO: 📋 Configuration:
[2025-11-12 20:10:47,623] INFO:    Query: "Canon Printer Cartridge"
[2025-11-12 20:10:47,623] INFO:    Cities: london
[2025-11-12 20:10:47,623] INFO:    Days: 7
[2025-11-12 20:10:47,623] INFO:    Listings per city: 100
[2025-11-12 20:10:47,624] INFO:    Cookies file: Facebook Marketplace Scraper - 154 (STARTED)
[2025-11-12 20:10:47,624] INFO: ================================================================================
[2025-11-12 20:10:50,072] INFO: 
🔐 LOGIN PROCESS
[2025-11-12 20:10:50,072] INFO: --------------------------------------------------------------------------------
[2025-11-12 20:10:50,084] INFO: ✅ Cookies loaded. Checking session...
[2025-11-12 20:11:02,034] INFO: ✅ Session is valid.
[2025-11-12 20:11:02,034] INFO: 
🌍 SCRAPING CITIES
[2025-11-12 20:11:02,034] INFO: --------------------------------------------------------------------------------
[2025-11-12 20:11:02,034] INFO: 
📍 City 1/1: London
[2025-11-12 20:11:02,034] INFO: --------------------------------------------------------------------------------
[2025-11-12 20:11:02,034] INFO: 🔗 URL: https://www.facebook.com/marketplace/london/search?daysSinceListed=7&sortBy=best_match&query=Canon%20Printer%20Cartridge
[2025-11-12 20:11:02,235] INFO: ⏳ Loading marketplace page...
[2025-11-12 20:11:03,675] INFO:   ⏳ Scraping up to 100 listings...
[2025-11-12 20:11:04,025] INFO:   📄 HTML → 24 items
[2025-11-12 20:11:18,679] INFO:     🔄 Iteration 1
[2025-11-12 20:11:18,680] INFO:     ✅ Found 24 new items. Total: 0/100 | Total unique: 0
[2025-11-12 20:11:24,489] INFO:       [1/24] Processed 832326779395829... (1/100)
[2025-11-12 20:11:24,489] INFO:       Title: Canon printer | Price: 0.00
[2025-11-12 20:11:29,253] INFO:       [2/24] Processed 724021280062561... (2/100)
[2025-11-12 20:11:29,253] INFO:       Title: Genuine CANON ink cartridges for PIXMA printer (CLI-551/PGI-550) | Price: 22.00
[2025-11-12 20:11:34,956] INFO:       [3/24] Processed 1388820689325856... (3/100)
[2025-11-12 20:11:34,956] INFO:       Title: Canon - EXV 34 printer cartridges All Colours PRICE PER CARTRIDGE £25 | Price: 25.00
[2025-11-12 20:11:39,591] INFO:       [4/24] Processed 25439726585661717... (4/100)
[2025-11-12 20:11:39,591] INFO:       Title: Canon Printer Cartridge Pixma 561 XL | Price: 15.00
[2025-11-12 20:11:44,230] INFO:       [5/24] Processed 4200158923604827... (5/100)
[2025-11-12 20:11:44,230] INFO:       Title: Canon 545 XL printer cartridge | Price: 10.00
[2025-11-12 20:11:47,965] INFO:       [6/24] Processed 2634536553592425... (6/100)
[2025-11-12 20:11:47,965] INFO:       Title: Canon Printer Cartridges | Price: 12.00
[2025-11-12 20:11:53,719] INFO:       [7/24] Processed 1409378457250684... (7/100)
[2025-11-12 20:11:53,719] INFO:       Title: Canon SELPHY Square mini photo printer with brand new ink cartridge | Price: 90.00
[2025-11-12 20:11:59,348] INFO:       [8/24] Processed 821587960580790... (8/100)
[2025-11-12 20:11:59,348] INFO:       Title: 5 x Canon Pixma multipack printer cartridges | Price: 100.00
[2025-11-12 20:12:04,965] INFO:       [9/24] Processed 1554036418929335... (9/100)
[2025-11-12 20:12:04,965] INFO:       Title: Canon Printer Cartridge XL 540 | Price: 15.00
[2025-11-12 20:12:10,635] INFO:       [10/24] Processed 1533404871411826... (10/100)
[2025-11-12 20:12:10,635] INFO:       Title: Canon pixma printer and black ink cartridge | Price: 35.00
[2025-11-12 20:12:16,924] INFO:       [11/24] Processed 805123005626129... (11/100)
[2025-11-12 20:12:16,924] INFO:       Title: Canon IPF6400 24” colour printer | Price: 0.00
[2025-11-12 20:12:20,540] INFO:       [12/24] Processed 1595795774739741... (12/100)
[2025-11-12 20:12:20,540] INFO:       Title: Canon Ink cartridges mixed bundle | Price: 350.00
[2025-11-12 20:12:25,310] INFO:       [13/24] Processed 804443662396158... (13/100)
[2025-11-12 20:12:25,310] INFO:       Title: 10x printer in cartridges. | Price: 20.00
[2025-11-12 20:12:29,829] INFO:       [14/24] Processed 867863309009116... (14/100)
[2025-11-12 20:12:29,829] INFO:       Title: FS: Brand New Sealed Genuine Canon Cartridge 312 Printer Black Toner for LBP3050 LBP3100 LBP3150 | Price: 20.00
[2025-11-12 20:12:35,585] INFO:       [15/24] Processed 932832663238117... (15/100)
[2025-11-12 20:12:35,585] INFO:       Title: Canon Pixma TS3355 Printer | Price: 20.00
[2025-11-12 20:12:40,282] INFO:       [16/24] Processed 1802585840390656... (16/100)
[2025-11-12 20:12:40,282] INFO:       Title: Two Empty Ink Canon Printer Cartridges . (Collect Brentford Tw8 0de) | Price: 3.00
[2025-11-12 20:12:44,868] INFO:       [17/24] Processed 1165421041786090... (17/100)
[2025-11-12 20:12:44,868] INFO:       Title: Ink Cartridges - Canon | Price: 10.00
[2025-11-12 20:12:48,376] INFO:       [18/24] Processed 1996643580893125... (18/100)
[2025-11-12 20:12:48,376] INFO:       Title: Canon imageprograf PRO-300 printer | Price: 200.00
[2025-11-12 20:12:53,069] INFO:       [19/24] Processed 1332803175252000... (19/100)
[2025-11-12 20:12:53,069] INFO:       Title: Printer Ink Cartridges | Price: 5.00
[2025-11-12 20:12:56,701] INFO:       [20/24] Processed 1522001412469948... (20/100)
[2025-11-12 20:12:56,701] INFO:       Title: Canon Pixma MP495 Printer and Ink Cartridges | Price: 20.00
[2025-11-12 20:13:00,343] INFO:       [21/24] Processed 2089559951820011... (21/100)
[2025-11-12 20:13:00,344] INFO:       Title: PRINTER CARTRIDGES | Price: 20.00
[2025-11-12 20:13:04,024] INFO:       [22/24] Processed 1343984273540151... (22/100)
[2025-11-12 20:13:04,025] INFO:       Title: Canon Printer Ink Cartridges x12 (All Black) | Price: 20.00
[2025-11-12 20:13:09,638] INFO:       [23/24] Processed 845592694592730... (23/100)
[2025-11-12 20:13:09,638] INFO:       Title: Cannon printer ink cartridges | Price: 25.00
[2025-11-12 20:13:14,382] INFO:       [24/24] Processed 3237053193118320... (24/100)
[2025-11-12 20:13:14,383] INFO:       Title: Cannon Ink Cartridges - free to collect | Price: 0.00
[2025-11-12 20:13:14,383] INFO:     🔄 Iteration 2
[2025-11-12 20:13:14,383] INFO:     ⚠️  No new items found. Attempt 1/3
[2025-11-12 20:13:14,383] INFO:     📜 Scrolling to bottom and waiting...
[2025-11-12 20:13:17,204] INFO:   📊 GraphQL → 23 items
