[2025-11-12 19:50:27,209] INFO: Task received by worker
[2025-11-12 19:50:27,209] INFO: Starting task: Facebook Marketplace Scraper
[2025-11-12 19:50:27,209] DEBUG: Input data: {
  "cities": [
    "london"
  ],
  "query": "Canon Printer Cartridge",
  "last_n_days": 7,
  "listings_per_city": 100
}
[2025-11-12 19:50:27,212] INFO: AADSASDASDASDASDASSDFSDFSDKFHSDKJFHKDSHKJHkjhjhkjhkj
[2025-11-12 19:50:27,213] INFO: Scraping 1 city(s): london
[2025-11-12 19:50:27,213] INFO: ================================================================================
[2025-11-12 19:50:27,213] INFO: 🚀 FACEBOOK MARKETPLACE SCRAPER
[2025-11-12 19:50:27,213] INFO: ================================================================================
[2025-11-12 19:50:27,213] INFO: 📋 Configuration:
[2025-11-12 19:50:27,214] INFO:    Query: "Canon Printer Cartridge"
[2025-11-12 19:50:27,214] INFO:    Cities: london
[2025-11-12 19:50:27,214] INFO:    Days: 7
[2025-11-12 19:50:27,214] INFO:    Listings per city: 100
[2025-11-12 19:50:27,214] INFO:    Cookies file: Facebook Marketplace Scraper - 152 (STARTED)
[2025-11-12 19:50:27,214] INFO: ================================================================================
[2025-11-12 19:50:28,836] INFO: 
🔐 LOGIN PROCESS
[2025-11-12 19:50:28,836] INFO: --------------------------------------------------------------------------------
[2025-11-12 19:50:28,859] INFO: ✅ Cookies loaded. Checking session...
[2025-11-12 19:50:40,653] INFO: ✅ Session is valid.
[2025-11-12 19:50:40,653] INFO: 
🌍 SCRAPING CITIES
[2025-11-12 19:50:40,653] INFO: --------------------------------------------------------------------------------
[2025-11-12 19:50:40,653] INFO: 
📍 City 1/1: London
[2025-11-12 19:50:40,654] INFO: --------------------------------------------------------------------------------
[2025-11-12 19:50:40,654] INFO: 🔗 URL: https://www.facebook.com/marketplace/london/search?daysSinceListed=7&sortBy=best_match&query=Canon%20Printer%20Cartridge
[2025-11-12 19:50:40,772] INFO: ⏳ Loading marketplace page...
[2025-11-12 19:50:42,212] INFO:   ⏳ Scraping up to 100 listings...
[2025-11-12 19:50:42,442] INFO:   📄 HTML → 24 items
[2025-11-12 19:50:57,214] INFO:     🔄 Iteration 1
[2025-11-12 19:50:57,215] INFO:     ✅ Found 24 new items. Total: 0/100 | Total unique: 0
[2025-11-12 19:51:02,964] INFO:       [1/24] Processed 832326779395829... (1/100)
[2025-11-12 19:51:02,965] INFO:       Title: Canon printer | Price: 0.00
[2025-11-12 19:51:06,571] INFO:       [2/24] Processed 724021280062561... (2/100)
[2025-11-12 19:51:06,571] INFO:       Title: Genuine CANON ink cartridges for PIXMA printer (CLI-551/PGI-550) | Price: 22.00
[2025-11-12 19:51:10,189] INFO:       [3/24] Processed 1388820689325856... (3/100)
[2025-11-12 19:51:10,189] INFO:       Title: Canon - EXV 34 printer cartridges All Colours PRICE PER CARTRIDGE £25 | Price: 25.00
[2025-11-12 19:51:13,750] INFO:       [4/24] Processed 25439726585661717... (4/100)
[2025-11-12 19:51:13,750] INFO:       Title: Canon Printer Cartridge Pixma 561 XL | Price: 15.00
[2025-11-12 19:51:17,349] INFO:       [5/24] Processed 4200158923604827... (5/100)
[2025-11-12 19:51:17,349] INFO:       Title: Canon 545 XL printer cartridge | Price: 10.00
[2025-11-12 19:51:20,949] INFO:       [6/24] Processed 2634536553592425... (6/100)
[2025-11-12 19:51:20,950] INFO:       Title: Canon Printer Cartridges | Price: 12.00
[2025-11-12 19:51:25,504] INFO:       [7/24] Processed 1409378457250684... (7/100)
[2025-11-12 19:51:25,504] INFO:       Title: Canon SELPHY Square mini photo printer with brand new ink cartridge | Price: 90.00
[2025-11-12 19:51:29,160] INFO:       [8/24] Processed 821587960580790... (8/100)
[2025-11-12 19:51:29,160] INFO:       Title: 5 x Canon Pixma multipack printer cartridges | Price: 100.00
[2025-11-12 19:51:34,762] INFO:       [9/24] Processed 1554036418929335... (9/100)
[2025-11-12 19:51:34,762] INFO:       Title: Canon Printer Cartridge XL 540 | Price: 15.00
[2025-11-12 19:51:39,383] INFO:       [10/24] Processed 1533404871411826... (10/100)
[2025-11-12 19:51:39,383] INFO:       Title: Canon pixma printer and black ink cartridge | Price: 35.00
[2025-11-12 19:51:43,919] INFO:       [11/24] Processed 805123005626129... (11/100)
[2025-11-12 19:51:43,919] INFO:       Title: Canon IPF6400 24” colour printer | Price: 0.00
[2025-11-12 19:51:49,465] INFO:       [12/24] Processed 1595795774739741... (12/100)
[2025-11-12 19:51:49,466] INFO:       Title: Canon Ink cartridges mixed bundle | Price: 350.00
[2025-11-12 19:51:53,013] INFO:       [13/24] Processed 804443662396158... (13/100)
[2025-11-12 19:51:53,014] INFO:       Title: 10x printer in cartridges. | Price: 20.00
[2025-11-12 19:51:57,625] INFO:       [14/24] Processed 867863309009116... (14/100)
[2025-11-12 19:51:57,625] INFO:       Title: FS: Brand New Sealed Genuine Canon Cartridge 312 Printer Black Toner for LBP3050 LBP3100 LBP3150 | Price: 20.00
[2025-11-12 19:52:02,202] INFO:       [15/24] Processed 932832663238117... (15/100)
[2025-11-12 19:52:02,202] INFO:       Title: Canon Pixma TS3355 Printer | Price: 20.00
[2025-11-12 19:52:06,755] INFO:       [16/24] Processed 1802585840390656... (16/100)
[2025-11-12 19:52:06,755] INFO:       Title: Two Empty Ink Canon Printer Cartridges . (Collect Brentford Tw8 0de) | Price: 3.00
[2025-11-12 19:52:10,278] INFO:       [17/24] Processed 1165421041786090... (17/100)
[2025-11-12 19:52:10,278] INFO:       Title: Ink Cartridges - Canon | Price: 10.00
[2025-11-12 19:52:15,866] INFO:       [18/24] Processed 1996643580893125... (18/100)
[2025-11-12 19:52:15,866] INFO:       Title: Canon imageprograf PRO-300 printer | Price: 200.00
[2025-11-12 19:52:20,447] INFO:       [19/24] Processed 1332803175252000... (19/100)
[2025-11-12 19:52:20,447] INFO:       Title: Printer Ink Cartridges | Price: 5.00
[2025-11-12 19:52:24,097] INFO:       [20/24] Processed 1522001412469948... (20/100)
[2025-11-12 19:52:24,097] INFO:       Title: Canon Pixma MP495 Printer and Ink Cartridges | Price: 20.00
[2025-11-12 19:52:27,659] INFO:       [21/24] Processed 2089559951820011... (21/100)
[2025-11-12 19:52:27,660] INFO:       Title: PRINTER CARTRIDGES | Price: 20.00
[2025-11-12 19:52:31,306] INFO:       [22/24] Processed 1343984273540151... (22/100)
[2025-11-12 19:52:31,306] INFO:       Title: Canon Printer Ink Cartridges x12 (All Black) | Price: 20.00
[2025-11-12 19:52:35,836] INFO:       [23/24] Processed 845592694592730... (23/100)
[2025-11-12 19:52:35,836] INFO:       Title: Cannon printer ink cartridges | Price: 25.00
[2025-11-12 19:52:40,369] INFO:       [24/24] Processed 3237053193118320... (24/100)
[2025-11-12 19:52:40,369] INFO:       Title: Cannon Ink Cartridges - free to collect | Price: 0.00
[2025-11-12 19:52:40,369] INFO:     🔄 Iteration 2
[2025-11-12 19:52:40,370] INFO:     ⚠️  No new items found. Attempt 1/3
[2025-11-12 19:52:40,370] INFO:     📜 Scrolling to bottom and waiting...
[2025-11-12 19:52:51,881] INFO:     🔄 Iteration 3
[2025-11-12 19:52:51,881] INFO:     ⚠️  No new items found. Attempt 2/3
[2025-11-12 19:52:51,881] INFO:     📜 Scrolling to bottom and waiting...
[2025-11-12 19:52:52,976] INFO:   📊 GraphQL → 23 items
[2025-11-12 19:53:03,393] INFO:     🔄 Iteration 4
[2025-11-12 19:53:03,393] INFO:     ✅ Found 23 new items. Total: 24/100 | Total unique: 24
[2025-11-12 19:53:07,980] INFO:       [1/23] Processed 1041704031369989... (25/100)
[2025-11-12 19:53:07,981] INFO:       Title: Cannon printer/scanner | Price: 10.00
[2025-11-12 19:53:11,557] INFO:       [2/23] Processed 1316724486435641... (26/100)
[2025-11-12 19:53:11,557] INFO:       Title: Canon Selphy Compact Photo Printer | Price: 95.00
[2025-11-12 19:53:16,291] INFO:       [3/23] Processed 1888079798754394... (27/100)
[2025-11-12 19:53:16,291] INFO:       Title: Canon Printer MG3650S with 2 black ink cartridges | Price: 40.00
[2025-11-12 19:53:19,804] INFO:       [4/23] Processed 695989156887288... (28/100)
[2025-11-12 19:53:19,804] INFO:       Title: Canon Printer Ink 550 PGBK XL | Price: 12.00
[2025-11-12 19:53:25,391] INFO:       [5/23] Processed 1344436397378512... (29/100)
[2025-11-12 19:53:25,391] INFO:       Title: Wilko printer cartridge canon CLI-571XL | Price: 10.00
[2025-11-12 19:53:29,064] INFO:       [6/23] Processed 1031578899093719... (30/100)
[2025-11-12 19:53:29,065] INFO:       Title: Printer, scanner, copier (Canon) & cartridges | Price: 20.00
[2025-11-12 19:53:32,626] INFO:       [7/23] Processed 1580667719778744... (31/100)
[2025-11-12 19:53:32,626] INFO:       Title: Cannon printer | Price: 55.00
[2025-11-12 19:53:36,216] INFO:       [8/23] Processed 826237803464638... (32/100)
[2025-11-12 19:53:36,217] INFO:       Title: Canon Pixma MG4250 4 in 1 Printer | Price: 35.00
[2025-11-12 19:53:41,817] INFO:       [9/23] Processed 1213075990872284... (33/100)
[2025-11-12 19:53:41,817] INFO:       Title: Wolfgray PGI 580XXL Printer Cartridges Compatible with Canon | Price: 10.00
[2025-11-12 19:53:47,341] INFO:       [10/23] Processed 1947766232449507... (34/100)
[2025-11-12 19:53:47,341] INFO:       Title: Canon IP7250 pixima printer | Price: 20.00
[2025-11-12 19:53:52,009] INFO:       [11/23] Processed 2005787683540037... (35/100)
[2025-11-12 19:53:52,009] INFO:       Title: Canon printer MG2551S | Price: 40.00
[2025-11-12 19:53:55,613] INFO:       [12/23] Processed 820043943962063... (36/100)
[2025-11-12 19:53:55,613] INFO:       Title: Canon Printer Ink 551 Black XL | Price: 12.00
[2025-11-12 19:54:01,207] INFO:       [13/23] Processed 846624017875744... (37/100)
[2025-11-12 19:54:01,207] INFO:       Title: Colour Direct Compatible Ink Cartridges Replacement for Canon PIXMA MG and TS series printers | Price: 15.00
[2025-11-12 19:54:04,719] INFO:       [14/23] Processed 1368016338252688... (38/100)
[2025-11-12 19:54:04,719] INFO:       Title: Canon Pixma 560 black ink cartridge | Price: 10.00
[2025-11-12 19:54:09,286] INFO:       [15/23] Processed 1380239786871615... (39/100)
[2025-11-12 19:54:09,286] INFO:       Title: Ink cartridges for Canon printer. Not suitable for my printer. | Price: 10.00
[2025-11-12 19:54:13,894] INFO:       [16/23] Processed 1377635170643776... (40/100)
[2025-11-12 19:54:13,895] INFO:       Title: Printer Cannon LPB 2900i. Black and White | Price: 20.00
[2025-11-12 19:54:19,560] INFO:       [17/23] Processed 1951389322926735... (41/100)
[2025-11-12 19:54:19,561] INFO:       Title: A Yellow and a Cyan Canon Pixma 551 XL Ink Cartridges, new and unopened | Price: 15.00
[2025-11-12 19:54:23,176] INFO:       [18/23] Processed 828966139833370... (42/100)
[2025-11-12 19:54:23,176] INFO:       Title: Canon PIXMA Wireless ink jet printer, MG3650s | Price: 25.00
[2025-11-12 19:54:26,817] INFO:       [19/23] Processed 850131994638938... (43/100)
[2025-11-12 19:54:26,817] INFO:       Title: Canon black ink 540 | Price: 15.00
[2025-11-12 19:54:30,335] INFO:       [20/23] Processed 2253659958393091... (44/100)
[2025-11-12 19:54:30,335] INFO:       Title: Canon Printer Ink 551 Black Standard | Price: 5.00
[2025-11-12 19:54:33,958] INFO:       [21/23] Processed 2043500243052481... (45/100)
[2025-11-12 19:54:33,958] INFO:       Title: Canon pixma mx420 + genuine canon colour ink cartridge | Price: 25.00
[2025-11-12 19:54:38,480] INFO:       [22/23] Processed 1202197065150153... (46/100)
[2025-11-12 19:54:38,481] INFO:       Title: Laser Toner Cartridge HP | Price: 20.00
[2025-11-12 19:54:44,181] INFO:       [23/23] Processed 1145683171049317... (47/100)
[2025-11-12 19:54:44,181] INFO:       Title: Printer - Canon Pixma ip7250 | Price: 50.00
[2025-11-12 19:54:44,181] INFO:     🔄 Iteration 5
[2025-11-12 19:54:44,182] INFO:     ⚠️  No new items found. Attempt 1/3
[2025-11-12 19:54:44,182] INFO:     📜 Scrolling to bottom and waiting...
[2025-11-12 19:54:55,695] INFO:     🔄 Iteration 6
[2025-11-12 19:54:55,695] INFO:     ⚠️  No new items found. Attempt 2/3
[2025-11-12 19:54:55,695] INFO:     📜 Scrolling to bottom and waiting...
[2025-11-12 19:55:07,206] INFO:     🔄 Iteration 7
[2025-11-12 19:55:07,206] INFO:     ⚠️  No new items found. Attempt 3/3
[2025-11-12 19:55:07,206] INFO:     ❌ No new items after 3 attempts. Stopping.
[2025-11-12 19:55:07,206] INFO:   ⏳ Final wait for responses...
[2025-11-12 19:55:22,211] INFO: ✅ Scraped 47 items from London
[2025-11-12 19:55:22,212] INFO: 
================================================================================
[2025-11-12 19:55:22,212] INFO: ✅ SCRAPING COMPLETE!
[2025-11-12 19:55:22,212] INFO: 📊 Total unique listings scraped: 47
[2025-11-12 19:55:22,212] INFO: ================================================================================
[2025-11-12 19:55:22,431] INFO: Task completed successfully
