[2025-11-12 17:51:38,383] INFO: Task received by worker
[2025-11-12 17:51:38,383] INFO: Starting task: Facebook Marketplace Scraper
[2025-11-12 17:51:38,383] DEBUG: Input data: {
  "cities": [
    "london"
  ],
  "query": "Canon Printer Cartridge",
  "last_n_days": 7,
  "listings_per_city": 100
}
[2025-11-12 17:51:38,386] INFO: AADSASDASDASDASDASSDFSDFSDKFHSDKJFHKDSHKJHkjhjhkjhkj
[2025-11-12 17:51:38,386] INFO: Scraping 1 city(s): london
[2025-11-12 17:51:38,388] INFO: ================================================================================
[2025-11-12 17:51:38,388] INFO: 🚀 FACEBOOK MARKETPLACE SCRAPER
[2025-11-12 17:51:38,388] INFO: ================================================================================
[2025-11-12 17:51:38,388] INFO: 📋 Configuration:
[2025-11-12 17:51:38,388] INFO:    Query: "Canon Printer Cartridge"
[2025-11-12 17:51:38,388] INFO:    Cities: london
[2025-11-12 17:51:38,388] INFO:    Days: 7
[2025-11-12 17:51:38,389] INFO:    Listings per city: 100
[2025-11-12 17:51:38,389] INFO:    Cookies file: Facebook Marketplace Scraper - 144 (STARTED)
[2025-11-12 17:51:38,389] INFO: ================================================================================
[2025-11-12 17:51:40,015] INFO: 
🔐 LOGIN PROCESS
[2025-11-12 17:51:40,015] INFO: --------------------------------------------------------------------------------
[2025-11-12 17:51:40,024] INFO: ✅ Cookies loaded. Checking session...
[2025-11-12 17:51:54,129] INFO: ✅ Session is valid.
[2025-11-12 17:51:54,129] INFO: 
🌍 SCRAPING CITIES
[2025-11-12 17:51:54,129] INFO: --------------------------------------------------------------------------------
[2025-11-12 17:51:54,129] INFO: 
📍 City 1/1: London
[2025-11-12 17:51:54,129] INFO: --------------------------------------------------------------------------------
[2025-11-12 17:51:54,129] INFO: 🔗 URL: https://www.facebook.com/marketplace/london/search?daysSinceListed=7&sortBy=best_match&query=Canon%20Printer%20Cartridge
[2025-11-12 17:51:54,277] INFO: ⏳ Loading marketplace page...
[2025-11-12 17:51:56,407] INFO:   📄 HTML → 24 items
[2025-11-12 17:51:56,408] INFO:   ⏳ Scraping up to 100 listings...
[2025-11-12 17:52:11,410] INFO:     🔄 Iteration 1
[2025-11-12 17:52:11,410] INFO:     ✅ Found 24 new items. Total: 0/100 | Total unique: 0
[2025-11-12 17:52:16,057] INFO:       [1/24] Processed 4200158923604827... (1/100)
[2025-11-12 17:52:16,057] INFO:       Title: Canon 545 XL printer cartridge | Price: 10.00
[2025-11-12 17:52:21,686] INFO:       [2/24] Processed 832326779395829... (2/100)
[2025-11-12 17:52:21,687] INFO:       Title: Canon printer | Price: 0.00
[2025-11-12 17:52:26,319] INFO:       [3/24] Processed 1388820689325856... (3/100)
[2025-11-12 17:52:26,319] INFO:       Title: Canon - EXV 34 printer cartridges All Colours PRICE PER CARTRIDGE £25 | Price: 25.00
[2025-11-12 17:52:30,957] INFO:       [4/24] Processed 1554036418929335... (4/100)
[2025-11-12 17:52:30,957] INFO:       Title: Canon Printer Cartridge XL 540 | Price: 15.00
[2025-11-12 17:52:35,550] INFO:       [5/24] Processed 2634536553592425... (5/100)
[2025-11-12 17:52:35,550] INFO:       Title: Canon Printer Cartridges | Price: 12.00
[2025-11-12 17:52:40,212] INFO:       [6/24] Processed 724021280062561... (6/100)
[2025-11-12 17:52:40,212] INFO:       Title: Genuine CANON ink cartridges for PIXMA printer (CLI-551/PGI-550) | Price: 22.00
[2025-11-12 17:52:44,723] INFO:       [7/24] Processed 25439726585661717... (7/100)
[2025-11-12 17:52:44,724] INFO:       Title: Canon Printer Cartridge Pixma 561 XL | Price: 15.00
[2025-11-12 17:52:49,238] INFO:       [8/24] Processed 821587960580790... (8/100)
[2025-11-12 17:52:49,238] INFO:       Title: 5 x Canon Pixma multipack printer cartridges | Price: 100.00
[2025-11-12 17:52:53,811] INFO:       [9/24] Processed 867863309009116... (9/100)
[2025-11-12 17:52:53,811] INFO:       Title: FS: Brand New Sealed Genuine Canon Cartridge 312 Printer Black Toner for LBP3050 LBP3100 LBP3150 | Price: 20.00
[2025-11-12 17:52:57,472] INFO:       [10/24] Processed 932832663238117... (10/100)
[2025-11-12 17:52:57,472] INFO:       Title: Canon Pixma TS3355 Printer | Price: 20.00
[2025-11-12 17:53:02,103] INFO:       [11/24] Processed 1996643580893125... (11/100)
[2025-11-12 17:53:02,104] INFO:       Title: Canon imageprograf PRO-300 printer | Price: 200.00
[2025-11-12 17:53:07,622] INFO:       [12/24] Processed 1533404871411826... (12/100)
[2025-11-12 17:53:07,623] INFO:       Title: Canon pixma printer and black ink cartridge | Price: 35.00
[2025-11-12 17:53:11,226] INFO:       [13/24] Processed 1595795774739741... (13/100)
[2025-11-12 17:53:11,226] INFO:       Title: Canon Ink cartridges mixed bundle | Price: 350.00
[2025-11-12 17:53:15,882] INFO:       [14/24] Processed 804443662396158... (14/100)
[2025-11-12 17:53:15,882] INFO:       Title: 10x printer in cartridges. | Price: 20.00
[2025-11-12 17:53:20,402] INFO:       [15/24] Processed 1165421041786090... (15/100)
[2025-11-12 17:53:20,402] INFO:       Title: Ink Cartridges - Canon | Price: 10.00
[2025-11-12 17:53:23,965] INFO:       [16/24] Processed 1409378457250684... (16/100)
[2025-11-12 17:53:23,965] INFO:       Title: Canon SELPHY Square mini photo printer with brand new ink cartridge | Price: 90.00
[2025-11-12 17:53:29,488] INFO:       [17/24] Processed 805123005626129... (17/100)
[2025-11-12 17:53:29,488] INFO:       Title: Canon IPF6400 24” colour printer | Price: 0.00
[2025-11-12 17:53:34,982] INFO:       [18/24] Processed 1332803175252000... (18/100)
[2025-11-12 17:53:34,982] INFO:       Title: Printer Ink Cartridges | Price: 5.00
[2025-11-12 17:53:40,484] INFO:       [19/24] Processed 1802585840390656... (19/100)
[2025-11-12 17:53:40,484] INFO:       Title: Two Empty Ink Canon Printer Cartridges . (Collect Brentford Tw8 0de) | Price: 3.00
[2025-11-12 17:53:46,172] INFO:       [20/24] Processed 1343984273540151... (20/100)
[2025-11-12 17:53:46,172] INFO:       Title: Canon Printer Ink Cartridges x12 (All Black) | Price: 20.00
[2025-11-12 17:53:50,884] INFO:       [21/24] Processed 3237053193118320... (21/100)
[2025-11-12 17:53:50,884] INFO:       Title: Cannon Ink Cartridges - free to collect | Price: 0.00
[2025-11-12 17:53:55,504] INFO:       [22/24] Processed 1522001412469948... (22/100)
[2025-11-12 17:53:55,504] INFO:       Title: Canon Pixma MP495 Printer and Ink Cartridges | Price: 20.00
[2025-11-12 17:54:01,074] INFO:       [23/24] Processed 1356698949235939... (23/100)
[2025-11-12 17:54:01,074] INFO:       Title: Epson Printer & Scanner includes 6+Ink Cartridges New | Price: 40.00
[2025-11-12 17:54:06,609] INFO:       [24/24] Processed 2089559951820011... (24/100)
[2025-11-12 17:54:06,609] INFO:       Title: PRINTER CARTRIDGES | Price: 20.00
[2025-11-12 17:54:06,610] INFO:     🔄 Iteration 2
[2025-11-12 17:54:06,611] INFO:     ⚠️  No new items found. Attempt 1/3
[2025-11-12 17:54:06,611] INFO:     📜 Scrolling to bottom and waiting...
[2025-11-12 17:54:17,177] INFO:   📊 GraphQL → 23 items
[2025-11-12 17:54:18,121] INFO:     🔄 Iteration 3
[2025-11-12 17:54:18,121] INFO:     ✅ Found 23 new items. Total: 24/100 | Total unique: 24
[2025-11-12 17:54:28,128] INFO:       ⏭️  Skipped 827568980231457: selector timeout, error: Page.wait_for_selector: Timeout 10000ms exceeded.

[2025-11-12 17:54:38,135] INFO:       ⏭️  Skipped 1342491731006530: selector timeout, error: Page.wait_for_selector: Timeout 10000ms exceeded.

[2025-11-12 17:54:48,141] INFO:       ⏭️  Skipped 1316724486435641: selector timeout, error: Page.wait_for_selector: Timeout 10000ms exceeded.

[2025-11-12 17:54:50,425] INFO:       ⏭️  Skipped 1888079798754394: selector timeout, error: Page.wait_for_selector: Target page, context or br
[2025-11-12 17:54:50,433] INFO:       ⏭️  Skipped 1031578899093719: selector timeout, error: Page.wait_for_selector: Target page, context or br
[2025-11-12 17:54:50,445] INFO:       ⏭️  Skipped 1344436397378512: selector timeout, error: Page.wait_for_selector: Target page, context or br
[2025-11-12 17:54:50,449] INFO:       ⏭️  Skipped 1213075990872284: selector timeout, error: Page.wait_for_selector: Target page, context or br
[2025-11-12 17:54:50,470] INFO:       ⏭️  Skipped 1947766232449507: selector timeout, error: Page.wait_for_selector: Target page, context or br
[2025-11-12 17:54:50,483] INFO:       ⏭️  Skipped 846624017875744: selector timeout, error: Page.wait_for_selector: Target page, context or br
[2025-11-12 17:54:50,489] INFO:       ⏭️  Skipped 2005787683540037: selector timeout, error: Page.wait_for_selector: Target page, context or br
[2025-11-12 17:54:50,494] INFO:       ⏭️  Skipped 1580667719778744: selector timeout, error: Page.wait_for_selector: Target page, context or br
[2025-11-12 17:54:50,499] INFO:       ⏭️  Skipped 695989156887288: selector timeout, error: Page.wait_for_selector: Target page, context or br
[2025-11-12 17:54:50,506] INFO:       ⏭️  Skipped 2253659958393091: selector timeout, error: Page.wait_for_selector: Target page, context or br
[2025-11-12 17:54:50,519] INFO:       ⏭️  Skipped 1380239786871615: selector timeout, error: Page.wait_for_selector: Target page, context or br
[2025-11-12 17:54:50,530] INFO:       ⏭️  Skipped 1951389322926735: selector timeout, error: Page.wait_for_selector: Target page, context or br
[2025-11-12 17:54:50,536] INFO:       ⏭️  Skipped 820043943962063: selector timeout, error: Page.wait_for_selector: Target page, context or br
[2025-11-12 17:54:50,543] INFO:       ⏭️  Skipped 1377635170643776: selector timeout, error: Page.wait_for_selector: Target page, context or br
[2025-11-12 17:54:50,552] INFO:       ⏭️  Skipped 1368016338252688: selector timeout, error: Page.wait_for_selector: Target page, context or br
