[2025-11-12 19:31:44,482] INFO: Task received by worker
[2025-11-12 19:31:44,483] INFO: Starting task: Facebook Marketplace Scraper
[2025-11-12 19:31:44,483] DEBUG: Input data: {
  "cities": [
    "london"
  ],
  "query": "Canon Printer Cartridge",
  "last_n_days": 7,
  "listings_per_city": 100
}
[2025-11-12 19:31:44,486] INFO: AADSASDASDASDASDASSDFSDFSDKFHSDKJFHKDSHKJHkjhjhkjhkj
[2025-11-12 19:31:44,487] INFO: Scraping 1 city(s): london
[2025-11-12 19:31:44,488] INFO: ================================================================================
[2025-11-12 19:31:44,488] INFO: 🚀 FACEBOOK MARKETPLACE SCRAPER
[2025-11-12 19:31:44,488] INFO: ================================================================================
[2025-11-12 19:31:44,488] INFO: 📋 Configuration:
[2025-11-12 19:31:44,488] INFO:    Query: "Canon Printer Cartridge"
[2025-11-12 19:31:44,488] INFO:    Cities: london
[2025-11-12 19:31:44,488] INFO:    Days: 7
[2025-11-12 19:31:44,488] INFO:    Listings per city: 100
[2025-11-12 19:31:44,489] INFO:    Cookies file: Facebook Marketplace Scraper - 150 (STARTED)
[2025-11-12 19:31:44,489] INFO: ================================================================================
[2025-11-12 19:31:46,516] INFO: 
🔐 LOGIN PROCESS
[2025-11-12 19:31:46,516] INFO: --------------------------------------------------------------------------------
[2025-11-12 19:31:46,525] INFO: ✅ Cookies loaded. Checking session...
[2025-11-12 19:31:58,402] INFO: ✅ Session is valid.
[2025-11-12 19:31:58,402] INFO: 
🌍 SCRAPING CITIES
[2025-11-12 19:31:58,402] INFO: --------------------------------------------------------------------------------
[2025-11-12 19:31:58,402] INFO: 
📍 City 1/1: London
[2025-11-12 19:31:58,402] INFO: --------------------------------------------------------------------------------
[2025-11-12 19:31:58,402] INFO: 🔗 URL: https://www.facebook.com/marketplace/london/search?daysSinceListed=7&sortBy=best_match&query=Canon%20Printer%20Cartridge
[2025-11-12 19:31:58,512] INFO: ⏳ Loading marketplace page...
[2025-11-12 19:31:59,588] INFO:   ⏳ Scraping up to 100 listings...
[2025-11-12 19:31:59,861] INFO:   📄 HTML → 24 items
[2025-11-12 19:32:14,591] INFO:     🔄 Iteration 1
[2025-11-12 19:32:14,591] INFO:     ✅ Found 24 new items. Total: 0/100 | Total unique: 0
[2025-11-12 19:32:20,145] INFO:       [1/24] Processed 25439726585661717... (1/100)
[2025-11-12 19:32:20,145] INFO:       Title: Canon Printer Cartridge Pixma 561 XL | Price: 15.00
[2025-11-12 19:32:25,745] INFO:       [2/24] Processed 832326779395829... (2/100)
[2025-11-12 19:32:25,745] INFO:       Title: Canon printer | Price: 0.00
[2025-11-12 19:32:31,356] INFO:       [3/24] Processed 724021280062561... (3/100)
[2025-11-12 19:32:31,356] INFO:       Title: Genuine CANON ink cartridges for PIXMA printer (CLI-551/PGI-550) | Price: 22.00
[2025-11-12 19:32:36,947] INFO:       [4/24] Processed 4200158923604827... (4/100)
[2025-11-12 19:32:36,948] INFO:       Title: Canon 545 XL printer cartridge | Price: 10.00
[2025-11-12 19:32:42,442] INFO:       [5/24] Processed 1388820689325856... (5/100)
[2025-11-12 19:32:42,442] INFO:       Title: Canon - EXV 34 printer cartridges All Colours PRICE PER CARTRIDGE £25 | Price: 25.00
[2025-11-12 19:32:46,122] INFO:       [6/24] Processed 1409378457250684... (6/100)
[2025-11-12 19:32:46,122] INFO:       Title: Canon SELPHY Square mini photo printer with brand new ink cartridge | Price: 90.00
[2025-11-12 19:32:50,692] INFO:       [7/24] Processed 2634536553592425... (7/100)
[2025-11-12 19:32:50,692] INFO:       Title: Canon Printer Cartridges | Price: 12.00
[2025-11-12 19:32:55,240] INFO:       [8/24] Processed 821587960580790... (8/100)
[2025-11-12 19:32:55,240] INFO:       Title: 5 x Canon Pixma multipack printer cartridges | Price: 100.00
[2025-11-12 19:32:59,821] INFO:       [9/24] Processed 1554036418929335... (9/100)
[2025-11-12 19:32:59,821] INFO:       Title: Canon Printer Cartridge XL 540 | Price: 15.00
[2025-11-12 19:33:04,503] INFO:       [10/24] Processed 805123005626129... (10/100)
[2025-11-12 19:33:04,503] INFO:       Title: Canon IPF6400 24” colour printer | Price: 0.00
[2025-11-12 19:33:10,187] INFO:       [11/24] Processed 1533404871411826... (11/100)
[2025-11-12 19:33:10,187] INFO:       Title: Canon pixma printer and black ink cartridge | Price: 35.00
[2025-11-12 19:33:15,732] INFO:       [12/24] Processed 1165421041786090... (12/100)
[2025-11-12 19:33:15,732] INFO:       Title: Ink Cartridges - Canon | Price: 10.00
[2025-11-12 19:33:20,457] INFO:       [13/24] Processed 932832663238117... (13/100)
[2025-11-12 19:33:20,457] INFO:       Title: Canon Pixma TS3355 Printer | Price: 20.00
[2025-11-12 19:33:24,116] INFO:       [14/24] Processed 867863309009116... (14/100)
[2025-11-12 19:33:24,116] INFO:       Title: FS: Brand New Sealed Genuine Canon Cartridge 312 Printer Black Toner for LBP3050 LBP3100 LBP3150 | Price: 20.00
[2025-11-12 19:33:28,800] INFO:       [15/24] Processed 1595795774739741... (15/100)
[2025-11-12 19:33:28,800] INFO:       Title: Canon Ink cartridges mixed bundle | Price: 350.00
[2025-11-12 19:33:30,422] INFO:   📊 GraphQL → 24 items
[2025-11-12 19:33:32,481] INFO:       [16/24] Processed 1802585840390656... (16/100)
[2025-11-12 19:33:32,481] INFO:       Title: Two Empty Ink Canon Printer Cartridges . (Collect Brentford Tw8 0de) | Price: 3.00
[2025-11-12 19:33:38,140] INFO:       [17/24] Processed 1996643580893125... (17/100)
[2025-11-12 19:33:38,140] INFO:       Title: Canon imageprograf PRO-300 printer | Price: 200.00
[2025-11-12 19:33:41,786] INFO:       [18/24] Processed 1332803175252000... (18/100)
[2025-11-12 19:33:41,786] INFO:       Title: Printer Ink Cartridges | Price: 5.00
[2025-11-12 19:33:46,457] INFO:       [19/24] Processed 804443662396158... (19/100)
[2025-11-12 19:33:46,457] INFO:       Title: 10x printer in cartridges. | Price: 20.00
[2025-11-12 19:33:50,043] INFO:       [20/24] Processed 1522001412469948... (20/100)
[2025-11-12 19:33:50,044] INFO:       Title: Canon Pixma MP495 Printer and Ink Cartridges | Price: 20.00
[2025-11-12 19:33:55,685] INFO:       [21/24] Processed 1343984273540151... (21/100)
[2025-11-12 19:33:55,685] INFO:       Title: Canon Printer Ink Cartridges x12 (All Black) | Price: 20.00
[2025-11-12 19:34:00,355] INFO:       [22/24] Processed 2089559951820011... (22/100)
[2025-11-12 19:34:00,355] INFO:       Title: PRINTER CARTRIDGES | Price: 20.00
[2025-11-12 19:34:05,949] INFO:       [23/24] Processed 1356698949235939... (23/100)
[2025-11-12 19:34:05,949] INFO:       Title: Epson Printer & Scanner includes 6+Ink Cartridges New | Price: 40.00
[2025-11-12 19:34:10,687] INFO:       [24/24] Processed 3237053193118320... (24/100)
[2025-11-12 19:34:10,687] INFO:       Title: Cannon Ink Cartridges - free to collect | Price: 0.00
[2025-11-12 19:34:10,687] INFO:     🔄 Iteration 2
[2025-11-12 19:34:10,687] INFO:     ✅ Found 24 new items. Total: 24/100 | Total unique: 24
[2025-11-12 19:34:16,368] INFO:       [1/24] Processed 25005585095737198... (25/100)
[2025-11-12 19:34:16,368] INFO:       Title: Printer ink compatible with Canon cartridges 545 and 546. 5 BRAND NEW cartridges. | Price: 12.00
[2025-11-12 19:34:21,143] INFO:       [2/24] Processed 845592694592730... (26/100)
[2025-11-12 19:34:21,143] INFO:       Title: Cannon printer ink cartridges | Price: 25.00
[2025-11-12 19:34:25,759] INFO:       [3/24] Processed 649613181565539... (27/100)
[2025-11-12 19:34:25,759] INFO:       Title: Canon A3 Printer with Ink Cartridges - collect from Crowle | Price: 110.00
[2025-11-12 19:34:29,492] INFO:       [4/24] Processed 1397369008671703... (28/100)
[2025-11-12 19:34:29,493] INFO:       Title: Cannon ink cartridges | Price: 15.00
[2025-11-12 19:34:33,162] INFO:       [5/24] Processed 4079285479068173... (29/100)
[2025-11-12 19:34:33,163] INFO:       Title: 26 Printer Cartridges for Canon T5000 printers | Price: 10.00
[2025-11-12 19:34:37,991] INFO:       [6/24] Processed 811648921497685... (30/100)
[2025-11-12 19:34:37,991] INFO:       Title: Genuine canon 718 toner cartridges | Price: 195.00
[2025-11-12 19:34:42,629] INFO:       [7/24] Processed 842869248116020... (31/100)
[2025-11-12 19:34:42,629] INFO:       Title: Printer cartridges multiple colours | Price: 20.00
[2025-11-12 19:34:46,205] INFO:       [8/24] Processed 1161437302837830... (32/100)
[2025-11-12 19:34:46,205] INFO:       Title: Canon printer | Price: 20.00
[2025-11-12 19:34:49,807] INFO:       [9/24] Processed 25299163479699786... (33/100)
[2025-11-12 19:34:49,808] INFO:       Title: Canon Ink Cartridges | Price: 5.00
[2025-11-12 19:34:53,339] INFO:       [10/24] Processed 1907867313413066... (34/100)
[2025-11-12 19:34:53,340] INFO:       Title: Canon BJC80 printer scanner & ink cartridges | Price: 50.00
[2025-11-12 19:34:57,997] INFO:       [11/24] Processed 1712179912783068... (35/100)
[2025-11-12 19:34:57,997] INFO:       Title: Canon Printer Ink Cartridges | Price: 10.00
[2025-11-12 19:35:03,684] INFO:       [12/24] Processed 838917298497199... (36/100)
[2025-11-12 19:35:03,684] INFO:       Title: Canon Printer with ink cartridges included | Price: 30.00
[2025-11-12 19:35:07,346] INFO:       [13/24] Processed 1767010063866766... (37/100)
[2025-11-12 19:35:07,346] INFO:       Title: Canon Pixma Pro 10S colour A3+ professional printer. | Price: 200.00
[2025-11-12 19:35:10,918] INFO:   📊 GraphQL → 23 items
[2025-11-12 19:35:13,071] INFO:       [14/24] Processed 1357479955762941... (38/100)
[2025-11-12 19:35:13,071] INFO:       Title: HP compatible printer ink cartridges | Price: 0.00
[2025-11-12 19:35:18,692] INFO:       [15/24] Processed 2341519326336848... (39/100)
[2025-11-12 19:35:18,693] INFO:       Title: Canon MG5750 Wireless Printer/Copy/Scan (HALF PRICE) | Price: 100.00
[2025-11-12 19:35:24,294] INFO:       [16/24] Processed 24918229847834585... (40/100)
[2025-11-12 19:35:24,294] INFO:       Title: Great canon ts5351a with no ink cartridge (unboxed) | Price: 25.00
[2025-11-12 19:35:28,911] INFO:       [17/24] Processed 4364662043807658... (41/100)
[2025-11-12 19:35:28,912] INFO:       Title: Ink Cartridges from a canon printer collect LIttlehampton | Price: 3.00
[2025-11-12 19:35:33,491] INFO:       [18/24] Processed 1370910101214537... (42/100)
[2025-11-12 19:35:33,492] INFO:       Title: Canon ts5150 printer | Price: 30.00
[2025-11-12 19:35:37,144] INFO:       [19/24] Processed 2064374574376417... (43/100)
[2025-11-12 19:35:37,144] INFO:       Title: Canon Pixma ip6700D Photo Printer With New Ink Cartridges | Price: 20.00
[2025-11-12 19:35:41,746] INFO:       [20/24] Processed 802491352586788... (44/100)
[2025-11-12 19:35:41,746] INFO:       Title: Canon pixma colour cartridges | Price: 20.00
[2025-11-12 19:35:45,445] INFO:       [21/24] Processed 812162075012254... (45/100)
[2025-11-12 19:35:45,445] INFO:       Title: Photo printer | Price: 55.00
[2025-11-12 19:35:48,995] INFO:       [22/24] Processed 832862975878515... (46/100)
[2025-11-12 19:35:48,995] INFO:       Title: Remanufactured Ink Jet Cartridges Colour X2 546 XL suitable for Cannon Printer | Price: 25.00
[2025-11-12 19:35:52,562] INFO:       [23/24] Processed 1543534536553493... (47/100)
[2025-11-12 19:35:52,562] INFO:       Title: Canon Colour Cartridge (CL-513) 
New Original
No Posting - Collection Only
CASH ONLY AT DOOR | Price: 10.00
[2025-11-12 19:35:57,160] INFO:       [24/24] Processed 1362971471954146... (48/100)
[2025-11-12 19:35:57,160] INFO:       Title: Large canon printer | Price: 2000.00
[2025-11-12 19:35:57,160] INFO:     🔄 Iteration 3
[2025-11-12 19:35:57,160] INFO:     ✅ Found 23 new items. Total: 48/100 | Total unique: 48
[2025-11-12 19:36:07,166] INFO:       ⏭️  Skipped 1316724486435641: selector timeout, error: Page.wait_for_selector: Timeout 10000ms exceeded.

[2025-11-12 19:36:17,174] INFO:       ⏭️  Skipped 1888079798754394: selector timeout, error: Page.wait_for_selector: Timeout 10000ms exceeded.

[2025-11-12 19:36:27,180] INFO:       ⏭️  Skipped 827568980231457: selector timeout, error: Page.wait_for_selector: Timeout 10000ms exceeded.

[2025-11-12 19:36:37,185] INFO:       ⏭️  Skipped 826237803464638: selector timeout, error: Page.wait_for_selector: Timeout 10000ms exceeded.

[2025-11-12 19:36:47,192] INFO:       ⏭️  Skipped 1031578899093719: selector timeout, error: Page.wait_for_selector: Timeout 10000ms exceeded.

[2025-11-12 19:36:57,195] INFO:       ⏭️  Skipped 1344436397378512: selector timeout, error: Page.wait_for_selector: Timeout 10000ms exceeded.

[2025-11-12 19:37:07,202] INFO:       ⏭️  Skipped 1213075990872284: selector timeout, error: Page.wait_for_selector: Timeout 10000ms exceeded.

[2025-11-12 19:37:17,209] INFO:       ⏭️  Skipped 1947766232449507: selector timeout, error: Page.wait_for_selector: Timeout 10000ms exceeded.

[2025-11-12 19:37:27,213] INFO:       ⏭️  Skipped 1580667719778744: selector timeout, error: Page.wait_for_selector: Timeout 10000ms exceeded.

[2025-11-12 19:37:37,216] INFO:       ⏭️  Skipped 820043943962063: selector timeout, error: Page.wait_for_selector: Timeout 10000ms exceeded.

[2025-11-12 19:37:47,219] INFO:       ⏭️  Skipped 2005787683540037: selector timeout, error: Page.wait_for_selector: Timeout 10000ms exceeded.

[2025-11-12 19:37:57,225] INFO:       ⏭️  Skipped 846624017875744: selector timeout, error: Page.wait_for_selector: Timeout 10000ms exceeded.

[2025-11-12 19:38:07,233] INFO:       ⏭️  Skipped 695989156887288: selector timeout, error: Page.wait_for_selector: Timeout 10000ms exceeded.

[2025-11-12 19:38:17,238] INFO:       ⏭️  Skipped 1368016338252688: selector timeout, error: Page.wait_for_selector: Timeout 10000ms exceeded.

[2025-11-12 19:38:27,243] INFO:       ⏭️  Skipped 1380239786871615: selector timeout, error: Page.wait_for_selector: Timeout 10000ms exceeded.

[2025-11-12 19:38:37,247] INFO:       ⏭️  Skipped 1377635170643776: selector timeout, error: Page.wait_for_selector: Timeout 10000ms exceeded.

[2025-11-12 19:38:47,250] INFO:       ⏭️  Skipped 1951389322926735: selector timeout, error: Page.wait_for_selector: Timeout 10000ms exceeded.

[2025-11-12 19:38:57,256] INFO:       ⏭️  Skipped 850131994638938: selector timeout, error: Page.wait_for_selector: Timeout 10000ms exceeded.

[2025-11-12 19:39:07,264] INFO:       ⏭️  Skipped 828966139833370: selector timeout, error: Page.wait_for_selector: Timeout 10000ms exceeded.

[2025-11-12 19:39:17,271] INFO:       ⏭️  Skipped 2253659958393091: selector timeout, error: Page.wait_for_selector: Timeout 10000ms exceeded.

[2025-11-12 19:39:27,276] INFO:       ⏭️  Skipped 2043500243052481: selector timeout, error: Page.wait_for_selector: Timeout 10000ms exceeded.

[2025-11-12 19:39:37,280] INFO:       ⏭️  Skipped 690235447104618: selector timeout, error: Page.wait_for_selector: Timeout 10000ms exceeded.

[2025-11-12 19:39:47,287] INFO:       ⏭️  Skipped 1202197065150153: selector timeout, error: Page.wait_for_selector: Timeout 10000ms exceeded.

[2025-11-12 19:39:47,287] INFO:     🔄 Iteration 4
[2025-11-12 19:39:47,287] INFO:     ⚠️  No new items found. Attempt 1/3
[2025-11-12 19:39:47,287] INFO:     📜 Scrolling to bottom and waiting...
[2025-11-12 19:39:58,807] INFO:     🔄 Iteration 5
[2025-11-12 19:39:58,807] INFO:     ⚠️  No new items found. Attempt 2/3
[2025-11-12 19:39:58,807] INFO:     📜 Scrolling to bottom and waiting...
[2025-11-12 19:40:10,325] INFO:     🔄 Iteration 6
[2025-11-12 19:40:10,325] INFO:     ⚠️  No new items found. Attempt 3/3
[2025-11-12 19:40:10,325] INFO:     ❌ No new items after 3 attempts. Stopping.
[2025-11-12 19:40:10,325] INFO:   ⏳ Final wait for responses...
[2025-11-12 19:40:25,327] INFO: ✅ Scraped 48 items from London
[2025-11-12 19:40:25,328] INFO: 
================================================================================
[2025-11-12 19:40:25,328] INFO: ✅ SCRAPING COMPLETE!
[2025-11-12 19:40:25,328] INFO: 📊 Total unique listings scraped: 48
[2025-11-12 19:40:25,328] INFO: ================================================================================
[2025-11-12 19:40:25,746] INFO: Task completed successfully
