[2025-11-13 14:42:05,984] INFO: Task received by worker
[2025-11-13 14:42:05,985] INFO: Starting task: Facebook Marketplace Scraper
[2025-11-13 14:42:05,985] DEBUG: Input data: {
  "cities": [
    "london",
    "manchester"
  ],
  "query": "Canon Printer Cartridge",
  "last_n_days": 7,
  "listings_per_city": 100
}
[2025-11-13 14:42:05,991] INFO: AADSASDASDASDASDASSDFSDFSDKFHSDKJFHKDSHKJHkjhjhkjhkj
[2025-11-13 14:42:05,991] INFO: Scraping 2 city(s): london, manchester
[2025-11-13 14:42:05,992] INFO: ================================================================================
[2025-11-13 14:42:05,992] INFO: 🚀 FACEBOOK MARKETPLACE SCRAPER
[2025-11-13 14:42:05,995] INFO: ================================================================================
[2025-11-13 14:42:05,995] INFO: 📋 Configuration:
[2025-11-13 14:42:05,995] INFO:    Query: "Canon Printer Cartridge"
[2025-11-13 14:42:05,995] INFO:    Cities: london, manchester
[2025-11-13 14:42:05,995] INFO:    Days: 7
[2025-11-13 14:42:05,995] INFO:    Listings per city: 100
[2025-11-13 14:42:05,996] INFO:    Cookies file: Facebook Marketplace Scraper - 168 (STARTED)
[2025-11-13 14:42:05,996] INFO: ================================================================================
[2025-11-13 14:42:09,335] INFO: 
🔐 LOGIN PROCESS
[2025-11-13 14:42:09,335] INFO: --------------------------------------------------------------------------------
[2025-11-13 14:42:09,358] INFO: ✅ Cookies loaded. Checking session...
[2025-11-13 14:42:21,726] INFO: ⚠️  Session expired. Contact with your Technical support!
[2025-11-13 14:42:22,052] INFO: Task completed successfully
