[2025-11-11 16:18:48,768] INFO: Task received by worker
[2025-11-11 16:18:48,769] INFO: Starting task: Facebook Marketplace Scraper
[2025-11-11 16:18:48,769] DEBUG: Input data: {
  "cities": [
    "berlin"
  ],
  "query": "Canon Printer Cartridge",
  "last_n_days": 7,
  "listings_per_city": 100
}
[2025-11-11 16:18:48,774] INFO: AADSASDASDASDASDASSDFSDFSDKFHSDKJFHKDSHKJHkjhjhkjhkj
[2025-11-11 16:18:48,775] INFO: Scraping 1 city(s): berlin
[2025-11-11 16:18:48,777] INFO: ================================================================================
[2025-11-11 16:18:48,777] INFO: 🚀 FACEBOOK MARKETPLACE SCRAPER
[2025-11-11 16:18:48,777] INFO: ================================================================================
[2025-11-11 16:18:48,778] INFO: 📋 Configuration:
[2025-11-11 16:18:48,778] INFO:    Query: "Canon Printer Cartridge"
[2025-11-11 16:18:48,778] INFO:    Cities: berlin
[2025-11-11 16:18:48,778] INFO:    Days: 7
[2025-11-11 16:18:48,778] INFO:    Listings per city: 100
[2025-11-11 16:18:48,778] INFO:    Cookies file: Facebook Marketplace Scraper - 121 (STARTED)
[2025-11-11 16:18:48,778] INFO: ================================================================================
[2025-11-11 16:18:48,782] INFO: Task completed successfully
