[2025-11-13 16:55:32,359] INFO: Task received by worker
[2025-11-13 16:55:32,359] INFO: Starting task: Facebook Marketplace Scraper
[2025-11-13 16:55:32,360] DEBUG: Input data: {
  "cities": [
    "london"
  ],
  "query": "Canon Printer Cartridge",
  "last_n_days": 7,
  "listings_per_city": 100
}
[2025-11-13 16:55:32,369] INFO: AADSASDASDASDASDASSDFSDFSDKFHSDKJFHKDSHKJHkjhjhkjhkj
[2025-11-13 16:55:32,372] INFO: Scraping 1 city(s): london
[2025-11-13 16:55:32,400] INFO: ================================================================================
[2025-11-13 16:55:32,401] INFO: 🚀 FACEBOOK MARKETPLACE SCRAPER
[2025-11-13 16:55:32,401] INFO: ================================================================================
[2025-11-13 16:55:32,401] INFO: 📋 Configuration:
[2025-11-13 16:55:32,401] INFO:    Query: "Canon Printer Cartridge"
[2025-11-13 16:55:32,402] INFO:    Cities: london
[2025-11-13 16:55:32,402] INFO:    Days: 7
[2025-11-13 16:55:32,402] INFO:    Listings per city: 100
[2025-11-13 16:55:32,402] INFO:    Cookies file: Facebook Marketplace Scraper - 172 (STARTED)
[2025-11-13 16:55:32,402] INFO: ================================================================================
[2025-11-13 16:55:34,111] INFO: 
🔐 LOGIN PROCESS
[2025-11-13 16:55:34,111] INFO: --------------------------------------------------------------------------------
[2025-11-13 16:55:34,124] INFO: ✅ Cookies loaded. Checking session...
[2025-11-13 16:55:47,086] INFO: ✅ Session is valid.
[2025-11-13 16:55:47,086] INFO: 
🌍 SCRAPING CITIES
[2025-11-13 16:55:47,086] INFO: --------------------------------------------------------------------------------
[2025-11-13 16:55:47,086] INFO: 
📍 City 1/1: London
[2025-11-13 16:55:47,086] INFO: --------------------------------------------------------------------------------
[2025-11-13 16:55:47,086] INFO: 🔗 URL: https://www.facebook.com/marketplace/london/search?daysSinceListed=7&sortBy=best_match&query=Canon%20Printer%20Cartridge
[2025-11-13 16:55:47,271] INFO: ⏳ Loading marketplace page...
[2025-11-13 16:55:49,258] INFO:   📄 HTML → 24 items
[2025-11-13 16:55:49,278] INFO:   ⏳ Scraping up to 100 listings...
[2025-11-13 16:56:04,289] INFO:     🔄 Iteration 1
[2025-11-13 16:56:04,290] INFO:     ✅ Found 24 new items. Total: 0/100 | Total unique: 0
[2025-11-13 16:56:09,988] INFO:       [1/24] Processed 25439726585661717... (1/100)
[2025-11-13 16:56:09,989] INFO:       Title: Canon Printer Cartridge Pixma 561 XL | Price: 15.00
[2025-11-13 16:56:15,687] INFO:       [2/24] Processed 1554036418929335... (2/100)
[2025-11-13 16:56:15,687] INFO:       Title: Canon Printer Cartridge XL 540 | Price: 15.00
[2025-11-13 16:56:21,287] INFO:       [3/24] Processed 2634536553592425... (3/100)
[2025-11-13 16:56:21,287] INFO:       Title: Canon Printer Cartridges | Price: 12.00
[2025-11-13 16:56:24,903] INFO:       [4/24] Processed 1165421041786090... (4/100)
[2025-11-13 16:56:24,904] INFO:       Title: Ink Cartridges - Canon | Price: 10.00
[2025-11-13 16:56:28,604] INFO:       [5/24] Processed 724021280062561... (5/100)
[2025-11-13 16:56:28,605] INFO:       Title: Genuine CANON ink cartridges for PIXMA printer (CLI-551/PGI-550) | Price: 22.00
[2025-11-13 16:56:34,251] INFO:       [6/24] Processed 821587960580790... (6/100)
[2025-11-13 16:56:34,252] INFO:       Title: 5 x Canon Pixma multipack printer cartridges | Price: 100.00
[2025-11-13 16:56:38,976] INFO:       [7/24] Processed 4200158923604827... (7/100)
[2025-11-13 16:56:38,977] INFO:       Title: Canon 545 XL printer cartridge | Price: 10.00
[2025-11-13 16:56:43,708] INFO:       [8/24] Processed 1409378457250684... (8/100)
[2025-11-13 16:56:43,709] INFO:       Title: Canon SELPHY Square mini photo printer with brand new ink cartridge | Price: 90.00
[2025-11-13 16:56:48,491] INFO:       [9/24] Processed 1791296661521210... (9/100)
[2025-11-13 16:56:48,492] INFO:       Title: Canon MG4150 printer | Price: 0.00
[2025-11-13 16:56:54,219] INFO:       [10/24] Processed 1533404871411826... (10/100)
[2025-11-13 16:56:54,219] INFO:       Title: Canon pixma printer and black ink cartridge | Price: 35.00
[2025-11-13 16:56:59,883] INFO:       [11/24] Processed 1595795774739741... (11/100)
[2025-11-13 16:56:59,883] INFO:       Title: Canon Ink cartridges mixed bundle-open to offers | Price: 350.00
[2025-11-13 16:57:05,506] INFO:       [12/24] Processed 804443662396158... (12/100)
[2025-11-13 16:57:05,507] INFO:       Title: 10x printer in cartridges. | Price: 20.00
[2025-11-13 16:57:06,867] INFO:   📊 GraphQL → 24 items
[2025-11-13 16:57:08,082] INFO:   📊 GraphQL → 24 items
[2025-11-13 16:57:09,255] INFO:       [13/24] Processed 1996643580893125... (13/100)
[2025-11-13 16:57:09,255] INFO:       Title: Canon imageprograf PRO-300 printer | Price: 200.00
[2025-11-13 16:57:13,039] INFO:       [14/24] Processed 805123005626129... (14/100)
[2025-11-13 16:57:13,040] INFO:       Title: Canon IPF6400 24” colour printer | Price: 0.00
[2025-11-13 16:57:17,604] INFO:       [15/24] Processed 1522001412469948... (15/100)
[2025-11-13 16:57:17,604] INFO:       Title: Canon Pixma MP495 Printer and Ink Cartridges | Price: 20.00
[2025-11-13 16:57:22,305] INFO:       [16/24] Processed 867863309009116... (16/100)
[2025-11-13 16:57:22,306] INFO:       Title: FS: Brand New Sealed Genuine Canon Cartridge 312 Printer Black Toner for LBP3050 LBP3100 LBP3150 | Price: 20.00
[2025-11-13 16:57:27,887] INFO:       [17/24] Processed 932832663238117... (17/100)
[2025-11-13 16:57:27,887] INFO:       Title: Canon Pixma TS3355 Printer | Price: 20.00
[2025-11-13 16:57:33,621] INFO:       [18/24] Processed 1343984273540151... (18/100)
[2025-11-13 16:57:33,622] INFO:       Title: Canon Printer Ink Cartridges x12 (All Black) | Price: 20.00
[2025-11-13 16:57:38,357] INFO:       [19/24] Processed 3237053193118320... (19/100)
[2025-11-13 16:57:38,357] INFO:       Title: Cannon Ink Cartridges - free to collect | Price: 0.00
[2025-11-13 16:57:41,955] INFO:       [20/24] Processed 1356698949235939... (20/100)
[2025-11-13 16:57:41,956] INFO:       Title: Epson Printer & Scanner includes 6+Ink Cartridges New | Price: 40.00
[2025-11-13 16:57:46,588] INFO:       [21/24] Processed 845592694592730... (21/100)
[2025-11-13 16:57:46,589] INFO:       Title: Cannon printer ink cartridges | Price: 25.00
[2025-11-13 16:57:51,374] INFO:       [22/24] Processed 811648921497685... (22/100)
[2025-11-13 16:57:51,374] INFO:       Title: Genuine canon 718 toner cartridges | Price: 195.00
[2025-11-13 16:57:55,038] INFO:       [23/24] Processed 1712179912783068... (23/100)
[2025-11-13 16:57:55,038] INFO:       Title: Canon Printer Ink Cartridges | Price: 10.00
[2025-11-13 16:57:59,754] INFO:       [24/24] Processed 3908149689328337... (24/100)
[2025-11-13 16:57:59,755] INFO:       Title: Canon Printer & Scanner MG25505 | Price: 15.00
[2025-11-13 16:57:59,755] INFO:     🔄 Iteration 2
[2025-11-13 16:57:59,755] INFO:     ✅ Found 48 new items. Total: 24/100 | Total unique: 24
[2025-11-13 16:58:03,425] INFO:       [1/48] Processed 1332803175252000... (25/100)
[2025-11-13 16:58:03,426] INFO:       Title: Printer Ink Cartridges | Price: 5.00
[2025-11-13 16:58:08,955] INFO:       [2/48] Processed 1107790084761646... (26/100)
[2025-11-13 16:58:08,956] INFO:       Title: Box of 25 Canon CLI-526 Cyan, Magenta, Yellow, and Key (Black) Printer Ink Cartridges | Price: 15.00
[2025-11-13 16:58:13,664] INFO:       [3/48] Processed 2089559951820011... (27/100)
[2025-11-13 16:58:13,664] INFO:       Title: PRINTER CARTRIDGES | Price: 20.00
[2025-11-13 16:58:19,384] INFO:       [4/48] Processed 4079285479068173... (28/100)
[2025-11-13 16:58:19,385] INFO:       Title: 26 Printer Cartridges for Canon T5000 printers | Price: 10.00
[2025-11-13 16:58:23,039] INFO:       [5/48] Processed 1802585840390656... (29/100)
[2025-11-13 16:58:23,040] INFO:       Title: Two Empty Ink Canon Printer Cartridges . (Collect Brentford Tw8 0de) | Price: 3.00
[2025-11-13 16:58:27,823] INFO:       [6/48] Processed 649613181565539... (30/100)
[2025-11-13 16:58:27,824] INFO:       Title: Canon A3 Printer with Ink Cartridges - collect from Crowle | Price: 110.00
[2025-11-13 16:58:31,689] INFO:       [7/48] Processed 1397369008671703... (31/100)
[2025-11-13 16:58:31,690] INFO:       Title: Cannon ink cartridges | Price: 15.00
[2025-11-13 16:58:35,308] INFO:       [8/48] Processed 1767010063866766... (32/100)
[2025-11-13 16:58:35,308] INFO:       Title: Canon Pixma Pro 10S colour A3+ professional printer. | Price: 200.00
[2025-11-13 16:58:41,024] INFO:       [9/48] Processed 842869248116020... (33/100)
[2025-11-13 16:58:41,024] INFO:       Title: Printer cartridges multiple colours | Price: 20.00
[2025-11-13 16:58:44,590] INFO:       [10/48] Processed 1161437302837830... (34/100)
[2025-11-13 16:58:44,590] INFO:       Title: Canon printer | Price: 20.00
[2025-11-13 16:58:50,138] INFO:       [11/48] Processed 2061986124560461... (35/100)
[2025-11-13 16:58:50,139] INFO:       Title: Canon Pixma printer and scanner | Price: 0.00
[2025-11-13 16:58:53,707] INFO:       [12/48] Processed 812162075012254... (36/100)
[2025-11-13 16:58:53,707] INFO:       Title: Photo printer | Price: 55.00
[2025-11-13 16:58:57,423] INFO:       [13/48] Processed 2064374574376417... (37/100)
[2025-11-13 16:58:57,423] INFO:       Title: Canon Pixma ip6700D Photo Printer With New Ink Cartridges | Price: 20.00
[2025-11-13 16:59:02,006] INFO:       [14/48] Processed 4364662043807658... (38/100)
[2025-11-13 16:59:02,007] INFO:       Title: Ink Cartridges from a canon printer collect LIttlehampton | Price: 3.00
[2025-11-13 16:59:07,619] INFO:       [15/48] Processed 24918229847834585... (39/100)
[2025-11-13 16:59:07,620] INFO:       Title: Great canon ts5351a with no ink cartridge (unboxed) | Price: 25.00
[2025-11-13 16:59:12,265] INFO:       [16/48] Processed 1362971471954146... (40/100)
[2025-11-13 16:59:12,265] INFO:       Title: Large canon printer | Price: 2000.00
[2025-11-13 16:59:17,865] INFO:       [17/48] Processed 819359297517915... (41/100)
[2025-11-13 16:59:17,865] INFO:       Title: Fantastic canon ts5151 with no ink cartridge | Price: 35.00
[2025-11-13 16:59:22,474] INFO:       [18/48] Processed 1357479955762941... (42/100)
[2025-11-13 16:59:22,474] INFO:       Title: HP compatible printer ink cartridges | Price: 0.00
[2025-11-13 16:59:26,305] INFO:       [19/48] Processed 1782324656491546... (43/100)
[2025-11-13 16:59:26,306] INFO:       Title: Canon Pixma TS3355 coloured A4 printer/scanner | Price: 30.00
[2025-11-13 16:59:29,956] INFO:       [20/48] Processed 848845894274319... (44/100)
[2025-11-13 16:59:29,957] INFO:       Title: Canon Pixma TR4550 printer | Price: 20.00
[2025-11-13 16:59:35,573] INFO:       [21/48] Processed 835893242730509... (45/100)
[2025-11-13 16:59:35,574] INFO:       Title: Inkjet cartridges suitable for Canon printers | Price: 1.00
[2025-11-13 16:59:41,054] INFO:       [22/48] Processed 832862975878515... (46/100)
[2025-11-13 16:59:41,055] INFO:       Title: Remanufactured Ink Jet Cartridges Colour X2 546 XL suitable for Cannon Printer | Price: 25.00
[2025-11-13 16:59:45,623] INFO:       [23/48] Processed 1907867313413066... (47/100)
[2025-11-13 16:59:45,624] INFO:       Title: Canon BJC80 printer scanner & ink cartridges | Price: 50.00
[2025-11-13 16:59:50,158] INFO:       [24/48] Processed 785202961005297... (48/100)
[2025-11-13 16:59:50,159] INFO:       Title: HP Inkjet cartridge - Tri colour official | Price: 5.00
[2025-11-13 16:59:54,660] INFO:       [25/48] Processed 1881933909199971... (49/100)
[2025-11-13 16:59:54,660] INFO:       Title: Canon Pixma MX495 INKJET PRINTER | Price: 0.00
[2025-11-13 16:59:59,306] INFO:       [26/48] Processed 25005585095737198... (50/100)
[2025-11-13 16:59:59,306] INFO:       Title: Printer ink compatible with Canon cartridges 545 and 546. 5 BRAND NEW cartridges. | Price: 12.00
[2025-11-13 17:00:02,978] INFO:       [27/48] Processed 4400003950220063... (51/100)
[2025-11-13 17:00:02,978] INFO:       Title: Canon Printer | Price: 50.00
[2025-11-13 17:00:07,555] INFO:       [28/48] Processed 1898680017661508... (52/100)
[2025-11-13 17:00:07,556] INFO:       Title: Canon Multifunction Printer Scanner With Ink - £5 | Price: 5.00
[2025-11-13 17:00:13,124] INFO:       [29/48] Processed 2496756177372090... (53/100)
[2025-11-13 17:00:13,124] INFO:       Title: 4x 13ml C526 Ink Cartridges From Cartridge Save For Canon Printer | Price: 10.00
[2025-11-13 17:00:18,724] INFO:       [30/48] Processed 1370910101214537... (54/100)
[2025-11-13 17:00:18,724] INFO:       Title: Canon ts5150 printer | Price: 30.00
[2025-11-13 17:00:23,369] INFO:       [31/48] Processed 2254285295081869... (55/100)
[2025-11-13 17:00:23,370] INFO:       Title: Canon QY6-0082 Print head and ink cartridges | Price: 15.00
[2025-11-13 17:00:27,873] INFO:       [32/48] Processed 792299093801756... (56/100)
[2025-11-13 17:00:27,874] INFO:       Title: Canon Printer MG3150 Colour Photo Printer Used working - no power lead no cartridges. | Price: 10.00
[2025-11-13 17:00:33,475] INFO:       [33/48] Processed 1463298951405998... (57/100)
[2025-11-13 17:00:33,475] INFO:       Title: Cannon printer cartridge | Price: 20.00
[2025-11-13 17:00:38,126] INFO:       [34/48] Processed 820176747282037... (58/100)
[2025-11-13 17:00:38,126] INFO:       Title: INK CARTRIDGES For Canon Printer  using 570 and 571 Cartridges | Price: 40.00
[2025-11-13 17:00:41,739] INFO:       [35/48] Processed 837074238871635... (59/100)
[2025-11-13 17:00:41,740] INFO:       Title: Cannon fax machine/printer/photocopier | Price: 100.00
[2025-11-13 17:00:43,557] INFO:   📊 GraphQL → 24 items
[2025-11-13 17:00:45,240] INFO:       [36/48] Processed 4308290512832118... (60/100)
[2025-11-13 17:00:45,241] INFO:       Title: Canon Printer - sat around a couple of years | Price: 2.00
[2025-11-13 17:00:49,840] INFO:       [37/48] Processed 695989156887288... (61/100)
[2025-11-13 17:00:49,840] INFO:       Title: Canon Printer Ink 550 PGBK XL | Price: 12.00
[2025-11-13 17:00:53,440] INFO:       [38/48] Processed 1031578899093719... (62/100)
[2025-11-13 17:00:53,441] INFO:       Title: Printer, scanner, copier (Canon) & cartridges | Price: 20.00
[2025-11-13 17:00:58,997] INFO:       [39/48] Processed 1342491731006530... (63/100)
[2025-11-13 17:00:58,997] INFO:       Title: Canon DCP J4120DW Colour Printer | Price: 40.00
[2025-11-13 17:01:03,611] INFO:       [40/48] Processed 3266361300198687... (64/100)
[2025-11-13 17:01:03,611] INFO:       Title: Canon replacement colour ink | Price: 7.00
[2025-11-13 17:01:09,245] INFO:       [41/48] Processed 651067787942053... (65/100)
[2025-11-13 17:01:09,246] INFO:       Title: Genuine Epson ink cartridges | Price: 10.00
[2025-11-13 17:01:12,773] INFO:       [42/48] Processed 1344436397378512... (66/100)
[2025-11-13 17:01:12,774] INFO:       Title: Wilko printer cartridge canon CLI-571XL | Price: 10.00
[2025-11-13 17:01:18,409] INFO:       [43/48] Processed 809336545229059... (67/100)
[2025-11-13 17:01:18,410] INFO:       Title: Canon TS3151 Bluetooth fine cartridge printer | Price: 20.00
[2025-11-13 17:01:22,974] INFO:       [44/48] Processed 2349034075529669... (68/100)
[2025-11-13 17:01:22,974] INFO:       Title: Black & Colour refurbished Canon ink cartridges | Price: 15.00
[2025-11-13 17:01:28,524] INFO:       [45/48] Processed 827568980231457... (69/100)
[2025-11-13 17:01:28,525] INFO:       Title: Cannon MG3050 Printer / Scanner (with ink) | Price: 30.00
[2025-11-13 17:01:34,175] INFO:       [46/48] Processed 1580667719778744... (70/100)
[2025-11-13 17:01:34,175] INFO:       Title: Cannon printer | Price: 55.00
[2025-11-13 17:01:38,893] INFO:       [47/48] Processed 1947766232449507... (71/100)
[2025-11-13 17:01:38,893] INFO:       Title: Canon IP7250 pixima printer | Price: 20.00
[2025-11-13 17:01:43,590] INFO:       [48/48] Processed 4227006190880224... (72/100)
[2025-11-13 17:01:43,591] INFO:       Title: Printer ink cartridges | Price: 2.00
[2025-11-13 17:01:43,599] INFO:     🔄 Iteration 3
[2025-11-13 17:01:43,599] INFO:     ✅ Found 24 new items. Total: 72/100 | Total unique: 72
[2025-11-13 17:01:47,314] INFO:       [1/24] Processed 1213075990872284... (73/100)
[2025-11-13 17:01:47,314] INFO:       Title: Wolfgray PGI 580XXL Printer Cartridges Compatible with Canon | Price: 10.00
[2025-11-13 17:01:52,975] INFO:       [2/24] Processed 2005787683540037... (74/100)
[2025-11-13 17:01:52,976] INFO:       Title: Canon printer MG2551S | Price: 40.00
[2025-11-13 17:01:58,642] INFO:       [3/24] Processed 25015282818100616... (75/100)
[2025-11-13 17:01:58,642] INFO:       Title: Canon Printer | Price: 10.00
[2025-11-13 17:02:04,309] INFO:       [4/24] Processed 1377635170643776... (76/100)
[2025-11-13 17:02:04,309] INFO:       Title: Printer Cannon LPB 2900i. Black and White | Price: 20.00
[2025-11-13 17:02:10,097] INFO:       [5/24] Processed 820043943962063... (77/100)
[2025-11-13 17:02:10,097] INFO:       Title: Canon Printer Ink 551 Black XL | Price: 12.00
[2025-11-13 17:02:14,863] INFO:       [6/24] Processed 2253659958393091... (78/100)
[2025-11-13 17:02:14,863] INFO:       Title: Canon Printer Ink 551 Black Standard | Price: 5.00
[2025-11-13 17:02:18,515] INFO:       [7/24] Processed 826237803464638... (79/100)
[2025-11-13 17:02:18,516] INFO:       Title: Canon Pixma MG4250 4 in 1 Printer | Price: 35.00
[2025-11-13 17:02:24,112] INFO:       [8/24] Processed 1380239786871615... (80/100)
[2025-11-13 17:02:24,112] INFO:       Title: Ink cartridges for Canon printer. Not suitable for my printer. | Price: 10.00
[2025-11-13 17:02:27,853] INFO:       [9/24] Processed 1202197065150153... (81/100)
[2025-11-13 17:02:27,853] INFO:       Title: Laser Toner Cartridge HP | Price: 20.00
[2025-11-13 17:02:31,496] INFO:       [10/24] Processed 690235447104618... (82/100)
[2025-11-13 17:02:31,496] INFO:       Title: All-in-one colour printer | Price: 20.00
[2025-11-13 17:02:35,186] INFO:       [11/24] Processed 1368016338252688... (83/100)
[2025-11-13 17:02:35,186] INFO:       Title: Canon Pixma 560 black ink cartridge | Price: 10.00
[2025-11-13 17:02:39,890] INFO:       [12/24] Processed 1041704031369989... (84/100)
[2025-11-13 17:02:39,890] INFO:       Title: Cannon printer/scanner | Price: 10.00
[2025-11-13 17:02:45,528] INFO:       [13/24] Processed 1951389322926735... (85/100)
[2025-11-13 17:02:45,528] INFO:       Title: A Yellow and a Cyan Canon Pixma 551 XL Ink Cartridges, new and unopened | Price: 15.00
[2025-11-13 17:02:50,278] INFO:       [14/24] Processed 828966139833370... (86/100)
[2025-11-13 17:02:50,278] INFO:       Title: Canon PIXMA Wireless ink jet printer, MG3650s | Price: 25.00
[2025-11-13 17:02:51,409] INFO:   📊 GraphQL → 1 items
[2025-11-13 17:02:53,894] INFO:       [15/24] Processed 1614278496649891... (87/100)
[2025-11-13 17:02:53,895] INFO:       Title: Canon CLI-521Y Yellow Ink Cartridge – Ink Cartridge for Pixma iP/MP/MX/Pro Printers. New, unused. | Price: 1.00
[2025-11-13 17:02:59,657] INFO:       [16/24] Processed 1797193617598445... (88/100)
[2025-11-13 17:02:59,657] INFO:       Title: Cannon Black Ink Cartridge | Price: 15.00
[2025-11-13 17:03:04,299] INFO:       [17/24] Processed 2043500243052481... (89/100)
[2025-11-13 17:03:04,300] INFO:       Title: Canon pixma mx420 + genuine canon colour ink cartridge | Price: 25.00
[2025-11-13 17:03:09,234] INFO:       [18/24] Processed 710944761533755... (90/100)
[2025-11-13 17:03:09,235] INFO:       Title: Printer - Canon - no cartridges- Pixma TS3350 | Price: 10.00
[2025-11-13 17:03:15,391] INFO:       [19/24] Processed 1005272328431363... (91/100)
[2025-11-13 17:03:15,391] INFO:       Title: Canon PIXMA TS5151 Wireless Printer + Additional Canon Ink Cartridge + Canon Premium Paper | Price: 40.00
[2025-11-13 17:03:21,176] INFO:       [20/24] Processed 3257457854415043... (92/100)
[2025-11-13 17:03:21,176] INFO:       Title: Canon Pixma TS3355 printer and scanner | Price: 30.00
[2025-11-13 17:03:26,806] INFO:       [21/24] Processed 1905744627040102... (93/100)
[2025-11-13 17:03:26,806] INFO:       Title: Canon PIXMA TS3350 Series - All-in-One Printer | Price: 25.00
[2025-11-13 17:03:31,536] INFO:       [22/24] Processed 832946079671196... (94/100)
[2025-11-13 17:03:31,536] INFO:       Title: Canon mg2550s NEW with cartridges | Price: 50.00
[2025-11-13 17:03:36,247] INFO:       [23/24] Processed 1072379504854554... (95/100)
[2025-11-13 17:03:36,248] INFO:       Title: Canon i - sensys, compatible printer  toner cartridge- Full Set | Price: 30.00
[2025-11-13 17:03:41,909] INFO:       [24/24] Processed 837377232548332... (96/100)
[2025-11-13 17:03:41,909] INFO:       Title: Canon pixma printer | Price: 15.00
[2025-11-13 17:03:41,910] INFO:     🔄 Iteration 4
[2025-11-13 17:03:41,910] INFO:     ✅ Found 1 new items. Total: 96/100 | Total unique: 96
[2025-11-13 17:03:47,543] INFO:       [1/1] Processed 1747479769295461... (97/100)
[2025-11-13 17:03:47,543] INFO:       Title: Cannon Printer | Price: 20.00
[2025-11-13 17:03:47,543] INFO:     🔄 Iteration 5
[2025-11-13 17:03:47,544] INFO:     ⚠️  No new items found. Attempt 1/3
[2025-11-13 17:03:47,544] INFO:     📜 Scrolling to bottom and waiting...
[2025-11-13 17:03:59,064] INFO:     🔄 Iteration 6
[2025-11-13 17:03:59,065] INFO:     ⚠️  No new items found. Attempt 2/3
[2025-11-13 17:03:59,065] INFO:     📜 Scrolling to bottom and waiting...
[2025-11-13 17:04:10,580] INFO:     🔄 Iteration 7
[2025-11-13 17:04:10,581] INFO:     ⚠️  No new items found. Attempt 3/3
[2025-11-13 17:04:10,581] INFO:     ❌ No new items after 3 attempts. Stopping.
[2025-11-13 17:04:10,581] INFO:   ⏳ Final wait for responses...
[2025-11-13 17:04:25,590] INFO: ✅ Scraped 97 items from London
[2025-11-13 17:04:25,591] INFO: 
================================================================================
[2025-11-13 17:04:25,591] INFO: ✅ SCRAPING COMPLETE!
[2025-11-13 17:04:25,591] INFO: 📊 Total unique listings scraped: 97
[2025-11-13 17:04:25,591] INFO: ================================================================================
[2025-11-13 17:04:26,484] INFO: Task completed successfully
