[2025-11-15 00:18:50,586] INFO: Task received by worker
[2025-11-15 00:18:50,586] INFO: Starting task: Facebook Marketplace Scraper
[2025-11-15 00:18:50,586] DEBUG: Input data: {
  "cities": [
    "london"
  ],
  "query": "Canon Printer Cartridge",
  "last_n_days": 7,
  "listings_per_city": "10"
}
[2025-11-15 00:18:50,589] INFO: Scraping 1 city(s): london
[2025-11-15 00:18:50,590] INFO: ================================================================================
[2025-11-15 00:18:50,590] INFO: 🚀 FACEBOOK MARKETPLACE SCRAPER
[2025-11-15 00:18:50,590] INFO: ================================================================================
[2025-11-15 00:18:50,591] INFO: 📋 Configuration:
[2025-11-15 00:18:50,591] INFO:    Query: "Canon Printer Cartridge"
[2025-11-15 00:18:50,591] INFO:    Cities: london
[2025-11-15 00:18:50,591] INFO:    Days: 7
[2025-11-15 00:18:50,591] INFO:    Listings per city: 10
[2025-11-15 00:18:50,591] INFO:    Cookies file: Facebook Marketplace Scraper - 198 (STARTED)
[2025-11-15 00:18:50,592] INFO: ================================================================================
[2025-11-15 00:18:51,376] INFO: 
🔐 LOGIN PROCESS
[2025-11-15 00:18:51,376] INFO: --------------------------------------------------------------------------------
[2025-11-15 00:18:51,382] INFO: ✅ Cookies loaded. Checking session...
[2025-11-15 00:19:03,127] INFO: ✅ Session is valid.
[2025-11-15 00:19:03,127] INFO: 
🌍 SCRAPING CITIES
[2025-11-15 00:19:03,127] INFO: --------------------------------------------------------------------------------
[2025-11-15 00:19:03,127] INFO: 
📍 City 1/1: London
[2025-11-15 00:19:03,127] INFO: --------------------------------------------------------------------------------
[2025-11-15 00:19:03,127] INFO: 🔗 URL: https://www.facebook.com/marketplace/london/search?daysSinceListed=7&sortBy=best_match&query=Canon%20Printer%20Cartridge
[2025-11-15 00:19:03,256] INFO: ⏳ Loading marketplace page...
[2025-11-15 00:19:04,628] INFO:   📄 HTML → 24 items
[2025-11-15 00:19:04,636] INFO:   ⏳ Scraping up to 10 listings...
[2025-11-15 00:19:21,277] INFO:   ⏳ Scraping up to 10 listings...
[2025-11-15 00:19:40,099] INFO:   ⏳ Scraping up to 10 listings...
[2025-11-15 00:20:00,685] INFO: ❌ Failed to scrape London after retries. Error: object of type 'NoneType' has no len()
[2025-11-15 00:20:00,685] INFO: 
================================================================================
[2025-11-15 00:20:00,686] INFO: ✅ SCRAPING COMPLETE!
[2025-11-15 00:20:00,686] INFO: 📊 Total unique listings scraped: 0
[2025-11-15 00:20:00,686] INFO: ================================================================================
[2025-11-15 00:20:00,825] INFO: Task completed successfully
