[2025-11-15 00:10:42,749] INFO: Task received by worker
[2025-11-15 00:10:42,749] INFO: Starting task: Facebook Marketplace Scraper
[2025-11-15 00:10:42,750] DEBUG: Input data: {
  "cities": [
    "london"
  ],
  "query": "Canon Printer Cartridge",
  "last_n_days": 7,
  "listings_per_city": "10"
}
[2025-11-15 00:10:42,752] INFO: Scraping 1 city(s): london
[2025-11-15 00:10:42,753] INFO: ================================================================================
[2025-11-15 00:10:42,753] INFO: 🚀 FACEBOOK MARKETPLACE SCRAPER
[2025-11-15 00:10:42,753] INFO: ================================================================================
[2025-11-15 00:10:42,753] INFO: 📋 Configuration:
[2025-11-15 00:10:42,753] INFO:    Query: "Canon Printer Cartridge"
[2025-11-15 00:10:42,753] INFO:    Cities: london
[2025-11-15 00:10:42,753] INFO:    Days: 7
[2025-11-15 00:10:42,753] INFO:    Listings per city: 10
[2025-11-15 00:10:42,753] INFO:    Cookies file: Facebook Marketplace Scraper - 196 (STARTED)
[2025-11-15 00:10:42,753] INFO: ================================================================================
[2025-11-15 00:10:44,305] INFO: 
🔐 LOGIN PROCESS
[2025-11-15 00:10:44,306] INFO: --------------------------------------------------------------------------------
[2025-11-15 00:10:44,345] INFO: ✅ Cookies loaded. Checking session...
[2025-11-15 00:10:58,710] INFO: ✅ Session is valid.
[2025-11-15 00:10:58,711] INFO: 
🌍 SCRAPING CITIES
[2025-11-15 00:10:58,711] INFO: --------------------------------------------------------------------------------
[2025-11-15 00:10:58,711] INFO: 
📍 City 1/1: London
[2025-11-15 00:10:58,711] INFO: --------------------------------------------------------------------------------
[2025-11-15 00:10:58,711] INFO: 🔗 URL: https://www.facebook.com/marketplace/london/search?daysSinceListed=7&sortBy=best_match&query=Canon%20Printer%20Cartridge
[2025-11-15 00:10:58,867] INFO: ⏳ Loading marketplace page...
[2025-11-15 00:10:59,895] INFO:   ⏳ Scraping up to 10 listings...
[2025-11-15 00:11:00,140] INFO:   📄 HTML → 24 items
[2025-11-15 00:11:14,899] INFO:     🔄 Iteration 1
[2025-11-15 00:11:14,899] INFO:     ✅ Found 24 new items. Total: 0/10 | Total unique: 0
[2025-11-15 00:11:19,616] INFO:       [1/24] Processed 25439726585661717... (1/10)
[2025-11-15 00:11:19,617] INFO:       Title: Canon Printer Cartridge Pixma 561 XL | Price: 15.00
[2025-11-15 00:11:25,298] INFO:       [2/24] Processed 1802585840390656... (2/10)
[2025-11-15 00:11:25,299] INFO:       Title: Two Empty Ink Canon Printer Cartridges . (Collect Brentford Tw8 0de) | Price: 3.00
[2025-11-15 00:11:29,931] INFO:       [3/24] Processed 1554036418929335... (3/10)
[2025-11-15 00:11:29,931] INFO:       Title: Canon Printer Cartridge XL 540 | Price: 15.00
[2025-11-15 00:11:33,580] INFO:       [4/24] Processed 1360464982207719... (4/10)
[2025-11-15 00:11:33,582] INFO:       Title: Brand new canon printer and cartridges | Price: 65.00
[2025-11-15 00:11:37,136] INFO:       [5/24] Processed 1595795774739741... (5/10)
[2025-11-15 00:11:37,136] INFO:       Title: Canon Ink cartridges mixed bundle-open to offers | Price: 350.00
[2025-11-15 00:11:41,830] INFO:       [6/24] Processed 2634536553592425... (6/10)
[2025-11-15 00:11:41,831] INFO:       Title: Canon Printer Cartridges | Price: 12.00
[2025-11-15 00:11:45,428] INFO:       [7/24] Processed 821587960580790... (7/10)
[2025-11-15 00:11:45,428] INFO:       Title: 5 x Canon Pixma multipack printer cartridges | Price: 100.00
[2025-11-15 00:11:50,129] INFO:       [8/24] Processed 867863309009116... (8/10)
[2025-11-15 00:11:50,129] INFO:       Title: FS: Brand New Sealed Genuine Canon Cartridge 312 Printer Black Toner for LBP3050 LBP3100 LBP3150 | Price: 20.00
[2025-11-15 00:11:55,827] INFO:       [9/24] Processed 685557397665256... (9/10)
[2025-11-15 00:11:55,828] INFO:       Title: Canon Ink Cartridges | Price: 40.00
[2025-11-15 00:12:01,477] INFO:       [10/24] Processed 1996643580893125... (10/10)
[2025-11-15 00:12:01,478] INFO:       Title: Canon imageprograf PRO-300 printer | Price: 200.00
[2025-11-15 00:12:01,478] INFO:     ✅ Reached target of 10 listings.
[2025-11-15 00:12:01,478] INFO:   ⏳ Final wait for responses...
[2025-11-15 00:12:16,480] INFO: ✅ Scraped 10 items from London
[2025-11-15 00:12:16,480] INFO: 
================================================================================
[2025-11-15 00:12:16,480] INFO: ✅ SCRAPING COMPLETE!
[2025-11-15 00:12:16,481] INFO: 📊 Total unique listings scraped: 10
[2025-11-15 00:12:16,481] INFO: ================================================================================
[2025-11-15 00:12:16,612] INFO: Task completed successfully
