[2025-11-11 21:11:33,977] INFO: Task received by worker
[2025-11-11 21:11:33,980] INFO: Starting task: Facebook Marketplace Scraper
[2025-11-11 21:11:33,981] DEBUG: Input data: {
  "cities": [
    "berlin"
  ],
  "query": "Canon Printer Cartridge",
  "last_n_days": 7,
  "listings_per_city": 100
}
[2025-11-11 21:11:33,991] INFO: AADSASDASDASDASDASSDFSDFSDKFHSDKJFHKDSHKJHkjhjhkjhkj
[2025-11-11 21:11:33,995] INFO: Scraping 1 city(s): berlin
[2025-11-11 21:11:33,998] INFO: ================================================================================
[2025-11-11 21:11:33,999] INFO: 🚀 FACEBOOK MARKETPLACE SCRAPER
[2025-11-11 21:11:34,000] INFO: ================================================================================
[2025-11-11 21:11:34,000] INFO: 📋 Configuration:
[2025-11-11 21:11:34,001] INFO:    Query: "Canon Printer Cartridge"
[2025-11-11 21:11:34,001] INFO:    Cities: berlin
[2025-11-11 21:11:34,001] INFO:    Days: 7
[2025-11-11 21:11:34,002] INFO:    Listings per city: 100
[2025-11-11 21:11:34,002] INFO:    Cookies file: Facebook Marketplace Scraper - 124 (STARTED)
[2025-11-11 21:11:34,003] INFO: ================================================================================
[2025-11-11 21:11:34,011] INFO: Task completed successfully
