[2025-11-13 14:48:58,926] INFO: Task received by worker
[2025-11-13 14:48:58,929] INFO: Starting task: Facebook Marketplace Scraper
[2025-11-13 14:48:58,931] DEBUG: Input data: {
  "cities": [
    "london",
    "manchester"
  ],
  "query": "Canon Printer Cartridge",
  "last_n_days": 7,
  "listings_per_city": 100
}
[2025-11-13 14:48:58,936] INFO: AADSASDASDASDASDASSDFSDFSDKFHSDKJFHKDSHKJHkjhjhkjhkj
[2025-11-13 14:48:58,937] INFO: Scraping 2 city(s): london, manchester
[2025-11-13 14:48:58,939] INFO: ================================================================================
[2025-11-13 14:48:58,939] INFO: 🚀 FACEBOOK MARKETPLACE SCRAPER
[2025-11-13 14:48:58,939] INFO: ================================================================================
[2025-11-13 14:48:58,940] INFO: 📋 Configuration:
[2025-11-13 14:48:58,940] INFO:    Query: "Canon Printer Cartridge"
[2025-11-13 14:48:58,940] INFO:    Cities: london, manchester
[2025-11-13 14:48:58,940] INFO:    Days: 7
[2025-11-13 14:48:58,940] INFO:    Listings per city: 100
[2025-11-13 14:48:58,940] INFO:    Cookies file: Facebook Marketplace Scraper - 169 (STARTED)
[2025-11-13 14:48:58,941] INFO: ================================================================================
[2025-11-13 14:49:03,121] INFO: 
🔐 LOGIN PROCESS
[2025-11-13 14:49:03,121] INFO: --------------------------------------------------------------------------------
[2025-11-13 14:49:03,151] INFO: ✅ Cookies loaded. Checking session...
[2025-11-13 14:49:17,265] INFO: ⚠️  Session expired. Contact with your Technical support!
[2025-11-13 14:49:17,595] INFO: Task completed successfully
