[2025-11-15 00:28:30,597] INFO: Task received by worker
[2025-11-15 00:28:30,597] INFO: Starting task: Facebook Marketplace Scraper
[2025-11-15 00:28:30,597] DEBUG: Input data: {
  "cities": [
    "london"
  ],
  "query": "Canon Printer Cartridge",
  "last_n_days": 7,
  "listings_per_city": "10"
}
[2025-11-15 00:28:30,600] INFO: Scraping 1 city(s): london
[2025-11-15 00:28:30,600] INFO: ================================================================================
[2025-11-15 00:28:30,601] INFO: 🚀 FACEBOOK MARKETPLACE SCRAPER
[2025-11-15 00:28:30,601] INFO: ================================================================================
[2025-11-15 00:28:30,601] INFO: 📋 Configuration:
[2025-11-15 00:28:30,601] INFO:    Query: "Canon Printer Cartridge"
[2025-11-15 00:28:30,601] INFO:    Cities: london
[2025-11-15 00:28:30,601] INFO:    Days: 7
[2025-11-15 00:28:30,601] INFO:    Listings per city: 10
[2025-11-15 00:28:30,601] INFO:    Cookies file: Facebook Marketplace Scraper - 203 (STARTED)
[2025-11-15 00:28:30,601] INFO: ================================================================================
[2025-11-15 00:28:31,181] INFO: 
🔐 LOGIN PROCESS
[2025-11-15 00:28:31,182] INFO: --------------------------------------------------------------------------------
[2025-11-15 00:28:31,187] INFO: ✅ Cookies loaded. Checking session...
[2025-11-15 00:28:43,558] INFO: ✅ Session is valid.
[2025-11-15 00:28:43,558] INFO: 
🌍 SCRAPING CITIES
[2025-11-15 00:28:43,558] INFO: --------------------------------------------------------------------------------
[2025-11-15 00:28:43,558] INFO: 
📍 City 1/1: London
[2025-11-15 00:28:43,558] INFO: --------------------------------------------------------------------------------
[2025-11-15 00:28:43,558] INFO: 🔗 URL: https://www.facebook.com/marketplace/london/search?daysSinceListed=7&sortBy=best_match&query=Canon%20Printer%20Cartridge
[2025-11-15 00:28:43,615] INFO: ⏳ Loading marketplace page...
[2025-11-15 00:28:45,894] INFO:   ⏳ Scraping up to 10 listings...
[2025-11-15 00:28:46,154] INFO:   📄 HTML → 24 items
[2025-11-15 00:29:03,054] INFO:   ⏳ Scraping up to 10 listings...
[2025-11-15 00:29:22,660] INFO:   ⏳ Scraping up to 10 listings...
