[2025-11-15 00:31:15,648] INFO: Task received by worker
[2025-11-15 00:31:15,649] INFO: Starting task: Facebook Marketplace Scraper
[2025-11-15 00:31:15,649] DEBUG: Input data: {
  "cities": [
    "london"
  ],
  "query": "Canon Printer Cartridge",
  "last_n_days": 7,
  "listings_per_city": "10"
}
[2025-11-15 00:31:15,651] INFO: Scraping 1 city(s): london
[2025-11-15 00:31:15,652] INFO: ================================================================================
[2025-11-15 00:31:15,652] INFO: 🚀 FACEBOOK MARKETPLACE SCRAPER
[2025-11-15 00:31:15,652] INFO: ================================================================================
[2025-11-15 00:31:15,652] INFO: 📋 Configuration:
[2025-11-15 00:31:15,652] INFO:    Query: "Canon Printer Cartridge"
[2025-11-15 00:31:15,652] INFO:    Cities: london
[2025-11-15 00:31:15,652] INFO:    Days: 7
[2025-11-15 00:31:15,652] INFO:    Listings per city: 10
[2025-11-15 00:31:15,652] INFO:    Cookies file: Facebook Marketplace Scraper - 205 (STARTED)
[2025-11-15 00:31:15,652] INFO: ================================================================================
[2025-11-15 00:31:16,186] INFO: 
🔐 LOGIN PROCESS
[2025-11-15 00:31:16,186] INFO: --------------------------------------------------------------------------------
[2025-11-15 00:31:16,193] INFO: ✅ Cookies loaded. Checking session...
[2025-11-15 00:31:28,594] INFO: ✅ Session is valid.
[2025-11-15 00:31:28,595] INFO: 
🌍 SCRAPING CITIES
[2025-11-15 00:31:28,595] INFO: --------------------------------------------------------------------------------
[2025-11-15 00:31:28,595] INFO: 
📍 City 1/1: London
[2025-11-15 00:31:28,595] INFO: --------------------------------------------------------------------------------
[2025-11-15 00:31:28,595] INFO: 🔗 URL: https://www.facebook.com/marketplace/london/search?daysSinceListed=7&sortBy=best_match&query=Canon%20Printer%20Cartridge
[2025-11-15 00:31:28,657] INFO: ⏳ Loading marketplace page...
[2025-11-15 00:31:29,663] INFO:   ⏳ Scraping up to 10 listings...
[2025-11-15 00:31:29,914] INFO:   📄 HTML → 24 items
[2025-11-15 00:31:44,667] INFO:     🔄 Iteration 1
[2025-11-15 00:31:44,668] INFO:     ✅ Found 24 new items. Total: 0/10 | Total unique: 0
[2025-11-15 00:31:46,823] INFO:   ⏳ Scraping up to 10 listings...
[2025-11-15 00:32:01,824] INFO:     🔄 Iteration 1
[2025-11-15 00:32:01,825] INFO:     ✅ Found 23 new items. Total: 0/10 | Total unique: 1
[2025-11-15 00:32:06,851] INFO:   ⏳ Scraping up to 10 listings...
[2025-11-15 00:32:21,856] INFO:     🔄 Iteration 1
[2025-11-15 00:32:21,856] INFO:     ✅ Found 22 new items. Total: 0/10 | Total unique: 2
[2025-11-15 00:32:33,702] INFO: ❌ Failed to scrape London after retries. Error: object of type 'NoneType' has no len()
[2025-11-15 00:32:33,702] INFO: 
================================================================================
[2025-11-15 00:32:33,702] INFO: ✅ SCRAPING COMPLETE!
[2025-11-15 00:32:33,702] INFO: 📊 Total unique listings scraped: 3
[2025-11-15 00:32:33,702] INFO: ================================================================================
[2025-11-15 00:32:33,771] INFO: Task completed successfully
