[2025-11-15 00:20:32,808] INFO: Task received by worker
[2025-11-15 00:20:32,808] INFO: Starting task: Facebook Marketplace Scraper
[2025-11-15 00:20:32,808] DEBUG: Input data: {
  "cities": [
    "london"
  ],
  "query": "Canon Printer Cartridge",
  "last_n_days": 7,
  "listings_per_city": "10"
}
[2025-11-15 00:20:32,812] INFO: Scraping 1 city(s): london
[2025-11-15 00:20:32,812] INFO: ================================================================================
[2025-11-15 00:20:32,812] INFO: 🚀 FACEBOOK MARKETPLACE SCRAPER
[2025-11-15 00:20:32,812] INFO: ================================================================================
[2025-11-15 00:20:32,813] INFO: 📋 Configuration:
[2025-11-15 00:20:32,813] INFO:    Query: "Canon Printer Cartridge"
[2025-11-15 00:20:32,813] INFO:    Cities: london
[2025-11-15 00:20:32,813] INFO:    Days: 7
[2025-11-15 00:20:32,813] INFO:    Listings per city: 10
[2025-11-15 00:20:32,813] INFO:    Cookies file: Facebook Marketplace Scraper - 199 (STARTED)
[2025-11-15 00:20:32,813] INFO: ================================================================================
[2025-11-15 00:20:33,602] INFO: 
🔐 LOGIN PROCESS
[2025-11-15 00:20:33,602] INFO: --------------------------------------------------------------------------------
[2025-11-15 00:20:33,607] INFO: ✅ Cookies loaded. Checking session...
[2025-11-15 00:20:45,344] INFO: ✅ Session is valid.
[2025-11-15 00:20:45,344] INFO: 
🌍 SCRAPING CITIES
[2025-11-15 00:20:45,344] INFO: --------------------------------------------------------------------------------
[2025-11-15 00:20:45,344] INFO: 
📍 City 1/1: London
[2025-11-15 00:20:45,344] INFO: --------------------------------------------------------------------------------
[2025-11-15 00:20:45,344] INFO: 🔗 URL: https://www.facebook.com/marketplace/london/search?daysSinceListed=7&sortBy=best_match&query=Canon%20Printer%20Cartridge
[2025-11-15 00:20:45,494] INFO: ⏳ Loading marketplace page...
[2025-11-15 00:20:46,891] INFO:   📄 HTML → 24 items
[2025-11-15 00:20:46,897] INFO:   ⏳ Scraping up to 10 listings...
[2025-11-15 00:21:04,877] INFO:   ⏳ Scraping up to 10 listings...
[2025-11-15 00:21:23,523] INFO:   ⏳ Scraping up to 10 listings...
[2025-11-15 00:21:45,705] INFO: ❌ Failed to scrape London after retries. Error: object of type 'NoneType' has no len()
[2025-11-15 00:21:45,706] INFO: 
================================================================================
[2025-11-15 00:21:45,706] INFO: ✅ SCRAPING COMPLETE!
[2025-11-15 00:21:45,706] INFO: 📊 Total unique listings scraped: 0
[2025-11-15 00:21:45,706] INFO: ================================================================================
[2025-11-15 00:21:45,856] INFO: Task completed successfully
