[2025-11-12 17:46:33,027] INFO: Task received by worker
[2025-11-12 17:46:33,027] INFO: Starting task: Facebook Marketplace Scraper
[2025-11-12 17:46:33,027] DEBUG: Input data: {
  "cities": [
    "london"
  ],
  "query": "Canon Printer Cartridge",
  "last_n_days": 7,
  "listings_per_city": 100
}
[2025-11-12 17:46:33,029] INFO: AADSASDASDASDASDASSDFSDFSDKFHSDKJFHKDSHKJHkjhjhkjhkj
[2025-11-12 17:46:33,029] INFO: Scraping 1 city(s): london
[2025-11-12 17:46:33,030] INFO: ================================================================================
[2025-11-12 17:46:33,030] INFO: 🚀 FACEBOOK MARKETPLACE SCRAPER
[2025-11-12 17:46:33,030] INFO: ================================================================================
[2025-11-12 17:46:33,030] INFO: 📋 Configuration:
[2025-11-12 17:46:33,030] INFO:    Query: "Canon Printer Cartridge"
[2025-11-12 17:46:33,030] INFO:    Cities: london
[2025-11-12 17:46:33,030] INFO:    Days: 7
[2025-11-12 17:46:33,030] INFO:    Listings per city: 100
[2025-11-12 17:46:33,030] INFO:    Cookies file: Facebook Marketplace Scraper - 142 (STARTED)
[2025-11-12 17:46:33,030] INFO: ================================================================================
[2025-11-12 17:46:35,587] INFO: 
🔐 LOGIN PROCESS
[2025-11-12 17:46:35,587] INFO: --------------------------------------------------------------------------------
[2025-11-12 17:46:35,610] INFO: ✅ Cookies loaded. Checking session...
[2025-11-12 17:46:48,814] INFO: ✅ Session is valid.
[2025-11-12 17:46:48,816] INFO: 
🌍 SCRAPING CITIES
[2025-11-12 17:46:48,816] INFO: --------------------------------------------------------------------------------
[2025-11-12 17:46:48,816] INFO: 
📍 City 1/1: London
[2025-11-12 17:46:48,816] INFO: --------------------------------------------------------------------------------
[2025-11-12 17:46:48,817] INFO: 🔗 URL: https://www.facebook.com/marketplace/london/search?daysSinceListed=7&sortBy=best_match&query=Canon%20Printer%20Cartridge
[2025-11-12 17:46:48,962] INFO: ⏳ Loading marketplace page...
[2025-11-12 17:46:50,655] INFO:   📄 HTML → 24 items
[2025-11-12 17:46:50,662] INFO:   ⏳ Scraping up to 100 listings...
[2025-11-12 17:47:05,673] INFO:     🔄 Iteration 1
[2025-11-12 17:47:05,674] INFO:     ✅ Found 24 new items. Total: 0/100 | Total unique: 0
[2025-11-12 17:47:09,472] INFO:       [1/24] Processed 4200158923604827... (1/100)
[2025-11-12 17:47:09,472] INFO:       Title: Canon 545 XL printer cartridge | Price: 10.00
[2025-11-12 17:47:14,118] INFO:       [2/24] Processed 832326779395829... (2/100)
[2025-11-12 17:47:14,119] INFO:       Title: Canon printer | Price: 0.00
[2025-11-12 17:47:19,693] INFO:       [3/24] Processed 25439726585661717... (3/100)
[2025-11-12 17:47:19,693] INFO:       Title: Canon Printer Cartridge Pixma 561 XL | Price: 15.00
[2025-11-12 17:47:25,299] INFO:       [4/24] Processed 2634536553592425... (4/100)
[2025-11-12 17:47:25,299] INFO:       Title: Canon Printer Cartridges | Price: 12.00
[2025-11-12 17:47:29,966] INFO:       [5/24] Processed 1554036418929335... (5/100)
[2025-11-12 17:47:29,966] INFO:       Title: Canon Printer Cartridge XL 540 | Price: 15.00
[2025-11-12 17:47:34,531] INFO:       [6/24] Processed 1388820689325856... (6/100)
[2025-11-12 17:47:34,531] INFO:       Title: Canon - EXV 34 printer cartridges All Colours PRICE PER CARTRIDGE £25 | Price: 25.00
[2025-11-12 17:47:38,219] INFO:       [7/24] Processed 724021280062561... (7/100)
[2025-11-12 17:47:38,219] INFO:       Title: Genuine CANON ink cartridges for PIXMA printer (CLI-551/PGI-550) | Price: 22.00
[2025-11-12 17:47:41,853] INFO:       [8/24] Processed 821587960580790... (8/100)
[2025-11-12 17:47:41,853] INFO:       Title: 5 x Canon Pixma multipack printer cartridges | Price: 100.00
[2025-11-12 17:47:47,510] INFO:       [9/24] Processed 932832663238117... (9/100)
[2025-11-12 17:47:47,510] INFO:       Title: Canon Pixma TS3355 Printer | Price: 20.00
[2025-11-12 17:47:53,042] INFO:       [10/24] Processed 867863309009116... (10/100)
[2025-11-12 17:47:53,042] INFO:       Title: FS: Brand New Sealed Genuine Canon Cartridge 312 Printer Black Toner for LBP3050 LBP3100 LBP3150 | Price: 20.00
[2025-11-12 17:47:58,695] INFO:       [11/24] Processed 1996643580893125... (11/100)
[2025-11-12 17:47:58,695] INFO:       Title: Canon imageprograf PRO-300 printer | Price: 200.00
[2025-11-12 17:48:04,279] INFO:       [12/24] Processed 1595795774739741... (12/100)
[2025-11-12 17:48:04,280] INFO:       Title: Canon Ink cartridges mixed bundle | Price: 350.00
[2025-11-12 17:48:09,089] INFO:       [13/24] Processed 804443662396158... (13/100)
[2025-11-12 17:48:09,089] INFO:       Title: 10x printer in cartridges. | Price: 20.00
[2025-11-12 17:48:14,608] INFO:       [14/24] Processed 1533404871411826... (14/100)
[2025-11-12 17:48:14,608] INFO:       Title: Canon pixma printer and black ink cartridge | Price: 35.00
