[2025-11-11 15:54:32,138] INFO: Task received by worker
[2025-11-11 15:54:32,139] INFO: Starting task: Facebook Marketplace Scraper
[2025-11-11 15:54:32,140] DEBUG: Input data: {
  "cities": [
    "berlin"
  ],
  "query": "Canon Printer Cartridge",
  "last_n_days": 7,
  "listings_per_city": 100
}
[2025-11-11 15:54:32,145] INFO: AADSASDASDASDASDASSDFSDFSDKFHSDKJFHKDSHKJHkjhjhkjhkj
[2025-11-11 15:54:32,146] INFO: Scraping 1 city(s): berlin
[2025-11-11 15:54:32,168] ERROR: Task failed: name 'searclistings_per_cityh_query' is not defined
Traceback (most recent call last):
  File "/home/akhliddin/Desktop/ScriptifyBackend/apps/scripts/tasks.py", line 43, in execute_script_task
    result = scrape_facebook_marketplace(run, input_data, logger)
             ^^^^^^^^^^^^^^^^^^^^^^^^^^^^^^^^^^^^^^^^^^^^^^^^^^^^
  File "/home/akhliddin/Desktop/ScriptifyBackend/venv/lib/python3.12/site-packages/celery/local.py", line 182, in __call__
    return self._get_current_object()(*a, **kw)
           ^^^^^^^^^^^^^^^^^^^^^^^^^^^^^^^^^^^^
  File "/home/akhliddin/Desktop/ScriptifyBackend/venv/lib/python3.12/site-packages/celery/app/trace.py", line 737, in __protected_call__
    return orig(self, *args, **kwargs)
           ^^^^^^^^^^^^^^^^^^^^^^^^^^^
  File "/home/akhliddin/Desktop/ScriptifyBackend/venv/lib/python3.12/site-packages/celery/app/task.py", line 411, in __call__
    return self.run(*args, **kwargs)
           ^^^^^^^^^^^^^^^^^^^^^^^^^
  File "/home/akhliddin/Desktop/ScriptifyBackend/apps/scripts/tasks.py", line 189, in scrape_facebook_marketplace
    facebook_scraper = FacebookMarketplaceScraper(run, input_data, logger)
                       ^^^^^^^^^^^^^^^^^^^^^^^^^^^^^^^^^^^^^^^^^^^^^^^^^^^
  File "/home/akhliddin/Desktop/ScriptifyBackend/apps/scripts/facebook_scraper/facebook_scraper_main.py", line 51, in __init__
    self.listings_per_city = searclistings_per_cityh_query
                             ^^^^^^^^^^^^^^^^^^^^^^^^^^^^^
NameError: name 'searclistings_per_cityh_query' is not defined

