[2025-11-13 14:49:36,386] INFO: Task received by worker
[2025-11-13 14:49:36,386] INFO: Starting task: Facebook Marketplace Scraper
[2025-11-13 14:49:36,386] DEBUG: Input data: {
  "cities": [
    "london",
    "birmingham"
  ],
  "query": "Canon Printer Cartridge",
  "last_n_days": 7,
  "listings_per_city": 100
}
[2025-11-13 14:49:36,390] INFO: AADSASDASDASDASDASSDFSDFSDKFHSDKJFHKDSHKJHkjhjhkjhkj
[2025-11-13 14:49:36,391] INFO: Scraping 2 city(s): london, birmingham
[2025-11-13 14:49:36,394] INFO: ================================================================================
[2025-11-13 14:49:36,395] INFO: 🚀 FACEBOOK MARKETPLACE SCRAPER
[2025-11-13 14:49:36,396] INFO: ================================================================================
[2025-11-13 14:49:36,396] INFO: 📋 Configuration:
[2025-11-13 14:49:36,396] INFO:    Query: "Canon Printer Cartridge"
[2025-11-13 14:49:36,396] INFO:    Cities: london, birmingham
[2025-11-13 14:49:36,396] INFO:    Days: 7
[2025-11-13 14:49:36,396] INFO:    Listings per city: 100
[2025-11-13 14:49:36,396] INFO:    Cookies file: Facebook Marketplace Scraper - 170 (STARTED)
[2025-11-13 14:49:36,396] INFO: ================================================================================
[2025-11-13 14:49:40,005] INFO: 
🔐 LOGIN PROCESS
[2025-11-13 14:49:40,006] INFO: --------------------------------------------------------------------------------
[2025-11-13 14:49:40,107] INFO: ✅ Cookies loaded. Checking session...
[2025-11-13 14:49:53,783] INFO: ⚠️  Session expired. Contact with your Technical support!
[2025-11-13 14:49:54,079] INFO: Task completed successfully
