[2025-11-11 21:14:37,623] INFO: Task received by worker
[2025-11-11 21:14:37,624] INFO: Starting task: Facebook Marketplace Scraper
[2025-11-11 21:14:37,624] DEBUG: Input data: {
  "cities": [
    "berlin"
  ],
  "query": "Canon Printer Cartridge",
  "last_n_days": 7,
  "listings_per_city": 100
}
[2025-11-11 21:14:37,628] INFO: AADSASDASDASDASDASSDFSDFSDKFHSDKJFHKDSHKJHkjhjhkjhkj
[2025-11-11 21:14:37,629] INFO: Scraping 1 city(s): berlin
[2025-11-11 21:14:37,630] INFO: ================================================================================
[2025-11-11 21:14:37,630] INFO: 🚀 FACEBOOK MARKETPLACE SCRAPER
[2025-11-11 21:14:37,631] INFO: ================================================================================
[2025-11-11 21:14:37,631] INFO: 📋 Configuration:
[2025-11-11 21:14:37,631] INFO:    Query: "Canon Printer Cartridge"
[2025-11-11 21:14:37,631] INFO:    Cities: berlin
[2025-11-11 21:14:37,631] INFO:    Days: 7
[2025-11-11 21:14:37,631] INFO:    Listings per city: 100
[2025-11-11 21:14:37,632] INFO:    Cookies file: Facebook Marketplace Scraper - 125 (STARTED)
[2025-11-11 21:14:37,632] INFO: ================================================================================
[2025-11-11 21:14:37,638] INFO: Task completed successfully
