[2025-11-11 16:11:20,489] INFO: Task received by worker
[2025-11-11 16:11:20,490] INFO: Starting task: Facebook Marketplace Scraper
[2025-11-11 16:11:20,490] DEBUG: Input data: {
  "cities": [
    "cologne"
  ],
  "query": "Canon Printer Cartridge",
  "last_n_days": 7,
  "listings_per_city": 100
}
[2025-11-11 16:11:20,495] INFO: AADSASDASDASDASDASSDFSDFSDKFHSDKJFHKDSHKJHkjhjhkjhkj
[2025-11-11 16:11:20,495] INFO: Scraping 1 city(s): cologne
[2025-11-11 16:11:20,507] ERROR: Task failed: a coroutine was expected, got {'result': 'keldi'}
Traceback (most recent call last):
  File "/home/akhliddin/Desktop/ScriptifyBackend/apps/scripts/tasks.py", line 43, in execute_script_task
    result = scrape_facebook_marketplace(run, input_data, logger)
             ^^^^^^^^^^^^^^^^^^^^^^^^^^^^^^^^^^^^^^^^^^^^^^^^^^^^
  File "/home/akhliddin/Desktop/ScriptifyBackend/venv/lib/python3.12/site-packages/celery/local.py", line 182, in __call__
    return self._get_current_object()(*a, **kw)
           ^^^^^^^^^^^^^^^^^^^^^^^^^^^^^^^^^^^^
  File "/home/akhliddin/Desktop/ScriptifyBackend/venv/lib/python3.12/site-packages/celery/app/trace.py", line 737, in __protected_call__
    return orig(self, *args, **kwargs)
           ^^^^^^^^^^^^^^^^^^^^^^^^^^^
  File "/home/akhliddin/Desktop/ScriptifyBackend/venv/lib/python3.12/site-packages/celery/app/task.py", line 411, in __call__
    return self.run(*args, **kwargs)
           ^^^^^^^^^^^^^^^^^^^^^^^^^
  File "/home/akhliddin/Desktop/ScriptifyBackend/apps/scripts/tasks.py", line 190, in scrape_facebook_marketplace
    return facebook_scraper.start_scraping()
           ^^^^^^^^^^^^^^^^^^^^^^^^^^^^^^^^^
  File "/home/akhliddin/Desktop/ScriptifyBackend/apps/scripts/facebook_scraper/facebook_scraper_main.py", line 185, in start_scraping
    return asyncio.run(self._async_main())
           ^^^^^^^^^^^^^^^^^^^^^^^^^^^^^^^
  File "/usr/lib/python3.12/asyncio/runners.py", line 194, in run
    return runner.run(main)
           ^^^^^^^^^^^^^^^^
  File "/usr/lib/python3.12/asyncio/runners.py", line 89, in run
    raise ValueError("a coroutine was expected, got {!r}".format(coro))
ValueError: a coroutine was expected, got {'result': 'keldi'}

