[2025-11-11 21:18:20,532] INFO: Task received by worker
[2025-11-11 21:18:20,533] INFO: Starting task: Facebook Marketplace Scraper
[2025-11-11 21:18:20,533] DEBUG: Input data: {
  "cities": [
    "cologne",
    "berlin"
  ],
  "query": "Canon Printer Cartridge",
  "last_n_days": 7,
  "listings_per_city": 100
}
[2025-11-11 21:18:20,539] INFO: AADSASDASDASDASDASSDFSDFSDKFHSDKJFHKDSHKJHkjhjhkjhkj
[2025-11-11 21:18:20,541] INFO: Scraping 2 city(s): cologne, berlin
[2025-11-11 21:18:20,542] INFO: ================================================================================
[2025-11-11 21:18:20,543] INFO: 🚀 FACEBOOK MARKETPLACE SCRAPER
[2025-11-11 21:18:20,543] INFO: ================================================================================
[2025-11-11 21:18:20,543] INFO: 📋 Configuration:
[2025-11-11 21:18:20,543] INFO:    Query: "Canon Printer Cartridge"
[2025-11-11 21:18:20,544] INFO:    Cities: cologne, berlin
[2025-11-11 21:18:20,544] INFO:    Days: 7
[2025-11-11 21:18:20,544] INFO:    Listings per city: 100
[2025-11-11 21:18:20,544] INFO:    Cookies file: Facebook Marketplace Scraper - 127 (STARTED)
[2025-11-11 21:18:20,544] INFO: ================================================================================
[2025-11-11 21:18:20,545] INFO: self.run.result_file_path
[2025-11-11 21:18:20,545] INFO: scripts_results/3/run_127.json
[2025-11-11 21:18:20,549] INFO: Task completed successfully
