[2025-11-12 10:50:14,396] INFO: Task received by worker
[2025-11-12 10:50:14,397] INFO: Starting task: Facebook Marketplace Scraper
[2025-11-12 10:50:14,399] DEBUG: Input data: {
  "cities": [
    "berlin",
    "london"
  ],
  "query": "Canon Printer Cartridge",
  "last_n_days": 7,
  "listings_per_city": 100
}
[2025-11-12 10:50:14,413] INFO: AADSASDASDASDASDASSDFSDFSDKFHSDKJFHKDSHKJHkjhjhkjhkj
[2025-11-12 10:50:14,415] INFO: Scraping 2 city(s): berlin, london
[2025-11-12 10:50:14,417] INFO: ================================================================================
[2025-11-12 10:50:14,417] INFO: 🚀 FACEBOOK MARKETPLACE SCRAPER
[2025-11-12 10:50:14,418] INFO: ================================================================================
[2025-11-12 10:50:14,418] INFO: 📋 Configuration:
[2025-11-12 10:50:14,419] INFO:    Query: "Canon Printer Cartridge"
[2025-11-12 10:50:14,419] INFO:    Cities: berlin, london
[2025-11-12 10:50:14,420] INFO:    Days: 7
[2025-11-12 10:50:14,420] INFO:    Listings per city: 100
[2025-11-12 10:50:14,421] INFO:    Cookies file: Facebook Marketplace Scraper - 141 (STARTED)
[2025-11-12 10:50:14,421] INFO: ================================================================================
[2025-11-12 10:50:17,254] INFO: 
🔐 LOGIN PROCESS
[2025-11-12 10:50:17,255] INFO: --------------------------------------------------------------------------------
[2025-11-12 10:50:17,270] INFO: ✅ Cookies loaded. Checking session...
[2025-11-12 10:50:29,318] INFO: ✅ Session is valid.
[2025-11-12 10:50:29,318] INFO: 
🌍 SCRAPING CITIES
[2025-11-12 10:50:29,319] INFO: --------------------------------------------------------------------------------
[2025-11-12 10:50:29,319] INFO: 
📍 City 1/2: Berlin
[2025-11-12 10:50:29,319] INFO: --------------------------------------------------------------------------------
[2025-11-12 10:50:29,319] INFO: 🔗 URL: https://www.facebook.com/marketplace/berlin/search?daysSinceListed=7&sortBy=best_match&query=Canon%20Printer%20Cartridge
[2025-11-12 10:50:29,683] INFO: ⏳ Loading marketplace page...
[2025-11-12 10:50:34,882] INFO:   ⏳ Scraping up to 100 listings...
[2025-11-12 10:50:49,884] INFO:     🔄 Iteration 1
[2025-11-12 10:50:49,884] INFO:     ⚠️  No new items found. Attempt 1/2
[2025-11-12 10:50:49,885] INFO:     📜 Scrolling to bottom and waiting...
[2025-11-12 10:51:01,401] INFO:     🔄 Iteration 2
[2025-11-12 10:51:01,402] INFO:     ⚠️  No new items found. Attempt 2/2
[2025-11-12 10:51:01,402] INFO:     ❌ No new items after 2 attempts. Stopping.
[2025-11-12 10:51:01,402] INFO:   ⏳ Final wait for responses...
[2025-11-12 10:51:16,408] INFO: ❌ Failed to scrape Berlin after retries. Error: None
[2025-11-12 10:51:16,408] INFO: 
📍 City 2/2: London
[2025-11-12 10:51:16,408] INFO: --------------------------------------------------------------------------------
[2025-11-12 10:51:16,408] INFO: 🔗 URL: https://www.facebook.com/marketplace/london/search?daysSinceListed=7&sortBy=best_match&query=Canon%20Printer%20Cartridge
[2025-11-12 10:51:16,771] INFO: ⏳ Loading marketplace page...
[2025-11-12 10:51:18,657] INFO:   📄 HTML → 24 items
[2025-11-12 10:51:18,695] INFO:   ⏳ Scraping up to 100 listings...
[2025-11-12 10:51:33,698] INFO:     🔄 Iteration 1
[2025-11-12 10:51:33,698] INFO:     ✅ Found 24 new items. Total: 0/100 | Total unique: 0
[2025-11-12 10:51:38,439] INFO:       [1/24] Processed 1388820689325856... (1/100)
[2025-11-12 10:51:38,439] INFO:       Title: Canon - EXV 34 printer cartridges All Colours PRICE PER CARTRIDGE £25 | Price: 25.00
[2025-11-12 10:51:42,189] INFO:       [2/24] Processed 1996643580893125... (2/100)
[2025-11-12 10:51:42,189] INFO:       Title: Canon imageprograf PRO-300 printer | Price: 200.00
[2025-11-12 10:51:45,896] INFO:       [3/24] Processed 2634536553592425... (3/100)
[2025-11-12 10:51:45,896] INFO:       Title: Canon Printer Cartridges | Price: 12.00
[2025-11-12 10:51:51,639] INFO:       [4/24] Processed 821587960580790... (4/100)
[2025-11-12 10:51:51,639] INFO:       Title: 5 x Canon Pixma multipack printer cartridges | Price: 100.00
[2025-11-12 10:51:57,329] INFO:       [5/24] Processed 1802585840390656... (5/100)
[2025-11-12 10:51:57,331] INFO:       Title: Two Empty Ink Canon Printer Cartridges . (Collect Brentford Tw8 0de) | Price: 3.00
[2025-11-12 10:52:01,143] INFO:       [6/24] Processed 25439726585661717... (6/100)
[2025-11-12 10:52:01,143] INFO:       Title: Canon Printer Cartridge Pixma 561 XL | Price: 15.00
[2025-11-12 10:52:05,485] INFO:       [7/24] Processed 1343984273540151... (7/100)
[2025-11-12 10:52:05,485] INFO:       Title: Canon Printer Ink Cartridges x12 (All Black) | Price: 20.00
[2025-11-12 10:52:10,071] INFO:       [8/24] Processed 1533404871411826... (8/100)
[2025-11-12 10:52:10,071] INFO:       Title: Canon pixma printer and black ink cartridge | Price: 35.00
[2025-11-12 10:52:15,757] INFO:       [9/24] Processed 3266361300198687... (9/100)
[2025-11-12 10:52:15,757] INFO:       Title: Canon replacement colour ink | Price: 7.00
[2025-11-12 10:52:21,597] INFO:       [10/24] Processed 1595795774739741... (10/100)
[2025-11-12 10:52:21,597] INFO:       Title: Canon Ink cartridges mixed bundle | Price: 350.00
[2025-11-12 10:52:27,288] INFO:       [11/24] Processed 1554036418929335... (11/100)
[2025-11-12 10:52:27,288] INFO:       Title: Canon Printer Cartridge XL 540 | Price: 15.00
[2025-11-12 10:52:31,953] INFO:       [12/24] Processed 867863309009116... (12/100)
[2025-11-12 10:52:31,953] INFO:       Title: FS: Brand New Sealed Genuine Canon Cartridge 312 Printer Black Toner for LBP3050 LBP3100 LBP3150 | Price: 20.00
[2025-11-12 10:52:36,752] INFO:       [13/24] Processed 1332803175252000... (13/100)
[2025-11-12 10:52:36,752] INFO:       Title: Printer Ink Cartridges | Price: 5.00
[2025-11-12 10:52:41,447] INFO:       [14/24] Processed 1522001412469948... (14/100)
[2025-11-12 10:52:41,447] INFO:       Title: Canon Pixma MP495 Printer and Ink Cartridges | Price: 20.00
[2025-11-12 10:52:47,065] INFO:       [15/24] Processed 805123005626129... (15/100)
[2025-11-12 10:52:47,065] INFO:       Title: Canon IPF6400 24” colour printer | Price: 0.00
[2025-11-12 10:52:51,842] INFO:       [16/24] Processed 3237053193118320... (16/100)
[2025-11-12 10:52:51,842] INFO:       Title: Cannon Ink Cartridges - free to collect | Price: 0.00
[2025-11-12 10:52:55,652] INFO:       [17/24] Processed 649613181565539... (17/100)
[2025-11-12 10:52:55,652] INFO:       Title: Canon A3 Printer with Ink Cartridges - collect from Crowle | Price: 110.00
[2025-11-12 10:52:59,752] INFO:       [18/24] Processed 1165421041786090... (18/100)
[2025-11-12 10:52:59,752] INFO:       Title: Ink Cartridges - Canon | Price: 10.00
[2025-11-12 10:53:03,605] INFO:       [19/24] Processed 1881933909199971... (19/100)
[2025-11-12 10:53:03,605] INFO:       Title: Canon Pixma MX495 INKJET PRINTER | Price: 0.00
[2025-11-12 10:53:07,325] INFO:       [20/24] Processed 1356698949235939... (20/100)
[2025-11-12 10:53:07,326] INFO:       Title: Epson Printer & Scanner includes 6+Ink Cartridges New | Price: 40.00
[2025-11-12 10:53:11,996] INFO:       [21/24] Processed 845592694592730... (21/100)
[2025-11-12 10:53:11,997] INFO:       Title: Cannon printer ink cartridges | Price: 25.00
[2025-11-12 10:53:15,834] INFO:       [22/24] Processed 1397369008671703... (22/100)
[2025-11-12 10:53:15,834] INFO:       Title: Cannon ink cartridges | Price: 15.00
[2025-11-12 10:53:19,497] INFO:       [23/24] Processed 25299163479699786... (23/100)
[2025-11-12 10:53:19,499] INFO:       Title: Canon Ink Cartridges | Price: 5.00
[2025-11-12 10:53:23,176] INFO:       [24/24] Processed 1712179912783068... (24/100)
[2025-11-12 10:53:23,176] INFO:       Title: Canon Printer Ink Cartridges | Price: 10.00
[2025-11-12 10:53:23,176] INFO:     🔄 Iteration 2
[2025-11-12 10:53:23,176] INFO:     ⚠️  No new items found. Attempt 1/2
[2025-11-12 10:53:23,176] INFO:     📜 Scrolling to bottom and waiting...
[2025-11-12 10:53:26,681] INFO:   📊 GraphQL → 21 items
[2025-11-12 10:53:34,690] INFO:     🔄 Iteration 3
[2025-11-12 10:53:34,690] INFO:     ✅ Found 21 new items. Total: 24/100 | Total unique: 24
[2025-11-12 10:53:44,719] INFO:       ⏭️  Skipped 690235447104618: selector timeout, error: Page.wait_for_selector: Timeout 10000ms exceeded.

[2025-11-12 10:53:54,767] INFO:       ⏭️  Skipped 820043943962063: selector timeout, error: Page.wait_for_selector: Timeout 10000ms exceeded.

[2025-11-12 10:54:04,773] INFO:       ⏭️  Skipped 1380239786871615: selector timeout, error: Page.wait_for_selector: Timeout 10000ms exceeded.

[2025-11-12 10:54:14,781] INFO:       ⏭️  Skipped 1377635170643776: selector timeout, error: Page.wait_for_selector: Timeout 10000ms exceeded.

[2025-11-12 10:54:24,788] INFO:       ⏭️  Skipped 1580667719778744: selector timeout, error: Page.wait_for_selector: Timeout 10000ms exceeded.

[2025-11-12 10:54:34,797] INFO:       ⏭️  Skipped 2253659958393091: selector timeout, error: Page.wait_for_selector: Timeout 10000ms exceeded.

[2025-11-12 10:54:44,803] INFO:       ⏭️  Skipped 2005787683540037: selector timeout, error: Page.wait_for_selector: Timeout 10000ms exceeded.

[2025-11-12 10:54:54,810] INFO:       ⏭️  Skipped 850131994638938: selector timeout, error: Page.wait_for_selector: Timeout 10000ms exceeded.

[2025-11-12 10:55:04,819] INFO:       ⏭️  Skipped 1134737605535111: selector timeout, error: Page.wait_for_selector: Timeout 10000ms exceeded.

[2025-11-12 10:55:14,830] INFO:       ⏭️  Skipped 1145683171049317: selector timeout, error: Page.wait_for_selector: Timeout 10000ms exceeded.

[2025-11-12 10:55:24,836] INFO:       ⏭️  Skipped 1797193617598445: selector timeout, error: Page.wait_for_selector: Timeout 10000ms exceeded.

[2025-11-12 10:55:34,843] INFO:       ⏭️  Skipped 828966139833370: selector timeout, error: Page.wait_for_selector: Timeout 10000ms exceeded.

[2025-11-12 10:55:44,858] INFO:       ⏭️  Skipped 1614278496649891: selector timeout, error: Page.wait_for_selector: Timeout 10000ms exceeded.

[2025-11-12 10:55:54,865] INFO:       ⏭️  Skipped 851810877264166: selector timeout, error: Page.wait_for_selector: Timeout 10000ms exceeded.

[2025-11-12 10:56:04,874] INFO:       ⏭️  Skipped 710944761533755: selector timeout, error: Page.wait_for_selector: Timeout 10000ms exceeded.

[2025-11-12 10:56:14,880] INFO:       ⏭️  Skipped 1005272328431363: selector timeout, error: Page.wait_for_selector: Timeout 10000ms exceeded.

[2025-11-12 10:56:24,890] INFO:       ⏭️  Skipped 1905744627040102: selector timeout, error: Page.wait_for_selector: Timeout 10000ms exceeded.

[2025-11-12 10:56:34,897] INFO:       ⏭️  Skipped 832946079671196: selector timeout, error: Page.wait_for_selector: Timeout 10000ms exceeded.

[2025-11-12 10:56:44,904] INFO:       ⏭️  Skipped 837377232548332: selector timeout, error: Page.wait_for_selector: Timeout 10000ms exceeded.

[2025-11-12 10:56:54,910] INFO:       ⏭️  Skipped 1747479769295461: selector timeout, error: Page.wait_for_selector: Timeout 10000ms exceeded.

[2025-11-12 10:57:04,918] INFO:       ⏭️  Skipped 724021280062561: selector timeout, error: Page.wait_for_selector: Timeout 10000ms exceeded.

[2025-11-12 10:57:04,918] INFO:     🔄 Iteration 4
[2025-11-12 10:57:04,918] INFO:     ⚠️  No new items found. Attempt 1/2
[2025-11-12 10:57:04,918] INFO:     📜 Scrolling to bottom and waiting...
[2025-11-12 10:57:16,430] INFO:     🔄 Iteration 5
[2025-11-12 10:57:16,430] INFO:     ⚠️  No new items found. Attempt 2/2
[2025-11-12 10:57:16,430] INFO:     ❌ No new items after 2 attempts. Stopping.
[2025-11-12 10:57:16,430] INFO:   ⏳ Final wait for responses...
[2025-11-12 10:57:31,432] INFO: ✅ Scraped 24 items from London
[2025-11-12 10:57:31,432] INFO: 
================================================================================
[2025-11-12 10:57:31,432] INFO: ✅ SCRAPING COMPLETE!
[2025-11-12 10:57:31,433] INFO: 📊 Total unique listings scraped: 24
[2025-11-12 10:57:31,433] INFO: ================================================================================
[2025-11-12 10:57:31,658] INFO: Task completed successfully
