[2025-11-12 20:17:09,930] INFO: Task received by worker
[2025-11-12 20:17:09,932] INFO: Starting task: Facebook Marketplace Scraper
[2025-11-12 20:17:09,933] DEBUG: Input data: {
  "cities": [
    "london"
  ],
  "query": "Canon Printer Cartridge",
  "last_n_days": 7,
  "listings_per_city": 100
}
[2025-11-12 20:17:09,936] INFO: AADSASDASDASDASDASSDFSDFSDKFHSDKJFHKDSHKJHkjhjhkjhkj
[2025-11-12 20:17:09,936] INFO: Scraping 1 city(s): london
[2025-11-12 20:17:09,937] INFO: ================================================================================
[2025-11-12 20:17:09,937] INFO: 🚀 FACEBOOK MARKETPLACE SCRAPER
[2025-11-12 20:17:09,937] INFO: ================================================================================
[2025-11-12 20:17:09,937] INFO: 📋 Configuration:
[2025-11-12 20:17:09,938] INFO:    Query: "Canon Printer Cartridge"
[2025-11-12 20:17:09,938] INFO:    Cities: london
[2025-11-12 20:17:09,938] INFO:    Days: 7
[2025-11-12 20:17:09,938] INFO:    Listings per city: 100
[2025-11-12 20:17:09,938] INFO:    Cookies file: Facebook Marketplace Scraper - 156 (STARTED)
[2025-11-12 20:17:09,938] INFO: ================================================================================
[2025-11-12 20:17:12,278] INFO: 
🔐 LOGIN PROCESS
[2025-11-12 20:17:12,278] INFO: --------------------------------------------------------------------------------
[2025-11-12 20:17:12,286] INFO: ✅ Cookies loaded. Checking session...
[2025-11-12 20:17:25,073] INFO: ✅ Session is valid.
[2025-11-12 20:17:25,074] INFO: 
🌍 SCRAPING CITIES
[2025-11-12 20:17:25,074] INFO: --------------------------------------------------------------------------------
[2025-11-12 20:17:25,074] INFO: 
📍 City 1/1: London
[2025-11-12 20:17:25,074] INFO: --------------------------------------------------------------------------------
[2025-11-12 20:17:25,074] INFO: 🔗 URL: https://www.facebook.com/marketplace/london/search?daysSinceListed=7&sortBy=best_match&query=Canon%20Printer%20Cartridge
[2025-11-12 20:17:25,327] INFO: ⏳ Loading marketplace page...
[2025-11-12 20:17:28,075] INFO:   ⏳ Scraping up to 100 listings...
[2025-11-12 20:17:28,442] INFO:   📄 HTML → 24 items
[2025-11-12 20:17:43,077] INFO:     🔄 Iteration 1
[2025-11-12 20:17:43,077] INFO:     ✅ Found 24 new items. Total: 0/100 | Total unique: 0
[2025-11-12 20:17:47,738] INFO:       [1/24] Processed 832326779395829... (1/100)
[2025-11-12 20:17:47,738] INFO:       Title: Canon printer | Price: 0.00
[2025-11-12 20:17:53,404] INFO:       [2/24] Processed 724021280062561... (2/100)
[2025-11-12 20:17:53,404] INFO:       Title: Genuine CANON ink cartridges for PIXMA printer (CLI-551/PGI-550) | Price: 22.00
[2025-11-12 20:17:57,042] INFO:       [3/24] Processed 25439726585661717... (3/100)
[2025-11-12 20:17:57,042] INFO:       Title: Canon Printer Cartridge Pixma 561 XL | Price: 15.00
[2025-11-12 20:18:02,757] INFO:       [4/24] Processed 2634536553592425... (4/100)
[2025-11-12 20:18:02,758] INFO:       Title: Canon Printer Cartridges | Price: 12.00
[2025-11-12 20:18:07,516] INFO:       [5/24] Processed 1388820689325856... (5/100)
[2025-11-12 20:18:07,517] INFO:       Title: Canon - EXV 34 printer cartridges All Colours PRICE PER CARTRIDGE £25 | Price: 25.00
[2025-11-12 20:18:12,015] INFO:       [6/24] Processed 4200158923604827... (6/100)
[2025-11-12 20:18:12,015] INFO:       Title: Canon 545 XL printer cartridge | Price: 10.00
[2025-11-12 20:18:16,480] INFO:       [7/24] Processed 804443662396158... (7/100)
[2025-11-12 20:18:16,481] INFO:       Title: 10x printer in cartridges. | Price: 20.00
[2025-11-12 20:18:22,090] INFO:       [8/24] Processed 1554036418929335... (8/100)
[2025-11-12 20:18:22,090] INFO:       Title: Canon Printer Cartridge XL 540 | Price: 15.00
[2025-11-12 20:18:25,761] INFO:       [9/24] Processed 1409378457250684... (9/100)
[2025-11-12 20:18:25,761] INFO:       Title: Canon SELPHY Square mini photo printer with brand new ink cartridge | Price: 90.00
[2025-11-12 20:18:31,261] INFO:       [10/24] Processed 821587960580790... (10/100)
[2025-11-12 20:18:31,261] INFO:       Title: 5 x Canon Pixma multipack printer cartridges | Price: 100.00
[2025-11-12 20:18:35,889] INFO:       [11/24] Processed 1802585840390656... (11/100)
[2025-11-12 20:18:35,889] INFO:       Title: Two Empty Ink Canon Printer Cartridges . (Collect Brentford Tw8 0de) | Price: 3.00
[2025-11-12 20:18:41,451] INFO:       [12/24] Processed 1533404871411826... (12/100)
[2025-11-12 20:18:41,451] INFO:       Title: Canon pixma printer and black ink cartridge | Price: 35.00
[2025-11-12 20:18:44,931] INFO:       [13/24] Processed 805123005626129... (13/100)
[2025-11-12 20:18:44,932] INFO:       Title: Canon IPF6400 24” colour printer | Price: 0.00
[2025-11-12 20:18:48,614] INFO:       [14/24] Processed 867863309009116... (14/100)
[2025-11-12 20:18:48,614] INFO:       Title: FS: Brand New Sealed Genuine Canon Cartridge 312 Printer Black Toner for LBP3050 LBP3100 LBP3150 | Price: 20.00
[2025-11-12 20:18:53,246] INFO:       [15/24] Processed 1595795774739741... (15/100)
[2025-11-12 20:18:53,246] INFO:       Title: Canon Ink cartridges mixed bundle | Price: 350.00
[2025-11-12 20:18:58,770] INFO:       [16/24] Processed 932832663238117... (16/100)
[2025-11-12 20:18:58,771] INFO:       Title: Canon Pixma TS3355 Printer | Price: 20.00
[2025-11-12 20:19:04,419] INFO:       [17/24] Processed 1996643580893125... (17/100)
[2025-11-12 20:19:04,419] INFO:       Title: Canon imageprograf PRO-300 printer | Price: 200.00
[2025-11-12 20:19:09,960] INFO:       [18/24] Processed 1165421041786090... (18/100)
[2025-11-12 20:19:09,960] INFO:       Title: Ink Cartridges - Canon | Price: 10.00
[2025-11-12 20:19:15,480] INFO:       [19/24] Processed 1522001412469948... (19/100)
[2025-11-12 20:19:15,480] INFO:       Title: Canon Pixma MP495 Printer and Ink Cartridges | Price: 20.00
[2025-11-12 20:19:21,039] INFO:       [20/24] Processed 1332803175252000... (20/100)
[2025-11-12 20:19:21,039] INFO:       Title: Printer Ink Cartridges | Price: 5.00
[2025-11-12 20:19:26,652] INFO:       [21/24] Processed 3237053193118320... (21/100)
[2025-11-12 20:19:26,652] INFO:       Title: Cannon Ink Cartridges - free to collect | Price: 0.00
[2025-11-12 20:19:30,184] INFO:       [22/24] Processed 1343984273540151... (22/100)
[2025-11-12 20:19:30,184] INFO:       Title: Canon Printer Ink Cartridges x12 (All Black) | Price: 20.00
[2025-11-12 20:19:33,810] INFO:       [23/24] Processed 845592694592730... (23/100)
[2025-11-12 20:19:33,810] INFO:       Title: Cannon printer ink cartridges | Price: 25.00
[2025-11-12 20:19:39,421] INFO:       [24/24] Processed 2089559951820011... (24/100)
[2025-11-12 20:19:39,421] INFO:       Title: PRINTER CARTRIDGES | Price: 20.00
[2025-11-12 20:19:39,421] INFO:     🔄 Iteration 2
[2025-11-12 20:19:39,422] INFO:     ⚠️  No new items found. Attempt 1/3
[2025-11-12 20:19:39,422] INFO:     📜 Scrolling to bottom and waiting...
[2025-11-12 20:19:50,934] INFO:     🔄 Iteration 3
[2025-11-12 20:19:50,934] INFO:     ⚠️  No new items found. Attempt 2/3
[2025-11-12 20:19:50,934] INFO:     📜 Scrolling to bottom and waiting...
[2025-11-12 20:19:52,168] INFO:   📊 GraphQL → 23 items
[2025-11-12 20:20:02,443] INFO:     🔄 Iteration 4
[2025-11-12 20:20:02,444] INFO:     ✅ Found 23 new items. Total: 24/100 | Total unique: 24
