[2025-11-12 17:57:22,158] INFO: Task received by worker
[2025-11-12 17:57:22,159] INFO: Starting task: Facebook Marketplace Scraper
[2025-11-12 17:57:22,159] DEBUG: Input data: {
  "cities": [
    "london"
  ],
  "query": "Canon Printer Cartridge",
  "last_n_days": 7,
  "listings_per_city": 100
}
[2025-11-12 17:57:22,161] INFO: AADSASDASDASDASDASSDFSDFSDKFHSDKJFHKDSHKJHkjhjhkjhkj
[2025-11-12 17:57:22,161] INFO: Scraping 1 city(s): london
[2025-11-12 17:57:22,162] INFO: ================================================================================
[2025-11-12 17:57:22,162] INFO: 🚀 FACEBOOK MARKETPLACE SCRAPER
[2025-11-12 17:57:22,162] INFO: ================================================================================
[2025-11-12 17:57:22,162] INFO: 📋 Configuration:
[2025-11-12 17:57:22,162] INFO:    Query: "Canon Printer Cartridge"
[2025-11-12 17:57:22,162] INFO:    Cities: london
[2025-11-12 17:57:22,162] INFO:    Days: 7
[2025-11-12 17:57:22,162] INFO:    Listings per city: 100
[2025-11-12 17:57:22,163] INFO:    Cookies file: Facebook Marketplace Scraper - 146 (STARTED)
[2025-11-12 17:57:22,163] INFO: ================================================================================
[2025-11-12 17:57:23,625] INFO: 
🔐 LOGIN PROCESS
[2025-11-12 17:57:23,625] INFO: --------------------------------------------------------------------------------
[2025-11-12 17:57:23,652] INFO: ✅ Cookies loaded. Checking session...
[2025-11-12 17:57:35,437] INFO: ✅ Session is valid.
[2025-11-12 17:57:35,438] INFO: 
🌍 SCRAPING CITIES
[2025-11-12 17:57:35,438] INFO: --------------------------------------------------------------------------------
[2025-11-12 17:57:35,438] INFO: 
📍 City 1/1: London
[2025-11-12 17:57:35,438] INFO: --------------------------------------------------------------------------------
[2025-11-12 17:57:35,438] INFO: 🔗 URL: https://www.facebook.com/marketplace/london/search?daysSinceListed=7&sortBy=best_match&query=Canon%20Printer%20Cartridge
[2025-11-12 17:57:35,611] INFO: ⏳ Loading marketplace page...
[2025-11-12 17:57:38,360] INFO:   ⏳ Scraping up to 100 listings...
[2025-11-12 17:57:38,643] INFO:   📄 HTML → 24 items
[2025-11-12 17:57:53,363] INFO:     🔄 Iteration 1
[2025-11-12 17:57:53,364] INFO:     ✅ Found 24 new items. Total: 0/100 | Total unique: 0
[2025-11-12 17:57:59,057] INFO:       [1/24] Processed 4200158923604827... (1/100)
[2025-11-12 17:57:59,058] INFO:       Title: Canon 545 XL printer cartridge | Price: 10.00
[2025-11-12 17:58:03,692] INFO:       [2/24] Processed 832326779395829... (2/100)
[2025-11-12 17:58:03,692] INFO:       Title: Canon printer | Price: 0.00
[2025-11-12 17:58:08,184] INFO:       [3/24] Processed 1388820689325856... (3/100)
[2025-11-12 17:58:08,184] INFO:       Title: Canon - EXV 34 printer cartridges All Colours PRICE PER CARTRIDGE £25 | Price: 25.00
[2025-11-12 17:58:11,701] INFO:       [4/24] Processed 1554036418929335... (4/100)
[2025-11-12 17:58:11,701] INFO:       Title: Canon Printer Cartridge XL 540 | Price: 15.00
[2025-11-12 17:58:15,200] INFO:       [5/24] Processed 2634536553592425... (5/100)
[2025-11-12 17:58:15,200] INFO:       Title: Canon Printer Cartridges | Price: 12.00
[2025-11-12 17:58:19,841] INFO:       [6/24] Processed 724021280062561... (6/100)
[2025-11-12 17:58:19,841] INFO:       Title: Genuine CANON ink cartridges for PIXMA printer (CLI-551/PGI-550) | Price: 22.00
[2025-11-12 17:58:24,438] INFO:       [7/24] Processed 25439726585661717... (7/100)
[2025-11-12 17:58:24,438] INFO:       Title: Canon Printer Cartridge Pixma 561 XL | Price: 15.00
[2025-11-12 17:58:29,010] INFO:       [8/24] Processed 821587960580790... (8/100)
[2025-11-12 17:58:29,010] INFO:       Title: 5 x Canon Pixma multipack printer cartridges | Price: 100.00
[2025-11-12 17:58:34,469] INFO:       [9/24] Processed 867863309009116... (9/100)
[2025-11-12 17:58:34,469] INFO:       Title: FS: Brand New Sealed Genuine Canon Cartridge 312 Printer Black Toner for LBP3050 LBP3100 LBP3150 | Price: 20.00
[2025-11-12 17:58:39,035] INFO:       [10/24] Processed 932832663238117... (10/100)
[2025-11-12 17:58:39,035] INFO:       Title: Canon Pixma TS3355 Printer | Price: 20.00
[2025-11-12 17:58:42,669] INFO:       [11/24] Processed 1996643580893125... (11/100)
[2025-11-12 17:58:42,670] INFO:       Title: Canon imageprograf PRO-300 printer | Price: 200.00
[2025-11-12 17:58:48,230] INFO:       [12/24] Processed 1533404871411826... (12/100)
[2025-11-12 17:58:48,231] INFO:       Title: Canon pixma printer and black ink cartridge | Price: 35.00
[2025-11-12 17:58:53,853] INFO:       [13/24] Processed 1595795774739741... (13/100)
[2025-11-12 17:58:53,853] INFO:       Title: Canon Ink cartridges mixed bundle | Price: 350.00
[2025-11-12 17:58:57,506] INFO:       [14/24] Processed 804443662396158... (14/100)
[2025-11-12 17:58:57,506] INFO:       Title: 10x printer in cartridges. | Price: 20.00
[2025-11-12 17:59:01,049] INFO:       [15/24] Processed 1165421041786090... (15/100)
[2025-11-12 17:59:01,049] INFO:       Title: Ink Cartridges - Canon | Price: 10.00
[2025-11-12 17:59:06,644] INFO:       [16/24] Processed 1409378457250684... (16/100)
[2025-11-12 17:59:06,644] INFO:       Title: Canon SELPHY Square mini photo printer with brand new ink cartridge | Price: 90.00
[2025-11-12 17:59:11,221] INFO:       [17/24] Processed 805123005626129... (17/100)
[2025-11-12 17:59:11,221] INFO:       Title: Canon IPF6400 24” colour printer | Price: 0.00
[2025-11-12 17:59:16,812] INFO:       [18/24] Processed 1332803175252000... (18/100)
[2025-11-12 17:59:16,812] INFO:       Title: Printer Ink Cartridges | Price: 5.00
[2025-11-12 17:59:20,348] INFO:       [19/24] Processed 1802585840390656... (19/100)
[2025-11-12 17:59:20,348] INFO:       Title: Two Empty Ink Canon Printer Cartridges . (Collect Brentford Tw8 0de) | Price: 3.00
[2025-11-12 17:59:24,951] INFO:       [20/24] Processed 1343984273540151... (20/100)
[2025-11-12 17:59:24,951] INFO:       Title: Canon Printer Ink Cartridges x12 (All Black) | Price: 20.00
[2025-11-12 17:59:30,509] INFO:       [21/24] Processed 3237053193118320... (21/100)
[2025-11-12 17:59:30,509] INFO:       Title: Cannon Ink Cartridges - free to collect | Price: 0.00
[2025-11-12 17:59:34,094] INFO:       [22/24] Processed 1522001412469948... (22/100)
[2025-11-12 17:59:34,094] INFO:       Title: Canon Pixma MP495 Printer and Ink Cartridges | Price: 20.00
[2025-11-12 17:59:37,602] INFO:       [23/24] Processed 1356698949235939... (23/100)
[2025-11-12 17:59:37,602] INFO:       Title: Epson Printer & Scanner includes 6+Ink Cartridges New | Price: 40.00
[2025-11-12 17:59:41,145] INFO:       [24/24] Processed 2089559951820011... (24/100)
[2025-11-12 17:59:41,146] INFO:       Title: PRINTER CARTRIDGES | Price: 20.00
[2025-11-12 17:59:41,146] INFO:     🔄 Iteration 2
[2025-11-12 17:59:41,146] INFO:     ⚠️  No new items found. Attempt 1/3
[2025-11-12 17:59:41,146] INFO:     📜 Scrolling to bottom and waiting...
[2025-11-12 17:59:52,658] INFO:     🔄 Iteration 3
[2025-11-12 17:59:52,658] INFO:     ⚠️  No new items found. Attempt 2/3
[2025-11-12 17:59:52,658] INFO:     📜 Scrolling to bottom and waiting...
[2025-11-12 17:59:54,904] INFO:   📊 GraphQL → 23 items
[2025-11-12 18:00:04,169] INFO:     🔄 Iteration 4
[2025-11-12 18:00:04,170] INFO:     ✅ Found 23 new items. Total: 24/100 | Total unique: 24
[2025-11-12 18:00:08,930] INFO:       [1/23] Processed 1881933909199971... (25/100)
[2025-11-12 18:00:08,930] INFO:       Title: Canon Pixma MX495 INKJET PRINTER | Price: 0.00
[2025-11-12 18:00:14,531] INFO:       [2/23] Processed 827568980231457... (26/100)
[2025-11-12 18:00:14,531] INFO:       Title: Cannon MG3050 Printer / Scanner (with ink) | Price: 30.00
[2025-11-12 18:00:18,163] INFO:       [3/23] Processed 1888079798754394... (27/100)
[2025-11-12 18:00:18,163] INFO:       Title: Canon Printer MG3650S with 2 black ink cartridges | Price: 40.00
[2025-11-12 18:00:22,674] INFO:       [4/23] Processed 1316724486435641... (28/100)
[2025-11-12 18:00:22,674] INFO:       Title: Canon Selphy Compact Photo Printer | Price: 95.00
[2025-11-12 18:00:28,320] INFO:       [5/23] Processed 1344436397378512... (29/100)
[2025-11-12 18:00:28,320] INFO:       Title: Wilko printer cartridge canon CLI-571XL | Price: 10.00
[2025-11-12 18:00:33,932] INFO:       [6/23] Processed 1213075990872284... (30/100)
[2025-11-12 18:00:33,932] INFO:       Title: Wolfgray PGI 580XXL Printer Cartridges Compatible with Canon | Price: 10.00
[2025-11-12 18:00:34,429] INFO:       ❌ Drag failed 1031578899093719: Mouse.up: Target page, context or browser has been closed
[2025-11-12 18:00:34,433] INFO:       ⏭️  Skipped 1947766232449507: selector timeout, error: Page.wait_for_selector: Target page, context or br
[2025-11-12 18:00:34,439] INFO:       ⏭️  Skipped 846624017875744: selector timeout, error: Page.wait_for_selector: Target page, context or br
[2025-11-12 18:00:34,449] INFO:       ⏭️  Skipped 2005787683540037: selector timeout, error: Page.wait_for_selector: Target page, context or br
[2025-11-12 18:00:34,458] INFO:       ⏭️  Skipped 695989156887288: selector timeout, error: Page.wait_for_selector: Target page, context or br
[2025-11-12 18:00:34,464] INFO:       ⏭️  Skipped 1580667719778744: selector timeout, error: Page.wait_for_selector: Target page, context or br
[2025-11-12 18:00:34,469] INFO:       ⏭️  Skipped 2253659958393091: selector timeout, error: Page.wait_for_selector: Target page, context or br
[2025-11-12 18:00:34,473] INFO:       ⏭️  Skipped 1380239786871615: selector timeout, error: Page.wait_for_selector: Target page, context or br
[2025-11-12 18:00:34,482] INFO:       ⏭️  Skipped 820043943962063: selector timeout, error: Page.wait_for_selector: Connection closed while re
[2025-11-12 18:00:34,485] INFO:       ⏭️  Skipped 1377635170643776: selector timeout, error: Page.wait_for_selector: Connection closed while re
[2025-11-12 18:00:34,487] INFO:       ⏭️  Skipped 1951389322926735: selector timeout, error: Page.wait_for_selector: Connection closed while re
