[2025-11-11 16:14:29,862] INFO: Task received by worker
[2025-11-11 16:14:29,862] INFO: Starting task: Facebook Marketplace Scraper
[2025-11-11 16:14:29,863] DEBUG: Input data: {
  "cities": [
    "berlin"
  ],
  "query": "Canon",
  "last_n_days": 7,
  "listings_per_city": 100
}
[2025-11-11 16:14:29,867] INFO: AADSASDASDASDASDASSDFSDFSDKFHSDKJFHKDSHKJHkjhjhkjhkj
[2025-11-11 16:14:29,867] INFO: Scraping 1 city(s): berlin
[2025-11-11 16:14:29,869] INFO: ================================================================================
[2025-11-11 16:14:29,869] INFO: 🚀 FACEBOOK MARKETPLACE SCRAPER
[2025-11-11 16:14:29,869] INFO: ================================================================================
[2025-11-11 16:14:29,869] INFO: 📋 Configuration:
[2025-11-11 16:14:29,870] INFO:    Query: "Canon Printer Cartridge"
[2025-11-11 16:14:29,878] ERROR: Task failed: name 'CITIES' is not defined
Traceback (most recent call last):
  File "/home/akhliddin/Desktop/ScriptifyBackend/apps/scripts/tasks.py", line 43, in execute_script_task
    result = scrape_facebook_marketplace(run, input_data, logger)
             ^^^^^^^^^^^^^^^^^^^^^^^^^^^^^^^^^^^^^^^^^^^^^^^^^^^^
  File "/home/akhliddin/Desktop/ScriptifyBackend/venv/lib/python3.12/site-packages/celery/local.py", line 182, in __call__
    return self._get_current_object()(*a, **kw)
           ^^^^^^^^^^^^^^^^^^^^^^^^^^^^^^^^^^^^
  File "/home/akhliddin/Desktop/ScriptifyBackend/venv/lib/python3.12/site-packages/celery/app/trace.py", line 737, in __protected_call__
    return orig(self, *args, **kwargs)
           ^^^^^^^^^^^^^^^^^^^^^^^^^^^
  File "/home/akhliddin/Desktop/ScriptifyBackend/venv/lib/python3.12/site-packages/celery/app/task.py", line 411, in __call__
    return self.run(*args, **kwargs)
           ^^^^^^^^^^^^^^^^^^^^^^^^^
  File "/home/akhliddin/Desktop/ScriptifyBackend/apps/scripts/tasks.py", line 190, in scrape_facebook_marketplace
    return facebook_scraper.start_scraping()
           ^^^^^^^^^^^^^^^^^^^^^^^^^^^^^^^^^
  File "/home/akhliddin/Desktop/ScriptifyBackend/apps/scripts/facebook_scraper/facebook_scraper_main.py", line 182, in start_scraping
    return asyncio.run(self._async_main())
           ^^^^^^^^^^^^^^^^^^^^^^^^^^^^^^^
  File "/usr/lib/python3.12/asyncio/runners.py", line 194, in run
    return runner.run(main)
           ^^^^^^^^^^^^^^^^
  File "/usr/lib/python3.12/asyncio/runners.py", line 118, in run
    return self._loop.run_until_complete(task)
           ^^^^^^^^^^^^^^^^^^^^^^^^^^^^^^^^^^^
  File "/usr/lib/python3.12/asyncio/base_events.py", line 687, in run_until_complete
    return future.result()
           ^^^^^^^^^^^^^^^
  File "/home/akhliddin/Desktop/ScriptifyBackend/apps/scripts/facebook_scraper/facebook_scraper_main.py", line 64, in _async_main
    self.logger.info(f"   Cities: {', '.join(CITIES)}")
                                             ^^^^^^
NameError: name 'CITIES' is not defined

