[2025-11-15 00:23:49,306] INFO: Task received by worker
[2025-11-15 00:23:49,306] INFO: Starting task: Facebook Marketplace Scraper
[2025-11-15 00:23:49,307] DEBUG: Input data: {
  "cities": [
    "london"
  ],
  "query": "Canon Printer Cartridge",
  "last_n_days": 7,
  "listings_per_city": "10"
}
[2025-11-15 00:23:49,310] INFO: Scraping 1 city(s): london
[2025-11-15 00:23:49,310] INFO: ================================================================================
[2025-11-15 00:23:49,311] INFO: 🚀 FACEBOOK MARKETPLACE SCRAPER
[2025-11-15 00:23:49,311] INFO: ================================================================================
[2025-11-15 00:23:49,311] INFO: 📋 Configuration:
[2025-11-15 00:23:49,311] INFO:    Query: "Canon Printer Cartridge"
[2025-11-15 00:23:49,311] INFO:    Cities: london
[2025-11-15 00:23:49,311] INFO:    Days: 7
[2025-11-15 00:23:49,311] INFO:    Listings per city: 10
[2025-11-15 00:23:49,311] INFO:    Cookies file: Facebook Marketplace Scraper - 200 (STARTED)
[2025-11-15 00:23:49,311] INFO: ================================================================================
[2025-11-15 00:23:50,123] INFO: 
🔐 LOGIN PROCESS
[2025-11-15 00:23:50,123] INFO: --------------------------------------------------------------------------------
[2025-11-15 00:23:50,133] INFO: ✅ Cookies loaded. Checking session...
[2025-11-15 00:24:01,927] INFO: ✅ Session is valid.
[2025-11-15 00:24:01,927] INFO: 
🌍 SCRAPING CITIES
[2025-11-15 00:24:01,927] INFO: --------------------------------------------------------------------------------
[2025-11-15 00:24:01,927] INFO: 
📍 City 1/1: London
[2025-11-15 00:24:01,927] INFO: --------------------------------------------------------------------------------
[2025-11-15 00:24:01,927] INFO: 🔗 URL: https://www.facebook.com/marketplace/london/search?daysSinceListed=7&sortBy=best_match&query=Canon%20Printer%20Cartridge
[2025-11-15 00:24:02,063] INFO: ⏳ Loading marketplace page...
[2025-11-15 00:24:07,241] INFO:   ⏳ Scraping up to 10 listings...
[2025-11-15 00:24:07,456] INFO:   📄 HTML → 24 items
[2025-11-15 00:24:24,112] INFO:   ⏳ Scraping up to 10 listings...
[2025-11-15 00:24:41,405] INFO:   ⏳ Scraping up to 10 listings...
[2025-11-15 00:25:05,932] INFO: ❌ Failed to scrape London after retries. Error: object of type 'NoneType' has no len()
[2025-11-15 00:25:05,932] INFO: 
================================================================================
[2025-11-15 00:25:05,933] INFO: ✅ SCRAPING COMPLETE!
[2025-11-15 00:25:05,933] INFO: 📊 Total unique listings scraped: 0
[2025-11-15 00:25:05,933] INFO: ================================================================================
[2025-11-15 00:25:06,072] INFO: Task completed successfully
