[2025-11-12 17:55:09,339] INFO: Task received by worker
[2025-11-12 17:55:09,339] INFO: Starting task: Facebook Marketplace Scraper
[2025-11-12 17:55:09,340] DEBUG: Input data: {
  "cities": [
    "london"
  ],
  "query": "Canon Printer Cartridge",
  "last_n_days": 7,
  "listings_per_city": 100
}
[2025-11-12 17:55:09,344] INFO: AADSASDASDASDASDASSDFSDFSDKFHSDKJFHKDSHKJHkjhjhkjhkj
[2025-11-12 17:55:09,344] INFO: Scraping 1 city(s): london
[2025-11-12 17:55:09,346] INFO: ================================================================================
[2025-11-12 17:55:09,347] INFO: 🚀 FACEBOOK MARKETPLACE SCRAPER
[2025-11-12 17:55:09,347] INFO: ================================================================================
[2025-11-12 17:55:09,347] INFO: 📋 Configuration:
[2025-11-12 17:55:09,347] INFO:    Query: "Canon Printer Cartridge"
[2025-11-12 17:55:09,347] INFO:    Cities: london
[2025-11-12 17:55:09,347] INFO:    Days: 7
[2025-11-12 17:55:09,347] INFO:    Listings per city: 100
[2025-11-12 17:55:09,347] INFO:    Cookies file: Facebook Marketplace Scraper - 145 (STARTED)
[2025-11-12 17:55:09,347] INFO: ================================================================================
[2025-11-12 17:55:10,954] INFO: 
🔐 LOGIN PROCESS
[2025-11-12 17:55:10,955] INFO: --------------------------------------------------------------------------------
[2025-11-12 17:55:10,964] INFO: ✅ Cookies loaded. Checking session...
[2025-11-12 17:55:24,943] INFO: ✅ Session is valid.
[2025-11-12 17:55:24,944] INFO: 
🌍 SCRAPING CITIES
[2025-11-12 17:55:24,944] INFO: --------------------------------------------------------------------------------
[2025-11-12 17:55:24,944] INFO: 
📍 City 1/1: London
[2025-11-12 17:55:24,944] INFO: --------------------------------------------------------------------------------
[2025-11-12 17:55:24,944] INFO: 🔗 URL: https://www.facebook.com/marketplace/london/search?daysSinceListed=7&sortBy=best_match&query=Canon%20Printer%20Cartridge
[2025-11-12 17:55:25,067] INFO: ⏳ Loading marketplace page...
[2025-11-12 17:55:26,398] INFO:   ⏳ Scraping up to 100 listings...
[2025-11-12 17:55:26,625] INFO:   📄 HTML → 24 items
[2025-11-12 17:55:41,404] INFO:     🔄 Iteration 1
[2025-11-12 17:55:41,404] INFO:     ✅ Found 24 new items. Total: 0/100 | Total unique: 0
[2025-11-12 17:55:45,079] INFO:       [1/24] Processed 4200158923604827... (1/100)
[2025-11-12 17:55:45,080] INFO:       Title: Canon 545 XL printer cartridge | Price: 10.00
[2025-11-12 17:55:49,659] INFO:       [2/24] Processed 832326779395829... (2/100)
[2025-11-12 17:55:49,659] INFO:       Title: Canon printer | Price: 0.00
[2025-11-12 17:55:54,207] INFO:       [3/24] Processed 1388820689325856... (3/100)
[2025-11-12 17:55:54,207] INFO:       Title: Canon - EXV 34 printer cartridges All Colours PRICE PER CARTRIDGE £25 | Price: 25.00
[2025-11-12 17:55:59,879] INFO:       [4/24] Processed 1554036418929335... (4/100)
[2025-11-12 17:55:59,880] INFO:       Title: Canon Printer Cartridge XL 540 | Price: 15.00
[2025-11-12 17:56:05,547] INFO:       [5/24] Processed 2634536553592425... (5/100)
[2025-11-12 17:56:05,547] INFO:       Title: Canon Printer Cartridges | Price: 12.00
[2025-11-12 17:56:11,061] INFO:       [6/24] Processed 724021280062561... (6/100)
[2025-11-12 17:56:11,061] INFO:       Title: Genuine CANON ink cartridges for PIXMA printer (CLI-551/PGI-550) | Price: 22.00
[2025-11-12 17:56:14,659] INFO:       [7/24] Processed 25439726585661717... (7/100)
[2025-11-12 17:56:14,659] INFO:       Title: Canon Printer Cartridge Pixma 561 XL | Price: 15.00
[2025-11-12 17:56:19,244] INFO:       [8/24] Processed 821587960580790... (8/100)
[2025-11-12 17:56:19,244] INFO:       Title: 5 x Canon Pixma multipack printer cartridges | Price: 100.00
[2025-11-12 17:56:22,791] INFO:       [9/24] Processed 867863309009116... (9/100)
[2025-11-12 17:56:22,791] INFO:       Title: FS: Brand New Sealed Genuine Canon Cartridge 312 Printer Black Toner for LBP3050 LBP3100 LBP3150 | Price: 20.00
[2025-11-12 17:56:27,317] INFO:       [10/24] Processed 932832663238117... (10/100)
[2025-11-12 17:56:27,317] INFO:       Title: Canon Pixma TS3355 Printer | Price: 20.00
[2025-11-12 17:56:32,816] INFO:       [11/24] Processed 1996643580893125... (11/100)
[2025-11-12 17:56:32,816] INFO:       Title: Canon imageprograf PRO-300 printer | Price: 200.00
[2025-11-12 17:56:38,459] INFO:       [12/24] Processed 1533404871411826... (12/100)
[2025-11-12 17:56:38,459] INFO:       Title: Canon pixma printer and black ink cartridge | Price: 35.00
[2025-11-12 17:56:44,052] INFO:       [13/24] Processed 1595795774739741... (13/100)
[2025-11-12 17:56:44,052] INFO:       Title: Canon Ink cartridges mixed bundle | Price: 350.00
[2025-11-12 17:56:47,684] INFO:       [14/24] Processed 804443662396158... (14/100)
[2025-11-12 17:56:47,684] INFO:       Title: 10x printer in cartridges. | Price: 20.00
[2025-11-12 17:56:47,962] INFO:       ❌ Drag failed 1165421041786090: Mouse.down: Target page, context or browser has been closed
[2025-11-12 17:56:47,970] INFO:       ⏭️  Skipped 1409378457250684: selector timeout, error: Page.wait_for_selector: Target page, context or br
[2025-11-12 17:56:47,974] INFO:       ⏭️  Skipped 805123005626129: selector timeout, error: Page.wait_for_selector: Target page, context or br
[2025-11-12 17:56:47,980] INFO:       ⏭️  Skipped 1332803175252000: selector timeout, error: Page.wait_for_selector: Target page, context or br
[2025-11-12 17:56:47,987] INFO:       ⏭️  Skipped 1802585840390656: selector timeout, error: Page.wait_for_selector: Target page, context or br
[2025-11-12 17:56:47,993] INFO:       ⏭️  Skipped 1343984273540151: selector timeout, error: Page.wait_for_selector: Target page, context or br
[2025-11-12 17:56:47,997] INFO:       ⏭️  Skipped 3237053193118320: selector timeout, error: Page.wait_for_selector: Target page, context or br
[2025-11-12 17:56:48,001] INFO:       ⏭️  Skipped 1522001412469948: selector timeout, error: Page.wait_for_selector: Target page, context or br
[2025-11-12 17:56:48,014] INFO:       ⏭️  Skipped 1356698949235939: selector timeout, error: Page.wait_for_selector: Target page, context or br
[2025-11-12 17:56:48,018] INFO:       ⏭️  Skipped 2089559951820011: selector timeout, error: Page.wait_for_selector: Target page, context or br
[2025-11-12 17:56:48,018] INFO:     🔄 Iteration 2
[2025-11-12 17:56:48,024] INFO:     ⚠️  No new items found. Attempt 1/3
[2025-11-12 17:56:48,024] INFO:     📜 Scrolling to bottom and waiting...
