[2025-11-15 00:25:59,348] INFO: Task received by worker
[2025-11-15 00:25:59,349] INFO: Starting task: Facebook Marketplace Scraper
[2025-11-15 00:25:59,349] DEBUG: Input data: {
  "cities": [
    "london"
  ],
  "query": "Canon Printer Cartridge",
  "last_n_days": 7,
  "listings_per_city": "10"
}
[2025-11-15 00:25:59,350] INFO: Scraping 1 city(s): london
[2025-11-15 00:25:59,351] INFO: ================================================================================
[2025-11-15 00:25:59,351] INFO: 🚀 FACEBOOK MARKETPLACE SCRAPER
[2025-11-15 00:25:59,351] INFO: ================================================================================
[2025-11-15 00:25:59,351] INFO: 📋 Configuration:
[2025-11-15 00:25:59,351] INFO:    Query: "Canon Printer Cartridge"
[2025-11-15 00:25:59,351] INFO:    Cities: london
[2025-11-15 00:25:59,352] INFO:    Days: 7
[2025-11-15 00:25:59,352] INFO:    Listings per city: 10
[2025-11-15 00:25:59,352] INFO:    Cookies file: Facebook Marketplace Scraper - 201 (STARTED)
[2025-11-15 00:25:59,352] INFO: ================================================================================
[2025-11-15 00:26:00,160] INFO: 
🔐 LOGIN PROCESS
[2025-11-15 00:26:00,160] INFO: --------------------------------------------------------------------------------
[2025-11-15 00:26:00,165] INFO: ✅ Cookies loaded. Checking session...
[2025-11-15 00:26:14,329] INFO: ✅ Session is valid.
[2025-11-15 00:26:14,329] INFO: 
🌍 SCRAPING CITIES
[2025-11-15 00:26:14,330] INFO: --------------------------------------------------------------------------------
[2025-11-15 00:26:14,330] INFO: 
📍 City 1/1: London
[2025-11-15 00:26:14,330] INFO: --------------------------------------------------------------------------------
[2025-11-15 00:26:14,330] INFO: 🔗 URL: https://www.facebook.com/marketplace/london/search?daysSinceListed=7&sortBy=best_match&query=Canon%20Printer%20Cartridge
[2025-11-15 00:26:14,388] INFO: ⏳ Loading marketplace page...
[2025-11-15 00:26:16,199] INFO:   ⏳ Scraping up to 10 listings...
[2025-11-15 00:26:16,527] INFO:   📄 HTML → 24 items
[2025-11-15 00:26:32,657] INFO:   ⏳ Scraping up to 10 listings...
[2025-11-15 00:26:50,621] INFO:   ⏳ Scraping up to 10 listings...
