[2025-11-12 20:20:27,486] INFO: Task received by worker
[2025-11-12 20:20:27,487] INFO: Starting task: Facebook Marketplace Scraper
[2025-11-12 20:20:27,487] DEBUG: Input data: {
  "cities": [
    "london"
  ],
  "query": "Canon Printer Cartridge",
  "last_n_days": 7,
  "listings_per_city": 100
}
[2025-11-12 20:20:27,490] INFO: AADSASDASDASDASDASSDFSDFSDKFHSDKJFHKDSHKJHkjhjhkjhkj
[2025-11-12 20:20:27,491] INFO: Scraping 1 city(s): london
[2025-11-12 20:20:27,491] INFO: ================================================================================
[2025-11-12 20:20:27,492] INFO: 🚀 FACEBOOK MARKETPLACE SCRAPER
[2025-11-12 20:20:27,492] INFO: ================================================================================
[2025-11-12 20:20:27,492] INFO: 📋 Configuration:
[2025-11-12 20:20:27,492] INFO:    Query: "Canon Printer Cartridge"
[2025-11-12 20:20:27,492] INFO:    Cities: london
[2025-11-12 20:20:27,493] INFO:    Days: 7
[2025-11-12 20:20:27,493] INFO:    Listings per city: 100
[2025-11-12 20:20:27,493] INFO:    Cookies file: Facebook Marketplace Scraper - 157 (STARTED)
[2025-11-12 20:20:27,493] INFO: ================================================================================
[2025-11-12 20:20:28,962] INFO: 
🔐 LOGIN PROCESS
[2025-11-12 20:20:28,962] INFO: --------------------------------------------------------------------------------
[2025-11-12 20:20:28,984] INFO: ✅ Cookies loaded. Checking session...
[2025-11-12 20:20:40,918] INFO: ✅ Session is valid.
[2025-11-12 20:20:40,918] INFO: 
🌍 SCRAPING CITIES
[2025-11-12 20:20:40,918] INFO: --------------------------------------------------------------------------------
[2025-11-12 20:20:40,918] INFO: 
📍 City 1/1: London
[2025-11-12 20:20:40,918] INFO: --------------------------------------------------------------------------------
[2025-11-12 20:20:40,918] INFO: 🔗 URL: https://www.facebook.com/marketplace/london/search?daysSinceListed=7&sortBy=best_match&query=Canon%20Printer%20Cartridge
[2025-11-12 20:20:41,038] INFO: ⏳ Loading marketplace page...
[2025-11-12 20:20:42,431] INFO:   ⏳ Scraping up to 100 listings...
[2025-11-12 20:20:42,708] INFO:   📄 HTML → 24 items
[2025-11-12 20:20:57,433] INFO:     🔄 Iteration 1
[2025-11-12 20:20:57,433] INFO:     ✅ Found 24 new items. Total: 0/100 | Total unique: 0
[2025-11-12 20:21:01,167] INFO:       [1/24] Processed 832326779395829... (1/100)
[2025-11-12 20:21:01,167] INFO:       Title: Canon printer | Price: 0.00
[2025-11-12 20:21:06,719] INFO:       [2/24] Processed 724021280062561... (2/100)
[2025-11-12 20:21:06,719] INFO:       Title: Genuine CANON ink cartridges for PIXMA printer (CLI-551/PGI-550) | Price: 22.00
[2025-11-12 20:21:10,317] INFO:       [3/24] Processed 25439726585661717... (3/100)
[2025-11-12 20:21:10,317] INFO:       Title: Canon Printer Cartridge Pixma 561 XL | Price: 15.00
[2025-11-12 20:21:14,933] INFO:       [4/24] Processed 2634536553592425... (4/100)
[2025-11-12 20:21:14,933] INFO:       Title: Canon Printer Cartridges | Price: 12.00
[2025-11-12 20:21:18,533] INFO:       [5/24] Processed 1388820689325856... (5/100)
[2025-11-12 20:21:18,533] INFO:       Title: Canon - EXV 34 printer cartridges All Colours PRICE PER CARTRIDGE £25 | Price: 25.00
[2025-11-12 20:21:24,177] INFO:       [6/24] Processed 4200158923604827... (6/100)
[2025-11-12 20:21:24,177] INFO:       Title: Canon 545 XL printer cartridge | Price: 10.00
[2025-11-12 20:21:27,954] INFO:       [7/24] Processed 804443662396158... (7/100)
[2025-11-12 20:21:27,954] INFO:       Title: 10x printer in cartridges. | Price: 20.00
[2025-11-12 20:21:31,483] INFO:       [8/24] Processed 1554036418929335... (8/100)
[2025-11-12 20:21:31,483] INFO:       Title: Canon Printer Cartridge XL 540 | Price: 15.00
[2025-11-12 20:21:36,099] INFO:       [9/24] Processed 1409378457250684... (9/100)
[2025-11-12 20:21:36,099] INFO:       Title: Canon SELPHY Square mini photo printer with brand new ink cartridge | Price: 90.00
[2025-11-12 20:21:40,813] INFO:       [10/24] Processed 821587960580790... (10/100)
[2025-11-12 20:21:40,813] INFO:       Title: 5 x Canon Pixma multipack printer cartridges | Price: 100.00
[2025-11-12 20:21:46,395] INFO:       [11/24] Processed 1802585840390656... (11/100)
[2025-11-12 20:21:46,395] INFO:       Title: Two Empty Ink Canon Printer Cartridges . (Collect Brentford Tw8 0de) | Price: 3.00
[2025-11-12 20:21:52,144] INFO:       [12/24] Processed 1533404871411826... (12/100)
[2025-11-12 20:21:52,144] INFO:       Title: Canon pixma printer and black ink cartridge | Price: 35.00
[2025-11-12 20:21:57,696] INFO:       [13/24] Processed 805123005626129... (13/100)
[2025-11-12 20:21:57,696] INFO:       Title: Canon IPF6400 24” colour printer | Price: 0.00
[2025-11-12 20:22:02,396] INFO:       [14/24] Processed 867863309009116... (14/100)
[2025-11-12 20:22:02,396] INFO:       Title: FS: Brand New Sealed Genuine Canon Cartridge 312 Printer Black Toner for LBP3050 LBP3100 LBP3150 | Price: 20.00
[2025-11-12 20:22:05,979] INFO:       [15/24] Processed 1595795774739741... (15/100)
[2025-11-12 20:22:05,979] INFO:       Title: Canon Ink cartridges mixed bundle | Price: 350.00
[2025-11-12 20:22:11,644] INFO:       [16/24] Processed 932832663238117... (16/100)
[2025-11-12 20:22:11,644] INFO:       Title: Canon Pixma TS3355 Printer | Price: 20.00
[2025-11-12 20:22:15,210] INFO:       [17/24] Processed 1996643580893125... (17/100)
[2025-11-12 20:22:15,211] INFO:       Title: Canon imageprograf PRO-300 printer | Price: 200.00
[2025-11-12 20:22:20,810] INFO:       [18/24] Processed 1165421041786090... (18/100)
[2025-11-12 20:22:20,810] INFO:       Title: Ink Cartridges - Canon | Price: 10.00
[2025-11-12 20:22:25,445] INFO:       [19/24] Processed 1522001412469948... (19/100)
[2025-11-12 20:22:25,445] INFO:       Title: Canon Pixma MP495 Printer and Ink Cartridges | Price: 20.00
[2025-11-12 20:22:29,993] INFO:       [20/24] Processed 1332803175252000... (20/100)
[2025-11-12 20:22:29,993] INFO:       Title: Printer Ink Cartridges | Price: 5.00
[2025-11-12 20:22:33,560] INFO:       [21/24] Processed 3237053193118320... (21/100)
[2025-11-12 20:22:33,560] INFO:       Title: Cannon Ink Cartridges - free to collect | Price: 0.00
[2025-11-12 20:22:39,109] INFO:       [22/24] Processed 1343984273540151... (22/100)
[2025-11-12 20:22:39,110] INFO:       Title: Canon Printer Ink Cartridges x12 (All Black) | Price: 20.00
[2025-11-12 20:22:43,677] INFO:       [23/24] Processed 845592694592730... (23/100)
[2025-11-12 20:22:43,678] INFO:       Title: Cannon printer ink cartridges | Price: 25.00
[2025-11-12 20:22:47,165] INFO:       [24/24] Processed 2089559951820011... (24/100)
[2025-11-12 20:22:47,165] INFO:       Title: PRINTER CARTRIDGES | Price: 20.00
[2025-11-12 20:22:47,165] INFO:     🔄 Iteration 2
[2025-11-12 20:22:47,165] INFO:     ⚠️  No new items found. Attempt 1/3
[2025-11-12 20:22:47,165] INFO:     📜 Scrolling to bottom and waiting...
[2025-11-12 20:22:49,442] INFO:   📊 GraphQL → 23 items
[2025-11-12 20:22:58,676] INFO:     🔄 Iteration 3
[2025-11-12 20:22:58,676] INFO:     ✅ Found 23 new items. Total: 24/100 | Total unique: 24
[2025-11-12 20:23:08,684] INFO:       ⏭️  Skipped 1344436397378512: selector timeout, error: Page.wait_for_selector: Timeout 10000ms exceeded.

[2025-11-12 20:23:18,688] INFO:       ⏭️  Skipped 25015282818100616: selector timeout, error: Page.wait_for_selector: Timeout 10000ms exceeded.

[2025-11-12 20:23:28,694] INFO:       ⏭️  Skipped 1316724486435641: selector timeout, error: Page.wait_for_selector: Timeout 10000ms exceeded.

[2025-11-12 20:23:38,699] INFO:       ⏭️  Skipped 1213075990872284: selector timeout, error: Page.wait_for_selector: Timeout 10000ms exceeded.

[2025-11-12 20:23:48,706] INFO:       ⏭️  Skipped 826237803464638: selector timeout, error: Page.wait_for_selector: Timeout 10000ms exceeded.

[2025-11-12 20:23:58,712] INFO:       ⏭️  Skipped 1031578899093719: selector timeout, error: Page.wait_for_selector: Timeout 10000ms exceeded.

[2025-11-12 20:24:08,719] INFO:       ⏭️  Skipped 695989156887288: selector timeout, error: Page.wait_for_selector: Timeout 10000ms exceeded.

[2025-11-12 20:24:18,722] INFO:       ⏭️  Skipped 1041704031369989: selector timeout, error: Page.wait_for_selector: Timeout 10000ms exceeded.

[2025-11-12 20:24:28,726] INFO:       ⏭️  Skipped 1947766232449507: selector timeout, error: Page.wait_for_selector: Timeout 10000ms exceeded.

[2025-11-12 20:24:38,731] INFO:       ⏭️  Skipped 1580667719778744: selector timeout, error: Page.wait_for_selector: Timeout 10000ms exceeded.

[2025-11-12 20:24:48,738] INFO:       ⏭️  Skipped 2005787683540037: selector timeout, error: Page.wait_for_selector: Timeout 10000ms exceeded.

[2025-11-12 20:24:58,743] INFO:       ⏭️  Skipped 820043943962063: selector timeout, error: Page.wait_for_selector: Timeout 10000ms exceeded.

[2025-11-12 20:25:08,747] INFO:       ⏭️  Skipped 1368016338252688: selector timeout, error: Page.wait_for_selector: Timeout 10000ms exceeded.

[2025-11-12 20:25:18,756] INFO:       ⏭️  Skipped 1377635170643776: selector timeout, error: Page.wait_for_selector: Timeout 10000ms exceeded.

[2025-11-12 20:25:28,761] INFO:       ⏭️  Skipped 1951389322926735: selector timeout, error: Page.wait_for_selector: Timeout 10000ms exceeded.

[2025-11-12 20:25:38,764] INFO:       ⏭️  Skipped 2253659958393091: selector timeout, error: Page.wait_for_selector: Timeout 10000ms exceeded.

[2025-11-12 20:25:48,767] INFO:       ⏭️  Skipped 828966139833370: selector timeout, error: Page.wait_for_selector: Timeout 10000ms exceeded.

[2025-11-12 20:25:58,773] INFO:       ⏭️  Skipped 846624017875744: selector timeout, error: Page.wait_for_selector: Timeout 10000ms exceeded.

[2025-11-12 20:26:08,776] INFO:       ⏭️  Skipped 850131994638938: selector timeout, error: Page.wait_for_selector: Timeout 10000ms exceeded.

[2025-11-12 20:26:18,784] INFO:       ⏭️  Skipped 1380239786871615: selector timeout, error: Page.wait_for_selector: Timeout 10000ms exceeded.

[2025-11-12 20:26:28,791] INFO:       ⏭️  Skipped 2043500243052481: selector timeout, error: Page.wait_for_selector: Timeout 10000ms exceeded.

[2025-11-12 20:26:38,798] INFO:       ⏭️  Skipped 1145683171049317: selector timeout, error: Page.wait_for_selector: Timeout 10000ms exceeded.

[2025-11-12 20:26:48,803] INFO:       ⏭️  Skipped 1202197065150153: selector timeout, error: Page.wait_for_selector: Timeout 10000ms exceeded.

[2025-11-12 20:26:48,803] INFO:     🔄 Iteration 4
[2025-11-12 20:26:48,804] INFO:     ⚠️  No new items found. Attempt 1/3
[2025-11-12 20:26:48,804] INFO:     📜 Scrolling to bottom and waiting...
[2025-11-12 20:27:00,313] INFO:     🔄 Iteration 5
[2025-11-12 20:27:00,313] INFO:     ⚠️  No new items found. Attempt 2/3
[2025-11-12 20:27:00,313] INFO:     📜 Scrolling to bottom and waiting...
[2025-11-12 20:27:11,830] INFO:     🔄 Iteration 6
[2025-11-12 20:27:11,831] INFO:     ⚠️  No new items found. Attempt 3/3
[2025-11-12 20:27:11,831] INFO:     ❌ No new items after 3 attempts. Stopping.
[2025-11-12 20:27:11,831] INFO:   ⏳ Final wait for responses...
[2025-11-12 20:27:26,832] INFO: ✅ Scraped 24 items from London
[2025-11-12 20:27:26,835] INFO: 
================================================================================
[2025-11-12 20:27:26,835] INFO: ✅ SCRAPING COMPLETE!
[2025-11-12 20:27:26,835] INFO: 📊 Total unique listings scraped: 24
[2025-11-12 20:27:26,835] INFO: ================================================================================
[2025-11-12 20:27:27,077] INFO: Task completed successfully
