[2025-11-12 19:12:33,847] INFO: Task received by worker
[2025-11-12 19:12:33,853] INFO: Starting task: Facebook Marketplace Scraper
[2025-11-12 19:12:33,855] DEBUG: Input data: {
  "cities": [
    "london"
  ],
  "query": "Canon Printer Cartridge",
  "last_n_days": 7,
  "listings_per_city": 100
}
[2025-11-12 19:12:33,876] INFO: AADSASDASDASDASDASSDFSDFSDKFHSDKJFHKDSHKJHkjhjhkjhkj
[2025-11-12 19:12:33,879] INFO: Scraping 1 city(s): london
[2025-11-12 19:12:33,928] INFO: ================================================================================
[2025-11-12 19:12:33,929] INFO: 🚀 FACEBOOK MARKETPLACE SCRAPER
[2025-11-12 19:12:33,932] INFO: ================================================================================
[2025-11-12 19:12:33,932] INFO: 📋 Configuration:
[2025-11-12 19:12:33,934] INFO:    Query: "Canon Printer Cartridge"
[2025-11-12 19:12:33,935] INFO:    Cities: london
[2025-11-12 19:12:33,935] INFO:    Days: 7
[2025-11-12 19:12:33,937] INFO:    Listings per city: 100
[2025-11-12 19:12:33,938] INFO:    Cookies file: Facebook Marketplace Scraper - 149 (STARTED)
[2025-11-12 19:12:33,938] INFO: ================================================================================
[2025-11-12 19:12:40,341] INFO: 
🔐 LOGIN PROCESS
[2025-11-12 19:12:40,365] INFO: --------------------------------------------------------------------------------
[2025-11-12 19:12:40,517] INFO: ✅ Cookies loaded. Checking session...
[2025-11-12 19:12:56,721] INFO: ✅ Session is valid.
[2025-11-12 19:12:56,723] INFO: 
🌍 SCRAPING CITIES
[2025-11-12 19:12:56,726] INFO: --------------------------------------------------------------------------------
[2025-11-12 19:12:56,727] INFO: 
📍 City 1/1: London
[2025-11-12 19:12:56,727] INFO: --------------------------------------------------------------------------------
[2025-11-12 19:12:56,728] INFO: 🔗 URL: https://www.facebook.com/marketplace/london/search?daysSinceListed=7&sortBy=best_match&query=Canon%20Printer%20Cartridge
[2025-11-12 19:12:58,065] INFO: ⏳ Loading marketplace page...
[2025-11-12 19:13:01,003] INFO:   📄 HTML → 24 items
[2025-11-12 19:13:02,602] INFO:   ⏳ Scraping up to 100 listings...
[2025-11-12 19:13:17,623] INFO:     🔄 Iteration 1
[2025-11-12 19:13:17,629] INFO:     ✅ Found 24 new items. Total: 0/100 | Total unique: 33
[2025-11-12 19:13:18,528] INFO:       ⏭️  Skipped 25439726585661717: Duplicate
[2025-11-12 19:13:18,735] INFO:       ⏭️  Skipped 832326779395829: Duplicate
[2025-11-12 19:13:19,082] INFO:       ⏭️  Skipped 724021280062561: Duplicate
[2025-11-12 19:13:19,270] INFO:       ⏭️  Skipped 4200158923604827: Duplicate
[2025-11-12 19:13:19,543] INFO:       ⏭️  Skipped 1388820689325856: Duplicate
[2025-11-12 19:13:19,868] INFO:       ⏭️  Skipped 1409378457250684: Duplicate
[2025-11-12 19:13:20,128] INFO:       ⏭️  Skipped 2634536553592425: Duplicate
[2025-11-12 19:13:20,360] INFO:       ⏭️  Skipped 821587960580790: Duplicate
[2025-11-12 19:13:20,560] INFO:       ⏭️  Skipped 1554036418929335: Duplicate
[2025-11-12 19:13:20,743] INFO:       ⏭️  Skipped 805123005626129: Duplicate
[2025-11-12 19:13:20,883] INFO:       ⏭️  Skipped 1533404871411826: Duplicate
[2025-11-12 19:13:21,047] INFO:       ⏭️  Skipped 1165421041786090: Duplicate
[2025-11-12 19:13:21,177] INFO:       ⏭️  Skipped 932832663238117: Duplicate
[2025-11-12 19:13:21,335] INFO:       ⏭️  Skipped 867863309009116: Duplicate
[2025-11-12 19:13:21,489] INFO:       ⏭️  Skipped 1595795774739741: Duplicate
[2025-11-12 19:13:21,620] INFO:       ⏭️  Skipped 1802585840390656: Duplicate
[2025-11-12 19:13:21,819] INFO:       ⏭️  Skipped 1996643580893125: Duplicate
[2025-11-12 19:13:21,920] INFO:       ⏭️  Skipped 1332803175252000: Duplicate
[2025-11-12 19:13:22,102] INFO:       ⏭️  Skipped 804443662396158: Duplicate
[2025-11-12 19:13:22,319] INFO:       ⏭️  Skipped 1522001412469948: Duplicate
[2025-11-12 19:13:22,499] INFO:       ⏭️  Skipped 1343984273540151: Duplicate
[2025-11-12 19:13:22,647] INFO:       ⏭️  Skipped 2089559951820011: Duplicate
[2025-11-12 19:13:25,363] INFO:   📊 GraphQL → 24 items
[2025-11-12 19:13:28,663] INFO:       [23/24] Processed 1356698949235939... (1/100)
[2025-11-12 19:13:28,663] INFO:       Title: Epson Printer & Scanner includes 6+Ink Cartridges New | Price: 40.00
[2025-11-12 19:13:29,019] INFO:       ⏭️  Skipped 3237053193118320: Duplicate
[2025-11-12 19:13:29,020] INFO:     🔄 Iteration 2
[2025-11-12 19:13:29,021] INFO:     ✅ Found 24 new items. Total: 1/100 | Total unique: 34
[2025-11-12 19:13:29,284] INFO:       ⏭️  Skipped 25005585095737198: Duplicate
[2025-11-12 19:13:35,083] INFO:       [2/24] Processed 845592694592730... (2/100)
[2025-11-12 19:13:35,084] INFO:       Title: Cannon printer ink cartridges | Price: 25.00
[2025-11-12 19:13:41,026] INFO:       [3/24] Processed 649613181565539... (3/100)
[2025-11-12 19:13:41,027] INFO:       Title: Canon A3 Printer with Ink Cartridges - collect from Crowle | Price: 110.00
[2025-11-12 19:13:47,313] INFO:       [4/24] Processed 1397369008671703... (4/100)
[2025-11-12 19:13:47,313] INFO:       Title: Cannon ink cartridges | Price: 15.00
[2025-11-12 19:13:51,823] INFO:       [5/24] Processed 4079285479068173... (5/100)
[2025-11-12 19:13:51,824] INFO:       Title: 26 Printer Cartridges for Canon T5000 printers | Price: 10.00
[2025-11-12 19:13:59,172] INFO:       [6/24] Processed 811648921497685... (6/100)
[2025-11-12 19:13:59,173] INFO:       Title: Genuine canon 718 toner cartridges | Price: 195.00
[2025-11-12 19:14:05,904] INFO:       [7/24] Processed 842869248116020... (7/100)
[2025-11-12 19:14:05,905] INFO:       Title: Printer cartridges multiple colours | Price: 20.00
[2025-11-12 19:14:12,213] INFO:       [8/24] Processed 1161437302837830... (8/100)
[2025-11-12 19:14:12,214] INFO:       Title: Canon printer | Price: 20.00
[2025-11-12 19:14:18,407] INFO:       [9/24] Processed 25299163479699786... (9/100)
[2025-11-12 19:14:18,407] INFO:       Title: Canon Ink Cartridges | Price: 5.00
[2025-11-12 19:14:24,363] INFO:       [10/24] Processed 1907867313413066... (10/100)
[2025-11-12 19:14:24,364] INFO:       Title: Canon BJC80 printer scanner & ink cartridges | Price: 50.00
[2025-11-12 19:14:29,171] INFO:       [11/24] Processed 1712179912783068... (11/100)
[2025-11-12 19:14:29,171] INFO:       Title: Canon Printer Ink Cartridges | Price: 10.00
[2025-11-12 19:14:34,909] INFO:       [12/24] Processed 838917298497199... (12/100)
[2025-11-12 19:14:34,909] INFO:       Title: Canon Printer with ink cartridges included | Price: 30.00
[2025-11-12 19:14:38,621] INFO:       [13/24] Processed 1767010063866766... (13/100)
[2025-11-12 19:14:38,621] INFO:       Title: Canon Pixma Pro 10S colour A3+ professional printer. | Price: 200.00
[2025-11-12 19:14:42,349] INFO:       [14/24] Processed 1357479955762941... (14/100)
[2025-11-12 19:14:42,349] INFO:       Title: HP compatible printer ink cartridges | Price: 0.00
[2025-11-12 19:14:42,771] INFO:   📊 GraphQL → 23 items
[2025-11-12 19:14:47,363] INFO:       [15/24] Processed 2341519326336848... (15/100)
[2025-11-12 19:14:47,364] INFO:       Title: Canon MG5750 Wireless Printer/Copy/Scan (HALF PRICE) | Price: 100.00
[2025-11-12 19:14:52,987] INFO:       [16/24] Processed 24918229847834585... (16/100)
[2025-11-12 19:14:52,987] INFO:       Title: Great canon ts5351a with no ink cartridge (unboxed) | Price: 25.00
[2025-11-12 19:14:57,661] INFO:       [17/24] Processed 4364662043807658... (17/100)
[2025-11-12 19:14:57,662] INFO:       Title: Ink Cartridges from a canon printer collect LIttlehampton | Price: 3.00
[2025-11-12 19:15:02,206] INFO:       [18/24] Processed 1370910101214537... (18/100)
[2025-11-12 19:15:02,206] INFO:       Title: Canon ts5150 printer | Price: 30.00
[2025-11-12 19:15:07,765] INFO:       [19/24] Processed 2064374574376417... (19/100)
[2025-11-12 19:15:07,766] INFO:       Title: Canon Pixma ip6700D Photo Printer With New Ink Cartridges | Price: 20.00
[2025-11-12 19:15:13,437] INFO:       [20/24] Processed 802491352586788... (20/100)
[2025-11-12 19:15:13,437] INFO:       Title: Canon pixma colour cartridges | Price: 20.00
[2025-11-12 19:15:17,174] INFO:       [21/24] Processed 812162075012254... (21/100)
[2025-11-12 19:15:17,175] INFO:       Title: Photo printer | Price: 55.00
[2025-11-12 19:15:20,758] INFO:       [22/24] Processed 832862975878515... (22/100)
[2025-11-12 19:15:20,758] INFO:       Title: Remanufactured Ink Jet Cartridges Colour X2 546 XL suitable for Cannon Printer | Price: 25.00
[2025-11-12 19:15:24,374] INFO:       [23/24] Processed 1543534536553493... (23/100)
[2025-11-12 19:15:24,374] INFO:       Title: Canon Colour Cartridge (CL-513) 
New Original
No Posting - Collection Only
CASH ONLY AT DOOR | Price: 10.00
[2025-11-12 19:15:29,939] INFO:       [24/24] Processed 1362971471954146... (24/100)
[2025-11-12 19:15:29,940] INFO:       Title: Large canon printer | Price: 2000.00
[2025-11-12 19:15:29,940] INFO:     🔄 Iteration 3
[2025-11-12 19:15:29,940] INFO:     ✅ Found 23 new items. Total: 24/100 | Total unique: 57
[2025-11-12 19:15:39,951] INFO:       ⏭️  Skipped 1316724486435641: selector timeout, error: Page.wait_for_selector: Timeout 10000ms exceeded.

[2025-11-12 19:15:49,963] INFO:       ⏭️  Skipped 1888079798754394: selector timeout, error: Page.wait_for_selector: Timeout 10000ms exceeded.

[2025-11-12 19:15:59,969] INFO:       ⏭️  Skipped 827568980231457: selector timeout, error: Page.wait_for_selector: Timeout 10000ms exceeded.

[2025-11-12 19:16:09,975] INFO:       ⏭️  Skipped 826237803464638: selector timeout, error: Page.wait_for_selector: Timeout 10000ms exceeded.

[2025-11-12 19:16:19,978] INFO:       ⏭️  Skipped 1031578899093719: selector timeout, error: Page.wait_for_selector: Timeout 10000ms exceeded.

[2025-11-12 19:16:29,986] INFO:       ⏭️  Skipped 1344436397378512: selector timeout, error: Page.wait_for_selector: Timeout 10000ms exceeded.

[2025-11-12 19:16:39,992] INFO:       ⏭️  Skipped 1213075990872284: selector timeout, error: Page.wait_for_selector: Timeout 10000ms exceeded.

[2025-11-12 19:16:49,997] INFO:       ⏭️  Skipped 1947766232449507: selector timeout, error: Page.wait_for_selector: Timeout 10000ms exceeded.

[2025-11-12 19:17:00,005] INFO:       ⏭️  Skipped 1580667719778744: selector timeout, error: Page.wait_for_selector: Timeout 10000ms exceeded.

[2025-11-12 19:17:10,011] INFO:       ⏭️  Skipped 820043943962063: selector timeout, error: Page.wait_for_selector: Timeout 10000ms exceeded.

[2025-11-12 19:17:20,016] INFO:       ⏭️  Skipped 2005787683540037: selector timeout, error: Page.wait_for_selector: Timeout 10000ms exceeded.

[2025-11-12 19:17:30,023] INFO:       ⏭️  Skipped 846624017875744: selector timeout, error: Page.wait_for_selector: Timeout 10000ms exceeded.

[2025-11-12 19:17:40,029] INFO:       ⏭️  Skipped 695989156887288: selector timeout, error: Page.wait_for_selector: Timeout 10000ms exceeded.

[2025-11-12 19:17:50,037] INFO:       ⏭️  Skipped 1368016338252688: selector timeout, error: Page.wait_for_selector: Timeout 10000ms exceeded.

[2025-11-12 19:18:00,043] INFO:       ⏭️  Skipped 1380239786871615: selector timeout, error: Page.wait_for_selector: Timeout 10000ms exceeded.

[2025-11-12 19:18:10,048] INFO:       ⏭️  Skipped 1377635170643776: selector timeout, error: Page.wait_for_selector: Timeout 10000ms exceeded.

[2025-11-12 19:18:20,054] INFO:       ⏭️  Skipped 1951389322926735: selector timeout, error: Page.wait_for_selector: Timeout 10000ms exceeded.

[2025-11-12 19:18:30,059] INFO:       ⏭️  Skipped 850131994638938: selector timeout, error: Page.wait_for_selector: Timeout 10000ms exceeded.

[2025-11-12 19:18:40,065] INFO:       ⏭️  Skipped 828966139833370: selector timeout, error: Page.wait_for_selector: Timeout 10000ms exceeded.

[2025-11-12 19:18:50,071] INFO:       ⏭️  Skipped 2253659958393091: selector timeout, error: Page.wait_for_selector: Timeout 10000ms exceeded.

[2025-11-12 19:19:00,078] INFO:       ⏭️  Skipped 2043500243052481: selector timeout, error: Page.wait_for_selector: Timeout 10000ms exceeded.

[2025-11-12 19:19:10,085] INFO:       ⏭️  Skipped 690235447104618: selector timeout, error: Page.wait_for_selector: Timeout 10000ms exceeded.

[2025-11-12 19:19:20,091] INFO:       ⏭️  Skipped 1202197065150153: selector timeout, error: Page.wait_for_selector: Timeout 10000ms exceeded.

[2025-11-12 19:19:20,091] INFO:     🔄 Iteration 4
[2025-11-12 19:19:20,091] INFO:     ⚠️  No new items found. Attempt 1/3
[2025-11-12 19:19:20,091] INFO:     📜 Scrolling to bottom and waiting...
[2025-11-12 19:19:31,612] INFO:     🔄 Iteration 5
[2025-11-12 19:19:31,613] INFO:     ⚠️  No new items found. Attempt 2/3
[2025-11-12 19:19:31,613] INFO:     📜 Scrolling to bottom and waiting...
[2025-11-12 19:19:43,122] INFO:     🔄 Iteration 6
[2025-11-12 19:19:43,123] INFO:     ⚠️  No new items found. Attempt 3/3
[2025-11-12 19:19:43,123] INFO:     ❌ No new items after 3 attempts. Stopping.
[2025-11-12 19:19:43,123] INFO:   ⏳ Final wait for responses...
[2025-11-12 19:19:58,127] INFO: ✅ Scraped 24 items from London
[2025-11-12 19:19:58,127] INFO: 
================================================================================
[2025-11-12 19:19:58,127] INFO: ✅ SCRAPING COMPLETE!
[2025-11-12 19:19:58,136] INFO: 📊 Total unique listings scraped: 57
[2025-11-12 19:19:58,136] INFO: ================================================================================
[2025-11-12 19:19:58,453] INFO: Task completed successfully
