[2025-11-12 09:55:51,885] INFO: Task received by worker
[2025-11-12 09:55:51,886] INFO: Starting task: Facebook Marketplace Scraper
[2025-11-12 09:55:51,886] DEBUG: Input data: {
  "cities": [
    "berlin"
  ],
  "query": "Canon Printer Cartridge",
  "last_n_days": 7,
  "listings_per_city": 100
}
[2025-11-12 09:55:51,891] INFO: AADSASDASDASDASDASSDFSDFSDKFHSDKJFHKDSHKJHkjhjhkjhkj
[2025-11-12 09:55:51,891] INFO: Scraping 1 city(s): berlin
[2025-11-12 09:55:51,895] INFO: ================================================================================
[2025-11-12 09:55:51,896] INFO: 🚀 FACEBOOK MARKETPLACE SCRAPER
[2025-11-12 09:55:51,896] INFO: ================================================================================
[2025-11-12 09:55:51,896] INFO: 📋 Configuration:
[2025-11-12 09:55:51,897] INFO:    Query: "Canon Printer Cartridge"
[2025-11-12 09:55:51,897] INFO:    Cities: berlin
[2025-11-12 09:55:51,897] INFO:    Days: 7
[2025-11-12 09:55:51,897] INFO:    Listings per city: 100
[2025-11-12 09:55:51,897] INFO:    Cookies file: Facebook Marketplace Scraper - 132 (STARTED)
[2025-11-12 09:55:51,897] INFO: ================================================================================
[2025-11-12 09:55:54,480] INFO: 
🔐 LOGIN PROCESS
[2025-11-12 09:55:54,483] INFO: --------------------------------------------------------------------------------
[2025-11-12 09:55:54,670] ERROR: Task failed: argument should be a str or an os.PathLike object where __fspath__ returns a str, not 'FieldFile'
Traceback (most recent call last):
  File "/home/akhliddin/Desktop/ScriptifyBackend/apps/scripts/tasks.py", line 46, in execute_script_task
    result = scrape_facebook_marketplace(run, script, input_data, logger, writer)
             ^^^^^^^^^^^^^^^^^^^^^^^^^^^^^^^^^^^^^^^^^^^^^^^^^^^^^^^^^^^^^^^^^^^^
  File "/home/akhliddin/Desktop/ScriptifyBackend/venv/lib/python3.12/site-packages/celery/local.py", line 182, in __call__
    return self._get_current_object()(*a, **kw)
           ^^^^^^^^^^^^^^^^^^^^^^^^^^^^^^^^^^^^
  File "/home/akhliddin/Desktop/ScriptifyBackend/venv/lib/python3.12/site-packages/celery/app/trace.py", line 737, in __protected_call__
    return orig(self, *args, **kwargs)
           ^^^^^^^^^^^^^^^^^^^^^^^^^^^
  File "/home/akhliddin/Desktop/ScriptifyBackend/venv/lib/python3.12/site-packages/celery/app/task.py", line 411, in __call__
    return self.run(*args, **kwargs)
           ^^^^^^^^^^^^^^^^^^^^^^^^^
  File "/home/akhliddin/Desktop/ScriptifyBackend/apps/scripts/tasks.py", line 193, in scrape_facebook_marketplace
    return facebook_scraper.start_scraping()
           ^^^^^^^^^^^^^^^^^^^^^^^^^^^^^^^^^
  File "/home/akhliddin/Desktop/ScriptifyBackend/apps/scripts/facebook_scraper/facebook_scraper_main.py", line 166, in start_scraping
    return asyncio.run(self._async_main())
           ^^^^^^^^^^^^^^^^^^^^^^^^^^^^^^^
  File "/usr/lib/python3.12/asyncio/runners.py", line 194, in run
    return runner.run(main)
           ^^^^^^^^^^^^^^^^
  File "/usr/lib/python3.12/asyncio/runners.py", line 118, in run
    return self._loop.run_until_complete(task)
           ^^^^^^^^^^^^^^^^^^^^^^^^^^^^^^^^^^^
  File "/usr/lib/python3.12/asyncio/base_events.py", line 687, in run_until_complete
    return future.result()
           ^^^^^^^^^^^^^^^
  File "/home/akhliddin/Desktop/ScriptifyBackend/apps/scripts/facebook_scraper/facebook_scraper_main.py", line 98, in _async_main
    cookies_loaded = await load_cookies(context, self.script.cookies_file)
                     ^^^^^^^^^^^^^^^^^^^^^^^^^^^^^^^^^^^^^^^^^^^^^^^^^^^^^
  File "/home/akhliddin/Desktop/ScriptifyBackend/apps/scripts/facebook_scraper/utils.py", line 20, in load_cookies
    if not Path(path).exists():
           ^^^^^^^^^^
  File "/usr/lib/python3.12/pathlib.py", line 1164, in __init__
    super().__init__(*args)
  File "/usr/lib/python3.12/pathlib.py", line 373, in __init__
    raise TypeError(
TypeError: argument should be a str or an os.PathLike object where __fspath__ returns a str, not 'FieldFile'

