[2025-11-12 20:31:12,671] INFO: Task received by worker
[2025-11-12 20:31:12,672] INFO: Starting task: Facebook Marketplace Scraper
[2025-11-12 20:31:12,672] DEBUG: Input data: {
  "cities": [
    "london",
    "manchester"
  ],
  "query": "Canon Printer Cartridge",
  "last_n_days": 7,
  "listings_per_city": 100
}
[2025-11-12 20:31:12,673] INFO: AADSASDASDASDASDASSDFSDFSDKFHSDKJFHKDSHKJHkjhjhkjhkj
[2025-11-12 20:31:12,674] INFO: Scraping 2 city(s): london, manchester
[2025-11-12 20:31:12,674] INFO: ================================================================================
[2025-11-12 20:31:12,674] INFO: 🚀 FACEBOOK MARKETPLACE SCRAPER
[2025-11-12 20:31:12,674] INFO: ================================================================================
[2025-11-12 20:31:12,674] INFO: 📋 Configuration:
[2025-11-12 20:31:12,674] INFO:    Query: "Canon Printer Cartridge"
[2025-11-12 20:31:12,674] INFO:    Cities: london, manchester
[2025-11-12 20:31:12,674] INFO:    Days: 7
[2025-11-12 20:31:12,674] INFO:    Listings per city: 100
[2025-11-12 20:31:12,674] INFO:    Cookies file: Facebook Marketplace Scraper - 158 (STARTED)
[2025-11-12 20:31:12,675] INFO: ================================================================================
[2025-11-12 20:31:14,056] INFO: 
🔐 LOGIN PROCESS
[2025-11-12 20:31:14,058] INFO: --------------------------------------------------------------------------------
[2025-11-12 20:31:14,123] INFO: ✅ Cookies loaded. Checking session...
[2025-11-12 20:31:25,799] INFO: ✅ Session is valid.
[2025-11-12 20:31:25,799] INFO: 
🌍 SCRAPING CITIES
[2025-11-12 20:31:25,799] INFO: --------------------------------------------------------------------------------
[2025-11-12 20:31:25,799] INFO: 
📍 City 1/2: London
[2025-11-12 20:31:25,799] INFO: --------------------------------------------------------------------------------
[2025-11-12 20:31:25,799] INFO: 🔗 URL: https://www.facebook.com/marketplace/london/search?daysSinceListed=7&sortBy=best_match&query=Canon%20Printer%20Cartridge
[2025-11-12 20:31:25,932] INFO: ⏳ Loading marketplace page...
[2025-11-12 20:31:27,603] INFO:   📄 HTML → 24 items
[2025-11-12 20:31:27,604] INFO:   ⏳ Scraping up to 100 listings...
[2025-11-12 20:31:42,606] INFO:     🔄 Iteration 1
[2025-11-12 20:31:42,606] INFO:     ✅ Found 24 new items. Total: 0/100 | Total unique: 0
[2025-11-12 20:31:48,309] INFO:       [1/24] Processed 832326779395829... (1/100)
[2025-11-12 20:31:48,309] INFO:       Title: Canon printer | Price: 0.00
[2025-11-12 20:31:51,940] INFO:       [2/24] Processed 724021280062561... (2/100)
[2025-11-12 20:31:51,940] INFO:       Title: Genuine CANON ink cartridges for PIXMA printer (CLI-551/PGI-550) | Price: 22.00
[2025-11-12 20:31:57,488] INFO:       [3/24] Processed 25439726585661717... (3/100)
[2025-11-12 20:31:57,488] INFO:       Title: Canon Printer Cartridge Pixma 561 XL | Price: 15.00
[2025-11-12 20:32:01,106] INFO:       [4/24] Processed 2634536553592425... (4/100)
[2025-11-12 20:32:01,106] INFO:       Title: Canon Printer Cartridges | Price: 12.00
[2025-11-12 20:32:04,655] INFO:       [5/24] Processed 1388820689325856... (5/100)
[2025-11-12 20:32:04,655] INFO:       Title: Canon - EXV 34 printer cartridges All Colours PRICE PER CARTRIDGE £25 | Price: 25.00
[2025-11-12 20:32:10,161] INFO:       [6/24] Processed 4200158923604827... (6/100)
[2025-11-12 20:32:10,161] INFO:       Title: Canon 545 XL printer cartridge | Price: 10.00
[2025-11-12 20:32:13,804] INFO:       [7/24] Processed 804443662396158... (7/100)
[2025-11-12 20:32:13,804] INFO:       Title: 10x printer in cartridges. | Price: 20.00
[2025-11-12 20:32:18,396] INFO:       [8/24] Processed 1554036418929335... (8/100)
[2025-11-12 20:32:18,396] INFO:       Title: Canon Printer Cartridge XL 540 | Price: 15.00
[2025-11-12 20:32:22,962] INFO:       [9/24] Processed 1409378457250684... (9/100)
[2025-11-12 20:32:22,962] INFO:       Title: Canon SELPHY Square mini photo printer with brand new ink cartridge | Price: 90.00
[2025-11-12 20:32:27,453] INFO:       [10/24] Processed 821587960580790... (10/100)
[2025-11-12 20:32:27,453] INFO:       Title: 5 x Canon Pixma multipack printer cartridges | Price: 100.00
[2025-11-12 20:32:32,033] INFO:       [11/24] Processed 1802585840390656... (11/100)
[2025-11-12 20:32:32,033] INFO:       Title: Two Empty Ink Canon Printer Cartridges . (Collect Brentford Tw8 0de) | Price: 3.00
[2025-11-12 20:32:37,533] INFO:       [12/24] Processed 1533404871411826... (12/100)
[2025-11-12 20:32:37,533] INFO:       Title: Canon pixma printer and black ink cartridge | Price: 35.00
[2025-11-12 20:32:38,497] INFO:   📊 GraphQL → 24 items
[2025-11-12 20:32:41,070] INFO:       [13/24] Processed 805123005626129... (13/100)
[2025-11-12 20:32:41,070] INFO:       Title: Canon IPF6400 24” colour printer | Price: 0.00
[2025-11-12 20:32:45,604] INFO:       [14/24] Processed 867863309009116... (14/100)
[2025-11-12 20:32:45,604] INFO:       Title: FS: Brand New Sealed Genuine Canon Cartridge 312 Printer Black Toner for LBP3050 LBP3100 LBP3150 | Price: 20.00
[2025-11-12 20:32:49,221] INFO:       [15/24] Processed 1595795774739741... (15/100)
[2025-11-12 20:32:49,221] INFO:       Title: Canon Ink cartridges mixed bundle | Price: 350.00
[2025-11-12 20:32:54,939] INFO:       [16/24] Processed 932832663238117... (16/100)
[2025-11-12 20:32:54,939] INFO:       Title: Canon Pixma TS3355 Printer | Price: 20.00
[2025-11-12 20:32:59,418] INFO:       [17/24] Processed 1996643580893125... (17/100)
[2025-11-12 20:32:59,418] INFO:       Title: Canon imageprograf PRO-300 printer | Price: 200.00
[2025-11-12 20:33:03,935] INFO:       [18/24] Processed 1165421041786090... (18/100)
[2025-11-12 20:33:03,935] INFO:       Title: Ink Cartridges - Canon | Price: 10.00
[2025-11-12 20:33:07,563] INFO:       [19/24] Processed 1522001412469948... (19/100)
[2025-11-12 20:33:07,563] INFO:       Title: Canon Pixma MP495 Printer and Ink Cartridges | Price: 20.00
[2025-11-12 20:33:13,127] INFO:       [20/24] Processed 1332803175252000... (20/100)
[2025-11-12 20:33:13,128] INFO:       Title: Printer Ink Cartridges | Price: 5.00
[2025-11-12 20:33:16,657] INFO:       [21/24] Processed 3237053193118320... (21/100)
[2025-11-12 20:33:16,657] INFO:       Title: Cannon Ink Cartridges - free to collect | Price: 0.00
[2025-11-12 20:33:22,290] INFO:       [22/24] Processed 1343984273540151... (22/100)
[2025-11-12 20:33:22,290] INFO:       Title: Canon Printer Ink Cartridges x12 (All Black) | Price: 20.00
[2025-11-12 20:33:26,909] INFO:       [23/24] Processed 845592694592730... (23/100)
[2025-11-12 20:33:26,909] INFO:       Title: Cannon printer ink cartridges | Price: 25.00
[2025-11-12 20:33:31,507] INFO:       [24/24] Processed 2089559951820011... (24/100)
[2025-11-12 20:33:31,508] INFO:       Title: PRINTER CARTRIDGES | Price: 20.00
[2025-11-12 20:33:31,508] INFO:     🔄 Iteration 2
[2025-11-12 20:33:31,508] INFO:     ✅ Found 24 new items. Total: 24/100 | Total unique: 24
[2025-11-12 20:33:35,131] INFO:       [1/24] Processed 4308290512832118... (25/100)
[2025-11-12 20:33:35,131] INFO:       Title: Canon Printer - sat around a couple of years | Price: 2.00
[2025-11-12 20:33:38,744] INFO:       [2/24] Processed 1356698949235939... (26/100)
[2025-11-12 20:33:38,744] INFO:       Title: Epson Printer & Scanner includes 6+Ink Cartridges New | Price: 40.00
[2025-11-12 20:33:44,288] INFO:       [3/24] Processed 649613181565539... (27/100)
[2025-11-12 20:33:44,288] INFO:       Title: Canon A3 Printer with Ink Cartridges - collect from Crowle | Price: 110.00
[2025-11-12 20:33:48,955] INFO:       [4/24] Processed 4079285479068173... (28/100)
[2025-11-12 20:33:48,955] INFO:       Title: 26 Printer Cartridges for Canon T5000 printers | Price: 10.00
[2025-11-12 20:33:53,557] INFO:       [5/24] Processed 1907867313413066... (29/100)
[2025-11-12 20:33:53,558] INFO:       Title: Canon BJC80 printer scanner & ink cartridges | Price: 50.00
[2025-11-12 20:33:58,217] INFO:       [6/24] Processed 1161437302837830... (30/100)
[2025-11-12 20:33:58,217] INFO:       Title: Canon printer | Price: 20.00
[2025-11-12 20:34:02,731] INFO:       [7/24] Processed 1767010063866766... (31/100)
[2025-11-12 20:34:02,731] INFO:       Title: Canon Pixma Pro 10S colour A3+ professional printer. | Price: 200.00
[2025-11-12 20:34:06,276] INFO:       [8/24] Processed 811648921497685... (32/100)
[2025-11-12 20:34:06,276] INFO:       Title: Genuine canon 718 toner cartridges | Price: 195.00
[2025-11-12 20:34:09,825] INFO:       [9/24] Processed 25299163479699786... (33/100)
[2025-11-12 20:34:09,825] INFO:       Title: Canon Ink Cartridges | Price: 5.00
[2025-11-12 20:34:14,367] INFO:       [10/24] Processed 25005585095737198... (34/100)
[2025-11-12 20:34:14,367] INFO:       Title: Printer ink compatible with Canon cartridges 545 and 546. 5 BRAND NEW cartridges. | Price: 12.00
[2025-11-12 20:34:19,978] INFO:       [11/24] Processed 1712179912783068... (35/100)
[2025-11-12 20:34:19,978] INFO:       Title: Canon Printer Ink Cartridges | Price: 10.00
[2025-11-12 20:34:24,555] INFO:       [12/24] Processed 842869248116020... (36/100)
[2025-11-12 20:34:24,556] INFO:       Title: Printer cartridges multiple colours | Price: 20.00
[2025-11-12 20:34:30,207] INFO:       [13/24] Processed 4364662043807658... (37/100)
[2025-11-12 20:34:30,207] INFO:       Title: Ink Cartridges from a canon printer collect LIttlehampton | Price: 3.00
[2025-11-12 20:34:35,858] INFO:       [14/24] Processed 1357479955762941... (38/100)
[2025-11-12 20:34:35,858] INFO:       Title: HP compatible printer ink cartridges | Price: 0.00
[2025-11-12 20:34:39,352] INFO:       [15/24] Processed 24918229847834585... (39/100)
[2025-11-12 20:34:39,352] INFO:       Title: Great canon ts5351a with no ink cartridge (unboxed) | Price: 25.00
[2025-11-12 20:34:40,131] INFO:   📊 GraphQL → 24 items
[2025-11-12 20:34:45,051] INFO:       [16/24] Processed 802491352586788... (40/100)
[2025-11-12 20:34:45,052] INFO:       Title: Canon pixma colour cartridges | Price: 20.00
[2025-11-12 20:34:50,689] INFO:       [17/24] Processed 1397369008671703... (41/100)
[2025-11-12 20:34:50,689] INFO:       Title: Cannon ink cartridges | Price: 15.00
[2025-11-12 20:34:56,297] INFO:       [18/24] Processed 2064374574376417... (42/100)
[2025-11-12 20:34:56,297] INFO:       Title: Canon Pixma ip6700D Photo Printer With New Ink Cartridges | Price: 20.00
[2025-11-12 20:35:00,808] INFO:       [19/24] Processed 862355533027965... (43/100)
[2025-11-12 20:35:00,808] INFO:       Title: Canon printer | Price: 20.00
[2025-11-12 20:35:04,379] INFO:       [20/24] Processed 2341519326336848... (44/100)
[2025-11-12 20:35:04,379] INFO:       Title: Canon MG5750 Wireless Printer/Copy/Scan (HALF PRICE) | Price: 100.00
[2025-11-12 20:35:07,945] INFO:       [21/24] Processed 812162075012254... (45/100)
[2025-11-12 20:35:07,946] INFO:       Title: Photo printer | Price: 55.00
[2025-11-12 20:35:13,547] INFO:       [22/24] Processed 1898680017661508... (46/100)
[2025-11-12 20:35:13,547] INFO:       Title: Canon Multifunction Printer Scanner With Ink - £5 | Price: 5.00
[2025-11-12 20:35:18,174] INFO:       [23/24] Processed 1362971471954146... (47/100)
[2025-11-12 20:35:18,174] INFO:       Title: Large canon printer | Price: 2000.00
[2025-11-12 20:35:21,977] INFO:       [24/24] Processed 1370910101214537... (48/100)
[2025-11-12 20:35:21,977] INFO:       Title: Canon ts5150 printer | Price: 30.00
[2025-11-12 20:35:21,977] INFO:     🔄 Iteration 3
[2025-11-12 20:35:21,977] INFO:     ✅ Found 24 new items. Total: 48/100 | Total unique: 48
[2025-11-12 20:35:26,560] INFO:       [1/24] Processed 820176747282037... (49/100)
[2025-11-12 20:35:26,561] INFO:       Title: INK CARTRIDGES For Canon Printer  using 570 and 571 Cartridges | Price: 40.00
[2025-11-12 20:35:31,185] INFO:       [2/24] Processed 832862975878515... (50/100)
[2025-11-12 20:35:31,185] INFO:       Title: Remanufactured Ink Jet Cartridges Colour X2 546 XL suitable for Cannon Printer | Price: 25.00
[2025-11-12 20:35:36,775] INFO:       [3/24] Processed 792299093801756... (51/100)
[2025-11-12 20:35:36,775] INFO:       Title: Canon Printer MG3150 Colour Photo Printer Used working - no power lead no cartridges. | Price: 10.00
[2025-11-12 20:35:40,354] INFO:       [4/24] Processed 3266361300198687... (52/100)
[2025-11-12 20:35:40,354] INFO:       Title: Canon replacement colour ink | Price: 7.00
[2025-11-12 20:35:44,005] INFO:       [5/24] Processed 4400003950220063... (53/100)
[2025-11-12 20:35:44,005] INFO:       Title: Canon Printer | Price: 50.00
[2025-11-12 20:35:47,614] INFO:       [6/24] Processed 1346914177100437... (54/100)
[2025-11-12 20:35:47,615] INFO:       Title: Canon MP490 All-in-One Inkjet Printer + lots of ink cartridges | Price: 50.00
[2025-11-12 20:35:53,189] INFO:       [7/24] Processed 1107790084761646... (55/100)
[2025-11-12 20:35:53,189] INFO:       Title: Box of 25 Canon CLI-526 Cyan, Magenta, Yellow, and Key (Black) Printer Ink Cartridges | Price: 15.00
[2025-11-12 20:35:57,848] INFO:       [8/24] Processed 1543534536553493... (56/100)
[2025-11-12 20:35:57,848] INFO:       Title: Canon Colour Cartridge (CL-513) 
New Original
No Posting - Collection Only
CASH ONLY AT DOOR | Price: 10.00
[2025-11-12 20:36:03,462] INFO:       [9/24] Processed 835893242730509... (57/100)
[2025-11-12 20:36:03,462] INFO:       Title: Inkjet cartridges suitable for Canon printers | Price: 1.00
[2025-11-12 20:36:08,113] INFO:       [10/24] Processed 1117543573501424... (58/100)
[2025-11-12 20:36:08,113] INFO:       Title: CANON PF570/1 printer cartridges | Price: 10.00
[2025-11-12 20:36:12,734] INFO:       [11/24] Processed 2496756177372090... (59/100)
[2025-11-12 20:36:12,735] INFO:       Title: 4x 13ml C526 Ink Cartridges From Cartridge Save For Canon Printer | Price: 10.00
[2025-11-12 20:36:18,331] INFO:       [12/24] Processed 2254285295081869... (60/100)
[2025-11-12 20:36:18,331] INFO:       Title: Canon QY6-0082 Print head and ink cartridges | Price: 15.00
[2025-11-12 20:36:22,915] INFO:       [13/24] Processed 651067787942053... (61/100)
[2025-11-12 20:36:22,915] INFO:       Title: Genuine Epson ink cartridges | Price: 10.00
[2025-11-12 20:36:28,462] INFO:       [14/24] Processed 1881933909199971... (62/100)
[2025-11-12 20:36:28,462] INFO:       Title: Canon Pixma MX495 INKJET PRINTER | Price: 0.00
[2025-11-12 20:36:33,112] INFO:       [15/24] Processed 1463298951405998... (63/100)
[2025-11-12 20:36:33,112] INFO:       Title: Cannon printer cartridge | Price: 20.00
[2025-11-12 20:36:37,455] INFO:   📊 GraphQL → 23 items
[2025-11-12 20:36:38,864] INFO:       [16/24] Processed 819359297517915... (64/100)
[2025-11-12 20:36:38,865] INFO:       Title: Fantastic canon ts5151 with no ink cartridge | Price: 35.00
[2025-11-12 20:36:42,563] INFO:       [17/24] Processed 4227006190880224... (65/100)
[2025-11-12 20:36:42,563] INFO:       Title: Printer ink cartridges | Price: 2.00
[2025-11-12 20:36:47,182] INFO:       [18/24] Processed 837074238871635... (66/100)
[2025-11-12 20:36:47,182] INFO:       Title: Cannon fax machine/printer/photocopier | Price: 100.00
[2025-11-12 20:36:52,759] INFO:       [19/24] Processed 2349034075529669... (67/100)
[2025-11-12 20:36:52,759] INFO:       Title: Black & Colour refurbished Canon ink cartridges | Price: 15.00
[2025-11-12 20:36:57,427] INFO:       [20/24] Processed 1888079798754394... (68/100)
[2025-11-12 20:36:57,427] INFO:       Title: Canon Printer MG3650S with 2 black ink cartridges | Price: 40.00
[2025-11-12 20:37:00,941] INFO:       [21/24] Processed 827568980231457... (69/100)
[2025-11-12 20:37:00,941] INFO:       Title: Cannon MG3050 Printer / Scanner (with ink) | Price: 30.00
[2025-11-12 20:37:04,541] INFO:       [22/24] Processed 1342491731006530... (70/100)
[2025-11-12 20:37:04,541] INFO:       Title: Canon DCP J4120DW Colour Printer | Price: 40.00
[2025-11-12 20:37:10,274] INFO:       [23/24] Processed 785202961005297... (71/100)
[2025-11-12 20:37:10,274] INFO:       Title: HP Inkjet cartridge - Tri colour official | Price: 5.00
[2025-11-12 20:37:13,874] INFO:       [24/24] Processed 2283700612058112... (72/100)
[2025-11-12 20:37:13,874] INFO:       Title: Original new Canon 521 black ink cartridges cost £17 each selling for £5 | Price: 5.00
[2025-11-12 20:37:13,874] INFO:     🔄 Iteration 4
[2025-11-12 20:37:13,874] INFO:     ✅ Found 23 new items. Total: 72/100 | Total unique: 72
[2025-11-12 20:37:19,539] INFO:       [1/23] Processed 1344436397378512... (73/100)
[2025-11-12 20:37:19,539] INFO:       Title: Wilko printer cartridge canon CLI-571XL | Price: 10.00
[2025-11-12 20:37:23,205] INFO:       [2/23] Processed 25015282818100616... (74/100)
[2025-11-12 20:37:23,205] INFO:       Title: Canon Printer | Price: 10.00
[2025-11-12 20:37:26,788] INFO:       [3/23] Processed 1316724486435641... (75/100)
[2025-11-12 20:37:26,789] INFO:       Title: Canon Selphy Compact Photo Printer | Price: 95.00
[2025-11-12 20:37:31,420] INFO:       [4/23] Processed 1213075990872284... (76/100)
[2025-11-12 20:37:31,420] INFO:       Title: Wolfgray PGI 580XXL Printer Cartridges Compatible with Canon | Price: 10.00
[2025-11-12 20:37:37,046] INFO:       [5/23] Processed 826237803464638... (77/100)
[2025-11-12 20:37:37,046] INFO:       Title: Canon Pixma MG4250 4 in 1 Printer | Price: 35.00
[2025-11-12 20:37:41,647] INFO:       [6/23] Processed 1031578899093719... (78/100)
[2025-11-12 20:37:41,647] INFO:       Title: Printer, scanner, copier (Canon) & cartridges | Price: 20.00
[2025-11-12 20:37:47,494] INFO:       [7/23] Processed 695989156887288... (79/100)
[2025-11-12 20:37:47,494] INFO:       Title: Canon Printer Ink 550 PGBK XL | Price: 12.00
[2025-11-12 20:37:51,993] INFO:       [8/23] Processed 1041704031369989... (80/100)
[2025-11-12 20:37:51,993] INFO:       Title: Cannon printer/scanner | Price: 10.00
[2025-11-12 20:37:57,545] INFO:       [9/23] Processed 1947766232449507... (81/100)
[2025-11-12 20:37:57,545] INFO:       Title: Canon IP7250 pixima printer | Price: 20.00
[2025-11-12 20:38:03,206] INFO:       [10/23] Processed 1580667719778744... (82/100)
[2025-11-12 20:38:03,206] INFO:       Title: Cannon printer | Price: 55.00
[2025-11-12 20:38:07,819] INFO:       [11/23] Processed 2005787683540037... (83/100)
[2025-11-12 20:38:07,819] INFO:       Title: Canon printer MG2551S | Price: 40.00
[2025-11-12 20:38:13,388] INFO:       [12/23] Processed 820043943962063... (84/100)
[2025-11-12 20:38:13,388] INFO:       Title: Canon Printer Ink 551 Black XL | Price: 12.00
[2025-11-12 20:38:18,987] INFO:       [13/23] Processed 1368016338252688... (85/100)
[2025-11-12 20:38:18,987] INFO:       Title: Canon Pixma 560 black ink cartridge | Price: 10.00
[2025-11-12 20:38:22,606] INFO:       [14/23] Processed 1377635170643776... (86/100)
[2025-11-12 20:38:22,606] INFO:       Title: Printer Cannon LPB 2900i. Black and White | Price: 20.00
[2025-11-12 20:38:26,202] INFO:       [15/23] Processed 1951389322926735... (87/100)
[2025-11-12 20:38:26,202] INFO:       Title: A Yellow and a Cyan Canon Pixma 551 XL Ink Cartridges, new and unopened | Price: 15.00
[2025-11-12 20:38:29,816] INFO:       [16/23] Processed 2253659958393091... (88/100)
[2025-11-12 20:38:29,816] INFO:       Title: Canon Printer Ink 551 Black Standard | Price: 5.00
[2025-11-12 20:38:35,443] INFO:       [17/23] Processed 828966139833370... (89/100)
[2025-11-12 20:38:35,443] INFO:       Title: Canon PIXMA Wireless ink jet printer, MG3650s | Price: 25.00
[2025-11-12 20:38:39,085] INFO:       [18/23] Processed 846624017875744... (90/100)
[2025-11-12 20:38:39,085] INFO:       Title: Colour Direct Compatible Ink Cartridges Replacement for Canon PIXMA MG and TS series printers | Price: 15.00
[2025-11-12 20:38:43,735] INFO:       [19/23] Processed 850131994638938... (91/100)
[2025-11-12 20:38:43,735] INFO:       Title: Canon black ink 540 | Price: 15.00
[2025-11-12 20:38:47,541] INFO:       [20/23] Processed 1380239786871615... (92/100)
[2025-11-12 20:38:47,542] INFO:       Title: Ink cartridges for Canon printer. Not suitable for my printer. | Price: 10.00
[2025-11-12 20:38:53,090] INFO:       [21/23] Processed 2043500243052481... (93/100)
[2025-11-12 20:38:53,090] INFO:       Title: Canon pixma mx420 + genuine canon colour ink cartridge | Price: 25.00
[2025-11-12 20:38:57,734] INFO:       [22/23] Processed 1145683171049317... (94/100)
[2025-11-12 20:38:57,735] INFO:       Title: Printer - Canon Pixma ip7250 | Price: 50.00
[2025-11-12 20:39:02,529] INFO:       [23/23] Processed 1202197065150153... (95/100)
[2025-11-12 20:39:02,529] INFO:       Title: Laser Toner Cartridge HP | Price: 20.00
[2025-11-12 20:39:02,529] INFO:     🔄 Iteration 5
[2025-11-12 20:39:02,529] INFO:     ⚠️  No new items found. Attempt 1/3
[2025-11-12 20:39:02,529] INFO:     📜 Scrolling to bottom and waiting...
[2025-11-12 20:39:14,052] INFO:     🔄 Iteration 6
[2025-11-12 20:39:14,052] INFO:     ⚠️  No new items found. Attempt 2/3
[2025-11-12 20:39:14,052] INFO:     📜 Scrolling to bottom and waiting...
[2025-11-12 20:39:25,565] INFO:     🔄 Iteration 7
[2025-11-12 20:39:25,566] INFO:     ⚠️  No new items found. Attempt 3/3
[2025-11-12 20:39:25,567] INFO:     ❌ No new items after 3 attempts. Stopping.
[2025-11-12 20:39:25,567] INFO:   ⏳ Final wait for responses...
[2025-11-12 20:39:40,568] INFO: ✅ Scraped 95 items from London
[2025-11-12 20:39:40,568] INFO: 
📍 City 2/2: Manchester
[2025-11-12 20:39:40,568] INFO: --------------------------------------------------------------------------------
[2025-11-12 20:39:40,577] INFO: 🔗 URL: https://www.facebook.com/marketplace/manchester/search?daysSinceListed=7&sortBy=best_match&query=Canon%20Printer%20Cartridge
[2025-11-12 20:39:40,794] INFO: ⏳ Loading marketplace page...
[2025-11-12 20:39:42,772] INFO:   📄 HTML → 24 items
[2025-11-12 20:39:42,791] INFO:   ⏳ Scraping up to 100 listings...
[2025-11-12 20:39:57,797] INFO:     🔄 Iteration 1
[2025-11-12 20:39:57,797] INFO:     ✅ Found 24 new items. Total: 0/100 | Total unique: 95
[2025-11-12 20:39:57,909] INFO:       ⏭️  Skipped 804443662396158: Duplicate
[2025-11-12 20:39:57,975] INFO:       ⏭️  Skipped 1409378457250684: Duplicate
[2025-11-12 20:39:58,042] INFO:       ⏭️  Skipped 1388820689325856: Duplicate
[2025-11-12 20:39:58,109] INFO:       ⏭️  Skipped 821587960580790: Duplicate
[2025-11-12 20:39:58,225] INFO:       ⏭️  Skipped 2634536553592425: Duplicate
[2025-11-12 20:39:58,308] INFO:       ⏭️  Skipped 1533404871411826: Duplicate
[2025-11-12 20:39:58,408] INFO:       ⏭️  Skipped 1907867313413066: Duplicate
[2025-11-12 20:39:58,490] INFO:       ⏭️  Skipped 25439726585661717: Duplicate
[2025-11-12 20:39:58,555] INFO:       ⏭️  Skipped 4200158923604827: Duplicate
[2025-11-12 20:39:58,622] INFO:       ⏭️  Skipped 1595795774739741: Duplicate
[2025-11-12 20:39:58,692] INFO:       ⏭️  Skipped 1996643580893125: Duplicate
[2025-11-12 20:39:58,759] INFO:       ⏭️  Skipped 1165421041786090: Duplicate
[2025-11-12 20:39:58,826] INFO:       ⏭️  Skipped 805123005626129: Duplicate
[2025-11-12 20:40:00,504] INFO:   📊 GraphQL → 24 items
[2025-11-12 20:40:04,520] INFO:       [14/24] Processed 1808046583245508... (1/100)
[2025-11-12 20:40:04,520] INFO:       Title: Canon Pixma Ink Cartridges | Price: 150.00
[2025-11-12 20:40:04,580] INFO:       ⏭️  Skipped 1362971471954146: Duplicate
[2025-11-12 20:40:04,647] INFO:       ⏭️  Skipped 1554036418929335: Duplicate
[2025-11-12 20:40:04,705] INFO:       ⏭️  Skipped 724021280062561: Duplicate
[2025-11-12 20:40:04,788] INFO:       ⏭️  Skipped 3237053193118320: Duplicate
[2025-11-12 20:40:04,885] INFO:       ⏭️  Skipped 649613181565539: Duplicate
[2025-11-12 20:40:05,037] INFO:       ⏭️  Skipped 1343984273540151: Duplicate
[2025-11-12 20:40:05,103] INFO:       ⏭️  Skipped 1332803175252000: Duplicate
[2025-11-12 20:40:05,173] INFO:       ⏭️  Skipped 832326779395829: Duplicate
[2025-11-12 20:40:11,317] INFO:       [23/24] Processed 842753322033398... (2/100)
[2025-11-12 20:40:11,318] INFO:       Title: Canon Pixma MG2551S Printer + 2 Cartridges (Black and Colour) | Price: 25.00
[2025-11-12 20:40:11,381] INFO:       ⏭️  Skipped 2089559951820011: Duplicate
[2025-11-12 20:40:11,381] INFO:     🔄 Iteration 2
[2025-11-12 20:40:11,381] INFO:     ✅ Found 24 new items. Total: 2/100 | Total unique: 97
[2025-11-12 20:40:16,172] INFO:       [1/24] Processed 25115557958135469... (3/100)
[2025-11-12 20:40:16,172] INFO:       Title: Canon compatible ink cartridges | Price: 20.00
[2025-11-12 20:40:16,256] INFO:       ⏭️  Skipped 1356698949235939: Duplicate
[2025-11-12 20:40:16,353] INFO:       ⏭️  Skipped 867863309009116: Duplicate
[2025-11-12 20:40:16,433] INFO:       ⏭️  Skipped 1522001412469948: Duplicate
[2025-11-12 20:40:21,054] INFO:       [5/24] Processed 1596403328463194... (4/100)
[2025-11-12 20:40:21,054] INFO:       Title: Epson and Canon ink cartridges | Price: 25.00
[2025-11-12 20:40:21,217] INFO:       ⏭️  Skipped 811648921497685: Duplicate
[2025-11-12 20:40:21,362] INFO:       ⏭️  Skipped 25005585095737198: Duplicate
[2025-11-12 20:40:21,464] INFO:       ⏭️  Skipped 1767010063866766: Duplicate
[2025-11-12 20:40:21,562] INFO:       ⏭️  Skipped 1397369008671703: Duplicate
[2025-11-12 20:40:21,672] INFO:       ⏭️  Skipped 25299163479699786: Duplicate
[2025-11-12 20:40:21,862] INFO:       ⏭️  Skipped 4079285479068173: Duplicate
[2025-11-12 20:40:21,996] INFO:       ⏭️  Skipped 2064374574376417: Duplicate
[2025-11-12 20:40:22,243] INFO:       ⏭️  Skipped 4227006190880224: Duplicate
[2025-11-12 20:40:22,385] INFO:       ⏭️  Skipped 1357479955762941: Duplicate
[2025-11-12 20:40:22,489] INFO:       ⏭️  Skipped 1712179912783068: Duplicate
[2025-11-12 20:40:22,694] INFO:   📊 GraphQL → 24 items
[2025-11-12 20:40:22,987] INFO:       ⏭️  Skipped 1802585840390656: Duplicate
[2025-11-12 20:40:23,406] INFO:       ⏭️  Skipped 4400003950220063: Duplicate
[2025-11-12 20:40:23,521] INFO:       ⏭️  Skipped 4364662043807658: Duplicate
[2025-11-12 20:40:23,781] INFO:       ⏭️  Skipped 1117543573501424: Duplicate
[2025-11-12 20:40:23,949] INFO:   📊 GraphQL → 24 items
[2025-11-12 20:40:23,989] INFO:       ⏭️  Skipped 842869248116020: Duplicate
[2025-11-12 20:40:24,253] INFO:       ⏭️  Skipped 862355533027965: Duplicate
[2025-11-12 20:40:24,413] INFO:       ⏭️  Skipped 802491352586788: Duplicate
[2025-11-12 20:40:24,543] INFO:       ⏭️  Skipped 932832663238117: Duplicate
[2025-11-12 20:40:24,641] INFO:       ⏭️  Skipped 3266361300198687: Duplicate
[2025-11-12 20:40:24,642] INFO:     🔄 Iteration 3
[2025-11-12 20:40:24,642] INFO:     ✅ Found 48 new items. Total: 4/100 | Total unique: 99
[2025-11-12 20:40:24,827] INFO:       ⏭️  Skipped 1370910101214537: Duplicate
[2025-11-12 20:40:24,933] INFO:       ⏭️  Skipped 820176747282037: Duplicate
[2025-11-12 20:40:25,063] INFO:       ⏭️  Skipped 1346914177100437: Duplicate
[2025-11-12 20:40:25,250] INFO:       ⏭️  Skipped 792299093801756: Duplicate
[2025-11-12 20:40:25,369] INFO:       ⏭️  Skipped 832862975878515: Duplicate
[2025-11-12 20:40:25,491] INFO:       ⏭️  Skipped 651067787942053: Duplicate
[2025-11-12 20:40:25,606] INFO:       ⏭️  Skipped 812162075012254: Duplicate
[2025-11-12 20:40:25,692] INFO:       ⏭️  Skipped 845592694592730: Duplicate
[2025-11-12 20:40:25,799] INFO:       ⏭️  Skipped 1107790084761646: Duplicate
[2025-11-12 20:40:26,004] INFO:       ⏭️  Skipped 835893242730509: Duplicate
[2025-11-12 20:40:26,116] INFO:       ⏭️  Skipped 837074238871635: Duplicate
[2025-11-12 20:40:26,335] INFO:       ⏭️  Skipped 2496756177372090: Duplicate
[2025-11-12 20:40:26,547] INFO:       ⏭️  Skipped 2349034075529669: Duplicate
[2025-11-12 20:40:26,660] INFO:       ⏭️  Skipped 1543534536553493: Duplicate
[2025-11-12 20:40:26,788] INFO:       ⏭️  Skipped 1463298951405998: Duplicate
[2025-11-12 20:40:27,060] INFO:       ⏭️  Skipped 2254285295081869: Duplicate
[2025-11-12 20:40:27,333] INFO:       ⏭️  Skipped 24918229847834585: Duplicate
[2025-11-12 20:40:27,534] INFO:       ⏭️  Skipped 2341519326336848: Duplicate
[2025-11-12 20:40:28,001] INFO:       ⏭️  Skipped 1881933909199971: Duplicate
[2025-11-12 20:40:28,162] INFO:       ⏭️  Skipped 1342491731006530: Duplicate
[2025-11-12 20:40:28,383] INFO:       ⏭️  Skipped 25015282818100616: Duplicate
[2025-11-12 20:40:28,619] INFO:       ⏭️  Skipped 826237803464638: Duplicate
[2025-11-12 20:40:28,754] INFO:       ⏭️  Skipped 1888079798754394: Duplicate
[2025-11-12 20:40:29,133] INFO:       ⏭️  Skipped 1213075990872284: Duplicate
[2025-11-12 20:40:29,269] INFO:       ⏭️  Skipped 827568980231457: Duplicate
[2025-11-12 20:40:29,361] INFO:       ⏭️  Skipped 1041704031369989: Duplicate
[2025-11-12 20:40:29,464] INFO:       ⏭️  Skipped 4308290512832118: Duplicate
[2025-11-12 20:40:29,584] INFO:       ⏭️  Skipped 785202961005297: Duplicate
[2025-11-12 20:40:29,749] INFO:       ⏭️  Skipped 1580667719778744: Duplicate
[2025-11-12 20:40:29,842] INFO:       ⏭️  Skipped 2283700612058112: Duplicate
[2025-11-12 20:40:29,972] INFO:       ⏭️  Skipped 1316724486435641: Duplicate
[2025-11-12 20:40:30,061] INFO:       ⏭️  Skipped 1947766232449507: Duplicate
[2025-11-12 20:40:30,186] INFO:       ⏭️  Skipped 1161437302837830: Duplicate
[2025-11-12 20:40:30,262] INFO:       ⏭️  Skipped 819359297517915: Duplicate
[2025-11-12 20:40:30,381] INFO:       ⏭️  Skipped 1377635170643776: Duplicate
[2025-11-12 20:40:30,496] INFO:       ⏭️  Skipped 1031578899093719: Duplicate
[2025-11-12 20:40:30,631] INFO:       ⏭️  Skipped 2005787683540037: Duplicate
[2025-11-12 20:40:30,744] INFO:       ⏭️  Skipped 1368016338252688: Duplicate
[2025-11-12 20:40:30,843] INFO:       ⏭️  Skipped 695989156887288: Duplicate
[2025-11-12 20:40:30,989] INFO:       ⏭️  Skipped 1344436397378512: Duplicate
[2025-11-12 20:40:31,136] INFO:       ⏭️  Skipped 820043943962063: Duplicate
[2025-11-12 20:40:31,222] INFO:       ⏭️  Skipped 1951389322926735: Duplicate
[2025-11-12 20:40:31,325] INFO:       ⏭️  Skipped 2043500243052481: Duplicate
[2025-11-12 20:40:38,645] INFO:       [44/48] Processed 710944761533755... (5/100)
[2025-11-12 20:40:38,645] INFO:       Title: Printer - Canon - no cartridges- Pixma TS3350 | Price: 10.00
[2025-11-12 20:40:38,706] INFO:       ⏭️  Skipped 1380239786871615: Duplicate
[2025-11-12 20:40:38,795] INFO:       ⏭️  Skipped 850131994638938: Duplicate
[2025-11-12 20:40:38,853] INFO:       ⏭️  Skipped 828966139833370: Duplicate
[2025-11-12 20:40:38,920] INFO:       ⏭️  Skipped 1898680017661508: Duplicate
[2025-11-12 20:40:38,920] INFO:     🔄 Iteration 4
[2025-11-12 20:40:38,921] INFO:     ⚠️  No new items found. Attempt 1/3
[2025-11-12 20:40:38,921] INFO:     📜 Scrolling to bottom and waiting...
[2025-11-12 20:40:50,428] INFO:     🔄 Iteration 5
[2025-11-12 20:40:50,428] INFO:     ⚠️  No new items found. Attempt 2/3
[2025-11-12 20:40:50,428] INFO:     📜 Scrolling to bottom and waiting...
[2025-11-12 20:41:01,936] INFO:     🔄 Iteration 6
[2025-11-12 20:41:01,937] INFO:     ⚠️  No new items found. Attempt 3/3
[2025-11-12 20:41:01,937] INFO:     ❌ No new items after 3 attempts. Stopping.
[2025-11-12 20:41:01,937] INFO:   ⏳ Final wait for responses...
[2025-11-12 20:41:16,939] INFO: ✅ Scraped 5 items from Manchester
[2025-11-12 20:41:16,939] INFO: 
================================================================================
[2025-11-12 20:41:16,940] INFO: ✅ SCRAPING COMPLETE!
[2025-11-12 20:41:16,940] INFO: 📊 Total unique listings scraped: 100
[2025-11-12 20:41:16,940] INFO: ================================================================================
[2025-11-12 20:41:17,287] INFO: Task completed successfully
