[2025-11-12 10:45:15,490] INFO: Task received by worker
[2025-11-12 10:45:15,490] INFO: Starting task: Facebook Marketplace Scraper
[2025-11-12 10:45:15,491] DEBUG: Input data: {
  "cities": [
    "london"
  ],
  "query": "Canon Printer Cartridge",
  "last_n_days": 7,
  "listings_per_city": 100
}
[2025-11-12 10:45:15,495] INFO: AADSASDASDASDASDASSDFSDFSDKFHSDKJFHKDSHKJHkjhjhkjhkj
[2025-11-12 10:45:15,495] INFO: Scraping 1 city(s): london
[2025-11-12 10:45:15,497] INFO: ================================================================================
[2025-11-12 10:45:15,497] INFO: 🚀 FACEBOOK MARKETPLACE SCRAPER
[2025-11-12 10:45:15,497] INFO: ================================================================================
[2025-11-12 10:45:15,498] INFO: 📋 Configuration:
[2025-11-12 10:45:15,498] INFO:    Query: "Canon Printer Cartridge"
[2025-11-12 10:45:15,498] INFO:    Cities: london
[2025-11-12 10:45:15,498] INFO:    Days: 7
[2025-11-12 10:45:15,498] INFO:    Listings per city: 100
[2025-11-12 10:45:15,498] INFO:    Cookies file: Facebook Marketplace Scraper - 140 (STARTED)
[2025-11-12 10:45:15,499] INFO: ================================================================================
[2025-11-12 10:45:18,479] INFO: 
🔐 LOGIN PROCESS
[2025-11-12 10:45:18,481] INFO: --------------------------------------------------------------------------------
[2025-11-12 10:45:18,497] INFO: ✅ Cookies loaded. Checking session...
[2025-11-12 10:45:37,998] INFO: ✅ Session is valid.
[2025-11-12 10:45:37,999] INFO: 
🌍 SCRAPING CITIES
[2025-11-12 10:45:37,999] INFO: --------------------------------------------------------------------------------
[2025-11-12 10:45:37,999] INFO: 
📍 City 1/1: London
[2025-11-12 10:45:37,999] INFO: --------------------------------------------------------------------------------
[2025-11-12 10:45:37,999] INFO: 🔗 URL: https://www.facebook.com/marketplace/london/search?daysSinceListed=7&sortBy=best_match&query=Canon%20Printer%20Cartridge
[2025-11-12 10:45:38,276] INFO: ⏳ Loading marketplace page...
[2025-11-12 10:45:46,599] INFO:   ⏳ Scraping up to 100 listings...
[2025-11-12 10:45:47,078] INFO:   📄 HTML → 24 items
[2025-11-12 10:46:01,601] INFO:     🔄 Iteration 1
[2025-11-12 10:46:01,601] INFO:     ✅ Found 24 new items. Total: 0/100 | Total unique: 0
[2025-11-12 10:46:07,436] INFO:       [1/24] Processed 1388820689325856... (1/100)
[2025-11-12 10:46:07,436] INFO:       Title: Canon - EXV 34 printer cartridges All Colours PRICE PER CARTRIDGE £25 | Price: 25.00
[2025-11-12 10:46:12,278] INFO:       [2/24] Processed 1996643580893125... (2/100)
[2025-11-12 10:46:12,279] INFO:       Title: Canon imageprograf PRO-300 printer | Price: 200.00
[2025-11-12 10:46:17,809] INFO:       [3/24] Processed 2634536553592425... (3/100)
[2025-11-12 10:46:17,810] INFO:       Title: Canon Printer Cartridges | Price: 12.00
[2025-11-12 10:46:21,687] INFO:       [4/24] Processed 821587960580790... (4/100)
[2025-11-12 10:46:21,687] INFO:       Title: 5 x Canon Pixma multipack printer cartridges | Price: 100.00
[2025-11-12 10:46:25,186] INFO:       [5/24] Processed 1802585840390656... (5/100)
[2025-11-12 10:46:25,187] INFO:       Title: Two Empty Ink Canon Printer Cartridges . (Collect Brentford Tw8 0de) | Price: 3.00
[2025-11-12 10:46:28,800] INFO:       [6/24] Processed 25439726585661717... (6/100)
[2025-11-12 10:46:28,801] INFO:       Title: Canon Printer Cartridge Pixma 561 XL | Price: 15.00
[2025-11-12 10:46:33,524] INFO:       [7/24] Processed 1343984273540151... (7/100)
[2025-11-12 10:46:33,524] INFO:       Title: Canon Printer Ink Cartridges x12 (All Black) | Price: 20.00
[2025-11-12 10:46:37,221] INFO:       [8/24] Processed 1533404871411826... (8/100)
[2025-11-12 10:46:37,221] INFO:       Title: Canon pixma printer and black ink cartridge | Price: 35.00
[2025-11-12 10:46:42,769] INFO:       [9/24] Processed 3266361300198687... (9/100)
[2025-11-12 10:46:42,769] INFO:       Title: Canon replacement colour ink | Price: 7.00
[2025-11-12 10:46:47,520] INFO:       [10/24] Processed 1595795774739741... (10/100)
[2025-11-12 10:46:47,520] INFO:       Title: Canon Ink cartridges mixed bundle | Price: 350.00
[2025-11-12 10:46:52,252] INFO:       [11/24] Processed 1554036418929335... (11/100)
[2025-11-12 10:46:52,252] INFO:       Title: Canon Printer Cartridge XL 540 | Price: 15.00
[2025-11-12 10:46:57,869] INFO:       [12/24] Processed 867863309009116... (12/100)
[2025-11-12 10:46:57,869] INFO:       Title: FS: Brand New Sealed Genuine Canon Cartridge 312 Printer Black Toner for LBP3050 LBP3100 LBP3150 | Price: 20.00
[2025-11-12 10:47:03,222] INFO:       [13/24] Processed 1332803175252000... (13/100)
[2025-11-12 10:47:03,222] INFO:       Title: Printer Ink Cartridges | Price: 5.00
[2025-11-12 10:47:09,169] INFO:       [14/24] Processed 1522001412469948... (14/100)
[2025-11-12 10:47:09,169] INFO:       Title: Canon Pixma MP495 Printer and Ink Cartridges | Price: 20.00
[2025-11-12 10:47:14,920] INFO:       [15/24] Processed 805123005626129... (15/100)
[2025-11-12 10:47:14,920] INFO:       Title: Canon IPF6400 24” colour printer | Price: 0.00
[2025-11-12 10:47:20,553] INFO:       [16/24] Processed 3237053193118320... (16/100)
[2025-11-12 10:47:20,553] INFO:       Title: Cannon Ink Cartridges - free to collect | Price: 0.00
[2025-11-12 10:47:26,067] INFO:       [17/24] Processed 649613181565539... (17/100)
[2025-11-12 10:47:26,067] INFO:       Title: Canon A3 Printer with Ink Cartridges - collect from Crowle | Price: 110.00
[2025-11-12 10:47:31,649] INFO:       [18/24] Processed 1165421041786090... (18/100)
[2025-11-12 10:47:31,650] INFO:       Title: Ink Cartridges - Canon | Price: 10.00
[2025-11-12 10:47:37,299] INFO:       [19/24] Processed 1881933909199971... (19/100)
[2025-11-12 10:47:37,299] INFO:       Title: Canon Pixma MX495 INKJET PRINTER | Price: 0.00
[2025-11-12 10:47:41,166] INFO:       [20/24] Processed 1356698949235939... (20/100)
[2025-11-12 10:47:41,166] INFO:       Title: Epson Printer & Scanner includes 6+Ink Cartridges New | Price: 40.00
[2025-11-12 10:47:44,816] INFO:       [21/24] Processed 845592694592730... (21/100)
[2025-11-12 10:47:44,816] INFO:       Title: Cannon printer ink cartridges | Price: 25.00
[2025-11-12 10:47:48,565] INFO:       [22/24] Processed 1397369008671703... (22/100)
[2025-11-12 10:47:48,565] INFO:       Title: Cannon ink cartridges | Price: 15.00
[2025-11-12 10:47:53,168] INFO:       [23/24] Processed 25299163479699786... (23/100)
[2025-11-12 10:47:53,168] INFO:       Title: Canon Ink Cartridges | Price: 5.00
[2025-11-12 10:47:56,849] INFO:       [24/24] Processed 1712179912783068... (24/100)
[2025-11-12 10:47:56,849] INFO:       Title: Canon Printer Ink Cartridges | Price: 10.00
[2025-11-12 10:47:56,849] INFO:     🔄 Iteration 2
[2025-11-12 10:47:56,849] INFO:     ⚠️  No new items found. Attempt 1/2
[2025-11-12 10:47:56,849] INFO:     📜 Scrolling to bottom and waiting...
[2025-11-12 10:48:08,359] INFO:     🔄 Iteration 3
[2025-11-12 10:48:08,359] INFO:     ⚠️  No new items found. Attempt 2/2
[2025-11-12 10:48:08,360] INFO:     ❌ No new items after 2 attempts. Stopping.
[2025-11-12 10:48:08,360] INFO:   ⏳ Final wait for responses...
[2025-11-12 10:48:19,449] INFO:   📊 GraphQL → 21 items
[2025-11-12 10:48:23,361] INFO: ✅ Scraped 24 items from London
[2025-11-12 10:48:23,361] INFO: 
================================================================================
[2025-11-12 10:48:23,362] INFO: ✅ SCRAPING COMPLETE!
[2025-11-12 10:48:23,362] INFO: 📊 Total unique listings scraped: 24
[2025-11-12 10:48:23,362] INFO: ================================================================================
[2025-11-12 10:48:23,718] INFO: Task completed successfully
