[2025-11-12 10:42:26,613] INFO: Task received by worker
[2025-11-12 10:42:26,614] INFO: Starting task: Facebook Marketplace Scraper
[2025-11-12 10:42:26,615] DEBUG: Input data: {
  "cities": [
    "london"
  ],
  "query": "Canon Printer Cartridge",
  "last_n_days": 7,
  "listings_per_city": 100
}
[2025-11-12 10:42:26,623] INFO: AADSASDASDASDASDASSDFSDFSDKFHSDKJFHKDSHKJHkjhjhkjhkj
[2025-11-12 10:42:26,624] INFO: Scraping 1 city(s): london
[2025-11-12 10:42:26,626] INFO: ================================================================================
[2025-11-12 10:42:26,627] INFO: 🚀 FACEBOOK MARKETPLACE SCRAPER
[2025-11-12 10:42:26,627] INFO: ================================================================================
[2025-11-12 10:42:26,628] INFO: 📋 Configuration:
[2025-11-12 10:42:26,628] INFO:    Query: "Canon Printer Cartridge"
[2025-11-12 10:42:26,629] INFO:    Cities: london
[2025-11-12 10:42:26,630] INFO:    Days: 7
[2025-11-12 10:42:26,630] INFO:    Listings per city: 100
[2025-11-12 10:42:26,631] INFO:    Cookies file: Facebook Marketplace Scraper - 138 (STARTED)
[2025-11-12 10:42:26,631] INFO: ================================================================================
[2025-11-12 10:42:29,326] INFO: 
🔐 LOGIN PROCESS
[2025-11-12 10:42:29,327] INFO: --------------------------------------------------------------------------------
[2025-11-12 10:42:29,349] INFO: ✅ Cookies loaded. Checking session...
[2025-11-12 10:42:41,957] INFO: ✅ Session is valid.
[2025-11-12 10:42:41,958] INFO: 
🌍 SCRAPING CITIES
[2025-11-12 10:42:41,958] INFO: --------------------------------------------------------------------------------
[2025-11-12 10:42:41,958] INFO: 
📍 City 1/1: London
[2025-11-12 10:42:41,958] INFO: --------------------------------------------------------------------------------
[2025-11-12 10:42:41,958] INFO: 🔗 URL: https://www.facebook.com/marketplace/london/search?daysSinceListed=7&sortBy=best_match&query=Canon%20Printer%20Cartridge
[2025-11-12 10:42:42,307] INFO: ⏳ Loading marketplace page...
[2025-11-12 10:42:44,098] INFO:   📄 HTML → 24 items
[2025-11-12 10:42:44,379] INFO:   ⏳ Scraping up to 100 listings...
[2025-11-12 10:42:59,380] INFO:     🔄 Iteration 1
[2025-11-12 10:42:59,380] INFO:     ✅ Found 24 new items. Total: 0/100 | Total unique: 0
[2025-11-12 10:43:00,925] INFO:   ⏳ Scraping up to 100 listings...
[2025-11-12 10:43:15,928] INFO:     🔄 Iteration 1
[2025-11-12 10:43:15,928] INFO:     ✅ Found 23 new items. Total: 0/100 | Total unique: 1
[2025-11-12 10:43:18,234] INFO:   ⏳ Scraping up to 100 listings...
[2025-11-12 10:43:33,236] INFO:     🔄 Iteration 1
[2025-11-12 10:43:33,236] INFO:     ✅ Found 22 new items. Total: 0/100 | Total unique: 2
[2025-11-12 10:43:44,309] INFO: ❌ Failed to scrape London after retries. Error: clear_items() missing 1 required positional argument: 'logger'
[2025-11-12 10:43:44,310] INFO: 
================================================================================
[2025-11-12 10:43:44,310] INFO: ✅ SCRAPING COMPLETE!
[2025-11-12 10:43:44,310] INFO: 📊 Total unique listings scraped: 3
[2025-11-12 10:43:44,310] INFO: ================================================================================
[2025-11-12 10:43:44,703] INFO: Task completed successfully
