[2025-11-11 21:20:41,757] INFO: Task received by worker
[2025-11-11 21:20:41,758] INFO: Starting task: Facebook Marketplace Scraper
[2025-11-11 21:20:41,758] DEBUG: Input data: {
  "cities": [
    "cologne",
    "berlin"
  ],
  "query": "Canon Printer Cartridge",
  "last_n_days": 7,
  "listings_per_city": 100
}
[2025-11-11 21:20:41,762] INFO: AADSASDASDASDASDASSDFSDFSDKFHSDKJFHKDSHKJHkjhjhkjhkj
[2025-11-11 21:20:41,763] INFO: Scraping 2 city(s): cologne, berlin
[2025-11-11 21:20:41,765] INFO: ================================================================================
[2025-11-11 21:20:41,765] INFO: 🚀 FACEBOOK MARKETPLACE SCRAPER
[2025-11-11 21:20:41,765] INFO: ================================================================================
[2025-11-11 21:20:41,765] INFO: 📋 Configuration:
[2025-11-11 21:20:41,765] INFO:    Query: "Canon Printer Cartridge"
[2025-11-11 21:20:41,766] INFO:    Cities: cologne, berlin
[2025-11-11 21:20:41,766] INFO:    Days: 7
[2025-11-11 21:20:41,766] INFO:    Listings per city: 100
[2025-11-11 21:20:41,766] INFO:    Cookies file: Facebook Marketplace Scraper - 128 (STARTED)
[2025-11-11 21:20:41,766] INFO: ================================================================================
[2025-11-11 21:20:41,766] INFO: self.run.result_file_path
[2025-11-11 21:20:41,767] INFO: scripts_results/3/run_128.json
[2025-11-11 21:20:41,773] INFO: Task completed successfully
